[COT 2021-10-12 18:32:42] 76561199068832255: Set rain to 0 0 0
[COT 2021-10-12 18:32:42] 76561199068832255: Set storm to 0 0.8 4000
[COT 2021-10-12 18:32:42] 76561199068832255: Set fog to 0.0802015 0 0
[COT 2021-10-12 18:32:42] 76561199068832255: Set overcast to 0.84265 0 0
[COT 2021-10-12 18:32:42] 76561199068832255: Set the date to 2021/9/20 9:5
[COT 2021-10-12 18:32:42] 76561199068832255: Set wind to 9.24906 9.24906 1
[COT 2021-10-12 21:24:32] 76561199068832255: Set rain to 0 0 0
[COT 2021-10-12 21:24:32] 76561199068832255: Set storm to 0 0.8 4000
[COT 2021-10-12 21:24:32] 76561199068832255: Set fog to 0.0725859 0 0
[COT 2021-10-12 21:24:32] 76561199068832255: Set overcast to 0.648151 0 0
[COT 2021-10-12 21:24:32] 76561199068832255: Set the date to 2021/9/21 1:55
[COT 2021-10-12 21:24:32] 76561199068832255: Set wind to 8.57639 8.57639 1
[COT 2021-10-12 21:24:35] 76561199068832255: Set rain to 0 0 0
[COT 2021-10-12 21:24:35] 76561199068832255: Set storm to 0 0.8 4000
[COT 2021-10-12 21:24:35] 76561199068832255: Set fog to 0.0725859 0 0
[COT 2021-10-12 21:24:35] 76561199068832255: Set overcast to 0.648151 0 0
[COT 2021-10-12 21:24:35] 76561199068832255: Set the date to 2021/9/21 2:9
[COT 2021-10-12 21:24:35] 76561199068832255: Set wind to 8.57639 8.57639 1
[COT 2021-10-12 21:24:37] 76561199068832255: Set rain to 0 0 0
[COT 2021-10-12 21:24:37] 76561199068832255: Set storm to 0 0.8 4000
[COT 2021-10-12 21:24:37] 76561199068832255: Set fog to 0.0725859 0 0
[COT 2021-10-12 21:24:37] 76561199068832255: Set overcast to 0.648151 0 0
[COT 2021-10-12 21:24:37] 76561199068832255: Set the date to 2021/9/21 2:23
[COT 2021-10-12 21:24:37] 76561199068832255: Set wind to 8.57639 8.57639 1
[COT 2021-10-12 21:24:39] 76561199068832255: Set rain to 0 0 0
[COT 2021-10-12 21:24:39] 76561199068832255: Set storm to 0 0.8 4000
[COT 2021-10-12 21:24:39] 76561199068832255: Set fog to 0.0725859 0 0
[COT 2021-10-12 21:24:39] 76561199068832255: Set overcast to 0.648151 0 0
[COT 2021-10-12 21:24:39] 76561199068832255: Set the date to 2021/9/21 3:7
[COT 2021-10-12 21:24:39] 76561199068832255: Set wind to 8.57639 8.57639 1
[COT 2021-10-12 21:24:41] 76561199068832255: Set rain to 0 0 0
[COT 2021-10-12 21:24:41] 76561199068832255: Set storm to 0 0.8 4000
[COT 2021-10-12 21:24:41] 76561199068832255: Set fog to 0.0725859 0 0
[COT 2021-10-12 21:24:41] 76561199068832255: Set overcast to 0.648151 0 0
[COT 2021-10-12 21:24:41] 76561199068832255: Set the date to 2021/9/21 4:47
[COT 2021-10-12 21:24:41] 76561199068832255: Set wind to 8.57639 8.57639 1
[COT 2021-10-12 21:24:43] 76561199068832255: Set rain to 0 0 0
[COT 2021-10-12 21:24:43] 76561199068832255: Set storm to 0 0.8 4000
[COT 2021-10-12 21:24:43] 76561199068832255: Set fog to 0.0725859 0 0
[COT 2021-10-12 21:24:43] 76561199068832255: Set overcast to 0.648151 0 0
[COT 2021-10-12 21:24:43] 76561199068832255: Set the date to 2021/9/21 5:59
[COT 2021-10-12 21:24:43] 76561199068832255: Set wind to 8.57639 8.57639 1
