[COT 2021-09-21 02:56:25] 76561199068832255: Set rain to 0.31 0 0
[COT 2021-09-21 02:56:25] 76561199068832255: Set storm to 0.0961 0.8 4000
[COT 2021-09-21 02:56:25] 76561199068832255: Set fog to 0.0720101 0 0
[COT 2021-09-21 02:56:25] 76561199068832255: Set overcast to 0.850394 0 0
[COT 2021-09-21 02:56:25] 76561199068832255: Set the date to 2021/9/20 17:5
[COT 2021-09-21 02:56:25] 76561199068832255: Set wind to 12.2963 12.2963 1
[COT 2021-09-21 02:56:30] 76561199068832255: Set rain to 0.27 0 0
[COT 2021-09-21 02:56:30] 76561199068832255: Set storm to 0.0729 0.8 4000
[COT 2021-09-21 02:56:30] 76561199068832255: Set fog to 0.0720101 0 0
[COT 2021-09-21 02:56:30] 76561199068832255: Set overcast to 0.850394 0 0
[COT 2021-09-21 02:56:30] 76561199068832255: Set the date to 2021/9/20 17:5
[COT 2021-09-21 02:56:30] 76561199068832255: Set wind to 12.2963 12.2963 1
[COT 2021-09-21 02:56:34] 76561199068832255: Set rain to 0.23 0 0
[COT 2021-09-21 02:56:34] 76561199068832255: Set storm to 0.0529 0.8 4000
[COT 2021-09-21 02:56:34] 76561199068832255: Set fog to 0.0720101 0 0
[COT 2021-09-21 02:56:34] 76561199068832255: Set overcast to 0.850394 0 0
[COT 2021-09-21 02:56:34] 76561199068832255: Set the date to 2021/9/20 17:5
[COT 2021-09-21 02:56:34] 76561199068832255: Set wind to 12.2963 12.2963 1
[COT 2021-09-21 02:56:34] 76561199068832255: Set rain to 0.23 0 0
[COT 2021-09-21 02:56:34] 76561199068832255: Set storm to 0.0529 0.8 4000
[COT 2021-09-21 02:56:34] 76561199068832255: Set fog to 0.0720101 0 0
[COT 2021-09-21 02:56:34] 76561199068832255: Set overcast to 0.850394 0 0
[COT 2021-09-21 02:56:34] 76561199068832255: Set the date to 2021/9/20 17:5
[COT 2021-09-21 02:56:34] 76561199068832255: Set wind to 12.2963 12.2963 1
[COT 2021-09-21 02:56:38] 76561199068832255: Set rain to 0.19 0 0
[COT 2021-09-21 02:56:38] 76561199068832255: Set storm to 0.0361 0.8 4000
[COT 2021-09-21 02:56:38] 76561199068832255: Set fog to 0.0720101 0 0
[COT 2021-09-21 02:56:38] 76561199068832255: Set overcast to 0.850394 0 0
[COT 2021-09-21 02:56:38] 76561199068832255: Set the date to 2021/9/20 17:5
[COT 2021-09-21 02:56:38] 76561199068832255: Set wind to 12.2963 12.2963 1
[COT 2021-09-21 02:56:41] 76561199068832255: Set rain to 0.15 0 0
[COT 2021-09-21 02:56:41] 76561199068832255: Set storm to 0.0225 0.8 4000
[COT 2021-09-21 02:56:41] 76561199068832255: Set fog to 0.0720101 0 0
[COT 2021-09-21 02:56:41] 76561199068832255: Set overcast to 0.850394 0 0
[COT 2021-09-21 02:56:41] 76561199068832255: Set the date to 2021/9/20 17:5
[COT 2021-09-21 02:56:41] 76561199068832255: Set wind to 12.2963 12.2963 1
[COT 2021-09-21 02:56:44] 76561199068832255: Set rain to 0.1 0 0
[COT 2021-09-21 02:56:44] 76561199068832255: Set storm to 0.01 0.8 4000
[COT 2021-09-21 02:56:44] 76561199068832255: Set fog to 0.0720101 0 0
[COT 2021-09-21 02:56:44] 76561199068832255: Set overcast to 0.850394 0 0
[COT 2021-09-21 02:56:44] 76561199068832255: Set the date to 2021/9/20 17:5
[COT 2021-09-21 02:56:44] 76561199068832255: Set wind to 12.2963 12.2963 1
[COT 2021-09-21 02:56:47] 76561199068832255: Set rain to 0.05 0 0
[COT 2021-09-21 02:56:47] 76561199068832255: Set storm to 0.0025 0.8 4000
[COT 2021-09-21 02:56:47] 76561199068832255: Set fog to 0.0720101 0 0
[COT 2021-09-21 02:56:47] 76561199068832255: Set overcast to 0.850394 0 0
[COT 2021-09-21 02:56:47] 76561199068832255: Set the date to 2021/9/20 17:5
[COT 2021-09-21 02:56:47] 76561199068832255: Set wind to 12.2963 12.2963 1
[COT 2021-09-21 02:56:51] 76561199068832255: Set rain to 0 0 0
[COT 2021-09-21 02:56:51] 76561199068832255: Set storm to 0 0.8 4000
[COT 2021-09-21 02:56:51] 76561199068832255: Set fog to 0.0720101 0 0
[COT 2021-09-21 02:56:51] 76561199068832255: Set overcast to 0.850394 0 0
[COT 2021-09-21 02:56:51] 76561199068832255: Set the date to 2021/9/20 17:5
[COT 2021-09-21 02:56:51] 76561199068832255: Set wind to 12.2963 12.2963 1
[COT 2021-09-21 02:57:50] 76561199068832255: Teleported to <3912.452881, 226.180847, 14160.418945> [guid=beAnmBGCERVRWOfE1ErrMxuJEIdAAXqQtzh5es7GYEc=]
[COT 2021-09-21 03:10:21] 76561199068832255: Entered the Free Camera
[COT 2021-09-21 03:18:47] 76561199068832255: Spawned vehicle Gunter 2 (Hatchback_02) at <12245.146484, 92.836617, 10622.986328>
[COT 2021-09-21 03:18:58] 76561199068832255: Spawned vehicle Gunter 2 (Hatchback_02) at <12245.212891, 92.825790, 10624.950195>
[COT 2021-09-21 03:19:13] 76561199068832255: Spawned vehicle M3S Covered (Truck_01_Covered) at <12241.970703, 92.827057, 10629.352539>
[COT 2021-09-21 03:19:37] 76561199068832255: Spawned vehicle M3S Covered (Truck_01_Covered) at <12245.514648, 93.004562, 10630.663086>
[COT 2021-09-21 03:20:37] 76561199068832255: Spawned vehicle M3S Covered (Truck_01_Covered) at <12243.739258, 92.805084, 10638.418945>
[COT 2021-09-21 03:27:18] 76561199068832255: Spawned vehicle Gunter 2 (Hatchback_02) at <12246.604492, 92.811783, 10626.186523>
[COT 2021-09-21 03:31:24] 76561199068832255: Spawned vehicle Ada 4x4 (OffroadHatchback) at <12243.727539, 92.828575, 10625.913086>
[COT 2021-09-21 03:31:48] 76561199068832255: Spawned vehicle Sarka 120 (Sedan_02) at <12234.665039, 92.862099, 10627.786133>
[COT 2021-09-21 03:40:50] 76561199068832255: Spawned vehicle Olga 24 (CivilianSedan) at <12237.388672, 92.854050, 10628.852539>
[COT 2021-09-21 03:41:23] 76561199068832255: Spawned vehicle Ada 4x4 (OffroadHatchback) at <12237.388672, 92.856812, 10630.578125>
[COT 2021-09-21 03:41:34] 76561199068832255: Spawned vehicle Gunter 2 (Hatchback_02) at <12237.180664, 92.858727, 10630.353516>
[COT 2021-09-21 03:42:59] 76561199068832255: Spawned vehicle M3S Covered (Truck_01_Covered) at <12245.761719, 92.788132, 10639.321289>
[COT 2021-09-21 03:46:00] 76561199068832255: ESP: Viewing ESP
[COT 2021-09-21 03:46:07] 76561199068832255: ESP: Clearing ESP
[COT 2021-09-21 03:46:07] 76561199068832255: ESP: Viewing ESP
[COT 2021-09-21 03:46:11] 76561199068832255: ESP: Clearing ESP
[COT 2021-09-21 03:46:49] 76561199068832255: ESP: Viewing ESP
[COT 2021-09-21 03:47:23] 76561199068832255: ESP: Clearing ESP
[COT 2021-09-21 03:47:45] 76561199068832255: ESP: Viewing ESP
[COT 2021-09-21 03:49:23] 76561199068832255: ESP: Clearing ESP
[COT 2021-09-21 03:51:02] 76561199068832255: ESP: Viewing ESP
[COT 2021-09-21 03:51:38] 76561199068832255: ESP: Clearing ESP
[COT 2021-09-21 03:51:40] 76561199068832255: ESP: ESP updating
[COT 2021-09-21 03:51:53] 76561199068832255: ESP: Clearing ESP
[COT 2021-09-21 04:02:35] 76561199068832255: Left the Free Camera
[COT 2021-09-21 04:12:03] 76561199068832255: Teleported [guid=3ME95pIRGGUdNE2xTcMF00hHXo_3M4iMBVKI7FkLZo0=] to <12228.758789, 22.136992, 14272.577148>
[COT 2021-09-21 04:13:13] 76561199068832255: Teleported [guid=3ME95pIRGGUdNE2xTcMF00hHXo_3M4iMBVKI7FkLZo0=] to <12246.159180, 24.569899, 14266.981445>
[COT 2021-09-21 04:13:29] 76561199068832255: Teleported [guid=3ME95pIRGGUdNE2xTcMF00hHXo_3M4iMBVKI7FkLZo0=] to <12234.324219, 22.197662, 14272.593750>
[COT 2021-09-21 04:16:28] 76561199068832255: Teleported [guid=3ME95pIRGGUdNE2xTcMF00hHXo_3M4iMBVKI7FkLZo0=] to <12214.599609, 93.631653, 10623.099609>
