[COT 2021-10-06 20:34:28] 76561199068832255: Entered the Free Camera
[COT 2021-10-06 20:34:30] 76561199068832255: Left the Free Camera
[COT 2021-10-06 20:39:37] 76561199068832255: ESP: Viewing ESP
[COT 2021-10-06 20:39:39] 76561199068832255: ESP target=TerritoryFlag<94368d0> action=built part=support required_materials=false
[COT 2021-10-06 20:39:40] 76561199068832255: ESP target=TerritoryFlag<94368d0> action=built part=support required_materials=false
[COT 2021-10-06 20:39:41] 76561199068832255: ESP target=TerritoryFlag<94368d0> action=built part=support required_materials=false
[COT 2021-10-06 20:39:42] 76561199068832255: ESP target=TerritoryFlag<94368d0> action=built part=pole required_materials=false
[COT 2021-10-06 20:40:55] 76561199068832255: ESP: Clearing ESP
[COT 2021-10-06 20:40:58] 76561199068832255: ESP: Viewing ESP
[COT 2021-10-06 20:41:00] 76561199068832255: ESP target=TerritoryFlag<1ce2e350> action=built part=base required_materials=false
[COT 2021-10-06 20:41:01] 76561199068832255: ESP target=TerritoryFlag<1ce2e350> action=built part=support required_materials=false
[COT 2021-10-06 20:41:03] 76561199068832255: ESP target=TerritoryFlag<1ce2e350> action=built part=pole required_materials=false
[COT 2021-10-06 20:45:37] 76561199068832255: ESP: Clearing ESP
[COT 2021-10-06 20:45:39] 76561199068832255: ESP: Viewing ESP
[COT 2021-10-06 20:45:43] 76561199068832255: ESP target=TerritoryFlag<f41d70> action=built part=support required_materials=false
[COT 2021-10-06 20:45:45] 76561199068832255: ESP target=TerritoryFlag<f41d70> action=built part=pole required_materials=false
[COT 2021-10-06 20:49:45] 76561199068832255: Entered the Free Camera
[COT 2021-10-06 20:51:00] 76561199068832255: Left the Free Camera
[COT 2021-10-06 21:42:43] 76561199068832255: ESP: Clearing ESP
[COT 2021-10-06 21:42:44] 76561199068832255: ESP: Viewing ESP
[COT 2021-10-06 21:42:45] 76561199068832255: ESP: Clearing ESP
[COT 2021-10-06 21:42:47] 76561199068832255: ESP: Viewing ESP
[COT 2021-10-06 21:42:50] 76561199068832255: ESP target=TerritoryFlag<4fc4b60> action=built part=support required_materials=false
[COT 2021-10-06 21:42:53] 76561199068832255: ESP target=TerritoryFlag<4fc4b60> action=built part=pole required_materials=false
[COT 2021-10-06 21:44:04] 76561199068832255: ESP: Clearing ESP
[COT 2021-10-06 21:46:17] 76561199068832255: Stripped [guid=UYRRa-F5_-MtkOHub98pENKglKsLALLRB6hjWAKvLGc=]
[COT 2021-10-06 21:47:16] 76561199068832255: Entered the Free Camera
[COT 2021-10-06 21:47:16] 76561199068832255: Left the Free Camera
