2021-10-23 @ 06-36-16:  [AirdropPlane] Aircraft created on 2021-10-23 @ 06-36-16
2021-10-23 @ 06-36-16:  [InitializeAircraft] Aircraft Initialized: Player Called @ 8089.41/10462.4 (false)
2021-10-23 @ 06-36-20:  [EOnSpawnZombies] Zombie Spawned [1] ZmbM_PatrolNormal_Flat @ <8054.827148, 338.818115, 10487.632813> ... Lifespan:  Set to 40 minutes.
2021-10-23 @ 06-36-24:  [EOnSpawnZombies] Zombie Spawned [2] ZmbM_HandymanNormal_Blue @ <8042.875000, 339.617523, 10465.583984> ... Lifespan:  Set to 40 minutes.
2021-10-23 @ 06-36-28:  [EOnSpawnZombies] Zombie Spawned [3] Animal_CanisLupus_Grey @ <8072.879883, 343.613678, 10471.455078> ... Lifespan:  Set to 40 minutes.
2021-10-23 @ 06-36-31:  [EOnSpawnZombies] Zombie Spawned [4] ZmbM_HandymanNormal_Green @ <8116.421387, 345.170807, 10476.509766> ... Lifespan:  Set to 40 minutes.
2021-10-23 @ 06-36-35:  [EOnSpawnZombies] Zombie Spawned [5] ZmbM_FishermanOld_Blue @ <8053.630859, 350.068024, 10428.774414> ... Lifespan:  Set to 40 minutes.
2021-10-23 @ 06-36-39:  [EOnSpawnZombies] Spawn failed for zombie [6] 'ZmbM_SurvivorDean_Black', does not exist in DayZ!
2021-10-23 @ 06-36-43:  [EOnSpawnZombies] Zombie Spawned [7] ZmbM_PatrolNormal_Flat @ <8054.423340, 338.828400, 10486.843750> ... Lifespan:  Set to 40 minutes.
2021-10-23 @ 06-36-47:  [EOnSpawnZombies] Zombie Spawned [8] ZmbM_PatrolNormal_Summer @ <8131.043945, 350.155579, 10458.528320> ... Lifespan:  Set to 40 minutes.
2021-10-23 @ 06-36-51:  [EOnSpawnZombies] Zombie Spawned [9] ZmbM_Jacket_khaki @ <8091.632813, 350.972839, 10453.957031> ... Lifespan:  Set to 40 minutes.
2021-10-23 @ 06-36-55:  [EOnSpawnZombies] Zombie Spawned [10] Animal_CanisLupus_Grey @ <8080.273438, 349.917633, 10452.191406> ... Lifespan:  Set to 40 minutes.
2021-10-23 @ 06-36-59:  [EOnSpawnZombies] Zombie Spawned [11] ZmbF_PoliceWomanNormal @ <8063.746094, 339.194061, 10482.113281> ... Lifespan:  Set to 40 minutes.
2021-10-23 @ 06-37-02:  [EOnSpawnZombies] Zombie Spawned [12] ZmbM_ClerkFat_White @ <8094.431152, 348.147766, 10465.172852> ... Lifespan:  Set to 40 minutes.
2021-10-23 @ 06-37-06:  [EOnSpawnZombies] Zombie Spawned [13] ZmbM_PatrolNormal_PautRev @ <8101.240234, 359.226105, 10426.655273> ... Lifespan:  Set to 40 minutes.
2021-10-23 @ 06-37-10:  [EOnSpawnZombies] Zombie Spawned [14] ZmbF_JoggerSkinny_Brown @ <8098.019531, 349.067871, 10462.739258> ... Lifespan:  Set to 40 minutes.
2021-10-23 @ 06-37-14:  [EOnSpawnZombies] Zombie Spawned [15] Animal_CanisLupus_White @ <8088.464844, 349.896698, 10456.523438> ... Lifespan:  Set to 40 minutes.
2021-10-23 @ 06-37-18:  [EOnSpawnZombies] Zombie Spawned [16] ZmbM_MechanicSkinny_Red @ <8077.678223, 348.112152, 10457.772461> ... Lifespan:  Set to 40 minutes.
2021-10-23 @ 06-37-22:  [EOnSpawnZombies] Zombie Spawned [17] Animal_CanisLupus_White @ <8077.294922, 352.693787, 10439.036133> ... Lifespan:  Set to 40 minutes.
2021-10-23 @ 06-37-26:  [EOnSpawnZombies] Zombie Spawned [18] ZmbF_HikerSkinny_Blue @ <8069.361816, 345.828156, 10461.382813> ... Lifespan:  Set to 40 minutes.
2021-10-23 @ 06-37-29:  [EOnSpawnZombies] Zombie Spawned [19] ZmbM_FishermanOld_Blue @ <8097.356934, 344.944855, 10477.826172> ... Lifespan:  Set to 40 minutes.
2021-10-23 @ 06-37-33:  [EOnSpawnZombies] Zombie Spawned [20] ZmbF_MilkMaidOld_Grey @ <8101.755859, 344.636719, 10479.500977> ... Lifespan:  Set to 40 minutes.
2021-10-23 @ 06-37-37:  [EOnSpawnZombies] Zombie Spawned [21] ZmbM_CitizenASkinny_Brown @ <8102.757324, 348.701721, 10464.948242> ... Lifespan:  Set to 40 minutes.
2021-10-23 @ 06-37-41:  [EOnSpawnZombies] Zombie Spawned [22] ZmbM_Jacket_brown @ <8080.918945, 353.015289, 10440.311523> ... Lifespan:  Set to 40 minutes.
2021-10-23 @ 06-37-45:  [EOnSpawnZombies] Zombie Spawned [23] Animal_CanisLupus_Grey @ <8073.735840, 345.510712, 10464.906250> ... Lifespan:  Set to 40 minutes.
2021-10-23 @ 06-37-49:  [EOnSpawnZombies] Zombie Spawned [24] ZmbM_SoldierNormal @ <8075.076660, 344.708832, 10469.145508> ... Lifespan:  Set to 40 minutes.
2021-10-23 @ 06-37-53:  [EOnSpawnZombies] Zombie Spawned [25] Animal_CanisLupus_White @ <8105.292480, 352.675537, 10452.044922> ... Lifespan:  Set to 40 minutes.
2021-10-23 @ 06-37-56:  [EOnSpawnZombies] Zombie Spawned [26] ZmbM_PatrolNormal_PautRev @ <8098.934082, 344.993896, 10477.910156> ... Lifespan:  Set to 40 minutes.
2021-10-23 @ 06-37-59:  [EOnBeforeDrop] The Aircraft is 1 Km from called location, from the East (068°). @ <9012.748047, 420.357117, 10845.248047>
2021-10-23 @ 06-38-00:  [EOnSpawnZombies] Zombie Spawned [27] ZmbM_DoctorFat @ <8097.804199, 353.966614, 10445.543945> ... Lifespan:  Set to 40 minutes.
2021-10-23 @ 06-38-04:  [EOnSpawnZombies] Zombie Spawned [28] ZmbM_PatrolNormal_PautRev @ <8048.213379, 346.225372, 10441.796875> ... Lifespan:  Set to 40 minutes.
2021-10-23 @ 06-38-08:  [EOnSpawnZombies] Zombie Spawned [29] ZmbF_ShortSkirt_beige @ <8077.766602, 348.138947, 10457.716797> ... Lifespan:  Set to 40 minutes.
2021-10-23 @ 06-38-11:  [EOnDrop] Drop spawned with 30 infected at <8174.188477, 460.088043, 10500.091797>.
2021-10-23 @ 06-38-11:  [EOnDrop] Supplies have been dropped near the player's location.
2021-10-23 @ 06-40-19:  [EOnBeforeDelete] Aircraft despawned @ <-1001.186157, 371.240387, 6721.489258>
2021-10-23 @ 06-40-19:  [~AirdropPlane] Aircraft destroyed.
