2021-10-23 @ 04-03-09:  [AirdropPlane] Aircraft created on 2021-10-23 @ 04-03-09
2021-10-23 @ 04-03-09:  [InitializeAircraft] Aircraft Initialized: Novodmitrovsk @ 11125/14040 (true)
2021-10-23 @ 04-03-15:  [EOnSpawnZombies] Zombie Spawned [1] ZmbF_ParamedicNormal_Red @ <11129.057617, 96.530251, 14034.301758> ... Lifespan:  Set to 40 minutes.
2021-10-23 @ 04-03-21:  [EOnSpawnZombies] Zombie Spawned [2] ZmbM_CitizenASkinny_Grey @ <11100.880859, 106.256233, 14017.880859> ... Lifespan:  Set to 40 minutes.
2021-10-23 @ 04-03-27:  [EOnSpawnZombies] Zombie Spawned [3] ZmbF_ShortSkirt_beige @ <11138.747070, 93.615135, 14038.693359> ... Lifespan:  Set to 40 minutes.
2021-10-23 @ 04-03-33:  [EOnSpawnZombies] Zombie Spawned [4] ZmbF_ShortSkirt_stripes @ <11076.361328, 101.595642, 14032.465820> ... Lifespan:  Set to 40 minutes.
2021-10-23 @ 04-03-39:  [EOnSpawnZombies] Zombie Spawned [5] ZmbM_PatrolNormal_Flat @ <11139.184570, 89.282600, 14054.055664> ... Lifespan:  Set to 40 minutes.
2021-10-23 @ 04-03-45:  [EOnSpawnZombies] Zombie Spawned [6] ZmbM_CitizenBFat_Blue @ <11122.249023, 101.547722, 14023.418945> ... Lifespan:  Set to 40 minutes.
2021-10-23 @ 04-03-51:  [EOnSpawnZombies] Zombie Spawned [7] ZmbM_CitizenASkinny_Grey @ <11109.737305, 96.213997, 14042.767578> ... Lifespan:  Set to 40 minutes.
2021-10-23 @ 04-03-57:  [EOnSpawnZombies] Zombie Spawned [8] ZmbM_PatrolNormal_Autumn @ <11090.377930, 96.790131, 14041.804688> ... Lifespan:  Set to 40 minutes.
2021-10-23 @ 04-04-03:  [EOnSpawnZombies] Zombie Spawned [9] ZmbM_Jacket_blue @ <11122.269531, 78.283562, 14082.414063> ... Lifespan:  Set to 40 minutes.
2021-10-23 @ 04-04-09:  [EOnSpawnZombies] Zombie Spawned [10] ZmbF_ParamedicNormal_Red @ <11116.626953, 82.965736, 14069.119141> ... Lifespan:  Set to 40 minutes.
2021-10-23 @ 04-04-15:  [EOnSpawnZombies] Zombie Spawned [11] ZmbM_SkaterYoung_Brown @ <11133.161133, 78.771111, 14083.107422> ... Lifespan:  Set to 40 minutes.
2021-10-23 @ 04-04-21:  [EOnSpawnZombies] Zombie Spawned [12] ZmbM_CitizenASkinny_Grey @ <11126.023438, 92.439056, 14046.456055> ... Lifespan:  Set to 40 minutes.
2021-10-23 @ 04-04-27:  [EOnSpawnZombies] Zombie Spawned [13] ZmbM_ParamedicNormal_Red @ <11132.880859, 100.288689, 14021.254883> ... Lifespan:  Set to 40 minutes.
2021-10-23 @ 04-04-33:  [EOnSpawnZombies] Zombie Spawned [14] ZmbM_CitizenBFat_Green @ <11140.317383, 106.606445, 14002.853516> ... Lifespan:  Set to 40 minutes.
2021-10-23 @ 04-04-39:  [EOnSpawnZombies] Zombie Spawned [15] ZmbF_ShortSkirt_yellow @ <11129.544922, 91.245644, 14050.614258> ... Lifespan:  Set to 40 minutes.
2021-10-23 @ 04-04-45:  [EOnSpawnZombies] Zombie Spawned [16] ZmbM_ClerkFat_Grey @ <11130.656250, 81.315010, 14074.610352> ... Lifespan:  Set to 40 minutes.
2021-10-23 @ 04-04-51:  [EOnSpawnZombies] Zombie Spawned [17] ZmbM_PatrolNormal_Autumn @ <11169.523438, 86.610443, 14059.501953> ... Lifespan:  Set to 40 minutes.
2021-10-23 @ 04-04-57:  [EOnSpawnZombies] Zombie Spawned [18] ZmbM_Jacket_blue @ <11136.225586, 101.251686, 14018.340820> ... Lifespan:  Set to 40 minutes.
2021-10-23 @ 04-05-03:  [EOnSpawnZombies] Zombie Spawned [19] ZmbF_ShortSkirt_yellow @ <11136.138672, 91.910774, 14045.397461> ... Lifespan:  Set to 40 minutes.
2021-10-23 @ 04-05-09:  [EOnSpawnZombies] Zombie Spawned [20] ZmbM_CommercialPilotOld_Grey @ <11130.771484, 80.267456, 14076.779297> ... Lifespan:  Set to 40 minutes.
2021-10-23 @ 04-05-15:  [EOnSpawnZombies] Zombie Spawned [21] ZmbM_CommercialPilotOld_Blue @ <11160.262695, 93.599815, 14037.159180> ... Lifespan:  Set to 40 minutes.
2021-10-23 @ 04-05-21:  [EOnSpawnZombies] Zombie Spawned [22] ZmbF_JournalistNormal_White @ <11144.471680, 95.135887, 14034.966797> ... Lifespan:  Set to 40 minutes.
2021-10-23 @ 04-05-27:  [EOnSpawnZombies] Zombie Spawned [23] ZmbF_Clerk_Normal_Blue @ <11136.928711, 96.471657, 14031.707031> ... Lifespan:  Set to 40 minutes.
2021-10-23 @ 04-05-33:  [EOnSpawnZombies] Zombie Spawned [24] ZmbF_CitizenANormal_Brown @ <11108.158203, 82.903870, 14070.347656> ... Lifespan:  Set to 40 minutes.
2021-10-23 @ 04-05-39:  [EOnSpawnZombies] Zombie Spawned [25] ZmbF_ShortSkirt_green @ <11164.596680, 100.331200, 14015.399414> ... Lifespan:  Set to 40 minutes.
2021-10-23 @ 04-05-45:  [EOnSpawnZombies] Zombie Spawned [26] ZmbF_JoggerSkinny_Brown @ <11140.737305, 91.062103, 14048.863281> ... Lifespan:  Set to 40 minutes.
2021-10-23 @ 04-05-51:  [EOnSpawnZombies] Zombie Spawned [27] ZmbM_Jacket_khaki @ <11148.679688, 83.724876, 14068.742188> ... Lifespan:  Set to 40 minutes.
2021-10-23 @ 04-05-56:  [EOnBeforeDrop] The Aircraft is 1 Km from Novodmitrovsk, from the South/West (241°). @ <10248.741211, 294.346954, 13559.771484>
2021-10-23 @ 04-05-57:  [EOnSpawnZombies] Zombie Spawned [28] ZmbF_ShortSkirt_brown @ <11139.633789, 106.479485, 14003.824219> ... Lifespan:  Set to 40 minutes.
2021-10-23 @ 04-06-03:  [EOnSpawnZombies] Zombie Spawned [29] ZmbF_ShortSkirt_yellow @ <11115.590820, 95.871338, 14042.942383> ... Lifespan:  Set to 40 minutes.
2021-10-23 @ 04-06-07:  [EOnDrop] Drop spawned with 30 infected at <11042.010742, 286.161346, 13995.336914>.
2021-10-23 @ 04-06-07:  [EOnDrop] Supplies have been dropped near Novodmitrovsk.
2021-10-23 @ 04-07-11:  [EOnBeforeDelete] Aircraft despawned @ <15350.022461, 239.676331, 16360.763672>
2021-10-23 @ 04-07-11:  [~AirdropPlane] Aircraft destroyed.
