2021-10-24 @ 04-18-19:  [AirdropPlane] Aircraft created on 2021-10-24 @ 04-18-19
2021-10-24 @ 04-18-19:  [InitializeAircraft] Aircraft Initialized: Myshkino @ 2036/7491 (true)
2021-10-24 @ 04-18-30:  [EOnSpawnZombies] Spawn failed for zombie [1] 'ZmbM_SurvivorDean_Grey', it does not exist in DayZ!
2021-10-24 @ 04-18-41:  [EOnSpawnZombies] Zombie Spawned [2] ZmbM_FarmerFat_Beige @ <1988.267578, 277.611572, 7495.245117> ... Lifespan:  Set to 40 minutes.
2021-10-24 @ 04-18-52:  [EOnSpawnZombies] Zombie Spawned [3] ZmbF_SurvivorNormal_White @ <2044.900391, 284.974274, 7488.303223> ... Lifespan:  Set to 40 minutes.
2021-10-24 @ 04-19-02:  [EOnSpawnZombies] Zombie Spawned [4] ZmbF_HikerSkinny_Green @ <2018.957031, 288.091614, 7523.967773> ... Lifespan:  Set to 40 minutes.
2021-10-24 @ 04-19-13:  [EOnSpawnZombies] Zombie Spawned [5] ZmbM_VillagerOld_White @ <2032.999023, 281.908936, 7482.107910> ... Lifespan:  Set to 40 minutes.
2021-10-24 @ 04-19-24:  [EOnSpawnZombies] Zombie Spawned [6] ZmbF_SurvivorNormal_Blue @ <2030.854614, 283.036926, 7489.261230> ... Lifespan:  Set to 40 minutes.
2021-10-24 @ 04-19-35:  [EOnSpawnZombies] Zombie Spawned [7] ZmbF_HikerSkinny_Red @ <2005.016113, 284.681213, 7519.558594> ... Lifespan:  Set to 40 minutes.
2021-10-24 @ 04-19-46:  [EOnSpawnZombies] Zombie Spawned [8] ZmbM_HermitSkinny_Red @ <2061.173828, 297.785065, 7529.794922> ... Lifespan:  Set to 40 minutes.
2021-10-24 @ 04-19-56:  [EOnSpawnZombies] Zombie Spawned [9] ZmbF_VillagerOld_Red @ <2017.574097, 277.514557, 7467.309570> ... Lifespan:  Set to 40 minutes.
2021-10-24 @ 04-20-07:  [EOnSpawnZombies] Zombie Spawned [10] ZmbF_MilkMaidOld_Grey @ <2032.706665, 294.566345, 7539.827637> ... Lifespan:  Set to 40 minutes.
2021-10-24 @ 04-20-18:  [EOnSpawnZombies] Zombie Spawned [11] ZmbM_HermitSkinny_Black @ <2028.123901, 283.112915, 7491.525879> ... Lifespan:  Set to 40 minutes.
2021-10-24 @ 04-20-29:  [EOnSpawnZombies] Zombie Spawned [12] ZmbM_HikerSkinny_Green @ <2049.189453, 282.235168, 7469.665527> ... Lifespan:  Set to 40 minutes.
2021-10-24 @ 04-20-40:  [EOnSpawnZombies] Zombie Spawned [13] ZmbF_HikerSkinny_Green @ <2041.114136, 290.941711, 7515.024902> ... Lifespan:  Set to 40 minutes.
2021-10-24 @ 04-20-50:  [EOnSpawnZombies] Zombie Spawned [14] ZmbF_MilkMaidOld_Beige @ <2018.682617, 287.490509, 7521.000000> ... Lifespan:  Set to 40 minutes.
2021-10-24 @ 04-21-01:  [EOnSpawnZombies] Zombie Spawned [15] ZmbF_HikerSkinny_Red @ <2044.330200, 285.791473, 7492.358398> ... Lifespan:  Set to 40 minutes.
2021-10-24 @ 04-21-12:  [EOnSpawnZombies] Zombie Spawned [16] ZmbF_HikerSkinny_Green @ <2038.642822, 292.266724, 7522.122559> ... Lifespan:  Set to 40 minutes.
2021-10-24 @ 04-21-23:  [EOnSpawnZombies] Zombie Spawned [17] ZmbF_SurvivorNormal_Blue @ <2039.237549, 280.424347, 7467.521484> ... Lifespan:  Set to 40 minutes.
2021-10-24 @ 04-21-34:  [EOnSpawnZombies] Zombie Spawned [18] ZmbM_HikerSkinny_Blue @ <2013.675049, 278.015167, 7473.587891> ... Lifespan:  Set to 40 minutes.
2021-10-24 @ 04-21-42:  [EOnBeforeDrop] The Aircraft is 1 Km from Myshkino, from the North/East (059°). @ <2893.125488, 453.463379, 8002.624023>
2021-10-24 @ 04-21-45:  [EOnSpawnZombies] Zombie Spawned [19] ZmbM_HikerSkinny_Green @ <2045.784790, 294.183899, 7523.104492> ... Lifespan:  Set to 40 minutes.
2021-10-24 @ 04-21-54:  [EOnDrop] Drop spawned with 20 infected at <2107.831543, 470.137787, 7534.178711>.
2021-10-24 @ 04-21-54:  [EOnDrop] Supplies have been dropped near Myshkino.
2021-10-24 @ 04-22-41:  [EOnBeforeDelete] Aircraft despawned @ <-1000.139587, 400.407654, 5680.163086>
2021-10-24 @ 04-22-41:  [~AirdropPlane] Aircraft destroyed.
