[ClearOldAirdropFiles] Backups Cleanup Started.
[ClearOldAirdropFiles] Backup file removed:  AirdropSettings_bakup_2021-10-17 @ 03-12-12.json (6)
[ClearOldAirdropFiles] Backup file removed:  AirdropSettings_bakup_2021-10-17 @ 05-25-29.json (6)
[ClearOldAirdropFiles] Backup file removed:  AirdropSettings_bakup_2021-10-17 @ 09-26-47.json (6)
[ClearOldAirdropFiles] Backup file removed:  AirdropSettings_bakup_2021-10-17 @ 13-28-02.json (6)
[ClearOldAirdropFiles] Backup file removed:  AirdropSettings_bakup_2021-10-17 @ 17-33-01.json (6)
[ClearOldAirdropFiles] Backup file removed:  AirdropSettings_bakup_2021-10-17 @ 21-34-40.json (6)
[ClearOldAirdropFiles] Backup file removed:  AirdropSettings_bakup_2021-10-17 @ 22-40-22.json (6)
[ClearOldAirdropFiles] Backup file removed:  AirdropSettings_bakup_2021-10-17 @ 22-55-55.json (6)
[ClearOldAirdropFiles] Backups Cleanup Completed.
[ClearOldAirdropFiles] Airdrop Log File Rremoved:  2021-10-20 @ 00-15-48 AirdropAircraft.log (3)
[ClearOldAirdropFiles] Airdrop Log File Rremoved:  2021-10-20 @ 00-18-24 AirdropContainer.log (3)
[ClearOldAirdropFiles] Airdrop Log File Rremoved:  2021-10-20 @ 00-18-24 AirdropParachute.log (3)
[ClearOldAirdropFiles] Airdrop Log File Rremoved:  2021-10-20 @ 01-16-51 AirdropAircraft.log (3)
[ClearOldAirdropFiles] Airdrop Log File Rremoved:  2021-10-20 @ 01-19-43 AirdropContainer.log (3)
[ClearOldAirdropFiles] Airdrop Log File Rremoved:  2021-10-20 @ 01-19-43 AirdropParachute.log (3)
[ClearOldAirdropFiles] Airdrop Log File Rremoved:  2021-10-20 @ 02-14-39 AirdropManager.log (3)
[ClearOldAirdropFiles] Airdrop Log File Rremoved:  2021-10-20 @ 03-16-12 AirdropAircraft.log (3)
[ClearOldAirdropFiles] Airdrop Log File Rremoved:  2021-10-20 @ 03-18-13 AirdropContainer.log (3)
[ClearOldAirdropFiles] Airdrop Log File Rremoved:  2021-10-20 @ 03-18-13 AirdropParachute.log (3)
[ClearOldAirdropFiles] Airdrop Log File Rremoved:  2021-10-20 @ 04-17-22 AirdropAircraft.log (3)
[ClearOldAirdropFiles] Airdrop Log File Rremoved:  2021-10-20 @ 04-20-19 AirdropContainer.log (3)
[ClearOldAirdropFiles] Airdrop Log File Rremoved:  2021-10-20 @ 04-20-19 AirdropParachute.log (3)
[ClearOldAirdropFiles] Airdrop Log File Rremoved:  2021-10-20 @ 05-18-33 AirdropAircraft.log (3)
[ClearOldAirdropFiles] Airdrop Log File Rremoved:  2021-10-20 @ 05-19-24 AirdropContainer.log (3)
[ClearOldAirdropFiles] Airdrop Log File Rremoved:  2021-10-20 @ 05-19-24 AirdropParachute.log (3)
[ClearOldAirdropFiles] Airdrop Log File Rremoved:  2021-10-20 @ 06-15-58 AirdropManager.log (3)
[ClearOldAirdropFiles] Airdrop Log File Rremoved:  2021-10-20 @ 07-17-33 AirdropAircraft.log (3)
[ClearOldAirdropFiles] Airdrop Log File Rremoved:  2021-10-20 @ 07-18-23 AirdropContainer.log (3)
[ClearOldAirdropFiles] Airdrop Log File Rremoved:  2021-10-20 @ 07-18-23 AirdropParachute.log (3)
[ClearOldAirdropFiles] Airdrop Log File Rremoved:  2021-10-20 @ 08-18-42 AirdropAircraft.log (3)
[ClearOldAirdropFiles] Airdrop Log File Rremoved:  2021-10-20 @ 08-22-07 AirdropContainer.log (3)
[ClearOldAirdropFiles] Airdrop Log File Rremoved:  2021-10-20 @ 08-22-07 AirdropParachute.log (3)
[ClearOldAirdropFiles] Airdrop Log File Rremoved:  2021-10-20 @ 09-19-53 AirdropAircraft.log (3)
[ClearOldAirdropFiles] Airdrop Log File Rremoved:  2021-10-20 @ 09-23-07 AirdropContainer.log (3)
[ClearOldAirdropFiles] Airdrop Log File Rremoved:  2021-10-20 @ 09-23-07 AirdropParachute.log (3)
[ClearOldAirdropFiles] Airdrop Log File Rremoved:  2021-10-20 @ 10-17-09 AirdropManager.log (3)
[ClearOldAirdropFiles] Airdrop Log File Rremoved:  2021-10-20 @ 11-18-45 AirdropAircraft.log (3)
[ClearOldAirdropFiles] Airdrop Log File Rremoved:  2021-10-20 @ 11-21-14 AirdropContainer.log (3)
[ClearOldAirdropFiles] Airdrop Log File Rremoved:  2021-10-20 @ 11-21-14 AirdropParachute.log (3)
[ClearOldAirdropFiles] Airdrop Log File Rremoved:  2021-10-20 @ 12-02-48 AirdropAircraft.log (3)
[ClearOldAirdropFiles] Airdrop Log File Rremoved:  2021-10-20 @ 12-06-25 AirdropContainer.log (3)
[ClearOldAirdropFiles] Airdrop Log File Rremoved:  2021-10-20 @ 12-06-25 AirdropParachute.log (3)
[ClearOldAirdropFiles] Airdrop Log File Rremoved:  2021-10-20 @ 12-19-56 AirdropAircraft.log (3)
[ClearOldAirdropFiles] Airdrop Log File Rremoved:  2021-10-20 @ 12-21-52 AirdropContainer.log (3)
[ClearOldAirdropFiles] Airdrop Log File Rremoved:  2021-10-20 @ 12-21-52 AirdropParachute.log (3)
[ClearOldAirdropFiles] Airdrop Log File Rremoved:  2021-10-20 @ 13-21-07 AirdropAircraft.log (3)
[ClearOldAirdropFiles] Airdrop Log File Rremoved:  2021-10-20 @ 13-22-59 AirdropContainer.log (3)
[ClearOldAirdropFiles] Airdrop Log File Rremoved:  2021-10-20 @ 13-22-59 AirdropParachute.log (3)
[ClearOldAirdropFiles] Airdrop Log File Rremoved:  2021-10-20 @ 14-18-23 AirdropManager.log (3)
[ClearOldAirdropFiles] Airdrop Log File Rremoved:  2021-10-20 @ 15-19-59 AirdropAircraft.log (3)
[ClearOldAirdropFiles] Airdrop Log File Rremoved:  2021-10-20 @ 15-22-59 AirdropContainer.log (3)
[ClearOldAirdropFiles] Airdrop Log File Rremoved:  2021-10-20 @ 15-22-59 AirdropParachute.log (3)
[ClearOldAirdropFiles] Airdrop Log File Rremoved:  2021-10-20 @ 16-21-10 AirdropAircraft.log (3)
[ClearOldAirdropFiles] Airdrop Log File Rremoved:  2021-10-20 @ 16-22-14 AirdropContainer.log (3)
[ClearOldAirdropFiles] Airdrop Log File Rremoved:  2021-10-20 @ 16-22-14 AirdropParachute.log (3)
[ClearOldAirdropFiles] Airdrop Log File Rremoved:  2021-10-20 @ 17-22-21 AirdropAircraft.log (3)
[ClearOldAirdropFiles] Airdrop Log File Rremoved:  2021-10-20 @ 17-23-28 AirdropContainer.log (3)
[ClearOldAirdropFiles] Airdrop Log File Rremoved:  2021-10-20 @ 17-23-28 AirdropParachute.log (3)
[ClearOldAirdropFiles] Airdrop Log File Rremoved:  2021-10-20 @ 18-19-42 AirdropManager.log (3)
[ClearOldAirdropFiles] Airdrop Log File Rremoved:  2021-10-20 @ 19-21-17 AirdropAircraft.log (3)
[ClearOldAirdropFiles] Airdrop Log File Rremoved:  2021-10-20 @ 19-25-22 AirdropContainer.log (3)
[ClearOldAirdropFiles] Airdrop Log File Rremoved:  2021-10-20 @ 19-25-22 AirdropParachute.log (3)
[ClearOldAirdropFiles] Airdrop Log File Rremoved:  2021-10-20 @ 20-22-28 AirdropAircraft.log (3)
[ClearOldAirdropFiles] Airdrop Log File Rremoved:  2021-10-20 @ 20-25-21 AirdropContainer.log (3)
[ClearOldAirdropFiles] Airdrop Log File Rremoved:  2021-10-20 @ 20-25-21 AirdropParachute.log (3)
[ClearOldAirdropFiles] Airdrop Log File Rremoved:  2021-10-20 @ 21-23-38 AirdropAircraft.log (3)
[ClearOldAirdropFiles] Airdrop Log File Rremoved:  2021-10-20 @ 21-27-37 AirdropContainer.log (3)
[ClearOldAirdropFiles] Airdrop Log File Rremoved:  2021-10-20 @ 21-27-37 AirdropParachute.log (3)
[ClearOldAirdropFiles] Airdrop Log File Rremoved:  2021-10-20 @ 22-21-02 AirdropManager.log (3)
[ClearOldAirdropFiles] Airdrop Log File Rremoved:  2021-10-20 @ 23-22-38 AirdropAircraft.log (3)
[ClearOldAirdropFiles] Airdrop Log File Rremoved:  2021-10-20 @ 23-23-21 AirdropContainer.log (3)
[ClearOldAirdropFiles] Airdrop Log File Rremoved:  2021-10-20 @ 23-23-21 AirdropParachute.log (3)
[ClearOldAirdropFiles] Logs Cleanup Completed.
[ExportDropZones] DropZone exported not bypassed.
[AirdropBase] Base class created & settings loaded.
[2021-10-23 @ 01-49-13] ----------------------------------------------------------------------------------------------------
[EOnCallAirdrop] Drop zone asigned: Berezino <11464.000000, 0.000000, 8908.000000>
[EOnCallAirdrop] Drop zone offset to: <11373.917969, 2438.000000, 8947.778320>
[EOnCallAirdrop] Aircraft spawn point: <8426.754883, 2438.000000, 16360.000000>
[EOnCallAirdrop] Aircraft type used=<Land_AN_12>
[EOnCallAirdrop] Aircraft bearing ... Angle/Bearing: 1.95782° / 337.825°, Text: 'North (338°)'
[EOnCallAirdrop] Aircraft was dispatched to 'Berezino' (8426.75/16360), from the North (338°).
[2021-10-23 @ 02-50-22] ----------------------------------------------------------------------------------------------------
[EOnCallAirdrop] Drop zone asigned: Elektrozavodsk <9371.000000, 0.000000, 2229.000000>
[EOnCallAirdrop] Drop zone offset to: <9392.426758, 2438.000000, 2304.461670>
[EOnCallAirdrop] Aircraft spawn point: <8413.509766, 2438.000000, 16360.000000>
[EOnCallAirdrop] Aircraft type used=<Land_AN_12>
[EOnCallAirdrop] Aircraft bearing ... Angle/Bearing: 1.63845° / 356.124°, Text: 'North (356°)'
[EOnCallAirdrop] Aircraft was dispatched to 'Elektrozavodsk' (8413.51/16360), from the North (356°).
