2021-10-24 @ 14-53-27:  [AirdropPlane] Aircraft created on 2021-10-24 @ 14-53-27
2021-10-24 @ 14-53-27:  [InitializeAircraft] Aircraft Initialized: Player Called @ 8094.37/10455.9 (false)
2021-10-24 @ 14-53-31:  [EOnSpawnZombies] Zombie Spawned [1] ZmbM_HermitSkinny_Black @ <8079.525391, 359.464233, 10411.628906> ... Lifespan:  Set to 40 minutes.
2021-10-24 @ 14-53-35:  [EOnSpawnZombies] Spawn failed for zombie [2] 'ZmbM_SurvivorDean_Grey', does not exist in DayZ!
2021-10-24 @ 14-53-39:  [EOnSpawnZombies] Zombie Spawned [3] ZmbM_FarmerFat_Brown @ <8116.810547, 353.521851, 10450.423828> ... Lifespan:  Set to 40 minutes.
2021-10-24 @ 14-53-43:  [EOnSpawnZombies] Zombie Spawned [4] ZmbM_FishermanOld_Blue @ <8099.237305, 353.077637, 10449.230469> ... Lifespan:  Set to 40 minutes.
2021-10-24 @ 14-53-47:  [EOnSpawnZombies] Zombie Spawned [5] ZmbF_VillagerOld_Red @ <8112.044922, 349.982910, 10461.347656> ... Lifespan:  Set to 40 minutes.
2021-10-24 @ 14-53-50:  [EOnSpawnZombies] Zombie Spawned [6] ZmbF_MechanicNormal_Beige @ <8090.787109, 359.161011, 10421.344727> ... Lifespan:  Set to 40 minutes.
2021-10-24 @ 14-53-54:  [EOnSpawnZombies] Zombie Spawned [7] ZmbF_JournalistNormal_Red @ <8106.983398, 355.499573, 10442.844727> ... Lifespan:  Set to 40 minutes.
2021-10-24 @ 14-53-58:  [EOnSpawnZombies] Zombie Spawned [8] ZmbM_FirefighterNormal @ <8052.505371, 343.870361, 10453.854492> ... Lifespan:  Set to 40 minutes.
2021-10-24 @ 14-54-02:  [EOnSpawnZombies] Zombie Spawned [9] ZmbM_HunterOld_Winter @ <8096.456055, 345.753143, 10474.643555> ... Lifespan:  Set to 40 minutes.
2021-10-24 @ 14-54-06:  [EOnSpawnZombies] Zombie Spawned [10] Animal_CanisLupus_White @ <8097.662109, 347.883331, 10466.944336> ... Lifespan:  Set to 40 minutes.
2021-10-24 @ 14-54-10:  [EOnSpawnZombies] Zombie Spawned [11] ZmbF_ShortSkirt_white @ <8063.884277, 349.382172, 10441.779297> ... Lifespan:  Set to 40 minutes.
2021-10-24 @ 14-54-14:  [EOnSpawnZombies] Zombie Spawned [12] ZmbM_HeavyIndustryWorker @ <8094.103027, 346.332123, 10471.871094> ... Lifespan:  Set to 40 minutes.
2021-10-24 @ 14-54-18:  [EOnSpawnZombies] Zombie Spawned [13] ZmbM_PatrolNormal_PautRev @ <8092.958496, 354.657928, 10441.053711> ... Lifespan:  Set to 40 minutes.
2021-10-24 @ 14-54-22:  [EOnSpawnZombies] Zombie Spawned [14] ZmbM_OffshoreWorker_Orange @ <8066.837891, 351.354736, 10435.874023> ... Lifespan:  Set to 40 minutes.
2021-10-24 @ 14-54-26:  [EOnSpawnZombies] Zombie Spawned [15] ZmbM_PatrolNormal_Autumn @ <8080.677246, 347.641693, 10461.342773> ... Lifespan:  Set to 40 minutes.
2021-10-24 @ 14-54-30:  [EOnSpawnZombies] Zombie Spawned [16] ZmbF_ShortSkirt_checks @ <8060.669434, 345.633759, 10453.454102> ... Lifespan:  Set to 40 minutes.
2021-10-24 @ 14-54-34:  [EOnSpawnZombies] Zombie Spawned [17] ZmbM_PatrolNormal_PautRev @ <8093.812012, 342.908508, 10485.519531> ... Lifespan:  Set to 40 minutes.
2021-10-24 @ 14-54-38:  [EOnSpawnZombies] Zombie Spawned [18] ZmbF_VillagerOld_Green @ <8125.953125, 360.004547, 10428.675781> ... Lifespan:  Set to 40 minutes.
2021-10-24 @ 14-54-42:  [EOnSpawnZombies] Zombie Spawned [19] ZmbM_FarmerFat_Beige @ <8104.759277, 361.849884, 10416.646484> ... Lifespan:  Set to 40 minutes.
2021-10-24 @ 14-54-45:  [EOnSpawnZombies] Zombie Spawned [20] ZmbM_SoldierNormal @ <8100.336914, 344.368317, 10480.506836> ... Lifespan:  Set to 40 minutes.
2021-10-24 @ 14-54-49:  [EOnSpawnZombies] Zombie Spawned [21] ZmbF_SkaterYoung_Brown @ <8096.406250, 352.777100, 10449.299805> ... Lifespan:  Set to 40 minutes.
2021-10-24 @ 14-54-53:  [EOnSpawnZombies] Zombie Spawned [22] ZmbM_PatrolNormal_PautRev @ <8096.896484, 362.930450, 10407.804688> ... Lifespan:  Set to 40 minutes.
2021-10-24 @ 14-54-57:  [EOnSpawnZombies] Zombie Spawned [23] ZmbM_PatrolNormal_Flat @ <8053.125977, 340.083771, 10468.370117> ... Lifespan:  Set to 40 minutes.
2021-10-24 @ 14-55-01:  [EOnSpawnZombies] Zombie Spawned [24] ZmbF_MechanicNormal_Green @ <8075.970703, 353.188324, 10435.936523> ... Lifespan:  Set to 40 minutes.
2021-10-24 @ 14-55-05:  [EOnSpawnZombies] Zombie Spawned [25] Animal_CanisLupus_White @ <8081.243164, 348.641571, 10457.746094> ... Lifespan:  Set to 40 minutes.
2021-10-24 @ 14-55-09:  [EOnSpawnZombies] Zombie Spawned [26] ZmbM_HermitSkinny_Black @ <8125.664063, 339.178436, 10492.928711> ... Lifespan:  Set to 40 minutes.
2021-10-24 @ 14-55-12:  [EOnBeforeDrop] The Aircraft is 1 Km from called location, from the West (271°). @ <7095.392578, 502.191986, 10472.552734>
2021-10-24 @ 14-55-13:  [EOnSpawnZombies] Zombie Spawned [27] ZmbM_PatrolNormal_Flat @ <8106.605469, 343.133606, 10485.022461> ... Lifespan:  Set to 40 minutes.
2021-10-24 @ 14-55-17:  [EOnSpawnZombies] Zombie Spawned [28] ZmbM_PatrolNormal_PautRev @ <8070.020508, 347.669952, 10454.373047> ... Lifespan:  Set to 40 minutes.
2021-10-24 @ 14-55-21:  [EOnSpawnZombies] Zombie Spawned [29] ZmbM_PatrolNormal_Summer @ <8078.179199, 347.440826, 10460.791992> ... Lifespan:  Set to 40 minutes.
2021-10-24 @ 14-55-24:  [EOnDrop] Drop spawned with 30 infected at <8026.959961, 467.344666, 10457.458984>.
2021-10-24 @ 14-55-24:  [EOnDrop] Supplies have been dropped near the player's location.
2021-10-24 @ 14-57-12:  [EOnBeforeDelete] Aircraft despawned @ <16360.919922, 152.000610, 10322.427734>
2021-10-24 @ 14-57-12:  [~AirdropPlane] Aircraft destroyed.
