2021-10-23 @ 09-06-27:  [AirdropPlane] Aircraft created on 2021-10-23 @ 09-06-27
2021-10-23 @ 09-06-27:  [InitializeAircraft] Aircraft Initialized: Novodmitrovsk @ 11125/14040 (true)
2021-10-23 @ 09-06-33:  [EOnSpawnZombies] Zombie Spawned [1] ZmbM_Jacket_beige @ <11112.502930, 107.354347, 14014.301758> ... Lifespan:  Set to 40 minutes.
2021-10-23 @ 09-06-38:  [EOnSpawnZombies] Zombie Spawned [2] ZmbM_CommercialPilotOld_Brown @ <11124.582031, 107.686409, 14005.052734> ... Lifespan:  Set to 40 minutes.
2021-10-23 @ 09-06-44:  [EOnSpawnZombies] Zombie Spawned [3] ZmbM_ParamedicNormal_Blue @ <11123.151367, 99.859886, 14027.154297> ... Lifespan:  Set to 40 minutes.
2021-10-23 @ 09-06-50:  [EOnSpawnZombies] Zombie Spawned [4] ZmbF_CitizenANormal_Beige @ <11131.790039, 92.107956, 14045.522461> ... Lifespan:  Set to 40 minutes.
2021-10-23 @ 09-06-55:  [EOnSpawnZombies] Zombie Spawned [5] ZmbF_SkaterYoung_Violet @ <11097.188477, 107.020630, 14017.463867> ... Lifespan:  Set to 40 minutes.
2021-10-23 @ 09-07-01:  [EOnSpawnZombies] Zombie Spawned [6] ZmbM_Jacket_stripes @ <11135.662109, 97.363953, 14028.271484> ... Lifespan:  Set to 40 minutes.
2021-10-23 @ 09-07-07:  [EOnSpawnZombies] Zombie Spawned [7] ZmbM_ParamedicNormal_Black @ <11110.549805, 106.727219, 14016.803711> ... Lifespan:  Set to 40 minutes.
2021-10-23 @ 09-07-12:  [EOnSpawnZombies] Zombie Spawned [8] ZmbM_SkaterYoung_Grey @ <11131.422852, 92.334549, 14044.864258> ... Lifespan:  Set to 40 minutes.
2021-10-23 @ 09-07-18:  [EOnSpawnZombies] Zombie Spawned [9] ZmbM_PrisonerSkinny @ <11138.050781, 109.493958, 13995.840820> ... Lifespan:  Set to 40 minutes.
2021-10-23 @ 09-07-24:  [EOnSpawnZombies] Zombie Spawned [10] ZmbM_PrisonerSkinny @ <11104.925781, 97.498352, 14039.625000> ... Lifespan:  Set to 40 minutes.
2021-10-23 @ 09-07-29:  [EOnSpawnZombies] Zombie Spawned [11] ZmbM_Jacket_beige @ <11123.719727, 79.287102, 14078.768555> ... Lifespan:  Set to 40 minutes.
2021-10-23 @ 09-07-35:  [EOnSpawnZombies] Zombie Spawned [12] ZmbF_ShortSkirt_grey @ <11124.313477, 100.378716, 14024.608398> ... Lifespan:  Set to 40 minutes.
2021-10-23 @ 09-07-41:  [EOnSpawnZombies] Zombie Spawned [13] ZmbM_PolicemanSpecForce @ <11127.036133, 101.238327, 14022.003906> ... Lifespan:  Set to 40 minutes.
2021-10-23 @ 09-07-47:  [EOnSpawnZombies] Zombie Spawned [14] ZmbM_JournalistSkinny @ <11120.230469, 94.623734, 14043.055664> ... Lifespan:  Set to 40 minutes.
2021-10-23 @ 09-07-52:  [EOnSpawnZombies] Zombie Spawned [15] ZmbM_PrisonerSkinny @ <11140.940430, 97.706390, 14025.556641> ... Lifespan:  Set to 40 minutes.
2021-10-23 @ 09-07-58:  [EOnSpawnZombies] Zombie Spawned [16] ZmbF_Clerk_Normal_White @ <11112.701172, 78.526978, 14081.189453> ... Lifespan:  Set to 40 minutes.
2021-10-23 @ 09-08-04:  [EOnSpawnZombies] Zombie Spawned [17] ZmbF_Clerk_Normal_Blue @ <11129.750000, 97.577858, 14030.873047> ... Lifespan:  Set to 40 minutes.
2021-10-23 @ 09-08-09:  [EOnSpawnZombies] Zombie Spawned [18] ZmbF_NurseFat @ <11156.654297, 94.229088, 14036.273438> ... Lifespan:  Set to 40 minutes.
2021-10-23 @ 09-08-15:  [EOnSpawnZombies] Zombie Spawned [19] ZmbM_Jacket_grey @ <11147.416992, 91.471848, 14046.983398> ... Lifespan:  Set to 40 minutes.
2021-10-23 @ 09-08-21:  [EOnSpawnZombies] Zombie Spawned [20] ZmbF_PatientOld @ <11090.274414, 95.905937, 14044.476563> ... Lifespan:  Set to 40 minutes.
2021-10-23 @ 09-08-26:  [EOnSpawnZombies] Zombie Spawned [21] ZmbM_CitizenASkinny_Red @ <11146.420898, 80.098091, 14082.948242> ... Lifespan:  Set to 40 minutes.
2021-10-23 @ 09-08-32:  [EOnSpawnZombies] Zombie Spawned [22] ZmbF_SkaterYoung_Striped @ <11122.932617, 108.641808, 14002.908203> ... Lifespan:  Set to 40 minutes.
2021-10-23 @ 09-08-38:  [EOnSpawnZombies] Zombie Spawned [23] ZmbM_CommercialPilotOld_Brown @ <11122.705078, 90.779312, 14053.658203> ... Lifespan:  Set to 40 minutes.
2021-10-23 @ 09-08-43:  [EOnSpawnZombies] Zombie Spawned [24] ZmbM_Jacket_grey @ <11137.769531, 93.264648, 14039.516602> ... Lifespan:  Set to 40 minutes.
2021-10-23 @ 09-08-49:  [EOnSpawnZombies] Zombie Spawned [25] ZmbF_ShortSkirt_beige @ <11096.427734, 99.644287, 14032.653320> ... Lifespan:  Set to 40 minutes.
2021-10-23 @ 09-08-55:  [EOnSpawnZombies] Zombie Spawned [26] ZmbF_JournalistNormal_Blue @ <11100.666016, 106.646751, 14017.110352> ... Lifespan:  Set to 40 minutes.
2021-10-23 @ 09-09-00:  [EOnSpawnZombies] Zombie Spawned [27] ZmbF_ShortSkirt_stripes @ <11167.764648, 95.304924, 14031.568359> ... Lifespan:  Set to 40 minutes.
2021-10-23 @ 09-09-04:  [EOnBeforeDrop] The Aircraft is 1 Km from Novodmitrovsk, from the South/West (247°). @ <10202.267578, 280.897644, 13658.296875>
2021-10-23 @ 09-09-06:  [EOnSpawnZombies] Zombie Spawned [28] ZmbF_JournalistNormal_Blue @ <11090.982422, 89.886383, 14061.002930> ... Lifespan:  Set to 40 minutes.
2021-10-23 @ 09-09-12:  [EOnSpawnZombies] Zombie Spawned [29] ZmbF_CitizenANormal_Brown @ <11133.185547, 97.098671, 14031.033203> ... Lifespan:  Set to 40 minutes.
2021-10-23 @ 09-09-16:  [EOnDrop] Drop spawned with 30 infected at <11055.486328, 277.944275, 14013.336914>.
2021-10-23 @ 09-09-16:  [EOnDrop] Supplies have been dropped near Novodmitrovsk.
2021-10-23 @ 09-10-31:  [EOnBeforeDelete] Aircraft despawned @ <16360.048828, 290.792389, 16220.663086>
2021-10-23 @ 09-10-31:  [~AirdropPlane] Aircraft destroyed.
