[ClearOldAirdropFiles] Backups Cleanup Started.
[ClearOldAirdropFiles] Backup file removed:  AirdropSettings_bakup_2021-10-19 @ 00-03-32.json (6)
[ClearOldAirdropFiles] Backup file removed:  AirdropSettings_bakup_2021-10-19 @ 04-05-24.json (6)
[ClearOldAirdropFiles] Backup file removed:  AirdropSettings_bakup_2021-10-19 @ 08-06-40.json (6)
[ClearOldAirdropFiles] Backup file removed:  AirdropSettings_bakup_2021-10-19 @ 12-07-55.json (6)
[ClearOldAirdropFiles] Backup file removed:  AirdropSettings_bakup_2021-10-19 @ 14-09-43.json (6)
[ClearOldAirdropFiles] Backup file removed:  AirdropSettings_bakup_2021-10-19 @ 14-10-21.json (6)
[ClearOldAirdropFiles] Backup file removed:  AirdropSettings_bakup_2021-10-19 @ 18-11-48.json (6)
[ClearOldAirdropFiles] Backup file removed:  AirdropSettings_bakup_2021-10-19 @ 22-13-03.json (6)
[ClearOldAirdropFiles] Backups Cleanup Completed.
[ClearOldAirdropFiles] Airdrop Log File Rremoved:  2021-10-22 @ 00-32-26 AirdropAircraft.log (3)
[ClearOldAirdropFiles] Airdrop Log File Rremoved:  2021-10-22 @ 00-35-17 AirdropContainer.log (3)
[ClearOldAirdropFiles] Airdrop Log File Rremoved:  2021-10-22 @ 00-35-17 AirdropParachute.log (3)
[ClearOldAirdropFiles] Airdrop Log File Rremoved:  2021-10-22 @ 01-33-32 AirdropAircraft.log (3)
[ClearOldAirdropFiles] Airdrop Log File Rremoved:  2021-10-22 @ 01-36-05 AirdropContainer.log (3)
[ClearOldAirdropFiles] Airdrop Log File Rremoved:  2021-10-22 @ 01-36-05 AirdropParachute.log (3)
[ClearOldAirdropFiles] Airdrop Log File Rremoved:  2021-10-22 @ 02-31-22 AirdropManager.log (3)
[ClearOldAirdropFiles] Airdrop Log File Rremoved:  2021-10-22 @ 03-32-58 AirdropAircraft.log (3)
[ClearOldAirdropFiles] Airdrop Log File Rremoved:  2021-10-22 @ 03-34-17 AirdropContainer.log (3)
[ClearOldAirdropFiles] Airdrop Log File Rremoved:  2021-10-22 @ 03-34-17 AirdropParachute.log (3)
[ClearOldAirdropFiles] Airdrop Log File Rremoved:  2021-10-22 @ 04-34-08 AirdropAircraft.log (3)
[ClearOldAirdropFiles] Airdrop Log File Rremoved:  2021-10-22 @ 04-35-47 AirdropContainer.log (3)
[ClearOldAirdropFiles] Airdrop Log File Rremoved:  2021-10-22 @ 04-35-47 AirdropParachute.log (3)
[ClearOldAirdropFiles] Airdrop Log File Rremoved:  2021-10-22 @ 05-35-19 AirdropAircraft.log (3)
[ClearOldAirdropFiles] Airdrop Log File Rremoved:  2021-10-22 @ 05-37-54 AirdropContainer.log (3)
[ClearOldAirdropFiles] Airdrop Log File Rremoved:  2021-10-22 @ 05-37-54 AirdropParachute.log (3)
[ClearOldAirdropFiles] Airdrop Log File Rremoved:  2021-10-22 @ 06-32-41 AirdropManager.log (3)
[ClearOldAirdropFiles] Airdrop Log File Rremoved:  2021-10-22 @ 07-34-18 AirdropAircraft.log (3)
[ClearOldAirdropFiles] Airdrop Log File Rremoved:  2021-10-22 @ 07-35-37 AirdropContainer.log (3)
[ClearOldAirdropFiles] Airdrop Log File Rremoved:  2021-10-22 @ 07-35-37 AirdropParachute.log (3)
[ClearOldAirdropFiles] Airdrop Log File Rremoved:  2021-10-22 @ 08-35-29 AirdropAircraft.log (3)
[ClearOldAirdropFiles] Airdrop Log File Rremoved:  2021-10-22 @ 08-36-16 AirdropContainer.log (3)
[ClearOldAirdropFiles] Airdrop Log File Rremoved:  2021-10-22 @ 08-36-16 AirdropParachute.log (3)
[ClearOldAirdropFiles] Airdrop Log File Rremoved:  2021-10-22 @ 09-36-40 AirdropAircraft.log (3)
[ClearOldAirdropFiles] Airdrop Log File Rremoved:  2021-10-22 @ 09-39-30 AirdropContainer.log (3)
[ClearOldAirdropFiles] Airdrop Log File Rremoved:  2021-10-22 @ 09-39-30 AirdropParachute.log (3)
[ClearOldAirdropFiles] Airdrop Log File Rremoved:  2021-10-22 @ 10-33-58 AirdropManager.log (3)
[ClearOldAirdropFiles] Airdrop Log File Rremoved:  2021-10-22 @ 11-35-35 AirdropAircraft.log (3)
[ClearOldAirdropFiles] Airdrop Log File Rremoved:  2021-10-22 @ 11-37-04 AirdropContainer.log (3)
[ClearOldAirdropFiles] Airdrop Log File Rremoved:  2021-10-22 @ 11-37-04 AirdropParachute.log (3)
[ClearOldAirdropFiles] Airdrop Log File Rremoved:  2021-10-22 @ 12-36-46 AirdropAircraft.log (3)
[ClearOldAirdropFiles] Airdrop Log File Rremoved:  2021-10-22 @ 12-38-45 AirdropContainer.log (3)
[ClearOldAirdropFiles] Airdrop Log File Rremoved:  2021-10-22 @ 12-38-45 AirdropParachute.log (3)
[ClearOldAirdropFiles] Airdrop Log File Rremoved:  2021-10-22 @ 13-37-56 AirdropAircraft.log (3)
[ClearOldAirdropFiles] Airdrop Log File Rremoved:  2021-10-22 @ 13-40-14 AirdropContainer.log (3)
[ClearOldAirdropFiles] Airdrop Log File Rremoved:  2021-10-22 @ 13-40-14 AirdropParachute.log (3)
[ClearOldAirdropFiles] Airdrop Log File Rremoved:  2021-10-22 @ 13-47-47 AirdropManager.log (3)
[ClearOldAirdropFiles] Airdrop Log File Rremoved:  2021-10-22 @ 13-49-41 AirdropManager.log (3)
[ClearOldAirdropFiles] Airdrop Log File Rremoved:  2021-10-22 @ 14-51-19 AirdropAircraft.log (3)
[ClearOldAirdropFiles] Airdrop Log File Rremoved:  2021-10-22 @ 14-53-06 AirdropContainer.log (3)
[ClearOldAirdropFiles] Airdrop Log File Rremoved:  2021-10-22 @ 14-53-06 AirdropParachute.log (3)
[ClearOldAirdropFiles] Airdrop Log File Rremoved:  2021-10-22 @ 15-52-29 AirdropAircraft.log (3)
[ClearOldAirdropFiles] Airdrop Log File Rremoved:  2021-10-22 @ 15-55-35 AirdropContainer.log (3)
[ClearOldAirdropFiles] Airdrop Log File Rremoved:  2021-10-22 @ 15-55-35 AirdropParachute.log (3)
[ClearOldAirdropFiles] Airdrop Log File Rremoved:  2021-10-22 @ 16-53-40 AirdropAircraft.log (3)
[ClearOldAirdropFiles] Airdrop Log File Rremoved:  2021-10-22 @ 16-57-31 AirdropContainer.log (3)
[ClearOldAirdropFiles] Airdrop Log File Rremoved:  2021-10-22 @ 16-57-31 AirdropParachute.log (3)
[ClearOldAirdropFiles] Airdrop Log File Rremoved:  2021-10-22 @ 17-51-00 AirdropManager.log (3)
[ClearOldAirdropFiles] Airdrop Log File Rremoved:  2021-10-22 @ 18-52-37 AirdropAircraft.log (3)
[ClearOldAirdropFiles] Airdrop Log File Rremoved:  2021-10-22 @ 18-55-03 AirdropContainer.log (3)
[ClearOldAirdropFiles] Airdrop Log File Rremoved:  2021-10-22 @ 18-55-03 AirdropParachute.log (3)
[ClearOldAirdropFiles] Airdrop Log File Rremoved:  2021-10-22 @ 19-53-48 AirdropAircraft.log (3)
[ClearOldAirdropFiles] Airdrop Log File Rremoved:  2021-10-22 @ 19-56-11 AirdropContainer.log (3)
[ClearOldAirdropFiles] Airdrop Log File Rremoved:  2021-10-22 @ 19-56-11 AirdropParachute.log (3)
[ClearOldAirdropFiles] Airdrop Log File Rremoved:  2021-10-22 @ 20-54-58 AirdropAircraft.log (3)
[ClearOldAirdropFiles] Airdrop Log File Rremoved:  2021-10-22 @ 20-58-16 AirdropContainer.log (3)
[ClearOldAirdropFiles] Airdrop Log File Rremoved:  2021-10-22 @ 20-58-16 AirdropParachute.log (3)
[ClearOldAirdropFiles] Airdrop Log File Rremoved:  2021-10-22 @ 21-50-49 AirdropManager.log (3)
[ClearOldAirdropFiles] Airdrop Log File Rremoved:  2021-10-22 @ 22-52-27 AirdropAircraft.log (3)
[ClearOldAirdropFiles] Airdrop Log File Rremoved:  2021-10-22 @ 22-55-46 AirdropContainer.log (3)
[ClearOldAirdropFiles] Airdrop Log File Rremoved:  2021-10-22 @ 22-55-46 AirdropParachute.log (3)
[ClearOldAirdropFiles] Airdrop Log File Rremoved:  2021-10-22 @ 23-53-27 AirdropAircraft.log (3)
[ClearOldAirdropFiles] Airdrop Log File Rremoved:  2021-10-22 @ 23-55-00 AirdropContainer.log (3)
[ClearOldAirdropFiles] Airdrop Log File Rremoved:  2021-10-22 @ 23-55-00 AirdropParachute.log (3)
[ClearOldAirdropFiles] Logs Cleanup Completed.
[ExportDropZones] DropZone exported not bypassed.
[AirdropBase] Base class created & settings loaded.
[2021-10-25 @ 02-29-06] ----------------------------------------------------------------------------------------------------
[EOnCallAirdrop] Drop zone asigned: Novodmitrovsk <11125.000000, 0.000000, 14040.000000>
[EOnCallAirdrop] Drop zone offset to: <11115.374023, 2438.000000, 14118.884766>
[EOnCallAirdrop] Aircraft spawn point: <-1000.000000, 2438.000000, 11937.748047>
[EOnCallAirdrop] Aircraft type used=<Land_AN_12>
[EOnCallAirdrop] Aircraft bearing ... Angle/Bearing: -2.96992° / 260.164°, Text: 'West (260°)'
[EOnCallAirdrop] Aircraft was dispatched to 'Novodmitrovsk' (-1000/11937.7), from the West (260°).
[2021-10-25 @ 03-30-11] ----------------------------------------------------------------------------------------------------
[EOnCallAirdrop] Drop zone asigned: Stary Sobor <5823.000000, 0.000000, 7764.000000>
[EOnCallAirdrop] Drop zone offset to: <5819.145996, 2438.000000, 7745.575195>
[EOnCallAirdrop] Aircraft spawn point: <2627.019775, 2438.000000, -1000.000000>
[EOnCallAirdrop] Aircraft type used=<Land_AN_12>
[EOnCallAirdrop] Aircraft bearing ... Angle/Bearing: -1.92048° / 200.035°, Text: 'South (200°)'
[EOnCallAirdrop] Aircraft was dispatched to 'Stary Sobor' (2627.02/-1000), from the South (200°).
