[ClearOldAirdropFiles] Backups Cleanup Started.
[ClearOldAirdropFiles] Backup file removed:  AirdropSettings_bakup_2021-10-18 @ 02-57-38.json (6)
[ClearOldAirdropFiles] Backup file removed:  AirdropSettings_bakup_2021-10-18 @ 06-58-58.json (6)
[ClearOldAirdropFiles] Backup file removed:  AirdropSettings_bakup_2021-10-18 @ 11-00-12.json (6)
[ClearOldAirdropFiles] Backup file removed:  AirdropSettings_bakup_2021-10-18 @ 14-27-17.json (6)
[ClearOldAirdropFiles] Backup file removed:  AirdropSettings_bakup_2021-10-18 @ 18-28-43.json (6)
[ClearOldAirdropFiles] Backup file removed:  AirdropSettings_bakup_2021-10-18 @ 20-02-14.json (6)
[ClearOldAirdropFiles] Backups Cleanup Completed.
[ClearOldAirdropFiles] Airdrop Log File Rremoved:  2021-10-21 @ 00-23-46 AirdropAircraft.log (3)
[ClearOldAirdropFiles] Airdrop Log File Rremoved:  2021-10-21 @ 00-24-31 AirdropContainer.log (3)
[ClearOldAirdropFiles] Airdrop Log File Rremoved:  2021-10-21 @ 00-24-31 AirdropParachute.log (3)
[ClearOldAirdropFiles] Airdrop Log File Rremoved:  2021-10-21 @ 01-24-31 AirdropAircraft.log (3)
[ClearOldAirdropFiles] Airdrop Log File Rremoved:  2021-10-21 @ 01-25-22 AirdropContainer.log (3)
[ClearOldAirdropFiles] Airdrop Log File Rremoved:  2021-10-21 @ 01-25-22 AirdropParachute.log (3)
[ClearOldAirdropFiles] Airdrop Log File Rremoved:  2021-10-21 @ 02-23-25 AirdropManager.log (3)
[ClearOldAirdropFiles] Airdrop Log File Rremoved:  2021-10-21 @ 03-25-00 AirdropAircraft.log (3)
[ClearOldAirdropFiles] Airdrop Log File Rremoved:  2021-10-21 @ 03-26-47 AirdropContainer.log (3)
[ClearOldAirdropFiles] Airdrop Log File Rremoved:  2021-10-21 @ 03-26-47 AirdropParachute.log (3)
[ClearOldAirdropFiles] Airdrop Log File Rremoved:  2021-10-21 @ 04-26-08 AirdropAircraft.log (3)
[ClearOldAirdropFiles] Airdrop Log File Rremoved:  2021-10-21 @ 04-29-21 AirdropContainer.log (3)
[ClearOldAirdropFiles] Airdrop Log File Rremoved:  2021-10-21 @ 04-29-21 AirdropParachute.log (3)
[ClearOldAirdropFiles] Airdrop Log File Rremoved:  2021-10-21 @ 05-27-16 AirdropAircraft.log (3)
[ClearOldAirdropFiles] Airdrop Log File Rremoved:  2021-10-21 @ 05-29-43 AirdropContainer.log (3)
[ClearOldAirdropFiles] Airdrop Log File Rremoved:  2021-10-21 @ 05-29-43 AirdropParachute.log (3)
[ClearOldAirdropFiles] Airdrop Log File Rremoved:  2021-10-21 @ 06-24-35 AirdropManager.log (3)
[ClearOldAirdropFiles] Airdrop Log File Rremoved:  2021-10-21 @ 07-26-11 AirdropAircraft.log (3)
[ClearOldAirdropFiles] Airdrop Log File Rremoved:  2021-10-21 @ 07-29-44 AirdropContainer.log (3)
[ClearOldAirdropFiles] Airdrop Log File Rremoved:  2021-10-21 @ 07-29-44 AirdropParachute.log (3)
[ClearOldAirdropFiles] Airdrop Log File Rremoved:  2021-10-21 @ 08-27-21 AirdropAircraft.log (3)
[ClearOldAirdropFiles] Airdrop Log File Rremoved:  2021-10-21 @ 08-29-15 AirdropContainer.log (3)
[ClearOldAirdropFiles] Airdrop Log File Rremoved:  2021-10-21 @ 08-29-15 AirdropParachute.log (3)
[ClearOldAirdropFiles] Airdrop Log File Rremoved:  2021-10-21 @ 09-28-32 AirdropAircraft.log (3)
[ClearOldAirdropFiles] Airdrop Log File Rremoved:  2021-10-21 @ 09-30-08 AirdropContainer.log (3)
[ClearOldAirdropFiles] Airdrop Log File Rremoved:  2021-10-21 @ 09-30-08 AirdropParachute.log (3)
[ClearOldAirdropFiles] Airdrop Log File Rremoved:  2021-10-21 @ 10-25-51 AirdropManager.log (3)
[ClearOldAirdropFiles] Airdrop Log File Rremoved:  2021-10-21 @ 11-27-27 AirdropAircraft.log (3)
[ClearOldAirdropFiles] Airdrop Log File Rremoved:  2021-10-21 @ 11-30-05 AirdropContainer.log (3)
[ClearOldAirdropFiles] Airdrop Log File Rremoved:  2021-10-21 @ 11-30-05 AirdropParachute.log (3)
[ClearOldAirdropFiles] Airdrop Log File Rremoved:  2021-10-21 @ 12-28-38 AirdropAircraft.log (3)
[ClearOldAirdropFiles] Airdrop Log File Rremoved:  2021-10-21 @ 12-30-42 AirdropContainer.log (3)
[ClearOldAirdropFiles] Airdrop Log File Rremoved:  2021-10-21 @ 12-30-42 AirdropParachute.log (3)
[ClearOldAirdropFiles] Airdrop Log File Rremoved:  2021-10-21 @ 13-29-49 AirdropAircraft.log (3)
[ClearOldAirdropFiles] Airdrop Log File Rremoved:  2021-10-21 @ 13-30-39 AirdropContainer.log (3)
[ClearOldAirdropFiles] Airdrop Log File Rremoved:  2021-10-21 @ 13-30-39 AirdropParachute.log (3)
[ClearOldAirdropFiles] Airdrop Log File Rremoved:  2021-10-21 @ 14-27-06 AirdropManager.log (3)
[ClearOldAirdropFiles] Airdrop Log File Rremoved:  2021-10-21 @ 15-28-43 AirdropAircraft.log (3)
[ClearOldAirdropFiles] Airdrop Log File Rremoved:  2021-10-21 @ 15-30-31 AirdropContainer.log (3)
[ClearOldAirdropFiles] Airdrop Log File Rremoved:  2021-10-21 @ 15-30-31 AirdropParachute.log (3)
[ClearOldAirdropFiles] Airdrop Log File Rremoved:  2021-10-21 @ 16-29-53 AirdropAircraft.log (3)
[ClearOldAirdropFiles] Airdrop Log File Rremoved:  2021-10-21 @ 16-31-55 AirdropContainer.log (3)
[ClearOldAirdropFiles] Airdrop Log File Rremoved:  2021-10-21 @ 16-31-55 AirdropParachute.log (3)
[ClearOldAirdropFiles] Airdrop Log File Rremoved:  2021-10-21 @ 16-55-53 AirdropAircraft.log (3)
[ClearOldAirdropFiles] Airdrop Log File Rremoved:  2021-10-21 @ 16-58-21 AirdropContainer.log (3)
[ClearOldAirdropFiles] Airdrop Log File Rremoved:  2021-10-21 @ 16-58-21 AirdropParachute.log (3)
[ClearOldAirdropFiles] Airdrop Log File Rremoved:  2021-10-21 @ 17-31-04 AirdropAircraft.log (3)
[ClearOldAirdropFiles] Airdrop Log File Rremoved:  2021-10-21 @ 17-33-03 AirdropContainer.log (3)
[ClearOldAirdropFiles] Airdrop Log File Rremoved:  2021-10-21 @ 17-33-03 AirdropParachute.log (3)
[ClearOldAirdropFiles] Airdrop Log File Rremoved:  2021-10-21 @ 18-28-24 AirdropManager.log (3)
[ClearOldAirdropFiles] Airdrop Log File Rremoved:  2021-10-21 @ 19-30-01 AirdropAircraft.log (3)
[ClearOldAirdropFiles] Airdrop Log File Rremoved:  2021-10-21 @ 19-33-10 AirdropContainer.log (3)
[ClearOldAirdropFiles] Airdrop Log File Rremoved:  2021-10-21 @ 19-33-10 AirdropParachute.log (3)
[ClearOldAirdropFiles] Airdrop Log File Rremoved:  2021-10-21 @ 20-31-12 AirdropAircraft.log (3)
[ClearOldAirdropFiles] Airdrop Log File Rremoved:  2021-10-21 @ 20-33-12 AirdropContainer.log (3)
[ClearOldAirdropFiles] Airdrop Log File Rremoved:  2021-10-21 @ 20-33-12 AirdropParachute.log (3)
[ClearOldAirdropFiles] Airdrop Log File Rremoved:  2021-10-21 @ 21-32-22 AirdropAircraft.log (3)
[ClearOldAirdropFiles] Airdrop Log File Rremoved:  2021-10-21 @ 21-34-56 AirdropContainer.log (3)
[ClearOldAirdropFiles] Airdrop Log File Rremoved:  2021-10-21 @ 21-34-56 AirdropParachute.log (3)
[ClearOldAirdropFiles] Airdrop Log File Rremoved:  2021-10-21 @ 22-29-42 AirdropManager.log (3)
[ClearOldAirdropFiles] Airdrop Log File Rremoved:  2021-10-21 @ 23-31-18 AirdropAircraft.log (3)
[ClearOldAirdropFiles] Airdrop Log File Rremoved:  2021-10-21 @ 23-32-47 AirdropContainer.log (3)
[ClearOldAirdropFiles] Airdrop Log File Rremoved:  2021-10-21 @ 23-32-47 AirdropParachute.log (3)
[ClearOldAirdropFiles] Logs Cleanup Completed.
[ExportDropZones] DropZone exported not bypassed.
[AirdropBase] Base class created & settings loaded.
[2021-10-24 @ 02-11-21] ----------------------------------------------------------------------------------------------------
[EOnCallAirdrop] Drop zone asigned: Stary Sobor <5823.000000, 0.000000, 7764.000000>
[EOnCallAirdrop] Drop zone offset to: <5788.902832, 2438.000000, 7799.034180>
[EOnCallAirdrop] Aircraft spawn point: <-1000.000000, 2438.000000, 1361.854248>
[EOnCallAirdrop] Aircraft type used=<Land_AN_12>
[EOnCallAirdrop] Aircraft bearing ... Angle/Bearing: -2.38801° / 226.823°, Text: 'South/West (227°)'
[EOnCallAirdrop] Aircraft was dispatched to 'Stary Sobor' (-1000/1361.85), from the South/West (227°).
[2021-10-24 @ 03-12-08] ----------------------------------------------------------------------------------------------------
[EOnCallAirdrop] Drop zone asigned: Krasnostav <12159.000000, 0.000000, 12583.000000>
[EOnCallAirdrop] Drop zone offset to: <12159.961914, 2438.000000, 12681.792969>
[EOnCallAirdrop] Aircraft spawn point: <8255.099609, 2438.000000, -1000.000000>
[EOnCallAirdrop] Aircraft type used=<Land_AN_12>
[EOnCallAirdrop] Aircraft bearing ... Angle/Bearing: -1.85066° / 196.035°, Text: 'South (196°)'
[EOnCallAirdrop] Aircraft was dispatched to 'Krasnostav' (8255.1/-1000), from the South (196°).
