2021-10-25 @ 07-31-49:  [AirdropPlane] Aircraft created on 2021-10-25 @ 07-31-49
2021-10-25 @ 07-31-49:  [InitializeAircraft] Aircraft Initialized: Elektrozavodsk @ 9371/2229 (true)
2021-10-25 @ 07-31-53:  [EOnSpawnZombies] Zombie Spawned [1] ZmbF_JournalistNormal_Red @ <9369.583984, 34.107903, 2216.736816> ... Lifespan:  Set to 40 minutes.
2021-10-25 @ 07-31-58:  [EOnSpawnZombies] Zombie Spawned [2] ZmbF_Clerk_Normal_Green @ <9379.998047, 34.614765, 2220.270020> ... Lifespan:  Set to 40 minutes.
2021-10-25 @ 07-32-02:  [EOnSpawnZombies] Zombie Spawned [3] ZmbM_PatientSkinny @ <9370.115234, 29.134352, 2193.866455> ... Lifespan:  Set to 40 minutes.
2021-10-25 @ 07-32-07:  [EOnSpawnZombies] Zombie Spawned [4] ZmbM_CitizenASkinny_Blue @ <9362.905273, 38.851608, 2239.957275> ... Lifespan:  Set to 40 minutes.
2021-10-25 @ 07-32-12:  [EOnSpawnZombies] Zombie Spawned [5] ZmbM_SkaterYoung_Grey @ <9380.504883, 39.706245, 2248.380615> ... Lifespan:  Set to 40 minutes.
2021-10-25 @ 07-32-16:  [EOnSpawnZombies] Zombie Spawned [6] ZmbM_SkaterYoung_Blue @ <9406.221680, 31.989565, 2208.812500> ... Lifespan:  Set to 40 minutes.
2021-10-25 @ 07-32-21:  [EOnSpawnZombies] Zombie Spawned [7] ZmbF_Clerk_Normal_Green @ <9348.866211, 27.647717, 2185.719971> ... Lifespan:  Set to 40 minutes.
2021-10-25 @ 07-32-25:  [EOnSpawnZombies] Zombie Spawned [8] ZmbM_CitizenASkinny_Red @ <9338.375000, 37.280785, 2231.882568> ... Lifespan:  Set to 40 minutes.
2021-10-25 @ 07-32-30:  [EOnSpawnZombies] Zombie Spawned [9] ZmbM_JoggerSkinny_Green @ <9369.612305, 28.388800, 2190.188721> ... Lifespan:  Set to 40 minutes.
2021-10-25 @ 07-32-35:  [EOnSpawnZombies] Zombie Spawned [10] ZmbF_CitizenBSkinny @ <9377.797852, 37.377659, 2234.203613> ... Lifespan:  Set to 40 minutes.
2021-10-25 @ 07-32-39:  [EOnSpawnZombies] Zombie Spawned [11] ZmbF_ShortSkirt_yellow @ <9345.607422, 30.352806, 2199.522705> ... Lifespan:  Set to 40 minutes.
2021-10-25 @ 07-32-44:  [EOnSpawnZombies] Zombie Spawned [12] ZmbF_Clerk_Normal_Green @ <9414.656250, 38.266205, 2242.619141> ... Lifespan:  Set to 40 minutes.
2021-10-25 @ 07-32-48:  [EOnSpawnZombies] Zombie Spawned [13] ZmbM_Jacket_brown @ <9363.991211, 36.500523, 2227.560547> ... Lifespan:  Set to 40 minutes.
2021-10-25 @ 07-32-53:  [EOnSpawnZombies] Zombie Spawned [14] ZmbM_SkaterYoung_Blue @ <9350.119141, 43.049973, 2263.803711> ... Lifespan:  Set to 40 minutes.
2021-10-25 @ 07-32-58:  [EOnSpawnZombies] Zombie Spawned [15] ZmbM_PatrolNormal_Flat @ <9352.117188, 38.797867, 2238.841309> ... Lifespan:  Set to 40 minutes.
2021-10-25 @ 07-33-02:  [EOnSpawnZombies] Zombie Spawned [16] ZmbF_ShortSkirt_grey @ <9374.125000, 37.468575, 2234.098877> ... Lifespan:  Set to 40 minutes.
2021-10-25 @ 07-33-07:  [EOnSpawnZombies] Zombie Spawned [17] ZmbF_SkaterYoung_Brown @ <9365.526367, 36.564064, 2228.093994> ... Lifespan:  Set to 40 minutes.
2021-10-25 @ 07-33-11:  [EOnSpawnZombies] Zombie Spawned [18] ZmbM_Jacket_magenta @ <9376.040039, 41.960705, 2260.760254> ... Lifespan:  Set to 40 minutes.
2021-10-25 @ 07-33-16:  [EOnSpawnZombies] Zombie Spawned [19] ZmbM_Jacket_brown @ <9415.588867, 37.523075, 2238.163086> ... Lifespan:  Set to 40 minutes.
2021-10-25 @ 07-33-21:  [EOnSpawnZombies] Zombie Spawned [20] ZmbM_PatientSkinny @ <9386.806641, 42.404270, 2265.375488> ... Lifespan:  Set to 40 minutes.
2021-10-25 @ 07-33-25:  [EOnSpawnZombies] Zombie Spawned [21] ZmbM_CitizenASkinny_Blue @ <9331.800781, 30.027405, 2198.583740> ... Lifespan:  Set to 40 minutes.
2021-10-25 @ 07-33-30:  [EOnSpawnZombies] Zombie Spawned [22] ZmbM_JoggerSkinny_Green @ <9359.837891, 32.545170, 2208.742188> ... Lifespan:  Set to 40 minutes.
2021-10-25 @ 07-33-35:  [EOnSpawnZombies] Zombie Spawned [23] ZmbM_PolicemanSpecForce @ <9382.308594, 33.841053, 2216.830078> ... Lifespan:  Set to 40 minutes.
2021-10-25 @ 07-33-39:  [EOnSpawnZombies] Zombie Spawned [24] ZmbM_Jacket_bluechecks @ <9332.720703, 40.740688, 2253.993896> ... Lifespan:  Set to 40 minutes.
2021-10-25 @ 07-33-44:  [EOnSpawnZombies] Zombie Spawned [25] ZmbM_ParamedicNormal_Red @ <9382.089844, 35.428314, 2224.586914> ... Lifespan:  Set to 40 minutes.
2021-10-25 @ 07-33-48:  [EOnSpawnZombies] Zombie Spawned [26] ZmbM_JoggerSkinny_Red @ <9365.145508, 34.945724, 2220.141357> ... Lifespan:  Set to 40 minutes.
2021-10-25 @ 07-33-53:  [EOnSpawnZombies] Zombie Spawned [27] ZmbM_DoctorFat @ <9376.474609, 44.093090, 2272.239990> ... Lifespan:  Set to 40 minutes.
2021-10-25 @ 07-33-54:  [EOnBeforeDrop] The Aircraft is 1 Km from Elektrozavodsk, from the West (252°). @ <8419.252930, 152.000610, 1926.529419>
2021-10-25 @ 07-33-58:  [EOnSpawnZombies] Zombie Spawned [28] ZmbF_JournalistNormal_Green @ <9375.723633, 31.041046, 2203.317139> ... Lifespan:  Set to 40 minutes.
2021-10-25 @ 07-34-02:  [EOnSpawnZombies] Zombie Spawned [29] ZmbM_CitizenBFat_Red @ <9375.334961, 35.604519, 2224.601318> ... Lifespan:  Set to 40 minutes.
2021-10-25 @ 07-34-06:  [EOnDrop] Drop spawned with 30 infected at <9285.359375, 157.678070, 2201.560547>.
2021-10-25 @ 07-34-06:  [EOnDrop] Supplies have been dropped near Elektrozavodsk.
2021-10-25 @ 07-35-42:  [EOnBeforeDelete] Aircraft despawned @ <16361.320313, 152.000610, 4448.732422>
2021-10-25 @ 07-35-42:  [~AirdropPlane] Aircraft destroyed.
