2021-10-25 @ 08-33-00:  [AirdropPlane] Aircraft created on 2021-10-25 @ 08-33-00
2021-10-25 @ 08-33-00:  [InitializeAircraft] Aircraft Initialized: Zelenogorks @ 2351/5393 (true)
2021-10-25 @ 08-33-05:  [EOnSpawnZombies] Zombie Spawned [1] ZmbF_JoggerSkinny_Green @ <2364.190918, 197.182831, 5398.865234> ... Lifespan:  Set to 40 minutes.
2021-10-25 @ 08-33-10:  [EOnSpawnZombies] Zombie Spawned [2] ZmbM_PolicemanSpecForce @ <2309.062500, 194.555267, 5371.246582> ... Lifespan:  Set to 40 minutes.
2021-10-25 @ 08-33-14:  [EOnSpawnZombies] Zombie Spawned [3] ZmbF_CitizenANormal_Brown @ <2370.937256, 197.647446, 5402.220215> ... Lifespan:  Set to 40 minutes.
2021-10-25 @ 08-33-19:  [EOnSpawnZombies] Zombie Spawned [4] ZmbM_PatrolNormal_Summer @ <2373.829590, 190.519592, 5351.098145> ... Lifespan:  Set to 40 minutes.
2021-10-25 @ 08-33-24:  [EOnSpawnZombies] Zombie Spawned [5] ZmbM_ParamedicNormal_Red @ <2356.832275, 195.091446, 5385.271973> ... Lifespan:  Set to 40 minutes.
2021-10-25 @ 08-33-29:  [EOnSpawnZombies] Zombie Spawned [6] ZmbF_JournalistNormal_Blue @ <2386.212402, 193.872635, 5374.220215> ... Lifespan:  Set to 40 minutes.
2021-10-25 @ 08-33-34:  [EOnSpawnZombies] Zombie Spawned [7] ZmbF_ShortSkirt_green @ <2340.827148, 195.932907, 5392.246582> ... Lifespan:  Set to 40 minutes.
2021-10-25 @ 08-33-39:  [EOnSpawnZombies] Zombie Spawned [8] ZmbM_CitizenASkinny_Brown @ <2370.186279, 195.071884, 5383.598145> ... Lifespan:  Set to 40 minutes.
2021-10-25 @ 08-33-44:  [EOnSpawnZombies] Zombie Spawned [9] ZmbM_CitizenASkinny_Blue @ <2313.972656, 195.660965, 5388.725098> ... Lifespan:  Set to 40 minutes.
2021-10-25 @ 08-33-49:  [EOnSpawnZombies] Zombie Spawned [10] ZmbM_CitizenASkinny_Red @ <2348.638184, 200.199829, 5428.117676> ... Lifespan:  Set to 40 minutes.
2021-10-25 @ 08-33-54:  [EOnSpawnZombies] Zombie Spawned [11] ZmbM_SkaterYoung_Blue @ <2372.029541, 198.658524, 5411.907227> ... Lifespan:  Set to 40 minutes.
2021-10-25 @ 08-33-59:  [EOnSpawnZombies] Zombie Spawned [12] ZmbM_SkaterYoung_Brown @ <2328.658936, 199.555161, 5421.714844> ... Lifespan:  Set to 40 minutes.
2021-10-25 @ 08-34-04:  [EOnSpawnZombies] Zombie Spawned [13] ZmbM_CommercialPilotOld_Brown @ <2330.713867, 195.387070, 5388.833496> ... Lifespan:  Set to 40 minutes.
2021-10-25 @ 08-34-09:  [EOnSpawnZombies] Zombie Spawned [14] ZmbM_Jacket_grey @ <2368.403809, 194.840317, 5382.517578> ... Lifespan:  Set to 40 minutes.
2021-10-25 @ 08-34-14:  [EOnSpawnZombies] Zombie Spawned [15] ZmbM_ParamedicNormal_Blue @ <2360.303955, 190.478897, 5356.703613> ... Lifespan:  Set to 40 minutes.
2021-10-25 @ 08-34-19:  [EOnSpawnZombies] Zombie Spawned [16] ZmbF_CitizenANormal_Beige @ <2357.008545, 199.053497, 5416.306641> ... Lifespan:  Set to 40 minutes.
2021-10-25 @ 08-34-24:  [EOnSpawnZombies] Zombie Spawned [17] ZmbF_Clerk_Normal_Blue @ <2396.601318, 196.745987, 5394.110840> ... Lifespan:  Set to 40 minutes.
2021-10-25 @ 08-34-29:  [EOnSpawnZombies] Zombie Spawned [18] ZmbM_JoggerSkinny_Blue @ <2332.958740, 198.997818, 5417.627441> ... Lifespan:  Set to 40 minutes.
2021-10-25 @ 08-34-33:  [EOnSpawnZombies] Zombie Spawned [19] ZmbF_ParamedicNormal_Blue @ <2341.302979, 198.745071, 5414.727051> ... Lifespan:  Set to 40 minutes.
2021-10-25 @ 08-34-38:  [EOnSpawnZombies] Zombie Spawned [20] ZmbM_JoggerSkinny_Blue @ <2327.406250, 193.767654, 5368.156738> ... Lifespan:  Set to 40 minutes.
2021-10-25 @ 08-34-43:  [EOnSpawnZombies] Zombie Spawned [21] ZmbM_Jacket_khaki @ <2341.934570, 198.650375, 5413.813477> ... Lifespan:  Set to 40 minutes.
2021-10-25 @ 08-34-48:  [EOnSpawnZombies] Zombie Spawned [22] ZmbF_Clerk_Normal_Green @ <2331.888428, 198.616943, 5414.502441> ... Lifespan:  Set to 40 minutes.
2021-10-25 @ 08-34-53:  [EOnSpawnZombies] Zombie Spawned [23] ZmbF_ShortSkirt_stripes @ <2349.508301, 193.602036, 5377.085938> ... Lifespan:  Set to 40 minutes.
2021-10-25 @ 08-34-58:  [EOnSpawnZombies] Zombie Spawned [24] ZmbF_ShortSkirt_grey @ <2363.385010, 198.702774, 5412.534180> ... Lifespan:  Set to 40 minutes.
2021-10-25 @ 08-35-03:  [EOnSpawnZombies] Zombie Spawned [25] ZmbF_JoggerSkinny_Green @ <2380.050537, 200.109436, 5429.000977> ... Lifespan:  Set to 40 minutes.
2021-10-25 @ 08-35-08:  [EOnSpawnZombies] Zombie Spawned [26] ZmbM_SkaterYoung_Grey @ <2365.361328, 199.242905, 5418.183594> ... Lifespan:  Set to 40 minutes.
2021-10-25 @ 08-35-13:  [EOnSpawnZombies] Zombie Spawned [27] ZmbF_SkaterYoung_Violet @ <2343.993896, 194.589432, 5383.094238> ... Lifespan:  Set to 40 minutes.
2021-10-25 @ 08-35-15:  [EOnBeforeDrop] The Aircraft is 1 Km from Zelenogorks, from the North (344°). @ <2070.012695, 453.037933, 6351.545410>
2021-10-25 @ 08-35-18:  [EOnSpawnZombies] Zombie Spawned [28] ZmbF_JournalistNormal_Blue @ <2383.214600, 197.796753, 5403.307617> ... Lifespan:  Set to 40 minutes.
2021-10-25 @ 08-35-23:  [EOnSpawnZombies] Zombie Spawned [29] ZmbM_PatrolNormal_PautRev @ <2340.035400, 197.553085, 5404.617188> ... Lifespan:  Set to 40 minutes.
2021-10-25 @ 08-35-27:  [EOnDrop] Drop spawned with 30 infected at <2328.270752, 381.461395, 5472.285156>.
2021-10-25 @ 08-35-27:  [EOnDrop] Supplies have been dropped near Zelenogorks.
2021-10-25 @ 08-36-54:  [EOnBeforeDelete] Aircraft despawned @ <4229.533691, 152.000610, -1000.782776>
2021-10-25 @ 08-36-54:  [~AirdropPlane] Aircraft destroyed.
