2021-10-25 @ 13-34-32:  [AirdropPlane] Aircraft created on 2021-10-25 @ 13-34-32
2021-10-25 @ 13-34-32:  [InitializeAircraft] Aircraft Initialized: Elektrozavodsk @ 9371/2229 (true)
2021-10-25 @ 13-34-34:  [EOnSpawnZombies] Zombie Spawned [1] ZmbF_SkaterYoung_Violet @ <9386.895508, 28.400269, 2190.826416> ... Lifespan:  Set to 40 minutes.
2021-10-25 @ 13-34-37:  [EOnSpawnZombies] Zombie Spawned [2] ZmbM_ParamedicNormal_Blue @ <9374.963867, 42.292339, 2262.412109> ... Lifespan:  Set to 40 minutes.
2021-10-25 @ 13-34-39:  [EOnSpawnZombies] Zombie Spawned [3] ZmbF_ParamedicNormal_Red @ <9364.868164, 45.709274, 2278.308350> ... Lifespan:  Set to 40 minutes.
2021-10-25 @ 13-34-41:  [EOnSpawnZombies] Zombie Spawned [4] ZmbF_PoliceWomanNormal @ <9365.129883, 45.615292, 2277.883789> ... Lifespan:  Set to 40 minutes.
2021-10-25 @ 13-34-43:  [EOnSpawnZombies] Zombie Spawned [5] ZmbF_ParamedicNormal_Green @ <9391.821289, 43.491653, 2271.933838> ... Lifespan:  Set to 40 minutes.
2021-10-25 @ 13-34-45:  [EOnSpawnZombies] Zombie Spawned [6] ZmbF_ShortSkirt_brown @ <9357.619141, 43.605350, 2267.104004> ... Lifespan:  Set to 40 minutes.
2021-10-25 @ 13-34-47:  [EOnSpawnZombies] Zombie Spawned [7] ZmbM_PatrolNormal_Autumn @ <9390.215820, 27.644035, 2186.720215> ... Lifespan:  Set to 40 minutes.
2021-10-25 @ 13-34-49:  [EOnSpawnZombies] Zombie Spawned [8] ZmbF_JournalistNormal_Blue @ <9376.117188, 33.486813, 2214.538818> ... Lifespan:  Set to 40 minutes.
2021-10-25 @ 13-34-51:  [EOnSpawnZombies] Zombie Spawned [9] ZmbM_PatrolNormal_PautRev @ <9396.099609, 36.125401, 2229.486084> ... Lifespan:  Set to 40 minutes.
2021-10-25 @ 13-34-53:  [EOnSpawnZombies] Zombie Spawned [10] ZmbF_CitizenANormal_Beige @ <9332.769531, 33.466072, 2214.114014> ... Lifespan:  Set to 40 minutes.
2021-10-25 @ 13-34-55:  [EOnSpawnZombies] Zombie Spawned [11] ZmbM_PatrolNormal_Flat @ <9353.671875, 36.065128, 2224.622559> ... Lifespan:  Set to 40 minutes.
2021-10-25 @ 13-34-57:  [EOnSpawnZombies] Zombie Spawned [12] ZmbM_Jacket_brown @ <9359.410156, 35.864620, 2223.959473> ... Lifespan:  Set to 40 minutes.
2021-10-25 @ 13-34-59:  [EOnSpawnZombies] Zombie Spawned [13] ZmbF_ParamedicNormal_Green @ <9331.694336, 41.232906, 2257.348633> ... Lifespan:  Set to 40 minutes.
2021-10-25 @ 13-35-01:  [EOnSpawnZombies] Zombie Spawned [14] ZmbF_PatientOld @ <9380.444336, 36.474613, 2229.736816> ... Lifespan:  Set to 40 minutes.
2021-10-25 @ 13-35-03:  [EOnSpawnZombies] Zombie Spawned [15] ZmbM_JoggerSkinny_Red @ <9355.875977, 41.794373, 2256.689209> ... Lifespan:  Set to 40 minutes.
2021-10-25 @ 13-35-06:  [EOnSpawnZombies] Zombie Spawned [16] ZmbM_JoggerSkinny_Green @ <9362.132813, 33.057991, 2211.184082> ... Lifespan:  Set to 40 minutes.
2021-10-25 @ 13-35-08:  [EOnSpawnZombies] Zombie Spawned [17] ZmbF_ShortSkirt_white @ <9407.545898, 39.674000, 2251.317383> ... Lifespan:  Set to 40 minutes.
2021-10-25 @ 13-35-10:  [EOnSpawnZombies] Zombie Spawned [18] ZmbF_JoggerSkinny_Green @ <9370.658203, 38.705357, 2240.401367> ... Lifespan:  Set to 40 minutes.
2021-10-25 @ 13-35-12:  [EOnSpawnZombies] Zombie Spawned [19] ZmbF_SkaterYoung_Violet @ <9412.718750, 33.114262, 2214.215332> ... Lifespan:  Set to 40 minutes.
2021-10-25 @ 13-35-14:  [EOnSpawnZombies] Zombie Spawned [20] ZmbM_PatrolNormal_Flat @ <9397.624023, 40.658405, 2256.826416> ... Lifespan:  Set to 40 minutes.
2021-10-25 @ 13-35-16:  [EOnSpawnZombies] Zombie Spawned [21] ZmbF_PoliceWomanNormal @ <9364.929688, 35.887882, 2224.688721> ... Lifespan:  Set to 40 minutes.
2021-10-25 @ 13-35-18:  [EOnSpawnZombies] Zombie Spawned [22] ZmbF_PatientOld @ <9386.059570, 31.600199, 2206.534180> ... Lifespan:  Set to 40 minutes.
2021-10-25 @ 13-35-20:  [EOnSpawnZombies] Zombie Spawned [23] ZmbM_Jacket_blue @ <9399.701172, 31.235683, 2205.184326> ... Lifespan:  Set to 40 minutes.
2021-10-25 @ 13-35-22:  [EOnBeforeDrop] The Aircraft is 1 Km from Elektrozavodsk, from the South/West (228°). @ <8632.186523, 152.000610, 1557.080444>
2021-10-25 @ 13-35-22:  [EOnSpawnZombies] Zombie Spawned [24] ZmbM_JoggerSkinny_Red @ <9398.621094, 33.206619, 2214.640869> ... Lifespan:  Set to 40 minutes.
2021-10-25 @ 13-35-24:  [EOnSpawnZombies] Zombie Spawned [25] ZmbM_PolicemanSpecForce @ <9386.332031, 34.175098, 2218.716309> ... Lifespan:  Set to 40 minutes.
2021-10-25 @ 13-35-26:  [EOnSpawnZombies] Zombie Spawned [26] ZmbM_PatientSkinny @ <9342.334961, 35.812828, 2223.881836> ... Lifespan:  Set to 40 minutes.
2021-10-25 @ 13-35-28:  [EOnSpawnZombies] Zombie Spawned [27] ZmbM_ClerkFat_White @ <9378.285156, 34.812153, 2221.041016> ... Lifespan:  Set to 40 minutes.
2021-10-25 @ 13-35-30:  [EOnSpawnZombies] Zombie Spawned [28] ZmbM_DoctorFat @ <9368.808594, 35.361340, 2222.594482> ... Lifespan:  Set to 40 minutes.
2021-10-25 @ 13-35-33:  [EOnSpawnZombies] Zombie Spawned [29] ZmbM_CitizenASkinny_Red @ <9365.013672, 36.010101, 2225.294434> ... Lifespan:  Set to 40 minutes.
2021-10-25 @ 13-35-33:  [EOnDrop] Drop spawned with 30 infected at <9301.335938, 152.170242, 2165.841064>.
2021-10-25 @ 13-35-33:  [EOnDrop] Supplies have been dropped near Elektrozavodsk.
2021-10-25 @ 13-37-37:  [EOnBeforeDelete] Aircraft despawned @ <16360.933594, 152.000610, 8587.973633>
2021-10-25 @ 13-37-37:  [~AirdropPlane] Aircraft destroyed.
