2021-10-24 @ 00-10-34:  [AirdropPlane] Aircraft created on 2021-10-24 @ 00-10-34
2021-10-24 @ 00-10-34:  [InitializeAircraft] Aircraft Initialized: Zelenogorks @ 2351/5393 (true)
2021-10-24 @ 00-10-38:  [EOnSpawnZombies] Zombie Spawned [1] ZmbF_PoliceWomanNormal @ <2303.299072, 197.408875, 5403.132813> ... Lifespan:  Set to 40 minutes.
2021-10-24 @ 00-10-43:  [EOnSpawnZombies] Zombie Spawned [2] ZmbM_SkaterYoung_Brown @ <2369.365234, 196.563431, 5393.595215> ... Lifespan:  Set to 40 minutes.
2021-10-24 @ 00-10-48:  [EOnSpawnZombies] Zombie Spawned [3] ZmbF_ShortSkirt_beige @ <2355.559082, 191.775513, 5368.736328> ... Lifespan:  Set to 40 minutes.
2021-10-24 @ 00-10-52:  [EOnSpawnZombies] Zombie Spawned [4] ZmbF_ShortSkirt_stripes @ <2368.972412, 190.512711, 5350.573242> ... Lifespan:  Set to 40 minutes.
2021-10-24 @ 00-10-57:  [EOnSpawnZombies] Zombie Spawned [5] ZmbM_PatrolNormal_Summer @ <2338.875244, 195.107727, 5386.687012> ... Lifespan:  Set to 40 minutes.
2021-10-24 @ 00-11-02:  [EOnSpawnZombies] Zombie Spawned [6] ZmbM_CommercialPilotOld_Brown @ <2355.336670, 200.303528, 5430.041016> ... Lifespan:  Set to 40 minutes.
2021-10-24 @ 00-11-07:  [EOnSpawnZombies] Zombie Spawned [7] ZmbM_PrisonerSkinny @ <2363.302734, 198.163773, 5407.307129> ... Lifespan:  Set to 40 minutes.
2021-10-24 @ 00-11-11:  [EOnSpawnZombies] Zombie Spawned [8] ZmbF_JournalistNormal_Red @ <2328.750000, 195.945999, 5392.878906> ... Lifespan:  Set to 40 minutes.
2021-10-24 @ 00-11-16:  [EOnSpawnZombies] Zombie Spawned [9] ZmbM_Jacket_black @ <2361.241699, 194.916824, 5383.879883> ... Lifespan:  Set to 40 minutes.
2021-10-24 @ 00-11-21:  [EOnSpawnZombies] Zombie Spawned [10] ZmbM_ClerkFat_Khaki @ <2358.697021, 199.055450, 5416.256836> ... Lifespan:  Set to 40 minutes.
2021-10-24 @ 00-11-26:  [EOnSpawnZombies] Zombie Spawned [11] ZmbF_ShortSkirt_beige @ <2369.110596, 195.709381, 5387.777344> ... Lifespan:  Set to 40 minutes.
2021-10-24 @ 00-11-30:  [EOnSpawnZombies] Zombie Spawned [12] ZmbF_JournalistNormal_Red @ <2392.527832, 198.259445, 5408.156250> ... Lifespan:  Set to 40 minutes.
2021-10-24 @ 00-11-35:  [EOnSpawnZombies] Zombie Spawned [13] ZmbM_Jacket_khaki @ <2342.536377, 195.915009, 5391.976563> ... Lifespan:  Set to 40 minutes.
2021-10-24 @ 00-11-40:  [EOnSpawnZombies] Zombie Spawned [14] ZmbM_SkaterYoung_Brown @ <2361.615479, 197.734497, 5403.730469> ... Lifespan:  Set to 40 minutes.
2021-10-24 @ 00-11-45:  [EOnSpawnZombies] Zombie Spawned [15] ZmbF_Clerk_Normal_Blue @ <2376.450928, 195.034836, 5382.387695> ... Lifespan:  Set to 40 minutes.
2021-10-24 @ 00-11-49:  [EOnSpawnZombies] Zombie Spawned [16] ZmbF_ShortSkirt_beige @ <2358.923828, 191.973114, 5369.657227> ... Lifespan:  Set to 40 minutes.
2021-10-24 @ 00-11-54:  [EOnSpawnZombies] Zombie Spawned [17] ZmbM_SkaterYoung_Grey @ <2383.794678, 198.177231, 5407.036133> ... Lifespan:  Set to 40 minutes.
2021-10-24 @ 00-11-59:  [EOnSpawnZombies] Zombie Spawned [18] ZmbF_ParamedicNormal_Red @ <2320.265869, 199.783554, 5422.483398> ... Lifespan:  Set to 40 minutes.
2021-10-24 @ 00-12-04:  [EOnSpawnZombies] Zombie Spawned [19] ZmbM_CitizenASkinny_Brown @ <2378.815674, 200.432846, 5431.781738> ... Lifespan:  Set to 40 minutes.
2021-10-24 @ 00-12-08:  [EOnSpawnZombies] Zombie Spawned [20] ZmbF_JoggerSkinny_Green @ <2352.722900, 190.610733, 5345.637695> ... Lifespan:  Set to 40 minutes.
2021-10-24 @ 00-12-13:  [EOnSpawnZombies] Zombie Spawned [21] ZmbF_Clerk_Normal_White @ <2352.506104, 195.372421, 5387.536133> ... Lifespan:  Set to 40 minutes.
2021-10-24 @ 00-12-18:  [EOnSpawnZombies] Zombie Spawned [22] ZmbF_ParamedicNormal_Green @ <2357.795898, 200.231918, 5429.391602> ... Lifespan:  Set to 40 minutes.
2021-10-24 @ 00-12-23:  [EOnSpawnZombies] Zombie Spawned [23] ZmbF_JoggerSkinny_Green @ <2349.132080, 196.863007, 5398.156738> ... Lifespan:  Set to 40 minutes.
2021-10-24 @ 00-12-27:  [EOnSpawnZombies] Zombie Spawned [24] ZmbF_JournalistNormal_White @ <2373.646729, 194.230270, 5378.066406> ... Lifespan:  Set to 40 minutes.
2021-10-24 @ 00-12-32:  [EOnSpawnZombies] Zombie Spawned [25] ZmbF_JoggerSkinny_Blue @ <2383.174072, 194.003799, 5375.152832> ... Lifespan:  Set to 40 minutes.
2021-10-24 @ 00-12-37:  [EOnSpawnZombies] Zombie Spawned [26] ZmbM_PolicemanFat @ <2357.646484, 195.197220, 5385.871582> ... Lifespan:  Set to 40 minutes.
2021-10-24 @ 00-12-42:  [EOnSpawnZombies] Zombie Spawned [27] ZmbF_DoctorSkinny @ <2373.958496, 193.628891, 5374.824707> ... Lifespan:  Set to 40 minutes.
2021-10-24 @ 00-12-43:  [EOnBeforeDrop] The Aircraft is 1 Km from Zelenogorks, from the North (358°). @ <2318.137939, 488.918762, 6391.229492>
2021-10-24 @ 00-12-46:  [EOnSpawnZombies] Zombie Spawned [28] ZmbM_PatrolNormal_PautRev @ <2353.572754, 198.310165, 5409.476563> ... Lifespan:  Set to 40 minutes.
2021-10-24 @ 00-12-51:  [EOnSpawnZombies] Zombie Spawned [29] ZmbM_ParamedicNormal_Red @ <2356.119873, 190.434494, 5357.770996> ... Lifespan:  Set to 40 minutes.
2021-10-24 @ 00-12-55:  [EOnDrop] Drop spawned with 30 infected at <2347.868408, 383.470459, 5481.108398>.
2021-10-24 @ 00-12-55:  [EOnDrop] Supplies have been dropped near Zelenogorks.
2021-10-24 @ 00-14-19:  [EOnBeforeDelete] Aircraft despawned @ <2559.635010, 152.000610, -1001.431213>
2021-10-24 @ 00-14-19:  [~AirdropPlane] Aircraft destroyed.
