2021-10-24 @ 22-26-37:  [AirdropPlane] Aircraft created on 2021-10-24 @ 22-26-37
2021-10-24 @ 22-26-37:  [InitializeAircraft] Aircraft Initialized: Chernogorks @ 6128/2497 (true)
2021-10-24 @ 22-26-39:  [EOnSpawnZombies] Zombie Spawned [1] ZmbF_ShortSkirt_grey @ <6148.561035, 20.660795, 2506.451416> ... Lifespan:  Set to 40 minutes.
2021-10-24 @ 22-26-42:  [EOnSpawnZombies] Zombie Spawned [2] ZmbM_Jacket_khaki @ <6118.135254, 24.511194, 2503.093262> ... Lifespan:  Set to 40 minutes.
2021-10-24 @ 22-26-44:  [EOnSpawnZombies] Zombie Spawned [3] ZmbM_ClerkFat_White @ <6104.418945, 26.984142, 2472.604736> ... Lifespan:  Set to 40 minutes.
2021-10-24 @ 22-26-46:  [EOnSpawnZombies] Zombie Spawned [4] ZmbM_SkaterYoung_Brown @ <6097.668945, 27.506508, 2529.446777> ... Lifespan:  Set to 40 minutes.
2021-10-24 @ 22-26-48:  [EOnSpawnZombies] Zombie Spawned [5] ZmbM_CommercialPilotOld_Olive @ <6096.711914, 27.868889, 2518.348633> ... Lifespan:  Set to 40 minutes.
2021-10-24 @ 22-26-50:  [EOnSpawnZombies] Zombie Spawned [6] ZmbF_DoctorSkinny @ <6112.643555, 25.259485, 2528.830322> ... Lifespan:  Set to 40 minutes.
2021-10-24 @ 22-26-52:  [EOnSpawnZombies] Zombie Spawned [7] ZmbF_PatientOld @ <6104.935547, 27.172007, 2464.719238> ... Lifespan:  Set to 40 minutes.
2021-10-24 @ 22-26-54:  [EOnSpawnZombies] Zombie Spawned [8] ZmbF_DoctorSkinny @ <6173.701660, 15.759670, 2477.593506> ... Lifespan:  Set to 40 minutes.
2021-10-24 @ 22-26-56:  [EOnSpawnZombies] Zombie Spawned [9] ZmbF_ShortSkirt_checks @ <6140.260742, 21.649731, 2496.199219> ... Lifespan:  Set to 40 minutes.
2021-10-24 @ 22-26-58:  [EOnSpawnZombies] Zombie Spawned [10] ZmbM_PatrolNormal_Summer @ <6136.582031, 21.964945, 2479.557861> ... Lifespan:  Set to 40 minutes.
2021-10-24 @ 22-27-01:  [EOnSpawnZombies] Zombie Spawned [11] ZmbM_ClerkFat_Khaki @ <6114.149902, 24.958111, 2497.155518> ... Lifespan:  Set to 40 minutes.
2021-10-24 @ 22-27-03:  [EOnSpawnZombies] Zombie Spawned [12] ZmbF_ShortSkirt_black @ <6149.962402, 20.765657, 2536.191162> ... Lifespan:  Set to 40 minutes.
2021-10-24 @ 22-27-05:  [EOnSpawnZombies] Zombie Spawned [13] ZmbM_SkaterYoung_Brown @ <6121.786621, 24.083395, 2502.557129> ... Lifespan:  Set to 40 minutes.
2021-10-24 @ 22-27-07:  [EOnSpawnZombies] Zombie Spawned [14] ZmbM_JoggerSkinny_Blue @ <6109.680176, 25.637146, 2510.058838> ... Lifespan:  Set to 40 minutes.
2021-10-24 @ 22-27-09:  [EOnSpawnZombies] Zombie Spawned [15] ZmbF_JoggerSkinny_Blue @ <6109.981934, 26.089584, 2490.780273> ... Lifespan:  Set to 40 minutes.
2021-10-24 @ 22-27-11:  [EOnSpawnZombies] Zombie Spawned [16] ZmbM_PatientSkinny @ <6160.245117, 18.304253, 2461.719727> ... Lifespan:  Set to 40 minutes.
2021-10-24 @ 22-27-13:  [EOnSpawnZombies] Zombie Spawned [17] ZmbF_ShortSkirt_red @ <6106.681152, 26.153276, 2509.859375> ... Lifespan:  Set to 40 minutes.
2021-10-24 @ 22-27-15:  [EOnSpawnZombies] Zombie Spawned [18] ZmbF_JoggerSkinny_Brown @ <6134.093262, 22.077414, 2460.151611> ... Lifespan:  Set to 40 minutes.
2021-10-24 @ 22-27-18:  [EOnSpawnZombies] Zombie Spawned [19] ZmbM_CitizenBFat_Green @ <6142.582520, 21.183195, 2489.211914> ... Lifespan:  Set to 40 minutes.
2021-10-24 @ 22-27-20:  [EOnSpawnZombies] Zombie Spawned [20] ZmbM_CitizenASkinny_Blue @ <6110.310059, 25.769306, 2495.053955> ... Lifespan:  Set to 40 minutes.
2021-10-24 @ 22-27-22:  [EOnSpawnZombies] Zombie Spawned [21] ZmbF_JoggerSkinny_Red @ <6170.303223, 17.440701, 2519.352051> ... Lifespan:  Set to 40 minutes.
2021-10-24 @ 22-27-24:  [EOnSpawnZombies] Zombie Spawned [22] ZmbM_CommercialPilotOld_Blue @ <6095.551758, 28.358484, 2502.961670> ... Lifespan:  Set to 40 minutes.
2021-10-24 @ 22-27-26:  [EOnSpawnZombies] Zombie Spawned [23] ZmbM_ParamedicNormal_Blue @ <6164.557617, 18.063574, 2502.308350> ... Lifespan:  Set to 40 minutes.
2021-10-24 @ 22-27-28:  [EOnBeforeDrop] The Aircraft is 1 Km from Chernogorks, from the South/West (224°). @ <5429.824707, 152.000610, 1783.119873>
2021-10-24 @ 22-27-28:  [EOnSpawnZombies] Zombie Spawned [24] ZmbF_JoggerSkinny_Brown @ <6113.945313, 25.265383, 2539.346436> ... Lifespan:  Set to 40 minutes.
2021-10-24 @ 22-27-30:  [EOnSpawnZombies] Zombie Spawned [25] ZmbM_CommercialPilotOld_Olive @ <6141.416992, 21.746189, 2514.925537> ... Lifespan:  Set to 40 minutes.
2021-10-24 @ 22-27-32:  [EOnSpawnZombies] Zombie Spawned [26] ZmbF_Clerk_Normal_Red @ <6139.912598, 21.960367, 2517.861816> ... Lifespan:  Set to 40 minutes.
2021-10-24 @ 22-27-34:  [EOnSpawnZombies] Zombie Spawned [27] ZmbF_SkaterYoung_Violet @ <6091.334473, 28.940329, 2522.245117> ... Lifespan:  Set to 40 minutes.
2021-10-24 @ 22-27-37:  [EOnSpawnZombies] Zombie Spawned [28] ZmbF_ParamedicNormal_Red @ <6145.296875, 21.289614, 2534.068848> ... Lifespan:  Set to 40 minutes.
2021-10-24 @ 22-27-39:  [EOnSpawnZombies] Zombie Spawned [29] ZmbF_PoliceWomanNormal @ <6140.327148, 21.402670, 2481.626221> ... Lifespan:  Set to 40 minutes.
2021-10-24 @ 22-27-40:  [EOnDrop] Drop spawned with 30 infected at <6073.355469, 168.867966, 2440.974609>.
2021-10-24 @ 22-27-40:  [EOnDrop] Supplies have been dropped near Chernogorks.
2021-10-24 @ 22-30-50:  [EOnBeforeDelete] Aircraft despawned @ <16360.144531, 152.000610, 12958.185547>
2021-10-24 @ 22-30-50:  [~AirdropPlane] Aircraft destroyed.
