2021-10-25 @ 02-29-06:  [AirdropPlane] Aircraft created on 2021-10-25 @ 02-29-06
2021-10-25 @ 02-29-06:  [InitializeAircraft] Aircraft Initialized: Novodmitrovsk @ 11125/14040 (true)
2021-10-25 @ 02-29-12:  [EOnSpawnZombies] Zombie Spawned [1] ZmbF_ShortSkirt_grey @ <11130.305664, 78.745537, 14082.296875> ... Lifespan:  Set to 40 minutes.
2021-10-25 @ 02-29-17:  [EOnSpawnZombies] Zombie Spawned [2] ZmbM_SkaterYoung_Green @ <11128.153320, 110.414009, 13996.646484> ... Lifespan:  Set to 40 minutes.
2021-10-25 @ 02-29-22:  [EOnSpawnZombies] Zombie Spawned [3] ZmbF_ShortSkirt_stripes @ <11119.414063, 99.310234, 14032.083984> ... Lifespan:  Set to 40 minutes.
2021-10-25 @ 02-29-27:  [EOnSpawnZombies] Zombie Spawned [4] ZmbM_JoggerSkinny_Red @ <11122.954102, 82.520561, 14070.590820> ... Lifespan:  Set to 40 minutes.
2021-10-25 @ 02-29-33:  [EOnSpawnZombies] Zombie Spawned [5] ZmbM_ClerkFat_Brown @ <11131.472656, 94.577423, 14037.976563> ... Lifespan:  Set to 40 minutes.
2021-10-25 @ 02-29-38:  [EOnSpawnZombies] Zombie Spawned [6] ZmbF_ParamedicNormal_Green @ <11119.199219, 95.510330, 14040.878906> ... Lifespan:  Set to 40 minutes.
2021-10-25 @ 02-29-43:  [EOnSpawnZombies] Zombie Spawned [7] ZmbF_NurseFat @ <11097.289063, 96.844055, 14041.300781> ... Lifespan:  Set to 40 minutes.
2021-10-25 @ 02-29-49:  [EOnSpawnZombies] Zombie Spawned [8] ZmbM_Jacket_grey @ <11135.513672, 94.243805, 14037.706055> ... Lifespan:  Set to 40 minutes.
2021-10-25 @ 02-29-54:  [EOnSpawnZombies] Zombie Spawned [9] ZmbF_ParamedicNormal_Red @ <11104.611328, 88.750206, 14060.245117> ... Lifespan:  Set to 40 minutes.
2021-10-25 @ 02-29-59:  [EOnSpawnZombies] Zombie Spawned [10] ZmbM_DoctorFat @ <11105.248047, 93.009064, 14051.883789> ... Lifespan:  Set to 40 minutes.
2021-10-25 @ 02-30-05:  [EOnSpawnZombies] Zombie Spawned [11] ZmbF_ShortSkirt_checks @ <11149.303711, 87.804237, 14055.332031> ... Lifespan:  Set to 40 minutes.
2021-10-25 @ 02-30-10:  [EOnSpawnZombies] Zombie Spawned [12] ZmbF_ShortSkirt_white @ <11094.226563, 91.942223, 14055.435547> ... Lifespan:  Set to 40 minutes.
2021-10-25 @ 02-30-15:  [EOnSpawnZombies] Zombie Spawned [13] ZmbM_ParamedicNormal_Red @ <11130.417969, 92.839378, 14043.468750> ... Lifespan:  Set to 40 minutes.
2021-10-25 @ 02-30-21:  [EOnSpawnZombies] Zombie Spawned [14] ZmbM_PatrolNormal_Autumn @ <11122.873047, 99.251350, 14029.683594> ... Lifespan:  Set to 40 minutes.
2021-10-25 @ 02-30-26:  [EOnSpawnZombies] Zombie Spawned [15] ZmbF_Clerk_Normal_Blue @ <11161.213867, 95.971893, 14031.082031> ... Lifespan:  Set to 40 minutes.
2021-10-25 @ 02-30-31:  [EOnSpawnZombies] Zombie Spawned [16] ZmbM_CommercialPilotOld_Brown @ <11107.226563, 111.286789, 14006.663086> ... Lifespan:  Set to 40 minutes.
2021-10-25 @ 02-30-36:  [EOnSpawnZombies] Zombie Spawned [17] ZmbM_SkaterYoung_Green @ <11159.463867, 89.683479, 14046.259766> ... Lifespan:  Set to 40 minutes.
2021-10-25 @ 02-30-42:  [EOnSpawnZombies] Zombie Spawned [18] ZmbM_ClerkFat_Grey @ <11109.279297, 81.323143, 14073.617188> ... Lifespan:  Set to 40 minutes.
2021-10-25 @ 02-30-47:  [EOnSpawnZombies] Zombie Spawned [19] ZmbM_CitizenASkinny_Blue @ <11157.417969, 85.760414, 14061.751953> ... Lifespan:  Set to 40 minutes.
2021-10-25 @ 02-30-52:  [EOnSpawnZombies] Zombie Spawned [20] ZmbF_ShortSkirt_black @ <11125.061523, 111.987259, 13991.303711> ... Lifespan:  Set to 40 minutes.
2021-10-25 @ 02-30-58:  [EOnSpawnZombies] Zombie Spawned [21] ZmbF_ShortSkirt_red @ <11114.096680, 98.432968, 14036.417969> ... Lifespan:  Set to 40 minutes.
2021-10-25 @ 02-31-03:  [EOnSpawnZombies] Zombie Spawned [22] ZmbF_ShortSkirt_beige @ <11117.371094, 105.898399, 14017.192383> ... Lifespan:  Set to 40 minutes.
2021-10-25 @ 02-31-08:  [EOnSpawnZombies] Zombie Spawned [23] ZmbF_ShortSkirt_beige @ <11141.824219, 85.115021, 14063.821289> ... Lifespan:  Set to 40 minutes.
2021-10-25 @ 02-31-14:  [EOnSpawnZombies] Zombie Spawned [24] ZmbF_ShortSkirt_green @ <11106.229492, 78.964073, 14080.339844> ... Lifespan:  Set to 40 minutes.
2021-10-25 @ 02-31-19:  [EOnSpawnZombies] Zombie Spawned [25] ZmbM_PrisonerSkinny @ <11130.266602, 83.747627, 14069.452148> ... Lifespan:  Set to 40 minutes.
2021-10-25 @ 02-31-24:  [EOnSpawnZombies] Zombie Spawned [26] ZmbM_SkaterYoung_Green @ <11130.899414, 92.620178, 14044.057617> ... Lifespan:  Set to 40 minutes.
2021-10-25 @ 02-31-30:  [EOnSpawnZombies] Zombie Spawned [27] ZmbM_Jacket_grey @ <11094.602539, 80.633972, 14079.163086> ... Lifespan:  Set to 40 minutes.
2021-10-25 @ 02-31-33:  [EOnBeforeDrop] The Aircraft is 1 Km from Novodmitrovsk, from the West (260°). @ <10140.416016, 218.928513, 13866.612305>
2021-10-25 @ 02-31-35:  [EOnSpawnZombies] Zombie Spawned [28] ZmbM_Jacket_black @ <11099.137695, 95.486839, 14046.030273> ... Lifespan:  Set to 40 minutes.
2021-10-25 @ 02-31-40:  [EOnSpawnZombies] Zombie Spawned [29] ZmbM_PatrolNormal_Autumn @ <11150.356445, 97.334839, 14025.959961> ... Lifespan:  Set to 40 minutes.
2021-10-25 @ 02-31-45:  [EOnDrop] Drop spawned with 30 infected at <11060.205078, 267.250763, 14025.897461>.
2021-10-25 @ 02-31-45:  [EOnDrop] Supplies have been dropped near Novodmitrovsk.
2021-10-25 @ 02-32-54:  [EOnBeforeDelete] Aircraft despawned @ <16360.394531, 163.866760, 14943.761719>
2021-10-25 @ 02-32-54:  [~AirdropPlane] Aircraft destroyed.
