2021-10-23 @ 14-08-54:  [AirdropPlane] Aircraft created on 2021-10-23 @ 14-08-54
2021-10-23 @ 14-08-54:  [InitializeAircraft] Aircraft Initialized: Chernogorks @ 6128/2497 (true)
2021-10-23 @ 14-08-57:  [EOnSpawnZombies] Zombie Spawned [1] ZmbF_JoggerSkinny_Brown @ <6128.637695, 23.306082, 2506.633057> ... Lifespan:  Set to 40 minutes.
2021-10-23 @ 14-09-00:  [EOnSpawnZombies] Zombie Spawned [2] ZmbM_SkaterYoung_Green @ <6162.210449, 17.736361, 2477.418213> ... Lifespan:  Set to 40 minutes.
2021-10-23 @ 14-09-03:  [EOnSpawnZombies] Zombie Spawned [3] ZmbM_PolicemanSpecForce @ <6163.863770, 18.525623, 2524.494873> ... Lifespan:  Set to 40 minutes.
2021-10-23 @ 14-09-06:  [EOnSpawnZombies] Zombie Spawned [4] ZmbF_Clerk_Normal_Blue @ <6165.280273, 18.303802, 2524.473145> ... Lifespan:  Set to 40 minutes.
2021-10-23 @ 14-09-09:  [EOnSpawnZombies] Zombie Spawned [5] ZmbF_SkaterYoung_Brown @ <6122.377930, 24.686174, 2473.069092> ... Lifespan:  Set to 40 minutes.
2021-10-23 @ 14-09-12:  [EOnSpawnZombies] Zombie Spawned [6] ZmbF_ShortSkirt_white @ <6116.738281, 24.728588, 2520.411377> ... Lifespan:  Set to 40 minutes.
2021-10-23 @ 14-09-15:  [EOnSpawnZombies] Zombie Spawned [7] ZmbF_CitizenBSkinny @ <6166.486328, 18.105087, 2524.338623> ... Lifespan:  Set to 40 minutes.
2021-10-23 @ 14-09-18:  [EOnSpawnZombies] Zombie Spawned [8] ZmbM_CommercialPilotOld_Olive @ <6157.809082, 18.537743, 2467.392822> ... Lifespan:  Set to 40 minutes.
2021-10-23 @ 14-09-21:  [EOnSpawnZombies] Zombie Spawned [9] ZmbM_CitizenASkinny_Blue @ <6131.549805, 22.894014, 2502.123779> ... Lifespan:  Set to 40 minutes.
2021-10-23 @ 14-09-25:  [EOnSpawnZombies] Zombie Spawned [10] ZmbM_ClerkFat_Khaki @ <6144.620605, 21.368082, 2528.313232> ... Lifespan:  Set to 40 minutes.
2021-10-23 @ 14-09-28:  [EOnSpawnZombies] Zombie Spawned [11] ZmbF_Clerk_Normal_Blue @ <6141.662598, 21.571938, 2502.397217> ... Lifespan:  Set to 40 minutes.
2021-10-23 @ 14-09-31:  [EOnSpawnZombies] Zombie Spawned [12] ZmbM_SkaterYoung_Grey @ <6166.780762, 16.905674, 2475.254150> ... Lifespan:  Set to 40 minutes.
2021-10-23 @ 14-09-34:  [EOnSpawnZombies] Zombie Spawned [13] ZmbF_CitizenBSkinny @ <6120.075195, 24.302412, 2505.293701> ... Lifespan:  Set to 40 minutes.
2021-10-23 @ 14-09-37:  [EOnSpawnZombies] Zombie Spawned [14] ZmbM_PolicemanSpecForce @ <6106.398438, 26.425894, 2496.215088> ... Lifespan:  Set to 40 minutes.
2021-10-23 @ 14-09-40:  [EOnSpawnZombies] Zombie Spawned [15] ZmbM_Jacket_beige @ <6175.121094, 16.314003, 2502.747803> ... Lifespan:  Set to 40 minutes.
2021-10-23 @ 14-09-43:  [EOnSpawnZombies] Zombie Spawned [16] ZmbM_CommercialPilotOld_Grey @ <6148.399414, 20.831913, 2523.748535> ... Lifespan:  Set to 40 minutes.
2021-10-23 @ 14-09-46:  [EOnSpawnZombies] Zombie Spawned [17] ZmbM_ParamedicNormal_Green @ <6141.212402, 21.466360, 2493.730225> ... Lifespan:  Set to 40 minutes.
2021-10-23 @ 14-09-49:  [EOnSpawnZombies] Zombie Spawned [18] ZmbF_JournalistNormal_Green @ <6170.214355, 17.452757, 2519.181152> ... Lifespan:  Set to 40 minutes.
2021-10-23 @ 14-09-52:  [EOnSpawnZombies] Zombie Spawned [19] ZmbF_ShortSkirt_stripes @ <6122.599121, 24.022112, 2508.417236> ... Lifespan:  Set to 40 minutes.
2021-10-23 @ 14-09-55:  [EOnSpawnZombies] Zombie Spawned [20] ZmbM_ClerkFat_Brown @ <6109.403320, 25.688866, 2512.005371> ... Lifespan:  Set to 40 minutes.
2021-10-23 @ 14-09-58:  [EOnSpawnZombies] Zombie Spawned [21] ZmbM_CitizenBFat_Blue @ <6134.806641, 22.485506, 2502.096924> ... Lifespan:  Set to 40 minutes.
2021-10-23 @ 14-10-02:  [EOnSpawnZombies] Zombie Spawned [22] ZmbF_Clerk_Normal_Blue @ <6124.101563, 24.051908, 2484.963379> ... Lifespan:  Set to 40 minutes.
2021-10-23 @ 14-10-05:  [EOnSpawnZombies] Zombie Spawned [23] ZmbM_Jacket_magenta @ <6153.708008, 19.193165, 2472.361084> ... Lifespan:  Set to 40 minutes.
2021-10-23 @ 14-10-08:  [EOnSpawnZombies] Zombie Spawned [24] ZmbF_ShortSkirt_grey @ <6128.702148, 23.291540, 2505.423340> ... Lifespan:  Set to 40 minutes.
2021-10-23 @ 14-10-11:  [EOnSpawnZombies] Zombie Spawned [25] ZmbM_CommercialPilotOld_Brown @ <6155.692383, 19.766428, 2520.511475> ... Lifespan:  Set to 40 minutes.
2021-10-23 @ 14-10-13:  [EOnBeforeDrop] The Aircraft is 1 Km from Chernogorks, from the West (267°). @ <5130.426758, 161.240723, 2445.151123>
2021-10-23 @ 14-10-14:  [EOnSpawnZombies] Zombie Spawned [26] ZmbM_CitizenBFat_Blue @ <6113.534668, 25.262392, 2493.589844> ... Lifespan:  Set to 40 minutes.
2021-10-23 @ 14-10-17:  [EOnSpawnZombies] Zombie Spawned [27] ZmbM_DoctorFat @ <6106.666016, 26.333500, 2496.719971> ... Lifespan:  Set to 40 minutes.
2021-10-23 @ 14-10-20:  [EOnSpawnZombies] Zombie Spawned [28] ZmbM_Jacket_grey @ <6131.787109, 22.742987, 2492.181152> ... Lifespan:  Set to 40 minutes.
2021-10-23 @ 14-10-23:  [EOnSpawnZombies] Zombie Spawned [29] ZmbF_CitizenANormal_Brown @ <6107.879883, 25.943001, 2512.712402> ... Lifespan:  Set to 40 minutes.
2021-10-23 @ 14-10-25:  [EOnDrop] Drop spawned with 30 infected at <6053.343750, 198.412766, 2492.980957>.
2021-10-23 @ 14-10-25:  [EOnDrop] Supplies have been dropped near Chernogorks.
2021-10-23 @ 14-12-39:  [EOnBeforeDelete] Aircraft despawned @ <16361.498047, 152.000610, 3027.197266>
2021-10-23 @ 14-12-39:  [~AirdropPlane] Aircraft destroyed.
