2021-10-23 @ 02-50-22:  [AirdropPlane] Aircraft created on 2021-10-23 @ 02-50-22
2021-10-23 @ 02-50-22:  [InitializeAircraft] Aircraft Initialized: Elektrozavodsk @ 9371/2229 (true)
2021-10-23 @ 02-50-28:  [EOnSpawnZombies] Zombie Spawned [1] ZmbM_CommercialPilotOld_Olive @ <9359.849609, 34.658424, 2218.246582> ... Lifespan:  Set to 40 minutes.
2021-10-23 @ 02-50-34:  [EOnSpawnZombies] Zombie Spawned [2] ZmbF_SkaterYoung_Striped @ <9346.197266, 30.532084, 2200.824707> ... Lifespan:  Set to 40 minutes.
2021-10-23 @ 02-50-40:  [EOnSpawnZombies] Zombie Spawned [3] ZmbM_Jacket_khaki @ <9325.816406, 33.938980, 2217.502930> ... Lifespan:  Set to 40 minutes.
2021-10-23 @ 02-50-46:  [EOnSpawnZombies] Zombie Spawned [4] ZmbM_CommercialPilotOld_Grey @ <9386.318359, 27.312786, 2184.821533> ... Lifespan:  Set to 40 minutes.
2021-10-23 @ 02-50-52:  [EOnSpawnZombies] Zombie Spawned [5] ZmbF_Clerk_Normal_Red @ <9382.073242, 29.689514, 2197.321045> ... Lifespan:  Set to 40 minutes.
2021-10-23 @ 02-50-58:  [EOnSpawnZombies] Zombie Spawned [6] ZmbF_Clerk_Normal_Green @ <9399.465820, 39.689476, 2251.023193> ... Lifespan:  Set to 40 minutes.
2021-10-23 @ 02-51-04:  [EOnSpawnZombies] Zombie Spawned [7] ZmbM_CitizenBFat_Green @ <9385.941406, 29.957335, 2198.735352> ... Lifespan:  Set to 40 minutes.
2021-10-23 @ 02-51-11:  [EOnSpawnZombies] Zombie Spawned [8] ZmbM_PatrolNormal_Flat @ <9376.980469, 43.176777, 2267.589844> ... Lifespan:  Set to 40 minutes.
2021-10-23 @ 02-51-17:  [EOnSpawnZombies] Zombie Spawned [9] ZmbF_ShortSkirt_brown @ <9387.884766, 36.210007, 2229.226563> ... Lifespan:  Set to 40 minutes.
2021-10-23 @ 02-51-23:  [EOnSpawnZombies] Zombie Spawned [10] ZmbM_Jacket_grey @ <9365.360352, 40.395691, 2249.451660> ... Lifespan:  Set to 40 minutes.
2021-10-23 @ 02-51-29:  [EOnSpawnZombies] Zombie Spawned [11] ZmbM_CommercialPilotOld_Blue @ <9374.020508, 38.613407, 2240.515625> ... Lifespan:  Set to 40 minutes.
2021-10-23 @ 02-51-35:  [EOnSpawnZombies] Zombie Spawned [12] ZmbM_Jacket_khaki @ <9355.743164, 37.043476, 2229.625244> ... Lifespan:  Set to 40 minutes.
2021-10-23 @ 02-51-41:  [EOnSpawnZombies] Zombie Spawned [13] ZmbM_JournalistSkinny @ <9335.940430, 37.633976, 2234.638428> ... Lifespan:  Set to 40 minutes.
2021-10-23 @ 02-51-47:  [EOnSpawnZombies] Zombie Spawned [14] ZmbF_Clerk_Normal_Blue @ <9406.625000, 41.117302, 2260.235596> ... Lifespan:  Set to 40 minutes.
2021-10-23 @ 02-51-54:  [EOnSpawnZombies] Zombie Spawned [15] ZmbM_ParamedicNormal_Blue @ <9411.049805, 30.049059, 2199.210938> ... Lifespan:  Set to 40 minutes.
2021-10-23 @ 02-52-00:  [EOnSpawnZombies] Zombie Spawned [16] ZmbM_SkaterYoung_Green @ <9377.258789, 36.569443, 2229.785400> ... Lifespan:  Set to 40 minutes.
2021-10-23 @ 02-52-06:  [EOnSpawnZombies] Zombie Spawned [17] ZmbM_ClerkFat_White @ <9353.641602, 35.638344, 2222.542236> ... Lifespan:  Set to 40 minutes.
2021-10-23 @ 02-52-12:  [EOnSpawnZombies] Zombie Spawned [18] ZmbM_CommercialPilotOld_Olive @ <9325.318359, 39.006405, 2245.144287> ... Lifespan:  Set to 40 minutes.
2021-10-23 @ 02-52-18:  [EOnSpawnZombies] Zombie Spawned [19] ZmbM_ClerkFat_White @ <9384.693359, 33.127232, 2213.595703> ... Lifespan:  Set to 40 minutes.
2021-10-23 @ 02-52-24:  [EOnSpawnZombies] Zombie Spawned [20] ZmbM_PatrolNormal_Flat @ <9373.397461, 31.342722, 2204.547119> ... Lifespan:  Set to 40 minutes.
2021-10-23 @ 02-52-30:  [EOnSpawnZombies] Zombie Spawned [21] ZmbF_JoggerSkinny_Red @ <9404.353516, 35.628128, 2227.097412> ... Lifespan:  Set to 40 minutes.
2021-10-23 @ 02-52-37:  [EOnSpawnZombies] Zombie Spawned [22] ZmbM_PolicemanFat @ <9346.329102, 28.380970, 2189.530273> ... Lifespan:  Set to 40 minutes.
2021-10-23 @ 02-52-42:  [EOnSpawnZombies] Zombie Spawned [23] ZmbF_JournalistNormal_Red @ <9346.629883, 38.964760, 2240.052979> ... Lifespan:  Set to 40 minutes.
2021-10-23 @ 02-52-49:  [EOnSpawnZombies] Zombie Spawned [24] ZmbM_Jacket_grey @ <9361.536133, 39.980743, 2246.350098> ... Lifespan:  Set to 40 minutes.
2021-10-23 @ 02-52-55:  [EOnSpawnZombies] Zombie Spawned [25] ZmbF_CitizenANormal_Brown @ <9364.879883, 39.398048, 2243.389160> ... Lifespan:  Set to 40 minutes.
2021-10-23 @ 02-53-01:  [EOnSpawnZombies] Zombie Spawned [26] ZmbF_ShortSkirt_grey @ <9370.827148, 37.607147, 2234.274658> ... Lifespan:  Set to 40 minutes.
2021-10-23 @ 02-53-07:  [EOnSpawnZombies] Zombie Spawned [27] ZmbM_JoggerSkinny_Red @ <9382.328125, 36.968067, 2232.732666> ... Lifespan:  Set to 40 minutes.
2021-10-23 @ 02-53-13:  [EOnBeforeDrop] The Aircraft is 1 Km from Elektrozavodsk, from the North (356°). @ <9306.494141, 352.674438, 3225.132813>
2021-10-23 @ 02-53-13:  [EOnSpawnZombies] Zombie Spawned [28] ZmbM_CitizenASkinny_Blue @ <9378.262695, 32.647358, 2210.835449> ... Lifespan:  Set to 40 minutes.
2021-10-23 @ 02-53-19:  [EOnSpawnZombies] Zombie Spawned [29] ZmbM_Jacket_beige @ <9383.072266, 44.887329, 2277.203613> ... Lifespan:  Set to 40 minutes.
2021-10-23 @ 02-53-25:  [EOnDrop] Drop spawned with 30 infected at <9368.521484, 231.036118, 2312.775391>.
2021-10-23 @ 02-53-25:  [EOnDrop] Supplies have been dropped near Elektrozavodsk.
2021-10-23 @ 02-54-09:  [EOnBeforeDelete] Aircraft despawned @ <9593.861328, 152.000610, -1001.677063>
2021-10-23 @ 02-54-09:  [~AirdropPlane] Aircraft destroyed.
