2021-10-24 @ 10-21-14:  [AirdropPlane] Aircraft created on 2021-10-24 @ 10-21-14
2021-10-24 @ 10-21-14:  [InitializeAircraft] Aircraft Initialized: Elektrozavodsk @ 9371/2229 (true)
2021-10-24 @ 10-21-17:  [EOnSpawnZombies] Zombie Spawned [1] ZmbF_NurseFat @ <9417.222656, 36.171833, 2230.294434> ... Lifespan:  Set to 40 minutes.
2021-10-24 @ 10-21-19:  [EOnSpawnZombies] Zombie Spawned [2] ZmbM_CitizenBFat_Red @ <9389.608398, 37.674465, 2237.740234> ... Lifespan:  Set to 40 minutes.
2021-10-24 @ 10-21-22:  [EOnSpawnZombies] Zombie Spawned [3] ZmbF_ParamedicNormal_Red @ <9349.073242, 41.858154, 2256.938477> ... Lifespan:  Set to 40 minutes.
2021-10-24 @ 10-21-24:  [EOnSpawnZombies] Zombie Spawned [4] ZmbM_ClerkFat_Khaki @ <9349.703125, 36.885078, 2228.745117> ... Lifespan:  Set to 40 minutes.
2021-10-24 @ 10-21-27:  [EOnSpawnZombies] Zombie Spawned [5] ZmbF_ParamedicNormal_Red @ <9355.863281, 34.537746, 2217.476074> ... Lifespan:  Set to 40 minutes.
2021-10-24 @ 10-21-30:  [EOnSpawnZombies] Zombie Spawned [6] ZmbF_DoctorSkinny @ <9351.958984, 41.780087, 2256.377686> ... Lifespan:  Set to 40 minutes.
2021-10-24 @ 10-21-32:  [EOnSpawnZombies] Zombie Spawned [7] ZmbF_ShortSkirt_green @ <9346.083008, 32.978901, 2211.838135> ... Lifespan:  Set to 40 minutes.
2021-10-24 @ 10-21-35:  [EOnSpawnZombies] Zombie Spawned [8] ZmbM_JoggerSkinny_Blue @ <9380.270508, 37.052914, 2232.850586> ... Lifespan:  Set to 40 minutes.
2021-10-24 @ 10-21-37:  [EOnSpawnZombies] Zombie Spawned [9] ZmbM_Jacket_bluechecks @ <9365.418945, 41.533386, 2256.287354> ... Lifespan:  Set to 40 minutes.
2021-10-24 @ 10-21-40:  [EOnSpawnZombies] Zombie Spawned [10] ZmbF_ShortSkirt_black @ <9349.940430, 35.425705, 2221.526367> ... Lifespan:  Set to 40 minutes.
2021-10-24 @ 10-21-43:  [EOnSpawnZombies] Zombie Spawned [11] ZmbF_ShortSkirt_checks @ <9336.847656, 30.432774, 2199.761719> ... Lifespan:  Set to 40 minutes.
2021-10-24 @ 10-21-45:  [EOnSpawnZombies] Zombie Spawned [12] ZmbM_CommercialPilotOld_Grey @ <9358.260742, 38.668335, 2238.443115> ... Lifespan:  Set to 40 minutes.
2021-10-24 @ 10-21-48:  [EOnSpawnZombies] Zombie Spawned [13] ZmbF_CitizenANormal_Beige @ <9362.756836, 32.955238, 2210.787109> ... Lifespan:  Set to 40 minutes.
2021-10-24 @ 10-21-50:  [EOnSpawnZombies] Zombie Spawned [14] ZmbM_ParamedicNormal_Green @ <9402.830078, 36.858173, 2233.965332> ... Lifespan:  Set to 40 minutes.
2021-10-24 @ 10-21-53:  [EOnSpawnZombies] Zombie Spawned [15] ZmbF_JournalistNormal_Green @ <9360.237305, 37.677635, 2233.196045> ... Lifespan:  Set to 40 minutes.
2021-10-24 @ 10-21-55:  [EOnSpawnZombies] Zombie Spawned [16] ZmbF_ShortSkirt_beige @ <9361.894531, 41.274616, 2254.170898> ... Lifespan:  Set to 40 minutes.
2021-10-24 @ 10-21-58:  [EOnSpawnZombies] Zombie Spawned [17] ZmbF_PoliceWomanNormal @ <9402.742188, 39.299725, 2248.803955> ... Lifespan:  Set to 40 minutes.
2021-10-24 @ 10-22-01:  [EOnSpawnZombies] Zombie Spawned [18] ZmbF_Clerk_Normal_Blue @ <9390.262695, 37.046082, 2234.164307> ... Lifespan:  Set to 40 minutes.
2021-10-24 @ 10-22-03:  [EOnSpawnZombies] Zombie Spawned [19] ZmbF_ShortSkirt_green @ <9395.738281, 39.700859, 2250.773926> ... Lifespan:  Set to 40 minutes.
2021-10-24 @ 10-22-06:  [EOnSpawnZombies] Zombie Spawned [20] ZmbM_CommercialPilotOld_Olive @ <9352.616211, 34.105156, 2215.319580> ... Lifespan:  Set to 40 minutes.
2021-10-24 @ 10-22-08:  [EOnSpawnZombies] Zombie Spawned [21] ZmbM_CitizenASkinny_Brown @ <9386.796875, 39.495186, 2248.271973> ... Lifespan:  Set to 40 minutes.
2021-10-24 @ 10-22-11:  [EOnSpawnZombies] Zombie Spawned [22] ZmbF_JoggerSkinny_Green @ <9372.468750, 32.098167, 2207.849854> ... Lifespan:  Set to 40 minutes.
2021-10-24 @ 10-22-14:  [EOnSpawnZombies] Zombie Spawned [23] ZmbM_JournalistSkinny @ <9329.614258, 40.351955, 2253.127441> ... Lifespan:  Set to 40 minutes.
2021-10-24 @ 10-22-16:  [EOnSpawnZombies] Zombie Spawned [24] ZmbF_CitizenANormal_Blue @ <9351.171875, 42.447483, 2260.295410> ... Lifespan:  Set to 40 minutes.
2021-10-24 @ 10-22-19:  [EOnBeforeDrop] The Aircraft is 1 Km from Elektrozavodsk, from the South/West (237°). @ <8528.087891, 152.000610, 1691.300903>
2021-10-24 @ 10-22-19:  [EOnSpawnZombies] Zombie Spawned [25] ZmbF_CitizenANormal_Brown @ <9342.064453, 38.318016, 2236.957520> ... Lifespan:  Set to 40 minutes.
2021-10-24 @ 10-22-21:  [EOnSpawnZombies] Zombie Spawned [26] ZmbF_JoggerSkinny_Red @ <9397.899414, 38.103569, 2241.103760> ... Lifespan:  Set to 40 minutes.
2021-10-24 @ 10-22-24:  [EOnSpawnZombies] Zombie Spawned [27] ZmbM_SkaterYoung_Green @ <9361.707031, 36.815823, 2228.901367> ... Lifespan:  Set to 40 minutes.
2021-10-24 @ 10-22-27:  [EOnSpawnZombies] Zombie Spawned [28] ZmbM_CitizenBFat_Blue @ <9367.069336, 29.397871, 2195.010254> ... Lifespan:  Set to 40 minutes.
2021-10-24 @ 10-22-29:  [EOnSpawnZombies] Zombie Spawned [29] ZmbM_PatrolNormal_Flat @ <9383.963867, 38.067539, 2239.201416> ... Lifespan:  Set to 40 minutes.
2021-10-24 @ 10-22-31:  [EOnDrop] Drop spawned with 30 infected at <9292.296875, 153.578278, 2178.929932>.
2021-10-24 @ 10-22-31:  [EOnDrop] Supplies have been dropped near Elektrozavodsk.
2021-10-24 @ 10-24-19:  [EOnBeforeDelete] Aircraft despawned @ <16360.416992, 152.000610, 6689.366699>
2021-10-24 @ 10-24-19:  [~AirdropPlane] Aircraft destroyed.
