2021-10-25 @ 17-21-50:  [AirdropPlane] Aircraft created on 2021-10-25 @ 17-21-50
2021-10-25 @ 17-21-50:  [InitializeAircraft] Aircraft Initialized: Elektrozavodsk @ 9371/2229 (true)
2021-10-25 @ 17-21-56:  [EOnSpawnZombies] Zombie Spawned [1] ZmbF_ShortSkirt_green @ <9381.329102, 34.851036, 2221.599121> ... Lifespan:  Set to 40 minutes.
2021-10-25 @ 17-22-03:  [EOnSpawnZombies] Zombie Spawned [2] ZmbF_JoggerSkinny_Blue @ <9369.028320, 38.535480, 2239.141357> ... Lifespan:  Set to 40 minutes.
2021-10-25 @ 17-22-09:  [EOnSpawnZombies] Zombie Spawned [3] ZmbM_Jacket_brown @ <9411.923828, 32.780602, 2212.559326> ... Lifespan:  Set to 40 minutes.
2021-10-25 @ 17-22-16:  [EOnSpawnZombies] Zombie Spawned [4] ZmbM_ClerkFat_Brown @ <9347.661133, 33.793884, 2214.634277> ... Lifespan:  Set to 40 minutes.
2021-10-25 @ 17-22-23:  [EOnSpawnZombies] Zombie Spawned [5] ZmbM_PolicemanFat @ <9410.956055, 36.073570, 2229.712646> ... Lifespan:  Set to 40 minutes.
2021-10-25 @ 17-22-29:  [EOnSpawnZombies] Zombie Spawned [6] ZmbF_JoggerSkinny_Green @ <9378.356445, 44.039555, 2272.340332> ... Lifespan:  Set to 40 minutes.
2021-10-25 @ 17-22-36:  [EOnSpawnZombies] Zombie Spawned [7] ZmbF_SkaterYoung_Brown @ <9377.105469, 36.140961, 2227.485352> ... Lifespan:  Set to 40 minutes.
2021-10-25 @ 17-22-42:  [EOnSpawnZombies] Zombie Spawned [8] ZmbF_ParamedicNormal_Blue @ <9398.050781, 41.234756, 2260.287842> ... Lifespan:  Set to 40 minutes.
2021-10-25 @ 17-22-49:  [EOnSpawnZombies] Zombie Spawned [9] ZmbF_ShortSkirt_beige @ <9363.851563, 45.057053, 2275.102295> ... Lifespan:  Set to 40 minutes.
2021-10-25 @ 17-22-56:  [EOnSpawnZombies] Zombie Spawned [10] ZmbF_ShortSkirt_grey @ <9389.810547, 36.219997, 2229.530273> ... Lifespan:  Set to 40 minutes.
2021-10-25 @ 17-23-02:  [EOnSpawnZombies] Zombie Spawned [11] ZmbF_SkaterYoung_Violet @ <9405.481445, 34.556484, 2221.463623> ... Lifespan:  Set to 40 minutes.
2021-10-25 @ 17-23-09:  [EOnSpawnZombies] Zombie Spawned [12] ZmbM_CommercialPilotOld_Grey @ <9358.855469, 34.321465, 2216.651123> ... Lifespan:  Set to 40 minutes.
2021-10-25 @ 17-23-15:  [EOnSpawnZombies] Zombie Spawned [13] ZmbM_Jacket_brown @ <9393.360352, 32.942577, 2213.192383> ... Lifespan:  Set to 40 minutes.
2021-10-25 @ 17-23-22:  [EOnSpawnZombies] Zombie Spawned [14] ZmbM_CommercialPilotOld_Olive @ <9365.651367, 39.008610, 2241.255371> ... Lifespan:  Set to 40 minutes.
2021-10-25 @ 17-23-29:  [EOnSpawnZombies] Zombie Spawned [15] ZmbF_Clerk_Normal_Blue @ <9346.158203, 35.321575, 2221.112061> ... Lifespan:  Set to 40 minutes.
2021-10-25 @ 17-23-35:  [EOnSpawnZombies] Zombie Spawned [16] ZmbM_SkaterYoung_Green @ <9381.693359, 35.501163, 2224.898193> ... Lifespan:  Set to 40 minutes.
2021-10-25 @ 17-23-42:  [EOnSpawnZombies] Zombie Spawned [17] ZmbM_Jacket_blue @ <9362.871094, 36.585224, 2227.854004> ... Lifespan:  Set to 40 minutes.
2021-10-25 @ 17-23-48:  [EOnSpawnZombies] Zombie Spawned [18] ZmbF_CitizenBSkinny @ <9377.734375, 33.853283, 2216.386475> ... Lifespan:  Set to 40 minutes.
2021-10-25 @ 17-23-55:  [EOnSpawnZombies] Zombie Spawned [19] ZmbF_PoliceWomanNormal @ <9404.344727, 34.778858, 2222.611572> ... Lifespan:  Set to 40 minutes.
2021-10-25 @ 17-24-02:  [EOnSpawnZombies] Zombie Spawned [20] ZmbM_CitizenBFat_Green @ <9322.527344, 38.207287, 2240.527344> ... Lifespan:  Set to 40 minutes.
2021-10-25 @ 17-24-08:  [EOnSpawnZombies] Zombie Spawned [21] ZmbF_ShortSkirt_brown @ <9356.733398, 27.618568, 2185.602539> ... Lifespan:  Set to 40 minutes.
2021-10-25 @ 17-24-15:  [EOnSpawnZombies] Zombie Spawned [22] ZmbF_ParamedicNormal_Blue @ <9364.093750, 42.789997, 2263.298340> ... Lifespan:  Set to 40 minutes.
2021-10-25 @ 17-24-21:  [EOnSpawnZombies] Zombie Spawned [23] ZmbM_SkaterYoung_Brown @ <9351.787109, 33.586536, 2213.006348> ... Lifespan:  Set to 40 minutes.
2021-10-25 @ 17-24-28:  [EOnSpawnZombies] Zombie Spawned [24] ZmbM_PolicemanSpecForce @ <9396.590820, 34.886124, 2222.937256> ... Lifespan:  Set to 40 minutes.
2021-10-25 @ 17-24-35:  [EOnSpawnZombies] Zombie Spawned [25] ZmbM_SkaterYoung_Brown @ <9369.099609, 37.575939, 2233.814453> ... Lifespan:  Set to 40 minutes.
2021-10-25 @ 17-24-41:  [EOnSpawnZombies] Zombie Spawned [26] ZmbF_ShortSkirt_stripes @ <9381.235352, 26.808861, 2181.931885> ... Lifespan:  Set to 40 minutes.
2021-10-25 @ 17-24-48:  [EOnSpawnZombies] Zombie Spawned [27] ZmbM_PatrolNormal_Flat @ <9365.321289, 38.868439, 2240.415527> ... Lifespan:  Set to 40 minutes.
2021-10-25 @ 17-24-54:  [EOnSpawnZombies] Zombie Spawned [28] ZmbM_Jacket_beige @ <9392.772461, 35.320091, 2224.932617> ... Lifespan:  Set to 40 minutes.
2021-10-25 @ 17-24-55:  [EOnBeforeDrop] The Aircraft is 1 Km from Elektrozavodsk, from the North (338°). @ <8990.641602, 285.532990, 3153.501953>
2021-10-25 @ 17-25-01:  [EOnSpawnZombies] Zombie Spawned [29] ZmbM_CommercialPilotOld_Blue @ <9384.355469, 37.512142, 2236.027100> ... Lifespan:  Set to 40 minutes.
2021-10-25 @ 17-25-06:  [EOnDrop] Drop spawned with 30 infected at <9335.063477, 219.633423, 2316.721680>.
2021-10-25 @ 17-25-06:  [EOnDrop] Supplies have been dropped near Elektrozavodsk.
2021-10-25 @ 17-25-53:  [EOnBeforeDelete] Aircraft despawned @ <10701.000977, 152.000610, -1001.699951>
2021-10-25 @ 17-25-53:  [~AirdropPlane] Aircraft destroyed.
