2021-10-23 @ 13-07-43:  [AirdropPlane] Aircraft created on 2021-10-23 @ 13-07-43
2021-10-23 @ 13-07-43:  [InitializeAircraft] Aircraft Initialized: Elektrozavodsk @ 9371/2229 (true)
2021-10-23 @ 13-07-48:  [EOnSpawnZombies] Zombie Spawned [1] ZmbF_SkaterYoung_Striped @ <9373.158203, 29.112219, 2193.938232> ... Lifespan:  Set to 40 minutes.
2021-10-23 @ 13-07-53:  [EOnSpawnZombies] Zombie Spawned [2] ZmbF_CitizenANormal_Brown @ <9355.672852, 43.674259, 2267.363770> ... Lifespan:  Set to 40 minutes.
2021-10-23 @ 13-07-59:  [EOnSpawnZombies] Zombie Spawned [3] ZmbM_ParamedicNormal_Red @ <9381.280273, 33.891071, 2216.951172> ... Lifespan:  Set to 40 minutes.
2021-10-23 @ 13-08-04:  [EOnSpawnZombies] Zombie Spawned [4] ZmbF_ShortSkirt_green @ <9404.354492, 29.928778, 2198.813232> ... Lifespan:  Set to 40 minutes.
2021-10-23 @ 13-08-09:  [EOnSpawnZombies] Zombie Spawned [5] ZmbM_PatrolNormal_PautRev @ <9372.940430, 39.384300, 2244.815918> ... Lifespan:  Set to 40 minutes.
2021-10-23 @ 13-08-15:  [EOnSpawnZombies] Zombie Spawned [6] ZmbM_PatrolNormal_Autumn @ <9375.527344, 27.814198, 2187.352051> ... Lifespan:  Set to 40 minutes.
2021-10-23 @ 13-08-20:  [EOnSpawnZombies] Zombie Spawned [7] ZmbM_Jacket_magenta @ <9411.908203, 39.110889, 2247.870605> ... Lifespan:  Set to 40 minutes.
2021-10-23 @ 13-08-25:  [EOnSpawnZombies] Zombie Spawned [8] ZmbF_ShortSkirt_white @ <9346.920898, 33.505325, 2213.716553> ... Lifespan:  Set to 40 minutes.
2021-10-23 @ 13-08-31:  [EOnSpawnZombies] Zombie Spawned [9] ZmbM_PolicemanSpecForce @ <9347.798828, 29.284369, 2193.847900> ... Lifespan:  Set to 40 minutes.
2021-10-23 @ 13-08-36:  [EOnSpawnZombies] Zombie Spawned [10] ZmbM_SkaterYoung_Green @ <9370.532227, 38.384331, 2238.560303> ... Lifespan:  Set to 40 minutes.
2021-10-23 @ 13-08-41:  [EOnSpawnZombies] Zombie Spawned [11] ZmbF_JournalistNormal_White @ <9356.605469, 39.506680, 2243.038330> ... Lifespan:  Set to 40 minutes.
2021-10-23 @ 13-08-46:  [EOnSpawnZombies] Zombie Spawned [12] ZmbM_ParamedicNormal_Blue @ <9364.605469, 41.094593, 2253.524414> ... Lifespan:  Set to 40 minutes.
2021-10-23 @ 13-08-52:  [EOnSpawnZombies] Zombie Spawned [13] ZmbM_CommercialPilotOld_Grey @ <9328.450195, 37.788643, 2238.508545> ... Lifespan:  Set to 40 minutes.
2021-10-23 @ 13-08-57:  [EOnSpawnZombies] Zombie Spawned [14] ZmbM_JoggerSkinny_Red @ <9417.547852, 37.621746, 2238.770752> ... Lifespan:  Set to 40 minutes.
2021-10-23 @ 13-09-02:  [EOnSpawnZombies] Zombie Spawned [15] ZmbM_CitizenBFat_Green @ <9379.191406, 39.841606, 2248.917725> ... Lifespan:  Set to 40 minutes.
2021-10-23 @ 13-09-08:  [EOnSpawnZombies] Zombie Spawned [16] ZmbM_ParamedicNormal_Green @ <9357.297852, 38.312149, 2236.407227> ... Lifespan:  Set to 40 minutes.
2021-10-23 @ 13-09-13:  [EOnSpawnZombies] Zombie Spawned [17] ZmbM_PolicemanFat @ <9341.565430, 40.284126, 2248.275391> ... Lifespan:  Set to 40 minutes.
2021-10-23 @ 13-09-18:  [EOnSpawnZombies] Zombie Spawned [18] ZmbM_PolicemanFat @ <9330.104492, 30.446486, 2200.717285> ... Lifespan:  Set to 40 minutes.
2021-10-23 @ 13-09-24:  [EOnSpawnZombies] Zombie Spawned [19] ZmbF_CitizenANormal_Blue @ <9394.965820, 35.655853, 2226.833496> ... Lifespan:  Set to 40 minutes.
2021-10-23 @ 13-09-29:  [EOnSpawnZombies] Zombie Spawned [20] ZmbM_CitizenASkinny_Blue @ <9347.331055, 29.836504, 2197.269775> ... Lifespan:  Set to 40 minutes.
2021-10-23 @ 13-09-34:  [EOnSpawnZombies] Zombie Spawned [21] ZmbM_ClerkFat_Grey @ <9344.935547, 37.593246, 2232.665283> ... Lifespan:  Set to 40 minutes.
2021-10-23 @ 13-09-39:  [EOnSpawnZombies] Zombie Spawned [22] ZmbF_JoggerSkinny_Green @ <9378.325195, 38.656433, 2241.579834> ... Lifespan:  Set to 40 minutes.
2021-10-23 @ 13-09-45:  [EOnSpawnZombies] Zombie Spawned [23] ZmbF_JournalistNormal_Red @ <9384.568359, 36.030632, 2227.891357> ... Lifespan:  Set to 40 minutes.
2021-10-23 @ 13-09-50:  [EOnSpawnZombies] Zombie Spawned [24] ZmbF_ShortSkirt_brown @ <9363.552734, 33.733047, 2214.369629> ... Lifespan:  Set to 40 minutes.
2021-10-23 @ 13-09-55:  [EOnSpawnZombies] Zombie Spawned [25] ZmbF_ShortSkirt_yellow @ <9387.466797, 43.029305, 2268.757813> ... Lifespan:  Set to 40 minutes.
2021-10-23 @ 13-10-01:  [EOnSpawnZombies] Zombie Spawned [26] ZmbM_Jacket_greenchecks @ <9411.325195, 36.583054, 2232.613037> ... Lifespan:  Set to 40 minutes.
2021-10-23 @ 13-10-06:  [EOnSpawnZombies] Zombie Spawned [27] ZmbF_CitizenANormal_Beige @ <9374.815430, 32.278770, 2208.906250> ... Lifespan:  Set to 40 minutes.
2021-10-23 @ 13-10-09:  [EOnBeforeDrop] The Aircraft is 1 Km from Elektrozavodsk, from the North/West (302°). @ <8525.766602, 161.683792, 2761.451416>
2021-10-23 @ 13-10-11:  [EOnSpawnZombies] Zombie Spawned [28] ZmbM_ClerkFat_Grey @ <9396.590820, 37.772717, 2239.001709> ... Lifespan:  Set to 40 minutes.
2021-10-23 @ 13-10-17:  [EOnSpawnZombies] Zombie Spawned [29] ZmbF_JournalistNormal_Red @ <9382.619141, 37.496639, 2235.694824> ... Lifespan:  Set to 40 minutes.
2021-10-23 @ 13-10-21:  [EOnDrop] Drop spawned with 30 infected at <9294.361328, 188.541092, 2276.537598>.
2021-10-23 @ 13-10-21:  [EOnDrop] Supplies have been dropped near Elektrozavodsk.
2021-10-23 @ 13-11-40:  [EOnBeforeDelete] Aircraft despawned @ <14488.495117, 152.000610, -1000.515686>
2021-10-23 @ 13-11-40:  [~AirdropPlane] Aircraft destroyed.
