2021-10-23 @ 06-05-03:  [AirdropPlane] Aircraft created on 2021-10-23 @ 06-05-03
2021-10-23 @ 06-05-03:  [InitializeAircraft] Aircraft Initialized: Northwest Airfield @ 4807/9812 (true)
2021-10-23 @ 06-05-07:  [EOnSpawnZombies] Zombie Spawned [1] ZmbM_PatrolNormal_PautRev @ <4836.145020, 341.866730, 9828.949219> ... Lifespan:  Set to 40 minutes.
2021-10-23 @ 06-05-11:  [EOnSpawnZombies] Zombie Spawned [2] ZmbM_PatrolNormal_Autumn @ <4820.114746, 343.091492, 9807.949219> ... Lifespan:  Set to 40 minutes.
2021-10-23 @ 06-05-15:  [EOnSpawnZombies] Zombie Spawned [3] ZmbM_PatrolNormal_PautRev @ <4790.054688, 343.034760, 9798.531250> ... Lifespan:  Set to 40 minutes.
2021-10-23 @ 06-05-19:  [EOnSpawnZombies] Zombie Spawned [4] ZmbM_SoldierNormal @ <4770.514160, 341.437958, 9801.210938> ... Lifespan:  Set to 40 minutes.
2021-10-23 @ 06-05-24:  [EOnSpawnZombies] Zombie Spawned [5] ZmbM_SoldierNormal @ <4798.328125, 342.669586, 9829.930664> ... Lifespan:  Set to 40 minutes.
2021-10-23 @ 06-05-28:  [EOnSpawnZombies] Zombie Spawned [6] ZmbM_PatrolNormal_PautRev @ <4813.687988, 342.533295, 9825.224609> ... Lifespan:  Set to 40 minutes.
2021-10-23 @ 06-05-32:  [EOnSpawnZombies] Zombie Spawned [7] ZmbM_PatrolNormal_PautRev @ <4832.397949, 342.775665, 9797.847656> ... Lifespan:  Set to 40 minutes.
2021-10-23 @ 06-05-36:  [EOnSpawnZombies] Zombie Spawned [8] ZmbM_PatrolNormal_Flat @ <4781.044922, 342.479309, 9815.007813> ... Lifespan:  Set to 40 minutes.
2021-10-23 @ 06-05-40:  [EOnSpawnZombies] Zombie Spawned [9] ZmbM_PatrolNormal_Summer @ <4823.134277, 343.172363, 9781.726563> ... Lifespan:  Set to 40 minutes.
2021-10-23 @ 06-05-44:  [EOnSpawnZombies] Zombie Spawned [10] ZmbM_PatrolNormal_Flat @ <4778.956543, 342.034821, 9851.555664> ... Lifespan:  Set to 40 minutes.
2021-10-23 @ 06-05-48:  [EOnSpawnZombies] Zombie Spawned [11] ZmbM_SoldierNormal @ <4807.624023, 342.827637, 9805.710938> ... Lifespan:  Set to 40 minutes.
2021-10-23 @ 06-05-52:  [EOnSpawnZombies] Zombie Spawned [12] ZmbM_PatrolNormal_Autumn @ <4796.820313, 343.236511, 9803.104492> ... Lifespan:  Set to 40 minutes.
2021-10-23 @ 06-05-56:  [EOnSpawnZombies] Zombie Spawned [13] ZmbM_SoldierNormal @ <4797.729004, 342.693268, 9787.122070> ... Lifespan:  Set to 40 minutes.
2021-10-23 @ 06-06-01:  [EOnSpawnZombies] Zombie Spawned [14] ZmbM_PatrolNormal_Summer @ <4817.613281, 343.148285, 9781.353516> ... Lifespan:  Set to 40 minutes.
2021-10-23 @ 06-06-05:  [EOnSpawnZombies] Zombie Spawned [15] ZmbM_PatrolNormal_PautRev @ <4823.425293, 341.091278, 9857.882813> ... Lifespan:  Set to 40 minutes.
2021-10-23 @ 06-06-09:  [EOnSpawnZombies] Zombie Spawned [16] ZmbM_PatrolNormal_PautRev @ <4854.129395, 341.175476, 9816.769531> ... Lifespan:  Set to 40 minutes.
2021-10-23 @ 06-06-13:  [EOnSpawnZombies] Zombie Spawned [17] ZmbM_PatrolNormal_Summer @ <4798.849121, 342.902893, 9817.275391> ... Lifespan:  Set to 40 minutes.
2021-10-23 @ 06-06-17:  [EOnSpawnZombies] Zombie Spawned [18] ZmbM_PatrolNormal_Flat @ <4804.157715, 342.143829, 9831.488281> ... Lifespan:  Set to 40 minutes.
2021-10-23 @ 06-06-21:  [EOnSpawnZombies] Zombie Spawned [19] ZmbM_PatrolNormal_Flat @ <4839.177246, 342.179138, 9815.856445> ... Lifespan:  Set to 40 minutes.
2021-10-23 @ 06-06-25:  [EOnSpawnZombies] Zombie Spawned [20] ZmbM_PatrolNormal_Flat @ <4785.634766, 342.332092, 9855.854492> ... Lifespan:  Set to 40 minutes.
2021-10-23 @ 06-06-29:  [EOnSpawnZombies] Zombie Spawned [21] ZmbM_PatrolNormal_Autumn @ <4801.892090, 343.178009, 9798.708008> ... Lifespan:  Set to 40 minutes.
2021-10-23 @ 06-06-34:  [EOnSpawnZombies] Zombie Spawned [22] ZmbM_SoldierNormal @ <4799.334473, 343.132446, 9792.900391> ... Lifespan:  Set to 40 minutes.
2021-10-23 @ 06-06-38:  [EOnSpawnZombies] Zombie Spawned [23] ZmbM_PatrolNormal_Flat @ <4822.416016, 343.204163, 9808.040039> ... Lifespan:  Set to 40 minutes.
2021-10-23 @ 06-06-42:  [EOnSpawnZombies] Zombie Spawned [24] ZmbM_PatrolNormal_Summer @ <4839.145020, 341.531525, 9833.009766> ... Lifespan:  Set to 40 minutes.
2021-10-23 @ 06-06-46:  [EOnSpawnZombies] Zombie Spawned [25] ZmbM_SoldierNormal @ <4780.389160, 342.067627, 9853.488281> ... Lifespan:  Set to 40 minutes.
2021-10-23 @ 06-06-50:  [EOnSpawnZombies] Zombie Spawned [26] ZmbM_PatrolNormal_PautRev @ <4798.125977, 342.477844, 9784.163086> ... Lifespan:  Set to 40 minutes.
2021-10-23 @ 06-06-54:  [EOnBeforeDrop] The Aircraft is 1 Km from Northwest Airfield, from the South/West (217°). @ <4198.670410, 473.912720, 9018.741211>
2021-10-23 @ 06-06-54:  [EOnSpawnZombies] Zombie Spawned [27] ZmbM_PatrolNormal_PautRev @ <4765.151855, 341.837189, 9811.000977> ... Lifespan:  Set to 40 minutes.
2021-10-23 @ 06-06-58:  [EOnSpawnZombies] Zombie Spawned [28] ZmbM_SoldierNormal @ <4795.912598, 342.861267, 9789.669922> ... Lifespan:  Set to 40 minutes.
2021-10-23 @ 06-07-02:  [EOnSpawnZombies] Zombie Spawned [29] ZmbM_PatrolNormal_Flat @ <4823.689941, 343.088226, 9771.743164> ... Lifespan:  Set to 40 minutes.
2021-10-23 @ 06-07-05:  [EOnDrop] Drop spawned with 30 infected at <4755.064941, 480.764282, 9744.553711>.
2021-10-23 @ 06-07-05:  [EOnDrop] Supplies have been dropped near Northwest Airfield.
2021-10-23 @ 06-08-53:  [EOnBeforeDelete] Aircraft despawned @ <9827.176758, 461.485199, 16361.084961>
2021-10-23 @ 06-08-53:  [~AirdropPlane] Aircraft destroyed.
