2021-10-23 @ 10-07-38:  [AirdropPlane] Aircraft created on 2021-10-23 @ 10-07-38
2021-10-23 @ 10-07-38:  [InitializeAircraft] Aircraft Initialized: Elektrozavodsk @ 9371/2229 (true)
2021-10-23 @ 10-07-42:  [EOnSpawnZombies] Zombie Spawned [1] ZmbM_JoggerSkinny_Green @ <9384.905273, 27.693575, 2186.926514> ... Lifespan:  Set to 40 minutes.
2021-10-23 @ 10-07-47:  [EOnSpawnZombies] Zombie Spawned [2] ZmbF_Clerk_Normal_Red @ <9395.222656, 35.281406, 2224.901123> ... Lifespan:  Set to 40 minutes.
2021-10-23 @ 10-07-51:  [EOnSpawnZombies] Zombie Spawned [3] ZmbF_PoliceWomanNormal @ <9396.403320, 42.254017, 2265.983643> ... Lifespan:  Set to 40 minutes.
2021-10-23 @ 10-07-56:  [EOnSpawnZombies] Zombie Spawned [4] ZmbM_ClerkFat_Grey @ <9369.299805, 32.566204, 2209.658691> ... Lifespan:  Set to 40 minutes.
2021-10-23 @ 10-08-00:  [EOnSpawnZombies] Zombie Spawned [5] ZmbM_Jacket_blue @ <9396.931641, 32.490959, 2211.148682> ... Lifespan:  Set to 40 minutes.
2021-10-23 @ 10-08-05:  [EOnSpawnZombies] Zombie Spawned [6] ZmbM_ParamedicNormal_Blue @ <9354.816406, 26.945402, 2182.057617> ... Lifespan:  Set to 40 minutes.
2021-10-23 @ 10-08-09:  [EOnSpawnZombies] Zombie Spawned [7] ZmbF_ParamedicNormal_Blue @ <9372.637695, 33.397873, 2213.770020> ... Lifespan:  Set to 40 minutes.
2021-10-23 @ 10-08-14:  [EOnSpawnZombies] Zombie Spawned [8] ZmbM_JoggerSkinny_Green @ <9381.503906, 35.325424, 2223.994385> ... Lifespan:  Set to 40 minutes.
2021-10-23 @ 10-08-18:  [EOnSpawnZombies] Zombie Spawned [9] ZmbF_ShortSkirt_stripes @ <9369.885742, 32.558670, 2209.673828> ... Lifespan:  Set to 40 minutes.
2021-10-23 @ 10-08-23:  [EOnSpawnZombies] Zombie Spawned [10] ZmbF_JoggerSkinny_Brown @ <9388.114258, 35.315826, 2224.562256> ... Lifespan:  Set to 40 minutes.
2021-10-23 @ 10-08-27:  [EOnSpawnZombies] Zombie Spawned [11] ZmbF_Clerk_Normal_Blue @ <9402.634766, 39.295414, 2248.770752> ... Lifespan:  Set to 40 minutes.
2021-10-23 @ 10-08-32:  [EOnSpawnZombies] Zombie Spawned [12] ZmbM_CitizenASkinny_Red @ <9336.405273, 34.040215, 2217.050537> ... Lifespan:  Set to 40 minutes.
2021-10-23 @ 10-08-36:  [EOnSpawnZombies] Zombie Spawned [13] ZmbM_CitizenBFat_Red @ <9355.998047, 38.429878, 2236.984375> ... Lifespan:  Set to 40 minutes.
2021-10-23 @ 10-08-41:  [EOnSpawnZombies] Zombie Spawned [14] ZmbM_PatientSkinny @ <9336.157227, 38.737480, 2240.626221> ... Lifespan:  Set to 40 minutes.
2021-10-23 @ 10-08-45:  [EOnSpawnZombies] Zombie Spawned [15] ZmbM_Jacket_blue @ <9406.723633, 33.355568, 2215.445801> ... Lifespan:  Set to 40 minutes.
2021-10-23 @ 10-08-50:  [EOnSpawnZombies] Zombie Spawned [16] ZmbF_JournalistNormal_Blue @ <9387.791992, 37.598583, 2237.009277> ... Lifespan:  Set to 40 minutes.
2021-10-23 @ 10-08-54:  [EOnSpawnZombies] Zombie Spawned [17] ZmbF_ParamedicNormal_Red @ <9365.463867, 42.950470, 2264.388672> ... Lifespan:  Set to 40 minutes.
2021-10-23 @ 10-08-59:  [EOnSpawnZombies] Zombie Spawned [18] ZmbM_JournalistSkinny @ <9393.164063, 38.602764, 2243.662842> ... Lifespan:  Set to 40 minutes.
2021-10-23 @ 10-09-03:  [EOnSpawnZombies] Zombie Spawned [19] ZmbM_CitizenASkinny_Red @ <9403.581055, 32.659470, 2212.046387> ... Lifespan:  Set to 40 minutes.
2021-10-23 @ 10-09-08:  [EOnSpawnZombies] Zombie Spawned [20] ZmbF_ParamedicNormal_Red @ <9397.366211, 37.924488, 2239.992920> ... Lifespan:  Set to 40 minutes.
2021-10-23 @ 10-09-12:  [EOnSpawnZombies] Zombie Spawned [21] ZmbF_ParamedicNormal_Red @ <9349.158203, 33.376102, 2212.771729> ... Lifespan:  Set to 40 minutes.
2021-10-23 @ 10-09-17:  [EOnSpawnZombies] Zombie Spawned [22] ZmbM_CitizenBFat_Red @ <9379.397461, 33.866249, 2216.616699> ... Lifespan:  Set to 40 minutes.
2021-10-23 @ 10-09-21:  [EOnSpawnZombies] Zombie Spawned [23] ZmbF_ShortSkirt_green @ <9333.689453, 37.992428, 2237.774658> ... Lifespan:  Set to 40 minutes.
2021-10-23 @ 10-09-26:  [EOnSpawnZombies] Zombie Spawned [24] ZmbM_SkaterYoung_Green @ <9361.206055, 33.646324, 2213.744141> ... Lifespan:  Set to 40 minutes.
2021-10-23 @ 10-09-30:  [EOnSpawnZombies] Zombie Spawned [25] ZmbF_SkaterYoung_Violet @ <9347.477539, 39.474342, 2242.858643> ... Lifespan:  Set to 40 minutes.
2021-10-23 @ 10-09-35:  [EOnSpawnZombies] Zombie Spawned [26] ZmbM_SkaterYoung_Blue @ <9369.528320, 38.500530, 2239.034424> ... Lifespan:  Set to 40 minutes.
2021-10-23 @ 10-09-39:  [EOnSpawnZombies] Zombie Spawned [27] ZmbM_PrisonerSkinny @ <9395.975586, 37.962631, 2240.077148> ... Lifespan:  Set to 40 minutes.
2021-10-23 @ 10-09-40:  [EOnBeforeDrop] The Aircraft is 1 Km from Elektrozavodsk, from the West (275°). @ <8374.958984, 152.000610, 2317.314941>
2021-10-23 @ 10-09-44:  [EOnSpawnZombies] Zombie Spawned [28] ZmbM_PolicemanSpecForce @ <9390.928711, 34.771511, 2222.010498> ... Lifespan:  Set to 40 minutes.
2021-10-23 @ 10-09-48:  [EOnSpawnZombies] Zombie Spawned [29] ZmbM_JoggerSkinny_Green @ <9377.312500, 28.992193, 2193.537842> ... Lifespan:  Set to 40 minutes.
2021-10-23 @ 10-09-52:  [EOnDrop] Drop spawned with 30 infected at <9280.162109, 168.975311, 2236.476807>.
2021-10-23 @ 10-09-52:  [EOnDrop] Supplies have been dropped near Elektrozavodsk.
2021-10-23 @ 10-11-24:  [EOnBeforeDelete] Aircraft despawned @ <16360.349609, 152.000610, 1604.504395>
2021-10-23 @ 10-11-24:  [~AirdropPlane] Aircraft destroyed.
