2021-10-23 @ 01-49-13:  [AirdropPlane] Aircraft created on 2021-10-23 @ 01-49-13
2021-10-23 @ 01-49-13:  [InitializeAircraft] Aircraft Initialized: Berezino @ 11464/8908 (true)
2021-10-23 @ 01-49-16:  [EOnSpawnZombies] Zombie Spawned [1] ZmbM_CitizenASkinny_Red @ <11485.118164, 113.558182, 8915.030273> ... Lifespan:  Set to 40 minutes.
2021-10-23 @ 01-49-20:  [EOnSpawnZombies] Zombie Spawned [2] ZmbM_CitizenBFat_Green @ <11451.237305, 118.371201, 8896.399414> ... Lifespan:  Set to 40 minutes.
2021-10-23 @ 01-49-23:  [EOnSpawnZombies] Zombie Spawned [3] ZmbM_ClerkFat_Grey @ <11464.922852, 118.212532, 8896.420898> ... Lifespan:  Set to 40 minutes.
2021-10-23 @ 01-49-27:  [EOnSpawnZombies] Zombie Spawned [4] ZmbF_Clerk_Normal_Red @ <11422.436523, 120.359779, 8892.044922> ... Lifespan:  Set to 40 minutes.
2021-10-23 @ 01-49-30:  [EOnSpawnZombies] Zombie Spawned [5] ZmbF_ShortSkirt_yellow @ <11490.833984, 120.591660, 8868.396484> ... Lifespan:  Set to 40 minutes.
2021-10-23 @ 01-49-34:  [EOnSpawnZombies] Zombie Spawned [6] ZmbM_SkaterYoung_Grey @ <11443.952148, 114.090569, 8921.763672> ... Lifespan:  Set to 40 minutes.
2021-10-23 @ 01-49-37:  [EOnSpawnZombies] Zombie Spawned [7] ZmbF_DoctorSkinny @ <11439.824219, 120.061768, 8884.755859> ... Lifespan:  Set to 40 minutes.
2021-10-23 @ 01-49-41:  [EOnSpawnZombies] Zombie Spawned [8] ZmbM_CitizenBFat_Red @ <11467.551758, 116.747772, 8903.806641> ... Lifespan:  Set to 40 minutes.
2021-10-23 @ 01-49-44:  [EOnSpawnZombies] Zombie Spawned [9] ZmbF_ShortSkirt_red @ <11505.100586, 113.246506, 8902.223633> ... Lifespan:  Set to 40 minutes.
2021-10-23 @ 01-49-48:  [EOnSpawnZombies] Zombie Spawned [10] ZmbF_JoggerSkinny_Green @ <11484.542969, 113.812019, 8913.778320> ... Lifespan:  Set to 40 minutes.
2021-10-23 @ 01-49-51:  [EOnSpawnZombies] Zombie Spawned [11] ZmbF_ParamedicNormal_Green @ <11440.305664, 119.223587, 8888.398438> ... Lifespan:  Set to 40 minutes.
2021-10-23 @ 01-49-55:  [EOnSpawnZombies] Zombie Spawned [12] ZmbF_JoggerSkinny_Brown @ <11450.485352, 113.160759, 8926.930664> ... Lifespan:  Set to 40 minutes.
2021-10-23 @ 01-49-58:  [EOnSpawnZombies] Zombie Spawned [13] ZmbM_Jacket_greenchecks @ <11502.910156, 109.862511, 8928.721680> ... Lifespan:  Set to 40 minutes.
2021-10-23 @ 01-50-02:  [EOnSpawnZombies] Zombie Spawned [14] ZmbF_CitizenANormal_Blue @ <11451.798828, 110.270615, 8948.243164> ... Lifespan:  Set to 40 minutes.
2021-10-23 @ 01-50-05:  [EOnSpawnZombies] Zombie Spawned [15] ZmbM_ClerkFat_Brown @ <11511.187500, 110.635864, 8915.212891> ... Lifespan:  Set to 40 minutes.
2021-10-23 @ 01-50-09:  [EOnSpawnZombies] Zombie Spawned [16] ZmbF_CitizenANormal_Brown @ <11466.135742, 114.724350, 8915.387695> ... Lifespan:  Set to 40 minutes.
2021-10-23 @ 01-50-12:  [EOnSpawnZombies] Zombie Spawned [17] ZmbM_CommercialPilotOld_Brown @ <11484.734375, 109.836044, 8940.592773> ... Lifespan:  Set to 40 minutes.
2021-10-23 @ 01-50-16:  [EOnSpawnZombies] Zombie Spawned [18] ZmbF_SkaterYoung_Striped @ <11483.301758, 121.577019, 8867.365234> ... Lifespan:  Set to 40 minutes.
2021-10-23 @ 01-50-19:  [EOnSpawnZombies] Zombie Spawned [19] ZmbM_CommercialPilotOld_Olive @ <11478.810547, 114.954308, 8909.645508> ... Lifespan:  Set to 40 minutes.
2021-10-23 @ 01-50-22:  [EOnSpawnZombies] Zombie Spawned [20] ZmbF_JournalistNormal_Green @ <11486.630859, 119.125328, 8873.572266> ... Lifespan:  Set to 40 minutes.
2021-10-23 @ 01-50-26:  [EOnSpawnZombies] Zombie Spawned [21] ZmbF_JoggerSkinny_Red @ <11460.440430, 117.032982, 8904.040039> ... Lifespan:  Set to 40 minutes.
2021-10-23 @ 01-50-29:  [EOnSpawnZombies] Zombie Spawned [22] ZmbM_CommercialPilotOld_Blue @ <11487.710938, 113.740494, 8912.353516> ... Lifespan:  Set to 40 minutes.
2021-10-23 @ 01-50-33:  [EOnSpawnZombies] Zombie Spawned [23] ZmbM_DoctorFat @ <11471.185547, 117.475143, 8881.534180> ... Lifespan:  Set to 40 minutes.
2021-10-23 @ 01-50-36:  [EOnSpawnZombies] Zombie Spawned [24] ZmbM_PatrolNormal_Summer @ <11452.193359, 118.038498, 8898.915039> ... Lifespan:  Set to 40 minutes.
2021-10-23 @ 01-50-40:  [EOnSpawnZombies] Zombie Spawned [25] ZmbF_ShortSkirt_white @ <11489.745117, 114.800354, 8904.522461> ... Lifespan:  Set to 40 minutes.
2021-10-23 @ 01-50-43:  [EOnSpawnZombies] Zombie Spawned [26] ZmbF_ShortSkirt_black @ <11455.716797, 115.596077, 8912.170898> ... Lifespan:  Set to 40 minutes.
2021-10-23 @ 01-50-44:  [EOnBeforeDrop] The Aircraft is 1 Km from Berezino, from the North (338°). @ <11088.750977, 221.453445, 9833.470703>
2021-10-23 @ 01-50-47:  [EOnSpawnZombies] Zombie Spawned [27] ZmbF_CitizenANormal_Blue @ <11467.447266, 114.099312, 8918.803711> ... Lifespan:  Set to 40 minutes.
2021-10-23 @ 01-50-50:  [EOnSpawnZombies] Zombie Spawned [28] ZmbM_SkaterYoung_Brown @ <11456.305664, 116.697037, 8906.285156> ... Lifespan:  Set to 40 minutes.
2021-10-23 @ 01-50-54:  [EOnSpawnZombies] Zombie Spawned [29] ZmbM_ParamedicNormal_Blue @ <11499.467773, 112.377937, 8913.150391> ... Lifespan:  Set to 40 minutes.
2021-10-23 @ 01-50-56:  [EOnDrop] Drop spawned with 30 infected at <11434.067383, 245.067810, 8986.843750>.
2021-10-23 @ 01-50-56:  [EOnDrop] Supplies have been dropped near Berezino.
2021-10-23 @ 01-53-16:  [EOnBeforeDelete] Aircraft despawned @ <15507.198242, 152.000610, -1001.435669>
2021-10-23 @ 01-53-16:  [~AirdropPlane] Aircraft destroyed.
