2021-10-24 @ 14-22-56:  [AirdropPlane] Aircraft created on 2021-10-24 @ 14-22-56
2021-10-24 @ 14-22-56:  [InitializeAircraft] Aircraft Initialized: Northwest Airfield @ 4807/9812 (true)
2021-10-24 @ 14-23-00:  [EOnSpawnZombies] Zombie Spawned [1] ZmbM_PatrolNormal_PautRev @ <4808.110352, 342.036987, 9840.963867> ... Lifespan:  Set to 40 minutes.
2021-10-24 @ 14-23-03:  [EOnSpawnZombies] Zombie Spawned [2] ZmbM_PatrolNormal_Summer @ <4758.048340, 341.342010, 9808.234375> ... Lifespan:  Set to 40 minutes.
2021-10-24 @ 14-23-06:  [EOnSpawnZombies] Zombie Spawned [3] ZmbM_PatrolNormal_PautRev @ <4758.411621, 341.748932, 9815.955078> ... Lifespan:  Set to 40 minutes.
2021-10-24 @ 14-23-10:  [EOnSpawnZombies] Zombie Spawned [4] ZmbM_PatrolNormal_Autumn @ <4821.859375, 343.199707, 9805.575195> ... Lifespan:  Set to 40 minutes.
2021-10-24 @ 14-23-13:  [EOnSpawnZombies] Zombie Spawned [5] ZmbM_PatrolNormal_Autumn @ <4851.140137, 341.321899, 9808.197266> ... Lifespan:  Set to 40 minutes.
2021-10-24 @ 14-23-17:  [EOnSpawnZombies] Zombie Spawned [6] ZmbM_SoldierNormal @ <4804.031738, 342.261536, 9845.184570> ... Lifespan:  Set to 40 minutes.
2021-10-24 @ 14-23-20:  [EOnSpawnZombies] Zombie Spawned [7] ZmbM_PatrolNormal_Summer @ <4779.155762, 342.300140, 9808.644531> ... Lifespan:  Set to 40 minutes.
2021-10-24 @ 14-23-23:  [EOnSpawnZombies] Zombie Spawned [8] ZmbM_PatrolNormal_Flat @ <4818.103516, 342.545135, 9825.759766> ... Lifespan:  Set to 40 minutes.
2021-10-24 @ 14-23-27:  [EOnSpawnZombies] Zombie Spawned [9] ZmbM_PatrolNormal_PautRev @ <4814.554688, 341.284943, 9857.731445> ... Lifespan:  Set to 40 minutes.
2021-10-24 @ 14-23-30:  [EOnSpawnZombies] Zombie Spawned [10] ZmbM_PatrolNormal_PautRev @ <4819.066895, 343.028687, 9813.934570> ... Lifespan:  Set to 40 minutes.
2021-10-24 @ 14-23-34:  [EOnSpawnZombies] Zombie Spawned [11] ZmbM_PatrolNormal_Flat @ <4820.047363, 341.961365, 9838.489258> ... Lifespan:  Set to 40 minutes.
2021-10-24 @ 14-23-37:  [EOnSpawnZombies] Zombie Spawned [12] ZmbM_PatrolNormal_Summer @ <4832.522461, 342.923889, 9802.595703> ... Lifespan:  Set to 40 minutes.
2021-10-24 @ 14-23-41:  [EOnSpawnZombies] Zombie Spawned [13] ZmbM_PatrolNormal_Flat @ <4807.220215, 342.610199, 9820.333008> ... Lifespan:  Set to 40 minutes.
2021-10-24 @ 14-23-44:  [EOnSpawnZombies] Zombie Spawned [14] ZmbM_PatrolNormal_Summer @ <4849.153809, 341.653473, 9813.673828> ... Lifespan:  Set to 40 minutes.
2021-10-24 @ 14-23-47:  [EOnSpawnZombies] Zombie Spawned [15] ZmbM_PatrolNormal_Summer @ <4805.770508, 342.866394, 9806.436523> ... Lifespan:  Set to 40 minutes.
2021-10-24 @ 14-23-51:  [EOnSpawnZombies] Zombie Spawned [16] ZmbM_SoldierNormal @ <4840.864258, 341.867310, 9823.657227> ... Lifespan:  Set to 40 minutes.
2021-10-24 @ 14-23-54:  [EOnSpawnZombies] Zombie Spawned [17] ZmbM_PatrolNormal_Summer @ <4837.071289, 342.033417, 9823.632813> ... Lifespan:  Set to 40 minutes.
2021-10-24 @ 14-23-58:  [EOnSpawnZombies] Zombie Spawned [18] ZmbM_PatrolNormal_Summer @ <4854.680664, 340.963013, 9808.454102> ... Lifespan:  Set to 40 minutes.
2021-10-24 @ 14-24-01:  [EOnSpawnZombies] Zombie Spawned [19] ZmbM_PatrolNormal_Flat @ <4793.209961, 342.889282, 9815.826172> ... Lifespan:  Set to 40 minutes.
2021-10-24 @ 14-24-04:  [EOnSpawnZombies] Zombie Spawned [20] ZmbM_PatrolNormal_Autumn @ <4804.551758, 343.165649, 9793.984375> ... Lifespan:  Set to 40 minutes.
2021-10-24 @ 14-24-08:  [EOnSpawnZombies] Zombie Spawned [21] ZmbM_SoldierNormal @ <4812.714844, 342.296814, 9827.906250> ... Lifespan:  Set to 40 minutes.
2021-10-24 @ 14-24-11:  [EOnSpawnZombies] Zombie Spawned [22] ZmbM_PatrolNormal_PautRev @ <4807.592285, 342.311493, 9825.151367> ... Lifespan:  Set to 40 minutes.
2021-10-24 @ 14-24-15:  [EOnSpawnZombies] Zombie Spawned [23] ZmbM_PatrolNormal_Flat @ <4773.371094, 341.907318, 9807.895508> ... Lifespan:  Set to 40 minutes.
2021-10-24 @ 14-24-18:  [EOnSpawnZombies] Zombie Spawned [24] ZmbM_SoldierNormal @ <4812.680664, 342.806580, 9809.519531> ... Lifespan:  Set to 40 minutes.
2021-10-24 @ 14-24-22:  [EOnSpawnZombies] Zombie Spawned [25] ZmbM_PatrolNormal_Flat @ <4815.011230, 342.774445, 9808.335938> ... Lifespan:  Set to 40 minutes.
2021-10-24 @ 14-24-25:  [EOnSpawnZombies] Zombie Spawned [26] ZmbM_PatrolNormal_Autumn @ <4799.116699, 342.511292, 9839.735352> ... Lifespan:  Set to 40 minutes.
2021-10-24 @ 14-24-26:  [EOnBeforeDrop] The Aircraft is 1 Km from Northwest Airfield, from the North/West (313°). @ <4072.745361, 489.725281, 10490.561523>
2021-10-24 @ 14-24-28:  [EOnSpawnZombies] Zombie Spawned [27] ZmbM_PatrolNormal_Autumn @ <4799.241211, 342.142792, 9779.116211> ... Lifespan:  Set to 40 minutes.
2021-10-24 @ 14-24-32:  [EOnSpawnZombies] Zombie Spawned [28] ZmbM_PatrolNormal_Flat @ <4798.207520, 342.025543, 9856.640625> ... Lifespan:  Set to 40 minutes.
2021-10-24 @ 14-24-35:  [EOnSpawnZombies] Zombie Spawned [29] ZmbM_PatrolNormal_Flat @ <4802.829102, 342.185486, 9836.849609> ... Lifespan:  Set to 40 minutes.
2021-10-24 @ 14-24-37:  [EOnDrop] Drop spawned with 30 infected at <4741.335449, 481.472412, 9872.444336>.
2021-10-24 @ 14-24-37:  [EOnDrop] Supplies have been dropped near Northwest Airfield.
2021-10-24 @ 14-28-02:  [EOnBeforeDelete] Aircraft despawned @ <16360.898438, 152.000610, -867.319092>
2021-10-24 @ 14-28-02:  [~AirdropPlane] Aircraft destroyed.
