2021-10-23 @ 05-21-47:  [AirdropPlane] Aircraft created on 2021-10-23 @ 05-21-47
2021-10-23 @ 05-21-47:  [InitializeAircraft] Aircraft Initialized: Player Called @ 3604.77/2165.28 (false)
2021-10-23 @ 05-21-52:  [EOnSpawnZombies] Zombie Spawned [1] ZmbM_FarmerFat_Green @ <3599.130127, 4.752497, 2131.249512> ... Lifespan:  Set to 40 minutes.
2021-10-23 @ 05-21-58:  [EOnSpawnZombies] Zombie Spawned [2] Animal_CanisLupus_Grey @ <3591.796875, 5.671496, 2139.337402> ... Lifespan:  Set to 40 minutes.
2021-10-23 @ 05-22-03:  [EOnSpawnZombies] Zombie Spawned [3] ZmbF_ShortSkirt_brown @ <3605.771729, 4.146409, 2125.222412> ... Lifespan:  Set to 40 minutes.
2021-10-23 @ 05-22-09:  [EOnSpawnZombies] Zombie Spawned [4] ZmbM_PatrolNormal_PautRev @ <3625.014648, 6.500000, 2187.726807> ... Lifespan:  Set to 40 minutes.
2021-10-23 @ 05-22-14:  [EOnSpawnZombies] Zombie Spawned [5] ZmbM_FarmerFat_Brown @ <3619.580811, 2.005174, 2118.508301> ... Lifespan:  Set to 40 minutes.
2021-10-23 @ 05-22-20:  [EOnSpawnZombies] Zombie Spawned [6] Animal_CanisLupus_White @ <3591.161377, 6.500000, 2154.712646> ... Lifespan:  Set to 40 minutes.
2021-10-23 @ 05-22-26:  [EOnSpawnZombies] Zombie Spawned [7] ZmbM_ParamedicNormal_Green @ <3580.282471, 6.500000, 2154.837402> ... Lifespan:  Set to 40 minutes.
2021-10-23 @ 05-22-31:  [EOnSpawnZombies] Zombie Spawned [8] ZmbM_SoldierNormal @ <3584.910889, 4.273332, 2130.197510> ... Lifespan:  Set to 40 minutes.
2021-10-23 @ 05-22-37:  [EOnSpawnZombies] Zombie Spawned [9] ZmbM_PatrolNormal_Flat @ <3611.561523, 6.500000, 2145.756592> ... Lifespan:  Set to 40 minutes.
2021-10-23 @ 05-22-42:  [EOnSpawnZombies] Zombie Spawned [10] ZmbM_MotobikerFat_Black @ <3608.495361, 6.500000, 2171.089355> ... Lifespan:  Set to 40 minutes.
2021-10-23 @ 05-22-48:  [EOnSpawnZombies] Zombie Spawned [11] ZmbF_HikerSkinny_Grey @ <3565.360840, 6.024479, 2148.369385> ... Lifespan:  Set to 40 minutes.
2021-10-23 @ 05-22-53:  [EOnSpawnZombies] Zombie Spawned [12] ZmbM_VillagerOld_White @ <3623.662598, 4.773574, 2131.842773> ... Lifespan:  Set to 40 minutes.
2021-10-23 @ 05-22-59:  [EOnSpawnZombies] Zombie Spawned [13] ZmbF_SkaterYoung_Brown @ <3612.665283, 6.500000, 2172.502197> ... Lifespan:  Set to 40 minutes.
2021-10-23 @ 05-23-04:  [EOnSpawnZombies] Zombie Spawned [14] ZmbM_PatrolNormal_Flat @ <3562.241211, 5.266302, 2139.946045> ... Lifespan:  Set to 40 minutes.
2021-10-23 @ 05-23-10:  [EOnSpawnZombies] Zombie Spawned [15] ZmbM_PatrolNormal_Summer @ <3611.105225, 6.500000, 2162.444092> ... Lifespan:  Set to 40 minutes.
2021-10-23 @ 05-23-15:  [EOnSpawnZombies] Zombie Spawned [16] ZmbF_MechanicNormal_Grey @ <3559.584717, 6.311843, 2152.589600> ... Lifespan:  Set to 40 minutes.
2021-10-23 @ 05-23-21:  [EOnSpawnZombies] Zombie Spawned [17] ZmbM_PatientSkinny @ <3568.550049, 6.500000, 2165.445801> ... Lifespan:  Set to 40 minutes.
2021-10-23 @ 05-23-26:  [EOnSpawnZombies] Zombie Spawned [18] ZmbM_ClerkFat_Brown @ <3591.422607, 6.500000, 2179.274902> ... Lifespan:  Set to 40 minutes.
2021-10-23 @ 05-23-32:  [EOnSpawnZombies] Zombie Spawned [19] Animal_CanisLupus_Grey @ <3621.977295, 6.500000, 2193.085449> ... Lifespan:  Set to 40 minutes.
2021-10-23 @ 05-23-37:  [EOnSpawnZombies] Zombie Spawned [20] ZmbF_MilkMaidOld_Beige @ <3617.726318, 6.500000, 2174.180176> ... Lifespan:  Set to 40 minutes.
2021-10-23 @ 05-23-43:  [EOnSpawnZombies] Zombie Spawned [21] ZmbM_HikerSkinny_Green @ <3615.256592, 6.500000, 2161.936523> ... Lifespan:  Set to 40 minutes.
2021-10-23 @ 05-23-48:  [EOnSpawnZombies] Zombie Spawned [22] ZmbF_MechanicNormal_Orange @ <3579.050293, 6.500000, 2174.692627> ... Lifespan:  Set to 40 minutes.
2021-10-23 @ 05-23-54:  [EOnSpawnZombies] Zombie Spawned [23] Animal_CanisLupus_White @ <3606.947510, 6.500000, 2203.395264> ... Lifespan:  Set to 40 minutes.
2021-10-23 @ 05-24-00:  [EOnSpawnZombies] Zombie Spawned [24] ZmbM_HandymanNormal_Beige @ <3572.910400, 5.716734, 2143.278564> ... Lifespan:  Set to 40 minutes.
2021-10-23 @ 05-24-05:  [EOnSpawnZombies] Zombie Spawned [25] ZmbM_PatrolNormal_Flat @ <3585.985107, 6.277462, 2146.936523> ... Lifespan:  Set to 40 minutes.
2021-10-23 @ 05-24-11:  [EOnSpawnZombies] Zombie Spawned [26] ZmbM_PatrolNormal_Summer @ <3610.302246, 6.500000, 2150.893311> ... Lifespan:  Set to 40 minutes.
2021-10-23 @ 05-24-16:  [EOnSpawnZombies] Zombie Spawned [27] ZmbF_ShortSkirt_checks @ <3606.176758, 5.731634, 2137.751465> ... Lifespan:  Set to 40 minutes.
2021-10-23 @ 05-24-20:  [EOnBeforeDrop] The Aircraft is 1 Km from called location, from the East (085°). @ <4600.046875, 159.013748, 2251.265869>
2021-10-23 @ 05-24-22:  [EOnSpawnZombies] Zombie Spawned [28] ZmbF_MechanicNormal_Orange @ <3570.354736, 6.500000, 2167.022705> ... Lifespan:  Set to 40 minutes.
2021-10-23 @ 05-24-27:  [EOnSpawnZombies] Zombie Spawned [29] ZmbM_ConstrWorkerNormal_Black @ <3578.570313, 3.705014, 2128.860352> ... Lifespan:  Set to 40 minutes.
2021-10-23 @ 05-24-32:  [EOnDrop] Drop spawned with 30 infected at <3691.000000, 142.724777, 2172.625000>.
2021-10-23 @ 05-24-32:  [EOnDrop] Supplies have been dropped near the player's location.
2021-10-23 @ 05-25-33:  [EOnBeforeDelete] Aircraft despawned @ <-1000.487488, 285.387939, 1766.784912>
2021-10-23 @ 05-25-33:  [~AirdropPlane] Aircraft destroyed.
