2021-10-23 @ 20-08-34:  [AirdropPlane] Aircraft created on 2021-10-23 @ 20-08-34
2021-10-23 @ 20-08-34:  [InitializeAircraft] Aircraft Initialized: Novodmitrovsk @ 11125/14040 (true)
2021-10-23 @ 20-08-37:  [EOnSpawnZombies] Zombie Spawned [1] ZmbM_DoctorFat @ <11100.144531, 99.624916, 14032.165039> ... Lifespan:  Set to 40 minutes.
2021-10-23 @ 20-08-41:  [EOnSpawnZombies] Zombie Spawned [2] ZmbF_JournalistNormal_White @ <11140.985352, 96.031883, 14032.990234> ... Lifespan:  Set to 40 minutes.
2021-10-23 @ 20-08-44:  [EOnSpawnZombies] Zombie Spawned [3] ZmbF_NurseFat @ <11116.460938, 97.189819, 14038.461914> ... Lifespan:  Set to 40 minutes.
2021-10-23 @ 20-08-47:  [EOnSpawnZombies] Zombie Spawned [4] ZmbM_CitizenASkinny_Blue @ <11091.680664, 84.528496, 14071.853516> ... Lifespan:  Set to 40 minutes.
2021-10-23 @ 20-08-50:  [EOnSpawnZombies] Zombie Spawned [5] ZmbM_CitizenASkinny_Grey @ <11104.064453, 84.478973, 14068.101563> ... Lifespan:  Set to 40 minutes.
2021-10-23 @ 20-08-53:  [EOnSpawnZombies] Zombie Spawned [6] ZmbF_JournalistNormal_White @ <11118.887695, 106.895844, 14012.320313> ... Lifespan:  Set to 40 minutes.
2021-10-23 @ 20-08-56:  [EOnSpawnZombies] Zombie Spawned [7] ZmbM_ClerkFat_Brown @ <11142.183594, 104.891716, 14010.198242> ... Lifespan:  Set to 40 minutes.
2021-10-23 @ 20-08-59:  [EOnSpawnZombies] Zombie Spawned [8] ZmbF_JoggerSkinny_Green @ <11146.317383, 83.562454, 14068.963867> ... Lifespan:  Set to 40 minutes.
2021-10-23 @ 20-09-02:  [EOnSpawnZombies] Zombie Spawned [9] ZmbM_CitizenBFat_Red @ <11118.612305, 95.483322, 14041.534180> ... Lifespan:  Set to 40 minutes.
2021-10-23 @ 20-09-05:  [EOnSpawnZombies] Zombie Spawned [10] ZmbF_DoctorSkinny @ <11139.354492, 106.607109, 14003.428711> ... Lifespan:  Set to 40 minutes.
2021-10-23 @ 20-09-08:  [EOnSpawnZombies] Spawn failed for zombie [11] 'ZmbM_JacketNormal_greenchecks', it does not exist in DayZ!
2021-10-23 @ 20-09-11:  [EOnSpawnZombies] Zombie Spawned [12] ZmbM_Jacket_greenchecks @ <11106.293945, 94.063774, 14049.248047> ... Lifespan:  Set to 40 minutes.
2021-10-23 @ 20-09-14:  [EOnSpawnZombies] Zombie Spawned [13] ZmbM_SkaterYoung_Grey @ <11167.832031, 89.609451, 14046.454102> ... Lifespan:  Set to 40 minutes.
2021-10-23 @ 20-09-17:  [EOnSpawnZombies] Zombie Spawned [14] ZmbM_CitizenASkinny_Brown @ <11147.956055, 99.975319, 14019.022461> ... Lifespan:  Set to 40 minutes.
2021-10-23 @ 20-09-20:  [EOnSpawnZombies] Zombie Spawned [15] ZmbF_ShortSkirt_checks @ <11166.494141, 85.319809, 14065.393555> ... Lifespan:  Set to 40 minutes.
2021-10-23 @ 20-09-23:  [EOnSpawnZombies] Zombie Spawned [16] ZmbM_SkaterYoung_Green @ <11114.201172, 100.956841, 14027.613281> ... Lifespan:  Set to 40 minutes.
2021-10-23 @ 20-09-26:  [EOnSpawnZombies] Zombie Spawned [17] ZmbF_ShortSkirt_black @ <11132.123047, 97.203804, 14031.185547> ... Lifespan:  Set to 40 minutes.
2021-10-23 @ 20-09-29:  [EOnSpawnZombies] Zombie Spawned [18] ZmbF_Clerk_Normal_Blue @ <11143.393555, 79.306190, 14085.217773> ... Lifespan:  Set to 40 minutes.
2021-10-23 @ 20-09-32:  [EOnSpawnZombies] Zombie Spawned [19] ZmbF_ShortSkirt_yellow @ <11127.129883, 92.226273, 14046.810547> ... Lifespan:  Set to 40 minutes.
2021-10-23 @ 20-09-35:  [EOnSpawnZombies] Zombie Spawned [20] ZmbM_Jacket_magenta @ <11120.861328, 91.974670, 14050.043945> ... Lifespan:  Set to 40 minutes.
2021-10-23 @ 20-09-38:  [EOnSpawnZombies] Zombie Spawned [21] ZmbM_Jacket_blue @ <11132.486328, 90.678169, 14053.022461> ... Lifespan:  Set to 40 minutes.
2021-10-23 @ 20-09-41:  [EOnSpawnZombies] Zombie Spawned [22] ZmbM_PrisonerSkinny @ <11166.886719, 98.214836, 14019.682617> ... Lifespan:  Set to 40 minutes.
2021-10-23 @ 20-09-45:  [EOnSpawnZombies] Zombie Spawned [23] ZmbF_ShortSkirt_brown @ <11103.843750, 95.553139, 14045.643555> ... Lifespan:  Set to 40 minutes.
2021-10-23 @ 20-09-48:  [EOnSpawnZombies] Zombie Spawned [24] ZmbF_SkaterYoung_Brown @ <11111.788086, 80.460938, 14075.310547> ... Lifespan:  Set to 40 minutes.
2021-10-23 @ 20-09-51:  [EOnSpawnZombies] Zombie Spawned [25] ZmbM_ClerkFat_Khaki @ <11124.820313, 100.618889, 14023.987305> ... Lifespan:  Set to 40 minutes.
2021-10-23 @ 20-09-53:  [EOnBeforeDrop] The Aircraft is 1 Km from Novodmitrovsk, from the South/East (132°). @ <11866.284180, 288.571472, 13371.567383>
2021-10-23 @ 20-09-54:  [EOnSpawnZombies] Zombie Spawned [26] ZmbM_CitizenBFat_Red @ <11141.365234, 95.489990, 14034.274414> ... Lifespan:  Set to 40 minutes.
2021-10-23 @ 20-09-57:  [EOnSpawnZombies] Zombie Spawned [27] ZmbM_Jacket_khaki @ <11125.093750, 92.403992, 14046.911133> ... Lifespan:  Set to 40 minutes.
2021-10-23 @ 20-10-00:  [EOnSpawnZombies] Zombie Spawned [28] ZmbF_SkaterYoung_Striped @ <11114.663086, 94.660179, 14047.800781> ... Lifespan:  Set to 40 minutes.
2021-10-23 @ 20-10-03:  [EOnSpawnZombies] Zombie Spawned [29] ZmbM_JoggerSkinny_Blue @ <11145.473633, 81.705093, 14075.616211> ... Lifespan:  Set to 40 minutes.
2021-10-23 @ 20-10-05:  [EOnDrop] Drop spawned with 30 infected at <11195.302734, 255.402802, 13978.427734>.
2021-10-23 @ 20-10-05:  [EOnDrop] Supplies have been dropped near Novodmitrovsk.
2021-10-23 @ 20-10-51:  [EOnBeforeDelete] Aircraft despawned @ <8561.450195, 427.023102, 16360.581055>
2021-10-23 @ 20-10-51:  [~AirdropPlane] Aircraft destroyed.
