[08-25-2021][03.54.33] New Synch Log File Created!
[08-25-2021][09.56.38] Log file reloaded ( Server Restart )
[12:14:21] Player (Imposible Burger, 76561199068832255)(<314.991302, 287.500458, 8557.575195>) requested data for lock!
[12:14:27] Player (Imposible Burger, 76561199068832255)(<314.991302, 287.500458, 8557.575195>) requested data for lock!
[12:14:37] Player (Imposible Burger, 76561199068832255)(<311.371857, 287.510773, 8561.625977>) requested data for lock!
[12:14:47] Player (Imposible Burger, 76561199068832255)(<317.486023, 288.720673, 8562.154297>) requested data for lock!
[12:14:53] Player (Imposible Burger, 76561199068832255)(<317.486023, 288.720673, 8562.154297>) requested data for lock!
[12:15:09] Player (Imposible Burger, 76561199068832255)(<317.850250, 288.725128, 8562.127930>) requested data for lock!
[12:15:14] Player (Imposible Burger, 76561199068832255)(<317.712585, 288.725098, 8566.967773>) requested data for lock!
[12:15:19] Player (Imposible Burger, 76561199068832255)(<317.712585, 288.725098, 8566.967773>) requested data for lock!
[12:15:27] Player (Imposible Burger, 76561199068832255)(<317.712585, 288.725098, 8566.967773>) requested data for lock!
[12:15:32] Player (Imposible Burger, 76561199068832255)(<317.712585, 288.725098, 8566.967773>) requested data for lock!
[12:15:37] Player (Imposible Burger, 76561199068832255)(<317.712585, 288.725098, 8566.967773>) requested data for lock!
[12:25:42] Player (Imposible Burger, 76561199068832255)(<13295.887695, 71.638863, 12122.681641>) requested data for lock!
[12:25:55] Player (Imposible Burger, 76561199068832255)(<13309.521484, 71.606522, 12124.710938>) requested data for lock!
[12:27:04] Player (Imposible Burger, 76561199068832255)(<13312.713867, 71.629265, 12142.384766>) requested data for lock!
[12:27:14] Player (Imposible Burger, 76561199068832255)(<13309.521484, 71.606522, 12124.710938>) requested data for lock!
[12:59:34] Player (Dr. Mauler, 76561198022416611)(<12890.177734, 64.436760, 15109.198242>) requested data for lock!
[12:59:39] Player (Dr. Mauler, 76561198022416611)(<12890.177734, 64.436760, 15109.198242>) requested data for lock!
[12:59:44] Player (Dr. Mauler, 76561198022416611)(<12888.545898, 64.531334, 15107.648438>) requested data for lock!
[12:59:49] Player (Dr. Mauler, 76561198022416611)(<12884.321289, 64.531334, 15105.812500>) requested data for lock!
[12:59:54] Player (Dr. Mauler, 76561198022416611)(<12884.335938, 69.317932, 15105.151367>) requested data for lock!
[12:59:59] Player (Dr. Mauler, 76561198022416611)(<12884.483398, 69.317932, 15105.002930>) requested data for lock!
[13:00:07] Player (Dr. Mauler, 76561198022416611)(<12884.483398, 69.317932, 15105.002930>) requested data for lock!
[14:19:10] Player (^DBD^ Maxo, 76561198148661627)(<317.850250, 288.725128, 8562.127930>) requested data for lock!
[14:19:23] Player (^DBD^ Maxo, 76561198148661627)(<317.850250, 288.725128, 8562.127930>) requested data for lock!
[14:19:28] Player (^DBD^ Maxo, 76561198148661627)(<317.486023, 288.720673, 8562.154297>) requested data for lock!
[14:19:40] Player (^DBD^ Maxo, 76561198148661627)(<314.991302, 287.500458, 8557.575195>) requested data for lock!
[14:20:29] Player (^DBD^ Maxo, 76561198148661627)(<311.371857, 287.510773, 8561.625977>) requested data for lock!
[14:22:44] Player (^DBD^ Maxo, 76561198148661627)(<317.850250, 288.725128, 8562.127930>) requested data for lock!
[14:31:40] Player (^DBD^ Maxo, 76561198148661627)(<317.486023, 288.720673, 8562.154297>) requested data for lock!
[14:31:45] Player (^DBD^ Maxo, 76561198148661627)(<317.486023, 288.720673, 8562.154297>) requested data for lock!
[14:31:50] Player (^DBD^ Maxo, 76561198148661627)(<317.486023, 288.720673, 8562.154297>) requested data for lock!
[14:32:08] Player (Dr. Mauler, 76561198022416611)(<12884.483398, 69.317932, 15105.002930>) requested data for lock!
[14:32:13] Player (^DBD^ Maxo, 76561198148661627)(<317.486023, 288.720673, 8562.154297>) requested data for lock!
[14:32:13] Player (Dr. Mauler, 76561198022416611)(<12884.335938, 69.317932, 15105.151367>) requested data for lock!
[14:32:18] Player (Dr. Mauler, 76561198022416611)(<12884.321289, 64.531334, 15105.812500>) requested data for lock!
[14:32:20] Player (^DBD^ Maxo, 76561198148661627)(<317.486023, 288.720673, 8562.154297>) requested data for lock!
[14:32:23] Player (Dr. Mauler, 76561198022416611)(<12888.545898, 64.531334, 15107.648438>) requested data for lock!
[14:32:29] Player (Dr. Mauler, 76561198022416611)(<12890.177734, 64.436760, 15109.198242>) requested data for lock!
[14:36:05] Player (^DBD^ Maxo, 76561198148661627)(<317.850250, 288.725128, 8562.127930>) requested data for lock!
[14:37:27] Player (^DBD^ Maxo, 76561198148661627)(<317.850250, 288.725128, 8562.127930>) requested data for lock!
[14:37:33] Player (^DBD^ Maxo, 76561198148661627)(<317.712585, 288.725098, 8566.967773>) requested data for lock!
[14:37:53] Player (^DBD^ Maxo, 76561198148661627)(<317.486023, 288.720673, 8562.154297>) requested data for lock!
[14:38:15] Player (^DBD^ Maxo, 76561198148661627)(<314.991302, 287.500458, 8557.575195>) requested data for lock!
[14:38:44] Player (^DBD^ Maxo, 76561198148661627)(<314.991302, 287.500458, 8557.575195>) requested data for lock!
[14:42:49] Player (^DBD^ Maxo, 76561198148661627)(<314.991302, 287.500458, 8557.575195>) requested data for lock!
[14:42:59] Player (^DBD^ Maxo, 76561198148661627)(<317.486023, 288.720673, 8562.154297>) requested data for lock!
[14:43:06] Player (^DBD^ Maxo, 76561198148661627)(<317.486023, 288.720673, 8562.154297>) requested data for lock!
[14:43:12] Player (^DBD^ Maxo, 76561198148661627)(<317.486023, 288.720673, 8562.154297>) requested data for lock!
[14:43:19] Player (^DBD^ Maxo, 76561198148661627)(<311.371857, 287.510773, 8561.625977>) requested data for lock!
[14:43:31] Player (^DBD^ Maxo, 76561198148661627)(<311.371857, 287.510773, 8561.625977>) requested data for lock!
[14:43:43] Player (Dr. Mauler, 76561198022416611)(<12890.177734, 64.436760, 15109.198242>) requested data for lock!
[14:43:49] Player (Dr. Mauler, 76561198022416611)(<12884.321289, 64.531334, 15105.812500>) requested data for lock!
[14:43:57] Player (Dr. Mauler, 76561198022416611)(<12884.335938, 69.317932, 15105.151367>) requested data for lock!
[14:44:53] Player (^DBD^ Maxo, 76561198148661627)(<317.486023, 288.720673, 8562.154297>) requested data for lock!
[14:47:54] Player (Imposible Burger, 76561199068832255)(<13018.612305, 51.340057, 14989.128906>) requested data for lock!
[14:47:59] Player (Imposible Burger, 76561199068832255)(<13018.612305, 51.340057, 14989.128906>) requested data for lock!
[14:48:37] Player (Imposible Burger, 76561199068832255)(<13018.612305, 51.340057, 14989.128906>) requested data for lock!
[14:48:59] Player (Imposible Burger, 76561199068832255)(<13018.612305, 51.340057, 14989.128906>) requested data for lock!
[14:50:04] Player (Imposible Burger, 76561199068832255)(<13018.612305, 51.340057, 14989.128906>) requested data for lock!
[14:50:41] Player (Imposible Burger, 76561199068832255)(<13018.612305, 51.340057, 14989.128906>) requested data for lock!
[14:51:25] Player (Imposible Burger, 76561199068832255)(<13018.612305, 51.340057, 14989.128906>) requested data for lock!
[14:51:31] Player (Imposible Burger, 76561199068832255)(<13018.612305, 51.340057, 14989.128906>) requested data for lock!
[14:51:36] Player (Imposible Burger, 76561199068832255)(<13018.612305, 51.340057, 14989.128906>) requested data for lock!
[14:52:38] Player (Imposible Burger, 76561199068832255)(<13018.612305, 51.340057, 14989.128906>) requested data for lock!
[14:54:13] Player (Imposible Burger, 76561199068832255)(<12890.177734, 64.436760, 15109.198242>) requested data for lock!
[14:54:18] Player (Imposible Burger, 76561199068832255)(<12890.177734, 64.436760, 15109.198242>) requested data for lock!
[14:54:41] Player (Imposible Burger, 76561199068832255)(<13018.612305, 51.340057, 14989.128906>) requested data for lock!
[14:54:47] Player (Imposible Burger, 76561199068832255)(<13018.612305, 51.340057, 14989.128906>) requested data for lock!
[14:55:12] Player (Imposible Burger, 76561199068832255)(<13018.612305, 51.340057, 14989.128906>) requested data for lock!
[14:55:34] Player (Imposible Burger, 76561199068832255)(<13018.612305, 51.340057, 14989.128906>) requested data for lock!
[15:01:31] Player (Imposible Burger, 76561199068832255)(<13018.612305, 51.340057, 14989.128906>) requested data for lock!
[15:01:36] Player (Imposible Burger, 76561199068832255)(<13018.612305, 51.340057, 14989.128906>) requested data for lock!
[15:01:41] Player (Imposible Burger, 76561199068832255)(<13018.612305, 51.340057, 14989.128906>) requested data for lock!
[15:01:46] Player (Imposible Burger, 76561199068832255)(<13018.612305, 51.340057, 14989.128906>) requested data for lock!
[08-25-2021][15.58.52] Log file reloaded ( Server Restart )
[16:29:12] Player (Dr. Mauler, 76561198022416611)(<12884.483398, 69.317932, 15105.002930>) requested data for lock!
[16:29:17] Player (Dr. Mauler, 76561198022416611)(<12884.335938, 69.317932, 15105.151367>) requested data for lock!
[16:29:22] Player (Dr. Mauler, 76561198022416611)(<12884.321289, 64.531334, 15105.812500>) requested data for lock!
[16:29:27] Player (Dr. Mauler, 76561198022416611)(<12888.545898, 64.531334, 15107.648438>) requested data for lock!
[16:29:33] Player (Dr. Mauler, 76561198022416611)(<12890.177734, 64.436760, 15109.198242>) requested data for lock!
[16:29:50] Player (Dr. Mauler, 76561198022416611)(<12890.177734, 64.436760, 15109.198242>) requested data for lock!
[16:30:46] Player (Dr. Mauler, 76561198022416611)(<12890.177734, 64.436760, 15109.198242>) requested data for lock!
[16:30:51] Player (Dr. Mauler, 76561198022416611)(<12884.321289, 64.531334, 15105.812500>) requested data for lock!
[16:31:11] Player (Dr. Mauler, 76561198022416611)(<12888.545898, 64.531334, 15107.648438>) requested data for lock!
[16:31:16] Player (Dr. Mauler, 76561198022416611)(<12888.545898, 64.531334, 15107.648438>) requested data for lock!
[16:31:22] Player (Dr. Mauler, 76561198022416611)(<12888.545898, 64.531334, 15107.648438>) requested data for lock!
[16:44:00] Player (^DBD^ Maxo, 76561198148661627)(<317.486023, 288.720673, 8562.154297>) requested data for lock!
[16:44:09] Player (^DBD^ Maxo, 76561198148661627)(<317.486023, 288.720673, 8562.154297>) requested data for lock!
[16:44:27] Player (^DBD^ Maxo, 76561198148661627)(<317.486023, 288.720673, 8562.154297>) requested data for lock!
[16:44:33] Player (^DBD^ Maxo, 76561198148661627)(<317.850250, 288.725128, 8562.127930>) requested data for lock!
[16:44:41] Player (^DBD^ Maxo, 76561198148661627)(<317.850250, 288.725128, 8562.127930>) requested data for lock!
[20:04:40] Player (PussinaBush, 76561198086263481)(<13312.713867, 71.629265, 12142.384766>) requested data for lock!
[20:04:51] Player (PussinaBush, 76561198086263481)(<13312.713867, 71.629265, 12142.384766>) requested data for lock!
[20:05:03] Player (PussinaBush, 76561198086263481)(<13309.521484, 71.606522, 12124.710938>) requested data for lock!
[20:05:09] Player (PussinaBush, 76561198086263481)(<13295.887695, 71.638863, 12122.681641>) requested data for lock!
[20:05:45] Player (PussinaBush, 76561198086263481)(<13295.887695, 71.638863, 12122.681641>) requested data for lock!
[20:05:59] Player (PussinaBush, 76561198086263481)(<13298.168945, 69.805489, 12103.271484>) requested data for lock!
[20:06:04] Player (PussinaBush, 76561198086263481)(<13299.072266, 69.803490, 12099.144531>) requested data for lock!
[20:06:09] Player (PussinaBush, 76561198086263481)(<13298.168945, 69.805489, 12103.271484>) requested data for lock!
[20:06:15] Player (PussinaBush, 76561198086263481)(<13295.887695, 71.638863, 12122.681641>) requested data for lock!
[20:06:24] Player (PussinaBush, 76561198086263481)(<13309.521484, 71.606522, 12124.710938>) requested data for lock!
[20:51:00] Player (PussinaBush, 76561198086263481)(<13299.072266, 69.803490, 12099.144531>) requested data for lock!
[20:51:05] Player (PussinaBush, 76561198086263481)(<13298.168945, 69.805489, 12103.271484>) requested data for lock!
[20:51:13] Player (PussinaBush, 76561198086263481)(<13295.887695, 71.638863, 12122.681641>) requested data for lock!
[20:51:18] Player (PussinaBush, 76561198086263481)(<13309.521484, 71.606522, 12124.710938>) requested data for lock!
[08-25-2021][22.01.00] Log file reloaded ( Server Restart )
