[08-27-2021][01.52.37] New Synch Log File Created!
[06:37:39] Player (Kaleb, 76561198892748368)(<11153.391602, 200.794144, 12304.242188>) requested data for lock!
[06:38:23] Player (Kaleb, 76561198892748368)(<11153.391602, 200.794144, 12304.242188>) requested data for lock!
[06:41:18] Player (Kaleb, 76561198892748368)(<11153.391602, 200.794144, 12304.242188>) requested data for lock!
[06:44:07] Player (Kaleb, 76561198892748368)(<11157.393555, 204.045959, 12310.053711>) requested data for lock!
[06:45:49] Player (Kaleb, 76561198892748368)(<11157.393555, 204.045959, 12310.053711>) requested data for lock!
[06:46:16] Player (Kaleb, 76561198892748368)(<11157.393555, 204.045959, 12310.053711>) requested data for lock!
[06:47:30] Player (Kaleb, 76561198892748368)(<11157.393555, 204.045959, 12310.053711>) requested data for lock!
[06:47:36] Player (Kaleb, 76561198892748368)(<11153.391602, 200.794144, 12304.242188>) requested data for lock!
[08-27-2021][07.54.41] Log file reloaded ( Server Restart )
[08:09:22] Player (Dr. Mauler, 76561198022416611)(<12890.177734, 64.436760, 15109.198242>) requested data for lock!
[08:09:27] Player (Dr. Mauler, 76561198022416611)(<12888.545898, 64.531334, 15107.648438>) requested data for lock!
[08:09:36] Player (Dr. Mauler, 76561198022416611)(<12888.545898, 64.531334, 15107.648438>) requested data for lock!
[08:09:42] Player (Dr. Mauler, 76561198022416611)(<12890.177734, 64.436760, 15109.198242>) requested data for lock!
[08:09:50] Player (Dr. Mauler, 76561198022416611)(<12890.177734, 64.436760, 15109.198242>) requested data for lock!
[08:09:59] Player (Dr. Mauler, 76561198022416611)(<12890.177734, 64.436760, 15109.198242>) requested data for lock!
[08:10:04] Player (Dr. Mauler, 76561198022416611)(<12888.545898, 64.531334, 15107.648438>) requested data for lock!
[08:10:09] Player (Dr. Mauler, 76561198022416611)(<12888.545898, 64.531334, 15107.648438>) requested data for lock!
[08:10:20] Player (Dr. Mauler, 76561198022416611)(<12884.321289, 64.531334, 15105.812500>) requested data for lock!
[08:10:25] Player (Dr. Mauler, 76561198022416611)(<12884.321289, 64.531334, 15105.812500>) requested data for lock!
[08:10:31] Player (Dr. Mauler, 76561198022416611)(<12884.321289, 64.531334, 15105.812500>) requested data for lock!
[08:10:52] Player (Dr. Mauler, 76561198022416611)(<12884.321289, 64.531334, 15105.812500>) requested data for lock!
[08:11:00] Player (Dr. Mauler, 76561198022416611)(<12884.321289, 64.531334, 15105.812500>) requested data for lock!
[08:11:05] Player (Dr. Mauler, 76561198022416611)(<12890.177734, 64.436760, 15109.198242>) requested data for lock!
[08:11:11] Player (Dr. Mauler, 76561198022416611)(<12888.545898, 64.531334, 15107.648438>) requested data for lock!
[08:11:17] Player (Dr. Mauler, 76561198022416611)(<12884.321289, 64.531334, 15105.812500>) requested data for lock!
[08:11:24] Player (Dr. Mauler, 76561198022416611)(<12888.545898, 64.531334, 15107.648438>) requested data for lock!
[08:11:29] Player (Dr. Mauler, 76561198022416611)(<12884.335938, 69.317932, 15105.151367>) requested data for lock!
[08:11:34] Player (Dr. Mauler, 76561198022416611)(<12884.483398, 69.317932, 15105.002930>) requested data for lock!
[08:14:40] Player (Dr. Mauler, 76561198022416611)(<12884.483398, 69.317932, 15105.002930>) requested data for lock!
[08:14:46] Player (Dr. Mauler, 76561198022416611)(<12888.545898, 64.531334, 15107.648438>) requested data for lock!
[08:14:51] Player (Dr. Mauler, 76561198022416611)(<12890.177734, 64.436760, 15109.198242>) requested data for lock!
[08:14:57] Player (Dr. Mauler, 76561198022416611)(<12884.321289, 64.531334, 15105.812500>) requested data for lock!
[08:15:10] Player (Dr. Mauler, 76561198022416611)(<12884.321289, 64.531334, 15105.812500>) requested data for lock!
[08:15:16] Player (Dr. Mauler, 76561198022416611)(<12890.177734, 64.436760, 15109.198242>) requested data for lock!
[08:15:22] Player (Dr. Mauler, 76561198022416611)(<12890.177734, 64.436760, 15109.198242>) requested data for lock!
[08:15:27] Player (Dr. Mauler, 76561198022416611)(<12890.177734, 64.436760, 15109.198242>) requested data for lock!
[08:15:32] Player (Dr. Mauler, 76561198022416611)(<12890.177734, 64.436760, 15109.198242>) requested data for lock!
[08:15:37] Player (Dr. Mauler, 76561198022416611)(<12890.177734, 64.436760, 15109.198242>) requested data for lock!
[08:16:27] Player (Dr. Mauler, 76561198022416611)(<12890.177734, 64.436760, 15109.198242>) requested data for lock!
[08:16:32] Player (Dr. Mauler, 76561198022416611)(<12890.177734, 64.436760, 15109.198242>) requested data for lock!
[08:16:40] Player (Dr. Mauler, 76561198022416611)(<12884.321289, 64.531334, 15105.812500>) requested data for lock!
[08:16:49] Player (Dr. Mauler, 76561198022416611)(<12890.177734, 64.436760, 15109.198242>) requested data for lock!
[08:16:55] Player (Dr. Mauler, 76561198022416611)(<12890.177734, 64.436760, 15109.198242>) requested data for lock!
[08:17:00] Player (Dr. Mauler, 76561198022416611)(<12890.177734, 64.436760, 15109.198242>) requested data for lock!
[08:17:04] Player (Dr. Mauler, 76561198022416611)(<12890.177734, 64.436760, 15109.198242>) requested data for lock!
[08:17:16] Player (Dr. Mauler, 76561198022416611)(<12888.545898, 64.531334, 15107.648438>) requested data for lock!
[08:17:21] Player (Dr. Mauler, 76561198022416611)(<12888.545898, 64.531334, 15107.648438>) requested data for lock!
[08:17:35] Player (Dr. Mauler, 76561198022416611)(<12888.545898, 64.531334, 15107.648438>) requested data for lock!
[08:17:41] Player (Dr. Mauler, 76561198022416611)(<12888.545898, 64.531334, 15107.648438>) requested data for lock!
[08:17:46] Player (Dr. Mauler, 76561198022416611)(<12884.321289, 64.531334, 15105.812500>) requested data for lock!
[08:17:51] Player (Dr. Mauler, 76561198022416611)(<12884.321289, 64.531334, 15105.812500>) requested data for lock!
[08:17:56] Player (Dr. Mauler, 76561198022416611)(<12884.321289, 64.531334, 15105.812500>) requested data for lock!
[08:18:10] Player (Dr. Mauler, 76561198022416611)(<12884.321289, 64.531334, 15105.812500>) requested data for lock!
[08:18:22] Player (Dr. Mauler, 76561198022416611)(<12888.545898, 64.531334, 15107.648438>) requested data for lock!
[08:18:32] Player (Dr. Mauler, 76561198022416611)(<12884.321289, 64.531334, 15105.812500>) requested data for lock!
[08:18:37] Player (Dr. Mauler, 76561198022416611)(<12888.545898, 64.531334, 15107.648438>) requested data for lock!
[08:18:42] Player (Dr. Mauler, 76561198022416611)(<12884.321289, 64.531334, 15105.812500>) requested data for lock!
[08:18:59] Player (Dr. Mauler, 76561198022416611)(<12884.321289, 64.531334, 15105.812500>) requested data for lock!
[08:19:08] Player (Dr. Mauler, 76561198022416611)(<12888.545898, 64.531334, 15107.648438>) requested data for lock!
[08:37:00] Player (Dr. Mauler, 76561198022416611)(<12884.483398, 69.317932, 15105.002930>) requested data for lock!
[08:37:05] Player (Dr. Mauler, 76561198022416611)(<12884.483398, 69.317932, 15105.002930>) requested data for lock!
[08:37:11] Player (Dr. Mauler, 76561198022416611)(<12884.335938, 69.317932, 15105.151367>) requested data for lock!
[08:37:17] Player (Dr. Mauler, 76561198022416611)(<12884.321289, 64.531334, 15105.812500>) requested data for lock!
[08:37:23] Player (Dr. Mauler, 76561198022416611)(<12890.177734, 64.436760, 15109.198242>) requested data for lock!
[08:37:29] Player (Dr. Mauler, 76561198022416611)(<12888.545898, 64.531334, 15107.648438>) requested data for lock!
[09:48:57] Player (Dr. Mauler, 76561198022416611)(<12890.177734, 64.436760, 15109.198242>) requested data for lock!
[09:49:02] Player (Dr. Mauler, 76561198022416611)(<12888.545898, 64.531334, 15107.648438>) requested data for lock!
[09:50:00] Player (Dr. Mauler, 76561198022416611)(<12884.321289, 64.531334, 15105.812500>) requested data for lock!
[09:50:05] Player (Dr. Mauler, 76561198022416611)(<12884.335938, 69.317932, 15105.151367>) requested data for lock!
[09:50:10] Player (Dr. Mauler, 76561198022416611)(<12884.483398, 69.317932, 15105.002930>) requested data for lock!
[12:43:54] Player (Dr. Mauler, 76561198022416611)(<12884.483398, 69.317932, 15105.002930>) requested data for lock!
[12:44:02] Player (Dr. Mauler, 76561198022416611)(<12884.483398, 69.317932, 15105.002930>) requested data for lock!
[12:44:07] Player (Dr. Mauler, 76561198022416611)(<12884.335938, 69.317932, 15105.151367>) requested data for lock!
[12:44:12] Player (Dr. Mauler, 76561198022416611)(<12884.335938, 69.317932, 15105.151367>) requested data for lock!
[12:49:14] Player (^DBD^ Maxo, 76561198148661627)(<317.712585, 288.725098, 8566.967773>) requested data for lock!
[12:49:19] Player (^DBD^ Maxo, 76561198148661627)(<317.850250, 288.725128, 8562.127930>) requested data for lock!
[12:54:01] Player (Dr. Mauler, 76561198022416611)(<12884.483398, 69.317932, 15105.002930>) requested data for lock!
[12:54:08] Player (Dr. Mauler, 76561198022416611)(<12884.483398, 69.317932, 15105.002930>) requested data for lock!
[12:54:13] Player (Dr. Mauler, 76561198022416611)(<12888.545898, 64.531334, 15107.648438>) requested data for lock!
[12:54:18] Player (Dr. Mauler, 76561198022416611)(<12884.321289, 64.531334, 15105.812500>) requested data for lock!
[12:54:24] Player (Dr. Mauler, 76561198022416611)(<12890.177734, 64.436760, 15109.198242>) requested data for lock!
[12:54:46] Player (Dr. Mauler, 76561198022416611)(<12890.177734, 64.436760, 15109.198242>) requested data for lock!
[12:56:12] Player (^DBD^ Maxo, 76561198148661627)(<1180.122559, 344.556030, 9988.092773>) requested data for lock!
[12:56:58] Player (^DBD^ Maxo, 76561198148661627)(<1186.712402, 344.556030, 9985.844727>) requested data for lock!
[13:00:21] Player (^DBD^ Maxo, 76561198148661627)(<1184.751831, 344.556030, 9983.866211>) requested data for lock!
[13:00:36] Player (^DBD^ Maxo, 76561198148661627)(<1186.712402, 344.556030, 9985.844727>) requested data for lock!
[13:00:46] Player (^DBD^ Maxo, 76561198148661627)(<1184.751831, 344.556030, 9983.866211>) requested data for lock!
[13:01:07] Player (^DBD^ Maxo, 76561198148661627)(<1184.751831, 344.556030, 9983.866211>) requested data for lock!
[13:01:12] Player (^DBD^ Maxo, 76561198148661627)(<1186.966064, 344.556030, 9980.056641>) requested data for lock!
[13:01:39] Player (^DBD^ Maxo, 76561198148661627)(<1185.200195, 344.556030, 9979.226563>) requested data for lock!
[13:02:09] Player (^DBD^ Maxo, 76561198148661627)(<1185.200195, 344.556030, 9979.226563>) requested data for lock!
[13:02:18] Player (^DBD^ Maxo, 76561198148661627)(<1185.200195, 344.556030, 9979.226563>) requested data for lock!
[13:02:23] Player (^DBD^ Maxo, 76561198148661627)(<1182.824463, 344.556030, 9978.469727>) requested data for lock!
[13:02:35] Player (^DBD^ Maxo, 76561198148661627)(<1181.235474, 344.556030, 9979.996094>) requested data for lock!
[13:03:20] Player (^DBD^ Maxo, 76561198148661627)(<1181.235474, 344.556030, 9979.996094>) requested data for lock!
[13:04:07] Player (^DBD^ Maxo, 76561198148661627)(<1182.824463, 344.556030, 9978.469727>) requested data for lock!
[13:04:56] Player (^DBD^ Maxo, 76561198148661627)(<1182.824463, 344.556030, 9978.469727>) requested data for lock!
[13:05:15] Player (^DBD^ Maxo, 76561198148661627)(<1182.824463, 344.556030, 9978.469727>) requested data for lock!
[13:05:20] Player (^DBD^ Maxo, 76561198148661627)(<1181.235474, 344.556030, 9979.996094>) requested data for lock!
[13:05:40] Player (^DBD^ Maxo, 76561198148661627)(<1185.200195, 344.556030, 9979.226563>) requested data for lock!
[13:05:59] Player (^DBD^ Maxo, 76561198148661627)(<1182.824463, 344.556030, 9978.469727>) requested data for lock!
[13:06:55] Player (^DBD^ Maxo, 76561198148661627)(<1182.824463, 344.556030, 9978.469727>) requested data for lock!
[13:07:07] Player (^DBD^ Maxo, 76561198148661627)(<1181.235474, 344.556030, 9979.996094>) requested data for lock!
[13:07:16] Player (^DBD^ Maxo, 76561198148661627)(<1186.712402, 344.556030, 9985.844727>) requested data for lock!
[13:11:27] Player (^DBD^ Maxo, 76561198148661627)(<1184.751831, 344.556030, 9983.866211>) requested data for lock!
[08-27-2021][13.38.25] Log file reloaded ( Server Restart )
[15:15:59] Player (KingHotDog, 76561199068832255)(<13761.996094, 2.698018, 3722.222168>) requested data for lock!
[15:16:05] Player (KingHotDog, 76561199068832255)(<13761.996094, 2.698018, 3722.222168>) requested data for lock!
[15:16:11] Player (KingHotDog, 76561199068832255)(<13761.996094, 2.698018, 3722.222168>) requested data for lock!
[15:16:16] Player (KingHotDog, 76561199068832255)(<13761.996094, 2.698018, 3722.222168>) requested data for lock!
[15:16:21] Player (KingHotDog, 76561199068832255)(<13761.996094, 2.698018, 3722.222168>) requested data for lock!
[15:16:26] Player (KingHotDog, 76561199068832255)(<13761.996094, 2.698018, 3722.222168>) requested data for lock!
[15:16:31] Player (KingHotDog, 76561199068832255)(<13761.996094, 2.698018, 3722.222168>) requested data for lock!
[15:16:42] Player (KingHotDog, 76561199068832255)(<13761.996094, 2.698018, 3722.222168>) requested data for lock!
[15:16:56] Player (KingHotDog, 76561199068832255)(<13761.996094, 2.698018, 3722.222168>) requested data for lock!
[15:17:01] Player (KingHotDog, 76561199068832255)(<13761.996094, 2.698018, 3722.222168>) requested data for lock!
[15:17:06] Player (KingHotDog, 76561199068832255)(<13761.996094, 2.698018, 3722.222168>) requested data for lock!
[15:17:11] Player (KingHotDog, 76561199068832255)(<13761.996094, 2.698018, 3722.222168>) requested data for lock!
[15:17:16] Player (KingHotDog, 76561199068832255)(<13761.996094, 2.698018, 3722.222168>) requested data for lock!
[15:17:21] Player (KingHotDog, 76561199068832255)(<13761.996094, 2.698018, 3722.222168>) requested data for lock!
[15:17:26] Player (KingHotDog, 76561199068832255)(<13761.996094, 2.698018, 3722.222168>) requested data for lock!
[15:17:31] Player (KingHotDog, 76561199068832255)(<13761.996094, 2.698018, 3722.222168>) requested data for lock!
[15:17:36] Player (KingHotDog, 76561199068832255)(<13761.996094, 2.698018, 3722.222168>) requested data for lock!
[15:17:41] Player (KingHotDog, 76561199068832255)(<13761.996094, 2.698018, 3722.222168>) requested data for lock!
[15:17:46] Player (KingHotDog, 76561199068832255)(<13761.996094, 2.698018, 3722.222168>) requested data for lock!
[15:17:51] Player (KingHotDog, 76561199068832255)(<13761.996094, 2.698018, 3722.222168>) requested data for lock!
[15:17:56] Player (KingHotDog, 76561199068832255)(<13761.996094, 2.698018, 3722.222168>) requested data for lock!
[15:18:01] Player (KingHotDog, 76561199068832255)(<13761.996094, 2.698018, 3722.222168>) requested data for lock!
[15:18:06] Player (KingHotDog, 76561199068832255)(<13761.996094, 2.698018, 3722.222168>) requested data for lock!
[15:18:11] Player (KingHotDog, 76561199068832255)(<13761.996094, 2.698018, 3722.222168>) requested data for lock!
[15:18:16] Player (KingHotDog, 76561199068832255)(<13761.996094, 2.698018, 3722.222168>) requested data for lock!
[15:18:22] Player (KingHotDog, 76561199068832255)(<13761.996094, 2.698018, 3722.222168>) requested data for lock!
[15:18:27] Player (KingHotDog, 76561199068832255)(<13761.996094, 2.698018, 3722.222168>) requested data for lock!
[15:18:32] Player (KingHotDog, 76561199068832255)(<13761.996094, 2.698018, 3722.222168>) requested data for lock!
[15:18:37] Player (KingHotDog, 76561199068832255)(<13761.996094, 2.698018, 3722.222168>) requested data for lock!
[15:18:42] Player (KingHotDog, 76561199068832255)(<13761.996094, 2.698018, 3722.222168>) requested data for lock!
[15:18:47] Player (KingHotDog, 76561199068832255)(<13761.996094, 2.698018, 3722.222168>) requested data for lock!
[15:18:52] Player (KingHotDog, 76561199068832255)(<13761.996094, 2.698018, 3722.222168>) requested data for lock!
[15:18:57] Player (KingHotDog, 76561199068832255)(<13761.996094, 2.698018, 3722.222168>) requested data for lock!
[15:19:02] Player (KingHotDog, 76561199068832255)(<13761.996094, 2.698018, 3722.222168>) requested data for lock!
[15:19:07] Player (KingHotDog, 76561199068832255)(<13761.996094, 2.698018, 3722.222168>) requested data for lock!
[15:19:12] Player (KingHotDog, 76561199068832255)(<13761.996094, 2.698018, 3722.222168>) requested data for lock!
[15:19:17] Player (KingHotDog, 76561199068832255)(<13761.996094, 2.698018, 3722.222168>) requested data for lock!
[15:19:22] Player (KingHotDog, 76561199068832255)(<13761.996094, 2.698018, 3722.222168>) requested data for lock!
[15:19:27] Player (KingHotDog, 76561199068832255)(<13761.996094, 2.698018, 3722.222168>) requested data for lock!
[15:19:32] Player (KingHotDog, 76561199068832255)(<13761.996094, 2.698018, 3722.222168>) requested data for lock!
[15:19:37] Player (KingHotDog, 76561199068832255)(<13761.996094, 2.698018, 3722.222168>) requested data for lock!
[15:19:42] Player (KingHotDog, 76561199068832255)(<13761.996094, 2.698018, 3722.222168>) requested data for lock!
[15:19:47] Player (KingHotDog, 76561199068832255)(<13761.996094, 2.698018, 3722.222168>) requested data for lock!
[15:19:52] Player (KingHotDog, 76561199068832255)(<13761.996094, 2.698018, 3722.222168>) requested data for lock!
[15:19:57] Player (KingHotDog, 76561199068832255)(<13761.996094, 2.698018, 3722.222168>) requested data for lock!
[15:20:02] Player (KingHotDog, 76561199068832255)(<13761.996094, 2.698018, 3722.222168>) requested data for lock!
[15:20:07] Player (KingHotDog, 76561199068832255)(<13761.996094, 2.698018, 3722.222168>) requested data for lock!
[15:20:12] Player (KingHotDog, 76561199068832255)(<13761.996094, 2.698018, 3722.222168>) requested data for lock!
[15:20:17] Player (KingHotDog, 76561199068832255)(<13761.996094, 2.698018, 3722.222168>) requested data for lock!
[15:20:22] Player (KingHotDog, 76561199068832255)(<13761.996094, 2.698018, 3722.222168>) requested data for lock!
[15:20:27] Player (KingHotDog, 76561199068832255)(<13761.996094, 2.698018, 3722.222168>) requested data for lock!
[15:20:32] Player (KingHotDog, 76561199068832255)(<13761.996094, 2.698018, 3722.222168>) requested data for lock!
[15:20:37] Player (KingHotDog, 76561199068832255)(<13761.996094, 2.698018, 3722.222168>) requested data for lock!
[15:20:42] Player (KingHotDog, 76561199068832255)(<13761.996094, 2.698018, 3722.222168>) requested data for lock!
[15:20:47] Player (KingHotDog, 76561199068832255)(<13761.996094, 2.698018, 3722.222168>) requested data for lock!
[15:20:52] Player (KingHotDog, 76561199068832255)(<13761.996094, 2.698018, 3722.222168>) requested data for lock!
[15:20:59] Player (KingHotDog, 76561199068832255)(<13761.996094, 2.698018, 3722.222168>) requested data for lock!
[15:21:02] Player (KingHotDog, 76561199068832255)(<13761.996094, 2.698018, 3722.222168>) requested data for lock!
[15:21:07] Player (KingHotDog, 76561199068832255)(<13761.996094, 2.698018, 3722.222168>) requested data for lock!
[15:21:12] Player (KingHotDog, 76561199068832255)(<13761.996094, 2.698018, 3722.222168>) requested data for lock!
[15:21:17] Player (KingHotDog, 76561199068832255)(<13761.996094, 2.698018, 3722.222168>) requested data for lock!
[15:21:22] Player (KingHotDog, 76561199068832255)(<13761.996094, 2.698018, 3722.222168>) requested data for lock!
[15:21:27] Player (KingHotDog, 76561199068832255)(<13761.996094, 2.698018, 3722.222168>) requested data for lock!
[15:21:32] Player (KingHotDog, 76561199068832255)(<13761.996094, 2.698018, 3722.222168>) requested data for lock!
[15:21:37] Player (KingHotDog, 76561199068832255)(<13761.996094, 2.698018, 3722.222168>) requested data for lock!
[15:21:42] Player (KingHotDog, 76561199068832255)(<13761.996094, 2.698018, 3722.222168>) requested data for lock!
[15:21:47] Player (KingHotDog, 76561199068832255)(<13761.996094, 2.698018, 3722.222168>) requested data for lock!
[15:21:53] Player (KingHotDog, 76561199068832255)(<13761.996094, 2.698018, 3722.222168>) requested data for lock!
[15:21:58] Player (KingHotDog, 76561199068832255)(<13761.996094, 2.698018, 3722.222168>) requested data for lock!
[15:22:03] Player (KingHotDog, 76561199068832255)(<13761.996094, 2.698018, 3722.222168>) requested data for lock!
[15:22:08] Player (KingHotDog, 76561199068832255)(<13761.996094, 2.698018, 3722.222168>) requested data for lock!
[15:22:13] Player (KingHotDog, 76561199068832255)(<13761.996094, 2.698018, 3722.222168>) requested data for lock!
[15:22:18] Player (KingHotDog, 76561199068832255)(<13761.996094, 2.698018, 3722.222168>) requested data for lock!
[15:22:23] Player (KingHotDog, 76561199068832255)(<13761.996094, 2.698018, 3722.222168>) requested data for lock!
[15:26:22] Player (KingHotDog, 76561199068832255)(<13756.547852, 3.604946, 3721.132813>) requested data for lock!
[15:26:27] Player (KingHotDog, 76561199068832255)(<13756.547852, 3.604946, 3721.132813>) requested data for lock!
[15:26:38] Player (KingHotDog, 76561199068832255)(<13756.547852, 3.604946, 3721.132813>) requested data for lock!
[15:26:43] Player (KingHotDog, 76561199068832255)(<13756.547852, 3.604946, 3721.132813>) requested data for lock!
[15:26:48] Player (KingHotDog, 76561199068832255)(<13756.547852, 3.604946, 3721.132813>) requested data for lock!
[15:26:50] Player (^DBD^ Maxo, 76561198148661627)(<1186.712402, 344.556030, 9985.844727>) requested data for lock!
[15:26:53] Player (KingHotDog, 76561199068832255)(<13756.547852, 3.604946, 3721.132813>) requested data for lock!
[15:26:58] Player (KingHotDog, 76561199068832255)(<13756.547852, 3.604946, 3721.132813>) requested data for lock!
[15:27:00] Player (^DBD^ Maxo, 76561198148661627)(<1184.751831, 344.556030, 9983.866211>) requested data for lock!
[15:27:03] Player (KingHotDog, 76561199068832255)(<13756.547852, 3.604946, 3721.132813>) requested data for lock!
[15:27:08] Player (KingHotDog, 76561199068832255)(<13756.547852, 3.604946, 3721.132813>) requested data for lock!
[15:27:13] Player (KingHotDog, 76561199068832255)(<13756.547852, 3.604946, 3721.132813>) requested data for lock!
[15:27:18] Player (KingHotDog, 76561199068832255)(<13756.547852, 3.604946, 3721.132813>) requested data for lock!
[15:27:23] Player (KingHotDog, 76561199068832255)(<13756.547852, 3.604946, 3721.132813>) requested data for lock!
[15:27:28] Player (KingHotDog, 76561199068832255)(<13756.547852, 3.604946, 3721.132813>) requested data for lock!
[15:27:33] Player (KingHotDog, 76561199068832255)(<13756.547852, 3.604946, 3721.132813>) requested data for lock!
[15:27:38] Player (KingHotDog, 76561199068832255)(<13756.547852, 3.604946, 3721.132813>) requested data for lock!
[15:27:43] Player (KingHotDog, 76561199068832255)(<13756.547852, 3.604946, 3721.132813>) requested data for lock!
[15:27:48] Player (KingHotDog, 76561199068832255)(<13756.547852, 3.604946, 3721.132813>) requested data for lock!
[15:27:49] Player (^DBD^ Maxo, 76561198148661627)(<1186.712402, 344.556030, 9985.844727>) requested data for lock!
[15:27:53] Player (KingHotDog, 76561199068832255)(<13756.547852, 3.604946, 3721.132813>) requested data for lock!
[15:27:58] Player (KingHotDog, 76561199068832255)(<13756.547852, 3.604946, 3721.132813>) requested data for lock!
[15:28:03] Player (KingHotDog, 76561199068832255)(<13756.547852, 3.604946, 3721.132813>) requested data for lock!
[15:28:08] Player (KingHotDog, 76561199068832255)(<13756.547852, 3.604946, 3721.132813>) requested data for lock!
[15:28:13] Player (KingHotDog, 76561199068832255)(<13756.547852, 3.604946, 3721.132813>) requested data for lock!
[15:28:18] Player (KingHotDog, 76561199068832255)(<13756.547852, 3.604946, 3721.132813>) requested data for lock!
[15:28:23] Player (KingHotDog, 76561199068832255)(<13756.547852, 3.604946, 3721.132813>) requested data for lock!
[15:28:28] Player (KingHotDog, 76561199068832255)(<13756.547852, 3.604946, 3721.132813>) requested data for lock!
[15:28:33] Player (KingHotDog, 76561199068832255)(<13756.547852, 3.604946, 3721.132813>) requested data for lock!
[15:28:34] Player (^DBD^ Maxo, 76561198148661627)(<1184.751831, 344.556030, 9983.866211>) requested data for lock!
[15:28:38] Player (KingHotDog, 76561199068832255)(<13756.547852, 3.604946, 3721.132813>) requested data for lock!
[15:28:43] Player (KingHotDog, 76561199068832255)(<13756.547852, 3.604946, 3721.132813>) requested data for lock!
[15:28:44] Player (^DBD^ Maxo, 76561198148661627)(<1184.751831, 344.556030, 9983.866211>) requested data for lock!
[15:28:48] Player (KingHotDog, 76561199068832255)(<13756.547852, 3.604946, 3721.132813>) requested data for lock!
[15:28:53] Player (KingHotDog, 76561199068832255)(<13756.547852, 3.604946, 3721.132813>) requested data for lock!
[15:28:56] Player (^DBD^ Maxo, 76561198148661627)(<1185.200195, 344.556030, 9979.226563>) requested data for lock!
[15:28:58] Player (KingHotDog, 76561199068832255)(<13756.547852, 3.604946, 3721.132813>) requested data for lock!
[15:29:01] Player (^DBD^ Maxo, 76561198148661627)(<1181.235474, 344.556030, 9979.996094>) requested data for lock!
[15:29:03] Player (KingHotDog, 76561199068832255)(<13756.547852, 3.604946, 3721.132813>) requested data for lock!
[15:29:08] Player (KingHotDog, 76561199068832255)(<13756.547852, 3.604946, 3721.132813>) requested data for lock!
[15:29:13] Player (KingHotDog, 76561199068832255)(<13756.547852, 3.604946, 3721.132813>) requested data for lock!
[15:29:18] Player (KingHotDog, 76561199068832255)(<13756.547852, 3.604946, 3721.132813>) requested data for lock!
[15:29:24] Player (KingHotDog, 76561199068832255)(<13756.547852, 3.604946, 3721.132813>) requested data for lock!
[15:29:29] Player (KingHotDog, 76561199068832255)(<13756.547852, 3.604946, 3721.132813>) requested data for lock!
[15:29:34] Player (KingHotDog, 76561199068832255)(<13756.547852, 3.604946, 3721.132813>) requested data for lock!
[15:29:39] Player (KingHotDog, 76561199068832255)(<13756.547852, 3.604946, 3721.132813>) requested data for lock!
[15:29:43] Player (^DBD^ Maxo, 76561198148661627)(<1185.200195, 344.556030, 9979.226563>) requested data for lock!
[15:29:44] Player (KingHotDog, 76561199068832255)(<13756.547852, 3.604946, 3721.132813>) requested data for lock!
[15:29:48] Player (^DBD^ Maxo, 76561198148661627)(<1186.966064, 344.556030, 9980.056641>) requested data for lock!
[15:29:49] Player (KingHotDog, 76561199068832255)(<13756.547852, 3.604946, 3721.132813>) requested data for lock!
[15:29:54] Player (KingHotDog, 76561199068832255)(<13756.547852, 3.604946, 3721.132813>) requested data for lock!
[15:29:59] Player (KingHotDog, 76561199068832255)(<13756.547852, 3.604946, 3721.132813>) requested data for lock!
[15:30:04] Player (KingHotDog, 76561199068832255)(<13756.547852, 3.604946, 3721.132813>) requested data for lock!
[15:30:09] Player (KingHotDog, 76561199068832255)(<13756.547852, 3.604946, 3721.132813>) requested data for lock!
[15:30:14] Player (KingHotDog, 76561199068832255)(<13756.547852, 3.604946, 3721.132813>) requested data for lock!
[15:30:19] Player (KingHotDog, 76561199068832255)(<13756.547852, 3.604946, 3721.132813>) requested data for lock!
[15:30:24] Player (KingHotDog, 76561199068832255)(<13756.547852, 3.604946, 3721.132813>) requested data for lock!
[15:30:29] Player (KingHotDog, 76561199068832255)(<13756.547852, 3.604946, 3721.132813>) requested data for lock!
[15:30:34] Player (KingHotDog, 76561199068832255)(<13756.547852, 3.604946, 3721.132813>) requested data for lock!
[15:30:39] Player (KingHotDog, 76561199068832255)(<13756.547852, 3.604946, 3721.132813>) requested data for lock!
[15:30:44] Player (KingHotDog, 76561199068832255)(<13756.547852, 3.604946, 3721.132813>) requested data for lock!
[15:30:49] Player (KingHotDog, 76561199068832255)(<13756.547852, 3.604946, 3721.132813>) requested data for lock!
[15:30:54] Player (KingHotDog, 76561199068832255)(<13756.547852, 3.604946, 3721.132813>) requested data for lock!
[15:30:59] Player (KingHotDog, 76561199068832255)(<13756.547852, 3.604946, 3721.132813>) requested data for lock!
[15:31:01] Player (^DBD^ Maxo, 76561198148661627)(<1185.200195, 344.556030, 9979.226563>) requested data for lock!
[15:31:04] Player (KingHotDog, 76561199068832255)(<13756.547852, 3.604946, 3721.132813>) requested data for lock!
[15:31:06] Player (^DBD^ Maxo, 76561198148661627)(<1182.824463, 344.556030, 9978.469727>) requested data for lock!
[15:31:09] Player (KingHotDog, 76561199068832255)(<13756.547852, 3.604946, 3721.132813>) requested data for lock!
[15:31:14] Player (KingHotDog, 76561199068832255)(<13756.547852, 3.604946, 3721.132813>) requested data for lock!
[15:31:19] Player (KingHotDog, 76561199068832255)(<13756.547852, 3.604946, 3721.132813>) requested data for lock!
[15:31:24] Player (KingHotDog, 76561199068832255)(<13756.547852, 3.604946, 3721.132813>) requested data for lock!
[15:31:29] Player (KingHotDog, 76561199068832255)(<13756.547852, 3.604946, 3721.132813>) requested data for lock!
[15:31:34] Player (KingHotDog, 76561199068832255)(<13756.547852, 3.604946, 3721.132813>) requested data for lock!
[15:31:39] Player (KingHotDog, 76561199068832255)(<13756.547852, 3.604946, 3721.132813>) requested data for lock!
[15:31:44] Player (KingHotDog, 76561199068832255)(<13756.547852, 3.604946, 3721.132813>) requested data for lock!
[15:31:49] Player (KingHotDog, 76561199068832255)(<13756.547852, 3.604946, 3721.132813>) requested data for lock!
[15:31:54] Player (KingHotDog, 76561199068832255)(<13756.547852, 3.604946, 3721.132813>) requested data for lock!
[15:31:59] Player (KingHotDog, 76561199068832255)(<13756.547852, 3.604946, 3721.132813>) requested data for lock!
[15:32:04] Player (KingHotDog, 76561199068832255)(<13756.547852, 3.604946, 3721.132813>) requested data for lock!
[15:32:09] Player (KingHotDog, 76561199068832255)(<13756.547852, 3.604946, 3721.132813>) requested data for lock!
[15:32:14] Player (KingHotDog, 76561199068832255)(<13756.547852, 3.604946, 3721.132813>) requested data for lock!
[15:32:19] Player (KingHotDog, 76561199068832255)(<13756.547852, 3.604946, 3721.132813>) requested data for lock!
[15:32:24] Player (KingHotDog, 76561199068832255)(<13756.547852, 3.604946, 3721.132813>) requested data for lock!
[15:32:29] Player (KingHotDog, 76561199068832255)(<13756.547852, 3.604946, 3721.132813>) requested data for lock!
[15:32:34] Player (KingHotDog, 76561199068832255)(<13756.547852, 3.604946, 3721.132813>) requested data for lock!
[15:32:39] Player (KingHotDog, 76561199068832255)(<13756.547852, 3.604946, 3721.132813>) requested data for lock!
[15:32:44] Player (KingHotDog, 76561199068832255)(<13756.547852, 3.604946, 3721.132813>) requested data for lock!
[15:32:49] Player (KingHotDog, 76561199068832255)(<13756.547852, 3.604946, 3721.132813>) requested data for lock!
[15:32:54] Player (KingHotDog, 76561199068832255)(<13756.547852, 3.604946, 3721.132813>) requested data for lock!
[15:32:59] Player (KingHotDog, 76561199068832255)(<13756.547852, 3.604946, 3721.132813>) requested data for lock!
[15:33:04] Player (KingHotDog, 76561199068832255)(<13756.547852, 3.604946, 3721.132813>) requested data for lock!
[15:33:09] Player (KingHotDog, 76561199068832255)(<13756.547852, 3.604946, 3721.132813>) requested data for lock!
[15:33:14] Player (KingHotDog, 76561199068832255)(<13756.547852, 3.604946, 3721.132813>) requested data for lock!
[15:33:20] Player (KingHotDog, 76561199068832255)(<13756.547852, 3.604946, 3721.132813>) requested data for lock!
[15:33:25] Player (KingHotDog, 76561199068832255)(<13756.547852, 3.604946, 3721.132813>) requested data for lock!
[15:33:29] Player (^DBD^ Maxo, 76561198148661627)(<1181.235474, 344.556030, 9979.996094>) requested data for lock!
[15:33:30] Player (KingHotDog, 76561199068832255)(<13756.547852, 3.604946, 3721.132813>) requested data for lock!
[15:33:34] Player (^DBD^ Maxo, 76561198148661627)(<1185.200195, 344.556030, 9979.226563>) requested data for lock!
[15:33:35] Player (KingHotDog, 76561199068832255)(<13756.547852, 3.604946, 3721.132813>) requested data for lock!
[15:33:40] Player (KingHotDog, 76561199068832255)(<13756.547852, 3.604946, 3721.132813>) requested data for lock!
[15:33:45] Player (KingHotDog, 76561199068832255)(<13756.547852, 3.604946, 3721.132813>) requested data for lock!
[15:33:50] Player (KingHotDog, 76561199068832255)(<13756.547852, 3.604946, 3721.132813>) requested data for lock!
[15:33:55] Player (KingHotDog, 76561199068832255)(<13756.547852, 3.604946, 3721.132813>) requested data for lock!
[15:34:00] Player (KingHotDog, 76561199068832255)(<13756.547852, 3.604946, 3721.132813>) requested data for lock!
[15:34:05] Player (KingHotDog, 76561199068832255)(<13756.547852, 3.604946, 3721.132813>) requested data for lock!
[15:34:10] Player (KingHotDog, 76561199068832255)(<13756.547852, 3.604946, 3721.132813>) requested data for lock!
[15:34:15] Player (KingHotDog, 76561199068832255)(<13756.547852, 3.604946, 3721.132813>) requested data for lock!
[15:34:18] Player (^DBD^ Maxo, 76561198148661627)(<1184.751831, 344.556030, 9983.866211>) requested data for lock!
[15:34:20] Player (KingHotDog, 76561199068832255)(<13756.547852, 3.604946, 3721.132813>) requested data for lock!
[15:34:23] Player (^DBD^ Maxo, 76561198148661627)(<1186.712402, 344.556030, 9985.844727>) requested data for lock!
[15:34:25] Player (KingHotDog, 76561199068832255)(<13756.547852, 3.604946, 3721.132813>) requested data for lock!
[15:34:30] Player (KingHotDog, 76561199068832255)(<13756.547852, 3.604946, 3721.132813>) requested data for lock!
[15:34:35] Player (KingHotDog, 76561199068832255)(<13756.547852, 3.604946, 3721.132813>) requested data for lock!
[15:34:40] Player (KingHotDog, 76561199068832255)(<13756.547852, 3.604946, 3721.132813>) requested data for lock!
[15:34:45] Player (KingHotDog, 76561199068832255)(<13756.547852, 3.604946, 3721.132813>) requested data for lock!
[15:34:50] Player (KingHotDog, 76561199068832255)(<13756.547852, 3.604946, 3721.132813>) requested data for lock!
[15:34:55] Player (KingHotDog, 76561199068832255)(<13756.547852, 3.604946, 3721.132813>) requested data for lock!
[15:35:00] Player (KingHotDog, 76561199068832255)(<13756.547852, 3.604946, 3721.132813>) requested data for lock!
[15:35:05] Player (KingHotDog, 76561199068832255)(<13756.547852, 3.604946, 3721.132813>) requested data for lock!
[15:35:10] Player (KingHotDog, 76561199068832255)(<13756.547852, 3.604946, 3721.132813>) requested data for lock!
[15:35:15] Player (KingHotDog, 76561199068832255)(<13756.547852, 3.604946, 3721.132813>) requested data for lock!
[15:35:20] Player (KingHotDog, 76561199068832255)(<13756.547852, 3.604946, 3721.132813>) requested data for lock!
[15:35:25] Player (KingHotDog, 76561199068832255)(<13756.547852, 3.604946, 3721.132813>) requested data for lock!
[15:35:30] Player (KingHotDog, 76561199068832255)(<13756.547852, 3.604946, 3721.132813>) requested data for lock!
[15:35:35] Player (KingHotDog, 76561199068832255)(<13756.547852, 3.604946, 3721.132813>) requested data for lock!
[15:35:40] Player (KingHotDog, 76561199068832255)(<13756.547852, 3.604946, 3721.132813>) requested data for lock!
[15:35:45] Player (KingHotDog, 76561199068832255)(<13756.547852, 3.604946, 3721.132813>) requested data for lock!
[15:35:50] Player (KingHotDog, 76561199068832255)(<13756.547852, 3.604946, 3721.132813>) requested data for lock!
[15:35:55] Player (KingHotDog, 76561199068832255)(<13756.547852, 3.604946, 3721.132813>) requested data for lock!
[15:36:00] Player (KingHotDog, 76561199068832255)(<13756.547852, 3.604946, 3721.132813>) requested data for lock!
[15:36:05] Player (KingHotDog, 76561199068832255)(<13756.547852, 3.604946, 3721.132813>) requested data for lock!
[15:36:10] Player (KingHotDog, 76561199068832255)(<13756.547852, 3.604946, 3721.132813>) requested data for lock!
[15:36:15] Player (KingHotDog, 76561199068832255)(<13756.547852, 3.604946, 3721.132813>) requested data for lock!
[15:36:20] Player (KingHotDog, 76561199068832255)(<13756.547852, 3.604946, 3721.132813>) requested data for lock!
[15:36:25] Player (KingHotDog, 76561199068832255)(<13756.547852, 3.604946, 3721.132813>) requested data for lock!
[15:36:30] Player (KingHotDog, 76561199068832255)(<13756.547852, 3.604946, 3721.132813>) requested data for lock!
[15:36:35] Player (KingHotDog, 76561199068832255)(<13756.547852, 3.604946, 3721.132813>) requested data for lock!
[15:36:40] Player (KingHotDog, 76561199068832255)(<13756.547852, 3.604946, 3721.132813>) requested data for lock!
[15:36:45] Player (KingHotDog, 76561199068832255)(<13756.547852, 3.604946, 3721.132813>) requested data for lock!
[15:36:51] Player (KingHotDog, 76561199068832255)(<13756.547852, 3.604946, 3721.132813>) requested data for lock!
[15:36:56] Player (KingHotDog, 76561199068832255)(<13756.547852, 3.604946, 3721.132813>) requested data for lock!
[15:37:01] Player (KingHotDog, 76561199068832255)(<13756.547852, 3.604946, 3721.132813>) requested data for lock!
[15:37:06] Player (KingHotDog, 76561199068832255)(<13756.547852, 3.604946, 3721.132813>) requested data for lock!
[15:37:11] Player (KingHotDog, 76561199068832255)(<13756.547852, 3.604946, 3721.132813>) requested data for lock!
[15:37:16] Player (KingHotDog, 76561199068832255)(<13756.547852, 3.604946, 3721.132813>) requested data for lock!
[15:37:21] Player (KingHotDog, 76561199068832255)(<13756.547852, 3.604946, 3721.132813>) requested data for lock!
[15:37:24] Player (^DBD^ Maxo, 76561198148661627)(<1186.712402, 344.556030, 9985.844727>) requested data for lock!
[15:37:26] Player (KingHotDog, 76561199068832255)(<13756.547852, 3.604946, 3721.132813>) requested data for lock!
[15:37:31] Player (KingHotDog, 76561199068832255)(<13756.547852, 3.604946, 3721.132813>) requested data for lock!
[15:37:36] Player (KingHotDog, 76561199068832255)(<13756.547852, 3.604946, 3721.132813>) requested data for lock!
[15:37:41] Player (KingHotDog, 76561199068832255)(<13756.547852, 3.604946, 3721.132813>) requested data for lock!
[15:37:46] Player (KingHotDog, 76561199068832255)(<13756.547852, 3.604946, 3721.132813>) requested data for lock!
[15:37:51] Player (KingHotDog, 76561199068832255)(<13756.547852, 3.604946, 3721.132813>) requested data for lock!
[15:37:56] Player (KingHotDog, 76561199068832255)(<13756.547852, 3.604946, 3721.132813>) requested data for lock!
[15:38:01] Player (KingHotDog, 76561199068832255)(<13756.547852, 3.604946, 3721.132813>) requested data for lock!
[15:38:06] Player (KingHotDog, 76561199068832255)(<13756.547852, 3.604946, 3721.132813>) requested data for lock!
[15:38:11] Player (KingHotDog, 76561199068832255)(<13756.547852, 3.604946, 3721.132813>) requested data for lock!
[15:38:16] Player (KingHotDog, 76561199068832255)(<13756.547852, 3.604946, 3721.132813>) requested data for lock!
[15:38:21] Player (KingHotDog, 76561199068832255)(<13756.547852, 3.604946, 3721.132813>) requested data for lock!
[15:38:26] Player (KingHotDog, 76561199068832255)(<13756.547852, 3.604946, 3721.132813>) requested data for lock!
[15:38:31] Player (KingHotDog, 76561199068832255)(<13756.547852, 3.604946, 3721.132813>) requested data for lock!
[15:38:36] Player (KingHotDog, 76561199068832255)(<13756.547852, 3.604946, 3721.132813>) requested data for lock!
[15:38:41] Player (KingHotDog, 76561199068832255)(<13756.547852, 3.604946, 3721.132813>) requested data for lock!
[15:38:46] Player (KingHotDog, 76561199068832255)(<13756.547852, 3.604946, 3721.132813>) requested data for lock!
[15:38:51] Player (KingHotDog, 76561199068832255)(<13756.547852, 3.604946, 3721.132813>) requested data for lock!
[15:38:56] Player (KingHotDog, 76561199068832255)(<13756.547852, 3.604946, 3721.132813>) requested data for lock!
[15:39:01] Player (KingHotDog, 76561199068832255)(<13756.547852, 3.604946, 3721.132813>) requested data for lock!
[15:39:06] Player (KingHotDog, 76561199068832255)(<13756.547852, 3.604946, 3721.132813>) requested data for lock!
[15:39:11] Player (KingHotDog, 76561199068832255)(<13756.547852, 3.604946, 3721.132813>) requested data for lock!
[15:39:16] Player (KingHotDog, 76561199068832255)(<13756.547852, 3.604946, 3721.132813>) requested data for lock!
[15:39:21] Player (KingHotDog, 76561199068832255)(<13756.547852, 3.604946, 3721.132813>) requested data for lock!
[15:39:26] Player (KingHotDog, 76561199068832255)(<13756.547852, 3.604946, 3721.132813>) requested data for lock!
[15:39:31] Player (KingHotDog, 76561199068832255)(<13756.547852, 3.604946, 3721.132813>) requested data for lock!
[15:39:36] Player (KingHotDog, 76561199068832255)(<13756.547852, 3.604946, 3721.132813>) requested data for lock!
[15:39:41] Player (KingHotDog, 76561199068832255)(<13756.547852, 3.604946, 3721.132813>) requested data for lock!
[15:39:46] Player (KingHotDog, 76561199068832255)(<13756.547852, 3.604946, 3721.132813>) requested data for lock!
[15:39:51] Player (KingHotDog, 76561199068832255)(<13756.547852, 3.604946, 3721.132813>) requested data for lock!
[15:39:56] Player (KingHotDog, 76561199068832255)(<13756.547852, 3.604946, 3721.132813>) requested data for lock!
[15:40:01] Player (KingHotDog, 76561199068832255)(<13756.547852, 3.604946, 3721.132813>) requested data for lock!
[15:40:06] Player (KingHotDog, 76561199068832255)(<13756.547852, 3.604946, 3721.132813>) requested data for lock!
[15:40:11] Player (KingHotDog, 76561199068832255)(<13756.547852, 3.604946, 3721.132813>) requested data for lock!
[15:40:16] Player (KingHotDog, 76561199068832255)(<13756.547852, 3.604946, 3721.132813>) requested data for lock!
[15:40:21] Player (KingHotDog, 76561199068832255)(<13756.547852, 3.604946, 3721.132813>) requested data for lock!
[15:40:26] Player (KingHotDog, 76561199068832255)(<13756.547852, 3.604946, 3721.132813>) requested data for lock!
[15:40:31] Player (KingHotDog, 76561199068832255)(<13756.547852, 3.604946, 3721.132813>) requested data for lock!
[15:40:36] Player (KingHotDog, 76561199068832255)(<13756.547852, 3.604946, 3721.132813>) requested data for lock!
[15:40:41] Player (KingHotDog, 76561199068832255)(<13756.547852, 3.604946, 3721.132813>) requested data for lock!
[15:40:46] Player (KingHotDog, 76561199068832255)(<13756.547852, 3.604946, 3721.132813>) requested data for lock!
[15:40:51] Player (KingHotDog, 76561199068832255)(<13756.547852, 3.604946, 3721.132813>) requested data for lock!
[15:40:57] Player (KingHotDog, 76561199068832255)(<13756.547852, 3.604946, 3721.132813>) requested data for lock!
[15:41:02] Player (KingHotDog, 76561199068832255)(<13756.547852, 3.604946, 3721.132813>) requested data for lock!
[15:41:07] Player (KingHotDog, 76561199068832255)(<13756.547852, 3.604946, 3721.132813>) requested data for lock!
[15:41:12] Player (KingHotDog, 76561199068832255)(<13756.547852, 3.604946, 3721.132813>) requested data for lock!
[15:41:17] Player (KingHotDog, 76561199068832255)(<13756.547852, 3.604946, 3721.132813>) requested data for lock!
[15:41:22] Player (KingHotDog, 76561199068832255)(<13756.547852, 3.604946, 3721.132813>) requested data for lock!
[15:41:27] Player (KingHotDog, 76561199068832255)(<13756.547852, 3.604946, 3721.132813>) requested data for lock!
[15:41:32] Player (KingHotDog, 76561199068832255)(<13756.547852, 3.604946, 3721.132813>) requested data for lock!
[15:41:37] Player (KingHotDog, 76561199068832255)(<13756.547852, 3.604946, 3721.132813>) requested data for lock!
[15:41:42] Player (KingHotDog, 76561199068832255)(<13756.547852, 3.604946, 3721.132813>) requested data for lock!
[15:41:47] Player (KingHotDog, 76561199068832255)(<13756.547852, 3.604946, 3721.132813>) requested data for lock!
[15:41:52] Player (KingHotDog, 76561199068832255)(<13756.547852, 3.604946, 3721.132813>) requested data for lock!
[15:41:57] Player (KingHotDog, 76561199068832255)(<13756.547852, 3.604946, 3721.132813>) requested data for lock!
[15:42:02] Player (KingHotDog, 76561199068832255)(<13756.547852, 3.604946, 3721.132813>) requested data for lock!
[15:42:07] Player (KingHotDog, 76561199068832255)(<13756.547852, 3.604946, 3721.132813>) requested data for lock!
[15:42:12] Player (KingHotDog, 76561199068832255)(<13756.547852, 3.604946, 3721.132813>) requested data for lock!
[15:42:15] Player (^DBD^ Maxo, 76561198148661627)(<1181.235474, 344.556030, 9979.996094>) requested data for lock!
[15:42:17] Player (KingHotDog, 76561199068832255)(<13756.547852, 3.604946, 3721.132813>) requested data for lock!
[15:42:22] Player (KingHotDog, 76561199068832255)(<13756.547852, 3.604946, 3721.132813>) requested data for lock!
[15:42:27] Player (KingHotDog, 76561199068832255)(<13756.547852, 3.604946, 3721.132813>) requested data for lock!
[15:42:27] Player (^DBD^ Maxo, 76561198148661627)(<1181.235474, 344.556030, 9979.996094>) requested data for lock!
[15:42:32] Player (KingHotDog, 76561199068832255)(<13756.547852, 3.604946, 3721.132813>) requested data for lock!
[15:42:37] Player (KingHotDog, 76561199068832255)(<13756.547852, 3.604946, 3721.132813>) requested data for lock!
[15:42:42] Player (KingHotDog, 76561199068832255)(<13756.547852, 3.604946, 3721.132813>) requested data for lock!
[15:42:42] Player (^DBD^ Maxo, 76561198148661627)(<1181.235474, 344.556030, 9979.996094>) requested data for lock!
[15:42:47] Player (KingHotDog, 76561199068832255)(<13756.547852, 3.604946, 3721.132813>) requested data for lock!
[15:42:52] Player (KingHotDog, 76561199068832255)(<13756.547852, 3.604946, 3721.132813>) requested data for lock!
[15:42:57] Player (KingHotDog, 76561199068832255)(<13756.547852, 3.604946, 3721.132813>) requested data for lock!
[15:43:02] Player (KingHotDog, 76561199068832255)(<13756.547852, 3.604946, 3721.132813>) requested data for lock!
[15:43:07] Player (KingHotDog, 76561199068832255)(<13756.547852, 3.604946, 3721.132813>) requested data for lock!
[15:43:12] Player (KingHotDog, 76561199068832255)(<13756.547852, 3.604946, 3721.132813>) requested data for lock!
[15:43:17] Player (KingHotDog, 76561199068832255)(<13756.547852, 3.604946, 3721.132813>) requested data for lock!
[15:43:22] Player (KingHotDog, 76561199068832255)(<13756.547852, 3.604946, 3721.132813>) requested data for lock!
[15:43:27] Player (KingHotDog, 76561199068832255)(<13756.547852, 3.604946, 3721.132813>) requested data for lock!
[15:43:32] Player (KingHotDog, 76561199068832255)(<13756.547852, 3.604946, 3721.132813>) requested data for lock!
[15:43:37] Player (KingHotDog, 76561199068832255)(<13756.547852, 3.604946, 3721.132813>) requested data for lock!
[15:43:42] Player (KingHotDog, 76561199068832255)(<13756.547852, 3.604946, 3721.132813>) requested data for lock!
[15:43:47] Player (KingHotDog, 76561199068832255)(<13756.547852, 3.604946, 3721.132813>) requested data for lock!
[15:43:52] Player (KingHotDog, 76561199068832255)(<13756.547852, 3.604946, 3721.132813>) requested data for lock!
[15:43:57] Player (KingHotDog, 76561199068832255)(<13756.547852, 3.604946, 3721.132813>) requested data for lock!
[15:44:02] Player (KingHotDog, 76561199068832255)(<13756.547852, 3.604946, 3721.132813>) requested data for lock!
[15:44:07] Player (KingHotDog, 76561199068832255)(<13756.547852, 3.604946, 3721.132813>) requested data for lock!
[15:44:12] Player (KingHotDog, 76561199068832255)(<13756.547852, 3.604946, 3721.132813>) requested data for lock!
[15:44:17] Player (KingHotDog, 76561199068832255)(<13756.547852, 3.604946, 3721.132813>) requested data for lock!
[15:44:22] Player (KingHotDog, 76561199068832255)(<13756.547852, 3.604946, 3721.132813>) requested data for lock!
[15:44:27] Player (KingHotDog, 76561199068832255)(<13756.547852, 3.604946, 3721.132813>) requested data for lock!
[15:44:32] Player (KingHotDog, 76561199068832255)(<13756.547852, 3.604946, 3721.132813>) requested data for lock!
[15:44:37] Player (KingHotDog, 76561199068832255)(<13756.547852, 3.604946, 3721.132813>) requested data for lock!
[15:44:42] Player (KingHotDog, 76561199068832255)(<13756.547852, 3.604946, 3721.132813>) requested data for lock!
[15:44:47] Player (KingHotDog, 76561199068832255)(<13756.547852, 3.604946, 3721.132813>) requested data for lock!
[15:44:51] Player (^DBD^ Maxo, 76561198148661627)(<1182.824463, 344.556030, 9978.469727>) requested data for lock!
[15:44:52] Player (KingHotDog, 76561199068832255)(<13756.547852, 3.604946, 3721.132813>) requested data for lock!
[15:44:57] Player (KingHotDog, 76561199068832255)(<13756.547852, 3.604946, 3721.132813>) requested data for lock!
[15:45:02] Player (KingHotDog, 76561199068832255)(<13756.547852, 3.604946, 3721.132813>) requested data for lock!
[15:45:07] Player (KingHotDog, 76561199068832255)(<13756.547852, 3.604946, 3721.132813>) requested data for lock!
[15:45:11] Player (^DBD^ Maxo, 76561198148661627)(<1185.200195, 344.556030, 9979.226563>) requested data for lock!
[15:45:12] Player (KingHotDog, 76561199068832255)(<13756.547852, 3.604946, 3721.132813>) requested data for lock!
[15:45:18] Player (KingHotDog, 76561199068832255)(<13756.547852, 3.604946, 3721.132813>) requested data for lock!
[15:45:23] Player (KingHotDog, 76561199068832255)(<13756.547852, 3.604946, 3721.132813>) requested data for lock!
[15:45:28] Player (KingHotDog, 76561199068832255)(<13756.547852, 3.604946, 3721.132813>) requested data for lock!
[15:45:33] Player (KingHotDog, 76561199068832255)(<13756.547852, 3.604946, 3721.132813>) requested data for lock!
[15:45:38] Player (KingHotDog, 76561199068832255)(<13756.547852, 3.604946, 3721.132813>) requested data for lock!
[15:45:43] Player (KingHotDog, 76561199068832255)(<13756.547852, 3.604946, 3721.132813>) requested data for lock!
[15:45:48] Player (KingHotDog, 76561199068832255)(<13756.547852, 3.604946, 3721.132813>) requested data for lock!
[15:45:53] Player (KingHotDog, 76561199068832255)(<13756.547852, 3.604946, 3721.132813>) requested data for lock!
[15:45:58] Player (KingHotDog, 76561199068832255)(<13756.547852, 3.604946, 3721.132813>) requested data for lock!
[15:46:03] Player (KingHotDog, 76561199068832255)(<13756.547852, 3.604946, 3721.132813>) requested data for lock!
[15:46:08] Player (KingHotDog, 76561199068832255)(<13756.547852, 3.604946, 3721.132813>) requested data for lock!
[15:46:13] Player (KingHotDog, 76561199068832255)(<13756.547852, 3.604946, 3721.132813>) requested data for lock!
[15:46:18] Player (KingHotDog, 76561199068832255)(<13756.547852, 3.604946, 3721.132813>) requested data for lock!
[15:46:23] Player (KingHotDog, 76561199068832255)(<13756.547852, 3.604946, 3721.132813>) requested data for lock!
[15:46:28] Player (KingHotDog, 76561199068832255)(<13756.547852, 3.604946, 3721.132813>) requested data for lock!
[15:46:33] Player (KingHotDog, 76561199068832255)(<13756.547852, 3.604946, 3721.132813>) requested data for lock!
[15:46:38] Player (KingHotDog, 76561199068832255)(<13756.547852, 3.604946, 3721.132813>) requested data for lock!
[15:46:43] Player (KingHotDog, 76561199068832255)(<13756.547852, 3.604946, 3721.132813>) requested data for lock!
[15:46:48] Player (KingHotDog, 76561199068832255)(<13756.547852, 3.604946, 3721.132813>) requested data for lock!
[15:46:53] Player (KingHotDog, 76561199068832255)(<13756.547852, 3.604946, 3721.132813>) requested data for lock!
[15:46:58] Player (KingHotDog, 76561199068832255)(<13756.547852, 3.604946, 3721.132813>) requested data for lock!
[15:47:03] Player (KingHotDog, 76561199068832255)(<13756.547852, 3.604946, 3721.132813>) requested data for lock!
[15:47:08] Player (KingHotDog, 76561199068832255)(<13756.547852, 3.604946, 3721.132813>) requested data for lock!
[15:47:13] Player (KingHotDog, 76561199068832255)(<13756.547852, 3.604946, 3721.132813>) requested data for lock!
[15:47:18] Player (KingHotDog, 76561199068832255)(<13756.547852, 3.604946, 3721.132813>) requested data for lock!
[15:47:23] Player (KingHotDog, 76561199068832255)(<13756.547852, 3.604946, 3721.132813>) requested data for lock!
[15:47:28] Player (KingHotDog, 76561199068832255)(<13756.547852, 3.604946, 3721.132813>) requested data for lock!
[15:47:33] Player (KingHotDog, 76561199068832255)(<13756.547852, 3.604946, 3721.132813>) requested data for lock!
[15:47:38] Player (KingHotDog, 76561199068832255)(<13756.547852, 3.604946, 3721.132813>) requested data for lock!
[15:47:43] Player (KingHotDog, 76561199068832255)(<13756.547852, 3.604946, 3721.132813>) requested data for lock!
[15:47:48] Player (KingHotDog, 76561199068832255)(<13756.547852, 3.604946, 3721.132813>) requested data for lock!
[15:47:53] Player (KingHotDog, 76561199068832255)(<13756.547852, 3.604946, 3721.132813>) requested data for lock!
[15:47:59] Player (KingHotDog, 76561199068832255)(<13756.547852, 3.604946, 3721.132813>) requested data for lock!
[15:48:04] Player (KingHotDog, 76561199068832255)(<13756.547852, 3.604946, 3721.132813>) requested data for lock!
[15:48:09] Player (KingHotDog, 76561199068832255)(<13756.547852, 3.604946, 3721.132813>) requested data for lock!
[15:48:14] Player (KingHotDog, 76561199068832255)(<13756.547852, 3.604946, 3721.132813>) requested data for lock!
[15:48:19] Player (KingHotDog, 76561199068832255)(<13756.547852, 3.604946, 3721.132813>) requested data for lock!
[15:48:24] Player (KingHotDog, 76561199068832255)(<13756.547852, 3.604946, 3721.132813>) requested data for lock!
[15:48:29] Player (KingHotDog, 76561199068832255)(<13756.547852, 3.604946, 3721.132813>) requested data for lock!
[15:48:34] Player (KingHotDog, 76561199068832255)(<13756.547852, 3.604946, 3721.132813>) requested data for lock!
[15:48:39] Player (KingHotDog, 76561199068832255)(<13756.547852, 3.604946, 3721.132813>) requested data for lock!
[15:48:44] Player (KingHotDog, 76561199068832255)(<13756.547852, 3.604946, 3721.132813>) requested data for lock!
[15:48:49] Player (KingHotDog, 76561199068832255)(<13756.547852, 3.604946, 3721.132813>) requested data for lock!
[15:48:54] Player (KingHotDog, 76561199068832255)(<13756.547852, 3.604946, 3721.132813>) requested data for lock!
[15:48:59] Player (KingHotDog, 76561199068832255)(<13756.547852, 3.604946, 3721.132813>) requested data for lock!
[15:49:04] Player (KingHotDog, 76561199068832255)(<13756.547852, 3.604946, 3721.132813>) requested data for lock!
[15:49:09] Player (KingHotDog, 76561199068832255)(<13756.547852, 3.604946, 3721.132813>) requested data for lock!
[15:49:14] Player (KingHotDog, 76561199068832255)(<13756.547852, 3.604946, 3721.132813>) requested data for lock!
[15:49:19] Player (KingHotDog, 76561199068832255)(<13756.547852, 3.604946, 3721.132813>) requested data for lock!
[15:49:24] Player (KingHotDog, 76561199068832255)(<13756.547852, 3.604946, 3721.132813>) requested data for lock!
[15:49:29] Player (KingHotDog, 76561199068832255)(<13756.547852, 3.604946, 3721.132813>) requested data for lock!
[15:49:34] Player (KingHotDog, 76561199068832255)(<13756.547852, 3.604946, 3721.132813>) requested data for lock!
[15:49:39] Player (KingHotDog, 76561199068832255)(<13756.547852, 3.604946, 3721.132813>) requested data for lock!
[15:49:44] Player (KingHotDog, 76561199068832255)(<13756.547852, 3.604946, 3721.132813>) requested data for lock!
[15:49:49] Player (KingHotDog, 76561199068832255)(<13756.547852, 3.604946, 3721.132813>) requested data for lock!
[15:49:50] Player (^DBD^ Maxo, 76561198148661627)(<1182.824463, 344.556030, 9978.469727>) requested data for lock!
[15:49:54] Player (KingHotDog, 76561199068832255)(<13756.547852, 3.604946, 3721.132813>) requested data for lock!
[15:49:59] Player (KingHotDog, 76561199068832255)(<13756.547852, 3.604946, 3721.132813>) requested data for lock!
[15:50:04] Player (KingHotDog, 76561199068832255)(<13756.547852, 3.604946, 3721.132813>) requested data for lock!
[15:50:09] Player (KingHotDog, 76561199068832255)(<13756.547852, 3.604946, 3721.132813>) requested data for lock!
[15:50:14] Player (KingHotDog, 76561199068832255)(<13756.547852, 3.604946, 3721.132813>) requested data for lock!
[15:50:19] Player (KingHotDog, 76561199068832255)(<13756.547852, 3.604946, 3721.132813>) requested data for lock!
[15:50:24] Player (KingHotDog, 76561199068832255)(<13756.547852, 3.604946, 3721.132813>) requested data for lock!
[15:50:29] Player (KingHotDog, 76561199068832255)(<13756.547852, 3.604946, 3721.132813>) requested data for lock!
[15:50:34] Player (KingHotDog, 76561199068832255)(<13756.547852, 3.604946, 3721.132813>) requested data for lock!
[15:50:39] Player (KingHotDog, 76561199068832255)(<13756.547852, 3.604946, 3721.132813>) requested data for lock!
[15:50:44] Player (KingHotDog, 76561199068832255)(<13756.547852, 3.604946, 3721.132813>) requested data for lock!
[15:50:49] Player (KingHotDog, 76561199068832255)(<13756.547852, 3.604946, 3721.132813>) requested data for lock!
[15:50:54] Player (KingHotDog, 76561199068832255)(<13756.547852, 3.604946, 3721.132813>) requested data for lock!
[15:50:59] Player (Kaleb, 76561198892748368)(<11157.393555, 204.045959, 12310.053711>) requested data for lock!
[15:50:59] Player (KingHotDog, 76561199068832255)(<13756.547852, 3.604946, 3721.132813>) requested data for lock!
[15:51:05] Player (KingHotDog, 76561199068832255)(<13756.547852, 3.604946, 3721.132813>) requested data for lock!
[15:51:06] Player (Kaleb, 76561198892748368)(<11157.393555, 204.045959, 12310.053711>) requested data for lock!
[15:51:10] Player (KingHotDog, 76561199068832255)(<13756.547852, 3.604946, 3721.132813>) requested data for lock!
[15:51:15] Player (KingHotDog, 76561199068832255)(<13756.547852, 3.604946, 3721.132813>) requested data for lock!
[15:51:20] Player (KingHotDog, 76561199068832255)(<13756.547852, 3.604946, 3721.132813>) requested data for lock!
[15:51:25] Player (KingHotDog, 76561199068832255)(<13756.547852, 3.604946, 3721.132813>) requested data for lock!
[15:51:30] Player (KingHotDog, 76561199068832255)(<13756.547852, 3.604946, 3721.132813>) requested data for lock!
[15:51:35] Player (KingHotDog, 76561199068832255)(<13756.547852, 3.604946, 3721.132813>) requested data for lock!
[15:51:40] Player (KingHotDog, 76561199068832255)(<13756.547852, 3.604946, 3721.132813>) requested data for lock!
[15:51:45] Player (KingHotDog, 76561199068832255)(<13756.547852, 3.604946, 3721.132813>) requested data for lock!
[15:51:50] Player (KingHotDog, 76561199068832255)(<13756.547852, 3.604946, 3721.132813>) requested data for lock!
[15:51:55] Player (KingHotDog, 76561199068832255)(<13756.547852, 3.604946, 3721.132813>) requested data for lock!
[15:52:00] Player (KingHotDog, 76561199068832255)(<13756.547852, 3.604946, 3721.132813>) requested data for lock!
[15:52:05] Player (KingHotDog, 76561199068832255)(<13756.547852, 3.604946, 3721.132813>) requested data for lock!
[15:52:10] Player (KingHotDog, 76561199068832255)(<13756.547852, 3.604946, 3721.132813>) requested data for lock!
[15:52:15] Player (KingHotDog, 76561199068832255)(<13756.547852, 3.604946, 3721.132813>) requested data for lock!
[15:52:20] Player (KingHotDog, 76561199068832255)(<13756.547852, 3.604946, 3721.132813>) requested data for lock!
[15:52:25] Player (KingHotDog, 76561199068832255)(<13756.547852, 3.604946, 3721.132813>) requested data for lock!
[15:52:30] Player (KingHotDog, 76561199068832255)(<13756.547852, 3.604946, 3721.132813>) requested data for lock!
[15:52:35] Player (KingHotDog, 76561199068832255)(<13756.547852, 3.604946, 3721.132813>) requested data for lock!
[15:52:38] Player (^DBD^ Maxo, 76561198148661627)(<1182.824463, 344.556030, 9978.469727>) requested data for lock!
[15:52:40] Player (KingHotDog, 76561199068832255)(<13756.547852, 3.604946, 3721.132813>) requested data for lock!
[15:52:45] Player (KingHotDog, 76561199068832255)(<13756.547852, 3.604946, 3721.132813>) requested data for lock!
[15:52:50] Player (KingHotDog, 76561199068832255)(<13756.547852, 3.604946, 3721.132813>) requested data for lock!
[15:52:55] Player (KingHotDog, 76561199068832255)(<13756.547852, 3.604946, 3721.132813>) requested data for lock!
[15:53:00] Player (KingHotDog, 76561199068832255)(<13756.547852, 3.604946, 3721.132813>) requested data for lock!
[15:53:05] Player (KingHotDog, 76561199068832255)(<13756.547852, 3.604946, 3721.132813>) requested data for lock!
[15:53:06] Player (^DBD^ Maxo, 76561198148661627)(<1182.824463, 344.556030, 9978.469727>) requested data for lock!
[15:53:09] Player (Kaleb, 76561198892748368)(<11153.391602, 200.794144, 12304.242188>) requested data for lock!
[15:53:10] Player (KingHotDog, 76561199068832255)(<13756.547852, 3.604946, 3721.132813>) requested data for lock!
[15:53:15] Player (KingHotDog, 76561199068832255)(<13756.547852, 3.604946, 3721.132813>) requested data for lock!
[15:53:20] Player (KingHotDog, 76561199068832255)(<13756.547852, 3.604946, 3721.132813>) requested data for lock!
[15:53:25] Player (^DBD^ Maxo, 76561198148661627)(<1185.200195, 344.556030, 9979.226563>) requested data for lock!
[15:53:25] Player (KingHotDog, 76561199068832255)(<13756.547852, 3.604946, 3721.132813>) requested data for lock!
[15:53:30] Player (KingHotDog, 76561199068832255)(<13756.547852, 3.604946, 3721.132813>) requested data for lock!
[15:53:35] Player (KingHotDog, 76561199068832255)(<13756.547852, 3.604946, 3721.132813>) requested data for lock!
[15:53:36] Player (Kaleb, 76561198892748368)(<11153.391602, 200.794144, 12304.242188>) requested data for lock!
[15:53:40] Player (KingHotDog, 76561199068832255)(<13756.547852, 3.604946, 3721.132813>) requested data for lock!
[15:53:45] Player (KingHotDog, 76561199068832255)(<13756.547852, 3.604946, 3721.132813>) requested data for lock!
[15:53:50] Player (KingHotDog, 76561199068832255)(<13756.547852, 3.604946, 3721.132813>) requested data for lock!
[15:53:53] Player (Kaleb, 76561198892748368)(<11155.415039, 200.212296, 12294.655273>) requested data for lock!
[15:53:55] Player (KingHotDog, 76561199068832255)(<13756.547852, 3.604946, 3721.132813>) requested data for lock!
[15:53:56] Player (^DBD^ Maxo, 76561198148661627)(<1185.200195, 344.556030, 9979.226563>) requested data for lock!
[15:53:58] Player (Kaleb, 76561198892748368)(<11155.415039, 200.212296, 12294.655273>) requested data for lock!
[15:54:00] Player (KingHotDog, 76561199068832255)(<13756.547852, 3.604946, 3721.132813>) requested data for lock!
[15:54:04] Player (Kaleb, 76561198892748368)(<11155.415039, 200.212296, 12294.655273>) requested data for lock!
[15:54:05] Player (KingHotDog, 76561199068832255)(<13756.547852, 3.604946, 3721.132813>) requested data for lock!
[15:54:09] Player (Kaleb, 76561198892748368)(<11155.415039, 200.212296, 12294.655273>) requested data for lock!
[15:54:10] Player (KingHotDog, 76561199068832255)(<13756.547852, 3.604946, 3721.132813>) requested data for lock!
[15:54:15] Player (KingHotDog, 76561199068832255)(<13756.547852, 3.604946, 3721.132813>) requested data for lock!
[15:54:17] Player (Kaleb, 76561198892748368)(<11155.415039, 200.212296, 12294.655273>) requested data for lock!
[15:54:20] Player (KingHotDog, 76561199068832255)(<13756.547852, 3.604946, 3721.132813>) requested data for lock!
[15:54:25] Player (KingHotDog, 76561199068832255)(<13756.547852, 3.604946, 3721.132813>) requested data for lock!
[15:54:31] Player (KingHotDog, 76561199068832255)(<13756.547852, 3.604946, 3721.132813>) requested data for lock!
[15:54:35] Player (Kaleb, 76561198892748368)(<11153.391602, 200.794144, 12304.242188>) requested data for lock!
[15:54:36] Player (KingHotDog, 76561199068832255)(<13756.547852, 3.604946, 3721.132813>) requested data for lock!
[15:54:41] Player (KingHotDog, 76561199068832255)(<13756.547852, 3.604946, 3721.132813>) requested data for lock!
[15:54:46] Player (KingHotDog, 76561199068832255)(<13756.547852, 3.604946, 3721.132813>) requested data for lock!
[15:54:46] Player (Kaleb, 76561198892748368)(<11157.393555, 204.045959, 12310.053711>) requested data for lock!
[15:54:51] Player (KingHotDog, 76561199068832255)(<13756.547852, 3.604946, 3721.132813>) requested data for lock!
[15:54:56] Player (KingHotDog, 76561199068832255)(<13756.547852, 3.604946, 3721.132813>) requested data for lock!
[15:55:01] Player (KingHotDog, 76561199068832255)(<13756.547852, 3.604946, 3721.132813>) requested data for lock!
[15:55:06] Player (KingHotDog, 76561199068832255)(<13756.547852, 3.604946, 3721.132813>) requested data for lock!
[15:55:11] Player (KingHotDog, 76561199068832255)(<13756.547852, 3.604946, 3721.132813>) requested data for lock!
[15:55:15] Player (^DBD^ Maxo, 76561198148661627)(<1186.712402, 344.556030, 9985.844727>) requested data for lock!
[15:55:16] Player (KingHotDog, 76561199068832255)(<13756.547852, 3.604946, 3721.132813>) requested data for lock!
[15:55:27] Player (KingHotDog, 76561199068832255)(<13756.547852, 3.604946, 3721.132813>) requested data for lock!
[15:55:49] Player (^DBD^ Maxo, 76561198148661627)(<1182.824463, 344.556030, 9978.469727>) requested data for lock!
[15:55:55] Player (^DBD^ Maxo, 76561198148661627)(<1185.200195, 344.556030, 9979.226563>) requested data for lock!
[15:58:56] Player (^DBD^ Maxo, 76561198148661627)(<1181.235474, 344.556030, 9979.996094>) requested data for lock!
[15:59:20] Player (^DBD^ Maxo, 76561198148661627)(<1181.235474, 344.556030, 9979.996094>) requested data for lock!
[15:59:29] Player (^DBD^ Maxo, 76561198148661627)(<1185.200195, 344.556030, 9979.226563>) requested data for lock!
[15:59:36] Player (^DBD^ Maxo, 76561198148661627)(<1181.235474, 344.556030, 9979.996094>) requested data for lock!
[15:59:49] Player (^DBD^ Maxo, 76561198148661627)(<1181.235474, 344.556030, 9979.996094>) requested data for lock!
[16:01:29] Player (^DBD^ Maxo, 76561198148661627)(<1185.200195, 344.556030, 9979.226563>) requested data for lock!
[16:01:34] Player (^DBD^ Maxo, 76561198148661627)(<1182.824463, 344.556030, 9978.469727>) requested data for lock!
[16:01:52] Player (^DBD^ Maxo, 76561198148661627)(<1182.824463, 344.556030, 9978.469727>) requested data for lock!
[16:01:55] Player (Kaleb, 76561198892748368)(<11157.393555, 204.045959, 12310.053711>) requested data for lock!
[16:05:20] Player (^DBD^ Maxo, 76561198148661627)(<1185.200195, 344.556030, 9979.226563>) requested data for lock!
[16:05:25] Player (^DBD^ Maxo, 76561198148661627)(<1186.712402, 344.556030, 9985.844727>) requested data for lock!
[16:05:47] Player (Kaleb, 76561198892748368)(<11153.391602, 200.794144, 12304.242188>) requested data for lock!
[16:13:39] Player (Kaleb, 76561198892748368)(<11153.391602, 200.794144, 12304.242188>) requested data for lock!
[16:15:12] Player (Kaleb, 76561198892748368)(<11153.391602, 200.794144, 12304.242188>) requested data for lock!
[16:15:19] Player (Kaleb, 76561198892748368)(<11153.391602, 200.794144, 12304.242188>) requested data for lock!
[16:15:23] Player (KingHotDog, 76561199068832255)(<13756.547852, 3.604946, 3721.132813>) requested data for lock!
[16:15:28] Player (KingHotDog, 76561199068832255)(<13756.547852, 3.604946, 3721.132813>) requested data for lock!
[16:15:33] Player (KingHotDog, 76561199068832255)(<13756.547852, 3.604946, 3721.132813>) requested data for lock!
[16:15:38] Player (KingHotDog, 76561199068832255)(<13756.547852, 3.604946, 3721.132813>) requested data for lock!
[16:15:43] Player (KingHotDog, 76561199068832255)(<13756.547852, 3.604946, 3721.132813>) requested data for lock!
[16:15:48] Player (KingHotDog, 76561199068832255)(<13756.547852, 3.604946, 3721.132813>) requested data for lock!
[16:15:53] Player (KingHotDog, 76561199068832255)(<13756.547852, 3.604946, 3721.132813>) requested data for lock!
[16:15:59] Player (KingHotDog, 76561199068832255)(<13756.547852, 3.604946, 3721.132813>) requested data for lock!
[16:16:00] Player (Kaleb, 76561198892748368)(<11153.391602, 200.794144, 12304.242188>) requested data for lock!
[16:16:03] Player (KingHotDog, 76561199068832255)(<13756.547852, 3.604946, 3721.132813>) requested data for lock!
[16:16:08] Player (KingHotDog, 76561199068832255)(<13756.547852, 3.604946, 3721.132813>) requested data for lock!
[16:16:13] Player (KingHotDog, 76561199068832255)(<13756.547852, 3.604946, 3721.132813>) requested data for lock!
[16:16:18] Player (KingHotDog, 76561199068832255)(<13756.547852, 3.604946, 3721.132813>) requested data for lock!
[16:16:23] Player (KingHotDog, 76561199068832255)(<13756.547852, 3.604946, 3721.132813>) requested data for lock!
[16:16:26] Player (Kaleb, 76561198892748368)(<11153.391602, 200.794144, 12304.242188>) requested data for lock!
[16:16:28] Player (KingHotDog, 76561199068832255)(<13756.547852, 3.604946, 3721.132813>) requested data for lock!
[16:16:33] Player (KingHotDog, 76561199068832255)(<13756.547852, 3.604946, 3721.132813>) requested data for lock!
[16:16:38] Player (KingHotDog, 76561199068832255)(<13756.547852, 3.604946, 3721.132813>) requested data for lock!
[16:16:43] Player (KingHotDog, 76561199068832255)(<13756.547852, 3.604946, 3721.132813>) requested data for lock!
[16:16:48] Player (KingHotDog, 76561199068832255)(<13756.547852, 3.604946, 3721.132813>) requested data for lock!
[16:16:53] Player (KingHotDog, 76561199068832255)(<13756.547852, 3.604946, 3721.132813>) requested data for lock!
[16:16:58] Player (KingHotDog, 76561199068832255)(<13756.547852, 3.604946, 3721.132813>) requested data for lock!
[16:17:03] Player (KingHotDog, 76561199068832255)(<13756.547852, 3.604946, 3721.132813>) requested data for lock!
[16:17:08] Player (KingHotDog, 76561199068832255)(<13756.547852, 3.604946, 3721.132813>) requested data for lock!
[16:17:13] Player (KingHotDog, 76561199068832255)(<13756.547852, 3.604946, 3721.132813>) requested data for lock!
[16:17:18] Player (KingHotDog, 76561199068832255)(<13756.547852, 3.604946, 3721.132813>) requested data for lock!
[16:17:23] Player (KingHotDog, 76561199068832255)(<13756.547852, 3.604946, 3721.132813>) requested data for lock!
[16:17:28] Player (KingHotDog, 76561199068832255)(<13756.547852, 3.604946, 3721.132813>) requested data for lock!
[16:17:33] Player (KingHotDog, 76561199068832255)(<13756.547852, 3.604946, 3721.132813>) requested data for lock!
[16:17:38] Player (KingHotDog, 76561199068832255)(<13756.547852, 3.604946, 3721.132813>) requested data for lock!
[16:17:43] Player (KingHotDog, 76561199068832255)(<13756.547852, 3.604946, 3721.132813>) requested data for lock!
[16:18:02] Player (Kaleb, 76561198892748368)(<11157.393555, 204.045959, 12310.053711>) requested data for lock!
[16:18:07] Player (Kaleb, 76561198892748368)(<11153.391602, 200.794144, 12304.242188>) requested data for lock!
[16:19:08] Player (Kaleb, 76561198892748368)(<11153.391602, 200.794144, 12304.242188>) requested data for lock!
[16:20:30] Player (Kaleb, 76561198892748368)(<11153.391602, 200.794144, 12304.242188>) requested data for lock!
[16:21:39] Player (Kaleb, 76561198892748368)(<11153.391602, 200.794144, 12304.242188>) requested data for lock!
[16:21:58] Player (Kaleb, 76561198892748368)(<11153.391602, 200.794144, 12304.242188>) requested data for lock!
[16:26:44] Player (KingHotDog, 76561199068832255)(<13756.547852, 3.604946, 3721.132813>) requested data for lock!
[16:26:50] Player (KingHotDog, 76561199068832255)(<13756.547852, 3.604946, 3721.132813>) requested data for lock!
[16:26:55] Player (KingHotDog, 76561199068832255)(<13756.547852, 3.604946, 3721.132813>) requested data for lock!
[16:26:56] Player (Kaleb, 76561198892748368)(<11155.415039, 200.212296, 12294.655273>) requested data for lock!
[16:27:00] Player (KingHotDog, 76561199068832255)(<13756.547852, 3.604946, 3721.132813>) requested data for lock!
[16:27:04] Player (Kaleb, 76561198892748368)(<11153.391602, 200.794144, 12304.242188>) requested data for lock!
[16:28:02] Player (KingHotDog, 76561199068832255)(<13756.547852, 3.604946, 3721.132813>) requested data for lock!
[16:28:11] Player (Kaleb, 76561198892748368)(<11153.391602, 200.794144, 12304.242188>) requested data for lock!
[16:28:40] Player (Kaleb, 76561198892748368)(<11153.391602, 200.794144, 12304.242188>) requested data for lock!
[16:29:44] Player (KingHotDog, 76561199068832255)(<13756.547852, 3.604946, 3721.132813>) requested data for lock!
[16:29:49] Player (KingHotDog, 76561199068832255)(<13756.547852, 3.604946, 3721.132813>) requested data for lock!
[16:29:54] Player (KingHotDog, 76561199068832255)(<13756.547852, 3.604946, 3721.132813>) requested data for lock!
[16:29:59] Player (KingHotDog, 76561199068832255)(<13756.547852, 3.604946, 3721.132813>) requested data for lock!
[16:30:04] Player (KingHotDog, 76561199068832255)(<13756.547852, 3.604946, 3721.132813>) requested data for lock!
[16:30:09] Player (KingHotDog, 76561199068832255)(<13756.547852, 3.604946, 3721.132813>) requested data for lock!
[16:30:14] Player (KingHotDog, 76561199068832255)(<13756.547852, 3.604946, 3721.132813>) requested data for lock!
[16:30:19] Player (KingHotDog, 76561199068832255)(<13756.547852, 3.604946, 3721.132813>) requested data for lock!
[16:30:24] Player (KingHotDog, 76561199068832255)(<13756.547852, 3.604946, 3721.132813>) requested data for lock!
[16:30:29] Player (KingHotDog, 76561199068832255)(<13756.547852, 3.604946, 3721.132813>) requested data for lock!
[16:30:34] Player (KingHotDog, 76561199068832255)(<13756.547852, 3.604946, 3721.132813>) requested data for lock!
[16:30:39] Player (KingHotDog, 76561199068832255)(<13756.547852, 3.604946, 3721.132813>) requested data for lock!
[16:40:55] Player (Kaleb, 76561198892748368)(<11153.391602, 200.794144, 12304.242188>) requested data for lock!
[16:41:04] Player (Kaleb, 76561198892748368)(<11153.391602, 200.794144, 12304.242188>) requested data for lock!
[16:41:45] Player (Kaleb, 76561198892748368)(<11153.391602, 200.794144, 12304.242188>) requested data for lock!
[16:42:08] Player (Kaleb, 76561198892748368)(<11155.415039, 200.212296, 12294.655273>) requested data for lock!
[16:42:23] Player (Kaleb, 76561198892748368)(<11155.415039, 200.212296, 12294.655273>) requested data for lock!
[16:42:34] Player (Kaleb, 76561198892748368)(<11153.391602, 200.794144, 12304.242188>) requested data for lock!
[16:42:54] Player (Kaleb, 76561198892748368)(<11153.391602, 200.794144, 12304.242188>) requested data for lock!
[16:44:49] Player (Kaleb, 76561198892748368)(<11153.391602, 200.794144, 12304.242188>) requested data for lock!
[16:45:40] Player (Kaleb, 76561198892748368)(<11153.391602, 200.794144, 12304.242188>) requested data for lock!
[16:46:49] Player (Kaleb, 76561198892748368)(<11153.391602, 200.794144, 12304.242188>) requested data for lock!
[16:46:56] Player (Kaleb, 76561198892748368)(<11153.391602, 200.794144, 12304.242188>) requested data for lock!
[16:56:10] Player (Kaleb, 76561198892748368)(<11155.415039, 200.212296, 12294.655273>) requested data for lock!
[16:59:30] Player (^DBD^ Maxo, 76561198148661627)(<1180.122559, 344.556030, 9988.092773>) requested data for lock!
[16:59:36] Player (^DBD^ Maxo, 76561198148661627)(<1184.751831, 344.556030, 9983.866211>) requested data for lock!
[16:59:41] Player (^DBD^ Maxo, 76561198148661627)(<1182.824463, 344.556030, 9978.469727>) requested data for lock!
[16:59:47] Player (^DBD^ Maxo, 76561198148661627)(<1185.200195, 344.556030, 9979.226563>) requested data for lock!
[17:03:49] Player (Kaleb, 76561198892748368)(<11155.415039, 200.212296, 12294.655273>) requested data for lock!
[17:07:48] Player (Kaleb, 76561198892748368)(<11155.415039, 200.212296, 12294.655273>) requested data for lock!
[17:08:21] Player (^DBD^ Maxo, 76561198148661627)(<1186.712402, 344.556030, 9985.844727>) requested data for lock!
[17:08:39] Player (^DBD^ Maxo, 76561198148661627)(<1182.824463, 344.556030, 9978.469727>) requested data for lock!
[17:09:10] Player (^DBD^ Maxo, 76561198148661627)(<1181.235474, 344.556030, 9979.996094>) requested data for lock!
[17:09:25] Player (Kaleb, 76561198892748368)(<11155.415039, 200.212296, 12294.655273>) requested data for lock!
[17:10:48] Player (^DBD^ Maxo, 76561198148661627)(<1182.824463, 344.556030, 9978.469727>) requested data for lock!
[17:10:55] Player (^DBD^ Maxo, 76561198148661627)(<1186.966064, 344.556030, 9980.056641>) requested data for lock!
[17:11:15] Player (Kaleb, 76561198892748368)(<11155.415039, 200.212296, 12294.655273>) requested data for lock!
[17:11:22] Player (Kaleb, 76561198892748368)(<11153.391602, 200.794144, 12304.242188>) requested data for lock!
[17:11:36] Player (Kaleb, 76561198892748368)(<11153.391602, 200.794144, 12304.242188>) requested data for lock!
[17:11:42] Player (Kaleb, 76561198892748368)(<11155.415039, 200.212296, 12294.655273>) requested data for lock!
[17:11:50] Player (^DBD^ Maxo, 76561198148661627)(<1186.966064, 344.556030, 9980.056641>) requested data for lock!
[17:12:54] Player (^DBD^ Maxo, 76561198148661627)(<1185.200195, 344.556030, 9979.226563>) requested data for lock!
[17:12:59] Player (^DBD^ Maxo, 76561198148661627)(<1182.824463, 344.556030, 9978.469727>) requested data for lock!
[17:13:01] Player (Kaleb, 76561198892748368)(<11155.415039, 200.212296, 12294.655273>) requested data for lock!
[17:13:06] Player (Kaleb, 76561198892748368)(<11153.391602, 200.794144, 12304.242188>) requested data for lock!
[17:13:21] Player (Kaleb, 76561198892748368)(<11153.391602, 200.794144, 12304.242188>) requested data for lock!
[17:13:27] Player (Kaleb, 76561198892748368)(<11157.393555, 204.045959, 12310.053711>) requested data for lock!
[17:13:31] Player (^DBD^ Maxo, 76561198148661627)(<1185.200195, 344.556030, 9979.226563>) requested data for lock!
[17:13:58] Player (Kaleb, 76561198892748368)(<11157.393555, 204.045959, 12310.053711>) requested data for lock!
[17:14:10] Player (Kaleb, 76561198892748368)(<11153.391602, 200.794144, 12304.242188>) requested data for lock!
[17:14:19] Player (^DBD^ Maxo, 76561198148661627)(<1182.824463, 344.556030, 9978.469727>) requested data for lock!
[17:14:23] Player (Kaleb, 76561198892748368)(<11155.415039, 200.212296, 12294.655273>) requested data for lock!
[17:14:29] Player (^DBD^ Maxo, 76561198148661627)(<1186.966064, 344.556030, 9980.056641>) requested data for lock!
[17:14:39] Player (^DBD^ Maxo, 76561198148661627)(<1181.235474, 344.556030, 9979.996094>) requested data for lock!
[17:16:26] Player (^DBD^ Maxo, 76561198148661627)(<1182.824463, 344.556030, 9978.469727>) requested data for lock!
[17:18:10] Player (^DBD^ Maxo, 76561198148661627)(<1185.200195, 344.556030, 9979.226563>) requested data for lock!
[17:18:15] Player (Kaleb, 76561198892748368)(<11155.415039, 200.212296, 12294.655273>) requested data for lock!
[17:18:18] Player (^DBD^ Maxo, 76561198148661627)(<1181.235474, 344.556030, 9979.996094>) requested data for lock!
[17:18:20] Player (Kaleb, 76561198892748368)(<11153.391602, 200.794144, 12304.242188>) requested data for lock!
[17:18:39] Player (Kaleb, 76561198892748368)(<11157.393555, 204.045959, 12310.053711>) requested data for lock!
[17:19:00] Player (^DBD^ Maxo, 76561198148661627)(<1186.712402, 344.556030, 9985.844727>) requested data for lock!
[17:19:06] Player (^DBD^ Maxo, 76561198148661627)(<1184.751831, 344.556030, 9983.866211>) requested data for lock!
[17:19:08] Player (Kaleb, 76561198892748368)(<11153.391602, 200.794144, 12304.242188>) requested data for lock!
[17:19:37] Player (Kaleb, 76561198892748368)(<11153.391602, 200.794144, 12304.242188>) requested data for lock!
[17:19:47] Player (Kaleb, 76561198892748368)(<11153.391602, 200.794144, 12304.242188>) requested data for lock!
[17:20:28] Player (^DBD^ Maxo, 76561198148661627)(<1184.751831, 344.556030, 9983.866211>) requested data for lock!
[17:20:36] Player (Kaleb, 76561198892748368)(<11155.415039, 200.212296, 12294.655273>) requested data for lock!
[18:17:51] Player (Kaleb, 76561198892748368)(<11167.115234, 198.855804, 12297.868164>) requested data for lock!
[18:17:56] Player (Kaleb, 76561198892748368)(<11155.415039, 200.212296, 12294.655273>) requested data for lock!
[18:18:01] Player (Kaleb, 76561198892748368)(<11155.415039, 200.212296, 12294.655273>) requested data for lock!
[18:18:06] Player (Kaleb, 76561198892748368)(<11153.391602, 200.794144, 12304.242188>) requested data for lock!
[18:19:36] Player (Kaleb, 76561198892748368)(<11153.391602, 200.794144, 12304.242188>) requested data for lock!
[18:23:08] Player (Kaleb, 76561198892748368)(<11153.391602, 200.794144, 12304.242188>) requested data for lock!
[18:23:48] Player (Kaleb, 76561198892748368)(<11153.391602, 200.794144, 12304.242188>) requested data for lock!
[18:23:54] Player (Kaleb, 76561198892748368)(<11153.391602, 200.794144, 12304.242188>) requested data for lock!
[18:24:01] Player (Kaleb, 76561198892748368)(<11155.415039, 200.212296, 12294.655273>) requested data for lock!
[18:26:30] Player (Kaleb, 76561198892748368)(<11155.415039, 200.212296, 12294.655273>) requested data for lock!
[18:26:35] Player (Kaleb, 76561198892748368)(<11153.391602, 200.794144, 12304.242188>) requested data for lock!
[18:27:54] Player (Kaleb, 76561198892748368)(<11153.391602, 200.794144, 12304.242188>) requested data for lock!
[18:28:26] Player (Kaleb, 76561198892748368)(<11153.391602, 200.794144, 12304.242188>) requested data for lock!
[18:30:01] Player (Kaleb, 76561198892748368)(<11153.391602, 200.794144, 12304.242188>) requested data for lock!
[18:31:16] Player (Kaleb, 76561198892748368)(<11153.391602, 200.794144, 12304.242188>) requested data for lock!
[18:31:38] Player (Kaleb, 76561198892748368)(<11153.391602, 200.794144, 12304.242188>) requested data for lock!
[18:31:47] Player (Kaleb, 76561198892748368)(<11153.391602, 200.794144, 12304.242188>) requested data for lock!
[18:32:01] Player (Kaleb, 76561198892748368)(<11155.415039, 200.212296, 12294.655273>) requested data for lock!
[18:34:28] Player (Kaleb, 76561198892748368)(<11155.415039, 200.212296, 12294.655273>) requested data for lock!
[18:34:33] Player (Kaleb, 76561198892748368)(<11153.391602, 200.794144, 12304.242188>) requested data for lock!
[18:37:06] Player (Kaleb, 76561198892748368)(<11153.391602, 200.794144, 12304.242188>) requested data for lock!
[18:37:11] Player (Kaleb, 76561198892748368)(<11153.391602, 200.794144, 12304.242188>) requested data for lock!
[18:42:55] Player (Kaleb, 76561198892748368)(<11153.391602, 200.794144, 12304.242188>) requested data for lock!
[18:44:14] Player (Kaleb, 76561198892748368)(<11153.391602, 200.794144, 12304.242188>) requested data for lock!
[18:51:23] Player (Kaleb, 76561198892748368)(<11153.391602, 200.794144, 12304.242188>) requested data for lock!
[18:51:29] Player (Kaleb, 76561198892748368)(<11153.391602, 200.794144, 12304.242188>) requested data for lock!
[18:51:38] Player (Kaleb, 76561198892748368)(<11153.391602, 200.794144, 12304.242188>) requested data for lock!
[18:53:29] Player (Kaleb, 76561198892748368)(<11153.391602, 200.794144, 12304.242188>) requested data for lock!
[19:03:16] Player (Kaleb, 76561198892748368)(<11153.391602, 200.794144, 12304.242188>) requested data for lock!
[19:23:06] Player (^DBD^ Maxo, 76561198148661627)(<1180.122559, 344.556030, 9988.092773>) requested data for lock!
[19:23:11] Player (^DBD^ Maxo, 76561198148661627)(<1180.122559, 344.556030, 9988.092773>) requested data for lock!
[19:26:51] Player (^DBD^ Maxo, 76561198148661627)(<1180.122559, 344.556030, 9988.092773>) requested data for lock!
[08-27-2021][19.40.34] Log file reloaded ( Server Restart )
[20:33:38] Player (NOTxYAMAS, 76561199053059208)(<3285.387451, 237.664749, 4937.027344>) requested data for lock!
[20:41:47] Player (NOTxYAMAS, 76561199053059208)(<3285.387451, 237.664749, 4937.027344>) requested data for lock!
[20:47:48] Player (NOTxYAMAS, 76561199053059208)(<3285.387451, 237.664749, 4937.027344>) requested data for lock!
[20:48:37] Player (NOTxYAMAS, 76561199053059208)(<3283.597900, 236.520721, 4945.716797>) requested data for lock!
[20:48:54] Player (NOTxYAMAS, 76561199053059208)(<3283.597900, 236.520721, 4945.716797>) requested data for lock!
[00:12:05] Player (Aaron, 76561199083883076)(<1141.110718, 344.882324, 9964.958984>) requested data for lock!
[00:12:10] Player (Aaron, 76561199083883076)(<1141.110718, 344.882324, 9964.958984>) requested data for lock!
[00:12:47] Player (^DBD^ Maxo, 76561198148661627)(<1180.122559, 344.556030, 9988.092773>) requested data for lock!
[00:12:48] Player (Aaron, 76561199083883076)(<1180.122559, 344.556030, 9988.092773>) requested data for lock!
[00:13:11] Player (^DBD^ Maxo, 76561198148661627)(<1184.751831, 344.556030, 9983.866211>) requested data for lock!
[00:13:17] Player (Aaron, 76561199083883076)(<1186.966064, 344.556030, 9980.056641>) requested data for lock!
[00:13:18] Player (^DBD^ Maxo, 76561198148661627)(<1185.200195, 344.556030, 9979.226563>) requested data for lock!
[00:13:23] Player (^DBD^ Maxo, 76561198148661627)(<1186.966064, 344.556030, 9980.056641>) requested data for lock!
[00:13:40] Player (Aaron, 76561199083883076)(<1185.200195, 344.556030, 9979.226563>) requested data for lock!
[00:13:46] Player (^DBD^ Maxo, 76561198148661627)(<1184.751831, 344.556030, 9983.866211>) requested data for lock!
[00:13:51] Player (^DBD^ Maxo, 76561198148661627)(<1186.712402, 344.556030, 9985.844727>) requested data for lock!
[00:15:49] Player (Aaron, 76561199083883076)(<1141.110718, 344.882324, 9964.958984>) requested data for lock!
[00:16:39] Player (^DBD^ Maxo, 76561198148661627)(<1180.122559, 344.556030, 9988.092773>) requested data for lock!
[00:16:45] Player (^DBD^ Maxo, 76561198148661627)(<1184.751831, 344.556030, 9983.866211>) requested data for lock!
[00:16:50] Player (^DBD^ Maxo, 76561198148661627)(<1181.235474, 344.556030, 9979.996094>) requested data for lock!
[00:17:36] Player (^DBD^ Maxo, 76561198148661627)(<1186.966064, 344.556030, 9980.056641>) requested data for lock!
[00:17:41] Player (^DBD^ Maxo, 76561198148661627)(<1182.824463, 344.556030, 9978.469727>) requested data for lock!
[00:18:43] Player (^DBD^ Maxo, 76561198148661627)(<1182.824463, 344.556030, 9978.469727>) requested data for lock!
[00:19:45] Player (^DBD^ Maxo, 76561198148661627)(<1182.824463, 344.556030, 9978.469727>) requested data for lock!
[00:19:54] Player (^DBD^ Maxo, 76561198148661627)(<1182.824463, 344.556030, 9978.469727>) requested data for lock!
[00:21:02] Player (Aaron, 76561199083883076)(<1141.110718, 344.882324, 9964.958984>) requested data for lock!
[00:22:22] Player (^DBD^ Maxo, 76561198148661627)(<1180.122559, 344.556030, 9988.092773>) requested data for lock!
[00:26:09] Player (^DBD^ Maxo, 76561198148661627)(<1186.712402, 344.556030, 9985.844727>) requested data for lock!
[00:31:48] Player (^DBD^ Maxo, 76561198148661627)(<317.850250, 288.725128, 8562.127930>) requested data for lock!
[00:32:04] Player (Aaron, 76561199083883076)(<317.712585, 288.725098, 8566.967773>) requested data for lock!
[00:32:14] Player (^DBD^ Maxo, 76561198148661627)(<317.850250, 288.725128, 8562.127930>) requested data for lock!
[00:32:19] Player (^DBD^ Maxo, 76561198148661627)(<317.850250, 288.725128, 8562.127930>) requested data for lock!
[00:32:24] Player (^DBD^ Maxo, 76561198148661627)(<317.850250, 288.725128, 8562.127930>) requested data for lock!
[00:35:36] Player (Aaron, 76561199083883076)(<317.712585, 288.725098, 8566.967773>) requested data for lock!
[00:35:36] Player (^DBD^ Maxo, 76561198148661627)(<317.712585, 288.725098, 8566.967773>) requested data for lock!
[00:37:33] Player (Aaron, 76561199083883076)(<317.712585, 288.725098, 8566.967773>) requested data for lock!
[00:37:54] Player (^DBD^ Maxo, 76561198148661627)(<317.712585, 288.725098, 8566.967773>) requested data for lock!
[00:39:58] Player (^DBD^ Maxo, 76561198148661627)(<317.712585, 288.725098, 8566.967773>) requested data for lock!
[00:40:04] Player (Aaron, 76561199083883076)(<317.712585, 288.725098, 8566.967773>) requested data for lock!
[00:40:05] Player (^DBD^ Maxo, 76561198148661627)(<317.712585, 288.725098, 8566.967773>) requested data for lock!
[00:40:15] Player (^DBD^ Maxo, 76561198148661627)(<317.712585, 288.725098, 8566.967773>) requested data for lock!
[00:40:15] Player (Aaron, 76561199083883076)(<317.712585, 288.725098, 8566.967773>) requested data for lock!
[00:40:21] Player (Aaron, 76561199083883076)(<317.712585, 288.725098, 8566.967773>) requested data for lock!
[00:41:01] Player (Aaron, 76561199083883076)(<317.712585, 288.725098, 8566.967773>) requested data for lock!
[00:41:15] Player (Aaron, 76561199083883076)(<320.794373, 287.512939, 8568.685547>) requested data for lock!
[00:41:20] Player (Aaron, 76561199083883076)(<320.794373, 287.512939, 8568.685547>) requested data for lock!
[00:41:25] Player (Aaron, 76561199083883076)(<320.794373, 287.512939, 8568.685547>) requested data for lock!
[00:41:37] Player (Aaron, 76561199083883076)(<320.794373, 287.512939, 8568.685547>) requested data for lock!
[00:41:42] Player (Aaron, 76561199083883076)(<320.794373, 287.512939, 8568.685547>) requested data for lock!
[00:42:33] Player (Aaron, 76561199083883076)(<317.712585, 288.725098, 8566.967773>) requested data for lock!
[00:43:02] Player (Aaron, 76561199083883076)(<317.712585, 288.725098, 8566.967773>) requested data for lock!
[00:43:07] Player (Aaron, 76561199083883076)(<317.712585, 288.725098, 8566.967773>) requested data for lock!
[01:00:43] Player (Aaron, 76561199083883076)(<1141.110718, 344.882324, 9964.958984>) requested data for lock!
[01:06:51] Player (Aaron, 76561199083883076)(<1141.110718, 344.882324, 9964.958984>) requested data for lock!
[01:17:06] Player (Aaron, 76561199083883076)(<1141.110718, 344.882324, 9964.958984>) requested data for lock!
[01:24:05] Player (Aaron, 76561199083883076)(<1141.110718, 344.882324, 9964.958984>) requested data for lock!
[01:25:33] Player (Aaron, 76561199083883076)(<1180.122559, 344.556030, 9988.092773>) requested data for lock!
[01:25:41] Player (Aaron, 76561199083883076)(<1180.122559, 344.556030, 9988.092773>) requested data for lock!
[01:25:50] Player (Aaron, 76561199083883076)(<1180.122559, 344.556030, 9988.092773>) requested data for lock!
[01:25:53] Player (^DBD^ Maxo, 76561198148661627)(<1186.712402, 344.556030, 9985.844727>) requested data for lock!
[01:31:07] Player (Aaron, 76561199083883076)(<1141.110718, 344.882324, 9964.958984>) requested data for lock!
[01:31:12] Player (Aaron, 76561199083883076)(<1141.110718, 344.882324, 9964.958984>) requested data for lock!
[01:31:43] Player (Aaron, 76561199083883076)(<1141.110718, 344.882324, 9964.958984>) requested data for lock!
[01:34:03] Player (^DBD^ Maxo, 76561198148661627)(<1186.712402, 344.556030, 9985.844727>) requested data for lock!
[01:34:08] Player (^DBD^ Maxo, 76561198148661627)(<1184.751831, 344.556030, 9983.866211>) requested data for lock!
[01:34:13] Player (^DBD^ Maxo, 76561198148661627)(<1184.751831, 344.556030, 9983.866211>) requested data for lock!
[01:34:19] Player (^DBD^ Maxo, 76561198148661627)(<1185.200195, 344.556030, 9979.226563>) requested data for lock!
[01:34:19] Player (Aaron, 76561199083883076)(<1141.110718, 344.882324, 9964.958984>) requested data for lock!
[01:34:26] Player (^DBD^ Maxo, 76561198148661627)(<1182.824463, 344.556030, 9978.469727>) requested data for lock!
[01:34:50] Player (^DBD^ Maxo, 76561198148661627)(<1185.200195, 344.556030, 9979.226563>) requested data for lock!
[01:35:07] Player (^DBD^ Maxo, 76561198148661627)(<1181.235474, 344.556030, 9979.996094>) requested data for lock!
[01:35:19] Player (^DBD^ Maxo, 76561198148661627)(<1185.200195, 344.556030, 9979.226563>) requested data for lock!
[01:39:10] Player (Aaron, 76561199083883076)(<1136.275024, 344.882324, 9965.555664>) requested data for lock!
[01:39:15] Player (Aaron, 76561199083883076)(<1136.275024, 344.882324, 9965.555664>) requested data for lock!
[01:39:28] Player (Aaron, 76561199083883076)(<1136.275024, 344.882324, 9965.555664>) requested data for lock!
[01:39:29] Player (^DBD^ Maxo, 76561198148661627)(<1136.275024, 344.882324, 9965.555664>) requested data for lock!
[01:39:34] Player (^DBD^ Maxo, 76561198148661627)(<1136.275024, 344.882324, 9965.555664>) requested data for lock!
[01:39:49] Player (Aaron, 76561199083883076)(<1136.275024, 344.882324, 9965.555664>) requested data for lock!
[01:40:17] Player (^DBD^ Maxo, 76561198148661627)(<1186.712402, 344.556030, 9985.844727>) requested data for lock!
[01:40:47] Player (Aaron, 76561199083883076)(<1136.275024, 344.882324, 9965.555664>) requested data for lock!
[01:41:00] Player (Aaron, 76561199083883076)(<1136.275024, 344.882324, 9965.555664>) requested data for lock!
