[08-23-2021][00.28.18] New Synch Log File Created!
[08-23-2021][03.29.40] Log file reloaded ( Server Restart )
[08-23-2021][06.31.00] Log file reloaded ( Server Restart )
[08-23-2021][09.32.21] Log file reloaded ( Server Restart )
[11:00:08] Player (Imposible Burger, 76561199068832255)(<5767.152832, 320.091370, 8675.375977>) requested data for lock!
[08-23-2021][12.33.42] Log file reloaded ( Server Restart )
[12:50:39] Player (Imposible Burger, 76561199068832255)(<5767.152832, 320.091370, 8675.375977>) requested data for lock!
[12:50:47] Player (Imposible Burger, 76561199068832255)(<5767.152832, 320.091370, 8675.375977>) requested data for lock!
[12:51:07] Player (Imposible Burger, 76561199068832255)(<5767.152832, 320.091370, 8675.375977>) requested data for lock!
[12:51:17] Player (Imposible Burger, 76561199068832255)(<5767.152832, 320.091370, 8675.375977>) requested data for lock!
[12:57:12] Player (Imposible Burger, 76561199068832255)(<5763.656738, 319.634186, 8667.727539>) requested data for lock!
[12:57:17] Player (Imposible Burger, 76561199068832255)(<5763.656738, 319.634186, 8667.727539>) requested data for lock!
[12:57:22] Player (Imposible Burger, 76561199068832255)(<5763.656738, 319.634186, 8667.727539>) requested data for lock!
[12:57:28] Player (Imposible Burger, 76561199068832255)(<5763.656738, 319.634186, 8667.727539>) requested data for lock!
[12:57:33] Player (Imposible Burger, 76561199068832255)(<5767.152832, 320.091370, 8675.375977>) requested data for lock!
[12:57:39] Player (Imposible Burger, 76561199068832255)(<5773.741699, 320.087860, 8694.512695>) requested data for lock!
[12:57:44] Player (Imposible Burger, 76561199068832255)(<5773.741699, 320.087860, 8694.512695>) requested data for lock!
[12:57:50] Player (Imposible Burger, 76561199068832255)(<5767.152832, 320.091370, 8675.375977>) requested data for lock!
[12:57:56] Player (Imposible Burger, 76561199068832255)(<5763.656738, 319.634186, 8667.727539>) requested data for lock!
[12:58:06] Player (Imposible Burger, 76561199068832255)(<5763.656738, 319.634186, 8667.727539>) requested data for lock!
[12:58:11] Player (Imposible Burger, 76561199068832255)(<5763.656738, 319.634186, 8667.727539>) requested data for lock!
[12:58:18] Player (Imposible Burger, 76561199068832255)(<5763.656738, 319.634186, 8667.727539>) requested data for lock!
[12:59:40] Player (Imposible Burger, 76561199068832255)(<5763.656738, 319.634186, 8667.727539>) requested data for lock!
[12:59:45] Player (Imposible Burger, 76561199068832255)(<5763.656738, 319.634186, 8667.727539>) requested data for lock!
[12:59:56] Player (Imposible Burger, 76561199068832255)(<5763.656738, 319.634186, 8667.727539>) requested data for lock!
[13:00:02] Player (Imposible Burger, 76561199068832255)(<5763.656738, 319.634186, 8667.727539>) requested data for lock!
[13:19:01] Player (Imposible Burger, 76561199068832255)(<5763.656738, 319.634186, 8667.727539>) requested data for lock!
[08-23-2021][15.35.02] Log file reloaded ( Server Restart )
[08-23-2021][18.36.23] Log file reloaded ( Server Restart )
[20:50:38] Player (NOTxYAMAS, 76561199053059208)(<3285.387451, 237.664749, 4937.027344>) requested data for lock!
[20:50:43] Player (NOTxYAMAS, 76561199053059208)(<3285.387451, 237.664749, 4937.027344>) requested data for lock!
[20:51:00] Player (NOTxYAMAS, 76561199053059208)(<3285.387451, 237.664749, 4937.027344>) requested data for lock!
[20:51:14] Player (NOTxYAMAS, 76561199053059208)(<3285.387451, 237.664749, 4937.027344>) requested data for lock!
[20:51:19] Player (NOTxYAMAS, 76561199053059208)(<3285.387451, 237.664749, 4937.027344>) requested data for lock!
[20:51:27] Player (NOTxYAMAS, 76561199053059208)(<3285.387451, 237.664749, 4937.027344>) requested data for lock!
[20:51:41] Player (NOTxYAMAS, 76561199053059208)(<3285.387451, 237.664749, 4937.027344>) requested data for lock!
[08-23-2021][21.37.45] Log file reloaded ( Server Restart )
[22:25:31] Player (Dr. Mauler, 76561198022416611)(<12888.545898, 64.531334, 15107.648438>) requested data for lock!
[22:25:37] Player (Dr. Mauler, 76561198022416611)(<12888.545898, 64.531334, 15107.648438>) requested data for lock!
[22:26:45] Player (Dr. Mauler, 76561198022416611)(<12888.545898, 64.531334, 15107.648438>) requested data for lock!
[22:27:08] Player (Dr. Mauler, 76561198022416611)(<12888.545898, 64.531334, 15107.648438>) requested data for lock!
[22:40:07] Player (Dr. Mauler, 76561198022416611)(<12888.545898, 64.531334, 15107.648438>) requested data for lock!
[22:40:24] Player (Dr. Mauler, 76561198022416611)(<12888.545898, 64.531334, 15107.648438>) requested data for lock!
[22:41:32] Player (NOTxYAMAS, 76561199053059208)(<3285.387451, 237.664749, 4937.027344>) requested data for lock!
[22:42:23] Player (NOTxYAMAS, 76561199053059208)(<3285.387451, 237.664749, 4937.027344>) requested data for lock!
[22:48:28] Player (Dr. Mauler, 76561198022416611)(<12888.545898, 64.531334, 15107.648438>) requested data for lock!
[22:48:39] Player (Dr. Mauler, 76561198022416611)(<12888.545898, 64.531334, 15107.648438>) requested data for lock!
[22:48:51] Player (Dr. Mauler, 76561198022416611)(<12888.545898, 64.531334, 15107.648438>) requested data for lock!
[22:49:02] Player (Dr. Mauler, 76561198022416611)(<12888.545898, 64.531334, 15107.648438>) requested data for lock!
[22:49:20] Player (Dr. Mauler, 76561198022416611)(<12888.545898, 64.531334, 15107.648438>) requested data for lock!
[22:49:26] Player (Dr. Mauler, 76561198022416611)(<12888.545898, 64.531334, 15107.648438>) requested data for lock!
[22:49:31] Player (Dr. Mauler, 76561198022416611)(<12888.545898, 64.531334, 15107.648438>) requested data for lock!
[22:49:38] Player (Dr. Mauler, 76561198022416611)(<12888.545898, 64.531334, 15107.648438>) requested data for lock!
[22:49:50] Player (Dr. Mauler, 76561198022416611)(<12888.545898, 64.531334, 15107.648438>) requested data for lock!
[22:50:15] Player (Dr. Mauler, 76561198022416611)(<12888.545898, 64.531334, 15107.648438>) requested data for lock!
[22:50:55] Player (Dr. Mauler, 76561198022416611)(<12888.545898, 64.531334, 15107.648438>) requested data for lock!
[22:51:17] Player (Dr. Mauler, 76561198022416611)(<12884.321289, 64.531334, 15105.812500>) requested data for lock!
[22:51:22] Player (Dr. Mauler, 76561198022416611)(<12884.321289, 64.531334, 15105.812500>) requested data for lock!
[22:51:33] Player (Dr. Mauler, 76561198022416611)(<12884.321289, 64.531334, 15105.812500>) requested data for lock!
[22:52:47] Player (Dr. Mauler, 76561198022416611)(<12884.321289, 64.531334, 15105.812500>) requested data for lock!
[22:53:10] Player (Dr. Mauler, 76561198022416611)(<12884.321289, 64.531334, 15105.812500>) requested data for lock!
[22:53:15] Player (Dr. Mauler, 76561198022416611)(<12884.321289, 64.531334, 15105.812500>) requested data for lock!
[22:54:24] Player (Dr. Mauler, 76561198022416611)(<12884.321289, 64.531334, 15105.812500>) requested data for lock!
[22:54:28] Player (Dr. Mauler, 76561198022416611)(<12884.321289, 64.531334, 15105.812500>) requested data for lock!
[22:54:34] Player (Dr. Mauler, 76561198022416611)(<12884.321289, 64.531334, 15105.812500>) requested data for lock!
[22:54:41] Player (Dr. Mauler, 76561198022416611)(<12884.321289, 64.531334, 15105.812500>) requested data for lock!
[22:54:48] Player (Dr. Mauler, 76561198022416611)(<12884.321289, 64.531334, 15105.812500>) requested data for lock!
[22:54:53] Player (Dr. Mauler, 76561198022416611)(<12884.321289, 64.531334, 15105.812500>) requested data for lock!
[22:54:58] Player (Dr. Mauler, 76561198022416611)(<12884.321289, 64.531334, 15105.812500>) requested data for lock!
[22:55:03] Player (Dr. Mauler, 76561198022416611)(<12884.321289, 64.531334, 15105.812500>) requested data for lock!
[22:55:08] Player (Dr. Mauler, 76561198022416611)(<12884.321289, 64.531334, 15105.812500>) requested data for lock!
[22:55:13] Player (Dr. Mauler, 76561198022416611)(<12884.321289, 64.531334, 15105.812500>) requested data for lock!
[22:55:18] Player (Dr. Mauler, 76561198022416611)(<12884.321289, 64.531334, 15105.812500>) requested data for lock!
[22:55:23] Player (Dr. Mauler, 76561198022416611)(<12884.321289, 64.531334, 15105.812500>) requested data for lock!
[22:55:28] Player (Dr. Mauler, 76561198022416611)(<12884.321289, 64.531334, 15105.812500>) requested data for lock!
[22:55:33] Player (Dr. Mauler, 76561198022416611)(<12884.321289, 64.531334, 15105.812500>) requested data for lock!
[22:55:38] Player (Dr. Mauler, 76561198022416611)(<12884.321289, 64.531334, 15105.812500>) requested data for lock!
[22:55:43] Player (Dr. Mauler, 76561198022416611)(<12884.321289, 64.531334, 15105.812500>) requested data for lock!
[22:55:48] Player (Dr. Mauler, 76561198022416611)(<12884.321289, 64.531334, 15105.812500>) requested data for lock!
[22:56:07] Player (Dr. Mauler, 76561198022416611)(<12884.321289, 64.531334, 15105.812500>) requested data for lock!
[22:56:12] Player (Dr. Mauler, 76561198022416611)(<12884.321289, 64.531334, 15105.812500>) requested data for lock!
[22:56:17] Player (Dr. Mauler, 76561198022416611)(<12884.321289, 64.531334, 15105.812500>) requested data for lock!
[22:56:22] Player (Dr. Mauler, 76561198022416611)(<12884.321289, 64.531334, 15105.812500>) requested data for lock!
