[08-22-2021][02.57.51] New Synch Log File Created!
[03:32:03] Player (^DBD^ Maxo, 76561198148661627)(<314.991302, 287.500458, 8557.575195>) requested data for lock!
[03:33:59] Player (^DBD^ Maxo, 76561198148661627)(<314.991302, 287.500458, 8557.575195>) requested data for lock!
[03:34:04] Player (^DBD^ Maxo, 76561198148661627)(<314.991302, 287.500458, 8557.575195>) requested data for lock!
[03:34:33] Player (^DBD^ Maxo, 76561198148661627)(<314.991302, 287.500458, 8557.575195>) requested data for lock!
[03:35:18] Player (^DBD^ Maxo, 76561198148661627)(<314.991302, 287.500458, 8557.575195>) requested data for lock!
[03:36:21] Player (^DBD^ Maxo, 76561198148661627)(<314.991302, 287.500458, 8557.575195>) requested data for lock!
[03:38:03] Player (^DBD^ Maxo, 76561198148661627)(<314.991302, 287.500458, 8557.575195>) requested data for lock!
[03:41:24] Player (Aaron, 76561199083883076)(<314.991302, 287.500458, 8557.575195>) requested data for lock!
[03:45:19] Player (Aaron, 76561199083883076)(<314.991302, 287.500458, 8557.575195>) requested data for lock!
[03:45:25] Player (Aaron, 76561199083883076)(<314.991302, 287.500458, 8557.575195>) requested data for lock!
[08-22-2021][05.59.18] Log file reloaded ( Server Restart )
[08-22-2021][09.00.37] Log file reloaded ( Server Restart )
[10:59:26] Player (Dr. Mauler, 76561198022416611)(<12888.545898, 64.531334, 15107.648438>) requested data for lock!
[08-22-2021][12.01.59] Log file reloaded ( Server Restart )
[12:16:47] Player (Dr. Mauler, 76561198022416611)(<12888.545898, 64.531334, 15107.648438>) requested data for lock!
[12:22:01] Player (Dr. Mauler, 76561198022416611)(<12888.545898, 64.531334, 15107.648438>) requested data for lock!
[12:23:54] Player (Dr. Mauler, 76561198022416611)(<12888.545898, 64.531334, 15107.648438>) requested data for lock!
[12:35:06] Player (PussinaBush, 76561198086263481)(<13299.072266, 69.803490, 12099.144531>) requested data for lock!
[12:35:11] Player (PussinaBush, 76561198086263481)(<13298.168945, 69.805489, 12103.271484>) requested data for lock!
[12:38:11] Player (PussinaBush, 76561198086263481)(<13298.168945, 69.805489, 12103.271484>) requested data for lock!
[12:38:30] Player (PussinaBush, 76561198086263481)(<13299.072266, 69.803490, 12099.144531>) requested data for lock!
[12:38:40] Player (PussinaBush, 76561198086263481)(<13299.072266, 69.803490, 12099.144531>) requested data for lock!
[12:40:10] Player (PussinaBush, 76561198086263481)(<13298.168945, 69.805489, 12103.271484>) requested data for lock!
[12:40:43] Player (PussinaBush, 76561198086263481)(<13299.072266, 69.803490, 12099.144531>) requested data for lock!
[12:48:45] Player (PussinaBush, 76561198086263481)(<13299.072266, 69.803490, 12099.144531>) requested data for lock!
[12:48:51] Player (PussinaBush, 76561198086263481)(<13298.168945, 69.805489, 12103.271484>) requested data for lock!
[12:51:10] Player (PussinaBush, 76561198086263481)(<13299.072266, 69.803490, 12099.144531>) requested data for lock!
[12:51:17] Player (PussinaBush, 76561198086263481)(<13298.168945, 69.805489, 12103.271484>) requested data for lock!
[12:52:31] Player (PussinaBush, 76561198086263481)(<13295.887695, 71.638863, 12122.681641>) requested data for lock!
[12:52:36] Player (PussinaBush, 76561198086263481)(<13295.887695, 71.638863, 12122.681641>) requested data for lock!
[12:52:41] Player (PussinaBush, 76561198086263481)(<13309.521484, 71.606522, 12124.710938>) requested data for lock!
[12:53:44] Player (PussinaBush, 76561198086263481)(<13309.521484, 71.606522, 12124.710938>) requested data for lock!
[12:53:54] Player (PussinaBush, 76561198086263481)(<13298.168945, 69.805489, 12103.271484>) requested data for lock!
[12:54:24] Player (PussinaBush, 76561198086263481)(<13299.072266, 69.803490, 12099.144531>) requested data for lock!
[12:54:34] Player (PussinaBush, 76561198086263481)(<13298.168945, 69.805489, 12103.271484>) requested data for lock!
[12:57:09] Player (PussinaBush, 76561198086263481)(<13299.072266, 69.803490, 12099.144531>) requested data for lock!
[12:57:14] Player (PussinaBush, 76561198086263481)(<13298.168945, 69.805489, 12103.271484>) requested data for lock!
[12:58:05] Player (PussinaBush, 76561198086263481)(<13295.887695, 71.638863, 12122.681641>) requested data for lock!
[13:00:42] Player (Dr. Mauler, 76561198022416611)(<12888.545898, 64.531334, 15107.648438>) requested data for lock!
[13:02:21] Player (Dr. Mauler, 76561198022416611)(<12888.545898, 64.531334, 15107.648438>) requested data for lock!
[13:02:54] Player (Dr. Mauler, 76561198022416611)(<12888.545898, 64.531334, 15107.648438>) requested data for lock!
[13:40:43] Player (Dr. Mauler, 76561198022416611)(<12888.545898, 64.531334, 15107.648438>) requested data for lock!
[13:46:56] Player (Dr. Mauler, 76561198022416611)(<12888.545898, 64.531334, 15107.648438>) requested data for lock!
[13:47:55] Player (Dr. Mauler, 76561198022416611)(<12888.545898, 64.531334, 15107.648438>) requested data for lock!
[14:01:49] Player (^DBD^ Maxo, 76561198148661627)(<314.991302, 287.500458, 8557.575195>) requested data for lock!
[14:02:05] Player (^DBD^ Maxo, 76561198148661627)(<314.991302, 287.500458, 8557.575195>) requested data for lock!
[14:02:21] Player (^DBD^ Maxo, 76561198148661627)(<314.991302, 287.500458, 8557.575195>) requested data for lock!
[14:02:42] Player (^DBD^ Maxo, 76561198148661627)(<314.991302, 287.500458, 8557.575195>) requested data for lock!
[14:06:12] Player (Dr. Mauler, 76561198022416611)(<12888.545898, 64.531334, 15107.648438>) requested data for lock!
[14:10:05] Player (Dr. Mauler, 76561198022416611)(<12888.545898, 64.531334, 15107.648438>) requested data for lock!
[14:10:12] Player (Dr. Mauler, 76561198022416611)(<12888.545898, 64.531334, 15107.648438>) requested data for lock!
[14:15:36] Player (^DBD^ Maxo, 76561198148661627)(<314.991302, 287.500458, 8557.575195>) requested data for lock!
[14:16:12] Player (Capt., 76561198069523749)(<13295.887695, 71.638863, 12122.681641>) requested data for lock!
[14:16:17] Player (Capt., 76561198069523749)(<13309.521484, 71.606522, 12124.710938>) requested data for lock!
[14:16:46] Player (Capt., 76561198069523749)(<13309.521484, 71.606522, 12124.710938>) requested data for lock!
[14:18:02] Player (PussinaBush, 76561198086263481)(<13309.521484, 71.606522, 12124.710938>) requested data for lock!
[14:18:03] Player (Capt., 76561198069523749)(<13309.521484, 71.606522, 12124.710938>) requested data for lock!
[14:18:33] Player (PussinaBush, 76561198086263481)(<13295.887695, 71.638863, 12122.681641>) requested data for lock!
[14:18:47] Player (Capt., 76561198069523749)(<13295.887695, 71.638863, 12122.681641>) requested data for lock!
[14:18:52] Player (Capt., 76561198069523749)(<13309.521484, 71.606522, 12124.710938>) requested data for lock!
[14:20:15] Player (Capt., 76561198069523749)(<13309.521484, 71.606522, 12124.710938>) requested data for lock!
[14:20:22] Player (Capt., 76561198069523749)(<13309.521484, 71.606522, 12124.710938>) requested data for lock!
[14:31:40] Player (Dr. Mauler, 76561198022416611)(<12888.545898, 64.531334, 15107.648438>) requested data for lock!
[14:33:08] Player (PussinaBush, 76561198086263481)(<13312.713867, 71.629265, 12142.384766>) requested data for lock!
[14:38:12] Player (Capt., 76561198069523749)(<13309.521484, 71.606522, 12124.710938>) requested data for lock!
[14:39:12] Player (Capt., 76561198069523749)(<13295.887695, 71.638863, 12122.681641>) requested data for lock!
[14:39:55] Player (Capt., 76561198069523749)(<13295.887695, 71.638863, 12122.681641>) requested data for lock!
[14:40:08] Player (Capt., 76561198069523749)(<13309.521484, 71.606522, 12124.710938>) requested data for lock!
[14:43:12] Player (Dr. Mauler, 76561198022416611)(<12888.545898, 64.531334, 15107.648438>) requested data for lock!
[14:45:21] Player (Dr. Mauler, 76561198022416611)(<12888.545898, 64.531334, 15107.648438>) requested data for lock!
[14:45:31] Player (PussinaBush, 76561198086263481)(<13309.521484, 71.606522, 12124.710938>) requested data for lock!
[14:45:36] Player (PussinaBush, 76561198086263481)(<13295.887695, 71.638863, 12122.681641>) requested data for lock!
[14:45:47] Player (PussinaBush, 76561198086263481)(<13295.887695, 71.638863, 12122.681641>) requested data for lock!
[14:46:21] Player (Capt., 76561198069523749)(<13309.521484, 71.606522, 12124.710938>) requested data for lock!
[14:46:42] Player (Dr. Mauler, 76561198022416611)(<12888.545898, 64.531334, 15107.648438>) requested data for lock!
[14:47:35] Player (Capt., 76561198069523749)(<13295.887695, 71.638863, 12122.681641>) requested data for lock!
[14:50:24] Player (PussinaBush, 76561198086263481)(<13298.168945, 69.805489, 12103.271484>) requested data for lock!
[14:50:28] Player (Capt., 76561198069523749)(<13299.072266, 69.803490, 12099.144531>) requested data for lock!
[14:50:29] Player (PussinaBush, 76561198086263481)(<13299.072266, 69.803490, 12099.144531>) requested data for lock!
[14:51:28] Player (Capt., 76561198069523749)(<13299.072266, 69.803490, 12099.144531>) requested data for lock!
[14:51:33] Player (Capt., 76561198069523749)(<13298.168945, 69.805489, 12103.271484>) requested data for lock!
[14:51:44] Player (Capt., 76561198069523749)(<13299.072266, 69.803490, 12099.144531>) requested data for lock!
[08-22-2021][15.23.58] Log file reloaded ( Server Restart )
[15:29:46] Player (Dr. Mauler, 76561198022416611)(<12888.545898, 64.531334, 15107.648438>) requested data for lock!
[15:53:33] Player (Dr. Mauler, 76561198022416611)(<12888.545898, 64.531334, 15107.648438>) requested data for lock!
[16:00:29] Player (Dr. Mauler, 76561198022416611)(<12888.545898, 64.531334, 15107.648438>) requested data for lock!
[16:42:44] Player (Dr. Mauler, 76561198022416611)(<12888.545898, 64.531334, 15107.648438>) requested data for lock!
[17:30:56] Player (^DBD^ Maxo, 76561198148661627)(<12888.545898, 64.531334, 15107.648438>) requested data for lock!
[17:56:59] Player (Dr. Mauler, 76561198022416611)(<12888.545898, 64.531334, 15107.648438>) requested data for lock!
[17:58:36] Player (Dr. Mauler, 76561198022416611)(<12888.545898, 64.531334, 15107.648438>) requested data for lock!
[18:16:51] Player (Dr. Mauler, 76561198022416611)(<12888.545898, 64.531334, 15107.648438>) requested data for lock!
[18:18:26] Player (Dr. Mauler, 76561198022416611)(<12888.545898, 64.531334, 15107.648438>) requested data for lock!
[08-22-2021][18.25.28] Log file reloaded ( Server Restart )
[20:45:25] Player (ShortStick, 76561199068832255)(<5767.152832, 320.091370, 8675.375977>) requested data for lock!
[20:45:30] Player (ShortStick, 76561199068832255)(<5767.152832, 320.091370, 8675.375977>) requested data for lock!
[20:45:35] Player (ShortStick, 76561199068832255)(<5767.152832, 320.091370, 8675.375977>) requested data for lock!
[20:45:40] Player (ShortStick, 76561199068832255)(<5767.152832, 320.091370, 8675.375977>) requested data for lock!
[20:45:45] Player (ShortStick, 76561199068832255)(<5767.152832, 320.091370, 8675.375977>) requested data for lock!
[20:45:50] Player (ShortStick, 76561199068832255)(<5764.383789, 320.090698, 8682.459961>) requested data for lock!
[20:45:55] Player (ShortStick, 76561199068832255)(<5764.383789, 320.090698, 8682.459961>) requested data for lock!
[20:46:00] Player (ShortStick, 76561199068832255)(<5764.383789, 320.090698, 8682.459961>) requested data for lock!
[20:46:12] Player (ShortStick, 76561199068832255)(<5785.963867, 320.085480, 8702.393555>) requested data for lock!
[20:46:17] Player (ShortStick, 76561199068832255)(<5785.963867, 320.085480, 8702.393555>) requested data for lock!
[20:46:25] Player (ShortStick, 76561199068832255)(<5783.905762, 320.084412, 8711.741211>) requested data for lock!
[20:46:30] Player (ShortStick, 76561199068832255)(<5783.905762, 320.084412, 8711.741211>) requested data for lock!
[20:47:35] Player (ShortStick, 76561199068832255)(<5767.152832, 320.091370, 8675.375977>) requested data for lock!
[20:47:41] Player (ShortStick, 76561199068832255)(<5767.152832, 320.091370, 8675.375977>) requested data for lock!
[20:48:13] Player (ShortStick, 76561199068832255)(<5783.905762, 320.084412, 8711.741211>) requested data for lock!
[20:48:18] Player (ShortStick, 76561199068832255)(<5783.905762, 320.084412, 8711.741211>) requested data for lock!
[20:48:23] Player (ShortStick, 76561199068832255)(<5783.905762, 320.084412, 8711.741211>) requested data for lock!
[20:49:36] Player (ShortStick, 76561199068832255)(<5767.152832, 320.091370, 8675.375977>) requested data for lock!
[20:49:44] Player (ShortStick, 76561199068832255)(<5767.152832, 320.091370, 8675.375977>) requested data for lock!
[20:49:52] Player (ShortStick, 76561199068832255)(<5767.152832, 320.091370, 8675.375977>) requested data for lock!
[20:50:46] Player (ShortStick, 76561199068832255)(<5785.963867, 320.085480, 8702.393555>) requested data for lock!
[20:50:52] Player (ShortStick, 76561199068832255)(<5785.963867, 320.085480, 8702.393555>) requested data for lock!
[21:18:50] Player (ShortStick, 76561199068832255)(<5767.152832, 320.091370, 8675.375977>) requested data for lock!
[21:18:56] Player (ShortStick, 76561199068832255)(<5764.383789, 320.090698, 8682.459961>) requested data for lock!
[21:19:18] Player (ShortStick, 76561199068832255)(<5764.383789, 320.090698, 8682.459961>) requested data for lock!
[21:21:21] Player (ShortStick, 76561199068832255)(<5785.963867, 320.085480, 8702.393555>) requested data for lock!
[21:21:34] Player (ShortStick, 76561199068832255)(<5767.152832, 320.091370, 8675.375977>) requested data for lock!
[21:21:52] Player (ShortStick, 76561199068832255)(<5764.383789, 320.090698, 8682.459961>) requested data for lock!
[21:22:14] Player (ShortStick, 76561199068832255)(<5764.383789, 320.090698, 8682.459961>) requested data for lock!
[21:22:20] Player (ShortStick, 76561199068832255)(<5764.383789, 320.090698, 8682.459961>) requested data for lock!
[21:22:27] Player (ShortStick, 76561199068832255)(<5764.383789, 320.090698, 8682.459961>) requested data for lock!
[21:23:24] Player (ShortStick, 76561199068832255)(<5764.383789, 320.090698, 8682.459961>) requested data for lock!
[21:23:31] Player (ShortStick, 76561199068832255)(<5785.963867, 320.085480, 8702.393555>) requested data for lock!
[08-22-2021][21.26.52] Log file reloaded ( Server Restart )
[22:19:40] Player (ShortStick, 76561199068832255)(<5764.383789, 320.090698, 8682.459961>) requested data for lock!
[22:19:50] Player (ShortStick, 76561199068832255)(<5764.383789, 320.090698, 8682.459961>) requested data for lock!
[22:21:55] Player (ShortStick, 76561199068832255)(<5785.963867, 320.085480, 8702.393555>) requested data for lock!
[22:22:14] Player (ShortStick, 76561199068832255)(<5785.963867, 320.085480, 8702.393555>) requested data for lock!
[22:23:12] Player (ShortStick, 76561199068832255)(<5785.963867, 320.085480, 8702.393555>) requested data for lock!
[22:31:44] Player (ShortStick, 76561199068832255)(<5764.383789, 320.090698, 8682.459961>) requested data for lock!
[22:47:01] Player (ShortStick, 76561199068832255)(<5764.383789, 320.090698, 8682.459961>) requested data for lock!
[23:07:50] Player (Aaron, 76561199083883076)(<314.991302, 287.500458, 8557.575195>) requested data for lock!
[23:08:43] Player (Aaron, 76561199083883076)(<320.794373, 287.512939, 8568.685547>) requested data for lock!
[23:08:53] Player (^DBD^ Maxo, 76561198148661627)(<311.371857, 287.510773, 8561.625977>) requested data for lock!
[23:08:58] Player (^DBD^ Maxo, 76561198148661627)(<311.371857, 287.510773, 8561.625977>) requested data for lock!
[23:09:03] Player (^DBD^ Maxo, 76561198148661627)(<311.371857, 287.510773, 8561.625977>) requested data for lock!
[23:09:08] Player (^DBD^ Maxo, 76561198148661627)(<311.371857, 287.510773, 8561.625977>) requested data for lock!
[23:09:13] Player (^DBD^ Maxo, 76561198148661627)(<311.371857, 287.510773, 8561.625977>) requested data for lock!
[23:09:18] Player (^DBD^ Maxo, 76561198148661627)(<311.371857, 287.510773, 8561.625977>) requested data for lock!
[23:09:23] Player (^DBD^ Maxo, 76561198148661627)(<311.371857, 287.510773, 8561.625977>) requested data for lock!
[23:09:28] Player (^DBD^ Maxo, 76561198148661627)(<311.371857, 287.510773, 8561.625977>) requested data for lock!
[23:09:33] Player (^DBD^ Maxo, 76561198148661627)(<311.371857, 287.510773, 8561.625977>) requested data for lock!
[23:12:58] Player (Aaron, 76561199083883076)(<320.794373, 287.512939, 8568.685547>) requested data for lock!
[23:14:01] Player (Aaron, 76561199083883076)(<314.991302, 287.500458, 8557.575195>) requested data for lock!
[23:14:17] Player (Aaron, 76561199083883076)(<314.991302, 287.500458, 8557.575195>) requested data for lock!
[23:15:26] Player (Aaron, 76561199083883076)(<320.794373, 287.512939, 8568.685547>) requested data for lock!
[23:15:38] Player (Aaron, 76561199083883076)(<320.794373, 287.512939, 8568.685547>) requested data for lock!
[23:16:58] Player (Aaron, 76561199083883076)(<314.991302, 287.500458, 8557.575195>) requested data for lock!
[23:17:29] Player (Aaron, 76561199083883076)(<320.794373, 287.512939, 8568.685547>) requested data for lock!
[23:18:02] Player (Aaron, 76561199083883076)(<320.794373, 287.512939, 8568.685547>) requested data for lock!
[23:26:29] Player (Aaron, 76561199083883076)(<320.794373, 287.512939, 8568.685547>) requested data for lock!
[23:27:37] Player (^DBD^ Maxo, 76561198148661627)(<314.991302, 287.500458, 8557.575195>) requested data for lock!
[23:29:51] Player (^DBD^ Maxo, 76561198148661627)(<320.794373, 287.512939, 8568.685547>) requested data for lock!
[23:29:57] Player (Aaron, 76561199083883076)(<320.794373, 287.512939, 8568.685547>) requested data for lock!
[23:33:07] Player (Aaron, 76561199083883076)(<314.991302, 287.500458, 8557.575195>) requested data for lock!
[23:41:23] Player (^DBD^ Maxo, 76561198148661627)(<314.991302, 287.500458, 8557.575195>) requested data for lock!
[23:41:31] Player (^DBD^ Maxo, 76561198148661627)(<314.991302, 287.500458, 8557.575195>) requested data for lock!
[23:42:27] Player (^DBD^ Maxo, 76561198148661627)(<314.991302, 287.500458, 8557.575195>) requested data for lock!
[23:42:53] Player (^DBD^ Maxo, 76561198148661627)(<314.991302, 287.500458, 8557.575195>) requested data for lock!
[23:42:58] Player (^DBD^ Maxo, 76561198148661627)(<311.371857, 287.510773, 8561.625977>) requested data for lock!
[23:43:34] Player (^DBD^ Maxo, 76561198148661627)(<311.371857, 287.510773, 8561.625977>) requested data for lock!
[23:44:10] Player (^DBD^ Maxo, 76561198148661627)(<314.991302, 287.500458, 8557.575195>) requested data for lock!
[23:44:45] Player (^DBD^ Maxo, 76561198148661627)(<311.371857, 287.510773, 8561.625977>) requested data for lock!
[23:45:17] Player (^DBD^ Maxo, 76561198148661627)(<314.991302, 287.500458, 8557.575195>) requested data for lock!
[23:48:33] Player (^DBD^ Maxo, 76561198148661627)(<311.371857, 287.510773, 8561.625977>) requested data for lock!
[23:48:48] Player (^DBD^ Maxo, 76561198148661627)(<314.991302, 287.500458, 8557.575195>) requested data for lock!
[23:58:07] Player (^DBD^ Maxo, 76561198148661627)(<320.794373, 287.512939, 8568.685547>) requested data for lock!
[23:58:14] Player (^DBD^ Maxo, 76561198148661627)(<320.794373, 287.512939, 8568.685547>) requested data for lock!
