[08-26-2021][04.03.10] New Synch Log File Created!
[06:26:30] Player (Kaleb, 76561198892748368)(<11153.391602, 200.794144, 12304.242188>) requested data for lock!
[06:26:40] Player (Kaleb, 76561198892748368)(<11153.391602, 200.794144, 12304.242188>) requested data for lock!
[06:28:22] Player (Kaleb, 76561198892748368)(<11153.391602, 200.794144, 12304.242188>) requested data for lock!
[06:29:04] Player (Kaleb, 76561198892748368)(<11153.391602, 200.794144, 12304.242188>) requested data for lock!
[06:38:47] Player (Kaleb, 76561198892748368)(<11153.391602, 200.794144, 12304.242188>) requested data for lock!
[06:57:34] Player (Kaleb, 76561198892748368)(<11153.391602, 200.794144, 12304.242188>) requested data for lock!
[07:00:37] Player (Kaleb, 76561198892748368)(<11153.391602, 200.794144, 12304.242188>) requested data for lock!
[07:19:39] Player (Kaleb, 76561198892748368)(<11153.391602, 200.794144, 12304.242188>) requested data for lock!
[07:21:39] Player (Kaleb, 76561198892748368)(<11153.391602, 200.794144, 12304.242188>) requested data for lock!
[07:23:19] Player (Kaleb, 76561198892748368)(<11153.391602, 200.794144, 12304.242188>) requested data for lock!
[07:25:22] Player (Kaleb, 76561198892748368)(<11153.391602, 200.794144, 12304.242188>) requested data for lock!
[07:28:41] Player (Kaleb, 76561198892748368)(<11153.391602, 200.794144, 12304.242188>) requested data for lock!
[07:32:58] Player (Kaleb, 76561198892748368)(<11153.391602, 200.794144, 12304.242188>) requested data for lock!
[07:33:46] Player (Kaleb, 76561198892748368)(<11153.391602, 200.794144, 12304.242188>) requested data for lock!
[07:54:16] Player (Kaleb, 76561198892748368)(<11153.391602, 200.794144, 12304.242188>) requested data for lock!
[08:00:16] Player (Kaleb, 76561198892748368)(<11153.391602, 200.794144, 12304.242188>) requested data for lock!
[08:01:07] Player (Kaleb, 76561198892748368)(<11153.391602, 200.794144, 12304.242188>) requested data for lock!
[08:02:46] Player (Kaleb, 76561198892748368)(<11153.391602, 200.794144, 12304.242188>) requested data for lock!
[08:02:55] Player (Kaleb, 76561198892748368)(<11153.391602, 200.794144, 12304.242188>) requested data for lock!
[08:04:11] Player (Kaleb, 76561198892748368)(<11153.391602, 200.794144, 12304.242188>) requested data for lock!
[08:04:16] Player (Kaleb, 76561198892748368)(<11153.391602, 200.794144, 12304.242188>) requested data for lock!
[08-26-2021][10.05.15] Log file reloaded ( Server Restart )
[11:05:31] Player (Kaleb, 76561198892748368)(<11153.391602, 200.794144, 12304.242188>) requested data for lock!
[11:05:55] Player (Kaleb, 76561198892748368)(<11153.391602, 200.794144, 12304.242188>) requested data for lock!
[11:06:11] Player (Kaleb, 76561198892748368)(<11153.391602, 200.794144, 12304.242188>) requested data for lock!
[11:06:17] Player (Kaleb, 76561198892748368)(<11153.391602, 200.794144, 12304.242188>) requested data for lock!
[11:06:28] Player (Kaleb, 76561198892748368)(<11153.391602, 200.794144, 12304.242188>) requested data for lock!
[11:10:24] Player (Kaleb, 76561198892748368)(<11153.391602, 200.794144, 12304.242188>) requested data for lock!
[11:10:43] Player (Kaleb, 76561198892748368)(<11153.391602, 200.794144, 12304.242188>) requested data for lock!
[11:11:14] Player (Kaleb, 76561198892748368)(<11153.391602, 200.794144, 12304.242188>) requested data for lock!
[11:11:46] Player (Kaleb, 76561198892748368)(<11153.391602, 200.794144, 12304.242188>) requested data for lock!
[11:12:01] Player (Kaleb, 76561198892748368)(<11153.391602, 200.794144, 12304.242188>) requested data for lock!
[11:12:24] Player (Kaleb, 76561198892748368)(<11153.391602, 200.794144, 12304.242188>) requested data for lock!
[11:19:01] Player (Kaleb, 76561198892748368)(<11153.391602, 200.794144, 12304.242188>) requested data for lock!
[11:19:07] Player (Kaleb, 76561198892748368)(<11153.391602, 200.794144, 12304.242188>) requested data for lock!
[11:19:28] Player (Kaleb, 76561198892748368)(<11153.391602, 200.794144, 12304.242188>) requested data for lock!
[11:21:15] Player (Kaleb, 76561198892748368)(<11153.391602, 200.794144, 12304.242188>) requested data for lock!
[12:10:05] Player (Kaleb, 76561198892748368)(<11153.391602, 200.794144, 12304.242188>) requested data for lock!
[12:10:15] Player (Kaleb, 76561198892748368)(<11153.391602, 200.794144, 12304.242188>) requested data for lock!
[12:11:38] Player (Kaleb, 76561198892748368)(<11153.391602, 200.794144, 12304.242188>) requested data for lock!
[12:11:52] Player (Kaleb, 76561198892748368)(<11153.391602, 200.794144, 12304.242188>) requested data for lock!
[12:12:26] Player (Kaleb, 76561198892748368)(<11153.391602, 200.794144, 12304.242188>) requested data for lock!
[12:13:35] Player (Kaleb, 76561198892748368)(<11153.391602, 200.794144, 12304.242188>) requested data for lock!
[12:16:15] Player (Kaleb, 76561198892748368)(<11153.391602, 200.794144, 12304.242188>) requested data for lock!
[12:18:09] Player (Kaleb, 76561198892748368)(<11153.391602, 200.794144, 12304.242188>) requested data for lock!
[12:18:32] Player (Kaleb, 76561198892748368)(<11153.391602, 200.794144, 12304.242188>) requested data for lock!
[12:18:41] Player (Kaleb, 76561198892748368)(<11153.391602, 200.794144, 12304.242188>) requested data for lock!
[12:18:58] Player (Kaleb, 76561198892748368)(<11153.391602, 200.794144, 12304.242188>) requested data for lock!
[12:22:44] Player (Kaleb, 76561198892748368)(<11153.391602, 200.794144, 12304.242188>) requested data for lock!
[12:36:16] Player (Kaleb, 76561198892748368)(<11153.391602, 200.794144, 12304.242188>) requested data for lock!
[12:36:47] Player (Kaleb, 76561198892748368)(<11153.391602, 200.794144, 12304.242188>) requested data for lock!
[12:39:12] Player (Kaleb, 76561198892748368)(<11153.391602, 200.794144, 12304.242188>) requested data for lock!
[12:39:20] Player (Kaleb, 76561198892748368)(<11153.391602, 200.794144, 12304.242188>) requested data for lock!
[12:39:37] Player (Kaleb, 76561198892748368)(<11153.391602, 200.794144, 12304.242188>) requested data for lock!
[12:40:15] Player (Kaleb, 76561198892748368)(<11153.391602, 200.794144, 12304.242188>) requested data for lock!
[12:40:32] Player (Kaleb, 76561198892748368)(<11153.391602, 200.794144, 12304.242188>) requested data for lock!
[12:42:12] Player (Kaleb, 76561198892748368)(<11153.391602, 200.794144, 12304.242188>) requested data for lock!
[12:42:20] Player (Kaleb, 76561198892748368)(<11153.391602, 200.794144, 12304.242188>) requested data for lock!
[12:44:17] Player (Kaleb, 76561198892748368)(<11153.391602, 200.794144, 12304.242188>) requested data for lock!
[12:45:30] Player (Kaleb, 76561198892748368)(<11153.391602, 200.794144, 12304.242188>) requested data for lock!
[12:45:44] Player (Kaleb, 76561198892748368)(<11153.391602, 200.794144, 12304.242188>) requested data for lock!
[13:21:00] Player (Kaleb, 76561198892748368)(<11153.391602, 200.794144, 12304.242188>) requested data for lock!
[13:21:22] Player (Kaleb, 76561198892748368)(<11153.391602, 200.794144, 12304.242188>) requested data for lock!
[13:21:35] Player (Kaleb, 76561198892748368)(<11153.391602, 200.794144, 12304.242188>) requested data for lock!
[13:22:20] Player (Kaleb, 76561198892748368)(<11153.391602, 200.794144, 12304.242188>) requested data for lock!
[13:25:11] Player (Kaleb, 76561198892748368)(<11153.391602, 200.794144, 12304.242188>) requested data for lock!
[13:25:25] Player (Kaleb, 76561198892748368)(<11153.391602, 200.794144, 12304.242188>) requested data for lock!
[13:27:20] Player (Kaleb, 76561198892748368)(<11153.391602, 200.794144, 12304.242188>) requested data for lock!
[13:32:12] Player (Kaleb, 76561198892748368)(<11153.391602, 200.794144, 12304.242188>) requested data for lock!
[13:32:34] Player (Kaleb, 76561198892748368)(<11153.391602, 200.794144, 12304.242188>) requested data for lock!
[13:32:55] Player (Kaleb, 76561198892748368)(<11153.391602, 200.794144, 12304.242188>) requested data for lock!
[13:33:08] Player (Kaleb, 76561198892748368)(<11153.391602, 200.794144, 12304.242188>) requested data for lock!
[13:33:17] Player (Kaleb, 76561198892748368)(<11155.415039, 200.212296, 12294.655273>) requested data for lock!
[13:33:22] Player (Kaleb, 76561198892748368)(<11155.415039, 200.212296, 12294.655273>) requested data for lock!
[13:33:27] Player (Kaleb, 76561198892748368)(<11155.415039, 200.212296, 12294.655273>) requested data for lock!
[13:33:35] Player (Kaleb, 76561198892748368)(<11155.415039, 200.212296, 12294.655273>) requested data for lock!
[13:33:57] Player (Kaleb, 76561198892748368)(<11153.391602, 200.794144, 12304.242188>) requested data for lock!
[13:34:10] Player (Kaleb, 76561198892748368)(<11155.415039, 200.212296, 12294.655273>) requested data for lock!
[13:34:55] Player (Kaleb, 76561198892748368)(<11155.415039, 200.212296, 12294.655273>) requested data for lock!
[08-26-2021][13.48.09] Log file reloaded ( Server Restart )
[15:28:34] Player (^DBD^ Maxo, 76561198148661627)(<317.850250, 288.725128, 8562.127930>) requested data for lock!
[15:28:41] Player (^DBD^ Maxo, 76561198148661627)(<317.850250, 288.725128, 8562.127930>) requested data for lock!
[15:28:50] Player (^DBD^ Maxo, 76561198148661627)(<317.486023, 288.720673, 8562.154297>) requested data for lock!
[15:29:25] Player (^DBD^ Maxo, 76561198148661627)(<311.371857, 287.510773, 8561.625977>) requested data for lock!
[15:30:04] Player (^DBD^ Maxo, 76561198148661627)(<311.371857, 287.510773, 8561.625977>) requested data for lock!
[15:30:09] Player (^DBD^ Maxo, 76561198148661627)(<314.991302, 287.500458, 8557.575195>) requested data for lock!
[15:33:37] Player (^DBD^ Maxo, 76561198148661627)(<314.991302, 287.500458, 8557.575195>) requested data for lock!
[15:36:28] Player (^DBD^ Maxo, 76561198148661627)(<314.991302, 287.500458, 8557.575195>) requested data for lock!
[15:37:06] Player (^DBD^ Maxo, 76561198148661627)(<314.991302, 287.500458, 8557.575195>) requested data for lock!
[15:37:40] Player (^DBD^ Maxo, 76561198148661627)(<314.991302, 287.500458, 8557.575195>) requested data for lock!
[15:39:15] Player (^DBD^ Maxo, 76561198148661627)(<317.712585, 288.725098, 8566.967773>) requested data for lock!
[15:41:54] Player (^DBD^ Maxo, 76561198148661627)(<314.991302, 287.500458, 8557.575195>) requested data for lock!
[15:42:45] Player (^DBD^ Maxo, 76561198148661627)(<314.991302, 287.500458, 8557.575195>) requested data for lock!
[15:42:50] Player (^DBD^ Maxo, 76561198148661627)(<317.850250, 288.725128, 8562.127930>) requested data for lock!
[15:45:54] Player (^DBD^ Maxo, 76561198148661627)(<317.850250, 288.725128, 8562.127930>) requested data for lock!
[15:47:00] Player (^DBD^ Maxo, 76561198148661627)(<314.991302, 287.500458, 8557.575195>) requested data for lock!
[15:47:13] Player (^DBD^ Maxo, 76561198148661627)(<311.371857, 287.510773, 8561.625977>) requested data for lock!
[15:47:25] Player (^DBD^ Maxo, 76561198148661627)(<311.371857, 287.510773, 8561.625977>) requested data for lock!
[15:49:59] Player (^DBD^ Maxo, 76561198148661627)(<314.991302, 287.500458, 8557.575195>) requested data for lock!
[15:50:10] Player (^DBD^ Maxo, 76561198148661627)(<317.712585, 288.725098, 8566.967773>) requested data for lock!
[15:50:15] Player (^DBD^ Maxo, 76561198148661627)(<317.850250, 288.725128, 8562.127930>) requested data for lock!
[15:50:22] Player (^DBD^ Maxo, 76561198148661627)(<317.712585, 288.725098, 8566.967773>) requested data for lock!
[15:50:29] Player (^DBD^ Maxo, 76561198148661627)(<317.486023, 288.720673, 8562.154297>) requested data for lock!
[16:43:21] Player (Kaleb, 76561198892748368)(<11153.391602, 200.794144, 12304.242188>) requested data for lock!
[16:44:15] Player (Kaleb, 76561198892748368)(<11153.391602, 200.794144, 12304.242188>) requested data for lock!
[16:44:26] Player (Kaleb, 76561198892748368)(<11155.415039, 200.212296, 12294.655273>) requested data for lock!
[16:48:57] Player (Kaleb, 76561198892748368)(<11155.415039, 200.212296, 12294.655273>) requested data for lock!
[16:48:59] Player (^DBD^ Maxo, 76561198148661627)(<317.850250, 288.725128, 8562.127930>) requested data for lock!
[16:49:04] Player (^DBD^ Maxo, 76561198148661627)(<317.850250, 288.725128, 8562.127930>) requested data for lock!
[16:49:09] Player (^DBD^ Maxo, 76561198148661627)(<317.486023, 288.720673, 8562.154297>) requested data for lock!
[16:49:18] Player (^DBD^ Maxo, 76561198148661627)(<311.371857, 287.510773, 8561.625977>) requested data for lock!
[16:49:19] Player (Kaleb, 76561198892748368)(<11153.391602, 200.794144, 12304.242188>) requested data for lock!
[16:49:28] Player (^DBD^ Maxo, 76561198148661627)(<314.991302, 287.500458, 8557.575195>) requested data for lock!
[16:49:34] Player (^DBD^ Maxo, 76561198148661627)(<314.991302, 287.500458, 8557.575195>) requested data for lock!
[16:49:40] Player (^DBD^ Maxo, 76561198148661627)(<317.486023, 288.720673, 8562.154297>) requested data for lock!
[16:50:46] Player (^DBD^ Maxo, 76561198148661627)(<314.991302, 287.500458, 8557.575195>) requested data for lock!
[16:50:58] Player (^DBD^ Maxo, 76561198148661627)(<311.371857, 287.510773, 8561.625977>) requested data for lock!
[16:52:01] Player (^DBD^ Maxo, 76561198148661627)(<314.991302, 287.500458, 8557.575195>) requested data for lock!
[16:53:23] Player (Kaleb, 76561198892748368)(<11153.391602, 200.794144, 12304.242188>) requested data for lock!
[16:53:35] Player (Kaleb, 76561198892748368)(<11153.391602, 200.794144, 12304.242188>) requested data for lock!
[16:54:01] Player (Kaleb, 76561198892748368)(<11155.415039, 200.212296, 12294.655273>) requested data for lock!
[16:54:32] Player (Kaleb, 76561198892748368)(<11155.415039, 200.212296, 12294.655273>) requested data for lock!
[17:36:59] Player (Kaleb, 76561198892748368)(<11155.415039, 200.212296, 12294.655273>) requested data for lock!
[17:37:55] Player (Kaleb, 76561198892748368)(<11153.391602, 200.794144, 12304.242188>) requested data for lock!
[17:44:16] Player (Kaleb, 76561198892748368)(<11153.391602, 200.794144, 12304.242188>) requested data for lock!
[17:44:40] Player (Kaleb, 76561198892748368)(<11153.391602, 200.794144, 12304.242188>) requested data for lock!
[17:44:46] Player (Kaleb, 76561198892748368)(<11153.391602, 200.794144, 12304.242188>) requested data for lock!
[17:48:22] Player (Kaleb, 76561198892748368)(<11157.393555, 204.045959, 12310.053711>) requested data for lock!
[17:48:27] Player (Kaleb, 76561198892748368)(<11157.393555, 204.045959, 12310.053711>) requested data for lock!
[17:48:32] Player (Kaleb, 76561198892748368)(<11157.393555, 204.045959, 12310.053711>) requested data for lock!
[17:49:17] Player (Kaleb, 76561198892748368)(<11157.393555, 204.045959, 12310.053711>) requested data for lock!
[17:50:29] Player (Kaleb, 76561198892748368)(<11153.391602, 200.794144, 12304.242188>) requested data for lock!
[17:51:18] Player (Kaleb, 76561198892748368)(<11161.232422, 202.830002, 12301.918945>) requested data for lock!
[17:52:43] Player (Kaleb, 76561198892748368)(<11153.391602, 200.794144, 12304.242188>) requested data for lock!
[17:55:22] Player (Kaleb, 76561198892748368)(<11153.391602, 200.794144, 12304.242188>) requested data for lock!
[17:56:23] Player (Kaleb, 76561198892748368)(<11153.391602, 200.794144, 12304.242188>) requested data for lock!
[17:56:39] Player (Kaleb, 76561198892748368)(<11155.415039, 200.212296, 12294.655273>) requested data for lock!
[17:57:05] Player (Kaleb, 76561198892748368)(<11155.415039, 200.212296, 12294.655273>) requested data for lock!
[18:16:51] Player (^DBD^ Maxo, 76561198148661627)(<314.991302, 287.500458, 8557.575195>) requested data for lock!
[18:17:05] Player (^DBD^ Maxo, 76561198148661627)(<317.850250, 288.725128, 8562.127930>) requested data for lock!
[18:19:50] Player (^DBD^ Maxo, 76561198148661627)(<317.850250, 288.725128, 8562.127930>) requested data for lock!
[18:22:21] Player (^DBD^ Maxo, 76561198148661627)(<317.712585, 288.725098, 8566.967773>) requested data for lock!
[18:27:04] Player (^DBD^ Maxo, 76561198148661627)(<314.991302, 287.500458, 8557.575195>) requested data for lock!
[18:29:20] Player (^DBD^ Maxo, 76561198148661627)(<311.371857, 287.510773, 8561.625977>) requested data for lock!
[18:29:25] Player (^DBD^ Maxo, 76561198148661627)(<311.371857, 287.510773, 8561.625977>) requested data for lock!
[18:29:31] Player (^DBD^ Maxo, 76561198148661627)(<311.371857, 287.510773, 8561.625977>) requested data for lock!
[18:37:00] Player (^DBD^ Maxo, 76561198148661627)(<1185.200195, 344.556030, 9979.226563>) requested data for lock!
[18:37:05] Player (^DBD^ Maxo, 76561198148661627)(<1185.200195, 344.556030, 9979.226563>) requested data for lock!
[18:37:14] Player (^DBD^ Maxo, 76561198148661627)(<1185.200195, 344.556030, 9979.226563>) requested data for lock!
[18:39:03] Player (^DBD^ Maxo, 76561198148661627)(<1185.200195, 344.556030, 9979.226563>) requested data for lock!
[18:40:45] Player (^DBD^ Maxo, 76561198148661627)(<1185.200195, 344.556030, 9979.226563>) requested data for lock!
[18:55:55] Player (KingHotDog, 76561199068832255)(<317.850250, 288.725128, 8562.127930>) requested data for lock!
[18:56:00] Player (KingHotDog, 76561199068832255)(<317.850250, 288.725128, 8562.127930>) requested data for lock!
[18:56:13] Player (KingHotDog, 76561199068832255)(<317.712585, 288.725098, 8566.967773>) requested data for lock!
[18:56:28] Player (KingHotDog, 76561199068832255)(<317.486023, 288.720673, 8562.154297>) requested data for lock!
[18:56:35] Player (KingHotDog, 76561199068832255)(<317.850250, 288.725128, 8562.127930>) requested data for lock!
[18:56:51] Player (KingHotDog, 76561199068832255)(<317.712585, 288.725098, 8566.967773>) requested data for lock!
[18:56:56] Player (KingHotDog, 76561199068832255)(<317.850250, 288.725128, 8562.127930>) requested data for lock!
[18:57:10] Player (KingHotDog, 76561199068832255)(<317.712585, 288.725098, 8566.967773>) requested data for lock!
[18:57:34] Player (KingHotDog, 76561199068832255)(<311.371857, 287.510773, 8561.625977>) requested data for lock!
[18:57:48] Player (KingHotDog, 76561199068832255)(<317.486023, 288.720673, 8562.154297>) requested data for lock!
[18:57:57] Player (^DBD^ Maxo, 76561198148661627)(<1185.200195, 344.556030, 9979.226563>) requested data for lock!
[18:58:02] Player (KingHotDog, 76561199068832255)(<317.486023, 288.720673, 8562.154297>) requested data for lock!
[18:58:09] Player (KingHotDog, 76561199068832255)(<317.486023, 288.720673, 8562.154297>) requested data for lock!
[18:59:57] Player (^DBD^ Maxo, 76561198148661627)(<1185.200195, 344.556030, 9979.226563>) requested data for lock!
[19:00:02] Player (^DBD^ Maxo, 76561198148661627)(<1185.200195, 344.556030, 9979.226563>) requested data for lock!
[19:00:21] Player (KingHotDog, 76561199068832255)(<12890.177734, 64.436760, 15109.198242>) requested data for lock!
[19:00:27] Player (KingHotDog, 76561199068832255)(<12888.545898, 64.531334, 15107.648438>) requested data for lock!
[19:00:30] Player (^DBD^ Maxo, 76561198148661627)(<1185.200195, 344.556030, 9979.226563>) requested data for lock!
[19:00:32] Player (KingHotDog, 76561199068832255)(<12884.321289, 64.531334, 15105.812500>) requested data for lock!
[19:00:37] Player (KingHotDog, 76561199068832255)(<12884.321289, 64.531334, 15105.812500>) requested data for lock!
[19:00:45] Player (KingHotDog, 76561199068832255)(<12884.321289, 64.531334, 15105.812500>) requested data for lock!
[19:00:52] Player (KingHotDog, 76561199068832255)(<12884.483398, 69.317932, 15105.002930>) requested data for lock!
[19:01:12] Player (^DBD^ Maxo, 76561198148661627)(<1185.200195, 344.556030, 9979.226563>) requested data for lock!
[19:01:28] Player (^DBD^ Maxo, 76561198148661627)(<1185.200195, 344.556030, 9979.226563>) requested data for lock!
[19:01:33] Player (^DBD^ Maxo, 76561198148661627)(<1185.200195, 344.556030, 9979.226563>) requested data for lock!
[19:01:38] Player (^DBD^ Maxo, 76561198148661627)(<1185.200195, 344.556030, 9979.226563>) requested data for lock!
[19:02:59] Player (KingHotDog, 76561199068832255)(<13018.612305, 51.340057, 14989.128906>) requested data for lock!
[19:03:04] Player (KingHotDog, 76561199068832255)(<13018.612305, 51.340057, 14989.128906>) requested data for lock!
[19:03:10] Player (KingHotDog, 76561199068832255)(<13018.612305, 51.340057, 14989.128906>) requested data for lock!
[19:03:31] Player (KingHotDog, 76561199068832255)(<13018.612305, 51.340057, 14989.128906>) requested data for lock!
[19:03:53] Player (KingHotDog, 76561199068832255)(<13018.612305, 51.340057, 14989.128906>) requested data for lock!
[19:04:16] Player (KingHotDog, 76561199068832255)(<13018.612305, 51.340057, 14989.128906>) requested data for lock!
[19:04:22] Player (KingHotDog, 76561199068832255)(<13018.612305, 51.340057, 14989.128906>) requested data for lock!
[19:04:57] Player (KingHotDog, 76561199068832255)(<13018.612305, 51.340057, 14989.128906>) requested data for lock!
[19:05:05] Player (KingHotDog, 76561199068832255)(<13018.612305, 51.340057, 14989.128906>) requested data for lock!
[19:05:40] Player (KingHotDog, 76561199068832255)(<13018.612305, 51.340057, 14989.128906>) requested data for lock!
[19:06:01] Player (KingHotDog, 76561199068832255)(<13018.612305, 51.340057, 14989.128906>) requested data for lock!
[19:08:48] Player (^DBD^ Maxo, 76561198148661627)(<317.850250, 288.725128, 8562.127930>) requested data for lock!
[19:08:53] Player (^DBD^ Maxo, 76561198148661627)(<317.486023, 288.720673, 8562.154297>) requested data for lock!
[19:12:45] Player (^DBD^ Maxo, 76561198148661627)(<314.991302, 287.500458, 8557.575195>) requested data for lock!
[19:12:57] Player (^DBD^ Maxo, 76561198148661627)(<311.371857, 287.510773, 8561.625977>) requested data for lock!
[19:14:15] Player (^DBD^ Maxo, 76561198148661627)(<314.991302, 287.500458, 8557.575195>) requested data for lock!
[19:14:20] Player (^DBD^ Maxo, 76561198148661627)(<314.991302, 287.500458, 8557.575195>) requested data for lock!
[19:22:21] Player (^DBD^ Maxo, 76561198148661627)(<1185.200195, 344.556030, 9979.226563>) requested data for lock!
[19:23:20] Player (^DBD^ Maxo, 76561198148661627)(<1181.235474, 344.556030, 9979.996094>) requested data for lock!
[19:23:25] Player (^DBD^ Maxo, 76561198148661627)(<1181.235474, 344.556030, 9979.996094>) requested data for lock!
[19:23:30] Player (^DBD^ Maxo, 76561198148661627)(<1185.200195, 344.556030, 9979.226563>) requested data for lock!
[19:23:40] Player (^DBD^ Maxo, 76561198148661627)(<1182.824463, 344.556030, 9978.469727>) requested data for lock!
[19:23:45] Player (^DBD^ Maxo, 76561198148661627)(<1182.824463, 344.556030, 9978.469727>) requested data for lock!
[19:23:50] Player (^DBD^ Maxo, 76561198148661627)(<1181.235474, 344.556030, 9979.996094>) requested data for lock!
[19:26:25] Player (^DBD^ Maxo, 76561198148661627)(<1185.200195, 344.556030, 9979.226563>) requested data for lock!
[19:30:18] Player (Kaleb, 76561198892748368)(<11155.415039, 200.212296, 12294.655273>) requested data for lock!
[19:30:54] Player (Kaleb, 76561198892748368)(<11155.415039, 200.212296, 12294.655273>) requested data for lock!
[19:31:02] Player (Kaleb, 76561198892748368)(<11153.391602, 200.794144, 12304.242188>) requested data for lock!
[19:36:55] Player (Kaleb, 76561198892748368)(<11153.391602, 200.794144, 12304.242188>) requested data for lock!
[19:37:06] Player (Kaleb, 76561198892748368)(<11153.391602, 200.794144, 12304.242188>) requested data for lock!
[19:37:19] Player (Kaleb, 76561198892748368)(<11153.391602, 200.794144, 12304.242188>) requested data for lock!
[19:37:32] Player (Kaleb, 76561198892748368)(<11153.391602, 200.794144, 12304.242188>) requested data for lock!
[19:37:51] Player (Kaleb, 76561198892748368)(<11153.391602, 200.794144, 12304.242188>) requested data for lock!
[19:37:58] Player (Kaleb, 76561198892748368)(<11153.391602, 200.794144, 12304.242188>) requested data for lock!
[19:38:24] Player (Kaleb, 76561198892748368)(<11153.391602, 200.794144, 12304.242188>) requested data for lock!
[19:38:34] Player (Kaleb, 76561198892748368)(<11153.391602, 200.794144, 12304.242188>) requested data for lock!
[19:38:40] Player (Kaleb, 76561198892748368)(<11161.232422, 202.830002, 12301.918945>) requested data for lock!
[19:38:47] Player (Kaleb, 76561198892748368)(<11157.393555, 204.045959, 12310.053711>) requested data for lock!
[19:38:56] Player (Dr. Mauler, 76561198022416611)(<12890.177734, 64.436760, 15109.198242>) requested data for lock!
[19:39:01] Player (Dr. Mauler, 76561198022416611)(<12888.545898, 64.531334, 15107.648438>) requested data for lock!
[19:39:06] Player (Dr. Mauler, 76561198022416611)(<12884.321289, 64.531334, 15105.812500>) requested data for lock!
[19:39:11] Player (Dr. Mauler, 76561198022416611)(<12884.335938, 69.317932, 15105.151367>) requested data for lock!
[19:39:17] Player (Dr. Mauler, 76561198022416611)(<12884.483398, 69.317932, 15105.002930>) requested data for lock!
[19:39:56] Player (Dr. Mauler, 76561198022416611)(<12884.483398, 69.317932, 15105.002930>) requested data for lock!
[19:40:01] Player (Dr. Mauler, 76561198022416611)(<12888.545898, 64.531334, 15107.648438>) requested data for lock!
[19:40:06] Player (Dr. Mauler, 76561198022416611)(<12888.545898, 64.531334, 15107.648438>) requested data for lock!
[19:40:11] Player (Dr. Mauler, 76561198022416611)(<12888.545898, 64.531334, 15107.648438>) requested data for lock!
[19:40:14] Player (Kaleb, 76561198892748368)(<11157.393555, 204.045959, 12310.053711>) requested data for lock!
[19:40:16] Player (Dr. Mauler, 76561198022416611)(<12888.545898, 64.531334, 15107.648438>) requested data for lock!
[19:40:21] Player (Dr. Mauler, 76561198022416611)(<12888.545898, 64.531334, 15107.648438>) requested data for lock!
[19:40:27] Player (Dr. Mauler, 76561198022416611)(<12888.545898, 64.531334, 15107.648438>) requested data for lock!
[19:40:32] Player (Dr. Mauler, 76561198022416611)(<12888.545898, 64.531334, 15107.648438>) requested data for lock!
[19:40:37] Player (Dr. Mauler, 76561198022416611)(<12888.545898, 64.531334, 15107.648438>) requested data for lock!
[19:40:42] Player (Dr. Mauler, 76561198022416611)(<12888.545898, 64.531334, 15107.648438>) requested data for lock!
[19:40:47] Player (Dr. Mauler, 76561198022416611)(<12888.545898, 64.531334, 15107.648438>) requested data for lock!
[19:40:52] Player (Dr. Mauler, 76561198022416611)(<12888.545898, 64.531334, 15107.648438>) requested data for lock!
[19:40:57] Player (Dr. Mauler, 76561198022416611)(<12888.545898, 64.531334, 15107.648438>) requested data for lock!
[19:40:58] Player (Kaleb, 76561198892748368)(<11153.391602, 200.794144, 12304.242188>) requested data for lock!
[19:41:02] Player (Dr. Mauler, 76561198022416611)(<12888.545898, 64.531334, 15107.648438>) requested data for lock!
[19:41:07] Player (Dr. Mauler, 76561198022416611)(<12888.545898, 64.531334, 15107.648438>) requested data for lock!
[19:41:12] Player (Dr. Mauler, 76561198022416611)(<12888.545898, 64.531334, 15107.648438>) requested data for lock!
[19:41:17] Player (Dr. Mauler, 76561198022416611)(<12888.545898, 64.531334, 15107.648438>) requested data for lock!
[19:41:22] Player (Dr. Mauler, 76561198022416611)(<12888.545898, 64.531334, 15107.648438>) requested data for lock!
[19:41:27] Player (Dr. Mauler, 76561198022416611)(<12888.545898, 64.531334, 15107.648438>) requested data for lock!
[19:41:34] Player (Dr. Mauler, 76561198022416611)(<12888.545898, 64.531334, 15107.648438>) requested data for lock!
[19:41:39] Player (Dr. Mauler, 76561198022416611)(<12888.545898, 64.531334, 15107.648438>) requested data for lock!
[19:41:46] Player (^DBD^ Maxo, 76561198148661627)(<1181.235474, 344.556030, 9979.996094>) requested data for lock!
[19:42:25] Player (^DBD^ Maxo, 76561198148661627)(<1182.824463, 344.556030, 9978.469727>) requested data for lock!
[19:43:08] Player (^DBD^ Maxo, 76561198148661627)(<1182.824463, 344.556030, 9978.469727>) requested data for lock!
[19:44:02] Player (Kaleb, 76561198892748368)(<11153.391602, 200.794144, 12304.242188>) requested data for lock!
[19:44:20] Player (Kaleb, 76561198892748368)(<11153.391602, 200.794144, 12304.242188>) requested data for lock!
[19:45:10] Player (Kaleb, 76561198892748368)(<11161.232422, 202.830002, 12301.918945>) requested data for lock!
[19:45:28] Player (^DBD^ Maxo, 76561198148661627)(<1182.824463, 344.556030, 9978.469727>) requested data for lock!
[19:46:10] Player (^DBD^ Maxo, 76561198148661627)(<1181.235474, 344.556030, 9979.996094>) requested data for lock!
[19:46:25] Player (^DBD^ Maxo, 76561198148661627)(<1181.235474, 344.556030, 9979.996094>) requested data for lock!
[19:46:35] Player (^DBD^ Maxo, 76561198148661627)(<1185.200195, 344.556030, 9979.226563>) requested data for lock!
[19:46:35] Player (Kaleb, 76561198892748368)(<11153.391602, 200.794144, 12304.242188>) requested data for lock!
[19:47:07] Player (^DBD^ Maxo, 76561198148661627)(<1181.235474, 344.556030, 9979.996094>) requested data for lock!
[19:47:20] Player (Kaleb, 76561198892748368)(<11153.391602, 200.794144, 12304.242188>) requested data for lock!
[19:47:31] Player (Kaleb, 76561198892748368)(<11153.391602, 200.794144, 12304.242188>) requested data for lock!
[19:47:36] Player (Kaleb, 76561198892748368)(<11153.391602, 200.794144, 12304.242188>) requested data for lock!
[19:48:00] Player (Kaleb, 76561198892748368)(<11157.393555, 204.045959, 12310.053711>) requested data for lock!
[19:48:07] Player (Kaleb, 76561198892748368)(<11157.393555, 204.045959, 12310.053711>) requested data for lock!
[19:48:21] Player (^DBD^ Maxo, 76561198148661627)(<1185.200195, 344.556030, 9979.226563>) requested data for lock!
[08-26-2021][19.50.22] Log file reloaded ( Server Restart )
[19:53:26] Player (Kaleb, 76561198892748368)(<11153.391602, 200.794144, 12304.242188>) requested data for lock!
[19:54:32] Player (Kaleb, 76561198892748368)(<11153.391602, 200.794144, 12304.242188>) requested data for lock!
[19:55:31] Player (Kaleb, 76561198892748368)(<11161.232422, 202.830002, 12301.918945>) requested data for lock!
[19:57:17] Player (Kaleb, 76561198892748368)(<11161.232422, 202.830002, 12301.918945>) requested data for lock!
[19:58:10] Player (^DBD^ Maxo, 76561198148661627)(<1181.235474, 344.556030, 9979.996094>) requested data for lock!
[19:58:17] Player (^DBD^ Maxo, 76561198148661627)(<1185.200195, 344.556030, 9979.226563>) requested data for lock!
[19:58:27] Player (Kaleb, 76561198892748368)(<11153.391602, 200.794144, 12304.242188>) requested data for lock!
[19:58:59] Player (^DBD^ Maxo, 76561198148661627)(<1185.200195, 344.556030, 9979.226563>) requested data for lock!
[19:59:25] Player (^DBD^ Maxo, 76561198148661627)(<1182.824463, 344.556030, 9978.469727>) requested data for lock!
[19:59:32] Player (^DBD^ Maxo, 76561198148661627)(<1181.235474, 344.556030, 9979.996094>) requested data for lock!
[20:00:26] Player (^DBD^ Maxo, 76561198148661627)(<1182.824463, 344.556030, 9978.469727>) requested data for lock!
[20:00:55] Player (Kaleb, 76561198892748368)(<11153.391602, 200.794144, 12304.242188>) requested data for lock!
[20:05:33] Player (Kaleb, 76561198892748368)(<11157.393555, 204.045959, 12310.053711>) requested data for lock!
[20:05:40] Player (Kaleb, 76561198892748368)(<11161.232422, 202.830002, 12301.918945>) requested data for lock!
[20:06:16] Player (^DBD^ Maxo, 76561198148661627)(<317.850250, 288.725128, 8562.127930>) requested data for lock!
[20:06:21] Player (^DBD^ Maxo, 76561198148661627)(<317.486023, 288.720673, 8562.154297>) requested data for lock!
[20:06:27] Player (^DBD^ Maxo, 76561198148661627)(<311.371857, 287.510773, 8561.625977>) requested data for lock!
[20:06:32] Player (^DBD^ Maxo, 76561198148661627)(<311.371857, 287.510773, 8561.625977>) requested data for lock!
[20:07:35] Player (Kaleb, 76561198892748368)(<11157.393555, 204.045959, 12310.053711>) requested data for lock!
[20:08:06] Player (^DBD^ Maxo, 76561198148661627)(<317.486023, 288.720673, 8562.154297>) requested data for lock!
[20:08:11] Player (^DBD^ Maxo, 76561198148661627)(<317.486023, 288.720673, 8562.154297>) requested data for lock!
[20:08:17] Player (Kaleb, 76561198892748368)(<11153.391602, 200.794144, 12304.242188>) requested data for lock!
[20:08:25] Player (^DBD^ Maxo, 76561198148661627)(<317.486023, 288.720673, 8562.154297>) requested data for lock!
[20:08:33] Player (^DBD^ Maxo, 76561198148661627)(<317.486023, 288.720673, 8562.154297>) requested data for lock!
[20:08:38] Player (^DBD^ Maxo, 76561198148661627)(<317.486023, 288.720673, 8562.154297>) requested data for lock!
[20:08:43] Player (^DBD^ Maxo, 76561198148661627)(<317.486023, 288.720673, 8562.154297>) requested data for lock!
[20:11:05] Player (Kaleb, 76561198892748368)(<11155.415039, 200.212296, 12294.655273>) requested data for lock!
[20:11:28] Player (Kaleb, 76561198892748368)(<11155.415039, 200.212296, 12294.655273>) requested data for lock!
[20:12:11] Player (^DBD^ Maxo, 76561198148661627)(<317.712585, 288.725098, 8566.967773>) requested data for lock!
[20:16:24] Player (^DBD^ Maxo, 76561198148661627)(<317.850250, 288.725128, 8562.127930>) requested data for lock!
[20:16:29] Player (^DBD^ Maxo, 76561198148661627)(<317.850250, 288.725128, 8562.127930>) requested data for lock!
[20:16:34] Player (^DBD^ Maxo, 76561198148661627)(<317.850250, 288.725128, 8562.127930>) requested data for lock!
[20:17:18] Player (^DBD^ Maxo, 76561198148661627)(<317.712585, 288.725098, 8566.967773>) requested data for lock!
[20:17:52] Player (^DBD^ Maxo, 76561198148661627)(<317.850250, 288.725128, 8562.127930>) requested data for lock!
[20:17:57] Player (^DBD^ Maxo, 76561198148661627)(<317.850250, 288.725128, 8562.127930>) requested data for lock!
[20:18:20] Player (^DBD^ Maxo, 76561198148661627)(<317.850250, 288.725128, 8562.127930>) requested data for lock!
[20:18:39] Player (^DBD^ Maxo, 76561198148661627)(<317.850250, 288.725128, 8562.127930>) requested data for lock!
[20:19:09] Player (^DBD^ Maxo, 76561198148661627)(<317.850250, 288.725128, 8562.127930>) requested data for lock!
[20:19:17] Player (^DBD^ Maxo, 76561198148661627)(<317.712585, 288.725098, 8566.967773>) requested data for lock!
[20:30:43] Player (^DBD^ Maxo, 76561198148661627)(<1182.824463, 344.556030, 9978.469727>) requested data for lock!
[20:36:50] Player (^DBD^ Maxo, 76561198148661627)(<1184.751831, 344.556030, 9983.866211>) requested data for lock!
[20:36:55] Player (^DBD^ Maxo, 76561198148661627)(<1184.751831, 344.556030, 9983.866211>) requested data for lock!
[20:37:00] Player (^DBD^ Maxo, 76561198148661627)(<1184.751831, 344.556030, 9983.866211>) requested data for lock!
[20:37:09] Player (^DBD^ Maxo, 76561198148661627)(<1184.751831, 344.556030, 9983.866211>) requested data for lock!
[20:37:37] Player (^DBD^ Maxo, 76561198148661627)(<1185.200195, 344.556030, 9979.226563>) requested data for lock!
[20:37:46] Player (^DBD^ Maxo, 76561198148661627)(<1184.751831, 344.556030, 9983.866211>) requested data for lock!
[20:37:55] Player (^DBD^ Maxo, 76561198148661627)(<1185.200195, 344.556030, 9979.226563>) requested data for lock!
[20:38:05] Player (^DBD^ Maxo, 76561198148661627)(<1182.824463, 344.556030, 9978.469727>) requested data for lock!
[20:38:19] Player (^DBD^ Maxo, 76561198148661627)(<1182.824463, 344.556030, 9978.469727>) requested data for lock!
[20:39:25] Player (^DBD^ Maxo, 76561198148661627)(<1184.751831, 344.556030, 9983.866211>) requested data for lock!
[20:40:16] Player (^DBD^ Maxo, 76561198148661627)(<1181.235474, 344.556030, 9979.996094>) requested data for lock!
[20:40:47] Player (^DBD^ Maxo, 76561198148661627)(<1182.824463, 344.556030, 9978.469727>) requested data for lock!
[20:40:52] Player (^DBD^ Maxo, 76561198148661627)(<1186.966064, 344.556030, 9980.056641>) requested data for lock!
[20:40:57] Player (^DBD^ Maxo, 76561198148661627)(<1186.966064, 344.556030, 9980.056641>) requested data for lock!
[20:41:35] Player (^DBD^ Maxo, 76561198148661627)(<1181.235474, 344.556030, 9979.996094>) requested data for lock!
[20:43:31] Player (^DBD^ Maxo, 76561198148661627)(<1182.824463, 344.556030, 9978.469727>) requested data for lock!
[20:43:36] Player (^DBD^ Maxo, 76561198148661627)(<1186.966064, 344.556030, 9980.056641>) requested data for lock!
[20:43:54] Player (^DBD^ Maxo, 76561198148661627)(<1185.200195, 344.556030, 9979.226563>) requested data for lock!
[20:43:59] Player (^DBD^ Maxo, 76561198148661627)(<1181.235474, 344.556030, 9979.996094>) requested data for lock!
[20:44:07] Player (^DBD^ Maxo, 76561198148661627)(<1184.751831, 344.556030, 9983.866211>) requested data for lock!
[20:55:11] Player (^DBD^ Maxo, 76561198148661627)(<1180.122559, 344.556030, 9988.092773>) requested data for lock!
[20:55:16] Player (^DBD^ Maxo, 76561198148661627)(<1180.122559, 344.556030, 9988.092773>) requested data for lock!
[20:55:21] Player (^DBD^ Maxo, 76561198148661627)(<1180.122559, 344.556030, 9988.092773>) requested data for lock!
[20:55:26] Player (^DBD^ Maxo, 76561198148661627)(<1180.122559, 344.556030, 9988.092773>) requested data for lock!
[20:56:43] Player (^DBD^ Maxo, 76561198148661627)(<1180.122559, 344.556030, 9988.092773>) requested data for lock!
[20:58:35] Player (^DBD^ Maxo, 76561198148661627)(<1186.712402, 344.556030, 9985.844727>) requested data for lock!
[20:58:40] Player (^DBD^ Maxo, 76561198148661627)(<1186.712402, 344.556030, 9985.844727>) requested data for lock!
[20:58:45] Player (^DBD^ Maxo, 76561198148661627)(<1186.712402, 344.556030, 9985.844727>) requested data for lock!
[20:58:50] Player (^DBD^ Maxo, 76561198148661627)(<1186.712402, 344.556030, 9985.844727>) requested data for lock!
[20:59:07] Player (^DBD^ Maxo, 76561198148661627)(<1184.751831, 344.556030, 9983.866211>) requested data for lock!
[20:59:12] Player (^DBD^ Maxo, 76561198148661627)(<1186.966064, 344.556030, 9980.056641>) requested data for lock!
[20:59:27] Player (^DBD^ Maxo, 76561198148661627)(<1185.200195, 344.556030, 9979.226563>) requested data for lock!
[20:59:34] Player (^DBD^ Maxo, 76561198148661627)(<1185.200195, 344.556030, 9979.226563>) requested data for lock!
[21:00:26] Player (^DBD^ Maxo, 76561198148661627)(<1182.824463, 344.556030, 9978.469727>) requested data for lock!
[21:00:31] Player (^DBD^ Maxo, 76561198148661627)(<1185.200195, 344.556030, 9979.226563>) requested data for lock!
[21:00:41] Player (^DBD^ Maxo, 76561198148661627)(<1184.751831, 344.556030, 9983.866211>) requested data for lock!
[21:00:46] Player (^DBD^ Maxo, 76561198148661627)(<1184.751831, 344.556030, 9983.866211>) requested data for lock!
[21:01:11] Player (^DBD^ Maxo, 76561198148661627)(<1180.122559, 344.556030, 9988.092773>) requested data for lock!
[21:01:25] Player (^DBD^ Maxo, 76561198148661627)(<1180.122559, 344.556030, 9988.092773>) requested data for lock!
[21:01:30] Player (^DBD^ Maxo, 76561198148661627)(<1180.122559, 344.556030, 9988.092773>) requested data for lock!
[21:01:41] Player (^DBD^ Maxo, 76561198148661627)(<1186.712402, 344.556030, 9985.844727>) requested data for lock!
[21:01:46] Player (^DBD^ Maxo, 76561198148661627)(<1185.200195, 344.556030, 9979.226563>) requested data for lock!
[21:01:53] Player (^DBD^ Maxo, 76561198148661627)(<1182.824463, 344.556030, 9978.469727>) requested data for lock!
[21:02:01] Player (^DBD^ Maxo, 76561198148661627)(<1182.824463, 344.556030, 9978.469727>) requested data for lock!
[21:02:06] Player (^DBD^ Maxo, 76561198148661627)(<1181.235474, 344.556030, 9979.996094>) requested data for lock!
[21:04:58] Player (^DBD^ Maxo, 76561198148661627)(<1186.712402, 344.556030, 9985.844727>) requested data for lock!
[21:05:37] Player (^DBD^ Maxo, 76561198148661627)(<1186.712402, 344.556030, 9985.844727>) requested data for lock!
[21:05:44] Player (^DBD^ Maxo, 76561198148661627)(<1186.712402, 344.556030, 9985.844727>) requested data for lock!
[21:05:49] Player (^DBD^ Maxo, 76561198148661627)(<1180.122559, 344.556030, 9988.092773>) requested data for lock!
[21:06:03] Player (^DBD^ Maxo, 76561198148661627)(<1184.751831, 344.556030, 9983.866211>) requested data for lock!
[21:06:24] Player (^DBD^ Maxo, 76561198148661627)(<1184.751831, 344.556030, 9983.866211>) requested data for lock!
[21:17:30] Player (Dr. Mauler, 76561198022416611)(<12888.545898, 64.531334, 15107.648438>) requested data for lock!
[21:17:37] Player (Dr. Mauler, 76561198022416611)(<12888.545898, 64.531334, 15107.648438>) requested data for lock!
[21:17:42] Player (Dr. Mauler, 76561198022416611)(<12888.545898, 64.531334, 15107.648438>) requested data for lock!
[21:17:47] Player (Dr. Mauler, 76561198022416611)(<12888.545898, 64.531334, 15107.648438>) requested data for lock!
[21:17:52] Player (Dr. Mauler, 76561198022416611)(<12888.545898, 64.531334, 15107.648438>) requested data for lock!
[21:17:57] Player (Dr. Mauler, 76561198022416611)(<12888.545898, 64.531334, 15107.648438>) requested data for lock!
[21:18:02] Player (Dr. Mauler, 76561198022416611)(<12888.545898, 64.531334, 15107.648438>) requested data for lock!
[21:18:07] Player (Dr. Mauler, 76561198022416611)(<12888.545898, 64.531334, 15107.648438>) requested data for lock!
[21:18:12] Player (Dr. Mauler, 76561198022416611)(<12888.545898, 64.531334, 15107.648438>) requested data for lock!
[21:18:17] Player (Dr. Mauler, 76561198022416611)(<12888.545898, 64.531334, 15107.648438>) requested data for lock!
[21:18:22] Player (Dr. Mauler, 76561198022416611)(<12888.545898, 64.531334, 15107.648438>) requested data for lock!
[21:18:27] Player (Dr. Mauler, 76561198022416611)(<12888.545898, 64.531334, 15107.648438>) requested data for lock!
[21:18:32] Player (Dr. Mauler, 76561198022416611)(<12888.545898, 64.531334, 15107.648438>) requested data for lock!
[21:18:38] Player (Dr. Mauler, 76561198022416611)(<12888.545898, 64.531334, 15107.648438>) requested data for lock!
[21:18:43] Player (Dr. Mauler, 76561198022416611)(<12888.545898, 64.531334, 15107.648438>) requested data for lock!
[21:18:48] Player (Dr. Mauler, 76561198022416611)(<12888.545898, 64.531334, 15107.648438>) requested data for lock!
[21:18:53] Player (Dr. Mauler, 76561198022416611)(<12888.545898, 64.531334, 15107.648438>) requested data for lock!
[21:18:58] Player (Dr. Mauler, 76561198022416611)(<12888.545898, 64.531334, 15107.648438>) requested data for lock!
[21:19:03] Player (Dr. Mauler, 76561198022416611)(<12888.545898, 64.531334, 15107.648438>) requested data for lock!
[21:19:08] Player (Dr. Mauler, 76561198022416611)(<12888.545898, 64.531334, 15107.648438>) requested data for lock!
[21:19:13] Player (Dr. Mauler, 76561198022416611)(<12888.545898, 64.531334, 15107.648438>) requested data for lock!
[21:19:18] Player (Dr. Mauler, 76561198022416611)(<12888.545898, 64.531334, 15107.648438>) requested data for lock!
[21:19:23] Player (Dr. Mauler, 76561198022416611)(<12890.177734, 64.436760, 15109.198242>) requested data for lock!
[22:08:25] Player (Kaleb, 76561198892748368)(<11155.415039, 200.212296, 12294.655273>) requested data for lock!
[22:08:33] Player (Kaleb, 76561198892748368)(<11153.391602, 200.794144, 12304.242188>) requested data for lock!
[22:09:16] Player (Kaleb, 76561198892748368)(<11153.391602, 200.794144, 12304.242188>) requested data for lock!
[22:09:54] Player (Kaleb, 76561198892748368)(<11157.393555, 204.045959, 12310.053711>) requested data for lock!
[22:24:04] Player (Kaleb, 76561198892748368)(<11157.393555, 204.045959, 12310.053711>) requested data for lock!
[22:24:38] Player (Kaleb, 76561198892748368)(<11155.415039, 200.212296, 12294.655273>) requested data for lock!
[22:24:45] Player (Kaleb, 76561198892748368)(<11155.415039, 200.212296, 12294.655273>) requested data for lock!
[22:43:47] Player (Kaleb, 76561198892748368)(<11155.415039, 200.212296, 12294.655273>) requested data for lock!
[22:46:07] Player (Kaleb, 76561198892748368)(<11157.393555, 204.045959, 12310.053711>) requested data for lock!
[00:34:51] Player (^DBD^ Maxo, 76561198148661627)(<1184.751831, 344.556030, 9983.866211>) requested data for lock!
[00:34:59] Player (^DBD^ Maxo, 76561198148661627)(<1185.200195, 344.556030, 9979.226563>) requested data for lock!
[00:36:11] Player (^DBD^ Maxo, 76561198148661627)(<1185.200195, 344.556030, 9979.226563>) requested data for lock!
[00:36:16] Player (^DBD^ Maxo, 76561198148661627)(<1186.712402, 344.556030, 9985.844727>) requested data for lock!
