[08-24-2021][00.39.10] New Synch Log File Created!
[08-24-2021][03.40.28] Log file reloaded ( Server Restart )
[08-24-2021][06.41.50] Log file reloaded ( Server Restart )
[07:24:32] Player (Dr. Mauler, 76561198022416611)(<12884.321289, 64.531334, 15105.812500>) requested data for lock!
[07:24:38] Player (Dr. Mauler, 76561198022416611)(<12884.321289, 64.531334, 15105.812500>) requested data for lock!
[07:24:43] Player (Dr. Mauler, 76561198022416611)(<12888.545898, 64.531334, 15107.648438>) requested data for lock!
[08-24-2021][09.43.11] Log file reloaded ( Server Restart )
[09:57:13] Player (Dr. Mauler, 76561198022416611)(<12888.545898, 64.531334, 15107.648438>) requested data for lock!
[09:57:18] Player (Dr. Mauler, 76561198022416611)(<12884.321289, 64.531334, 15105.812500>) requested data for lock!
[10:01:54] Player (Dr. Mauler, 76561198022416611)(<12888.545898, 64.531334, 15107.648438>) requested data for lock!
[10:03:04] Player (Dr. Mauler, 76561198022416611)(<12888.545898, 64.531334, 15107.648438>) requested data for lock!
[10:03:09] Player (Dr. Mauler, 76561198022416611)(<12884.321289, 64.531334, 15105.812500>) requested data for lock!
[10:04:33] Player (Dr. Mauler, 76561198022416611)(<12884.321289, 64.531334, 15105.812500>) requested data for lock!
[10:05:28] Player (Dr. Mauler, 76561198022416611)(<12888.545898, 64.531334, 15107.648438>) requested data for lock!
[10:05:41] Player (Dr. Mauler, 76561198022416611)(<12884.321289, 64.531334, 15105.812500>) requested data for lock!
[10:05:46] Player (Dr. Mauler, 76561198022416611)(<12884.321289, 64.531334, 15105.812500>) requested data for lock!
[10:05:58] Player (Dr. Mauler, 76561198022416611)(<12888.545898, 64.531334, 15107.648438>) requested data for lock!
[10:32:26] Player (Dr. Mauler, 76561198022416611)(<12888.545898, 64.531334, 15107.648438>) requested data for lock!
[10:32:32] Player (Dr. Mauler, 76561198022416611)(<12884.321289, 64.531334, 15105.812500>) requested data for lock!
[10:32:40] Player (Dr. Mauler, 76561198022416611)(<12884.321289, 64.531334, 15105.812500>) requested data for lock!
[10:38:11] Player (Dr. Mauler, 76561198022416611)(<12884.321289, 64.531334, 15105.812500>) requested data for lock!
[10:38:21] Player (Dr. Mauler, 76561198022416611)(<12888.545898, 64.531334, 15107.648438>) requested data for lock!
[10:39:16] Player (Dr. Mauler, 76561198022416611)(<12888.545898, 64.531334, 15107.648438>) requested data for lock!
[10:39:22] Player (Dr. Mauler, 76561198022416611)(<12888.545898, 64.531334, 15107.648438>) requested data for lock!
[10:39:28] Player (Dr. Mauler, 76561198022416611)(<12884.321289, 64.531334, 15105.812500>) requested data for lock!
[10:39:33] Player (Dr. Mauler, 76561198022416611)(<12884.321289, 64.531334, 15105.812500>) requested data for lock!
[10:39:48] Player (Dr. Mauler, 76561198022416611)(<12888.545898, 64.531334, 15107.648438>) requested data for lock!
[10:39:53] Player (Dr. Mauler, 76561198022416611)(<12884.321289, 64.531334, 15105.812500>) requested data for lock!
[10:42:10] Player (Dr. Mauler, 76561198022416611)(<12884.321289, 64.531334, 15105.812500>) requested data for lock!
[10:42:26] Player (Dr. Mauler, 76561198022416611)(<12884.321289, 64.531334, 15105.812500>) requested data for lock!
[10:42:47] Player (Dr. Mauler, 76561198022416611)(<12890.177734, 64.436760, 15109.198242>) requested data for lock!
[10:42:52] Player (Dr. Mauler, 76561198022416611)(<12890.177734, 64.436760, 15109.198242>) requested data for lock!
[10:42:58] Player (Dr. Mauler, 76561198022416611)(<12890.177734, 64.436760, 15109.198242>) requested data for lock!
[10:43:03] Player (Dr. Mauler, 76561198022416611)(<12890.177734, 64.436760, 15109.198242>) requested data for lock!
[10:43:10] Player (Dr. Mauler, 76561198022416611)(<12890.177734, 64.436760, 15109.198242>) requested data for lock!
[10:43:20] Player (Dr. Mauler, 76561198022416611)(<12890.177734, 64.436760, 15109.198242>) requested data for lock!
[10:43:26] Player (Dr. Mauler, 76561198022416611)(<12884.321289, 64.531334, 15105.812500>) requested data for lock!
[10:43:34] Player (Dr. Mauler, 76561198022416611)(<12890.177734, 64.436760, 15109.198242>) requested data for lock!
[10:43:40] Player (Dr. Mauler, 76561198022416611)(<12884.321289, 64.531334, 15105.812500>) requested data for lock!
[10:44:18] Player (Dr. Mauler, 76561198022416611)(<12884.321289, 64.531334, 15105.812500>) requested data for lock!
[10:44:27] Player (Dr. Mauler, 76561198022416611)(<12884.321289, 64.531334, 15105.812500>) requested data for lock!
[10:44:32] Player (Dr. Mauler, 76561198022416611)(<12884.321289, 64.531334, 15105.812500>) requested data for lock!
[10:44:39] Player (Dr. Mauler, 76561198022416611)(<12884.321289, 64.531334, 15105.812500>) requested data for lock!
[10:44:49] Player (Dr. Mauler, 76561198022416611)(<12884.321289, 64.531334, 15105.812500>) requested data for lock!
[10:44:55] Player (Dr. Mauler, 76561198022416611)(<12884.321289, 64.531334, 15105.812500>) requested data for lock!
[10:45:22] Player (Dr. Mauler, 76561198022416611)(<12884.321289, 64.531334, 15105.812500>) requested data for lock!
[10:46:19] Player (Dr. Mauler, 76561198022416611)(<12884.321289, 64.531334, 15105.812500>) requested data for lock!
[10:46:33] Player (Dr. Mauler, 76561198022416611)(<12884.321289, 64.531334, 15105.812500>) requested data for lock!
[10:47:14] Player (Dr. Mauler, 76561198022416611)(<12884.321289, 64.531334, 15105.812500>) requested data for lock!
[10:47:26] Player (Dr. Mauler, 76561198022416611)(<12888.545898, 64.531334, 15107.648438>) requested data for lock!
[10:47:34] Player (Dr. Mauler, 76561198022416611)(<12884.321289, 64.531334, 15105.812500>) requested data for lock!
[10:47:41] Player (Dr. Mauler, 76561198022416611)(<12884.321289, 64.531334, 15105.812500>) requested data for lock!
[10:51:24] Player (Dr. Mauler, 76561198022416611)(<12884.321289, 64.531334, 15105.812500>) requested data for lock!
[10:51:29] Player (Dr. Mauler, 76561198022416611)(<12890.177734, 64.436760, 15109.198242>) requested data for lock!
[10:53:20] Player (Dr. Mauler, 76561198022416611)(<12890.177734, 64.436760, 15109.198242>) requested data for lock!
[10:53:28] Player (Dr. Mauler, 76561198022416611)(<12890.177734, 64.436760, 15109.198242>) requested data for lock!
[10:53:33] Player (Dr. Mauler, 76561198022416611)(<12884.321289, 64.531334, 15105.812500>) requested data for lock!
[10:54:56] Player (Dr. Mauler, 76561198022416611)(<12888.545898, 64.531334, 15107.648438>) requested data for lock!
[10:55:01] Player (Dr. Mauler, 76561198022416611)(<12884.321289, 64.531334, 15105.812500>) requested data for lock!
[10:55:06] Player (Dr. Mauler, 76561198022416611)(<12888.545898, 64.531334, 15107.648438>) requested data for lock!
[10:55:14] Player (Dr. Mauler, 76561198022416611)(<12888.545898, 64.531334, 15107.648438>) requested data for lock!
[10:55:22] Player (Dr. Mauler, 76561198022416611)(<12884.321289, 64.531334, 15105.812500>) requested data for lock!
[10:56:12] Player (Dr. Mauler, 76561198022416611)(<12884.321289, 64.531334, 15105.812500>) requested data for lock!
[10:56:17] Player (Dr. Mauler, 76561198022416611)(<12890.177734, 64.436760, 15109.198242>) requested data for lock!
[10:56:23] Player (Dr. Mauler, 76561198022416611)(<12890.177734, 64.436760, 15109.198242>) requested data for lock!
[10:57:31] Player (Dr. Mauler, 76561198022416611)(<12890.177734, 64.436760, 15109.198242>) requested data for lock!
[10:57:37] Player (Dr. Mauler, 76561198022416611)(<12884.321289, 64.531334, 15105.812500>) requested data for lock!
[10:58:09] Player (Dr. Mauler, 76561198022416611)(<12884.321289, 64.531334, 15105.812500>) requested data for lock!
[10:58:14] Player (Dr. Mauler, 76561198022416611)(<12884.321289, 64.531334, 15105.812500>) requested data for lock!
[11:12:06] Player (Aaron, 76561199083883076)(<320.794373, 287.512939, 8568.685547>) requested data for lock!
[11:13:50] Player (Aaron, 76561199083883076)(<314.991302, 287.500458, 8557.575195>) requested data for lock!
[11:13:55] Player (Aaron, 76561199083883076)(<311.371857, 287.510773, 8561.625977>) requested data for lock!
[11:14:31] Player (Aaron, 76561199083883076)(<320.794373, 287.512939, 8568.685547>) requested data for lock!
[11:18:51] Player (Aaron, 76561199083883076)(<320.794373, 287.512939, 8568.685547>) requested data for lock!
[11:27:58] Player (Dr. Mauler, 76561198022416611)(<12884.321289, 64.531334, 15105.812500>) requested data for lock!
[11:28:03] Player (Dr. Mauler, 76561198022416611)(<12890.177734, 64.436760, 15109.198242>) requested data for lock!
[11:59:22] Player (Aaron, 76561199083883076)(<320.794373, 287.512939, 8568.685547>) requested data for lock!
[08-24-2021][12.44.33] Log file reloaded ( Server Restart )
[14:07:10] Player (Dr. Mauler, 76561198022416611)(<12890.177734, 64.436760, 15109.198242>) requested data for lock!
[14:07:16] Player (Dr. Mauler, 76561198022416611)(<12890.177734, 64.436760, 15109.198242>) requested data for lock!
[14:07:21] Player (Dr. Mauler, 76561198022416611)(<12888.545898, 64.531334, 15107.648438>) requested data for lock!
[14:07:26] Player (Dr. Mauler, 76561198022416611)(<12884.321289, 64.531334, 15105.812500>) requested data for lock!
[14:07:31] Player (Dr. Mauler, 76561198022416611)(<12884.321289, 64.531334, 15105.812500>) requested data for lock!
[14:20:11] Player (Dr. Mauler, 76561198022416611)(<12884.321289, 64.531334, 15105.812500>) requested data for lock!
[14:20:16] Player (Dr. Mauler, 76561198022416611)(<12890.177734, 64.436760, 15109.198242>) requested data for lock!
[14:23:09] Player (Dr. Mauler, 76561198022416611)(<12890.177734, 64.436760, 15109.198242>) requested data for lock!
[14:23:16] Player (Dr. Mauler, 76561198022416611)(<12884.321289, 64.531334, 15105.812500>) requested data for lock!
[14:23:21] Player (Dr. Mauler, 76561198022416611)(<12884.321289, 64.531334, 15105.812500>) requested data for lock!
[14:28:26] Player (Dr. Mauler, 76561198022416611)(<12884.483398, 69.317932, 15105.002930>) requested data for lock!
[14:28:31] Player (Dr. Mauler, 76561198022416611)(<12884.483398, 69.317932, 15105.002930>) requested data for lock!
[14:28:37] Player (Dr. Mauler, 76561198022416611)(<12884.483398, 69.317932, 15105.002930>) requested data for lock!
[14:28:44] Player (Dr. Mauler, 76561198022416611)(<12884.483398, 69.317932, 15105.002930>) requested data for lock!
[14:28:52] Player (Dr. Mauler, 76561198022416611)(<12884.483398, 69.317932, 15105.002930>) requested data for lock!
[14:29:09] Player (Dr. Mauler, 76561198022416611)(<12884.483398, 69.317932, 15105.002930>) requested data for lock!
[14:29:54] Player (Dr. Mauler, 76561198022416611)(<12884.483398, 69.317932, 15105.002930>) requested data for lock!
[14:31:33] Player (Dr. Mauler, 76561198022416611)(<12884.483398, 69.317932, 15105.002930>) requested data for lock!
[14:35:20] Player (Dr. Mauler, 76561198022416611)(<12884.321289, 64.531334, 15105.812500>) requested data for lock!
[14:35:25] Player (Dr. Mauler, 76561198022416611)(<12884.321289, 64.531334, 15105.812500>) requested data for lock!
[14:35:31] Player (Dr. Mauler, 76561198022416611)(<12884.321289, 64.531334, 15105.812500>) requested data for lock!
[14:35:37] Player (Dr. Mauler, 76561198022416611)(<12888.545898, 64.531334, 15107.648438>) requested data for lock!
[14:35:46] Player (Dr. Mauler, 76561198022416611)(<12888.545898, 64.531334, 15107.648438>) requested data for lock!
[14:36:20] Player (Dr. Mauler, 76561198022416611)(<12884.483398, 69.317932, 15105.002930>) requested data for lock!
[14:37:32] Player (Dr. Mauler, 76561198022416611)(<12884.483398, 69.317932, 15105.002930>) requested data for lock!
[14:38:30] Player (Dr. Mauler, 76561198022416611)(<12884.483398, 69.317932, 15105.002930>) requested data for lock!
[14:39:43] Player (Dr. Mauler, 76561198022416611)(<12884.483398, 69.317932, 15105.002930>) requested data for lock!
[14:40:10] Player (Dr. Mauler, 76561198022416611)(<12884.335938, 69.317932, 15105.151367>) requested data for lock!
[14:40:15] Player (Dr. Mauler, 76561198022416611)(<12884.335938, 69.317932, 15105.151367>) requested data for lock!
[14:40:20] Player (Dr. Mauler, 76561198022416611)(<12884.335938, 69.317932, 15105.151367>) requested data for lock!
[14:40:28] Player (Dr. Mauler, 76561198022416611)(<12884.335938, 69.317932, 15105.151367>) requested data for lock!
[14:40:36] Player (Dr. Mauler, 76561198022416611)(<12884.335938, 69.317932, 15105.151367>) requested data for lock!
[14:40:46] Player (Dr. Mauler, 76561198022416611)(<12884.335938, 69.317932, 15105.151367>) requested data for lock!
[14:40:52] Player (Dr. Mauler, 76561198022416611)(<12884.335938, 69.317932, 15105.151367>) requested data for lock!
[14:40:57] Player (Dr. Mauler, 76561198022416611)(<12884.335938, 69.317932, 15105.151367>) requested data for lock!
[14:41:06] Player (Dr. Mauler, 76561198022416611)(<12884.335938, 69.317932, 15105.151367>) requested data for lock!
[14:41:11] Player (Dr. Mauler, 76561198022416611)(<12884.335938, 69.317932, 15105.151367>) requested data for lock!
[14:41:21] Player (Dr. Mauler, 76561198022416611)(<12884.335938, 69.317932, 15105.151367>) requested data for lock!
[14:41:29] Player (Dr. Mauler, 76561198022416611)(<12884.335938, 69.317932, 15105.151367>) requested data for lock!
[14:41:43] Player (Dr. Mauler, 76561198022416611)(<12884.335938, 69.317932, 15105.151367>) requested data for lock!
[14:41:49] Player (Dr. Mauler, 76561198022416611)(<12884.335938, 69.317932, 15105.151367>) requested data for lock!
[14:42:07] Player (Dr. Mauler, 76561198022416611)(<12884.335938, 69.317932, 15105.151367>) requested data for lock!
[14:42:13] Player (Dr. Mauler, 76561198022416611)(<12884.335938, 69.317932, 15105.151367>) requested data for lock!
[14:42:18] Player (Dr. Mauler, 76561198022416611)(<12884.335938, 69.317932, 15105.151367>) requested data for lock!
[14:42:24] Player (Dr. Mauler, 76561198022416611)(<12884.335938, 69.317932, 15105.151367>) requested data for lock!
[14:42:42] Player (Dr. Mauler, 76561198022416611)(<12884.335938, 69.317932, 15105.151367>) requested data for lock!
[14:42:49] Player (Dr. Mauler, 76561198022416611)(<12884.335938, 69.317932, 15105.151367>) requested data for lock!
[14:43:02] Player (Dr. Mauler, 76561198022416611)(<12884.335938, 69.317932, 15105.151367>) requested data for lock!
[14:43:13] Player (Dr. Mauler, 76561198022416611)(<12884.335938, 69.317932, 15105.151367>) requested data for lock!
[14:43:23] Player (Dr. Mauler, 76561198022416611)(<12884.335938, 69.317932, 15105.151367>) requested data for lock!
[14:43:42] Player (Dr. Mauler, 76561198022416611)(<12884.335938, 69.317932, 15105.151367>) requested data for lock!
[14:43:47] Player (Dr. Mauler, 76561198022416611)(<12884.335938, 69.317932, 15105.151367>) requested data for lock!
[14:43:53] Player (Dr. Mauler, 76561198022416611)(<12884.335938, 69.317932, 15105.151367>) requested data for lock!
[14:44:01] Player (Dr. Mauler, 76561198022416611)(<12884.335938, 69.317932, 15105.151367>) requested data for lock!
[14:44:07] Player (Dr. Mauler, 76561198022416611)(<12884.335938, 69.317932, 15105.151367>) requested data for lock!
[14:44:27] Player (Dr. Mauler, 76561198022416611)(<12884.483398, 69.317932, 15105.002930>) requested data for lock!
[14:44:52] Player (Dr. Mauler, 76561198022416611)(<12884.335938, 69.317932, 15105.151367>) requested data for lock!
[14:45:06] Player (Dr. Mauler, 76561198022416611)(<12884.335938, 69.317932, 15105.151367>) requested data for lock!
[14:45:18] Player (Dr. Mauler, 76561198022416611)(<12884.335938, 69.317932, 15105.151367>) requested data for lock!
[14:45:32] Player (Dr. Mauler, 76561198022416611)(<12884.335938, 69.317932, 15105.151367>) requested data for lock!
[14:45:49] Player (Dr. Mauler, 76561198022416611)(<12884.335938, 69.317932, 15105.151367>) requested data for lock!
[14:46:00] Player (Dr. Mauler, 76561198022416611)(<12884.335938, 69.317932, 15105.151367>) requested data for lock!
[14:46:05] Player (Dr. Mauler, 76561198022416611)(<12884.335938, 69.317932, 15105.151367>) requested data for lock!
[14:46:14] Player (Dr. Mauler, 76561198022416611)(<12884.335938, 69.317932, 15105.151367>) requested data for lock!
[14:46:25] Player (Dr. Mauler, 76561198022416611)(<12884.335938, 69.317932, 15105.151367>) requested data for lock!
[14:47:02] Player (Dr. Mauler, 76561198022416611)(<12884.483398, 69.317932, 15105.002930>) requested data for lock!
[14:47:47] Player (Dr. Mauler, 76561198022416611)(<12884.335938, 69.317932, 15105.151367>) requested data for lock!
[14:47:55] Player (Dr. Mauler, 76561198022416611)(<12884.335938, 69.317932, 15105.151367>) requested data for lock!
[14:48:00] Player (Dr. Mauler, 76561198022416611)(<12884.335938, 69.317932, 15105.151367>) requested data for lock!
[14:49:21] Player (Dr. Mauler, 76561198022416611)(<12884.483398, 69.317932, 15105.002930>) requested data for lock!
[14:49:46] Player (Dr. Mauler, 76561198022416611)(<12884.335938, 69.317932, 15105.151367>) requested data for lock!
[14:53:45] Player (Dr. Mauler, 76561198022416611)(<12884.483398, 69.317932, 15105.002930>) requested data for lock!
[14:55:05] Player (Dr. Mauler, 76561198022416611)(<12884.483398, 69.317932, 15105.002930>) requested data for lock!
[14:55:13] Player (Dr. Mauler, 76561198022416611)(<12884.483398, 69.317932, 15105.002930>) requested data for lock!
[14:55:18] Player (Dr. Mauler, 76561198022416611)(<12884.335938, 69.317932, 15105.151367>) requested data for lock!
[14:55:24] Player (Dr. Mauler, 76561198022416611)(<12884.335938, 69.317932, 15105.151367>) requested data for lock!
[14:55:30] Player (Dr. Mauler, 76561198022416611)(<12884.335938, 69.317932, 15105.151367>) requested data for lock!
[14:56:07] Player (Dr. Mauler, 76561198022416611)(<12884.335938, 69.317932, 15105.151367>) requested data for lock!
[14:56:12] Player (Dr. Mauler, 76561198022416611)(<12884.321289, 64.531334, 15105.812500>) requested data for lock!
[14:56:18] Player (Dr. Mauler, 76561198022416611)(<12884.321289, 64.531334, 15105.812500>) requested data for lock!
[14:56:24] Player (Dr. Mauler, 76561198022416611)(<12884.321289, 64.531334, 15105.812500>) requested data for lock!
[15:37:21] Player (^DBD^ Maxo, 76561198148661627)(<320.794373, 287.512939, 8568.685547>) requested data for lock!
[15:39:47] Player (^DBD^ Maxo, 76561198148661627)(<320.794373, 287.512939, 8568.685547>) requested data for lock!
[15:40:04] Player (^DBD^ Maxo, 76561198148661627)(<314.991302, 287.500458, 8557.575195>) requested data for lock!
[15:42:04] Player (^DBD^ Maxo, 76561198148661627)(<314.991302, 287.500458, 8557.575195>) requested data for lock!
[15:42:17] Player (^DBD^ Maxo, 76561198148661627)(<314.991302, 287.500458, 8557.575195>) requested data for lock!
[15:42:59] Player (^DBD^ Maxo, 76561198148661627)(<314.991302, 287.500458, 8557.575195>) requested data for lock!
[08-24-2021][15.46.08] Log file reloaded ( Server Restart )
[16:28:23] Player (Kaleb, 76561198892748368)(<11153.391602, 200.794144, 12304.242188>) requested data for lock!
[16:28:28] Player (Kaleb, 76561198892748368)(<11153.391602, 200.794144, 12304.242188>) requested data for lock!
[16:28:33] Player (Kaleb, 76561198892748368)(<11153.391602, 200.794144, 12304.242188>) requested data for lock!
[16:28:38] Player (Kaleb, 76561198892748368)(<11153.391602, 200.794144, 12304.242188>) requested data for lock!
[16:28:45] Player (Kaleb, 76561198892748368)(<11153.391602, 200.794144, 12304.242188>) requested data for lock!
[16:32:19] Player (Kaleb, 76561198892748368)(<11153.391602, 200.794144, 12304.242188>) requested data for lock!
[16:32:42] Player (Kaleb, 76561198892748368)(<11153.391602, 200.794144, 12304.242188>) requested data for lock!
[16:38:00] Player (Kaleb, 76561198892748368)(<11153.391602, 200.794144, 12304.242188>) requested data for lock!
[16:38:05] Player (Kaleb, 76561198892748368)(<11153.391602, 200.794144, 12304.242188>) requested data for lock!
[16:46:04] Player (Kaleb, 76561198892748368)(<11153.391602, 200.794144, 12304.242188>) requested data for lock!
[16:46:34] Player (Kaleb, 76561198892748368)(<11153.391602, 200.794144, 12304.242188>) requested data for lock!
[16:47:54] Player (Kaleb, 76561198892748368)(<11153.391602, 200.794144, 12304.242188>) requested data for lock!
[17:13:42] Player (Kaleb, 76561198892748368)(<11153.391602, 200.794144, 12304.242188>) requested data for lock!
[17:13:55] Player (Kaleb, 76561198892748368)(<11153.391602, 200.794144, 12304.242188>) requested data for lock!
[17:14:00] Player (Kaleb, 76561198892748368)(<11153.391602, 200.794144, 12304.242188>) requested data for lock!
[17:14:44] Player (Kaleb, 76561198892748368)(<11153.391602, 200.794144, 12304.242188>) requested data for lock!
[17:20:14] Player (Kaleb, 76561198892748368)(<11153.391602, 200.794144, 12304.242188>) requested data for lock!
[17:21:13] Player (Kaleb, 76561198892748368)(<11153.391602, 200.794144, 12304.242188>) requested data for lock!
[17:25:14] Player (Kaleb, 76561198892748368)(<11153.391602, 200.794144, 12304.242188>) requested data for lock!
[17:27:16] Player (Kaleb, 76561198892748368)(<11153.391602, 200.794144, 12304.242188>) requested data for lock!
[17:42:24] Player (Dr. Mauler, 76561198022416611)(<12884.483398, 69.317932, 15105.002930>) requested data for lock!
[17:42:29] Player (Dr. Mauler, 76561198022416611)(<12884.335938, 69.317932, 15105.151367>) requested data for lock!
[17:42:34] Player (Dr. Mauler, 76561198022416611)(<12884.321289, 64.531334, 15105.812500>) requested data for lock!
[17:42:39] Player (Dr. Mauler, 76561198022416611)(<12888.545898, 64.531334, 15107.648438>) requested data for lock!
[17:42:46] Player (Dr. Mauler, 76561198022416611)(<12888.545898, 64.531334, 15107.648438>) requested data for lock!
[17:42:51] Player (Dr. Mauler, 76561198022416611)(<12890.177734, 64.436760, 15109.198242>) requested data for lock!
[17:43:12] Player (Dr. Mauler, 76561198022416611)(<12890.177734, 64.436760, 15109.198242>) requested data for lock!
[17:43:17] Player (Dr. Mauler, 76561198022416611)(<12884.321289, 64.531334, 15105.812500>) requested data for lock!
[17:43:37] Player (Dr. Mauler, 76561198022416611)(<12884.335938, 69.317932, 15105.151367>) requested data for lock!
[17:43:43] Player (Dr. Mauler, 76561198022416611)(<12884.321289, 64.531334, 15105.812500>) requested data for lock!
[17:43:49] Player (Dr. Mauler, 76561198022416611)(<12888.545898, 64.531334, 15107.648438>) requested data for lock!
[17:50:02] Player (Dr. Mauler, 76561198022416611)(<12890.177734, 64.436760, 15109.198242>) requested data for lock!
[17:50:07] Player (Dr. Mauler, 76561198022416611)(<12888.545898, 64.531334, 15107.648438>) requested data for lock!
[17:50:12] Player (Dr. Mauler, 76561198022416611)(<12884.321289, 64.531334, 15105.812500>) requested data for lock!
[17:50:18] Player (Dr. Mauler, 76561198022416611)(<12884.335938, 69.317932, 15105.151367>) requested data for lock!
[17:50:26] Player (Dr. Mauler, 76561198022416611)(<12884.335938, 69.317932, 15105.151367>) requested data for lock!
[17:50:31] Player (Dr. Mauler, 76561198022416611)(<12884.483398, 69.317932, 15105.002930>) requested data for lock!
[17:50:36] Player (Dr. Mauler, 76561198022416611)(<12884.335938, 69.317932, 15105.151367>) requested data for lock!
[17:58:06] Player (Dr. Mauler, 76561198022416611)(<12884.483398, 69.317932, 15105.002930>) requested data for lock!
[17:58:11] Player (Dr. Mauler, 76561198022416611)(<12888.545898, 64.531334, 15107.648438>) requested data for lock!
[17:58:16] Player (Dr. Mauler, 76561198022416611)(<12888.545898, 64.531334, 15107.648438>) requested data for lock!
[18:10:54] Player (Dr. Mauler, 76561198022416611)(<12890.177734, 64.436760, 15109.198242>) requested data for lock!
[18:10:59] Player (Dr. Mauler, 76561198022416611)(<12890.177734, 64.436760, 15109.198242>) requested data for lock!
[18:11:04] Player (Dr. Mauler, 76561198022416611)(<12888.545898, 64.531334, 15107.648438>) requested data for lock!
[18:11:09] Player (Dr. Mauler, 76561198022416611)(<12884.321289, 64.531334, 15105.812500>) requested data for lock!
[18:11:14] Player (Dr. Mauler, 76561198022416611)(<12884.335938, 69.317932, 15105.151367>) requested data for lock!
[18:11:19] Player (Dr. Mauler, 76561198022416611)(<12884.483398, 69.317932, 15105.002930>) requested data for lock!
[18:17:23] Player (Dr. Mauler, 76561198022416611)(<12884.483398, 69.317932, 15105.002930>) requested data for lock!
[18:18:01] Player (Dr. Mauler, 76561198022416611)(<12884.483398, 69.317932, 15105.002930>) requested data for lock!
[18:28:35] Player (Dr. Mauler, 76561198022416611)(<12884.483398, 69.317932, 15105.002930>) requested data for lock!
[18:45:30] Player (^DBD^ Maxo, 76561198148661627)(<314.991302, 287.500458, 8557.575195>) requested data for lock!
[08-24-2021][18.47.29] Log file reloaded ( Server Restart )
[18:53:06] Player (Dr. Mauler, 76561198022416611)(<12884.483398, 69.317932, 15105.002930>) requested data for lock!
[18:53:11] Player (Dr. Mauler, 76561198022416611)(<12884.335938, 69.317932, 15105.151367>) requested data for lock!
[18:53:16] Player (Dr. Mauler, 76561198022416611)(<12884.321289, 64.531334, 15105.812500>) requested data for lock!
[18:53:21] Player (Dr. Mauler, 76561198022416611)(<12888.545898, 64.531334, 15107.648438>) requested data for lock!
[18:53:26] Player (Dr. Mauler, 76561198022416611)(<12890.177734, 64.436760, 15109.198242>) requested data for lock!
[18:53:31] Player (Dr. Mauler, 76561198022416611)(<12890.177734, 64.436760, 15109.198242>) requested data for lock!
[18:53:36] Player (Dr. Mauler, 76561198022416611)(<12890.177734, 64.436760, 15109.198242>) requested data for lock!
[18:53:41] Player (Dr. Mauler, 76561198022416611)(<12890.177734, 64.436760, 15109.198242>) requested data for lock!
[18:53:46] Player (Dr. Mauler, 76561198022416611)(<12890.177734, 64.436760, 15109.198242>) requested data for lock!
[18:53:51] Player (Dr. Mauler, 76561198022416611)(<12890.177734, 64.436760, 15109.198242>) requested data for lock!
[18:53:56] Player (Dr. Mauler, 76561198022416611)(<12890.177734, 64.436760, 15109.198242>) requested data for lock!
[18:54:01] Player (Dr. Mauler, 76561198022416611)(<12890.177734, 64.436760, 15109.198242>) requested data for lock!
[18:54:06] Player (Dr. Mauler, 76561198022416611)(<12890.177734, 64.436760, 15109.198242>) requested data for lock!
[18:54:11] Player (Dr. Mauler, 76561198022416611)(<12890.177734, 64.436760, 15109.198242>) requested data for lock!
[18:54:17] Player (Dr. Mauler, 76561198022416611)(<12890.177734, 64.436760, 15109.198242>) requested data for lock!
[18:54:22] Player (Dr. Mauler, 76561198022416611)(<12890.177734, 64.436760, 15109.198242>) requested data for lock!
[18:54:27] Player (Dr. Mauler, 76561198022416611)(<12890.177734, 64.436760, 15109.198242>) requested data for lock!
[18:54:32] Player (Dr. Mauler, 76561198022416611)(<12890.177734, 64.436760, 15109.198242>) requested data for lock!
[18:54:37] Player (Dr. Mauler, 76561198022416611)(<12890.177734, 64.436760, 15109.198242>) requested data for lock!
[18:54:42] Player (Dr. Mauler, 76561198022416611)(<12890.177734, 64.436760, 15109.198242>) requested data for lock!
[18:54:47] Player (Dr. Mauler, 76561198022416611)(<12890.177734, 64.436760, 15109.198242>) requested data for lock!
[18:54:52] Player (Dr. Mauler, 76561198022416611)(<12890.177734, 64.436760, 15109.198242>) requested data for lock!
[18:54:57] Player (Dr. Mauler, 76561198022416611)(<12890.177734, 64.436760, 15109.198242>) requested data for lock!
[18:55:02] Player (Dr. Mauler, 76561198022416611)(<12890.177734, 64.436760, 15109.198242>) requested data for lock!
[18:55:07] Player (Dr. Mauler, 76561198022416611)(<12890.177734, 64.436760, 15109.198242>) requested data for lock!
[18:55:12] Player (Dr. Mauler, 76561198022416611)(<12890.177734, 64.436760, 15109.198242>) requested data for lock!
[18:55:17] Player (Dr. Mauler, 76561198022416611)(<12890.177734, 64.436760, 15109.198242>) requested data for lock!
[18:55:22] Player (Dr. Mauler, 76561198022416611)(<12890.177734, 64.436760, 15109.198242>) requested data for lock!
[18:55:27] Player (Dr. Mauler, 76561198022416611)(<12890.177734, 64.436760, 15109.198242>) requested data for lock!
[18:55:32] Player (Dr. Mauler, 76561198022416611)(<12890.177734, 64.436760, 15109.198242>) requested data for lock!
[18:55:37] Player (Dr. Mauler, 76561198022416611)(<12890.177734, 64.436760, 15109.198242>) requested data for lock!
[18:55:42] Player (Dr. Mauler, 76561198022416611)(<12890.177734, 64.436760, 15109.198242>) requested data for lock!
[18:55:47] Player (Dr. Mauler, 76561198022416611)(<12890.177734, 64.436760, 15109.198242>) requested data for lock!
[18:55:52] Player (Dr. Mauler, 76561198022416611)(<12890.177734, 64.436760, 15109.198242>) requested data for lock!
[18:55:57] Player (Dr. Mauler, 76561198022416611)(<12890.177734, 64.436760, 15109.198242>) requested data for lock!
[18:56:02] Player (Dr. Mauler, 76561198022416611)(<12890.177734, 64.436760, 15109.198242>) requested data for lock!
[18:56:07] Player (Dr. Mauler, 76561198022416611)(<12890.177734, 64.436760, 15109.198242>) requested data for lock!
[18:56:12] Player (Dr. Mauler, 76561198022416611)(<12890.177734, 64.436760, 15109.198242>) requested data for lock!
[18:56:17] Player (Dr. Mauler, 76561198022416611)(<12890.177734, 64.436760, 15109.198242>) requested data for lock!
[18:56:22] Player (Dr. Mauler, 76561198022416611)(<12890.177734, 64.436760, 15109.198242>) requested data for lock!
[18:56:27] Player (Dr. Mauler, 76561198022416611)(<12890.177734, 64.436760, 15109.198242>) requested data for lock!
[18:56:32] Player (Dr. Mauler, 76561198022416611)(<12890.177734, 64.436760, 15109.198242>) requested data for lock!
[18:56:37] Player (Dr. Mauler, 76561198022416611)(<12890.177734, 64.436760, 15109.198242>) requested data for lock!
[18:56:42] Player (Dr. Mauler, 76561198022416611)(<12890.177734, 64.436760, 15109.198242>) requested data for lock!
[18:56:47] Player (Dr. Mauler, 76561198022416611)(<12890.177734, 64.436760, 15109.198242>) requested data for lock!
[18:56:52] Player (Dr. Mauler, 76561198022416611)(<12890.177734, 64.436760, 15109.198242>) requested data for lock!
[18:56:57] Player (Dr. Mauler, 76561198022416611)(<12890.177734, 64.436760, 15109.198242>) requested data for lock!
[18:57:02] Player (Dr. Mauler, 76561198022416611)(<12890.177734, 64.436760, 15109.198242>) requested data for lock!
[18:57:07] Player (Dr. Mauler, 76561198022416611)(<12890.177734, 64.436760, 15109.198242>) requested data for lock!
[18:57:12] Player (Dr. Mauler, 76561198022416611)(<12890.177734, 64.436760, 15109.198242>) requested data for lock!
[18:57:17] Player (Dr. Mauler, 76561198022416611)(<12888.545898, 64.531334, 15107.648438>) requested data for lock!
[18:57:22] Player (Dr. Mauler, 76561198022416611)(<12884.321289, 64.531334, 15105.812500>) requested data for lock!
[18:57:39] Player (Dr. Mauler, 76561198022416611)(<12884.335938, 69.317932, 15105.151367>) requested data for lock!
[18:58:01] Player (Dr. Mauler, 76561198022416611)(<12888.545898, 64.531334, 15107.648438>) requested data for lock!
[18:58:19] Player (Dr. Mauler, 76561198022416611)(<12884.335938, 69.317932, 15105.151367>) requested data for lock!
[18:59:40] Player (^DBD^ Maxo, 76561198148661627)(<314.991302, 287.500458, 8557.575195>) requested data for lock!
[18:59:52] Player (Aaron, 76561199083883076)(<320.794373, 287.512939, 8568.685547>) requested data for lock!
[19:01:19] Player (Aaron, 76561199083883076)(<320.794373, 287.512939, 8568.685547>) requested data for lock!
[19:08:37] Player (Aaron, 76561199083883076)(<320.794373, 287.512939, 8568.685547>) requested data for lock!
[19:08:50] Player (Aaron, 76561199083883076)(<320.794373, 287.512939, 8568.685547>) requested data for lock!
[19:10:48] Player (Aaron, 76561199083883076)(<320.794373, 287.512939, 8568.685547>) requested data for lock!
[19:10:54] Player (Aaron, 76561199083883076)(<320.794373, 287.512939, 8568.685547>) requested data for lock!
[19:11:47] Player (Aaron, 76561199083883076)(<320.794373, 287.512939, 8568.685547>) requested data for lock!
[19:15:06] Player (^DBD^ Maxo, 76561198148661627)(<317.850250, 288.725128, 8562.127930>) requested data for lock!
[19:15:11] Player (^DBD^ Maxo, 76561198148661627)(<317.850250, 288.725128, 8562.127930>) requested data for lock!
[19:15:14] Player (Aaron, 76561199083883076)(<317.850250, 288.725128, 8562.127930>) requested data for lock!
[19:15:17] Player (^DBD^ Maxo, 76561198148661627)(<317.850250, 288.725128, 8562.127930>) requested data for lock!
[19:17:11] Player (^DBD^ Maxo, 76561198148661627)(<314.991302, 287.500458, 8557.575195>) requested data for lock!
[19:18:17] Player (^DBD^ Maxo, 76561198148661627)(<317.850250, 288.725128, 8562.127930>) requested data for lock!
[19:18:33] Player (Aaron, 76561199083883076)(<314.991302, 287.500458, 8557.575195>) requested data for lock!
[19:18:34] Player (^DBD^ Maxo, 76561198148661627)(<314.991302, 287.500458, 8557.575195>) requested data for lock!
[19:18:39] Player (Aaron, 76561199083883076)(<311.371857, 287.510773, 8561.625977>) requested data for lock!
[19:18:44] Player (Aaron, 76561199083883076)(<314.991302, 287.500458, 8557.575195>) requested data for lock!
[19:19:03] Player (^DBD^ Maxo, 76561198148661627)(<314.991302, 287.500458, 8557.575195>) requested data for lock!
[19:19:23] Player (Aaron, 76561199083883076)(<314.991302, 287.500458, 8557.575195>) requested data for lock!
[19:19:28] Player (^DBD^ Maxo, 76561198148661627)(<314.991302, 287.500458, 8557.575195>) requested data for lock!
[19:19:53] Player (^DBD^ Maxo, 76561198148661627)(<314.991302, 287.500458, 8557.575195>) requested data for lock!
[19:20:12] Player (Aaron, 76561199083883076)(<320.794373, 287.512939, 8568.685547>) requested data for lock!
[19:20:18] Player (^DBD^ Maxo, 76561198148661627)(<314.991302, 287.500458, 8557.575195>) requested data for lock!
[19:20:31] Player (Aaron, 76561199083883076)(<320.794373, 287.512939, 8568.685547>) requested data for lock!
[19:21:10] Player (Aaron, 76561199083883076)(<314.991302, 287.500458, 8557.575195>) requested data for lock!
[19:21:21] Player (^DBD^ Maxo, 76561198148661627)(<314.991302, 287.500458, 8557.575195>) requested data for lock!
[19:21:56] Player (Aaron, 76561199083883076)(<320.794373, 287.512939, 8568.685547>) requested data for lock!
[19:22:04] Player (Aaron, 76561199083883076)(<320.794373, 287.512939, 8568.685547>) requested data for lock!
[19:22:24] Player (^DBD^ Maxo, 76561198148661627)(<314.991302, 287.500458, 8557.575195>) requested data for lock!
[19:22:27] Player (Aaron, 76561199083883076)(<320.794373, 287.512939, 8568.685547>) requested data for lock!
[19:22:29] Player (^DBD^ Maxo, 76561198148661627)(<314.991302, 287.500458, 8557.575195>) requested data for lock!
[19:23:08] Player (Aaron, 76561199083883076)(<320.794373, 287.512939, 8568.685547>) requested data for lock!
[19:23:30] Player (Aaron, 76561199083883076)(<317.850250, 288.725128, 8562.127930>) requested data for lock!
[19:23:32] Player (^DBD^ Maxo, 76561198148661627)(<317.850250, 288.725128, 8562.127930>) requested data for lock!
[19:23:35] Player (Aaron, 76561199083883076)(<317.850250, 288.725128, 8562.127930>) requested data for lock!
[19:23:37] Player (^DBD^ Maxo, 76561198148661627)(<317.850250, 288.725128, 8562.127930>) requested data for lock!
[19:23:40] Player (Aaron, 76561199083883076)(<317.850250, 288.725128, 8562.127930>) requested data for lock!
[19:23:42] Player (^DBD^ Maxo, 76561198148661627)(<317.850250, 288.725128, 8562.127930>) requested data for lock!
[19:23:44] Player (Imposible Burger, 76561199068832255)(<12890.177734, 64.436760, 15109.198242>) requested data for lock!
[19:23:50] Player (Imposible Burger, 76561199068832255)(<12888.545898, 64.531334, 15107.648438>) requested data for lock!
[19:23:56] Player (Imposible Burger, 76561199068832255)(<12884.321289, 64.531334, 15105.812500>) requested data for lock!
[19:23:58] Player (Aaron, 76561199083883076)(<320.794373, 287.512939, 8568.685547>) requested data for lock!
[19:24:04] Player (Imposible Burger, 76561199068832255)(<12884.321289, 64.531334, 15105.812500>) requested data for lock!
[19:24:10] Player (Imposible Burger, 76561199068832255)(<12884.335938, 69.317932, 15105.151367>) requested data for lock!
[19:24:15] Player (Imposible Burger, 76561199068832255)(<12884.483398, 69.317932, 15105.002930>) requested data for lock!
[19:24:19] Player (Aaron, 76561199083883076)(<317.850250, 288.725128, 8562.127930>) requested data for lock!
[19:47:58] Player (Imposible Burger, 76561199068832255)(<12884.321289, 64.531334, 15105.812500>) requested data for lock!
[19:48:03] Player (Imposible Burger, 76561199068832255)(<12884.321289, 64.531334, 15105.812500>) requested data for lock!
[19:48:14] Player (Imposible Burger, 76561199068832255)(<12888.545898, 64.531334, 15107.648438>) requested data for lock!
[19:48:20] Player (Imposible Burger, 76561199068832255)(<12884.321289, 64.531334, 15105.812500>) requested data for lock!
[19:48:39] Player (Imposible Burger, 76561199068832255)(<12888.545898, 64.531334, 15107.648438>) requested data for lock!
[20:12:26] Player (Imposible Burger, 76561199068832255)(<317.850250, 288.725128, 8562.127930>) requested data for lock!
[20:12:44] Player (Imposible Burger, 76561199068832255)(<320.794373, 287.512939, 8568.685547>) requested data for lock!
[20:12:49] Player (Imposible Burger, 76561199068832255)(<320.794373, 287.512939, 8568.685547>) requested data for lock!
[20:13:01] Player (Imposible Burger, 76561199068832255)(<317.850250, 288.725128, 8562.127930>) requested data for lock!
[20:13:07] Player (Imposible Burger, 76561199068832255)(<317.850250, 288.725128, 8562.127930>) requested data for lock!
[20:13:26] Player (Imposible Burger, 76561199068832255)(<314.991302, 287.500458, 8557.575195>) requested data for lock!
[20:13:31] Player (Imposible Burger, 76561199068832255)(<314.991302, 287.500458, 8557.575195>) requested data for lock!
[20:13:46] Player (Imposible Burger, 76561199068832255)(<314.991302, 287.500458, 8557.575195>) requested data for lock!
[20:13:51] Player (Imposible Burger, 76561199068832255)(<311.371857, 287.510773, 8561.625977>) requested data for lock!
[20:14:09] Player (Imposible Burger, 76561199068832255)(<314.991302, 287.500458, 8557.575195>) requested data for lock!
[20:41:52] Player (^DBD^ Maxo, 76561198148661627)(<317.850250, 288.725128, 8562.127930>) requested data for lock!
[20:42:15] Player (^DBD^ Maxo, 76561198148661627)(<314.991302, 287.500458, 8557.575195>) requested data for lock!
[20:42:54] Player (Aaron, 76561199083883076)(<320.794373, 287.512939, 8568.685547>) requested data for lock!
[20:43:38] Player (^DBD^ Maxo, 76561198148661627)(<314.991302, 287.500458, 8557.575195>) requested data for lock!
[20:44:37] Player (^DBD^ Maxo, 76561198148661627)(<314.991302, 287.500458, 8557.575195>) requested data for lock!
[20:44:43] Player (^DBD^ Maxo, 76561198148661627)(<314.991302, 287.500458, 8557.575195>) requested data for lock!
[20:46:06] Player (^DBD^ Maxo, 76561198148661627)(<314.991302, 287.500458, 8557.575195>) requested data for lock!
[20:46:23] Player (^DBD^ Maxo, 76561198148661627)(<311.371857, 287.510773, 8561.625977>) requested data for lock!
[20:47:19] Player (Aaron, 76561199083883076)(<320.794373, 287.512939, 8568.685547>) requested data for lock!
[20:47:40] Player (Aaron, 76561199083883076)(<320.794373, 287.512939, 8568.685547>) requested data for lock!
[20:47:46] Player (Aaron, 76561199083883076)(<320.794373, 287.512939, 8568.685547>) requested data for lock!
[20:53:40] Player (^DBD^ Maxo, 76561198148661627)(<317.486023, 288.720673, 8562.154297>) requested data for lock!
[20:53:45] Player (^DBD^ Maxo, 76561198148661627)(<317.486023, 288.720673, 8562.154297>) requested data for lock!
[20:53:50] Player (^DBD^ Maxo, 76561198148661627)(<317.486023, 288.720673, 8562.154297>) requested data for lock!
[20:53:55] Player (^DBD^ Maxo, 76561198148661627)(<317.486023, 288.720673, 8562.154297>) requested data for lock!
[20:54:03] Player (^DBD^ Maxo, 76561198148661627)(<317.486023, 288.720673, 8562.154297>) requested data for lock!
[20:55:34] Player (^DBD^ Maxo, 76561198148661627)(<317.486023, 288.720673, 8562.154297>) requested data for lock!
[20:55:37] Player (Aaron, 76561199083883076)(<317.486023, 288.720673, 8562.154297>) requested data for lock!
[20:55:57] Player (^DBD^ Maxo, 76561198148661627)(<317.486023, 288.720673, 8562.154297>) requested data for lock!
[20:56:05] Player (^DBD^ Maxo, 76561198148661627)(<314.991302, 287.500458, 8557.575195>) requested data for lock!
[20:56:09] Player (Aaron, 76561199083883076)(<320.794373, 287.512939, 8568.685547>) requested data for lock!
[20:56:40] Player (^DBD^ Maxo, 76561198148661627)(<317.850250, 288.725128, 8562.127930>) requested data for lock!
[20:57:36] Player (Aaron, 76561199083883076)(<317.850250, 288.725128, 8562.127930>) requested data for lock!
[20:57:44] Player (Aaron, 76561199083883076)(<317.850250, 288.725128, 8562.127930>) requested data for lock!
[20:57:56] Player (Aaron, 76561199083883076)(<317.850250, 288.725128, 8562.127930>) requested data for lock!
[20:59:27] Player (^DBD^ Maxo, 76561198148661627)(<317.712585, 288.725098, 8566.967773>) requested data for lock!
[20:59:27] Player (Aaron, 76561199083883076)(<317.712585, 288.725098, 8566.967773>) requested data for lock!
[20:59:32] Player (^DBD^ Maxo, 76561198148661627)(<317.712585, 288.725098, 8566.967773>) requested data for lock!
[20:59:32] Player (Aaron, 76561199083883076)(<317.712585, 288.725098, 8566.967773>) requested data for lock!
[20:59:51] Player (Aaron, 76561199083883076)(<317.712585, 288.725098, 8566.967773>) requested data for lock!
[20:59:52] Player (^DBD^ Maxo, 76561198148661627)(<317.486023, 288.720673, 8562.154297>) requested data for lock!
[20:59:59] Player (Aaron, 76561199083883076)(<317.486023, 288.720673, 8562.154297>) requested data for lock!
[21:00:00] Player (^DBD^ Maxo, 76561198148661627)(<317.486023, 288.720673, 8562.154297>) requested data for lock!
[21:00:04] Player (Aaron, 76561199083883076)(<317.712585, 288.725098, 8566.967773>) requested data for lock!
[21:00:07] Player (^DBD^ Maxo, 76561198148661627)(<317.486023, 288.720673, 8562.154297>) requested data for lock!
[21:00:32] Player (^DBD^ Maxo, 76561198148661627)(<317.486023, 288.720673, 8562.154297>) requested data for lock!
[21:02:33] Player (Aaron, 76561199083883076)(<317.712585, 288.725098, 8566.967773>) requested data for lock!
[21:02:39] Player (Aaron, 76561199083883076)(<317.712585, 288.725098, 8566.967773>) requested data for lock!
[21:02:46] Player (Aaron, 76561199083883076)(<317.712585, 288.725098, 8566.967773>) requested data for lock!
[21:03:46] Player (Aaron, 76561199083883076)(<317.712585, 288.725098, 8566.967773>) requested data for lock!
[21:10:22] Player (^DBD^ Maxo, 76561198148661627)(<317.486023, 288.720673, 8562.154297>) requested data for lock!
[21:10:26] Player (Aaron, 76561199083883076)(<317.712585, 288.725098, 8566.967773>) requested data for lock!
[21:10:31] Player (Aaron, 76561199083883076)(<317.712585, 288.725098, 8566.967773>) requested data for lock!
[21:10:31] Player (^DBD^ Maxo, 76561198148661627)(<317.712585, 288.725098, 8566.967773>) requested data for lock!
[21:10:44] Player (^DBD^ Maxo, 76561198148661627)(<317.712585, 288.725098, 8566.967773>) requested data for lock!
[21:10:44] Player (Aaron, 76561199083883076)(<317.712585, 288.725098, 8566.967773>) requested data for lock!
[21:10:49] Player (Aaron, 76561199083883076)(<317.712585, 288.725098, 8566.967773>) requested data for lock!
[21:15:14] Player (Dr. Mauler, 76561198022416611)(<12884.335938, 69.317932, 15105.151367>) requested data for lock!
[21:17:03] Player (^DBD^ Maxo, 76561198148661627)(<317.712585, 288.725098, 8566.967773>) requested data for lock!
[21:17:08] Player (^DBD^ Maxo, 76561198148661627)(<314.991302, 287.500458, 8557.575195>) requested data for lock!
[21:17:44] Player (^DBD^ Maxo, 76561198148661627)(<317.486023, 288.720673, 8562.154297>) requested data for lock!
[21:17:46] Player (Aaron, 76561199083883076)(<317.712585, 288.725098, 8566.967773>) requested data for lock!
[21:18:03] Player (^DBD^ Maxo, 76561198148661627)(<314.991302, 287.500458, 8557.575195>) requested data for lock!
[21:19:12] Player (^DBD^ Maxo, 76561198148661627)(<311.371857, 287.510773, 8561.625977>) requested data for lock!
[21:19:17] Player (^DBD^ Maxo, 76561198148661627)(<317.486023, 288.720673, 8562.154297>) requested data for lock!
[21:19:27] Player (^DBD^ Maxo, 76561198148661627)(<311.371857, 287.510773, 8561.625977>) requested data for lock!
[21:19:49] Player (^DBD^ Maxo, 76561198148661627)(<311.371857, 287.510773, 8561.625977>) requested data for lock!
[21:19:55] Player (^DBD^ Maxo, 76561198148661627)(<311.371857, 287.510773, 8561.625977>) requested data for lock!
[21:20:40] Player (^DBD^ Maxo, 76561198148661627)(<317.486023, 288.720673, 8562.154297>) requested data for lock!
[21:21:05] Player (^DBD^ Maxo, 76561198148661627)(<317.486023, 288.720673, 8562.154297>) requested data for lock!
[21:21:25] Player (Aaron, 76561199083883076)(<317.712585, 288.725098, 8566.967773>) requested data for lock!
[21:21:27] Player (^DBD^ Maxo, 76561198148661627)(<317.712585, 288.725098, 8566.967773>) requested data for lock!
[21:21:32] Player (^DBD^ Maxo, 76561198148661627)(<317.486023, 288.720673, 8562.154297>) requested data for lock!
[21:21:37] Player (^DBD^ Maxo, 76561198148661627)(<317.850250, 288.725128, 8562.127930>) requested data for lock!
[21:21:40] Player (Aaron, 76561199083883076)(<317.850250, 288.725128, 8562.127930>) requested data for lock!
[21:21:42] Player (^DBD^ Maxo, 76561198148661627)(<317.712585, 288.725098, 8566.967773>) requested data for lock!
[21:21:45] Player (Aaron, 76561199083883076)(<317.712585, 288.725098, 8566.967773>) requested data for lock!
[21:21:49] Player (^DBD^ Maxo, 76561198148661627)(<317.486023, 288.720673, 8562.154297>) requested data for lock!
[21:21:55] Player (Aaron, 76561199083883076)(<314.991302, 287.500458, 8557.575195>) requested data for lock!
[21:21:59] Player (^DBD^ Maxo, 76561198148661627)(<317.712585, 288.725098, 8566.967773>) requested data for lock!
[21:22:00] Player (Aaron, 76561199083883076)(<311.371857, 287.510773, 8561.625977>) requested data for lock!
[21:22:18] Player (Aaron, 76561199083883076)(<317.712585, 288.725098, 8566.967773>) requested data for lock!
[21:22:23] Player (Aaron, 76561199083883076)(<317.712585, 288.725098, 8566.967773>) requested data for lock!
[21:22:26] Player (^DBD^ Maxo, 76561198148661627)(<317.486023, 288.720673, 8562.154297>) requested data for lock!
[21:22:32] Player (Aaron, 76561199083883076)(<320.794373, 287.512939, 8568.685547>) requested data for lock!
[21:22:39] Player (Aaron, 76561199083883076)(<320.794373, 287.512939, 8568.685547>) requested data for lock!
[21:23:36] Player (^DBD^ Maxo, 76561198148661627)(<314.991302, 287.500458, 8557.575195>) requested data for lock!
[21:23:52] Player (^DBD^ Maxo, 76561198148661627)(<317.712585, 288.725098, 8566.967773>) requested data for lock!
[21:23:53] Player (Aaron, 76561199083883076)(<317.712585, 288.725098, 8566.967773>) requested data for lock!
[21:24:00] Player (Aaron, 76561199083883076)(<317.712585, 288.725098, 8566.967773>) requested data for lock!
[21:24:00] Player (^DBD^ Maxo, 76561198148661627)(<317.712585, 288.725098, 8566.967773>) requested data for lock!
[21:24:12] Player (^DBD^ Maxo, 76561198148661627)(<317.486023, 288.720673, 8562.154297>) requested data for lock!
[21:24:18] Player (^DBD^ Maxo, 76561198148661627)(<317.850250, 288.725128, 8562.127930>) requested data for lock!
[21:24:22] Player (Aaron, 76561199083883076)(<317.850250, 288.725128, 8562.127930>) requested data for lock!
[21:27:12] Player (Dr. Mauler, 76561198022416611)(<12884.483398, 69.317932, 15105.002930>) requested data for lock!
[21:28:28] Player (Dr. Mauler, 76561198022416611)(<12884.483398, 69.317932, 15105.002930>) requested data for lock!
[21:28:33] Player (Dr. Mauler, 76561198022416611)(<12884.321289, 64.531334, 15105.812500>) requested data for lock!
[21:28:38] Player (Dr. Mauler, 76561198022416611)(<12888.545898, 64.531334, 15107.648438>) requested data for lock!
[21:28:46] Player (Dr. Mauler, 76561198022416611)(<12888.545898, 64.531334, 15107.648438>) requested data for lock!
[21:29:03] Player (Dr. Mauler, 76561198022416611)(<12888.545898, 64.531334, 15107.648438>) requested data for lock!
[21:29:03] Player (Imposible Burger, 76561199068832255)(<317.850250, 288.725128, 8562.127930>) requested data for lock!
[21:29:08] Player (Dr. Mauler, 76561198022416611)(<12890.177734, 64.436760, 15109.198242>) requested data for lock!
[21:29:20] Player (Imposible Burger, 76561199068832255)(<311.371857, 287.510773, 8561.625977>) requested data for lock!
[21:29:25] Player (Imposible Burger, 76561199068832255)(<311.371857, 287.510773, 8561.625977>) requested data for lock!
[21:29:30] Player (Imposible Burger, 76561199068832255)(<317.712585, 288.725098, 8566.967773>) requested data for lock!
[21:29:43] Player (Imposible Burger, 76561199068832255)(<317.850250, 288.725128, 8562.127930>) requested data for lock!
[21:29:59] Player (Imposible Burger, 76561199068832255)(<317.850250, 288.725128, 8562.127930>) requested data for lock!
[21:30:10] Player (Imposible Burger, 76561199068832255)(<314.991302, 287.500458, 8557.575195>) requested data for lock!
[21:30:19] Player (Imposible Burger, 76561199068832255)(<311.371857, 287.510773, 8561.625977>) requested data for lock!
[21:30:24] Player (Imposible Burger, 76561199068832255)(<317.712585, 288.725098, 8566.967773>) requested data for lock!
[21:30:32] Player (Imposible Burger, 76561199068832255)(<317.712585, 288.725098, 8566.967773>) requested data for lock!
[21:30:45] Player (Imposible Burger, 76561199068832255)(<317.850250, 288.725128, 8562.127930>) requested data for lock!
[21:30:56] Player (Imposible Burger, 76561199068832255)(<317.850250, 288.725128, 8562.127930>) requested data for lock!
[08-24-2021][21.52.22] Log file reloaded ( Server Restart )
[22:49:26] Player (^DBD^ Maxo, 76561198148661627)(<12890.177734, 64.436760, 15109.198242>) requested data for lock!
[23:13:55] Player (NOTxYAMAS, 76561199053059208)(<3285.387451, 237.664749, 4937.027344>) requested data for lock!
[23:25:13] Player (NOTxYAMAS, 76561199053059208)(<3285.387451, 237.664749, 4937.027344>) requested data for lock!
[23:25:40] Player (NOTxYAMAS, 76561199053059208)(<3285.387451, 237.664749, 4937.027344>) requested data for lock!
[23:26:12] Player (NOTxYAMAS, 76561199053059208)(<3285.387451, 237.664749, 4937.027344>) requested data for lock!
[23:28:37] Player (NOTxYAMAS, 76561199053059208)(<3283.597900, 236.520721, 4945.716797>) requested data for lock!
[23:28:42] Player (NOTxYAMAS, 76561199053059208)(<3283.597900, 236.520721, 4945.716797>) requested data for lock!
[23:29:25] Player (NOTxYAMAS, 76561199053059208)(<3285.387451, 237.664749, 4937.027344>) requested data for lock!
[23:35:41] Player (NOTxYAMAS, 76561199053059208)(<3285.387451, 237.664749, 4937.027344>) requested data for lock!
[23:35:50] Player (NOTxYAMAS, 76561199053059208)(<3285.387451, 237.664749, 4937.027344>) requested data for lock!
[23:36:17] Player (NOTxYAMAS, 76561199053059208)(<3285.387451, 237.664749, 4937.027344>) requested data for lock!
[23:38:41] Player (NOTxYAMAS, 76561199053059208)(<3285.387451, 237.664749, 4937.027344>) requested data for lock!
[23:40:33] Player (NOTxYAMAS, 76561199053059208)(<3285.387451, 237.664749, 4937.027344>) requested data for lock!
[23:41:15] Player (NOTxYAMAS, 76561199053059208)(<3285.387451, 237.664749, 4937.027344>) requested data for lock!
[23:42:07] Player (NOTxYAMAS, 76561199053059208)(<3285.387451, 237.664749, 4937.027344>) requested data for lock!
