[08-19-2021][02.31.03] New Synch Log File Created!
[08-19-2021][05.32.09] Log file reloaded ( Server Restart )
[08-19-2021][08.33.21] Log file reloaded ( Server Restart )
[10:04:48] Player (PussinaBush, 76561198086263481)(<13299.072266, 69.803490, 12099.144531>) requested data for lock!
[10:05:02] Player (PussinaBush, 76561198086263481)(<13298.168945, 69.805489, 12103.271484>) requested data for lock!
[10:05:13] Player (PussinaBush, 76561198086263481)(<13298.168945, 69.805489, 12103.271484>) requested data for lock!
[10:05:19] Player (PussinaBush, 76561198086263481)(<13299.072266, 69.803490, 12099.144531>) requested data for lock!
[10:05:36] Player (PussinaBush, 76561198086263481)(<13295.887695, 71.638863, 12122.681641>) requested data for lock!
[10:05:43] Player (PussinaBush, 76561198086263481)(<13309.521484, 71.606522, 12124.710938>) requested data for lock!
[10:08:40] Player (PussinaBush, 76561198086263481)(<13309.521484, 71.606522, 12124.710938>) requested data for lock!
[10:08:45] Player (PussinaBush, 76561198086263481)(<13295.887695, 71.638863, 12122.681641>) requested data for lock!
[10:13:21] Player (PussinaBush, 76561198086263481)(<13298.168945, 69.805489, 12103.271484>) requested data for lock!
[08-19-2021][11.34.38] Log file reloaded ( Server Restart )
[11:53:21] Player (PussinaBush, 76561198086263481)(<13299.072266, 69.803490, 12099.144531>) requested data for lock!
[11:53:26] Player (PussinaBush, 76561198086263481)(<13298.168945, 69.805489, 12103.271484>) requested data for lock!
[11:53:36] Player (PussinaBush, 76561198086263481)(<13295.887695, 71.638863, 12122.681641>) requested data for lock!
[11:53:43] Player (PussinaBush, 76561198086263481)(<13309.521484, 71.606522, 12124.710938>) requested data for lock!
[12:00:00] Player (PussinaBush, 76561198086263481)(<13309.521484, 71.606522, 12124.710938>) requested data for lock!
[12:00:05] Player (PussinaBush, 76561198086263481)(<13295.887695, 71.638863, 12122.681641>) requested data for lock!
[12:00:11] Player (PussinaBush, 76561198086263481)(<13295.887695, 71.638863, 12122.681641>) requested data for lock!
[12:01:18] Player (PussinaBush, 76561198086263481)(<13295.887695, 71.638863, 12122.681641>) requested data for lock!
[12:01:24] Player (PussinaBush, 76561198086263481)(<13295.887695, 71.638863, 12122.681641>) requested data for lock!
[12:01:40] Player (PussinaBush, 76561198086263481)(<13298.168945, 69.805489, 12103.271484>) requested data for lock!
[12:36:18] Player (Capt., 76561198069523749)(<13298.168945, 69.805489, 12103.271484>) requested data for lock!
[12:36:23] Player (Capt., 76561198069523749)(<13298.168945, 69.805489, 12103.271484>) requested data for lock!
[12:36:28] Player (Capt., 76561198069523749)(<13298.168945, 69.805489, 12103.271484>) requested data for lock!
[12:36:33] Player (Capt., 76561198069523749)(<13299.072266, 69.803490, 12099.144531>) requested data for lock!
[12:36:38] Player (Capt., 76561198069523749)(<13299.072266, 69.803490, 12099.144531>) requested data for lock!
[12:37:27] Player (Capt., 76561198069523749)(<13298.168945, 69.805489, 12103.271484>) requested data for lock!
[12:37:46] Player (Capt., 76561198069523749)(<13299.072266, 69.803490, 12099.144531>) requested data for lock!
[12:37:51] Player (Capt., 76561198069523749)(<13298.168945, 69.805489, 12103.271484>) requested data for lock!
[12:38:44] Player (PussinaBush, 76561198086263481)(<13312.713867, 71.629265, 12142.384766>) requested data for lock!
[12:38:55] Player (PussinaBush, 76561198086263481)(<13312.713867, 71.629265, 12142.384766>) requested data for lock!
[12:39:22] Player (PussinaBush, 76561198086263481)(<13312.713867, 71.629265, 12142.384766>) requested data for lock!
[12:59:00] Player (PussinaBush, 76561198086263481)(<13309.521484, 71.606522, 12124.710938>) requested data for lock!
[12:59:06] Player (PussinaBush, 76561198086263481)(<13309.521484, 71.606522, 12124.710938>) requested data for lock!
[12:59:11] Player (PussinaBush, 76561198086263481)(<13295.887695, 71.638863, 12122.681641>) requested data for lock!
[12:59:16] Player (PussinaBush, 76561198086263481)(<13295.887695, 71.638863, 12122.681641>) requested data for lock!
[12:59:28] Player (PussinaBush, 76561198086263481)(<13298.168945, 69.805489, 12103.271484>) requested data for lock!
[12:59:33] Player (PussinaBush, 76561198086263481)(<13298.168945, 69.805489, 12103.271484>) requested data for lock!
[12:59:38] Player (PussinaBush, 76561198086263481)(<13299.072266, 69.803490, 12099.144531>) requested data for lock!
[08-19-2021][14.13.09] Log file reloaded ( Server Restart )
[14:24:16] Player (PussinaBush, 76561198086263481)(<13312.713867, 71.629265, 12142.384766>) requested data for lock!
[14:24:27] Player (PussinaBush, 76561198086263481)(<13312.713867, 71.629265, 12142.384766>) requested data for lock!
[14:30:47] Player (ShortStick, 76561199068832255)(<13299.072266, 69.803490, 12099.144531>) requested data for lock!
[14:31:08] Player (ShortStick, 76561199068832255)(<13295.887695, 71.638863, 12122.681641>) requested data for lock!
[14:32:09] Player (PussinaBush, 76561198086263481)(<13309.521484, 71.606522, 12124.710938>) requested data for lock!
[14:32:14] Player (ShortStick, 76561199068832255)(<13295.887695, 71.638863, 12122.681641>) requested data for lock!
[14:32:14] Player (PussinaBush, 76561198086263481)(<13295.887695, 71.638863, 12122.681641>) requested data for lock!
[14:32:19] Player (PussinaBush, 76561198086263481)(<13295.887695, 71.638863, 12122.681641>) requested data for lock!
[14:32:38] Player (PussinaBush, 76561198086263481)(<13295.887695, 71.638863, 12122.681641>) requested data for lock!
[14:32:40] Player (ShortStick, 76561199068832255)(<13295.887695, 71.638863, 12122.681641>) requested data for lock!
[14:32:46] Player (PussinaBush, 76561198086263481)(<13309.521484, 71.606522, 12124.710938>) requested data for lock!
[14:32:50] Player (ShortStick, 76561199068832255)(<13295.887695, 71.638863, 12122.681641>) requested data for lock!
[14:33:46] Player (ShortStick, 76561199068832255)(<13312.713867, 71.629265, 12142.384766>) requested data for lock!
[14:33:50] Player (PussinaBush, 76561198086263481)(<13312.713867, 71.629265, 12142.384766>) requested data for lock!
[14:33:51] Player (ShortStick, 76561199068832255)(<13312.713867, 71.629265, 12142.384766>) requested data for lock!
[14:33:59] Player (ShortStick, 76561199068832255)(<13312.713867, 71.629265, 12142.384766>) requested data for lock!
[14:34:01] Player (PussinaBush, 76561198086263481)(<13312.713867, 71.629265, 12142.384766>) requested data for lock!
[14:34:09] Player (ShortStick, 76561199068832255)(<13312.713867, 71.629265, 12142.384766>) requested data for lock!
[14:34:14] Player (ShortStick, 76561199068832255)(<13312.713867, 71.629265, 12142.384766>) requested data for lock!
[14:34:16] Player (PussinaBush, 76561198086263481)(<13312.713867, 71.629265, 12142.384766>) requested data for lock!
[14:34:27] Player (ShortStick, 76561199068832255)(<13312.713867, 71.629265, 12142.384766>) requested data for lock!
[14:34:34] Player (ShortStick, 76561199068832255)(<13312.713867, 71.629265, 12142.384766>) requested data for lock!
[14:41:47] Player (PussinaBush, 76561198086263481)(<13309.521484, 71.606522, 12124.710938>) requested data for lock!
[14:41:58] Player (PussinaBush, 76561198086263481)(<13295.887695, 71.638863, 12122.681641>) requested data for lock!
[15:31:20] Player (PussinaBush, 76561198086263481)(<13299.072266, 69.803490, 12099.144531>) requested data for lock!
[15:31:25] Player (PussinaBush, 76561198086263481)(<13298.168945, 69.805489, 12103.271484>) requested data for lock!
[15:31:53] Player (PussinaBush, 76561198086263481)(<13295.887695, 71.638863, 12122.681641>) requested data for lock!
[15:32:04] Player (PussinaBush, 76561198086263481)(<13295.887695, 71.638863, 12122.681641>) requested data for lock!
[15:32:16] Player (PussinaBush, 76561198086263481)(<13295.887695, 71.638863, 12122.681641>) requested data for lock!
[15:32:21] Player (PussinaBush, 76561198086263481)(<13295.887695, 71.638863, 12122.681641>) requested data for lock!
[15:34:19] Player (PussinaBush, 76561198086263481)(<13295.887695, 71.638863, 12122.681641>) requested data for lock!
[15:34:26] Player (PussinaBush, 76561198086263481)(<13295.887695, 71.638863, 12122.681641>) requested data for lock!
[15:34:36] Player (PussinaBush, 76561198086263481)(<13309.521484, 71.606522, 12124.710938>) requested data for lock!
[15:38:29] Player (PussinaBush, 76561198086263481)(<13312.713867, 71.629265, 12142.384766>) requested data for lock!
[15:47:13] Player (PussinaBush, 76561198086263481)(<13309.521484, 71.606522, 12124.710938>) requested data for lock!
[15:47:19] Player (PussinaBush, 76561198086263481)(<13309.521484, 71.606522, 12124.710938>) requested data for lock!
[15:47:24] Player (PussinaBush, 76561198086263481)(<13295.887695, 71.638863, 12122.681641>) requested data for lock!
[15:47:32] Player (PussinaBush, 76561198086263481)(<13295.887695, 71.638863, 12122.681641>) requested data for lock!
[15:48:37] Player (PussinaBush, 76561198086263481)(<13309.521484, 71.606522, 12124.710938>) requested data for lock!
[15:49:37] Player (PussinaBush, 76561198086263481)(<13309.521484, 71.606522, 12124.710938>) requested data for lock!
[15:49:42] Player (PussinaBush, 76561198086263481)(<13295.887695, 71.638863, 12122.681641>) requested data for lock!
[15:50:15] Player (PussinaBush, 76561198086263481)(<13295.887695, 71.638863, 12122.681641>) requested data for lock!
[15:50:21] Player (PussinaBush, 76561198086263481)(<13295.887695, 71.638863, 12122.681641>) requested data for lock!
[15:50:26] Player (PussinaBush, 76561198086263481)(<13295.887695, 71.638863, 12122.681641>) requested data for lock!
[15:50:32] Player (PussinaBush, 76561198086263481)(<13295.887695, 71.638863, 12122.681641>) requested data for lock!
[15:52:30] Player (PussinaBush, 76561198086263481)(<13309.521484, 71.606522, 12124.710938>) requested data for lock!
[15:53:54] Player (PussinaBush, 76561198086263481)(<13309.521484, 71.606522, 12124.710938>) requested data for lock!
[15:54:00] Player (PussinaBush, 76561198086263481)(<13295.887695, 71.638863, 12122.681641>) requested data for lock!
[15:54:15] Player (PussinaBush, 76561198086263481)(<13298.168945, 69.805489, 12103.271484>) requested data for lock!
[08-19-2021][16.37.45] Log file reloaded ( Server Restart )
[17:23:47] Player (Capt., 76561198069523749)(<13295.887695, 71.638863, 12122.681641>) requested data for lock!
[17:23:54] Player (Capt., 76561198069523749)(<13309.521484, 71.606522, 12124.710938>) requested data for lock!
[17:25:19] Player (Capt., 76561198069523749)(<13312.713867, 71.629265, 12142.384766>) requested data for lock!
[17:27:14] Player (Capt., 76561198069523749)(<13295.887695, 71.638863, 12122.681641>) requested data for lock!
[17:27:21] Player (Capt., 76561198069523749)(<13295.887695, 71.638863, 12122.681641>) requested data for lock!
[17:27:35] Player (Capt., 76561198069523749)(<13298.168945, 69.805489, 12103.271484>) requested data for lock!
[17:27:40] Player (Capt., 76561198069523749)(<13299.072266, 69.803490, 12099.144531>) requested data for lock!
[17:58:13] Player (Capt., 76561198069523749)(<13299.072266, 69.803490, 12099.144531>) requested data for lock!
[17:58:18] Player (Capt., 76561198069523749)(<13298.168945, 69.805489, 12103.271484>) requested data for lock!
[17:58:26] Player (Capt., 76561198069523749)(<13295.887695, 71.638863, 12122.681641>) requested data for lock!
[17:58:36] Player (Capt., 76561198069523749)(<13309.521484, 71.606522, 12124.710938>) requested data for lock!
[18:00:54] Player (PussinaBush, 76561198086263481)(<13299.072266, 69.803490, 12099.144531>) requested data for lock!
[18:00:59] Player (PussinaBush, 76561198086263481)(<13298.168945, 69.805489, 12103.271484>) requested data for lock!
[18:01:16] Player (PussinaBush, 76561198086263481)(<13295.887695, 71.638863, 12122.681641>) requested data for lock!
[18:01:26] Player (PussinaBush, 76561198086263481)(<13309.521484, 71.606522, 12124.710938>) requested data for lock!
[18:07:18] Player (PussinaBush, 76561198086263481)(<13309.521484, 71.606522, 12124.710938>) requested data for lock!
[18:07:25] Player (PussinaBush, 76561198086263481)(<13295.887695, 71.638863, 12122.681641>) requested data for lock!
[18:08:14] Player (PussinaBush, 76561198086263481)(<13295.887695, 71.638863, 12122.681641>) requested data for lock!
[18:10:13] Player (PussinaBush, 76561198086263481)(<13309.521484, 71.606522, 12124.710938>) requested data for lock!
[18:10:24] Player (PussinaBush, 76561198086263481)(<13309.521484, 71.606522, 12124.710938>) requested data for lock!
[18:10:39] Player (Capt., 76561198069523749)(<13309.521484, 71.606522, 12124.710938>) requested data for lock!
[18:15:16] Player (Capt., 76561198069523749)(<13309.521484, 71.606522, 12124.710938>) requested data for lock!
[18:15:26] Player (Capt., 76561198069523749)(<13309.521484, 71.606522, 12124.710938>) requested data for lock!
[18:19:02] Player (Capt., 76561198069523749)(<13312.713867, 71.629265, 12142.384766>) requested data for lock!
[18:19:07] Player (Capt., 76561198069523749)(<13312.713867, 71.629265, 12142.384766>) requested data for lock!
[18:20:29] Player (PussinaBush, 76561198086263481)(<13309.521484, 71.606522, 12124.710938>) requested data for lock!
[18:20:55] Player (Capt., 76561198069523749)(<13309.521484, 71.606522, 12124.710938>) requested data for lock!
[18:21:01] Player (Capt., 76561198069523749)(<13309.521484, 71.606522, 12124.710938>) requested data for lock!
[18:21:04] Player (PussinaBush, 76561198086263481)(<13309.521484, 71.606522, 12124.710938>) requested data for lock!
[18:21:06] Player (Capt., 76561198069523749)(<13295.887695, 71.638863, 12122.681641>) requested data for lock!
[18:24:37] Player (PussinaBush, 76561198086263481)(<13295.887695, 71.638863, 12122.681641>) requested data for lock!
[18:24:50] Player (Capt., 76561198069523749)(<13295.887695, 71.638863, 12122.681641>) requested data for lock!
[18:25:07] Player (PussinaBush, 76561198086263481)(<13298.168945, 69.805489, 12103.271484>) requested data for lock!
[18:25:26] Player (Capt., 76561198069523749)(<13298.168945, 69.805489, 12103.271484>) requested data for lock!
[18:25:51] Player (Capt., 76561198069523749)(<13295.887695, 71.638863, 12122.681641>) requested data for lock!
[18:52:17] Player (PussinaBush, 76561198086263481)(<13312.713867, 71.629265, 12142.384766>) requested data for lock!
[08-19-2021][19.05.20] Log file reloaded ( Server Restart )
[19:25:43] Player (ShortStick, 76561199068832255)(<13295.887695, 71.638863, 12122.681641>) requested data for lock!
[08-19-2021][22.06.32] Log file reloaded ( Server Restart )
