[08-21-2021][00.34.07] New Synch Log File Created!
[08-21-2021][03.35.30] Log file reloaded ( Server Restart )
[08-21-2021][06.36.52] Log file reloaded ( Server Restart )
[07:29:07] Player (Dr. Mauler, 76561198022416611)(<12888.545898, 64.531334, 15107.648438>) requested data for lock!
[07:29:12] Player (Dr. Mauler, 76561198022416611)(<12888.545898, 64.531334, 15107.648438>) requested data for lock!
[07:37:10] Player (Dr. Mauler, 76561198022416611)(<12888.545898, 64.531334, 15107.648438>) requested data for lock!
[07:38:29] Player (Dr. Mauler, 76561198022416611)(<12888.545898, 64.531334, 15107.648438>) requested data for lock!
[07:43:40] Player (Dr. Mauler, 76561198022416611)(<12888.545898, 64.531334, 15107.648438>) requested data for lock!
[07:45:18] Player (Dr. Mauler, 76561198022416611)(<12888.545898, 64.531334, 15107.648438>) requested data for lock!
[07:48:13] Player (Dr. Mauler, 76561198022416611)(<12888.545898, 64.531334, 15107.648438>) requested data for lock!
[07:50:24] Player (Dr. Mauler, 76561198022416611)(<12888.545898, 64.531334, 15107.648438>) requested data for lock!
[07:55:24] Player (Dr. Mauler, 76561198022416611)(<12888.545898, 64.531334, 15107.648438>) requested data for lock!
[07:55:31] Player (Dr. Mauler, 76561198022416611)(<12888.545898, 64.531334, 15107.648438>) requested data for lock!
[07:55:36] Player (Dr. Mauler, 76561198022416611)(<12888.545898, 64.531334, 15107.648438>) requested data for lock!
[07:55:58] Player (Dr. Mauler, 76561198022416611)(<12888.545898, 64.531334, 15107.648438>) requested data for lock!
[07:56:18] Player (Dr. Mauler, 76561198022416611)(<12888.545898, 64.531334, 15107.648438>) requested data for lock!
[08:19:35] Player (Dr. Mauler, 76561198022416611)(<12888.545898, 64.531334, 15107.648438>) requested data for lock!
[09:33:13] Player (Dr. Mauler, 76561198022416611)(<13312.713867, 71.629265, 12142.384766>) requested data for lock!
[09:33:18] Player (Dr. Mauler, 76561198022416611)(<13312.713867, 71.629265, 12142.384766>) requested data for lock!
[09:36:13] Player (Dr. Mauler, 76561198022416611)(<13298.168945, 69.805489, 12103.271484>) requested data for lock!
[08-21-2021][09.38.11] Log file reloaded ( Server Restart )
[09:41:19] Player (Dr. Mauler, 76561198022416611)(<13295.887695, 71.638863, 12122.681641>) requested data for lock!
[08-21-2021][12.39.40] Log file reloaded ( Server Restart )
[08-21-2021][13.41.26] Log file reloaded ( Server Restart )
[14:01:02] Player (PussinaBush, 76561198086263481)(<13309.521484, 71.606522, 12124.710938>) requested data for lock!
[14:01:10] Player (PussinaBush, 76561198086263481)(<13295.887695, 71.638863, 12122.681641>) requested data for lock!
[14:07:21] Player (PussinaBush, 76561198086263481)(<13295.887695, 71.638863, 12122.681641>) requested data for lock!
[14:12:51] Player (PussinaBush, 76561198086263481)(<13309.521484, 71.606522, 12124.710938>) requested data for lock!
[14:14:22] Player (PussinaBush, 76561198086263481)(<13299.072266, 69.803490, 12099.144531>) requested data for lock!
[14:14:27] Player (PussinaBush, 76561198086263481)(<13298.168945, 69.805489, 12103.271484>) requested data for lock!
[14:14:33] Player (PussinaBush, 76561198086263481)(<13295.887695, 71.638863, 12122.681641>) requested data for lock!
[14:14:39] Player (PussinaBush, 76561198086263481)(<13309.521484, 71.606522, 12124.710938>) requested data for lock!
[14:17:21] Player (PussinaBush, 76561198086263481)(<13309.521484, 71.606522, 12124.710938>) requested data for lock!
[14:17:44] Player (PussinaBush, 76561198086263481)(<13298.168945, 69.805489, 12103.271484>) requested data for lock!
[08-21-2021][14.49.39] Log file reloaded ( Server Restart )
[08-21-2021][14.51.49] Log file reloaded ( Server Restart )
[15:16:41] Player (PussinaBush, 76561198086263481)(<13299.072266, 69.803490, 12099.144531>) requested data for lock!
[15:16:47] Player (PussinaBush, 76561198086263481)(<13298.168945, 69.805489, 12103.271484>) requested data for lock!
[15:16:58] Player (PussinaBush, 76561198086263481)(<13295.887695, 71.638863, 12122.681641>) requested data for lock!
[15:17:03] Player (PussinaBush, 76561198086263481)(<13309.521484, 71.606522, 12124.710938>) requested data for lock!
[15:22:17] Player (PussinaBush, 76561198086263481)(<13309.521484, 71.606522, 12124.710938>) requested data for lock!
[15:23:11] Player (PussinaBush, 76561198086263481)(<13295.887695, 71.638863, 12122.681641>) requested data for lock!
[15:25:24] Player (PussinaBush, 76561198086263481)(<13309.521484, 71.606522, 12124.710938>) requested data for lock!
[15:25:33] Player (PussinaBush, 76561198086263481)(<13298.168945, 69.805489, 12103.271484>) requested data for lock!
[15:33:23] Player (Dr. Mauler, 76561198022416611)(<12888.545898, 64.531334, 15107.648438>) requested data for lock!
[16:03:51] Player (PussinaBush, 76561198086263481)(<13312.713867, 71.629265, 12142.384766>) requested data for lock!
[16:04:00] Player (PussinaBush, 76561198086263481)(<13312.713867, 71.629265, 12142.384766>) requested data for lock!
[16:05:28] Player (Dr. Mauler, 76561198022416611)(<12888.545898, 64.531334, 15107.648438>) requested data for lock!
[16:08:55] Player (PussinaBush, 76561198086263481)(<13309.521484, 71.606522, 12124.710938>) requested data for lock!
[16:09:01] Player (PussinaBush, 76561198086263481)(<13295.887695, 71.638863, 12122.681641>) requested data for lock!
[16:10:12] Player (PussinaBush, 76561198086263481)(<13295.887695, 71.638863, 12122.681641>) requested data for lock!
[16:10:36] Player (PussinaBush, 76561198086263481)(<13309.521484, 71.606522, 12124.710938>) requested data for lock!
[16:10:42] Player (PussinaBush, 76561198086263481)(<13295.887695, 71.638863, 12122.681641>) requested data for lock!
[16:11:01] Player (PussinaBush, 76561198086263481)(<13295.887695, 71.638863, 12122.681641>) requested data for lock!
[16:11:06] Player (PussinaBush, 76561198086263481)(<13309.521484, 71.606522, 12124.710938>) requested data for lock!
[16:14:42] Player (PussinaBush, 76561198086263481)(<13309.521484, 71.606522, 12124.710938>) requested data for lock!
[16:15:27] Player (PussinaBush, 76561198086263481)(<13298.168945, 69.805489, 12103.271484>) requested data for lock!
[16:15:33] Player (PussinaBush, 76561198086263481)(<13299.072266, 69.803490, 12099.144531>) requested data for lock!
[16:37:59] Player (^DBD^ Maxo, 76561198148661627)(<314.991302, 287.500458, 8557.575195>) requested data for lock!
[16:38:04] Player (^DBD^ Maxo, 76561198148661627)(<314.991302, 287.500458, 8557.575195>) requested data for lock!
[16:38:09] Player (^DBD^ Maxo, 76561198148661627)(<314.991302, 287.500458, 8557.575195>) requested data for lock!
[16:38:43] Player (^DBD^ Maxo, 76561198148661627)(<314.991302, 287.500458, 8557.575195>) requested data for lock!
[16:58:46] Player (^DBD^ Maxo, 76561198148661627)(<314.991302, 287.500458, 8557.575195>) requested data for lock!
[17:00:09] Player (^DBD^ Maxo, 76561198148661627)(<314.991302, 287.500458, 8557.575195>) requested data for lock!
[17:00:25] Player (^DBD^ Maxo, 76561198148661627)(<314.991302, 287.500458, 8557.575195>) requested data for lock!
[17:00:32] Player (^DBD^ Maxo, 76561198148661627)(<314.991302, 287.500458, 8557.575195>) requested data for lock!
[17:00:48] Player (^DBD^ Maxo, 76561198148661627)(<314.991302, 287.500458, 8557.575195>) requested data for lock!
[08-21-2021][17.53.24] Log file reloaded ( Server Restart )
[19:05:34] Player (^DBD^ Maxo, 76561198148661627)(<314.991302, 287.500458, 8557.575195>) requested data for lock!
[19:08:55] Player (^DBD^ Maxo, 76561198148661627)(<314.991302, 287.500458, 8557.575195>) requested data for lock!
[19:19:04] Player (^DBD^ Maxo, 76561198148661627)(<314.991302, 287.500458, 8557.575195>) requested data for lock!
[19:20:21] Player (^DBD^ Maxo, 76561198148661627)(<314.991302, 287.500458, 8557.575195>) requested data for lock!
[19:29:12] Player (^DBD^ Maxo, 76561198148661627)(<314.991302, 287.500458, 8557.575195>) requested data for lock!
[19:29:25] Player (^DBD^ Maxo, 76561198148661627)(<314.991302, 287.500458, 8557.575195>) requested data for lock!
[08-21-2021][20.54.52] Log file reloaded ( Server Restart )
[23:34:46] Player (PussinaBush, 76561198086263481)(<13299.072266, 69.803490, 12099.144531>) requested data for lock!
[23:34:51] Player (PussinaBush, 76561198086263481)(<13298.168945, 69.805489, 12103.271484>) requested data for lock!
[23:35:00] Player (PussinaBush, 76561198086263481)(<13295.887695, 71.638863, 12122.681641>) requested data for lock!
[23:35:05] Player (PussinaBush, 76561198086263481)(<13309.521484, 71.606522, 12124.710938>) requested data for lock!
[23:42:52] Player (PussinaBush, 76561198086263481)(<13299.072266, 69.803490, 12099.144531>) requested data for lock!
[23:43:03] Player (PussinaBush, 76561198086263481)(<13299.072266, 69.803490, 12099.144531>) requested data for lock!
[23:43:08] Player (PussinaBush, 76561198086263481)(<13298.168945, 69.805489, 12103.271484>) requested data for lock!
[23:43:14] Player (PussinaBush, 76561198086263481)(<13295.887695, 71.638863, 12122.681641>) requested data for lock!
[23:43:20] Player (PussinaBush, 76561198086263481)(<13309.521484, 71.606522, 12124.710938>) requested data for lock!
[08-21-2021][23.56.20] Log file reloaded ( Server Restart )
[00:58:18] Player (^DBD^ Maxo, 76561198148661627)(<314.991302, 287.500458, 8557.575195>) requested data for lock!
[01:05:22] Player (^DBD^ Maxo, 76561198148661627)(<314.991302, 287.500458, 8557.575195>) requested data for lock!
[01:06:44] Player (PussinaBush, 76561198086263481)(<13309.521484, 71.606522, 12124.710938>) requested data for lock!
[01:08:04] Player (^DBD^ Maxo, 76561198148661627)(<314.991302, 287.500458, 8557.575195>) requested data for lock!
[01:09:10] Player (PussinaBush, 76561198086263481)(<13309.521484, 71.606522, 12124.710938>) requested data for lock!
[01:09:15] Player (PussinaBush, 76561198086263481)(<13295.887695, 71.638863, 12122.681641>) requested data for lock!
[01:09:22] Player (PussinaBush, 76561198086263481)(<13298.168945, 69.805489, 12103.271484>) requested data for lock!
[01:09:27] Player (PussinaBush, 76561198086263481)(<13299.072266, 69.803490, 12099.144531>) requested data for lock!
[01:09:32] Player (PussinaBush, 76561198086263481)(<13299.072266, 69.803490, 12099.144531>) requested data for lock!
[01:09:37] Player (PussinaBush, 76561198086263481)(<13299.072266, 69.803490, 12099.144531>) requested data for lock!
