[08-31-2021][01.31.21] New Synch Log File Created!
[01:40:48] Player (Sauce, 76561199194857204)(<7802.306641, 314.866455, 6893.690918>) requested data for lock!
[01:40:53] Player (Sauce, 76561199194857204)(<7801.914551, 315.043640, 6893.657715>) requested data for lock!
[01:40:58] Player (Sauce, 76561199194857204)(<7792.361328, 313.654327, 6894.910645>) requested data for lock!
[01:41:10] Player (Sauce, 76561199194857204)(<7792.361328, 313.654327, 6894.910645>) requested data for lock!
[01:41:27] Player (Sauce, 76561199194857204)(<7802.306641, 314.866455, 6893.690918>) requested data for lock!
[02:30:49] Player (^DBD^ Maxo, 76561198148661627)(<1186.966064, 344.556030, 9980.056641>) requested data for lock!
[02:30:55] Player (^DBD^ Maxo, 76561198148661627)(<1184.751831, 344.556030, 9983.866211>) requested data for lock!
[02:31:05] Player (^DBD^ Maxo, 76561198148661627)(<1184.751831, 344.556030, 9983.866211>) requested data for lock!
[02:31:10] Player (^DBD^ Maxo, 76561198148661627)(<1184.751831, 344.556030, 9983.866211>) requested data for lock!
[02:31:16] Player (^DBD^ Maxo, 76561198148661627)(<1184.751831, 344.556030, 9983.866211>) requested data for lock!
[02:31:20] Player (^DBD^ Maxo, 76561198148661627)(<1184.751831, 344.556030, 9983.866211>) requested data for lock!
[02:31:25] Player (^DBD^ Maxo, 76561198148661627)(<1184.751831, 344.556030, 9983.866211>) requested data for lock!
[02:31:30] Player (^DBD^ Maxo, 76561198148661627)(<1184.751831, 344.556030, 9983.866211>) requested data for lock!
[02:31:35] Player (^DBD^ Maxo, 76561198148661627)(<1184.751831, 344.556030, 9983.866211>) requested data for lock!
[02:31:40] Player (^DBD^ Maxo, 76561198148661627)(<1186.750732, 344.556030, 9985.829102>) requested data for lock!
[02:31:55] Player (^DBD^ Maxo, 76561198148661627)(<1189.316284, 344.580933, 9985.106445>) requested data for lock!
[04:25:07] Player (Sauce, 76561199194857204)(<7802.306641, 314.866455, 6893.690918>) requested data for lock!
[04:25:12] Player (Sauce, 76561199194857204)(<7801.914551, 315.043640, 6893.657715>) requested data for lock!
[04:25:43] Player (Sauce, 76561199194857204)(<7792.361328, 313.654327, 6894.910645>) requested data for lock!
[04:25:54] Player (Sauce, 76561199194857204)(<7792.361328, 313.654327, 6894.910645>) requested data for lock!
[04:26:20] Player (Sauce, 76561199194857204)(<7801.914551, 315.043640, 6893.657715>) requested data for lock!
[06:11:50] Player (Sauce, 76561199194857204)(<7802.306641, 314.866455, 6893.690918>) requested data for lock!
[06:12:09] Player (Sauce, 76561199194857204)(<7801.914551, 315.043640, 6893.657715>) requested data for lock!
[06:12:16] Player (Sauce, 76561199194857204)(<7801.914551, 315.043640, 6893.657715>) requested data for lock!
[08-31-2021][07.33.26] Log file reloaded ( Server Restart )
[08-31-2021][09.45.34] Log file reloaded ( Server Restart )
[09:55:25] Player (KingHotDog, 76561199068832255)(<13743.850586, 5.803267, 3720.596924>) requested data for lock!
[14:33:54] Player (^DBD^ Maxo, 76561198148661627)(<1125.932373, 344.339203, 9971.625000>) requested data for lock!
[14:33:59] Player (^DBD^ Maxo, 76561198148661627)(<1125.932373, 344.339203, 9971.625000>) requested data for lock!
[14:34:04] Player (^DBD^ Maxo, 76561198148661627)(<1125.932373, 344.339203, 9971.625000>) requested data for lock!
[14:34:27] Player (^DBD^ Maxo, 76561198148661627)(<1189.316284, 344.580933, 9985.106445>) requested data for lock!
[14:34:55] Player (^DBD^ Maxo, 76561198148661627)(<1186.750732, 344.556030, 9985.829102>) requested data for lock!
[14:35:00] Player (^DBD^ Maxo, 76561198148661627)(<1184.751831, 344.556030, 9983.866211>) requested data for lock!
[14:35:08] Player (^DBD^ Maxo, 76561198148661627)(<1185.200195, 344.556030, 9979.226563>) requested data for lock!
[14:36:48] Player (^DBD^ Maxo, 76561198148661627)(<1186.750732, 344.556030, 9985.829102>) requested data for lock!
[14:36:56] Player (^DBD^ Maxo, 76561198148661627)(<1186.750732, 344.556030, 9985.829102>) requested data for lock!
[14:37:02] Player (^DBD^ Maxo, 76561198148661627)(<1186.750732, 344.556030, 9985.829102>) requested data for lock!
[14:37:08] Player (^DBD^ Maxo, 76561198148661627)(<1186.750732, 344.556030, 9985.829102>) requested data for lock!
[14:37:19] Player (^DBD^ Maxo, 76561198148661627)(<1189.316284, 344.580933, 9985.106445>) requested data for lock!
[14:38:24] Player (^DBD^ Maxo, 76561198148661627)(<1189.316284, 344.580933, 9985.106445>) requested data for lock!
[14:39:33] Player (^DBD^ Maxo, 76561198148661627)(<1189.316284, 344.580933, 9985.106445>) requested data for lock!
[14:39:50] Player (^DBD^ Maxo, 76561198148661627)(<1186.750732, 344.556030, 9985.829102>) requested data for lock!
[14:40:19] Player (^DBD^ Maxo, 76561198148661627)(<1182.824463, 344.556030, 9978.469727>) requested data for lock!
[14:41:05] Player (^DBD^ Maxo, 76561198148661627)(<1186.966064, 344.556030, 9980.056641>) requested data for lock!
[14:41:10] Player (^DBD^ Maxo, 76561198148661627)(<1184.278076, 344.556030, 9987.071289>) requested data for lock!
[14:41:36] Player (^DBD^ Maxo, 76561198148661627)(<1184.278076, 344.556030, 9987.071289>) requested data for lock!
[14:41:56] Player (^DBD^ Maxo, 76561198148661627)(<1181.235474, 344.556030, 9979.996094>) requested data for lock!
[14:45:17] Player (^DBD^ Maxo, 76561198148661627)(<1186.966064, 344.556030, 9980.056641>) requested data for lock!
[14:45:25] Player (^DBD^ Maxo, 76561198148661627)(<1186.966064, 344.556030, 9980.056641>) requested data for lock!
[14:46:25] Player (^DBD^ Maxo, 76561198148661627)(<1184.278076, 344.556030, 9987.071289>) requested data for lock!
[14:50:13] Player (^DBD^ Maxo, 76561198148661627)(<1184.278076, 344.556030, 9987.071289>) requested data for lock!
[14:53:34] Player (^DBD^ Maxo, 76561198148661627)(<1186.966064, 344.556030, 9980.056641>) requested data for lock!
[14:55:14] Player (^DBD^ Maxo, 76561198148661627)(<1182.824463, 344.556030, 9978.469727>) requested data for lock!
[14:55:24] Player (^DBD^ Maxo, 76561198148661627)(<1185.200195, 344.556030, 9979.226563>) requested data for lock!
[14:55:54] Player (^DBD^ Maxo, 76561198148661627)(<1182.824463, 344.556030, 9978.469727>) requested data for lock!
[14:56:33] Player (^DBD^ Maxo, 76561198148661627)(<1182.824463, 344.556030, 9978.469727>) requested data for lock!
[14:57:11] Player (KingHotDog, 76561199068832255)(<1185.200195, 344.556030, 9979.226563>) requested data for lock!
[14:57:48] Player (KingHotDog, 76561199068832255)(<1186.966064, 344.556030, 9980.056641>) requested data for lock!
[14:57:50] Player (^DBD^ Maxo, 76561198148661627)(<1180.122559, 344.556030, 9988.092773>) requested data for lock!
[14:57:55] Player (^DBD^ Maxo, 76561198148661627)(<1184.278076, 344.556030, 9987.071289>) requested data for lock!
[15:02:11] Player (^DBD^ Maxo, 76561198148661627)(<1182.824463, 344.556030, 9978.469727>) requested data for lock!
[15:02:18] Player (^DBD^ Maxo, 76561198148661627)(<1185.200195, 344.556030, 9979.226563>) requested data for lock!
[15:02:34] Player (^DBD^ Maxo, 76561198148661627)(<1184.751831, 344.556030, 9983.866211>) requested data for lock!
[15:02:39] Player (^DBD^ Maxo, 76561198148661627)(<1189.316284, 344.580933, 9985.106445>) requested data for lock!
[15:02:48] Player (^DBD^ Maxo, 76561198148661627)(<1186.750732, 344.556030, 9985.829102>) requested data for lock!
[15:03:17] Player (^DBD^ Maxo, 76561198148661627)(<1189.316284, 344.580933, 9985.106445>) requested data for lock!
[15:03:34] Player (^DBD^ Maxo, 76561198148661627)(<1189.316284, 344.580933, 9985.106445>) requested data for lock!
[15:04:59] Player (^DBD^ Maxo, 76561198148661627)(<1180.122559, 344.556030, 9988.092773>) requested data for lock!
[15:05:14] Player (^DBD^ Maxo, 76561198148661627)(<1184.278076, 344.556030, 9987.071289>) requested data for lock!
[15:05:19] Player (^DBD^ Maxo, 76561198148661627)(<1184.278076, 344.556030, 9987.071289>) requested data for lock!
[15:12:15] Player (^DBD^ Maxo, 76561198148661627)(<1184.751831, 344.556030, 9983.866211>) requested data for lock!
[15:12:23] Player (^DBD^ Maxo, 76561198148661627)(<1185.200195, 344.556030, 9979.226563>) requested data for lock!
[15:12:34] Player (^DBD^ Maxo, 76561198148661627)(<1186.750732, 344.556030, 9985.829102>) requested data for lock!
[15:13:16] Player (^DBD^ Maxo, 76561198148661627)(<1189.316284, 344.580933, 9985.106445>) requested data for lock!
[08-31-2021][15.47.38] Log file reloaded ( Server Restart )
[17:09:44] Player (^DBD^ Maxo, 76561198148661627)(<1189.316284, 344.580933, 9985.106445>) requested data for lock!
[17:09:52] Player (^DBD^ Maxo, 76561198148661627)(<1186.750732, 344.556030, 9985.829102>) requested data for lock!
[17:09:57] Player (^DBD^ Maxo, 76561198148661627)(<1184.751831, 344.556030, 9983.866211>) requested data for lock!
[17:11:06] Player (^DBD^ Maxo, 76561198148661627)(<1189.316284, 344.580933, 9985.106445>) requested data for lock!
[17:12:08] Player (^DBD^ Maxo, 76561198148661627)(<1185.200195, 344.556030, 9979.226563>) requested data for lock!
[17:12:13] Player (^DBD^ Maxo, 76561198148661627)(<1186.966064, 344.556030, 9980.056641>) requested data for lock!
[17:12:18] Player (^DBD^ Maxo, 76561198148661627)(<1182.824463, 344.556030, 9978.469727>) requested data for lock!
[17:12:23] Player (^DBD^ Maxo, 76561198148661627)(<1181.235474, 344.556030, 9979.996094>) requested data for lock!
[17:13:15] Player (^DBD^ Maxo, 76561198148661627)(<1189.316284, 344.580933, 9985.106445>) requested data for lock!
[17:18:44] Player (^DBD^ Maxo, 76561198148661627)(<1185.200195, 344.556030, 9979.226563>) requested data for lock!
[17:20:25] Player (^DBD^ Maxo, 76561198148661627)(<1189.316284, 344.580933, 9985.106445>) requested data for lock!
[17:23:13] Player (^DBD^ Maxo, 76561198148661627)(<1184.278076, 344.556030, 9987.071289>) requested data for lock!
[17:23:35] Player (^DBD^ Maxo, 76561198148661627)(<1184.278076, 344.556030, 9987.071289>) requested data for lock!
[17:27:31] Player (^DBD^ Maxo, 76561198148661627)(<1189.316284, 344.580933, 9985.106445>) requested data for lock!
[17:27:40] Player (^DBD^ Maxo, 76561198148661627)(<1189.316284, 344.580933, 9985.106445>) requested data for lock!
[17:35:00] Player (^DBD^ Maxo, 76561198148661627)(<1182.824463, 344.556030, 9978.469727>) requested data for lock!
[17:35:14] Player (^DBD^ Maxo, 76561198148661627)(<1184.278076, 344.556030, 9987.071289>) requested data for lock!
[17:37:14] Player (^DBD^ Maxo, 76561198148661627)(<1166.893311, 345.748413, 9984.816406>) requested data for lock!
[17:37:19] Player (^DBD^ Maxo, 76561198148661627)(<1166.893311, 345.748413, 9984.816406>) requested data for lock!
[17:37:24] Player (^DBD^ Maxo, 76561198148661627)(<1166.893311, 345.748413, 9984.816406>) requested data for lock!
[17:37:29] Player (^DBD^ Maxo, 76561198148661627)(<1166.893311, 345.748413, 9984.816406>) requested data for lock!
[17:37:37] Player (^DBD^ Maxo, 76561198148661627)(<1166.893311, 345.748413, 9984.816406>) requested data for lock!
[17:37:41] Player (^DBD^ Maxo, 76561198148661627)(<1166.893311, 345.748413, 9984.816406>) requested data for lock!
[17:37:49] Player (^DBD^ Maxo, 76561198148661627)(<1166.893311, 345.748413, 9984.816406>) requested data for lock!
[17:37:57] Player (^DBD^ Maxo, 76561198148661627)(<1166.893311, 345.748413, 9984.816406>) requested data for lock!
[17:39:54] Player (^DBD^ Maxo, 76561198148661627)(<1166.893311, 345.748413, 9984.816406>) requested data for lock!
[17:43:20] Player (^DBD^ Maxo, 76561198148661627)(<1166.893311, 345.748413, 9984.816406>) requested data for lock!
[17:43:29] Player (^DBD^ Maxo, 76561198148661627)(<1166.893311, 345.748413, 9984.816406>) requested data for lock!
[17:47:54] Player (^DBD^ Maxo, 76561198148661627)(<1187.540894, 344.556030, 9991.790039>) requested data for lock!
[17:47:59] Player (^DBD^ Maxo, 76561198148661627)(<1187.540894, 344.556030, 9991.790039>) requested data for lock!
[17:48:43] Player (^DBD^ Maxo, 76561198148661627)(<1187.540894, 344.556030, 9991.790039>) requested data for lock!
[17:49:15] Player (^DBD^ Maxo, 76561198148661627)(<1187.540894, 344.556030, 9991.790039>) requested data for lock!
[17:49:46] Player (^DBD^ Maxo, 76561198148661627)(<1185.200195, 344.556030, 9979.226563>) requested data for lock!
[17:49:59] Player (^DBD^ Maxo, 76561198148661627)(<1184.751831, 344.556030, 9983.866211>) requested data for lock!
[17:50:42] Player (^DBD^ Maxo, 76561198148661627)(<1180.122559, 344.556030, 9988.092773>) requested data for lock!
[17:51:42] Player (^DBD^ Maxo, 76561198148661627)(<1182.824463, 344.556030, 9978.469727>) requested data for lock!
[17:51:51] Player (^DBD^ Maxo, 76561198148661627)(<1182.824463, 344.556030, 9978.469727>) requested data for lock!
[17:51:59] Player (^DBD^ Maxo, 76561198148661627)(<1182.824463, 344.556030, 9978.469727>) requested data for lock!
[17:52:35] Player (^DBD^ Maxo, 76561198148661627)(<1182.824463, 344.556030, 9978.469727>) requested data for lock!
[17:53:00] Player (^DBD^ Maxo, 76561198148661627)(<1182.824463, 344.556030, 9978.469727>) requested data for lock!
[17:53:05] Player (^DBD^ Maxo, 76561198148661627)(<1186.966064, 344.556030, 9980.056641>) requested data for lock!
[19:16:04] Player (^DBD^ Maxo, 76561198148661627)(<1184.751831, 344.556030, 9983.866211>) requested data for lock!
[19:16:09] Player (^DBD^ Maxo, 76561198148661627)(<1184.278076, 344.556030, 9987.071289>) requested data for lock!
[19:17:32] Player (^DBD^ Maxo, 76561198148661627)(<1184.751831, 344.556030, 9983.866211>) requested data for lock!
[19:17:38] Player (^DBD^ Maxo, 76561198148661627)(<1180.122559, 344.556030, 9988.092773>) requested data for lock!
[20:27:36] Player (^DBD^ Maxo, 76561198148661627)(<1180.122559, 344.556030, 9988.092773>) requested data for lock!
[20:27:45] Player (^DBD^ Maxo, 76561198148661627)(<1184.278076, 344.556030, 9987.071289>) requested data for lock!
[20:28:50] Player (^DBD^ Maxo, 76561198148661627)(<1184.278076, 344.556030, 9987.071289>) requested data for lock!
[20:28:55] Player (^DBD^ Maxo, 76561198148661627)(<1184.278076, 344.556030, 9987.071289>) requested data for lock!
[20:29:00] Player (^DBD^ Maxo, 76561198148661627)(<1184.278076, 344.556030, 9987.071289>) requested data for lock!
[20:29:05] Player (^DBD^ Maxo, 76561198148661627)(<1184.278076, 344.556030, 9987.071289>) requested data for lock!
[20:29:10] Player (^DBD^ Maxo, 76561198148661627)(<1184.751831, 344.556030, 9983.866211>) requested data for lock!
[20:29:16] Player (^DBD^ Maxo, 76561198148661627)(<1185.200195, 344.556030, 9979.226563>) requested data for lock!
[20:35:58] Player (^DBD^ Maxo, 76561198148661627)(<1185.200195, 344.556030, 9979.226563>) requested data for lock!
[20:36:03] Player (^DBD^ Maxo, 76561198148661627)(<1186.966064, 344.556030, 9980.056641>) requested data for lock!
[20:36:08] Player (^DBD^ Maxo, 76561198148661627)(<1186.966064, 344.556030, 9980.056641>) requested data for lock!
[20:36:13] Player (^DBD^ Maxo, 76561198148661627)(<1182.824463, 344.556030, 9978.469727>) requested data for lock!
[20:36:18] Player (^DBD^ Maxo, 76561198148661627)(<1181.235474, 344.556030, 9979.996094>) requested data for lock!
[20:38:17] Player (^DBD^ Maxo, 76561198148661627)(<1182.824463, 344.556030, 9978.469727>) requested data for lock!
[20:43:21] Player (^DBD^ Maxo, 76561198148661627)(<1182.824463, 344.556030, 9978.469727>) requested data for lock!
[20:43:49] Player (^DBD^ Maxo, 76561198148661627)(<1182.824463, 344.556030, 9978.469727>) requested data for lock!
[20:44:05] Player (^DBD^ Maxo, 76561198148661627)(<1182.824463, 344.556030, 9978.469727>) requested data for lock!
[20:44:12] Player (^DBD^ Maxo, 76561198148661627)(<1184.278076, 344.556030, 9987.071289>) requested data for lock!
[20:44:47] Player (^DBD^ Maxo, 76561198148661627)(<1186.750732, 344.556030, 9985.829102>) requested data for lock!
[20:44:52] Player (^DBD^ Maxo, 76561198148661627)(<1187.540894, 344.556030, 9991.790039>) requested data for lock!
[20:45:46] Player (^DBD^ Maxo, 76561198148661627)(<1187.540894, 344.556030, 9991.790039>) requested data for lock!
[20:45:54] Player (^DBD^ Maxo, 76561198148661627)(<1180.122559, 344.556030, 9988.092773>) requested data for lock!
[20:45:59] Player (^DBD^ Maxo, 76561198148661627)(<1180.122559, 344.556030, 9988.092773>) requested data for lock!
[20:47:23] Player (^DBD^ Maxo, 76561198148661627)(<1189.316284, 344.580933, 9985.106445>) requested data for lock!
[20:48:16] Player (^DBD^ Maxo, 76561198148661627)(<1189.316284, 344.580933, 9985.106445>) requested data for lock!
[20:48:48] Player (^DBD^ Maxo, 76561198148661627)(<1182.824463, 344.556030, 9978.469727>) requested data for lock!
[20:49:49] Player (^DBD^ Maxo, 76561198148661627)(<1189.316284, 344.580933, 9985.106445>) requested data for lock!
[20:51:22] Player (^DBD^ Maxo, 76561198148661627)(<1189.316284, 344.580933, 9985.106445>) requested data for lock!
[20:53:25] Player (^DBD^ Maxo, 76561198148661627)(<1180.172852, 344.556030, 9987.970703>) requested data for lock!
[20:53:30] Player (^DBD^ Maxo, 76561198148661627)(<1180.172852, 344.556030, 9987.970703>) requested data for lock!
[20:53:35] Player (^DBD^ Maxo, 76561198148661627)(<1180.172852, 344.556030, 9987.970703>) requested data for lock!
[20:55:25] Player (^DBD^ Maxo, 76561198148661627)(<1178.932983, 344.707672, 9989.684570>) requested data for lock!
[20:55:30] Player (^DBD^ Maxo, 76561198148661627)(<1178.932983, 344.707672, 9989.684570>) requested data for lock!
[20:55:35] Player (^DBD^ Maxo, 76561198148661627)(<1178.932983, 344.707672, 9989.684570>) requested data for lock!
[20:55:56] Player (^DBD^ Maxo, 76561198148661627)(<1180.172852, 344.556030, 9987.970703>) requested data for lock!
[20:56:05] Player (^DBD^ Maxo, 76561198148661627)(<1180.172852, 344.556030, 9987.970703>) requested data for lock!
[20:56:11] Player (^DBD^ Maxo, 76561198148661627)(<1189.316284, 344.580933, 9985.106445>) requested data for lock!
[20:56:40] Player (^DBD^ Maxo, 76561198148661627)(<1184.278076, 344.556030, 9987.071289>) requested data for lock!
[20:56:50] Player (^DBD^ Maxo, 76561198148661627)(<1184.751831, 344.556030, 9983.866211>) requested data for lock!
[20:56:57] Player (^DBD^ Maxo, 76561198148661627)(<1186.750732, 344.556030, 9985.829102>) requested data for lock!
[20:57:33] Player (^DBD^ Maxo, 76561198148661627)(<1186.966064, 344.556030, 9980.056641>) requested data for lock!
[20:57:40] Player (^DBD^ Maxo, 76561198148661627)(<1182.824463, 344.556030, 9978.469727>) requested data for lock!
[08-31-2021][21.06.14] Log file reloaded ( Server Restart )
[21:27:46] Player (KingHotDog, 76561199068832255)(<7792.361328, 313.654327, 6894.910645>) requested data for lock!
[21:27:51] Player (KingHotDog, 76561199068832255)(<7792.361328, 313.654327, 6894.910645>) requested data for lock!
[21:28:14] Player (KingHotDog, 76561199068832255)(<7801.914551, 315.043640, 6893.657715>) requested data for lock!
[21:48:57] Player (Sauce, 76561199194857204)(<7801.914551, 315.043640, 6893.657715>) requested data for lock!
[21:49:25] Player (Sauce, 76561199194857204)(<7792.361328, 313.654327, 6894.910645>) requested data for lock!
[21:53:47] Player (Sauce, 76561199194857204)(<7792.361328, 313.654327, 6894.910645>) requested data for lock!
[21:54:54] Player (Sauce, 76561199194857204)(<7792.361328, 313.654327, 6894.910645>) requested data for lock!
[21:58:01] Player (Sauce, 76561199194857204)(<7801.914551, 315.043640, 6893.657715>) requested data for lock!
[21:59:38] Player (Sauce, 76561199194857204)(<7802.306641, 314.866455, 6893.690918>) requested data for lock!
[22:00:14] Player (Sauce, 76561199194857204)(<7802.306641, 314.866455, 6893.690918>) requested data for lock!
[22:00:22] Player (Sauce, 76561199194857204)(<7792.361328, 313.654327, 6894.910645>) requested data for lock!
[22:00:52] Player (Sauce, 76561199194857204)(<7802.306641, 314.866455, 6893.690918>) requested data for lock!
[22:01:38] Player (Sauce, 76561199194857204)(<7802.306641, 314.866455, 6893.690918>) requested data for lock!
[22:01:59] Player (Sauce, 76561199194857204)(<7802.306641, 314.866455, 6893.690918>) requested data for lock!
[22:02:27] Player (Sauce, 76561199194857204)(<7802.306641, 314.866455, 6893.690918>) requested data for lock!
[22:03:17] Player (Sauce, 76561199194857204)(<7802.306641, 314.866455, 6893.690918>) requested data for lock!
[22:04:47] Player (Sauce, 76561199194857204)(<7802.306641, 314.866455, 6893.690918>) requested data for lock!
[22:05:42] Player (Sauce, 76561199194857204)(<7801.914551, 315.043640, 6893.657715>) requested data for lock!
[22:05:53] Player (Sauce, 76561199194857204)(<7801.914551, 315.043640, 6893.657715>) requested data for lock!
[22:08:34] Player (Sauce, 76561199194857204)(<7802.306641, 314.866455, 6893.690918>) requested data for lock!
[22:09:26] Player (Sauce, 76561199194857204)(<7801.914551, 315.043640, 6893.657715>) requested data for lock!
[02:26:54] Player (^DBD^ Maxo, 76561198148661627)(<1184.751831, 344.556030, 9983.866211>) requested data for lock!
[02:27:02] Player (^DBD^ Maxo, 76561198148661627)(<1186.966064, 344.556030, 9980.056641>) requested data for lock!
[02:27:08] Player (^DBD^ Maxo, 76561198148661627)(<1184.751831, 344.556030, 9983.866211>) requested data for lock!
[02:27:14] Player (^DBD^ Maxo, 76561198148661627)(<1184.751831, 344.556030, 9983.866211>) requested data for lock!
[02:27:19] Player (^DBD^ Maxo, 76561198148661627)(<1184.751831, 344.556030, 9983.866211>) requested data for lock!
[02:27:28] Player (^DBD^ Maxo, 76561198148661627)(<1186.750732, 344.556030, 9985.829102>) requested data for lock!
[02:27:34] Player (^DBD^ Maxo, 76561198148661627)(<1187.540894, 344.556030, 9991.790039>) requested data for lock!
[02:28:25] Player (^DBD^ Maxo, 76561198148661627)(<1187.540894, 344.556030, 9991.790039>) requested data for lock!
[02:28:32] Player (^DBD^ Maxo, 76561198148661627)(<1187.540894, 344.556030, 9991.790039>) requested data for lock!
[02:28:37] Player (^DBD^ Maxo, 76561198148661627)(<1184.751831, 344.556030, 9983.866211>) requested data for lock!
[02:28:42] Player (^DBD^ Maxo, 76561198148661627)(<1185.200195, 344.556030, 9979.226563>) requested data for lock!
[02:29:05] Player (^DBD^ Maxo, 76561198148661627)(<1185.200195, 344.556030, 9979.226563>) requested data for lock!
[02:29:17] Player (^DBD^ Maxo, 76561198148661627)(<1185.200195, 344.556030, 9979.226563>) requested data for lock!
[02:29:29] Player (^DBD^ Maxo, 76561198148661627)(<1184.278076, 344.556030, 9987.071289>) requested data for lock!
[02:29:34] Player (^DBD^ Maxo, 76561198148661627)(<1189.316284, 344.580933, 9985.106445>) requested data for lock!
[02:29:51] Player (^DBD^ Maxo, 76561198148661627)(<1166.893311, 345.748413, 9984.816406>) requested data for lock!
