[08-29-2021][04.16.13] New Synch Log File Created!
[04:29:53] Player (Sauce, 76561199194857204)(<7802.306641, 314.866455, 6893.690918>) requested data for lock!
[04:35:47] Player (Sauce, 76561199194857204)(<7802.306641, 314.866455, 6893.690918>) requested data for lock!
[04:45:04] Player (Sauce, 76561199194857204)(<7802.306641, 314.866455, 6893.690918>) requested data for lock!
[04:45:10] Player (Sauce, 76561199194857204)(<7802.306641, 314.866455, 6893.690918>) requested data for lock!
[04:47:55] Player (Sauce, 76561199194857204)(<7802.306641, 314.866455, 6893.690918>) requested data for lock!
[04:52:26] Player (Sauce, 76561199194857204)(<7802.306641, 314.866455, 6893.690918>) requested data for lock!
[04:54:30] Player (Sauce, 76561199194857204)(<7802.306641, 314.866455, 6893.690918>) requested data for lock!
[04:54:57] Player (Sauce, 76561199194857204)(<7802.306641, 314.866455, 6893.690918>) requested data for lock!
[04:55:55] Player (Sauce, 76561199194857204)(<7802.306641, 314.866455, 6893.690918>) requested data for lock!
[04:56:03] Player (Sauce, 76561199194857204)(<7802.306641, 314.866455, 6893.690918>) requested data for lock!
[04:56:22] Player (Sauce, 76561199194857204)(<7802.306641, 314.866455, 6893.690918>) requested data for lock!
[05:02:11] Player (Sauce, 76561199194857204)(<7802.306641, 314.866455, 6893.690918>) requested data for lock!
[05:04:05] Player (Sauce, 76561199194857204)(<7802.306641, 314.866455, 6893.690918>) requested data for lock!
[05:09:02] Player (Sauce, 76561199194857204)(<7801.914551, 315.043640, 6893.657715>) requested data for lock!
[05:09:07] Player (Sauce, 76561199194857204)(<7801.914551, 315.043640, 6893.657715>) requested data for lock!
[05:09:12] Player (Sauce, 76561199194857204)(<7801.914551, 315.043640, 6893.657715>) requested data for lock!
[05:09:17] Player (Sauce, 76561199194857204)(<7801.914551, 315.043640, 6893.657715>) requested data for lock!
[05:09:23] Player (Sauce, 76561199194857204)(<7801.914551, 315.043640, 6893.657715>) requested data for lock!
[05:10:18] Player (Sauce, 76561199194857204)(<7792.361328, 313.654327, 6894.910645>) requested data for lock!
[05:10:26] Player (Sauce, 76561199194857204)(<7792.361328, 313.654327, 6894.910645>) requested data for lock!
[05:10:31] Player (Sauce, 76561199194857204)(<7792.361328, 313.654327, 6894.910645>) requested data for lock!
[05:10:41] Player (Sauce, 76561199194857204)(<7792.361328, 313.654327, 6894.910645>) requested data for lock!
[05:10:52] Player (Sauce, 76561199194857204)(<7801.914551, 315.043640, 6893.657715>) requested data for lock!
[05:10:58] Player (Sauce, 76561199194857204)(<7802.306641, 314.866455, 6893.690918>) requested data for lock!
[05:11:11] Player (Sauce, 76561199194857204)(<7801.914551, 315.043640, 6893.657715>) requested data for lock!
[05:11:16] Player (Sauce, 76561199194857204)(<7801.914551, 315.043640, 6893.657715>) requested data for lock!
[05:13:05] Player (Sauce, 76561199194857204)(<7792.361328, 313.654327, 6894.910645>) requested data for lock!
[05:13:22] Player (Sauce, 76561199194857204)(<7801.914551, 315.043640, 6893.657715>) requested data for lock!
[05:13:28] Player (Sauce, 76561199194857204)(<7801.914551, 315.043640, 6893.657715>) requested data for lock!
[05:14:33] Player (Sauce, 76561199194857204)(<7801.914551, 315.043640, 6893.657715>) requested data for lock!
[05:14:47] Player (Sauce, 76561199194857204)(<7792.361328, 313.654327, 6894.910645>) requested data for lock!
[06:34:44] Player (Sauce, 76561199194857204)(<7802.306641, 314.866455, 6893.690918>) requested data for lock!
[06:35:11] Player (Sauce, 76561199194857204)(<7801.914551, 315.043640, 6893.657715>) requested data for lock!
[06:35:20] Player (Sauce, 76561199194857204)(<7801.914551, 315.043640, 6893.657715>) requested data for lock!
[06:37:54] Player (Sauce, 76561199194857204)(<7792.361328, 313.654327, 6894.910645>) requested data for lock!
[06:38:00] Player (Sauce, 76561199194857204)(<7792.361328, 313.654327, 6894.910645>) requested data for lock!
[06:44:38] Player (Sauce, 76561199194857204)(<7802.306641, 314.866455, 6893.690918>) requested data for lock!
[06:44:49] Player (Sauce, 76561199194857204)(<7802.306641, 314.866455, 6893.690918>) requested data for lock!
[06:44:54] Player (Sauce, 76561199194857204)(<7802.306641, 314.866455, 6893.690918>) requested data for lock!
[06:48:30] Player (Sauce, 76561199194857204)(<7801.914551, 315.043640, 6893.657715>) requested data for lock!
[06:49:23] Player (Sauce, 76561199194857204)(<7801.914551, 315.043640, 6893.657715>) requested data for lock!
[07:22:14] Player (Dr. Mauler, 76561198022416611)(<12884.483398, 69.317932, 15105.002930>) requested data for lock!
[07:22:19] Player (Dr. Mauler, 76561198022416611)(<12884.335938, 69.317932, 15105.151367>) requested data for lock!
[07:22:24] Player (Dr. Mauler, 76561198022416611)(<12884.321289, 64.531334, 15105.812500>) requested data for lock!
[07:22:29] Player (Dr. Mauler, 76561198022416611)(<12888.545898, 64.531334, 15107.648438>) requested data for lock!
[07:22:34] Player (Dr. Mauler, 76561198022416611)(<12890.177734, 64.436760, 15109.198242>) requested data for lock!
[07:22:56] Player (Dr. Mauler, 76561198022416611)(<12890.177734, 64.436760, 15109.198242>) requested data for lock!
[07:23:03] Player (Dr. Mauler, 76561198022416611)(<12890.177734, 64.436760, 15109.198242>) requested data for lock!
[07:23:12] Player (Dr. Mauler, 76561198022416611)(<12890.177734, 64.436760, 15109.198242>) requested data for lock!
[08:21:26] Player (Dr. Mauler, 76561198022416611)(<12890.177734, 64.436760, 15109.198242>) requested data for lock!
[08:21:32] Player (Dr. Mauler, 76561198022416611)(<12888.545898, 64.531334, 15107.648438>) requested data for lock!
[08:21:38] Player (Dr. Mauler, 76561198022416611)(<12884.321289, 64.531334, 15105.812500>) requested data for lock!
[08:21:46] Player (Dr. Mauler, 76561198022416611)(<12884.335938, 69.317932, 15105.151367>) requested data for lock!
[08:21:51] Player (Dr. Mauler, 76561198022416611)(<12884.483398, 69.317932, 15105.002930>) requested data for lock!
[08:23:53] Player (Kaleb, 76561198892748368)(<11153.391602, 200.794144, 12304.242188>) requested data for lock!
[08:23:58] Player (Kaleb, 76561198892748368)(<11161.032227, 199.577621, 12307.233398>) requested data for lock!
[08:26:28] Player (Kaleb, 76561198892748368)(<11157.393555, 204.045959, 12310.053711>) requested data for lock!
[08:26:39] Player (Kaleb, 76561198892748368)(<11161.232422, 202.830002, 12301.918945>) requested data for lock!
[08:26:45] Player (Kaleb, 76561198892748368)(<11161.232422, 202.830002, 12301.918945>) requested data for lock!
[08:28:02] Player (Kaleb, 76561198892748368)(<11157.393555, 204.045959, 12310.053711>) requested data for lock!
[08:28:39] Player (Kaleb, 76561198892748368)(<11157.393555, 204.045959, 12310.053711>) requested data for lock!
[08:28:57] Player (Kaleb, 76561198892748368)(<11161.032227, 199.577621, 12307.233398>) requested data for lock!
[08:29:42] Player (Kaleb, 76561198892748368)(<11155.415039, 200.212296, 12294.655273>) requested data for lock!
[08:29:47] Player (Kaleb, 76561198892748368)(<11167.115234, 198.855804, 12297.868164>) requested data for lock!
[08:29:52] Player (Kaleb, 76561198892748368)(<11167.115234, 198.855804, 12297.868164>) requested data for lock!
[08:36:34] Player (Kaleb, 76561198892748368)(<11167.115234, 198.855804, 12297.868164>) requested data for lock!
[08:36:53] Player (Kaleb, 76561198892748368)(<11167.115234, 198.855804, 12297.868164>) requested data for lock!
[08:37:16] Player (Kaleb, 76561198892748368)(<11155.415039, 200.212296, 12294.655273>) requested data for lock!
[08:37:21] Player (Kaleb, 76561198892748368)(<11153.391602, 200.794144, 12304.242188>) requested data for lock!
[08:37:44] Player (Kaleb, 76561198892748368)(<11157.393555, 204.045959, 12310.053711>) requested data for lock!
[08:38:30] Player (Kaleb, 76561198892748368)(<11153.391602, 200.794144, 12304.242188>) requested data for lock!
[08:38:35] Player (Kaleb, 76561198892748368)(<11155.415039, 200.212296, 12294.655273>) requested data for lock!
[08:50:12] Player (Dr. Mauler, 76561198022416611)(<12884.483398, 69.317932, 15105.002930>) requested data for lock!
[08:50:18] Player (Dr. Mauler, 76561198022416611)(<12888.545898, 64.531334, 15107.648438>) requested data for lock!
[08:50:23] Player (Dr. Mauler, 76561198022416611)(<12890.177734, 64.436760, 15109.198242>) requested data for lock!
[08:51:08] Player (Dr. Mauler, 76561198022416611)(<12890.177734, 64.436760, 15109.198242>) requested data for lock!
[08:51:13] Player (Dr. Mauler, 76561198022416611)(<12890.177734, 64.436760, 15109.198242>) requested data for lock!
[08:51:19] Player (Dr. Mauler, 76561198022416611)(<12888.545898, 64.531334, 15107.648438>) requested data for lock!
[08:51:24] Player (Dr. Mauler, 76561198022416611)(<12888.545898, 64.531334, 15107.648438>) requested data for lock!
[08:51:29] Player (Dr. Mauler, 76561198022416611)(<12888.545898, 64.531334, 15107.648438>) requested data for lock!
[08:51:34] Player (Dr. Mauler, 76561198022416611)(<12888.545898, 64.531334, 15107.648438>) requested data for lock!
[08:51:39] Player (Dr. Mauler, 76561198022416611)(<12888.545898, 64.531334, 15107.648438>) requested data for lock!
[08:51:44] Player (Dr. Mauler, 76561198022416611)(<12888.545898, 64.531334, 15107.648438>) requested data for lock!
[08:51:50] Player (Dr. Mauler, 76561198022416611)(<12888.545898, 64.531334, 15107.648438>) requested data for lock!
[08:51:55] Player (Dr. Mauler, 76561198022416611)(<12888.545898, 64.531334, 15107.648438>) requested data for lock!
[08:52:00] Player (Dr. Mauler, 76561198022416611)(<12888.545898, 64.531334, 15107.648438>) requested data for lock!
[08:52:05] Player (Dr. Mauler, 76561198022416611)(<12888.545898, 64.531334, 15107.648438>) requested data for lock!
[08:52:10] Player (Dr. Mauler, 76561198022416611)(<12888.545898, 64.531334, 15107.648438>) requested data for lock!
[08:52:15] Player (Dr. Mauler, 76561198022416611)(<12888.545898, 64.531334, 15107.648438>) requested data for lock!
[08:52:20] Player (Dr. Mauler, 76561198022416611)(<12888.545898, 64.531334, 15107.648438>) requested data for lock!
[08:52:25] Player (Dr. Mauler, 76561198022416611)(<12888.545898, 64.531334, 15107.648438>) requested data for lock!
[08:52:30] Player (Dr. Mauler, 76561198022416611)(<12888.545898, 64.531334, 15107.648438>) requested data for lock!
[08:52:35] Player (Dr. Mauler, 76561198022416611)(<12888.545898, 64.531334, 15107.648438>) requested data for lock!
[08:52:40] Player (Dr. Mauler, 76561198022416611)(<12888.545898, 64.531334, 15107.648438>) requested data for lock!
[08:52:45] Player (Dr. Mauler, 76561198022416611)(<12888.545898, 64.531334, 15107.648438>) requested data for lock!
[08:52:50] Player (Dr. Mauler, 76561198022416611)(<12888.545898, 64.531334, 15107.648438>) requested data for lock!
[08:52:55] Player (Dr. Mauler, 76561198022416611)(<12888.545898, 64.531334, 15107.648438>) requested data for lock!
[08:53:00] Player (Dr. Mauler, 76561198022416611)(<12888.545898, 64.531334, 15107.648438>) requested data for lock!
[08:53:05] Player (Dr. Mauler, 76561198022416611)(<12888.545898, 64.531334, 15107.648438>) requested data for lock!
[08:53:10] Player (Dr. Mauler, 76561198022416611)(<12888.545898, 64.531334, 15107.648438>) requested data for lock!
[08:53:15] Player (Dr. Mauler, 76561198022416611)(<12888.545898, 64.531334, 15107.648438>) requested data for lock!
[08:53:20] Player (Dr. Mauler, 76561198022416611)(<12888.545898, 64.531334, 15107.648438>) requested data for lock!
[08:53:25] Player (Dr. Mauler, 76561198022416611)(<12888.545898, 64.531334, 15107.648438>) requested data for lock!
[08:53:30] Player (Dr. Mauler, 76561198022416611)(<12888.545898, 64.531334, 15107.648438>) requested data for lock!
[08:53:35] Player (Dr. Mauler, 76561198022416611)(<12888.545898, 64.531334, 15107.648438>) requested data for lock!
[08:53:40] Player (Dr. Mauler, 76561198022416611)(<12888.545898, 64.531334, 15107.648438>) requested data for lock!
[08:53:45] Player (Dr. Mauler, 76561198022416611)(<12888.545898, 64.531334, 15107.648438>) requested data for lock!
[08:53:50] Player (Dr. Mauler, 76561198022416611)(<12888.545898, 64.531334, 15107.648438>) requested data for lock!
[08:53:55] Player (Dr. Mauler, 76561198022416611)(<12888.545898, 64.531334, 15107.648438>) requested data for lock!
[08:54:00] Player (Dr. Mauler, 76561198022416611)(<12888.545898, 64.531334, 15107.648438>) requested data for lock!
[08:54:05] Player (Dr. Mauler, 76561198022416611)(<12890.177734, 64.436760, 15109.198242>) requested data for lock!
[09:03:16] Player (Dr. Mauler, 76561198022416611)(<12890.177734, 64.436760, 15109.198242>) requested data for lock!
[09:03:22] Player (Dr. Mauler, 76561198022416611)(<12888.545898, 64.531334, 15107.648438>) requested data for lock!
[09:03:28] Player (Dr. Mauler, 76561198022416611)(<12884.335938, 69.317932, 15105.151367>) requested data for lock!
[09:13:11] Player (Dr. Mauler, 76561198022416611)(<12884.483398, 69.317932, 15105.002930>) requested data for lock!
[09:13:16] Player (Dr. Mauler, 76561198022416611)(<12884.321289, 64.531334, 15105.812500>) requested data for lock!
[09:13:26] Player (Dr. Mauler, 76561198022416611)(<12884.321289, 64.531334, 15105.812500>) requested data for lock!
[09:13:31] Player (Dr. Mauler, 76561198022416611)(<12884.321289, 64.531334, 15105.812500>) requested data for lock!
[09:13:36] Player (Dr. Mauler, 76561198022416611)(<12884.321289, 64.531334, 15105.812500>) requested data for lock!
[09:16:12] Player (Dr. Mauler, 76561198022416611)(<12884.335938, 69.317932, 15105.151367>) requested data for lock!
[09:16:17] Player (Dr. Mauler, 76561198022416611)(<12884.335938, 69.317932, 15105.151367>) requested data for lock!
[09:16:22] Player (Dr. Mauler, 76561198022416611)(<12888.545898, 64.531334, 15107.648438>) requested data for lock!
[09:16:34] Player (Dr. Mauler, 76561198022416611)(<12888.545898, 64.531334, 15107.648438>) requested data for lock!
[09:26:55] Player (Dr. Mauler, 76561198022416611)(<12890.177734, 64.436760, 15109.198242>) requested data for lock!
[09:28:37] Player (Dr. Mauler, 76561198022416611)(<12890.177734, 64.436760, 15109.198242>) requested data for lock!
[09:28:47] Player (Dr. Mauler, 76561198022416611)(<12884.321289, 64.531334, 15105.812500>) requested data for lock!
[09:28:52] Player (Dr. Mauler, 76561198022416611)(<12884.335938, 69.317932, 15105.151367>) requested data for lock!
[09:29:37] Player (Dr. Mauler, 76561198022416611)(<12884.483398, 69.317932, 15105.002930>) requested data for lock!
[09:29:46] Player (Dr. Mauler, 76561198022416611)(<12884.483398, 69.317932, 15105.002930>) requested data for lock!
[09:30:24] Player (Dr. Mauler, 76561198022416611)(<12884.335938, 69.317932, 15105.151367>) requested data for lock!
[09:30:29] Player (Dr. Mauler, 76561198022416611)(<12888.545898, 64.531334, 15107.648438>) requested data for lock!
[09:30:35] Player (Dr. Mauler, 76561198022416611)(<12888.545898, 64.531334, 15107.648438>) requested data for lock!
[09:30:43] Player (Dr. Mauler, 76561198022416611)(<12884.321289, 64.531334, 15105.812500>) requested data for lock!
[09:31:52] Player (Dr. Mauler, 76561198022416611)(<12884.483398, 69.317932, 15105.002930>) requested data for lock!
[09:31:57] Player (Dr. Mauler, 76561198022416611)(<12884.483398, 69.317932, 15105.002930>) requested data for lock!
[09:32:02] Player (Dr. Mauler, 76561198022416611)(<12884.483398, 69.317932, 15105.002930>) requested data for lock!
[09:33:30] Player (Dr. Mauler, 76561198022416611)(<12884.335938, 69.317932, 15105.151367>) requested data for lock!
[09:34:05] Player (Dr. Mauler, 76561198022416611)(<12884.483398, 69.317932, 15105.002930>) requested data for lock!
[09:34:10] Player (Dr. Mauler, 76561198022416611)(<12884.483398, 69.317932, 15105.002930>) requested data for lock!
[09:34:15] Player (Dr. Mauler, 76561198022416611)(<12884.483398, 69.317932, 15105.002930>) requested data for lock!
[09:34:20] Player (Dr. Mauler, 76561198022416611)(<12884.483398, 69.317932, 15105.002930>) requested data for lock!
[09:34:25] Player (Dr. Mauler, 76561198022416611)(<12884.483398, 69.317932, 15105.002930>) requested data for lock!
[09:34:30] Player (Dr. Mauler, 76561198022416611)(<12884.483398, 69.317932, 15105.002930>) requested data for lock!
[09:34:35] Player (Dr. Mauler, 76561198022416611)(<12884.483398, 69.317932, 15105.002930>) requested data for lock!
[09:34:40] Player (Dr. Mauler, 76561198022416611)(<12884.483398, 69.317932, 15105.002930>) requested data for lock!
[09:34:45] Player (Dr. Mauler, 76561198022416611)(<12884.483398, 69.317932, 15105.002930>) requested data for lock!
[09:35:03] Player (Dr. Mauler, 76561198022416611)(<12884.483398, 69.317932, 15105.002930>) requested data for lock!
[08-29-2021][10.18.29] Log file reloaded ( Server Restart )
[11:03:18] Player (Kaleb, 76561198892748368)(<11167.115234, 198.855804, 12297.868164>) requested data for lock!
[11:03:42] Player (Kaleb, 76561198892748368)(<11167.115234, 198.855804, 12297.868164>) requested data for lock!
[11:04:01] Player (Kaleb, 76561198892748368)(<11167.115234, 198.855804, 12297.868164>) requested data for lock!
[11:04:06] Player (Kaleb, 76561198892748368)(<11155.415039, 200.212296, 12294.655273>) requested data for lock!
[11:04:13] Player (Kaleb, 76561198892748368)(<11153.391602, 200.794144, 12304.242188>) requested data for lock!
[11:04:58] Player (Kaleb, 76561198892748368)(<11153.391602, 200.794144, 12304.242188>) requested data for lock!
[11:05:04] Player (Kaleb, 76561198892748368)(<11157.393555, 204.045959, 12310.053711>) requested data for lock!
[11:08:16] Player (Kaleb, 76561198892748368)(<11161.232422, 202.830002, 12301.918945>) requested data for lock!
[11:09:10] Player (Kaleb, 76561198892748368)(<11153.391602, 200.794144, 12304.242188>) requested data for lock!
[11:10:14] Player (Kaleb, 76561198892748368)(<11153.391602, 200.794144, 12304.242188>) requested data for lock!
[11:12:57] Player (Kaleb, 76561198892748368)(<11155.415039, 200.212296, 12294.655273>) requested data for lock!
[11:13:28] Player (Kaleb, 76561198892748368)(<11155.415039, 200.212296, 12294.655273>) requested data for lock!
[11:13:39] Player (Kaleb, 76561198892748368)(<11153.391602, 200.794144, 12304.242188>) requested data for lock!
[11:13:56] Player (Kaleb, 76561198892748368)(<11153.391602, 200.794144, 12304.242188>) requested data for lock!
[11:14:35] Player (Kaleb, 76561198892748368)(<11153.391602, 200.794144, 12304.242188>) requested data for lock!
[11:16:30] Player (Kaleb, 76561198892748368)(<11153.391602, 200.794144, 12304.242188>) requested data for lock!
[11:16:43] Player (Kaleb, 76561198892748368)(<11161.032227, 199.577621, 12307.233398>) requested data for lock!
[11:17:31] Player (Kaleb, 76561198892748368)(<11157.393555, 204.045959, 12310.053711>) requested data for lock!
[11:18:48] Player (Kaleb, 76561198892748368)(<11161.232422, 202.830002, 12301.918945>) requested data for lock!
[11:20:37] Player (Kaleb, 76561198892748368)(<11157.393555, 204.045959, 12310.053711>) requested data for lock!
[11:21:18] Player (Kaleb, 76561198892748368)(<11155.415039, 200.212296, 12294.655273>) requested data for lock!
[11:21:28] Player (Kaleb, 76561198892748368)(<11167.115234, 198.855804, 12297.868164>) requested data for lock!
[11:21:44] Player (Kaleb, 76561198892748368)(<11167.115234, 198.855804, 12297.868164>) requested data for lock!
[11:46:50] Player (PussinaBush, 76561198086263481)(<13298.168945, 69.805489, 12103.271484>) requested data for lock!
[11:46:56] Player (PussinaBush, 76561198086263481)(<13298.168945, 69.805489, 12103.271484>) requested data for lock!
[11:47:09] Player (PussinaBush, 76561198086263481)(<13298.168945, 69.805489, 12103.271484>) requested data for lock!
[11:48:45] Player (PussinaBush, 76561198086263481)(<13295.887695, 71.638863, 12122.681641>) requested data for lock!
[11:48:51] Player (PussinaBush, 76561198086263481)(<13309.554688, 71.606522, 12124.805664>) requested data for lock!
[12:05:27] Player (PussinaBush, 76561198086263481)(<13310.330078, 70.417130, 12134.539063>) requested data for lock!
[13:36:55] Player (Kaleb, 76561198892748368)(<11155.415039, 200.212296, 12294.655273>) requested data for lock!
[13:37:04] Player (Kaleb, 76561198892748368)(<11167.115234, 198.855804, 12297.868164>) requested data for lock!
[13:37:48] Player (Kaleb, 76561198892748368)(<11167.115234, 198.855804, 12297.868164>) requested data for lock!
[13:38:00] Player (Kaleb, 76561198892748368)(<11153.391602, 200.794144, 12304.242188>) requested data for lock!
[13:38:16] Player (Kaleb, 76561198892748368)(<11157.393555, 204.045959, 12310.053711>) requested data for lock!
[13:41:49] Player (^DBD^ Maxo, 76561198148661627)(<1186.712402, 344.556030, 9985.844727>) requested data for lock!
[13:42:41] Player (^DBD^ Maxo, 76561198148661627)(<1186.712402, 344.556030, 9985.844727>) requested data for lock!
[13:43:03] Player (^DBD^ Maxo, 76561198148661627)(<1186.712402, 344.556030, 9985.844727>) requested data for lock!
[13:43:08] Player (^DBD^ Maxo, 76561198148661627)(<1184.751831, 344.556030, 9983.866211>) requested data for lock!
[13:43:33] Player (^DBD^ Maxo, 76561198148661627)(<1181.235474, 344.556030, 9979.996094>) requested data for lock!
[13:43:38] Player (^DBD^ Maxo, 76561198148661627)(<1182.824463, 344.556030, 9978.469727>) requested data for lock!
[13:48:21] Player (^DBD^ Maxo, 76561198148661627)(<1186.966064, 344.556030, 9980.056641>) requested data for lock!
[13:48:27] Player (^DBD^ Maxo, 76561198148661627)(<1185.200195, 344.556030, 9979.226563>) requested data for lock!
[13:49:58] Player (^DBD^ Maxo, 76561198148661627)(<1184.278076, 344.556030, 9987.071289>) requested data for lock!
[13:50:57] Player (Kaleb, 76561198892748368)(<11153.391602, 200.794144, 12304.242188>) requested data for lock!
[13:52:01] Player (Kaleb, 76561198892748368)(<11153.391602, 200.794144, 12304.242188>) requested data for lock!
[13:52:07] Player (Kaleb, 76561198892748368)(<11153.391602, 200.794144, 12304.242188>) requested data for lock!
[13:52:16] Player (Kaleb, 76561198892748368)(<11157.393555, 204.045959, 12310.053711>) requested data for lock!
[13:52:30] Player (^DBD^ Maxo, 76561198148661627)(<1181.235474, 344.556030, 9979.996094>) requested data for lock!
[13:55:39] Player (^DBD^ Maxo, 76561198148661627)(<1185.200195, 344.556030, 9979.226563>) requested data for lock!
[13:56:53] Player (Kaleb, 76561198892748368)(<11153.391602, 200.794144, 12304.242188>) requested data for lock!
[13:57:41] Player (^DBD^ Maxo, 76561198148661627)(<1185.200195, 344.556030, 9979.226563>) requested data for lock!
[13:58:02] Player (^DBD^ Maxo, 76561198148661627)(<1185.200195, 344.556030, 9979.226563>) requested data for lock!
[13:59:36] Player (Aaron, 76561199083883076)(<1136.275024, 344.882324, 9965.555664>) requested data for lock!
[13:59:41] Player (Aaron, 76561199083883076)(<1136.275024, 344.882324, 9965.555664>) requested data for lock!
[13:59:47] Player (Kaleb, 76561198892748368)(<11153.391602, 200.794144, 12304.242188>) requested data for lock!
[14:00:43] Player (^DBD^ Maxo, 76561198148661627)(<1185.200195, 344.556030, 9979.226563>) requested data for lock!
[14:01:00] Player (^DBD^ Maxo, 76561198148661627)(<1186.966064, 344.556030, 9980.056641>) requested data for lock!
[14:01:06] Player (Aaron, 76561199083883076)(<1133.712769, 344.882324, 9966.475586>) requested data for lock!
[14:01:13] Player (^DBD^ Maxo, 76561198148661627)(<1185.200195, 344.556030, 9979.226563>) requested data for lock!
[14:01:19] Player (^DBD^ Maxo, 76561198148661627)(<1185.200195, 344.556030, 9979.226563>) requested data for lock!
[14:01:32] Player (^DBD^ Maxo, 76561198148661627)(<1184.278076, 344.556030, 9987.071289>) requested data for lock!
[14:01:39] Player (^DBD^ Maxo, 76561198148661627)(<1184.278076, 344.556030, 9987.071289>) requested data for lock!
[14:02:48] Player (Aaron, 76561199083883076)(<1133.712769, 344.882324, 9966.475586>) requested data for lock!
[14:03:44] Player (Kaleb, 76561198892748368)(<11153.391602, 200.794144, 12304.242188>) requested data for lock!
[14:04:01] Player (Kaleb, 76561198892748368)(<11157.393555, 204.045959, 12310.053711>) requested data for lock!
[14:04:33] Player (Aaron, 76561199083883076)(<1136.275024, 344.882324, 9965.555664>) requested data for lock!
[14:04:41] Player (Aaron, 76561199083883076)(<1136.275024, 344.882324, 9965.555664>) requested data for lock!
[14:06:51] Player (^DBD^ Maxo, 76561198148661627)(<1184.278076, 344.556030, 9987.071289>) requested data for lock!
[14:07:02] Player (Kaleb, 76561198892748368)(<11161.032227, 199.577621, 12307.233398>) requested data for lock!
[14:07:16] Player (^DBD^ Maxo, 76561198148661627)(<1184.278076, 344.556030, 9987.071289>) requested data for lock!
[14:08:12] Player (Kaleb, 76561198892748368)(<11153.391602, 200.794144, 12304.242188>) requested data for lock!
[14:09:14] Player (Aaron, 76561199083883076)(<1133.712769, 344.882324, 9966.475586>) requested data for lock!
[14:09:21] Player (Aaron, 76561199083883076)(<1133.712769, 344.882324, 9966.475586>) requested data for lock!
[14:09:26] Player (Aaron, 76561199083883076)(<1133.712769, 344.882324, 9966.475586>) requested data for lock!
[14:09:32] Player (Aaron, 76561199083883076)(<1132.735107, 344.874054, 9969.252930>) requested data for lock!
[14:09:44] Player (^DBD^ Maxo, 76561198148661627)(<1181.235474, 344.556030, 9979.996094>) requested data for lock!
[14:09:50] Player (^DBD^ Maxo, 76561198148661627)(<1184.278076, 344.556030, 9987.071289>) requested data for lock!
[14:10:06] Player (Aaron, 76561199083883076)(<1125.932373, 344.339203, 9971.625000>) requested data for lock!
[14:10:20] Player (Aaron, 76561199083883076)(<1125.932373, 344.339203, 9971.625000>) requested data for lock!
[14:10:27] Player (Aaron, 76561199083883076)(<1125.932373, 344.339203, 9971.625000>) requested data for lock!
[14:12:58] Player (Aaron, 76561199083883076)(<1136.275024, 344.882324, 9965.555664>) requested data for lock!
[14:13:33] Player (Kaleb, 76561198892748368)(<11153.391602, 200.794144, 12304.242188>) requested data for lock!
[14:13:52] Player (Aaron, 76561199083883076)(<1136.275024, 344.882324, 9965.555664>) requested data for lock!
[14:14:04] Player (Kaleb, 76561198892748368)(<11153.391602, 200.794144, 12304.242188>) requested data for lock!
[14:15:29] Player (Aaron, 76561199083883076)(<1136.275024, 344.882324, 9965.555664>) requested data for lock!
[14:15:33] Player (Kaleb, 76561198892748368)(<11153.391602, 200.794144, 12304.242188>) requested data for lock!
[14:15:50] Player (Kaleb, 76561198892748368)(<11153.391602, 200.794144, 12304.242188>) requested data for lock!
[14:16:22] Player (^DBD^ Maxo, 76561198148661627)(<1186.712402, 344.556030, 9985.844727>) requested data for lock!
[14:16:27] Player (^DBD^ Maxo, 76561198148661627)(<1181.235474, 344.556030, 9979.996094>) requested data for lock!
[14:16:50] Player (Kaleb, 76561198892748368)(<11153.391602, 200.794144, 12304.242188>) requested data for lock!
[14:17:00] Player (Aaron, 76561199083883076)(<1136.275024, 344.882324, 9965.555664>) requested data for lock!
[14:17:20] Player (^DBD^ Maxo, 76561198148661627)(<1182.824463, 344.556030, 9978.469727>) requested data for lock!
[14:17:48] Player (^DBD^ Maxo, 76561198148661627)(<1182.824463, 344.556030, 9978.469727>) requested data for lock!
[14:18:21] Player (^DBD^ Maxo, 76561198148661627)(<1184.751831, 344.556030, 9983.866211>) requested data for lock!
[14:18:27] Player (Kaleb, 76561198892748368)(<11153.391602, 200.794144, 12304.242188>) requested data for lock!
[14:18:35] Player (Kaleb, 76561198892748368)(<11153.391602, 200.794144, 12304.242188>) requested data for lock!
[14:18:41] Player (Kaleb, 76561198892748368)(<11153.391602, 200.794144, 12304.242188>) requested data for lock!
[14:18:48] Player (Kaleb, 76561198892748368)(<11153.391602, 200.794144, 12304.242188>) requested data for lock!
[14:18:59] Player (Kaleb, 76561198892748368)(<11155.415039, 200.212296, 12294.655273>) requested data for lock!
[14:19:07] Player (Kaleb, 76561198892748368)(<11155.415039, 200.212296, 12294.655273>) requested data for lock!
[14:19:11] Player (Aaron, 76561199083883076)(<1133.712769, 344.882324, 9966.475586>) requested data for lock!
[14:19:12] Player (Kaleb, 76561198892748368)(<11155.415039, 200.212296, 12294.655273>) requested data for lock!
[14:19:51] Player (Kaleb, 76561198892748368)(<11167.115234, 198.855804, 12297.868164>) requested data for lock!
[14:20:00] Player (Kaleb, 76561198892748368)(<11153.391602, 200.794144, 12304.242188>) requested data for lock!
[14:22:29] Player (Kaleb, 76561198892748368)(<11161.232422, 202.830002, 12301.918945>) requested data for lock!
[14:22:49] Player (Kaleb, 76561198892748368)(<11153.391602, 200.794144, 12304.242188>) requested data for lock!
[14:23:22] Player (Kaleb, 76561198892748368)(<11153.391602, 200.794144, 12304.242188>) requested data for lock!
[14:23:53] Player (Kaleb, 76561198892748368)(<11153.391602, 200.794144, 12304.242188>) requested data for lock!
[14:24:06] Player (Kaleb, 76561198892748368)(<11155.415039, 200.212296, 12294.655273>) requested data for lock!
[14:24:10] Player (Kaleb, 76561198892748368)(<11155.415039, 200.212296, 12294.655273>) requested data for lock!
[14:24:15] Player (Kaleb, 76561198892748368)(<11155.415039, 200.212296, 12294.655273>) requested data for lock!
[14:24:20] Player (Kaleb, 76561198892748368)(<11155.415039, 200.212296, 12294.655273>) requested data for lock!
[14:24:28] Player (Kaleb, 76561198892748368)(<11155.415039, 200.212296, 12294.655273>) requested data for lock!
[14:24:54] Player (Kaleb, 76561198892748368)(<11155.415039, 200.212296, 12294.655273>) requested data for lock!
[14:25:15] Player (Kaleb, 76561198892748368)(<11167.115234, 198.855804, 12297.868164>) requested data for lock!
[14:25:22] Player (Kaleb, 76561198892748368)(<11153.391602, 200.794144, 12304.242188>) requested data for lock!
[14:25:29] Player (Kaleb, 76561198892748368)(<11161.032227, 199.577621, 12307.233398>) requested data for lock!
[14:25:34] Player (Kaleb, 76561198892748368)(<11161.032227, 199.577621, 12307.233398>) requested data for lock!
[14:27:16] Player (Kaleb, 76561198892748368)(<11161.032227, 199.577621, 12307.233398>) requested data for lock!
[14:27:33] Player (Kaleb, 76561198892748368)(<11161.032227, 199.577621, 12307.233398>) requested data for lock!
[15:49:14] Player (^DBD^ Maxo, 76561198148661627)(<1186.712402, 344.556030, 9985.844727>) requested data for lock!
[15:49:19] Player (^DBD^ Maxo, 76561198148661627)(<1186.712402, 344.556030, 9985.844727>) requested data for lock!
[15:49:35] Player (Aaron, 76561199083883076)(<1125.932373, 344.339203, 9971.625000>) requested data for lock!
[15:49:40] Player (Aaron, 76561199083883076)(<1132.735107, 344.874054, 9969.252930>) requested data for lock!
[15:49:46] Player (Aaron, 76561199083883076)(<1132.735107, 344.874054, 9969.252930>) requested data for lock!
[15:49:52] Player (Aaron, 76561199083883076)(<1133.712769, 344.882324, 9966.475586>) requested data for lock!
[15:49:57] Player (Aaron, 76561199083883076)(<1136.275024, 344.882324, 9965.555664>) requested data for lock!
[15:57:16] Player (Aaron, 76561199083883076)(<1136.275024, 344.882324, 9965.555664>) requested data for lock!
[16:10:47] Player (Kaleb, 76561198892748368)(<11157.393555, 204.045959, 12310.053711>) requested data for lock!
[16:10:54] Player (Kaleb, 76561198892748368)(<11153.391602, 200.794144, 12304.242188>) requested data for lock!
[16:11:35] Player (Kaleb, 76561198892748368)(<11157.393555, 204.045959, 12310.053711>) requested data for lock!
[16:11:44] Player (Kaleb, 76561198892748368)(<11153.391602, 200.794144, 12304.242188>) requested data for lock!
[16:12:01] Player (Kaleb, 76561198892748368)(<11153.391602, 200.794144, 12304.242188>) requested data for lock!
[16:12:07] Player (Kaleb, 76561198892748368)(<11153.391602, 200.794144, 12304.242188>) requested data for lock!
[16:12:47] Player (Kaleb, 76561198892748368)(<11153.391602, 200.794144, 12304.242188>) requested data for lock!
[16:13:05] Player (Kaleb, 76561198892748368)(<11157.393555, 204.045959, 12310.053711>) requested data for lock!
[16:14:28] Player (Kaleb, 76561198892748368)(<11153.391602, 200.794144, 12304.242188>) requested data for lock!
[16:14:34] Player (Kaleb, 76561198892748368)(<11161.032227, 199.577621, 12307.233398>) requested data for lock!
[16:15:13] Player (Kaleb, 76561198892748368)(<11153.391602, 200.794144, 12304.242188>) requested data for lock!
[16:15:34] Player (Kaleb, 76561198892748368)(<11155.415039, 200.212296, 12294.655273>) requested data for lock!
[08-29-2021][16.20.44] Log file reloaded ( Server Restart )
[16:57:54] Player (Kaleb, 76561198892748368)(<11155.415039, 200.212296, 12294.655273>) requested data for lock!
[16:58:01] Player (Kaleb, 76561198892748368)(<11153.391602, 200.794144, 12304.242188>) requested data for lock!
[17:03:18] Player (Kaleb, 76561198892748368)(<11161.232422, 202.830002, 12301.918945>) requested data for lock!
[17:04:21] Player (Kaleb, 76561198892748368)(<11153.391602, 200.794144, 12304.242188>) requested data for lock!
[17:04:33] Player (Kaleb, 76561198892748368)(<11153.391602, 200.794144, 12304.242188>) requested data for lock!
[17:04:42] Player (Kaleb, 76561198892748368)(<11155.415039, 200.212296, 12294.655273>) requested data for lock!
[17:16:22] Player (Kaleb, 76561198892748368)(<11155.415039, 200.212296, 12294.655273>) requested data for lock!
[17:16:27] Player (Kaleb, 76561198892748368)(<11153.391602, 200.794144, 12304.242188>) requested data for lock!
[17:16:49] Player (Kaleb, 76561198892748368)(<11161.032227, 199.577621, 12307.233398>) requested data for lock!
[17:17:07] Player (Kaleb, 76561198892748368)(<11157.393555, 204.045959, 12310.053711>) requested data for lock!
[17:17:50] Player (Kaleb, 76561198892748368)(<11153.391602, 200.794144, 12304.242188>) requested data for lock!
[17:19:33] Player (Kaleb, 76561198892748368)(<11153.391602, 200.794144, 12304.242188>) requested data for lock!
[17:19:39] Player (Kaleb, 76561198892748368)(<11153.391602, 200.794144, 12304.242188>) requested data for lock!
[17:20:30] Player (Kaleb, 76561198892748368)(<11155.415039, 200.212296, 12294.655273>) requested data for lock!
[17:24:16] Player (Kaleb, 76561198892748368)(<11155.415039, 200.212296, 12294.655273>) requested data for lock!
[17:24:23] Player (Kaleb, 76561198892748368)(<11153.391602, 200.794144, 12304.242188>) requested data for lock!
[17:24:48] Player (Kaleb, 76561198892748368)(<11153.391602, 200.794144, 12304.242188>) requested data for lock!
[17:24:59] Player (Kaleb, 76561198892748368)(<11153.391602, 200.794144, 12304.242188>) requested data for lock!
[17:25:17] Player (Kaleb, 76561198892748368)(<11155.415039, 200.212296, 12294.655273>) requested data for lock!
[17:43:33] Player (Dr. Mauler, 76561198022416611)(<12884.483398, 69.317932, 15105.002930>) requested data for lock!
[17:50:24] Player (Dr. Mauler, 76561198022416611)(<12884.483398, 69.317932, 15105.002930>) requested data for lock!
[17:50:29] Player (Dr. Mauler, 76561198022416611)(<12884.335938, 69.317932, 15105.151367>) requested data for lock!
[17:50:34] Player (Dr. Mauler, 76561198022416611)(<12884.321289, 64.531334, 15105.812500>) requested data for lock!
[17:50:39] Player (Dr. Mauler, 76561198022416611)(<12888.545898, 64.531334, 15107.648438>) requested data for lock!
[17:50:44] Player (Dr. Mauler, 76561198022416611)(<12884.321289, 64.531334, 15105.812500>) requested data for lock!
[17:50:55] Player (Dr. Mauler, 76561198022416611)(<12884.483398, 69.317932, 15105.002930>) requested data for lock!
[17:51:00] Player (Dr. Mauler, 76561198022416611)(<12884.483398, 69.317932, 15105.002930>) requested data for lock!
[17:51:05] Player (Dr. Mauler, 76561198022416611)(<12884.483398, 69.317932, 15105.002930>) requested data for lock!
[18:05:15] Player (Dr. Mauler, 76561198022416611)(<12884.483398, 69.317932, 15105.002930>) requested data for lock!
[18:05:22] Player (Dr. Mauler, 76561198022416611)(<12884.483398, 69.317932, 15105.002930>) requested data for lock!
[18:05:27] Player (Dr. Mauler, 76561198022416611)(<12884.335938, 69.317932, 15105.151367>) requested data for lock!
[18:05:33] Player (Dr. Mauler, 76561198022416611)(<12884.483398, 69.317932, 15105.002930>) requested data for lock!
[18:05:38] Player (Dr. Mauler, 76561198022416611)(<12884.483398, 69.317932, 15105.002930>) requested data for lock!
[18:05:43] Player (Dr. Mauler, 76561198022416611)(<12884.483398, 69.317932, 15105.002930>) requested data for lock!
[18:07:37] Player (Dr. Mauler, 76561198022416611)(<12884.483398, 69.317932, 15105.002930>) requested data for lock!
[18:09:39] Player (Aaron, 76561199083883076)(<1136.275024, 344.882324, 9965.555664>) requested data for lock!
[18:09:44] Player (Aaron, 76561199083883076)(<1136.275024, 344.882324, 9965.555664>) requested data for lock!
[18:10:37] Player (Dr. Mauler, 76561198022416611)(<12884.483398, 69.317932, 15105.002930>) requested data for lock!
[18:13:40] Player (Dr. Mauler, 76561198022416611)(<12884.483398, 69.317932, 15105.002930>) requested data for lock!
[18:15:51] Player (Dr. Mauler, 76561198022416611)(<12884.483398, 69.317932, 15105.002930>) requested data for lock!
[18:16:58] Player (Dr. Mauler, 76561198022416611)(<12884.483398, 69.317932, 15105.002930>) requested data for lock!
[18:17:44] Player (Dr. Mauler, 76561198022416611)(<12884.483398, 69.317932, 15105.002930>) requested data for lock!
[18:19:35] Player (Dr. Mauler, 76561198022416611)(<12884.483398, 69.317932, 15105.002930>) requested data for lock!
[18:22:29] Player (Dr. Mauler, 76561198022416611)(<12884.483398, 69.317932, 15105.002930>) requested data for lock!
[18:22:42] Player (Dr. Mauler, 76561198022416611)(<12884.483398, 69.317932, 15105.002930>) requested data for lock!
[18:25:50] Player (Aaron, 76561199083883076)(<1136.275024, 344.882324, 9965.555664>) requested data for lock!
[18:26:29] Player (Aaron, 76561199083883076)(<1133.712769, 344.882324, 9966.475586>) requested data for lock!
[18:27:14] Player (Aaron, 76561199083883076)(<1136.275024, 344.882324, 9965.555664>) requested data for lock!
[18:27:31] Player (Dr. Mauler, 76561198022416611)(<12884.483398, 69.317932, 15105.002930>) requested data for lock!
[18:27:31] Player (Aaron, 76561199083883076)(<1133.712769, 344.882324, 9966.475586>) requested data for lock!
[18:27:44] Player (Aaron, 76561199083883076)(<1132.735107, 344.874054, 9969.252930>) requested data for lock!
[18:27:50] Player (Aaron, 76561199083883076)(<1132.735107, 344.874054, 9969.252930>) requested data for lock!
[18:29:01] Player (Aaron, 76561199083883076)(<1181.235474, 344.556030, 9979.996094>) requested data for lock!
[18:29:06] Player (Aaron, 76561199083883076)(<1181.235474, 344.556030, 9979.996094>) requested data for lock!
[18:29:12] Player (Aaron, 76561199083883076)(<1186.712402, 344.556030, 9985.844727>) requested data for lock!
[18:30:58] Player (Aaron, 76561199083883076)(<1132.735107, 344.874054, 9969.252930>) requested data for lock!
[18:31:07] Player (Aaron, 76561199083883076)(<1132.735107, 344.874054, 9969.252930>) requested data for lock!
[18:31:13] Player (Aaron, 76561199083883076)(<1136.275024, 344.882324, 9965.555664>) requested data for lock!
[18:32:43] Player (Dr. Mauler, 76561198022416611)(<12884.483398, 69.317932, 15105.002930>) requested data for lock!
[18:33:00] Player (Aaron, 76561199083883076)(<1133.712769, 344.882324, 9966.475586>) requested data for lock!
[18:33:06] Player (Aaron, 76561199083883076)(<1136.275024, 344.882324, 9965.555664>) requested data for lock!
[18:38:39] Player (Dr. Mauler, 76561198022416611)(<12884.483398, 69.317932, 15105.002930>) requested data for lock!
[18:38:55] Player (Dr. Mauler, 76561198022416611)(<12884.321289, 64.531334, 15105.812500>) requested data for lock!
[18:39:07] Player (Dr. Mauler, 76561198022416611)(<12884.321289, 64.531334, 15105.812500>) requested data for lock!
[18:39:18] Player (Dr. Mauler, 76561198022416611)(<12884.335938, 69.317932, 15105.151367>) requested data for lock!
[18:39:23] Player (Dr. Mauler, 76561198022416611)(<12884.335938, 69.317932, 15105.151367>) requested data for lock!
[18:39:28] Player (Dr. Mauler, 76561198022416611)(<12884.335938, 69.317932, 15105.151367>) requested data for lock!
[18:39:33] Player (Dr. Mauler, 76561198022416611)(<12884.335938, 69.317932, 15105.151367>) requested data for lock!
[18:41:50] Player (Dr. Mauler, 76561198022416611)(<12884.335938, 69.317932, 15105.151367>) requested data for lock!
[18:41:59] Player (Dr. Mauler, 76561198022416611)(<12884.335938, 69.317932, 15105.151367>) requested data for lock!
[18:50:56] Player (Dr. Mauler, 76561198022416611)(<12884.483398, 69.317932, 15105.002930>) requested data for lock!
[08-29-2021][18.51.35] Log file reloaded ( Server Restart )
[18:56:47] Player (KingHotDog, 76561199068832255)(<13756.547852, 3.604946, 3721.132813>) requested data for lock!
[18:56:54] Player (KingHotDog, 76561199068832255)(<13756.547852, 3.604946, 3721.132813>) requested data for lock!
[18:56:59] Player (KingHotDog, 76561199068832255)(<13756.547852, 3.604946, 3721.132813>) requested data for lock!
[18:57:04] Player (KingHotDog, 76561199068832255)(<13756.547852, 3.604946, 3721.132813>) requested data for lock!
[18:59:21] Player (Dr. Mauler, 76561198022416611)(<12884.483398, 69.317932, 15105.002930>) requested data for lock!
[08-29-2021][19.00.22] Log file reloaded ( Server Restart )
[19:01:56] Player (KingHotDog, 76561199068832255)(<13753.517578, 4.316006, 3720.616699>) requested data for lock!
[19:02:01] Player (KingHotDog, 76561199068832255)(<13753.517578, 4.316006, 3720.616699>) requested data for lock!
[19:02:08] Player (KingHotDog, 76561199068832255)(<13753.517578, 4.316006, 3720.616699>) requested data for lock!
[19:02:13] Player (KingHotDog, 76561199068832255)(<13756.547852, 3.604946, 3721.132813>) requested data for lock!
[19:02:18] Player (KingHotDog, 76561199068832255)(<13753.517578, 4.316006, 3720.616699>) requested data for lock!
[19:02:26] Player (KingHotDog, 76561199068832255)(<13753.517578, 4.316006, 3720.616699>) requested data for lock!
[19:02:31] Player (KingHotDog, 76561199068832255)(<13753.517578, 4.316006, 3720.616699>) requested data for lock!
[19:02:36] Player (KingHotDog, 76561199068832255)(<13753.517578, 4.316006, 3720.616699>) requested data for lock!
[19:02:41] Player (KingHotDog, 76561199068832255)(<13753.517578, 4.316006, 3720.616699>) requested data for lock!
[19:02:46] Player (KingHotDog, 76561199068832255)(<13753.517578, 4.316006, 3720.616699>) requested data for lock!
[19:02:51] Player (KingHotDog, 76561199068832255)(<13753.517578, 4.316006, 3720.616699>) requested data for lock!
[19:02:56] Player (KingHotDog, 76561199068832255)(<13753.517578, 4.316006, 3720.616699>) requested data for lock!
[19:03:01] Player (KingHotDog, 76561199068832255)(<13753.517578, 4.316006, 3720.616699>) requested data for lock!
[19:03:06] Player (KingHotDog, 76561199068832255)(<13753.517578, 4.316006, 3720.616699>) requested data for lock!
[19:03:11] Player (KingHotDog, 76561199068832255)(<13753.517578, 4.316006, 3720.616699>) requested data for lock!
[19:03:16] Player (KingHotDog, 76561199068832255)(<13753.517578, 4.316006, 3720.616699>) requested data for lock!
[19:03:22] Player (KingHotDog, 76561199068832255)(<13753.517578, 4.316006, 3720.616699>) requested data for lock!
[19:03:27] Player (KingHotDog, 76561199068832255)(<13753.517578, 4.316006, 3720.616699>) requested data for lock!
[19:03:32] Player (KingHotDog, 76561199068832255)(<13753.517578, 4.316006, 3720.616699>) requested data for lock!
[19:03:37] Player (KingHotDog, 76561199068832255)(<13753.517578, 4.316006, 3720.616699>) requested data for lock!
[19:03:42] Player (KingHotDog, 76561199068832255)(<13753.517578, 4.316006, 3720.616699>) requested data for lock!
[19:03:47] Player (KingHotDog, 76561199068832255)(<13753.517578, 4.316006, 3720.616699>) requested data for lock!
[19:03:51] Player (Dr. Mauler, 76561198022416611)(<12884.483398, 69.317932, 15105.002930>) requested data for lock!
[19:03:52] Player (KingHotDog, 76561199068832255)(<13753.517578, 4.316006, 3720.616699>) requested data for lock!
[19:03:57] Player (KingHotDog, 76561199068832255)(<13753.517578, 4.316006, 3720.616699>) requested data for lock!
[19:04:02] Player (KingHotDog, 76561199068832255)(<13753.517578, 4.316006, 3720.616699>) requested data for lock!
[19:04:07] Player (KingHotDog, 76561199068832255)(<13753.517578, 4.316006, 3720.616699>) requested data for lock!
[19:04:09] Player (Dr. Mauler, 76561198022416611)(<12884.483398, 69.317932, 15105.002930>) requested data for lock!
[19:04:12] Player (KingHotDog, 76561199068832255)(<13753.517578, 4.316006, 3720.616699>) requested data for lock!
[19:04:14] Player (Dr. Mauler, 76561198022416611)(<12884.335938, 69.317932, 15105.151367>) requested data for lock!
[19:04:17] Player (KingHotDog, 76561199068832255)(<13753.517578, 4.316006, 3720.616699>) requested data for lock!
[19:04:21] Player (Dr. Mauler, 76561198022416611)(<12884.321289, 64.531334, 15105.812500>) requested data for lock!
[19:04:37] Player (Dr. Mauler, 76561198022416611)(<12884.321289, 64.531334, 15105.812500>) requested data for lock!
[19:04:42] Player (Dr. Mauler, 76561198022416611)(<12884.321289, 64.531334, 15105.812500>) requested data for lock!
[19:04:47] Player (Dr. Mauler, 76561198022416611)(<12884.321289, 64.531334, 15105.812500>) requested data for lock!
[19:04:52] Player (Dr. Mauler, 76561198022416611)(<12884.321289, 64.531334, 15105.812500>) requested data for lock!
[19:04:57] Player (Dr. Mauler, 76561198022416611)(<12884.321289, 64.531334, 15105.812500>) requested data for lock!
[19:05:02] Player (Dr. Mauler, 76561198022416611)(<12884.321289, 64.531334, 15105.812500>) requested data for lock!
[19:05:06] Player (KingHotDog, 76561199068832255)(<13753.517578, 4.316006, 3720.616699>) requested data for lock!
[19:05:07] Player (Dr. Mauler, 76561198022416611)(<12884.321289, 64.531334, 15105.812500>) requested data for lock!
[19:05:11] Player (KingHotDog, 76561199068832255)(<13753.517578, 4.316006, 3720.616699>) requested data for lock!
[19:05:12] Player (Dr. Mauler, 76561198022416611)(<12884.321289, 64.531334, 15105.812500>) requested data for lock!
[19:05:16] Player (KingHotDog, 76561199068832255)(<13753.517578, 4.316006, 3720.616699>) requested data for lock!
[19:05:17] Player (Dr. Mauler, 76561198022416611)(<12884.321289, 64.531334, 15105.812500>) requested data for lock!
[19:05:22] Player (Dr. Mauler, 76561198022416611)(<12884.321289, 64.531334, 15105.812500>) requested data for lock!
[19:05:27] Player (Dr. Mauler, 76561198022416611)(<12884.321289, 64.531334, 15105.812500>) requested data for lock!
[19:05:32] Player (Dr. Mauler, 76561198022416611)(<12884.321289, 64.531334, 15105.812500>) requested data for lock!
[19:05:37] Player (Dr. Mauler, 76561198022416611)(<12884.321289, 64.531334, 15105.812500>) requested data for lock!
[19:05:42] Player (Dr. Mauler, 76561198022416611)(<12884.321289, 64.531334, 15105.812500>) requested data for lock!
[19:05:47] Player (Dr. Mauler, 76561198022416611)(<12884.321289, 64.531334, 15105.812500>) requested data for lock!
[19:05:52] Player (Dr. Mauler, 76561198022416611)(<12884.321289, 64.531334, 15105.812500>) requested data for lock!
[19:05:57] Player (Dr. Mauler, 76561198022416611)(<12884.321289, 64.531334, 15105.812500>) requested data for lock!
[19:06:02] Player (Dr. Mauler, 76561198022416611)(<12884.321289, 64.531334, 15105.812500>) requested data for lock!
[19:06:07] Player (Dr. Mauler, 76561198022416611)(<12884.321289, 64.531334, 15105.812500>) requested data for lock!
[19:06:12] Player (Dr. Mauler, 76561198022416611)(<12884.321289, 64.531334, 15105.812500>) requested data for lock!
[19:06:18] Player (Dr. Mauler, 76561198022416611)(<12884.321289, 64.531334, 15105.812500>) requested data for lock!
[19:06:23] Player (Dr. Mauler, 76561198022416611)(<12884.321289, 64.531334, 15105.812500>) requested data for lock!
[19:06:28] Player (Dr. Mauler, 76561198022416611)(<12884.321289, 64.531334, 15105.812500>) requested data for lock!
[19:06:33] Player (Dr. Mauler, 76561198022416611)(<12884.321289, 64.531334, 15105.812500>) requested data for lock!
[19:06:34] Player (KingHotDog, 76561199068832255)(<13752.340820, 4.219599, 3717.315430>) requested data for lock!
[19:06:38] Player (Dr. Mauler, 76561198022416611)(<12884.321289, 64.531334, 15105.812500>) requested data for lock!
[19:06:39] Player (KingHotDog, 76561199068832255)(<13752.340820, 4.219599, 3717.315430>) requested data for lock!
[19:06:43] Player (Dr. Mauler, 76561198022416611)(<12884.321289, 64.531334, 15105.812500>) requested data for lock!
[19:06:44] Player (KingHotDog, 76561199068832255)(<13752.340820, 4.219599, 3717.315430>) requested data for lock!
[19:06:48] Player (Dr. Mauler, 76561198022416611)(<12884.321289, 64.531334, 15105.812500>) requested data for lock!
[19:06:53] Player (Dr. Mauler, 76561198022416611)(<12884.321289, 64.531334, 15105.812500>) requested data for lock!
[19:06:53] Player (KingHotDog, 76561199068832255)(<13749.350586, 4.831015, 3716.899170>) requested data for lock!
[19:06:58] Player (Dr. Mauler, 76561198022416611)(<12884.321289, 64.531334, 15105.812500>) requested data for lock!
[19:07:03] Player (Dr. Mauler, 76561198022416611)(<12884.321289, 64.531334, 15105.812500>) requested data for lock!
[19:07:08] Player (Dr. Mauler, 76561198022416611)(<12884.321289, 64.531334, 15105.812500>) requested data for lock!
[19:07:12] Player (KingHotDog, 76561199068832255)(<13748.286133, 5.222137, 3718.493896>) requested data for lock!
[19:07:13] Player (Dr. Mauler, 76561198022416611)(<12884.321289, 64.531334, 15105.812500>) requested data for lock!
[19:07:17] Player (KingHotDog, 76561199068832255)(<13748.286133, 5.222137, 3718.493896>) requested data for lock!
[19:07:19] Player (Dr. Mauler, 76561198022416611)(<12884.483398, 69.317932, 15105.002930>) requested data for lock!
[19:07:22] Player (KingHotDog, 76561199068832255)(<13752.340820, 4.219599, 3717.315430>) requested data for lock!
[19:07:27] Player (KingHotDog, 76561199068832255)(<13749.350586, 4.831015, 3716.899170>) requested data for lock!
[19:07:32] Player (KingHotDog, 76561199068832255)(<13753.517578, 4.316006, 3720.616699>) requested data for lock!
[19:07:37] Player (KingHotDog, 76561199068832255)(<13752.340820, 4.219599, 3717.315430>) requested data for lock!
[19:07:42] Player (KingHotDog, 76561199068832255)(<13752.340820, 4.219599, 3717.315430>) requested data for lock!
[19:07:47] Player (KingHotDog, 76561199068832255)(<13752.340820, 4.219599, 3717.315430>) requested data for lock!
[19:07:54] Player (KingHotDog, 76561199068832255)(<13752.340820, 4.219599, 3717.315430>) requested data for lock!
[19:08:25] Player (KingHotDog, 76561199068832255)(<13752.340820, 4.219599, 3717.315430>) requested data for lock!
[19:09:29] Player (Dr. Mauler, 76561198022416611)(<12884.483398, 69.317932, 15105.002930>) requested data for lock!
[19:09:48] Player (KingHotDog, 76561199068832255)(<13749.350586, 4.831015, 3716.899170>) requested data for lock!
[19:09:53] Player (KingHotDog, 76561199068832255)(<13749.350586, 4.831015, 3716.899170>) requested data for lock!
[19:09:58] Player (KingHotDog, 76561199068832255)(<13749.350586, 4.831015, 3716.899170>) requested data for lock!
[19:10:03] Player (KingHotDog, 76561199068832255)(<13749.350586, 4.831015, 3716.899170>) requested data for lock!
[19:10:08] Player (KingHotDog, 76561199068832255)(<13749.350586, 4.831015, 3716.899170>) requested data for lock!
[19:10:13] Player (KingHotDog, 76561199068832255)(<13749.350586, 4.831015, 3716.899170>) requested data for lock!
[19:10:14] Player (Dr. Mauler, 76561198022416611)(<12884.483398, 69.317932, 15105.002930>) requested data for lock!
[19:10:18] Player (KingHotDog, 76561199068832255)(<13749.350586, 4.831015, 3716.899170>) requested data for lock!
[19:10:23] Player (KingHotDog, 76561199068832255)(<13749.350586, 4.831015, 3716.899170>) requested data for lock!
[19:10:28] Player (KingHotDog, 76561199068832255)(<13749.350586, 4.831015, 3716.899170>) requested data for lock!
[19:10:33] Player (KingHotDog, 76561199068832255)(<13749.350586, 4.831015, 3716.899170>) requested data for lock!
[19:10:36] Player (Dr. Mauler, 76561198022416611)(<12884.483398, 69.317932, 15105.002930>) requested data for lock!
[19:10:38] Player (KingHotDog, 76561199068832255)(<13749.350586, 4.831015, 3716.899170>) requested data for lock!
[19:10:43] Player (KingHotDog, 76561199068832255)(<13749.350586, 4.831015, 3716.899170>) requested data for lock!
[19:10:48] Player (KingHotDog, 76561199068832255)(<13749.350586, 4.831015, 3716.899170>) requested data for lock!
[19:10:53] Player (KingHotDog, 76561199068832255)(<13749.350586, 4.831015, 3716.899170>) requested data for lock!
[19:10:58] Player (KingHotDog, 76561199068832255)(<13749.350586, 4.831015, 3716.899170>) requested data for lock!
[19:11:03] Player (KingHotDog, 76561199068832255)(<13749.350586, 4.831015, 3716.899170>) requested data for lock!
[19:11:08] Player (KingHotDog, 76561199068832255)(<13749.350586, 4.831015, 3716.899170>) requested data for lock!
[19:11:13] Player (KingHotDog, 76561199068832255)(<13749.350586, 4.831015, 3716.899170>) requested data for lock!
[19:11:18] Player (KingHotDog, 76561199068832255)(<13749.350586, 4.831015, 3716.899170>) requested data for lock!
[19:11:23] Player (KingHotDog, 76561199068832255)(<13749.350586, 4.831015, 3716.899170>) requested data for lock!
[19:11:26] Player (Dr. Mauler, 76561198022416611)(<12884.483398, 69.317932, 15105.002930>) requested data for lock!
[19:11:28] Player (KingHotDog, 76561199068832255)(<13749.350586, 4.831015, 3716.899170>) requested data for lock!
[19:11:34] Player (KingHotDog, 76561199068832255)(<13749.350586, 4.831015, 3716.899170>) requested data for lock!
[19:12:31] Player (Dr. Mauler, 76561198022416611)(<12884.483398, 69.317932, 15105.002930>) requested data for lock!
[19:12:52] Player (Dr. Mauler, 76561198022416611)(<12884.483398, 69.317932, 15105.002930>) requested data for lock!
[19:13:03] Player (Dr. Mauler, 76561198022416611)(<12884.483398, 69.317932, 15105.002930>) requested data for lock!
[19:14:48] Player (Dr. Mauler, 76561198022416611)(<12884.483398, 69.317932, 15105.002930>) requested data for lock!
[19:15:02] Player (Dr. Mauler, 76561198022416611)(<12884.483398, 69.317932, 15105.002930>) requested data for lock!
[19:17:28] Player (KingHotDog, 76561199068832255)(<12888.250977, 68.105797, 15107.663086>) requested data for lock!
[19:17:29] Player (Dr. Mauler, 76561198022416611)(<12888.250977, 68.105797, 15107.663086>) requested data for lock!
[19:17:33] Player (KingHotDog, 76561199068832255)(<12888.250977, 68.105797, 15107.663086>) requested data for lock!
[19:17:34] Player (Dr. Mauler, 76561198022416611)(<12888.250977, 68.105797, 15107.663086>) requested data for lock!
[19:17:39] Player (KingHotDog, 76561199068832255)(<12888.250977, 68.105797, 15107.663086>) requested data for lock!
[19:17:39] Player (Dr. Mauler, 76561198022416611)(<12888.250977, 68.105797, 15107.663086>) requested data for lock!
[19:17:44] Player (KingHotDog, 76561199068832255)(<12888.250977, 68.105797, 15107.663086>) requested data for lock!
[19:17:46] Player (Dr. Mauler, 76561198022416611)(<12888.250977, 68.105797, 15107.663086>) requested data for lock!
[19:17:49] Player (KingHotDog, 76561199068832255)(<12888.250977, 68.105797, 15107.663086>) requested data for lock!
[19:17:54] Player (KingHotDog, 76561199068832255)(<12888.250977, 68.105797, 15107.663086>) requested data for lock!
[19:17:59] Player (KingHotDog, 76561199068832255)(<12888.250977, 68.105797, 15107.663086>) requested data for lock!
[19:18:04] Player (KingHotDog, 76561199068832255)(<12888.250977, 68.105797, 15107.663086>) requested data for lock!
[19:18:09] Player (KingHotDog, 76561199068832255)(<12888.250977, 68.105797, 15107.663086>) requested data for lock!
[19:18:14] Player (KingHotDog, 76561199068832255)(<12888.250977, 68.105797, 15107.663086>) requested data for lock!
[19:18:19] Player (KingHotDog, 76561199068832255)(<12888.250977, 68.105797, 15107.663086>) requested data for lock!
[19:18:24] Player (KingHotDog, 76561199068832255)(<12888.250977, 68.105797, 15107.663086>) requested data for lock!
[19:18:34] Player (KingHotDog, 76561199068832255)(<12888.250977, 68.105797, 15107.663086>) requested data for lock!
[19:18:36] Player (Dr. Mauler, 76561198022416611)(<12888.250977, 68.105797, 15107.663086>) requested data for lock!
[19:18:40] Player (KingHotDog, 76561199068832255)(<12888.250977, 68.105797, 15107.663086>) requested data for lock!
[19:18:41] Player (Dr. Mauler, 76561198022416611)(<12888.250977, 68.105797, 15107.663086>) requested data for lock!
[19:18:46] Player (Dr. Mauler, 76561198022416611)(<12888.250977, 68.105797, 15107.663086>) requested data for lock!
[19:18:46] Player (KingHotDog, 76561199068832255)(<12888.250977, 68.105797, 15107.663086>) requested data for lock!
[19:18:54] Player (Dr. Mauler, 76561198022416611)(<12888.250977, 68.105797, 15107.663086>) requested data for lock!
[19:18:56] Player (KingHotDog, 76561199068832255)(<12888.250977, 68.105797, 15107.663086>) requested data for lock!
[19:18:59] Player (Dr. Mauler, 76561198022416611)(<12888.250977, 68.105797, 15107.663086>) requested data for lock!
[19:19:01] Player (KingHotDog, 76561199068832255)(<12888.250977, 68.105797, 15107.663086>) requested data for lock!
[19:19:25] Player (KingHotDog, 76561199068832255)(<12889.368164, 68.105797, 15106.971680>) requested data for lock!
[19:19:26] Player (Dr. Mauler, 76561198022416611)(<12889.368164, 68.105797, 15106.971680>) requested data for lock!
[19:19:30] Player (KingHotDog, 76561199068832255)(<12889.368164, 68.105797, 15106.971680>) requested data for lock!
[19:19:35] Player (KingHotDog, 76561199068832255)(<12889.368164, 68.105797, 15106.971680>) requested data for lock!
[19:19:40] Player (KingHotDog, 76561199068832255)(<12889.368164, 68.105797, 15106.971680>) requested data for lock!
[19:19:45] Player (KingHotDog, 76561199068832255)(<12889.368164, 68.105797, 15106.971680>) requested data for lock!
[19:19:53] Player (KingHotDog, 76561199068832255)(<12889.368164, 68.105797, 15106.971680>) requested data for lock!
[19:19:59] Player (KingHotDog, 76561199068832255)(<12889.368164, 68.105797, 15106.971680>) requested data for lock!
[19:20:12] Player (KingHotDog, 76561199068832255)(<12889.368164, 68.105797, 15106.971680>) requested data for lock!
[19:20:18] Player (KingHotDog, 76561199068832255)(<12889.368164, 68.105797, 15106.971680>) requested data for lock!
[19:20:23] Player (KingHotDog, 76561199068832255)(<12889.368164, 68.105797, 15106.971680>) requested data for lock!
[19:20:36] Player (KingHotDog, 76561199068832255)(<12889.368164, 68.105797, 15106.971680>) requested data for lock!
[19:20:41] Player (KingHotDog, 76561199068832255)(<12889.368164, 68.105797, 15106.971680>) requested data for lock!
[19:21:04] Player (KingHotDog, 76561199068832255)(<12889.368164, 68.105797, 15106.971680>) requested data for lock!
[19:21:09] Player (KingHotDog, 76561199068832255)(<12889.368164, 68.105797, 15106.971680>) requested data for lock!
[19:21:10] Player (Dr. Mauler, 76561198022416611)(<12889.368164, 68.105797, 15106.971680>) requested data for lock!
[19:21:14] Player (KingHotDog, 76561199068832255)(<12889.368164, 68.105797, 15106.971680>) requested data for lock!
[19:21:24] Player (KingHotDog, 76561199068832255)(<12889.368164, 68.105797, 15106.971680>) requested data for lock!
[19:21:29] Player (KingHotDog, 76561199068832255)(<12889.368164, 68.105797, 15106.971680>) requested data for lock!
[19:21:29] Player (Dr. Mauler, 76561198022416611)(<12889.368164, 68.105797, 15106.971680>) requested data for lock!
[19:21:48] Player (KingHotDog, 76561199068832255)(<12890.646484, 68.105797, 15104.196289>) requested data for lock!
[19:21:48] Player (Dr. Mauler, 76561198022416611)(<12890.646484, 68.105797, 15104.196289>) requested data for lock!
[19:21:53] Player (KingHotDog, 76561199068832255)(<12890.646484, 68.105797, 15104.196289>) requested data for lock!
[19:21:58] Player (KingHotDog, 76561199068832255)(<12890.646484, 68.105797, 15104.196289>) requested data for lock!
[19:22:03] Player (KingHotDog, 76561199068832255)(<12890.646484, 68.105797, 15104.196289>) requested data for lock!
[19:22:08] Player (KingHotDog, 76561199068832255)(<12890.646484, 68.105797, 15104.196289>) requested data for lock!
[19:22:13] Player (KingHotDog, 76561199068832255)(<12890.646484, 68.105797, 15104.196289>) requested data for lock!
[19:22:18] Player (KingHotDog, 76561199068832255)(<12890.646484, 68.105797, 15104.196289>) requested data for lock!
[19:22:23] Player (KingHotDog, 76561199068832255)(<12890.646484, 68.105797, 15104.196289>) requested data for lock!
[19:22:27] Player (Dr. Mauler, 76561198022416611)(<12890.646484, 68.105797, 15104.196289>) requested data for lock!
[19:22:28] Player (KingHotDog, 76561199068832255)(<12890.646484, 68.105797, 15104.196289>) requested data for lock!
[19:23:38] Player (Dr. Mauler, 76561198022416611)(<12884.335938, 69.317932, 15105.151367>) requested data for lock!
[19:23:48] Player (Dr. Mauler, 76561198022416611)(<12888.545898, 64.531334, 15107.648438>) requested data for lock!
[19:23:51] Player (KingHotDog, 76561199068832255)(<13756.547852, 3.604946, 3721.132813>) requested data for lock!
[19:23:53] Player (Dr. Mauler, 76561198022416611)(<12890.177734, 64.436760, 15109.198242>) requested data for lock!
[19:23:59] Player (Dr. Mauler, 76561198022416611)(<12888.545898, 64.531334, 15107.648438>) requested data for lock!
[19:24:07] Player (Dr. Mauler, 76561198022416611)(<12884.321289, 64.531334, 15105.812500>) requested data for lock!
[19:24:13] Player (Dr. Mauler, 76561198022416611)(<12888.545898, 64.531334, 15107.648438>) requested data for lock!
[19:24:19] Player (Dr. Mauler, 76561198022416611)(<12890.177734, 64.436760, 15109.198242>) requested data for lock!
[19:24:40] Player (KingHotDog, 76561199068832255)(<13756.547852, 3.604946, 3721.132813>) requested data for lock!
[19:24:45] Player (KingHotDog, 76561199068832255)(<13752.340820, 4.219599, 3717.315430>) requested data for lock!
[19:25:31] Player (KingHotDog, 76561199068832255)(<13761.996094, 2.698018, 3722.222168>) requested data for lock!
[19:26:32] Player (KingHotDog, 76561199068832255)(<13756.547852, 3.604946, 3721.132813>) requested data for lock!
[19:27:36] Player (KingHotDog, 76561199068832255)(<13756.547852, 3.604946, 3721.132813>) requested data for lock!
[19:36:38] Player (Aaron, 76561199083883076)(<1136.275024, 344.882324, 9965.555664>) requested data for lock!
[19:36:44] Player (Aaron, 76561199083883076)(<1133.712769, 344.882324, 9966.475586>) requested data for lock!
[19:37:18] Player (Aaron, 76561199083883076)(<1132.735107, 344.874054, 9969.252930>) requested data for lock!
[19:44:56] Player (Aaron, 76561199083883076)(<1132.735107, 344.874054, 9969.252930>) requested data for lock!
[19:45:01] Player (Aaron, 76561199083883076)(<1132.735107, 344.874054, 9969.252930>) requested data for lock!
[19:45:06] Player (Aaron, 76561199083883076)(<1132.735107, 344.874054, 9969.252930>) requested data for lock!
[19:45:11] Player (Aaron, 76561199083883076)(<1132.735107, 344.874054, 9969.252930>) requested data for lock!
[19:45:16] Player (Aaron, 76561199083883076)(<1132.735107, 344.874054, 9969.252930>) requested data for lock!
[19:45:21] Player (Aaron, 76561199083883076)(<1132.735107, 344.874054, 9969.252930>) requested data for lock!
[19:45:26] Player (Aaron, 76561199083883076)(<1132.735107, 344.874054, 9969.252930>) requested data for lock!
[19:45:31] Player (Aaron, 76561199083883076)(<1132.735107, 344.874054, 9969.252930>) requested data for lock!
[19:45:53] Player (Aaron, 76561199083883076)(<1133.712769, 344.882324, 9966.475586>) requested data for lock!
[19:45:58] Player (Aaron, 76561199083883076)(<1136.275024, 344.882324, 9965.555664>) requested data for lock!
[19:46:07] Player (KingHotDog, 76561199068832255)(<13748.286133, 5.222137, 3718.493896>) requested data for lock!
[19:46:55] Player (Aaron, 76561199083883076)(<1141.110718, 344.882324, 9964.958984>) requested data for lock!
[19:47:00] Player (Aaron, 76561199083883076)(<1141.110718, 344.882324, 9964.958984>) requested data for lock!
[19:48:28] Player (KingHotDog, 76561199068832255)(<13748.286133, 5.222137, 3718.493896>) requested data for lock!
[19:48:50] Player (Aaron, 76561199083883076)(<1141.110718, 344.882324, 9964.958984>) requested data for lock!
[19:49:00] Player (Aaron, 76561199083883076)(<1132.735107, 344.874054, 9969.252930>) requested data for lock!
[19:49:05] Player (Aaron, 76561199083883076)(<1132.735107, 344.874054, 9969.252930>) requested data for lock!
[19:49:14] Player (Aaron, 76561199083883076)(<1125.932373, 344.339203, 9971.625000>) requested data for lock!
[19:51:25] Player (Aaron, 76561199083883076)(<1132.735107, 344.874054, 9969.252930>) requested data for lock!
[19:51:30] Player (Aaron, 76561199083883076)(<1136.275024, 344.882324, 9965.555664>) requested data for lock!
[19:51:53] Player (Aaron, 76561199083883076)(<1141.110718, 344.882324, 9964.958984>) requested data for lock!
[19:52:09] Player (Aaron, 76561199083883076)(<1133.712769, 344.882324, 9966.475586>) requested data for lock!
[19:52:17] Player (Aaron, 76561199083883076)(<1133.712769, 344.882324, 9966.475586>) requested data for lock!
[19:52:22] Player (Aaron, 76561199083883076)(<1136.275024, 344.882324, 9965.555664>) requested data for lock!
[19:56:57] Player (RaginCajun, 76561198008597711)(<6615.646484, 15.929601, 2307.061279>) requested data for lock!
[19:57:02] Player (RaginCajun, 76561198008597711)(<6615.646484, 15.929601, 2307.061279>) requested data for lock!
[19:57:07] Player (RaginCajun, 76561198008597711)(<6615.646484, 15.929601, 2307.061279>) requested data for lock!
[19:57:12] Player (RaginCajun, 76561198008597711)(<6615.646484, 15.929601, 2307.061279>) requested data for lock!
[19:57:17] Player (RaginCajun, 76561198008597711)(<6615.646484, 15.929601, 2307.061279>) requested data for lock!
[19:57:22] Player (RaginCajun, 76561198008597711)(<6615.646484, 15.929601, 2307.061279>) requested data for lock!
[19:57:30] Player (RaginCajun, 76561198008597711)(<6615.646484, 15.929601, 2307.061279>) requested data for lock!
[19:57:35] Player (RaginCajun, 76561198008597711)(<6615.646484, 15.929601, 2307.061279>) requested data for lock!
[19:57:41] Player (RaginCajun, 76561198008597711)(<6615.646484, 15.929601, 2307.061279>) requested data for lock!
[19:59:21] Player (RaginCajun, 76561198008597711)(<6615.646484, 15.929601, 2307.061279>) requested data for lock!
[20:00:02] Player (RaginCajun, 76561198008597711)(<6615.646484, 15.929601, 2307.061279>) requested data for lock!
[20:01:23] Player (RaginCajun, 76561198008597711)(<6615.646484, 15.929601, 2307.061279>) requested data for lock!
[20:02:11] Player (RaginCajun, 76561198008597711)(<6615.646484, 15.929601, 2307.061279>) requested data for lock!
[20:11:51] Player (RaginCajun, 76561198008597711)(<6615.646484, 15.929601, 2307.061279>) requested data for lock!
[20:21:32] Player (RaginCajun, 76561198008597711)(<6611.542969, 15.929601, 2308.030029>) requested data for lock!
[20:21:37] Player (RaginCajun, 76561198008597711)(<6611.542969, 15.929601, 2308.030029>) requested data for lock!
[20:21:42] Player (RaginCajun, 76561198008597711)(<6611.542969, 15.929601, 2308.030029>) requested data for lock!
[20:21:51] Player (RaginCajun, 76561198008597711)(<6611.542969, 15.929601, 2308.030029>) requested data for lock!
[20:22:10] Player (RaginCajun, 76561198008597711)(<6611.542969, 15.929601, 2308.030029>) requested data for lock!
[20:22:34] Player (RaginCajun, 76561198008597711)(<6611.542969, 15.929601, 2308.030029>) requested data for lock!
[20:22:43] Player (RaginCajun, 76561198008597711)(<6611.542969, 15.929601, 2308.030029>) requested data for lock!
[20:22:49] Player (RaginCajun, 76561198008597711)(<6611.542969, 15.929601, 2308.030029>) requested data for lock!
[20:22:55] Player (RaginCajun, 76561198008597711)(<6615.646484, 15.929601, 2307.061279>) requested data for lock!
[20:36:01] Player (RaginCajun, 76561198008597711)(<6611.542969, 15.929601, 2308.030029>) requested data for lock!
[20:36:11] Player (RaginCajun, 76561198008597711)(<6615.646484, 15.929601, 2307.061279>) requested data for lock!
[20:37:12] Player (RaginCajun, 76561198008597711)(<6611.542969, 15.929601, 2308.030029>) requested data for lock!
[20:40:58] Player (^DBD^ Maxo, 76561198148661627)(<1184.751831, 344.556030, 9983.866211>) requested data for lock!
[20:42:11] Player (^DBD^ Maxo, 76561198148661627)(<1185.200195, 344.556030, 9979.226563>) requested data for lock!
[20:42:29] Player (^DBD^ Maxo, 76561198148661627)(<1181.235474, 344.556030, 9979.996094>) requested data for lock!
[20:43:01] Player (^DBD^ Maxo, 76561198148661627)(<1181.235474, 344.556030, 9979.996094>) requested data for lock!
[20:43:08] Player (^DBD^ Maxo, 76561198148661627)(<1186.712402, 344.556030, 9985.844727>) requested data for lock!
[20:43:36] Player (^DBD^ Maxo, 76561198148661627)(<1182.824463, 344.556030, 9978.469727>) requested data for lock!
[20:44:01] Player (^DBD^ Maxo, 76561198148661627)(<1182.824463, 344.556030, 9978.469727>) requested data for lock!
[20:44:06] Player (^DBD^ Maxo, 76561198148661627)(<1186.966064, 344.556030, 9980.056641>) requested data for lock!
[20:45:28] Player (^DBD^ Maxo, 76561198148661627)(<1182.824463, 344.556030, 9978.469727>) requested data for lock!
[20:47:21] Player (^DBD^ Maxo, 76561198148661627)(<1182.824463, 344.556030, 9978.469727>) requested data for lock!
[20:47:31] Player (^DBD^ Maxo, 76561198148661627)(<1185.200195, 344.556030, 9979.226563>) requested data for lock!
[20:47:54] Player (^DBD^ Maxo, 76561198148661627)(<1185.200195, 344.556030, 9979.226563>) requested data for lock!
[20:53:08] Player (RaginCajun, 76561198008597711)(<6611.542969, 15.929601, 2308.030029>) requested data for lock!
[20:53:15] Player (RaginCajun, 76561198008597711)(<6615.646484, 15.929601, 2307.061279>) requested data for lock!
[20:55:51] Player (RaginCajun, 76561198008597711)(<6611.542969, 15.929601, 2308.030029>) requested data for lock!
[20:55:56] Player (RaginCajun, 76561198008597711)(<6611.542969, 15.929601, 2308.030029>) requested data for lock!
[20:58:34] Player (Aaron, 76561199083883076)(<1125.932373, 344.339203, 9971.625000>) requested data for lock!
[20:58:43] Player (Aaron, 76561199083883076)(<1132.735107, 344.874054, 9969.252930>) requested data for lock!
[20:58:49] Player (Aaron, 76561199083883076)(<1133.712769, 344.882324, 9966.475586>) requested data for lock!
[20:58:56] Player (Aaron, 76561199083883076)(<1136.275024, 344.882324, 9965.555664>) requested data for lock!
[20:59:01] Player (Aaron, 76561199083883076)(<1141.110718, 344.882324, 9964.958984>) requested data for lock!
[20:59:17] Player (^DBD^ Maxo, 76561198148661627)(<1182.824463, 344.556030, 9978.469727>) requested data for lock!
[21:01:10] Player (^DBD^ Maxo, 76561198148661627)(<1182.824463, 344.556030, 9978.469727>) requested data for lock!
[21:01:26] Player (^DBD^ Maxo, 76561198148661627)(<1185.200195, 344.556030, 9979.226563>) requested data for lock!
[21:01:57] Player (^DBD^ Maxo, 76561198148661627)(<1184.278076, 344.556030, 9987.071289>) requested data for lock!
[21:02:29] Player (^DBD^ Maxo, 76561198148661627)(<1185.200195, 344.556030, 9979.226563>) requested data for lock!
[21:02:58] Player (^DBD^ Maxo, 76561198148661627)(<1185.200195, 344.556030, 9979.226563>) requested data for lock!
[21:03:48] Player (^DBD^ Maxo, 76561198148661627)(<1125.932373, 344.339203, 9971.625000>) requested data for lock!
[21:03:53] Player (^DBD^ Maxo, 76561198148661627)(<1132.735107, 344.874054, 9969.252930>) requested data for lock!
[21:03:59] Player (^DBD^ Maxo, 76561198148661627)(<1132.735107, 344.874054, 9969.252930>) requested data for lock!
[21:04:02] Player (Aaron, 76561199083883076)(<1133.712769, 344.882324, 9966.475586>) requested data for lock!
[21:04:18] Player (Aaron, 76561199083883076)(<1141.110718, 344.882324, 9964.958984>) requested data for lock!
[21:04:29] Player (^DBD^ Maxo, 76561198148661627)(<1141.110718, 344.882324, 9964.958984>) requested data for lock!
[21:05:00] Player (^DBD^ Maxo, 76561198148661627)(<1182.824463, 344.556030, 9978.469727>) requested data for lock!
[21:05:00] Player (Aaron, 76561199083883076)(<1141.110718, 344.882324, 9964.958984>) requested data for lock!
[21:05:14] Player (Aaron, 76561199083883076)(<1132.735107, 344.874054, 9969.252930>) requested data for lock!
[21:05:40] Player (^DBD^ Maxo, 76561198148661627)(<1182.824463, 344.556030, 9978.469727>) requested data for lock!
[21:07:57] Player (Aaron, 76561199083883076)(<1132.735107, 344.874054, 9969.252930>) requested data for lock!
[21:08:06] Player (Aaron, 76561199083883076)(<1132.735107, 344.874054, 9969.252930>) requested data for lock!
[21:08:13] Player (Aaron, 76561199083883076)(<1141.110718, 344.882324, 9964.958984>) requested data for lock!
[21:08:20] Player (Aaron, 76561199083883076)(<1141.110718, 344.882324, 9964.958984>) requested data for lock!
[21:09:23] Player (Aaron, 76561199083883076)(<1132.735107, 344.874054, 9969.252930>) requested data for lock!
[21:25:55] Player (Sauce, 76561199194857204)(<7801.914551, 315.043640, 6893.657715>) requested data for lock!
[21:28:32] Player (Sauce, 76561199194857204)(<7801.914551, 315.043640, 6893.657715>) requested data for lock!
[21:52:11] Player (Sauce, 76561199194857204)(<7801.914551, 315.043640, 6893.657715>) requested data for lock!
[21:52:22] Player (Sauce, 76561199194857204)(<7801.914551, 315.043640, 6893.657715>) requested data for lock!
[21:52:28] Player (Sauce, 76561199194857204)(<7801.914551, 315.043640, 6893.657715>) requested data for lock!
[21:52:43] Player (Sauce, 76561199194857204)(<7801.914551, 315.043640, 6893.657715>) requested data for lock!
[21:52:48] Player (Sauce, 76561199194857204)(<7792.361328, 313.654327, 6894.910645>) requested data for lock!
[21:54:29] Player (Sauce, 76561199194857204)(<7792.361328, 313.654327, 6894.910645>) requested data for lock!
[21:58:52] Player (^DBD^ Maxo, 76561198148661627)(<12890.177734, 64.436760, 15109.198242>) requested data for lock!
[22:02:03] Player (Sauce, 76561199194857204)(<7792.361328, 313.654327, 6894.910645>) requested data for lock!
[22:02:24] Player (Sauce, 76561199194857204)(<7801.914551, 315.043640, 6893.657715>) requested data for lock!
[22:02:48] Player (^DBD^ Maxo, 76561198148661627)(<12890.177734, 64.436760, 15109.198242>) requested data for lock!
[22:02:53] Player (^DBD^ Maxo, 76561198148661627)(<12890.177734, 64.436760, 15109.198242>) requested data for lock!
[22:02:58] Player (^DBD^ Maxo, 76561198148661627)(<12890.177734, 64.436760, 15109.198242>) requested data for lock!
[22:03:03] Player (^DBD^ Maxo, 76561198148661627)(<12890.177734, 64.436760, 15109.198242>) requested data for lock!
[22:03:08] Player (^DBD^ Maxo, 76561198148661627)(<12890.177734, 64.436760, 15109.198242>) requested data for lock!
[22:03:26] Player (^DBD^ Maxo, 76561198148661627)(<12890.177734, 64.436760, 15109.198242>) requested data for lock!
[22:03:40] Player (Sauce, 76561199194857204)(<7801.914551, 315.043640, 6893.657715>) requested data for lock!
[22:03:55] Player (Sauce, 76561199194857204)(<7792.361328, 313.654327, 6894.910645>) requested data for lock!
[22:04:54] Player (RaginCajun, 76561198008597711)(<6611.542969, 15.929601, 2308.030029>) requested data for lock!
[22:05:04] Player (RaginCajun, 76561198008597711)(<6615.646484, 15.929601, 2307.061279>) requested data for lock!
[22:05:15] Player (RaginCajun, 76561198008597711)(<6611.542969, 15.929601, 2308.030029>) requested data for lock!
[22:05:38] Player (RaginCajun, 76561198008597711)(<6611.542969, 15.929601, 2308.030029>) requested data for lock!
[22:05:44] Player (Sauce, 76561199194857204)(<7801.914551, 315.043640, 6893.657715>) requested data for lock!
[22:05:49] Player (Sauce, 76561199194857204)(<7802.306641, 314.866455, 6893.690918>) requested data for lock!
[22:06:08] Player (RaginCajun, 76561198008597711)(<6611.542969, 15.929601, 2308.030029>) requested data for lock!
[22:06:21] Player (RaginCajun, 76561198008597711)(<6611.542969, 15.929601, 2308.030029>) requested data for lock!
[22:08:04] Player (Sauce, 76561199194857204)(<7802.306641, 314.866455, 6893.690918>) requested data for lock!
[22:08:21] Player (Sauce, 76561199194857204)(<7802.306641, 314.866455, 6893.690918>) requested data for lock!
[22:10:01] Player (RaginCajun, 76561198008597711)(<6611.542969, 15.929601, 2308.030029>) requested data for lock!
[22:17:49] Player (^DBD^ Maxo, 76561198148661627)(<12890.177734, 64.436760, 15109.198242>) requested data for lock!
[22:17:52] Player (Aaron, 76561199083883076)(<12890.177734, 64.436760, 15109.198242>) requested data for lock!
[22:17:54] Player (^DBD^ Maxo, 76561198148661627)(<12890.177734, 64.436760, 15109.198242>) requested data for lock!
[22:17:59] Player (^DBD^ Maxo, 76561198148661627)(<12890.177734, 64.436760, 15109.198242>) requested data for lock!
[22:18:07] Player (^DBD^ Maxo, 76561198148661627)(<12890.177734, 64.436760, 15109.198242>) requested data for lock!
[22:23:33] Player (^DBD^ Maxo, 76561198148661627)(<12890.177734, 64.436760, 15109.198242>) requested data for lock!
[22:23:35] Player (Aaron, 76561199083883076)(<12890.177734, 64.436760, 15109.198242>) requested data for lock!
[22:23:38] Player (^DBD^ Maxo, 76561198148661627)(<12888.545898, 64.531334, 15107.648438>) requested data for lock!
[22:23:40] Player (Aaron, 76561199083883076)(<12888.545898, 64.531334, 15107.648438>) requested data for lock!
[22:23:44] Player (^DBD^ Maxo, 76561198148661627)(<12888.545898, 64.531334, 15107.648438>) requested data for lock!
[22:23:50] Player (Aaron, 76561199083883076)(<12890.177734, 64.436760, 15109.198242>) requested data for lock!
[22:23:58] Player (Aaron, 76561199083883076)(<12890.177734, 64.436760, 15109.198242>) requested data for lock!
[22:24:04] Player (^DBD^ Maxo, 76561198148661627)(<12888.545898, 64.531334, 15107.648438>) requested data for lock!
[22:24:05] Player (Aaron, 76561199083883076)(<12884.321289, 64.531334, 15105.812500>) requested data for lock!
[22:24:11] Player (^DBD^ Maxo, 76561198148661627)(<12888.545898, 64.531334, 15107.648438>) requested data for lock!
[22:26:24] Player (RaginCajun, 76561198008597711)(<6611.542969, 15.929601, 2308.030029>) requested data for lock!
[22:26:29] Player (RaginCajun, 76561198008597711)(<6611.542969, 15.929601, 2308.030029>) requested data for lock!
[22:26:35] Player (RaginCajun, 76561198008597711)(<6615.646484, 15.929601, 2307.061279>) requested data for lock!
[22:28:25] Player (RaginCajun, 76561198008597711)(<6611.542969, 15.929601, 2308.030029>) requested data for lock!
[22:29:22] Player (^DBD^ Maxo, 76561198148661627)(<12890.177734, 64.436760, 15109.198242>) requested data for lock!
[22:29:26] Player (Aaron, 76561199083883076)(<12884.321289, 64.531334, 15105.812500>) requested data for lock!
[22:29:27] Player (^DBD^ Maxo, 76561198148661627)(<12884.321289, 64.531334, 15105.812500>) requested data for lock!
[22:29:32] Player (^DBD^ Maxo, 76561198148661627)(<12884.321289, 64.531334, 15105.812500>) requested data for lock!
[22:29:32] Player (Aaron, 76561199083883076)(<12884.321289, 64.531334, 15105.812500>) requested data for lock!
[22:29:40] Player (Aaron, 76561199083883076)(<12884.321289, 64.531334, 15105.812500>) requested data for lock!
[22:29:47] Player (Aaron, 76561199083883076)(<12884.321289, 64.531334, 15105.812500>) requested data for lock!
[22:29:51] Player (^DBD^ Maxo, 76561198148661627)(<12884.321289, 64.531334, 15105.812500>) requested data for lock!
[22:29:52] Player (Aaron, 76561199083883076)(<12884.321289, 64.531334, 15105.812500>) requested data for lock!
[22:35:08] Player (^DBD^ Maxo, 76561198148661627)(<12890.177734, 64.436760, 15109.198242>) requested data for lock!
[22:35:14] Player (Aaron, 76561199083883076)(<12884.321289, 64.531334, 15105.812500>) requested data for lock!
[22:35:15] Player (^DBD^ Maxo, 76561198148661627)(<12884.321289, 64.531334, 15105.812500>) requested data for lock!
[22:35:19] Player (Aaron, 76561199083883076)(<12884.335938, 69.317932, 15105.151367>) requested data for lock!
[22:35:26] Player (Aaron, 76561199083883076)(<12888.545898, 64.531334, 15107.648438>) requested data for lock!
[22:35:27] Player (^DBD^ Maxo, 76561198148661627)(<12884.335938, 69.317932, 15105.151367>) requested data for lock!
[22:35:34] Player (Aaron, 76561199083883076)(<12884.321289, 64.531334, 15105.812500>) requested data for lock!
[22:35:48] Player (Aaron, 76561199083883076)(<12884.321289, 64.531334, 15105.812500>) requested data for lock!
[22:36:02] Player (^DBD^ Maxo, 76561198148661627)(<12884.335938, 69.317932, 15105.151367>) requested data for lock!
[22:36:08] Player (^DBD^ Maxo, 76561198148661627)(<12888.545898, 64.531334, 15107.648438>) requested data for lock!
[22:36:08] Player (Aaron, 76561199083883076)(<12884.321289, 64.531334, 15105.812500>) requested data for lock!
[22:37:09] Player (RaginCajun, 76561198008597711)(<6611.542969, 15.929601, 2308.030029>) requested data for lock!
[22:38:53] Player (RaginCajun, 76561198008597711)(<6611.542969, 15.929601, 2308.030029>) requested data for lock!
[22:38:59] Player (RaginCajun, 76561198008597711)(<6615.646484, 15.929601, 2307.061279>) requested data for lock!
[22:39:25] Player (RaginCajun, 76561198008597711)(<6611.542969, 15.929601, 2308.030029>) requested data for lock!
[22:44:22] Player (RaginCajun, 76561198008597711)(<6611.542969, 15.929601, 2308.030029>) requested data for lock!
[22:44:29] Player (RaginCajun, 76561198008597711)(<6615.646484, 15.929601, 2307.061279>) requested data for lock!
[22:45:23] Player (RaginCajun, 76561198008597711)(<6611.542969, 15.929601, 2308.030029>) requested data for lock!
[22:45:33] Player (RaginCajun, 76561198008597711)(<6611.542969, 15.929601, 2308.030029>) requested data for lock!
[22:46:15] Player (^DBD^ Maxo, 76561198148661627)(<12890.177734, 64.436760, 15109.198242>) requested data for lock!
[22:46:21] Player (Aaron, 76561199083883076)(<12884.335938, 69.317932, 15105.151367>) requested data for lock!
[22:46:23] Player (^DBD^ Maxo, 76561198148661627)(<12884.483398, 69.317932, 15105.002930>) requested data for lock!
[22:46:26] Player (Aaron, 76561199083883076)(<12884.483398, 69.317932, 15105.002930>) requested data for lock!
[22:46:29] Player (^DBD^ Maxo, 76561198148661627)(<12884.483398, 69.317932, 15105.002930>) requested data for lock!
[22:46:36] Player (Aaron, 76561199083883076)(<12884.483398, 69.317932, 15105.002930>) requested data for lock!
[22:46:41] Player (Aaron, 76561199083883076)(<12884.483398, 69.317932, 15105.002930>) requested data for lock!
[22:46:49] Player (^DBD^ Maxo, 76561198148661627)(<12884.483398, 69.317932, 15105.002930>) requested data for lock!
[22:46:51] Player (Aaron, 76561199083883076)(<12884.483398, 69.317932, 15105.002930>) requested data for lock!
[22:46:54] Player (^DBD^ Maxo, 76561198148661627)(<12884.483398, 69.317932, 15105.002930>) requested data for lock!
[22:47:00] Player (^DBD^ Maxo, 76561198148661627)(<12884.483398, 69.317932, 15105.002930>) requested data for lock!
[22:47:05] Player (^DBD^ Maxo, 76561198148661627)(<12888.545898, 64.531334, 15107.648438>) requested data for lock!
[22:56:21] Player (RaginCajun, 76561198008597711)(<6611.542969, 15.929601, 2308.030029>) requested data for lock!
[22:57:03] Player (Aaron, 76561199083883076)(<12884.483398, 69.317932, 15105.002930>) requested data for lock!
[22:57:06] Player (^DBD^ Maxo, 76561198148661627)(<12888.545898, 64.531334, 15107.648438>) requested data for lock!
[22:57:59] Player (RaginCajun, 76561198008597711)(<6615.646484, 15.929601, 2307.061279>) requested data for lock!
[22:58:04] Player (RaginCajun, 76561198008597711)(<6611.542969, 15.929601, 2308.030029>) requested data for lock!
[22:58:09] Player (RaginCajun, 76561198008597711)(<6611.542969, 15.929601, 2308.030029>) requested data for lock!
[22:58:17] Player (RaginCajun, 76561198008597711)(<6611.542969, 15.929601, 2308.030029>) requested data for lock!
[23:05:01] Player (RaginCajun, 76561198008597711)(<6611.542969, 15.929601, 2308.030029>) requested data for lock!
[23:05:08] Player (RaginCajun, 76561198008597711)(<6615.646484, 15.929601, 2307.061279>) requested data for lock!
[23:06:56] Player (RaginCajun, 76561198008597711)(<6615.646484, 15.929601, 2307.061279>) requested data for lock!
[23:07:42] Player (RaginCajun, 76561198008597711)(<6615.646484, 15.929601, 2307.061279>) requested data for lock!
[23:07:50] Player (RaginCajun, 76561198008597711)(<6615.646484, 15.929601, 2307.061279>) requested data for lock!
[23:07:56] Player (RaginCajun, 76561198008597711)(<6611.542969, 15.929601, 2308.030029>) requested data for lock!
[23:15:21] Player (RaginCajun, 76561198008597711)(<6611.542969, 15.929601, 2308.030029>) requested data for lock!
[23:15:32] Player (RaginCajun, 76561198008597711)(<6615.646484, 15.929601, 2307.061279>) requested data for lock!
[23:16:16] Player (RaginCajun, 76561198008597711)(<6615.646484, 15.929601, 2307.061279>) requested data for lock!
[23:16:22] Player (RaginCajun, 76561198008597711)(<6611.542969, 15.929601, 2308.030029>) requested data for lock!
[23:16:28] Player (RaginCajun, 76561198008597711)(<6611.542969, 15.929601, 2308.030029>) requested data for lock!
[23:21:55] Player (RaginCajun, 76561198008597711)(<6611.542969, 15.929601, 2308.030029>) requested data for lock!
[23:22:01] Player (RaginCajun, 76561198008597711)(<6615.646484, 15.929601, 2307.061279>) requested data for lock!
[23:27:17] Player (RaginCajun, 76561198008597711)(<6615.646484, 15.929601, 2307.061279>) requested data for lock!
[23:27:35] Player (RaginCajun, 76561198008597711)(<6615.646484, 15.929601, 2307.061279>) requested data for lock!
[23:28:34] Player (RaginCajun, 76561198008597711)(<6615.646484, 15.929601, 2307.061279>) requested data for lock!
[23:28:52] Player (RaginCajun, 76561198008597711)(<6615.646484, 15.929601, 2307.061279>) requested data for lock!
[23:29:03] Player (RaginCajun, 76561198008597711)(<6615.646484, 15.929601, 2307.061279>) requested data for lock!
[08-29-2021][23.34.13] Log file reloaded ( Server Restart )
[08-29-2021][23.54.13] Log file reloaded ( Server Restart )
[01:08:27] Player (Sauce, 76561199194857204)(<7802.306641, 314.866455, 6893.690918>) requested data for lock!
[01:08:58] Player (Sauce, 76561199194857204)(<7801.914551, 315.043640, 6893.657715>) requested data for lock!
[01:09:06] Player (Sauce, 76561199194857204)(<7802.306641, 314.866455, 6893.690918>) requested data for lock!
[01:09:39] Player (Sauce, 76561199194857204)(<7801.914551, 315.043640, 6893.657715>) requested data for lock!
[01:12:18] Player (Sauce, 76561199194857204)(<7792.361328, 313.654327, 6894.910645>) requested data for lock!
[01:13:12] Player (Sauce, 76561199194857204)(<7792.361328, 313.654327, 6894.910645>) requested data for lock!
[01:13:18] Player (Sauce, 76561199194857204)(<7792.361328, 313.654327, 6894.910645>) requested data for lock!
[01:14:24] Player (Sauce, 76561199194857204)(<7801.914551, 315.043640, 6893.657715>) requested data for lock!
[01:14:32] Player (Sauce, 76561199194857204)(<7801.914551, 315.043640, 6893.657715>) requested data for lock!
[01:14:42] Player (Sauce, 76561199194857204)(<7801.914551, 315.043640, 6893.657715>) requested data for lock!
[01:14:52] Player (Sauce, 76561199194857204)(<7792.361328, 313.654327, 6894.910645>) requested data for lock!
[01:15:11] Player (Sauce, 76561199194857204)(<7792.361328, 313.654327, 6894.910645>) requested data for lock!
[01:15:49] Player (Sauce, 76561199194857204)(<7792.361328, 313.654327, 6894.910645>) requested data for lock!
[01:20:02] Player (Sauce, 76561199194857204)(<7801.914551, 315.043640, 6893.657715>) requested data for lock!
[01:21:14] Player (Sauce, 76561199194857204)(<7802.306641, 314.866455, 6893.690918>) requested data for lock!
[01:21:25] Player (Sauce, 76561199194857204)(<7802.306641, 314.866455, 6893.690918>) requested data for lock!
[01:21:32] Player (Sauce, 76561199194857204)(<7802.306641, 314.866455, 6893.690918>) requested data for lock!
[01:21:37] Player (Sauce, 76561199194857204)(<7801.914551, 315.043640, 6893.657715>) requested data for lock!
[01:21:45] Player (Sauce, 76561199194857204)(<7801.914551, 315.043640, 6893.657715>) requested data for lock!
[01:26:15] Player (Sauce, 76561199194857204)(<7802.306641, 314.866455, 6893.690918>) requested data for lock!
[01:26:20] Player (Sauce, 76561199194857204)(<7802.306641, 314.866455, 6893.690918>) requested data for lock!
[01:26:30] Player (Sauce, 76561199194857204)(<7802.306641, 314.866455, 6893.690918>) requested data for lock!
[01:26:35] Player (Sauce, 76561199194857204)(<7802.306641, 314.866455, 6893.690918>) requested data for lock!
[01:26:40] Player (Sauce, 76561199194857204)(<7802.306641, 314.866455, 6893.690918>) requested data for lock!
[01:26:45] Player (Sauce, 76561199194857204)(<7802.306641, 314.866455, 6893.690918>) requested data for lock!
[01:26:52] Player (Sauce, 76561199194857204)(<7801.914551, 315.043640, 6893.657715>) requested data for lock!
[01:26:57] Player (Sauce, 76561199194857204)(<7802.306641, 314.866455, 6893.690918>) requested data for lock!
[01:27:02] Player (Sauce, 76561199194857204)(<7802.306641, 314.866455, 6893.690918>) requested data for lock!
[01:27:08] Player (Sauce, 76561199194857204)(<7802.306641, 314.866455, 6893.690918>) requested data for lock!
[01:27:13] Player (Sauce, 76561199194857204)(<7802.306641, 314.866455, 6893.690918>) requested data for lock!
[01:27:18] Player (Sauce, 76561199194857204)(<7802.306641, 314.866455, 6893.690918>) requested data for lock!
[01:27:23] Player (Sauce, 76561199194857204)(<7802.306641, 314.866455, 6893.690918>) requested data for lock!
[01:27:28] Player (Sauce, 76561199194857204)(<7802.306641, 314.866455, 6893.690918>) requested data for lock!
[01:27:33] Player (Sauce, 76561199194857204)(<7802.306641, 314.866455, 6893.690918>) requested data for lock!
[01:27:40] Player (Sauce, 76561199194857204)(<7801.914551, 315.043640, 6893.657715>) requested data for lock!
[01:27:45] Player (Sauce, 76561199194857204)(<7802.306641, 314.866455, 6893.690918>) requested data for lock!
[01:27:50] Player (Sauce, 76561199194857204)(<7802.306641, 314.866455, 6893.690918>) requested data for lock!
[01:27:55] Player (Sauce, 76561199194857204)(<7802.306641, 314.866455, 6893.690918>) requested data for lock!
[01:29:36] Player (Sauce, 76561199194857204)(<7801.914551, 315.043640, 6893.657715>) requested data for lock!
[01:29:52] Player (Sauce, 76561199194857204)(<7801.914551, 315.043640, 6893.657715>) requested data for lock!
[01:29:57] Player (Sauce, 76561199194857204)(<7802.306641, 314.866455, 6893.690918>) requested data for lock!
[01:30:02] Player (Sauce, 76561199194857204)(<7802.306641, 314.866455, 6893.690918>) requested data for lock!
[01:30:07] Player (Sauce, 76561199194857204)(<7801.914551, 315.043640, 6893.657715>) requested data for lock!
[01:30:45] Player (Sauce, 76561199194857204)(<7802.306641, 314.866455, 6893.690918>) requested data for lock!
[01:32:58] Player (Sauce, 76561199194857204)(<7801.914551, 315.043640, 6893.657715>) requested data for lock!
[01:35:42] Player (Sauce, 76561199194857204)(<7802.306641, 314.866455, 6893.690918>) requested data for lock!
[01:36:00] Player (Sauce, 76561199194857204)(<7802.306641, 314.866455, 6893.690918>) requested data for lock!
[01:36:46] Player (Sauce, 76561199194857204)(<7802.306641, 314.866455, 6893.690918>) requested data for lock!
[01:36:57] Player (Sauce, 76561199194857204)(<7801.914551, 315.043640, 6893.657715>) requested data for lock!
[01:37:02] Player (Sauce, 76561199194857204)(<7801.914551, 315.043640, 6893.657715>) requested data for lock!
[01:37:07] Player (Sauce, 76561199194857204)(<7801.914551, 315.043640, 6893.657715>) requested data for lock!
[01:37:12] Player (Sauce, 76561199194857204)(<7801.914551, 315.043640, 6893.657715>) requested data for lock!
[01:37:17] Player (Sauce, 76561199194857204)(<7801.914551, 315.043640, 6893.657715>) requested data for lock!
[01:39:44] Player (Sauce, 76561199194857204)(<7801.914551, 315.043640, 6893.657715>) requested data for lock!
[01:39:49] Player (Sauce, 76561199194857204)(<7801.914551, 315.043640, 6893.657715>) requested data for lock!
[01:39:54] Player (Sauce, 76561199194857204)(<7801.914551, 315.043640, 6893.657715>) requested data for lock!
[01:40:53] Player (Sauce, 76561199194857204)(<7802.306641, 314.866455, 6893.690918>) requested data for lock!
[01:43:21] Player (Sauce, 76561199194857204)(<7801.914551, 315.043640, 6893.657715>) requested data for lock!
[01:43:26] Player (Sauce, 76561199194857204)(<7801.914551, 315.043640, 6893.657715>) requested data for lock!
[01:48:24] Player (Sauce, 76561199194857204)(<7801.914551, 315.043640, 6893.657715>) requested data for lock!
[01:48:59] Player (Sauce, 76561199194857204)(<7801.914551, 315.043640, 6893.657715>) requested data for lock!
[01:49:05] Player (Sauce, 76561199194857204)(<7802.306641, 314.866455, 6893.690918>) requested data for lock!
[01:56:40] Player (Sauce, 76561199194857204)(<7802.306641, 314.866455, 6893.690918>) requested data for lock!
[01:56:58] Player (Sauce, 76561199194857204)(<7802.306641, 314.866455, 6893.690918>) requested data for lock!
[01:57:09] Player (Sauce, 76561199194857204)(<7802.306641, 314.866455, 6893.690918>) requested data for lock!
[01:57:45] Player (Sauce, 76561199194857204)(<7802.306641, 314.866455, 6893.690918>) requested data for lock!
[02:12:59] Player (Sauce, 76561199194857204)(<7802.306641, 314.866455, 6893.690918>) requested data for lock!
[02:13:57] Player (Sauce, 76561199194857204)(<7801.914551, 315.043640, 6893.657715>) requested data for lock!
[02:14:32] Player (Sauce, 76561199194857204)(<7802.306641, 314.866455, 6893.690918>) requested data for lock!
[02:14:37] Player (Sauce, 76561199194857204)(<7802.306641, 314.866455, 6893.690918>) requested data for lock!
[02:14:43] Player (Sauce, 76561199194857204)(<7801.914551, 315.043640, 6893.657715>) requested data for lock!
[02:14:50] Player (Sauce, 76561199194857204)(<7801.914551, 315.043640, 6893.657715>) requested data for lock!
[02:15:42] Player (Sauce, 76561199194857204)(<7801.914551, 315.043640, 6893.657715>) requested data for lock!
[02:16:13] Player (Sauce, 76561199194857204)(<7801.914551, 315.043640, 6893.657715>) requested data for lock!
[02:16:21] Player (Sauce, 76561199194857204)(<7801.914551, 315.043640, 6893.657715>) requested data for lock!
[02:17:14] Player (Sauce, 76561199194857204)(<7801.914551, 315.043640, 6893.657715>) requested data for lock!
[02:17:32] Player (Sauce, 76561199194857204)(<7801.914551, 315.043640, 6893.657715>) requested data for lock!
[02:18:04] Player (Sauce, 76561199194857204)(<7802.306641, 314.866455, 6893.690918>) requested data for lock!
[02:18:46] Player (Sauce, 76561199194857204)(<7801.914551, 315.043640, 6893.657715>) requested data for lock!
[02:20:20] Player (Sauce, 76561199194857204)(<7802.306641, 314.866455, 6893.690918>) requested data for lock!
[02:23:32] Player (Sauce, 76561199194857204)(<7802.306641, 314.866455, 6893.690918>) requested data for lock!
[02:23:42] Player (Sauce, 76561199194857204)(<7801.914551, 315.043640, 6893.657715>) requested data for lock!
[02:29:17] Player (Sauce, 76561199194857204)(<7801.914551, 315.043640, 6893.657715>) requested data for lock!
[02:31:01] Player (Sauce, 76561199194857204)(<7802.306641, 314.866455, 6893.690918>) requested data for lock!
[02:32:06] Player (Sauce, 76561199194857204)(<7801.914551, 315.043640, 6893.657715>) requested data for lock!
[02:34:07] Player (Sauce, 76561199194857204)(<7801.914551, 315.043640, 6893.657715>) requested data for lock!
[02:36:26] Player (Sauce, 76561199194857204)(<7802.306641, 314.866455, 6893.690918>) requested data for lock!
[02:37:29] Player (Sauce, 76561199194857204)(<7802.306641, 314.866455, 6893.690918>) requested data for lock!
[02:44:44] Player (Sauce, 76561199194857204)(<7802.306641, 314.866455, 6893.690918>) requested data for lock!
[02:45:00] Player (Sauce, 76561199194857204)(<7802.306641, 314.866455, 6893.690918>) requested data for lock!
[02:45:05] Player (Sauce, 76561199194857204)(<7801.914551, 315.043640, 6893.657715>) requested data for lock!
[02:45:10] Player (Sauce, 76561199194857204)(<7801.914551, 315.043640, 6893.657715>) requested data for lock!
[02:54:47] Player (Sauce, 76561199194857204)(<7802.306641, 314.866455, 6893.690918>) requested data for lock!
[02:55:18] Player (Sauce, 76561199194857204)(<7801.914551, 315.043640, 6893.657715>) requested data for lock!
[02:56:03] Player (Sauce, 76561199194857204)(<7801.914551, 315.043640, 6893.657715>) requested data for lock!
[03:40:15] Player (Sauce, 76561199194857204)(<7802.306641, 314.866455, 6893.690918>) requested data for lock!
[03:40:55] Player (Sauce, 76561199194857204)(<7801.914551, 315.043640, 6893.657715>) requested data for lock!
[03:42:23] Player (Sauce, 76561199194857204)(<7801.914551, 315.043640, 6893.657715>) requested data for lock!
[03:42:29] Player (Sauce, 76561199194857204)(<7801.914551, 315.043640, 6893.657715>) requested data for lock!
[03:50:03] Player (Sauce, 76561199194857204)(<7801.914551, 315.043640, 6893.657715>) requested data for lock!
[03:53:34] Player (Sauce, 76561199194857204)(<7792.361328, 313.654327, 6894.910645>) requested data for lock!
[03:57:59] Player (Sauce, 76561199194857204)(<7801.914551, 315.043640, 6893.657715>) requested data for lock!
