[09-01-2021][03.08.23] New Synch Log File Created!
[03:48:11] Player (^DBD^ Maxo, 76561198148661627)(<1189.316284, 344.580933, 9985.106445>) requested data for lock!
[03:48:16] Player (^DBD^ Maxo, 76561198148661627)(<1186.750732, 344.556030, 9985.829102>) requested data for lock!
[03:48:21] Player (^DBD^ Maxo, 76561198148661627)(<1184.751831, 344.556030, 9983.866211>) requested data for lock!
[03:48:28] Player (^DBD^ Maxo, 76561198148661627)(<1186.966064, 344.556030, 9980.056641>) requested data for lock!
[03:48:36] Player (^DBD^ Maxo, 76561198148661627)(<1185.200195, 344.556030, 9979.226563>) requested data for lock!
[03:48:41] Player (^DBD^ Maxo, 76561198148661627)(<1181.235474, 344.556030, 9979.996094>) requested data for lock!
[03:49:10] Player (^DBD^ Maxo, 76561198148661627)(<1166.893311, 345.748413, 9984.816406>) requested data for lock!
[03:50:39] Player (^DBD^ Maxo, 76561198148661627)(<1166.893311, 345.748413, 9984.816406>) requested data for lock!
[03:50:57] Player (^DBD^ Maxo, 76561198148661627)(<1189.316284, 344.580933, 9985.106445>) requested data for lock!
[03:51:06] Player (^DBD^ Maxo, 76561198148661627)(<1189.316284, 344.580933, 9985.106445>) requested data for lock!
[03:51:09] Player (^DBD^ zsobjack, 76561198387728549)(<1189.316284, 344.580933, 9985.106445>) requested data for lock!
[03:51:14] Player (^DBD^ zsobjack, 76561198387728549)(<1189.316284, 344.580933, 9985.106445>) requested data for lock!
[03:51:20] Player (^DBD^ zsobjack, 76561198387728549)(<1189.316284, 344.580933, 9985.106445>) requested data for lock!
[03:51:25] Player (^DBD^ zsobjack, 76561198387728549)(<1189.316284, 344.580933, 9985.106445>) requested data for lock!
[03:51:34] Player (^DBD^ zsobjack, 76561198387728549)(<1187.540894, 344.556030, 9991.790039>) requested data for lock!
[03:51:41] Player (^DBD^ Maxo, 76561198148661627)(<1187.540894, 344.556030, 9991.790039>) requested data for lock!
[03:51:46] Player (^DBD^ Maxo, 76561198148661627)(<1187.540894, 344.556030, 9991.790039>) requested data for lock!
[03:51:47] Player (^DBD^ zsobjack, 76561198387728549)(<1187.540894, 344.556030, 9991.790039>) requested data for lock!
[03:51:51] Player (^DBD^ Maxo, 76561198148661627)(<1187.540894, 344.556030, 9991.790039>) requested data for lock!
[03:51:52] Player (^DBD^ zsobjack, 76561198387728549)(<1187.540894, 344.556030, 9991.790039>) requested data for lock!
[03:51:56] Player (^DBD^ Maxo, 76561198148661627)(<1187.540894, 344.556030, 9991.790039>) requested data for lock!
[03:51:57] Player (^DBD^ zsobjack, 76561198387728549)(<1187.540894, 344.556030, 9991.790039>) requested data for lock!
[03:52:01] Player (^DBD^ Maxo, 76561198148661627)(<1187.540894, 344.556030, 9991.790039>) requested data for lock!
[03:53:33] Player (^DBD^ Maxo, 76561198148661627)(<1187.540894, 344.556030, 9991.790039>) requested data for lock!
[03:53:53] Player (^DBD^ Maxo, 76561198148661627)(<1187.540894, 344.556030, 9991.790039>) requested data for lock!
[03:54:15] Player (^DBD^ Maxo, 76561198148661627)(<1186.750732, 344.556030, 9985.829102>) requested data for lock!
[03:54:20] Player (^DBD^ Maxo, 76561198148661627)(<1184.751831, 344.556030, 9983.866211>) requested data for lock!
[03:54:26] Player (^DBD^ Maxo, 76561198148661627)(<1180.172852, 344.556030, 9987.970703>) requested data for lock!
[03:54:31] Player (^DBD^ Maxo, 76561198148661627)(<1182.824463, 344.556030, 9978.469727>) requested data for lock!
[03:55:01] Player (^DBD^ zsobjack, 76561198387728549)(<1187.540894, 344.556030, 9991.790039>) requested data for lock!
[03:55:05] Player (^DBD^ Maxo, 76561198148661627)(<1185.200195, 344.556030, 9979.226563>) requested data for lock!
[03:55:06] Player (^DBD^ zsobjack, 76561198387728549)(<1189.316284, 344.580933, 9985.106445>) requested data for lock!
[03:55:13] Player (^DBD^ zsobjack, 76561198387728549)(<1185.200195, 344.556030, 9979.226563>) requested data for lock!
[03:55:19] Player (^DBD^ zsobjack, 76561198387728549)(<1181.235474, 344.556030, 9979.996094>) requested data for lock!
[03:55:19] Player (^DBD^ Maxo, 76561198148661627)(<1181.235474, 344.556030, 9979.996094>) requested data for lock!
[03:55:24] Player (^DBD^ zsobjack, 76561198387728549)(<1185.200195, 344.556030, 9979.226563>) requested data for lock!
[03:55:49] Player (^DBD^ zsobjack, 76561198387728549)(<1181.235474, 344.556030, 9979.996094>) requested data for lock!
[03:55:50] Player (^DBD^ Maxo, 76561198148661627)(<1182.824463, 344.556030, 9978.469727>) requested data for lock!
[03:55:54] Player (^DBD^ zsobjack, 76561198387728549)(<1181.235474, 344.556030, 9979.996094>) requested data for lock!
[03:55:59] Player (^DBD^ zsobjack, 76561198387728549)(<1181.235474, 344.556030, 9979.996094>) requested data for lock!
[03:56:04] Player (^DBD^ Maxo, 76561198148661627)(<1182.824463, 344.556030, 9978.469727>) requested data for lock!
[03:56:04] Player (^DBD^ zsobjack, 76561198387728549)(<1181.235474, 344.556030, 9979.996094>) requested data for lock!
[03:56:09] Player (^DBD^ zsobjack, 76561198387728549)(<1181.235474, 344.556030, 9979.996094>) requested data for lock!
[03:56:11] Player (^DBD^ Maxo, 76561198148661627)(<1181.235474, 344.556030, 9979.996094>) requested data for lock!
[03:56:28] Player (^DBD^ Maxo, 76561198148661627)(<1184.278076, 344.556030, 9987.071289>) requested data for lock!
[03:56:29] Player (^DBD^ zsobjack, 76561198387728549)(<1181.235474, 344.556030, 9979.996094>) requested data for lock!
[03:56:38] Player (^DBD^ Maxo, 76561198148661627)(<1184.278076, 344.556030, 9987.071289>) requested data for lock!
[03:57:08] Player (^DBD^ Maxo, 76561198148661627)(<1184.278076, 344.556030, 9987.071289>) requested data for lock!
[03:57:14] Player (^DBD^ Maxo, 76561198148661627)(<1189.316284, 344.580933, 9985.106445>) requested data for lock!
[03:57:15] Player (^DBD^ zsobjack, 76561198387728549)(<1184.751831, 344.556030, 9983.866211>) requested data for lock!
[03:57:20] Player (^DBD^ zsobjack, 76561198387728549)(<1189.316284, 344.580933, 9985.106445>) requested data for lock!
[03:57:22] Player (^DBD^ Maxo, 76561198148661627)(<1189.316284, 344.580933, 9985.106445>) requested data for lock!
[03:57:28] Player (^DBD^ Maxo, 76561198148661627)(<1189.316284, 344.580933, 9985.106445>) requested data for lock!
[03:57:31] Player (^DBD^ zsobjack, 76561198387728549)(<1189.316284, 344.580933, 9985.106445>) requested data for lock!
[03:57:35] Player (^DBD^ Maxo, 76561198148661627)(<1186.750732, 344.556030, 9985.829102>) requested data for lock!
[03:57:40] Player (^DBD^ zsobjack, 76561198387728549)(<1187.540894, 344.556030, 9991.790039>) requested data for lock!
[03:58:04] Player (^DBD^ Maxo, 76561198148661627)(<1187.540894, 344.556030, 9991.790039>) requested data for lock!
[03:58:28] Player (^DBD^ Maxo, 76561198148661627)(<1189.316284, 344.580933, 9985.106445>) requested data for lock!
[03:58:33] Player (^DBD^ Maxo, 76561198148661627)(<1189.316284, 344.580933, 9985.106445>) requested data for lock!
[03:58:44] Player (^DBD^ zsobjack, 76561198387728549)(<1187.540894, 344.556030, 9991.790039>) requested data for lock!
[03:58:49] Player (^DBD^ zsobjack, 76561198387728549)(<1187.540894, 344.556030, 9991.790039>) requested data for lock!
[03:59:21] Player (^DBD^ zsobjack, 76561198387728549)(<1186.750732, 344.556030, 9985.829102>) requested data for lock!
[03:59:26] Player (^DBD^ zsobjack, 76561198387728549)(<1189.316284, 344.580933, 9985.106445>) requested data for lock!
[03:59:29] Player (^DBD^ Maxo, 76561198148661627)(<1189.316284, 344.580933, 9985.106445>) requested data for lock!
[04:00:04] Player (^DBD^ zsobjack, 76561198387728549)(<1189.316284, 344.580933, 9985.106445>) requested data for lock!
[04:25:03] Player (Sauce, 76561199194857204)(<7802.306641, 314.866455, 6893.690918>) requested data for lock!
[04:25:24] Player (Sauce, 76561199194857204)(<7802.306641, 314.866455, 6893.690918>) requested data for lock!
[04:26:06] Player (Sauce, 76561199194857204)(<7801.914551, 315.043640, 6893.657715>) requested data for lock!
[04:27:27] Player (Sauce, 76561199194857204)(<7792.361328, 313.654327, 6894.910645>) requested data for lock!
[04:27:44] Player (Sauce, 76561199194857204)(<7792.361328, 313.654327, 6894.910645>) requested data for lock!
[04:28:50] Player (Sauce, 76561199194857204)(<7801.914551, 315.043640, 6893.657715>) requested data for lock!
[09-01-2021][09.10.30] Log file reloaded ( Server Restart )
[09:58:07] Player (KingHotDog, 76561199068832255)(<1189.316284, 344.580933, 9985.106445>) requested data for lock!
[09:58:28] Player (KingHotDog, 76561199068832255)(<1185.200195, 344.556030, 9979.226563>) requested data for lock!
[09:58:40] Player (KingHotDog, 76561199068832255)(<1185.200195, 344.556030, 9979.226563>) requested data for lock!
[09:58:45] Player (KingHotDog, 76561199068832255)(<1189.316284, 344.580933, 9985.106445>) requested data for lock!
[10:00:16] Player (KingHotDog, 76561199068832255)(<1186.750732, 344.556030, 9985.829102>) requested data for lock!
[10:00:24] Player (KingHotDog, 76561199068832255)(<1189.316284, 344.580933, 9985.106445>) requested data for lock!
[10:00:29] Player (KingHotDog, 76561199068832255)(<1184.278076, 344.556030, 9987.071289>) requested data for lock!
[10:00:34] Player (KingHotDog, 76561199068832255)(<1184.278076, 344.556030, 9987.071289>) requested data for lock!
[10:00:52] Player (KingHotDog, 76561199068832255)(<1180.172852, 344.556030, 9987.970703>) requested data for lock!
[10:00:59] Player (KingHotDog, 76561199068832255)(<1178.932983, 344.707672, 9989.684570>) requested data for lock!
[10:01:11] Player (KingHotDog, 76561199068832255)(<1180.172852, 344.556030, 9987.970703>) requested data for lock!
[10:01:18] Player (KingHotDog, 76561199068832255)(<1184.751831, 344.556030, 9983.866211>) requested data for lock!
[10:01:23] Player (KingHotDog, 76561199068832255)(<1184.751831, 344.556030, 9983.866211>) requested data for lock!
[10:01:30] Player (KingHotDog, 76561199068832255)(<1184.751831, 344.556030, 9983.866211>) requested data for lock!
[10:01:35] Player (KingHotDog, 76561199068832255)(<1186.966064, 344.556030, 9980.056641>) requested data for lock!
[10:01:43] Player (KingHotDog, 76561199068832255)(<1185.200195, 344.556030, 9979.226563>) requested data for lock!
[10:02:06] Player (KingHotDog, 76561199068832255)(<1185.200195, 344.556030, 9979.226563>) requested data for lock!
[10:02:14] Player (KingHotDog, 76561199068832255)(<1182.824463, 344.556030, 9978.469727>) requested data for lock!
[10:02:24] Player (KingHotDog, 76561199068832255)(<1182.824463, 344.556030, 9978.469727>) requested data for lock!
[10:02:29] Player (KingHotDog, 76561199068832255)(<1181.235474, 344.556030, 9979.996094>) requested data for lock!
[10:03:09] Player (KingHotDog, 76561199068832255)(<1184.751831, 344.556030, 9983.866211>) requested data for lock!
[09-01-2021][10.21.25] Log file reloaded ( Server Restart )
[13:53:12] Player (^DBD^ Maxo, 76561198148661627)(<1189.316284, 344.580933, 9985.106445>) requested data for lock!
[13:53:21] Player (^DBD^ Maxo, 76561198148661627)(<1187.540894, 344.556030, 9991.790039>) requested data for lock!
[13:53:26] Player (^DBD^ Maxo, 76561198148661627)(<1186.750732, 344.556030, 9985.829102>) requested data for lock!
[13:53:32] Player (^DBD^ Maxo, 76561198148661627)(<1184.278076, 344.556030, 9987.071289>) requested data for lock!
[13:54:21] Player (^DBD^ Maxo, 76561198148661627)(<1184.278076, 344.556030, 9987.071289>) requested data for lock!
[13:54:32] Player (^DBD^ Maxo, 76561198148661627)(<1184.751831, 344.556030, 9983.866211>) requested data for lock!
[13:54:42] Player (^DBD^ Maxo, 76561198148661627)(<1184.751831, 344.556030, 9983.866211>) requested data for lock!
[14:09:30] Player (^DBD^ Maxo, 76561198148661627)(<1182.824463, 344.556030, 9978.469727>) requested data for lock!
[14:09:35] Player (^DBD^ Maxo, 76561198148661627)(<1181.235474, 344.556030, 9979.996094>) requested data for lock!
[14:10:02] Player (^DBD^ Maxo, 76561198148661627)(<1182.824463, 344.556030, 9978.469727>) requested data for lock!
[14:10:23] Player (^DBD^ Maxo, 76561198148661627)(<1184.278076, 344.556030, 9987.071289>) requested data for lock!
[14:10:47] Player (^DBD^ Maxo, 76561198148661627)(<1186.750732, 344.556030, 9985.829102>) requested data for lock!
[14:11:00] Player (^DBD^ Maxo, 76561198148661627)(<1189.316284, 344.580933, 9985.106445>) requested data for lock!
[14:11:48] Player (^DBD^ Maxo, 76561198148661627)(<1178.932983, 344.707672, 9989.684570>) requested data for lock!
[14:11:53] Player (^DBD^ Maxo, 76561198148661627)(<1166.893311, 345.748413, 9984.816406>) requested data for lock!
[14:47:11] Player (^DBD^ Maxo, 76561198148661627)(<1189.316284, 344.580933, 9985.106445>) requested data for lock!
[14:47:16] Player (^DBD^ Maxo, 76561198148661627)(<1186.750732, 344.556030, 9985.829102>) requested data for lock!
[14:47:21] Player (^DBD^ Maxo, 76561198148661627)(<1184.751831, 344.556030, 9983.866211>) requested data for lock!
[14:48:18] Player (^DBD^ Maxo, 76561198148661627)(<1186.966064, 344.556030, 9980.056641>) requested data for lock!
[14:48:29] Player (^DBD^ Maxo, 76561198148661627)(<1184.278076, 344.556030, 9987.071289>) requested data for lock!
[14:48:49] Player (^DBD^ Maxo, 76561198148661627)(<1184.278076, 344.556030, 9987.071289>) requested data for lock!
[14:49:11] Player (^DBD^ Maxo, 76561198148661627)(<1184.278076, 344.556030, 9987.071289>) requested data for lock!
[14:49:17] Player (^DBD^ Maxo, 76561198148661627)(<1184.278076, 344.556030, 9987.071289>) requested data for lock!
[14:49:22] Player (^DBD^ Maxo, 76561198148661627)(<1184.278076, 344.556030, 9987.071289>) requested data for lock!
[14:49:27] Player (^DBD^ Maxo, 76561198148661627)(<1184.278076, 344.556030, 9987.071289>) requested data for lock!
[14:49:45] Player (^DBD^ Maxo, 76561198148661627)(<1184.278076, 344.556030, 9987.071289>) requested data for lock!
[14:50:03] Player (^DBD^ Maxo, 76561198148661627)(<1187.540894, 344.556030, 9991.790039>) requested data for lock!
[14:50:44] Player (^DBD^ Maxo, 76561198148661627)(<1184.278076, 344.556030, 9987.071289>) requested data for lock!
[14:50:49] Player (^DBD^ Maxo, 76561198148661627)(<1180.172852, 344.556030, 9987.970703>) requested data for lock!
[14:50:58] Player (^DBD^ Maxo, 76561198148661627)(<1180.172852, 344.556030, 9987.970703>) requested data for lock!
[14:51:03] Player (^DBD^ Maxo, 76561198148661627)(<1180.172852, 344.556030, 9987.970703>) requested data for lock!
[14:58:52] Player (^DBD^ Maxo, 76561198148661627)(<1178.932983, 344.707672, 9989.684570>) requested data for lock!
[15:51:25] Player (^DBD^ Maxo, 76561198148661627)(<1189.316284, 344.580933, 9985.106445>) requested data for lock!
[15:51:30] Player (^DBD^ Maxo, 76561198148661627)(<1186.750732, 344.556030, 9985.829102>) requested data for lock!
[15:51:35] Player (^DBD^ Maxo, 76561198148661627)(<1184.751831, 344.556030, 9983.866211>) requested data for lock!
[15:51:40] Player (^DBD^ Maxo, 76561198148661627)(<1181.235474, 344.556030, 9979.996094>) requested data for lock!
[15:53:39] Player (^DBD^ Maxo, 76561198148661627)(<1182.824463, 344.556030, 9978.469727>) requested data for lock!
[15:54:01] Player (^DBD^ Maxo, 76561198148661627)(<1186.966064, 344.556030, 9980.056641>) requested data for lock!
[15:54:33] Player (^DBD^ Maxo, 76561198148661627)(<1166.893311, 345.748413, 9984.816406>) requested data for lock!
[15:56:13] Player (^DBD^ Maxo, 76561198148661627)(<1184.278076, 344.556030, 9987.071289>) requested data for lock!
[15:56:24] Player (^DBD^ Maxo, 76561198148661627)(<1184.278076, 344.556030, 9987.071289>) requested data for lock!
[15:59:25] Player (^DBD^ Maxo, 76561198148661627)(<1166.893311, 345.748413, 9984.816406>) requested data for lock!
[16:00:56] Player (^DBD^ Maxo, 76561198148661627)(<1181.235474, 344.556030, 9979.996094>) requested data for lock!
[16:01:11] Player (^DBD^ Maxo, 76561198148661627)(<1182.824463, 344.556030, 9978.469727>) requested data for lock!
[16:01:21] Player (^DBD^ Maxo, 76561198148661627)(<1185.200195, 344.556030, 9979.226563>) requested data for lock!
[16:01:28] Player (^DBD^ Maxo, 76561198148661627)(<1187.540894, 344.556030, 9991.790039>) requested data for lock!
[16:01:33] Player (^DBD^ Maxo, 76561198148661627)(<1187.540894, 344.556030, 9991.790039>) requested data for lock!
[16:01:51] Player (^DBD^ Maxo, 76561198148661627)(<1187.540894, 344.556030, 9991.790039>) requested data for lock!
[16:01:57] Player (^DBD^ Maxo, 76561198148661627)(<1184.278076, 344.556030, 9987.071289>) requested data for lock!
[16:02:21] Player (^DBD^ Maxo, 76561198148661627)(<1182.824463, 344.556030, 9978.469727>) requested data for lock!
[16:02:32] Player (^DBD^ Maxo, 76561198148661627)(<1186.966064, 344.556030, 9980.056641>) requested data for lock!
[16:02:43] Player (^DBD^ Maxo, 76561198148661627)(<1185.200195, 344.556030, 9979.226563>) requested data for lock!
[16:03:18] Player (^DBD^ Maxo, 76561198148661627)(<1181.235474, 344.556030, 9979.996094>) requested data for lock!
[16:03:26] Player (^DBD^ Maxo, 76561198148661627)(<1181.235474, 344.556030, 9979.996094>) requested data for lock!
[16:04:01] Player (^DBD^ Maxo, 76561198148661627)(<1185.200195, 344.556030, 9979.226563>) requested data for lock!
[16:04:38] Player (^DBD^ Maxo, 76561198148661627)(<1184.278076, 344.556030, 9987.071289>) requested data for lock!
[16:04:43] Player (^DBD^ Maxo, 76561198148661627)(<1184.278076, 344.556030, 9987.071289>) requested data for lock!
[16:04:48] Player (^DBD^ Maxo, 76561198148661627)(<1184.278076, 344.556030, 9987.071289>) requested data for lock!
[16:05:21] Player (^DBD^ Maxo, 76561198148661627)(<1186.966064, 344.556030, 9980.056641>) requested data for lock!
[16:05:43] Player (^DBD^ Maxo, 76561198148661627)(<1182.824463, 344.556030, 9978.469727>) requested data for lock!
[16:07:03] Player (^DBD^ Maxo, 76561198148661627)(<1182.824463, 344.556030, 9978.469727>) requested data for lock!
[16:07:44] Player (^DBD^ Maxo, 76561198148661627)(<1182.824463, 344.556030, 9978.469727>) requested data for lock!
[16:07:49] Player (^DBD^ Maxo, 76561198148661627)(<1181.235474, 344.556030, 9979.996094>) requested data for lock!
[16:07:55] Player (^DBD^ Maxo, 76561198148661627)(<1185.200195, 344.556030, 9979.226563>) requested data for lock!
[16:08:03] Player (^DBD^ Maxo, 76561198148661627)(<1184.278076, 344.556030, 9987.071289>) requested data for lock!
[16:08:08] Player (^DBD^ Maxo, 76561198148661627)(<1184.278076, 344.556030, 9987.071289>) requested data for lock!
[16:08:13] Player (^DBD^ Maxo, 76561198148661627)(<1184.278076, 344.556030, 9987.071289>) requested data for lock!
[16:08:18] Player (^DBD^ Maxo, 76561198148661627)(<1184.278076, 344.556030, 9987.071289>) requested data for lock!
[16:08:34] Player (^DBD^ Maxo, 76561198148661627)(<1186.750732, 344.556030, 9985.829102>) requested data for lock!
[16:08:39] Player (^DBD^ Maxo, 76561198148661627)(<1184.278076, 344.556030, 9987.071289>) requested data for lock!
[16:09:00] Player (^DBD^ Maxo, 76561198148661627)(<1187.540894, 344.556030, 9991.790039>) requested data for lock!
[16:09:10] Player (^DBD^ Maxo, 76561198148661627)(<1187.540894, 344.556030, 9991.790039>) requested data for lock!
[16:10:18] Player (^DBD^ Maxo, 76561198148661627)(<1189.316284, 344.580933, 9985.106445>) requested data for lock!
[16:10:50] Player (^DBD^ Maxo, 76561198148661627)(<1187.540894, 344.556030, 9991.790039>) requested data for lock!
[16:11:22] Player (^DBD^ Maxo, 76561198148661627)(<1186.750732, 344.556030, 9985.829102>) requested data for lock!
[16:11:32] Player (^DBD^ Maxo, 76561198148661627)(<1186.750732, 344.556030, 9985.829102>) requested data for lock!
[16:12:45] Player (^DBD^ Maxo, 76561198148661627)(<1189.316284, 344.580933, 9985.106445>) requested data for lock!
[16:12:53] Player (^DBD^ Maxo, 76561198148661627)(<1189.316284, 344.580933, 9985.106445>) requested data for lock!
[16:13:21] Player (^DBD^ Maxo, 76561198148661627)(<1186.750732, 344.556030, 9985.829102>) requested data for lock!
[16:13:27] Player (^DBD^ Maxo, 76561198148661627)(<1189.316284, 344.580933, 9985.106445>) requested data for lock!
[16:13:53] Player (^DBD^ Maxo, 76561198148661627)(<1189.316284, 344.580933, 9985.106445>) requested data for lock!
[16:14:06] Player (^DBD^ Maxo, 76561198148661627)(<1166.893311, 345.748413, 9984.816406>) requested data for lock!
[16:14:15] Player (^DBD^ Maxo, 76561198148661627)(<1166.893311, 345.748413, 9984.816406>) requested data for lock!
[16:14:20] Player (^DBD^ Maxo, 76561198148661627)(<1166.893311, 345.748413, 9984.816406>) requested data for lock!
[16:14:32] Player (^DBD^ Maxo, 76561198148661627)(<1166.893311, 345.748413, 9984.816406>) requested data for lock!
[16:15:14] Player (^DBD^ Maxo, 76561198148661627)(<1166.893311, 345.748413, 9984.816406>) requested data for lock!
[16:15:30] Player (^DBD^ Maxo, 76561198148661627)(<1189.316284, 344.580933, 9985.106445>) requested data for lock!
[16:16:37] Player (^DBD^ Maxo, 76561198148661627)(<1187.540894, 344.556030, 9991.790039>) requested data for lock!
[16:16:43] Player (^DBD^ Maxo, 76561198148661627)(<1186.750732, 344.556030, 9985.829102>) requested data for lock!
[16:17:03] Player (^DBD^ Maxo, 76561198148661627)(<1184.278076, 344.556030, 9987.071289>) requested data for lock!
[09-01-2021][16.23.54] Log file reloaded ( Server Restart )
[17:37:05] Player (^DBD^ Maxo, 76561198148661627)(<1184.751831, 344.556030, 9983.866211>) requested data for lock!
[17:37:10] Player (^DBD^ Maxo, 76561198148661627)(<1184.278076, 344.556030, 9987.071289>) requested data for lock!
[17:37:15] Player (^DBD^ Maxo, 76561198148661627)(<1186.750732, 344.556030, 9985.829102>) requested data for lock!
[17:37:20] Player (^DBD^ Maxo, 76561198148661627)(<1186.750732, 344.556030, 9985.829102>) requested data for lock!
[17:37:25] Player (^DBD^ Maxo, 76561198148661627)(<1186.750732, 344.556030, 9985.829102>) requested data for lock!
[17:37:30] Player (^DBD^ Maxo, 76561198148661627)(<1186.750732, 344.556030, 9985.829102>) requested data for lock!
[17:37:35] Player (^DBD^ Maxo, 76561198148661627)(<1186.750732, 344.556030, 9985.829102>) requested data for lock!
[17:37:40] Player (^DBD^ Maxo, 76561198148661627)(<1186.750732, 344.556030, 9985.829102>) requested data for lock!
[17:37:45] Player (^DBD^ Maxo, 76561198148661627)(<1186.750732, 344.556030, 9985.829102>) requested data for lock!
[17:37:50] Player (^DBD^ Maxo, 76561198148661627)(<1186.750732, 344.556030, 9985.829102>) requested data for lock!
[17:37:55] Player (^DBD^ Maxo, 76561198148661627)(<1186.750732, 344.556030, 9985.829102>) requested data for lock!
[17:38:00] Player (^DBD^ Maxo, 76561198148661627)(<1186.750732, 344.556030, 9985.829102>) requested data for lock!
[17:38:05] Player (^DBD^ Maxo, 76561198148661627)(<1186.750732, 344.556030, 9985.829102>) requested data for lock!
[17:38:10] Player (^DBD^ Maxo, 76561198148661627)(<1186.750732, 344.556030, 9985.829102>) requested data for lock!
[17:38:15] Player (^DBD^ Maxo, 76561198148661627)(<1186.750732, 344.556030, 9985.829102>) requested data for lock!
[17:38:20] Player (^DBD^ Maxo, 76561198148661627)(<1186.750732, 344.556030, 9985.829102>) requested data for lock!
[17:38:25] Player (^DBD^ Maxo, 76561198148661627)(<1186.750732, 344.556030, 9985.829102>) requested data for lock!
[17:38:30] Player (^DBD^ Maxo, 76561198148661627)(<1186.750732, 344.556030, 9985.829102>) requested data for lock!
[17:38:35] Player (^DBD^ Maxo, 76561198148661627)(<1186.750732, 344.556030, 9985.829102>) requested data for lock!
[17:38:40] Player (^DBD^ Maxo, 76561198148661627)(<1186.750732, 344.556030, 9985.829102>) requested data for lock!
[17:38:45] Player (^DBD^ Maxo, 76561198148661627)(<1186.750732, 344.556030, 9985.829102>) requested data for lock!
[17:38:50] Player (^DBD^ Maxo, 76561198148661627)(<1186.750732, 344.556030, 9985.829102>) requested data for lock!
[17:38:55] Player (^DBD^ Maxo, 76561198148661627)(<1186.750732, 344.556030, 9985.829102>) requested data for lock!
[17:39:00] Player (^DBD^ Maxo, 76561198148661627)(<1186.750732, 344.556030, 9985.829102>) requested data for lock!
[17:39:05] Player (^DBD^ Maxo, 76561198148661627)(<1186.750732, 344.556030, 9985.829102>) requested data for lock!
[17:39:10] Player (^DBD^ Maxo, 76561198148661627)(<1186.750732, 344.556030, 9985.829102>) requested data for lock!
[17:39:15] Player (^DBD^ Maxo, 76561198148661627)(<1186.750732, 344.556030, 9985.829102>) requested data for lock!
[17:39:20] Player (^DBD^ Maxo, 76561198148661627)(<1186.750732, 344.556030, 9985.829102>) requested data for lock!
[17:39:25] Player (^DBD^ Maxo, 76561198148661627)(<1186.750732, 344.556030, 9985.829102>) requested data for lock!
[17:40:20] Player (^DBD^ Maxo, 76561198148661627)(<1187.540894, 344.556030, 9991.790039>) requested data for lock!
[17:40:31] Player (^DBD^ Maxo, 76561198148661627)(<1187.540894, 344.556030, 9991.790039>) requested data for lock!
[17:40:39] Player (^DBD^ Maxo, 76561198148661627)(<1187.540894, 344.556030, 9991.790039>) requested data for lock!
[17:40:44] Player (^DBD^ Maxo, 76561198148661627)(<1187.540894, 344.556030, 9991.790039>) requested data for lock!
[17:40:49] Player (^DBD^ Maxo, 76561198148661627)(<1187.540894, 344.556030, 9991.790039>) requested data for lock!
[17:40:54] Player (^DBD^ Maxo, 76561198148661627)(<1187.540894, 344.556030, 9991.790039>) requested data for lock!
[17:40:59] Player (^DBD^ Maxo, 76561198148661627)(<1187.540894, 344.556030, 9991.790039>) requested data for lock!
[17:41:04] Player (^DBD^ Maxo, 76561198148661627)(<1187.540894, 344.556030, 9991.790039>) requested data for lock!
[17:41:09] Player (^DBD^ Maxo, 76561198148661627)(<1187.540894, 344.556030, 9991.790039>) requested data for lock!
[17:41:14] Player (^DBD^ Maxo, 76561198148661627)(<1187.540894, 344.556030, 9991.790039>) requested data for lock!
[17:41:19] Player (^DBD^ Maxo, 76561198148661627)(<1187.540894, 344.556030, 9991.790039>) requested data for lock!
[17:41:24] Player (^DBD^ Maxo, 76561198148661627)(<1187.540894, 344.556030, 9991.790039>) requested data for lock!
[17:41:29] Player (^DBD^ Maxo, 76561198148661627)(<1187.540894, 344.556030, 9991.790039>) requested data for lock!
[17:41:34] Player (^DBD^ Maxo, 76561198148661627)(<1187.540894, 344.556030, 9991.790039>) requested data for lock!
[17:41:39] Player (^DBD^ Maxo, 76561198148661627)(<1187.540894, 344.556030, 9991.790039>) requested data for lock!
[17:41:44] Player (^DBD^ Maxo, 76561198148661627)(<1187.540894, 344.556030, 9991.790039>) requested data for lock!
[17:41:49] Player (^DBD^ Maxo, 76561198148661627)(<1187.540894, 344.556030, 9991.790039>) requested data for lock!
[17:41:54] Player (^DBD^ Maxo, 76561198148661627)(<1187.540894, 344.556030, 9991.790039>) requested data for lock!
[17:41:59] Player (^DBD^ Maxo, 76561198148661627)(<1187.540894, 344.556030, 9991.790039>) requested data for lock!
[17:42:04] Player (^DBD^ Maxo, 76561198148661627)(<1187.540894, 344.556030, 9991.790039>) requested data for lock!
[17:42:09] Player (^DBD^ Maxo, 76561198148661627)(<1187.540894, 344.556030, 9991.790039>) requested data for lock!
[17:42:14] Player (^DBD^ Maxo, 76561198148661627)(<1187.540894, 344.556030, 9991.790039>) requested data for lock!
[17:42:19] Player (^DBD^ Maxo, 76561198148661627)(<1187.540894, 344.556030, 9991.790039>) requested data for lock!
[17:42:26] Player (^DBD^ Maxo, 76561198148661627)(<1189.316284, 344.580933, 9985.106445>) requested data for lock!
[17:44:24] Player (^DBD^ Maxo, 76561198148661627)(<1189.316284, 344.580933, 9985.106445>) requested data for lock!
[17:44:30] Player (^DBD^ Maxo, 76561198148661627)(<1184.751831, 344.556030, 9983.866211>) requested data for lock!
[17:44:35] Player (^DBD^ Maxo, 76561198148661627)(<1182.824463, 344.556030, 9978.469727>) requested data for lock!
[17:45:13] Player (^DBD^ Maxo, 76561198148661627)(<1184.278076, 344.556030, 9987.071289>) requested data for lock!
[17:46:27] Player (KingHotDog, 76561199068832255)(<1181.235474, 344.556030, 9979.996094>) requested data for lock!
[17:46:43] Player (KingHotDog, 76561199068832255)(<1189.316284, 344.580933, 9985.106445>) requested data for lock!
[17:46:44] Player (^DBD^ Maxo, 76561198148661627)(<1189.316284, 344.580933, 9985.106445>) requested data for lock!
[17:46:50] Player (^DBD^ Maxo, 76561198148661627)(<1187.540894, 344.556030, 9991.790039>) requested data for lock!
[17:47:15] Player (KingHotDog, 76561199068832255)(<1187.540894, 344.556030, 9991.790039>) requested data for lock!
[17:47:38] Player (KingHotDog, 76561199068832255)(<1166.893311, 345.748413, 9984.816406>) requested data for lock!
[17:53:59] Player (KingHotDog, 76561199068832255)(<1189.316284, 344.580933, 9985.106445>) requested data for lock!
[17:54:47] Player (^DBD^ Maxo, 76561198148661627)(<1187.540894, 344.556030, 9991.790039>) requested data for lock!
[17:54:47] Player (KingHotDog, 76561199068832255)(<1178.932983, 344.707672, 9989.684570>) requested data for lock!
[17:54:59] Player (KingHotDog, 76561199068832255)(<1187.540894, 344.556030, 9991.790039>) requested data for lock!
[17:57:57] Player (KingHotDog, 76561199068832255)(<1189.316284, 344.580933, 9985.106445>) requested data for lock!
[17:58:31] Player (KingHotDog, 76561199068832255)(<1189.316284, 344.580933, 9985.106445>) requested data for lock!
[17:59:04] Player (KingHotDog, 76561199068832255)(<1189.316284, 344.580933, 9985.106445>) requested data for lock!
[17:59:30] Player (KingHotDog, 76561199068832255)(<1189.316284, 344.580933, 9985.106445>) requested data for lock!
[17:59:35] Player (KingHotDog, 76561199068832255)(<1189.316284, 344.580933, 9985.106445>) requested data for lock!
[18:00:39] Player (KingHotDog, 76561199068832255)(<1187.540894, 344.556030, 9991.790039>) requested data for lock!
[18:00:51] Player (KingHotDog, 76561199068832255)(<1187.540894, 344.556030, 9991.790039>) requested data for lock!
[18:01:02] Player (KingHotDog, 76561199068832255)(<1187.540894, 344.556030, 9991.790039>) requested data for lock!
[18:01:07] Player (KingHotDog, 76561199068832255)(<1187.540894, 344.556030, 9991.790039>) requested data for lock!
[18:01:14] Player (KingHotDog, 76561199068832255)(<1186.750732, 344.556030, 9985.829102>) requested data for lock!
[18:01:33] Player (KingHotDog, 76561199068832255)(<1186.750732, 344.556030, 9985.829102>) requested data for lock!
[18:01:49] Player (KingHotDog, 76561199068832255)(<1186.750732, 344.556030, 9985.829102>) requested data for lock!
[18:02:06] Player (KingHotDog, 76561199068832255)(<1187.540894, 344.556030, 9991.790039>) requested data for lock!
[18:02:23] Player (KingHotDog, 76561199068832255)(<1187.540894, 344.556030, 9991.790039>) requested data for lock!
[18:03:02] Player (KingHotDog, 76561199068832255)(<1186.750732, 344.556030, 9985.829102>) requested data for lock!
[18:03:52] Player (KingHotDog, 76561199068832255)(<1186.750732, 344.556030, 9985.829102>) requested data for lock!
[18:06:48] Player (KingHotDog, 76561199068832255)(<1187.540894, 344.556030, 9991.790039>) requested data for lock!
[18:06:53] Player (KingHotDog, 76561199068832255)(<1187.540894, 344.556030, 9991.790039>) requested data for lock!
[18:06:58] Player (KingHotDog, 76561199068832255)(<1187.540894, 344.556030, 9991.790039>) requested data for lock!
[18:07:03] Player (KingHotDog, 76561199068832255)(<1187.540894, 344.556030, 9991.790039>) requested data for lock!
[18:07:08] Player (KingHotDog, 76561199068832255)(<1187.540894, 344.556030, 9991.790039>) requested data for lock!
[18:07:15] Player (KingHotDog, 76561199068832255)(<1187.540894, 344.556030, 9991.790039>) requested data for lock!
[18:07:23] Player (KingHotDog, 76561199068832255)(<1187.540894, 344.556030, 9991.790039>) requested data for lock!
[18:07:28] Player (KingHotDog, 76561199068832255)(<1187.540894, 344.556030, 9991.790039>) requested data for lock!
[18:07:50] Player (KingHotDog, 76561199068832255)(<1187.540894, 344.556030, 9991.790039>) requested data for lock!
[18:07:55] Player (KingHotDog, 76561199068832255)(<1187.540894, 344.556030, 9991.790039>) requested data for lock!
[18:08:00] Player (KingHotDog, 76561199068832255)(<1187.540894, 344.556030, 9991.790039>) requested data for lock!
[18:08:05] Player (KingHotDog, 76561199068832255)(<1187.540894, 344.556030, 9991.790039>) requested data for lock!
[18:08:10] Player (KingHotDog, 76561199068832255)(<1187.540894, 344.556030, 9991.790039>) requested data for lock!
[18:08:15] Player (KingHotDog, 76561199068832255)(<1187.540894, 344.556030, 9991.790039>) requested data for lock!
[18:08:20] Player (KingHotDog, 76561199068832255)(<1187.540894, 344.556030, 9991.790039>) requested data for lock!
[18:08:25] Player (KingHotDog, 76561199068832255)(<1187.540894, 344.556030, 9991.790039>) requested data for lock!
[18:08:30] Player (KingHotDog, 76561199068832255)(<1187.540894, 344.556030, 9991.790039>) requested data for lock!
[18:08:35] Player (KingHotDog, 76561199068832255)(<1187.540894, 344.556030, 9991.790039>) requested data for lock!
[18:08:40] Player (KingHotDog, 76561199068832255)(<1187.540894, 344.556030, 9991.790039>) requested data for lock!
[18:09:09] Player (KingHotDog, 76561199068832255)(<1187.540894, 344.556030, 9991.790039>) requested data for lock!
[18:09:14] Player (KingHotDog, 76561199068832255)(<1187.540894, 344.556030, 9991.790039>) requested data for lock!
[18:09:19] Player (KingHotDog, 76561199068832255)(<1187.540894, 344.556030, 9991.790039>) requested data for lock!
[18:09:24] Player (KingHotDog, 76561199068832255)(<1187.540894, 344.556030, 9991.790039>) requested data for lock!
[18:09:29] Player (KingHotDog, 76561199068832255)(<1187.540894, 344.556030, 9991.790039>) requested data for lock!
[18:09:35] Player (KingHotDog, 76561199068832255)(<1187.540894, 344.556030, 9991.790039>) requested data for lock!
[18:09:40] Player (KingHotDog, 76561199068832255)(<1187.540894, 344.556030, 9991.790039>) requested data for lock!
[18:09:45] Player (KingHotDog, 76561199068832255)(<1187.540894, 344.556030, 9991.790039>) requested data for lock!
[18:10:42] Player (KingHotDog, 76561199068832255)(<1187.540894, 344.556030, 9991.790039>) requested data for lock!
[18:13:10] Player (KingHotDog, 76561199068832255)(<1187.540894, 344.556030, 9991.790039>) requested data for lock!
[18:13:15] Player (KingHotDog, 76561199068832255)(<1187.540894, 344.556030, 9991.790039>) requested data for lock!
[18:13:20] Player (KingHotDog, 76561199068832255)(<1187.540894, 344.556030, 9991.790039>) requested data for lock!
[18:13:25] Player (KingHotDog, 76561199068832255)(<1187.540894, 344.556030, 9991.790039>) requested data for lock!
[18:13:30] Player (KingHotDog, 76561199068832255)(<1187.540894, 344.556030, 9991.790039>) requested data for lock!
[18:13:35] Player (KingHotDog, 76561199068832255)(<1187.540894, 344.556030, 9991.790039>) requested data for lock!
[18:13:40] Player (KingHotDog, 76561199068832255)(<1187.540894, 344.556030, 9991.790039>) requested data for lock!
[18:13:58] Player (KingHotDog, 76561199068832255)(<1186.750732, 344.556030, 9985.829102>) requested data for lock!
[18:15:18] Player (KingHotDog, 76561199068832255)(<1186.750732, 344.556030, 9985.829102>) requested data for lock!
[18:15:46] Player (KingHotDog, 76561199068832255)(<1186.750732, 344.556030, 9985.829102>) requested data for lock!
[18:15:53] Player (KingHotDog, 76561199068832255)(<1186.750732, 344.556030, 9985.829102>) requested data for lock!
[18:20:43] Player (KingHotDog, 76561199068832255)(<1187.540894, 344.556030, 9991.790039>) requested data for lock!
[18:21:33] Player (KingHotDog, 76561199068832255)(<1186.750732, 344.556030, 9985.829102>) requested data for lock!
[18:28:56] Player (KingHotDog, 76561199068832255)(<1186.750732, 344.556030, 9985.829102>) requested data for lock!
[18:29:02] Player (KingHotDog, 76561199068832255)(<1187.540894, 344.556030, 9991.790039>) requested data for lock!
[18:29:16] Player (KingHotDog, 76561199068832255)(<1187.540894, 344.556030, 9991.790039>) requested data for lock!
[19:12:29] Player (^DBD^ Maxo, 76561198148661627)(<1187.540894, 344.556030, 9991.790039>) requested data for lock!
[19:12:38] Player (^DBD^ Maxo, 76561198148661627)(<1186.750732, 344.556030, 9985.829102>) requested data for lock!
[19:12:47] Player (^DBD^ Maxo, 76561198148661627)(<1180.172852, 344.556030, 9987.970703>) requested data for lock!
[19:12:52] Player (^DBD^ Maxo, 76561198148661627)(<1178.932983, 344.707672, 9989.684570>) requested data for lock!
[19:14:58] Player (^DBD^ Maxo, 76561198148661627)(<1187.540894, 344.556030, 9991.790039>) requested data for lock!
[19:15:03] Player (^DBD^ Maxo, 76561198148661627)(<1187.540894, 344.556030, 9991.790039>) requested data for lock!
[19:15:14] Player (^DBD^ Maxo, 76561198148661627)(<1186.750732, 344.556030, 9985.829102>) requested data for lock!
[19:15:19] Player (^DBD^ Maxo, 76561198148661627)(<1184.751831, 344.556030, 9983.866211>) requested data for lock!
[19:15:35] Player (^DBD^ Maxo, 76561198148661627)(<1185.200195, 344.556030, 9979.226563>) requested data for lock!
[19:15:40] Player (^DBD^ Maxo, 76561198148661627)(<1186.966064, 344.556030, 9980.056641>) requested data for lock!
[19:15:55] Player (^DBD^ Maxo, 76561198148661627)(<1186.966064, 344.556030, 9980.056641>) requested data for lock!
[19:16:13] Player (^DBD^ Maxo, 76561198148661627)(<1185.200195, 344.556030, 9979.226563>) requested data for lock!
[19:16:23] Player (^DBD^ Maxo, 76561198148661627)(<1181.235474, 344.556030, 9979.996094>) requested data for lock!
[19:16:55] Player (^DBD^ Maxo, 76561198148661627)(<1187.540894, 344.556030, 9991.790039>) requested data for lock!
[19:18:17] Player (^DBD^ Maxo, 76561198148661627)(<1187.540894, 344.556030, 9991.790039>) requested data for lock!
[19:18:27] Player (^DBD^ Maxo, 76561198148661627)(<1185.200195, 344.556030, 9979.226563>) requested data for lock!
[19:21:36] Player (^DBD^ Maxo, 76561198148661627)(<1132.735107, 344.874054, 9969.252930>) requested data for lock!
[19:22:05] Player (^DBD^ Maxo, 76561198148661627)(<1186.750732, 344.556030, 9985.829102>) requested data for lock!
[19:22:14] Player (^DBD^ Maxo, 76561198148661627)(<1185.200195, 344.556030, 9979.226563>) requested data for lock!
[19:22:25] Player (^DBD^ Maxo, 76561198148661627)(<1185.200195, 344.556030, 9979.226563>) requested data for lock!
[19:24:55] Player (^DBD^ Maxo, 76561198148661627)(<1184.278076, 344.556030, 9987.071289>) requested data for lock!
[19:25:35] Player (^DBD^ Maxo, 76561198148661627)(<1187.540894, 344.556030, 9991.790039>) requested data for lock!
[19:25:45] Player (^DBD^ Maxo, 76561198148661627)(<1187.540894, 344.556030, 9991.790039>) requested data for lock!
[19:25:50] Player (^DBD^ Maxo, 76561198148661627)(<1187.540894, 344.556030, 9991.790039>) requested data for lock!
[19:25:55] Player (^DBD^ Maxo, 76561198148661627)(<1187.540894, 344.556030, 9991.790039>) requested data for lock!
[19:26:05] Player (^DBD^ Maxo, 76561198148661627)(<1189.157593, 344.580933, 9985.374023>) requested data for lock!
[19:26:10] Player (^DBD^ Maxo, 76561198148661627)(<1189.157593, 344.580933, 9985.374023>) requested data for lock!
[19:27:31] Player (^DBD^ Maxo, 76561198148661627)(<1184.278076, 344.556030, 9987.071289>) requested data for lock!
[19:29:18] Player (^DBD^ Maxo, 76561198148661627)(<1189.157593, 344.580933, 9985.374023>) requested data for lock!
[19:29:38] Player (^DBD^ Maxo, 76561198148661627)(<1184.278076, 344.556030, 9987.071289>) requested data for lock!
[19:29:50] Player (^DBD^ Maxo, 76561198148661627)(<1186.750732, 344.556030, 9985.829102>) requested data for lock!
[19:29:55] Player (^DBD^ Maxo, 76561198148661627)(<1189.157593, 344.580933, 9985.374023>) requested data for lock!
[19:31:57] Player (^DBD^ Maxo, 76561198148661627)(<1189.157593, 344.580933, 9985.374023>) requested data for lock!
[19:33:21] Player (^DBD^ Maxo, 76561198148661627)(<1189.157593, 344.580933, 9985.374023>) requested data for lock!
[19:33:26] Player (^DBD^ Maxo, 76561198148661627)(<1189.157593, 344.580933, 9985.374023>) requested data for lock!
[19:38:43] Player (^DBD^ Maxo, 76561198148661627)(<1189.157593, 344.580933, 9985.374023>) requested data for lock!
[19:38:49] Player (^DBD^ Maxo, 76561198148661627)(<1189.157593, 344.580933, 9985.374023>) requested data for lock!
[19:41:14] Player (^DBD^ Maxo, 76561198148661627)(<1186.750732, 344.556030, 9985.829102>) requested data for lock!
[19:41:20] Player (^DBD^ Maxo, 76561198148661627)(<1186.750732, 344.556030, 9985.829102>) requested data for lock!
[19:41:26] Player (^DBD^ Maxo, 76561198148661627)(<1189.157593, 344.580933, 9985.374023>) requested data for lock!
[19:42:03] Player (^DBD^ Maxo, 76561198148661627)(<1184.278076, 344.556030, 9987.071289>) requested data for lock!
[19:42:09] Player (^DBD^ Maxo, 76561198148661627)(<1189.157593, 344.580933, 9985.374023>) requested data for lock!
[19:44:31] Player (^DBD^ Maxo, 76561198148661627)(<1184.278076, 344.556030, 9987.071289>) requested data for lock!
[19:44:49] Player (^DBD^ Maxo, 76561198148661627)(<1181.235474, 344.556030, 9979.996094>) requested data for lock!
[19:44:54] Player (^DBD^ Maxo, 76561198148661627)(<1184.278076, 344.556030, 9987.071289>) requested data for lock!
[19:48:09] Player (^DBD^ Maxo, 76561198148661627)(<1180.172852, 344.556030, 9987.970703>) requested data for lock!
[19:48:14] Player (^DBD^ Maxo, 76561198148661627)(<1180.172852, 344.556030, 9987.970703>) requested data for lock!
[19:48:23] Player (^DBD^ Maxo, 76561198148661627)(<1178.932983, 344.707672, 9989.684570>) requested data for lock!
[19:48:28] Player (^DBD^ Maxo, 76561198148661627)(<1178.932983, 344.707672, 9989.684570>) requested data for lock!
[19:49:33] Player (^DBD^ Maxo, 76561198148661627)(<1180.172852, 344.556030, 9987.970703>) requested data for lock!
[19:49:56] Player (^DBD^ Maxo, 76561198148661627)(<1189.157593, 344.580933, 9985.374023>) requested data for lock!
[19:50:10] Player (^DBD^ Maxo, 76561198148661627)(<1189.157593, 344.580933, 9985.374023>) requested data for lock!
[19:50:24] Player (^DBD^ Maxo, 76561198148661627)(<1189.157593, 344.580933, 9985.374023>) requested data for lock!
[19:50:57] Player (^DBD^ Maxo, 76561198148661627)(<1180.172852, 344.556030, 9987.970703>) requested data for lock!
[19:51:09] Player (^DBD^ Maxo, 76561198148661627)(<1180.172852, 344.556030, 9987.970703>) requested data for lock!
[19:51:23] Player (^DBD^ Maxo, 76561198148661627)(<1180.172852, 344.556030, 9987.970703>) requested data for lock!
[19:52:06] Player (^DBD^ Maxo, 76561198148661627)(<1182.824463, 344.556030, 9978.469727>) requested data for lock!
[19:52:37] Player (^DBD^ Maxo, 76561198148661627)(<1185.200195, 344.556030, 9979.226563>) requested data for lock!
[19:52:59] Player (^DBD^ Maxo, 76561198148661627)(<1180.172852, 344.556030, 9987.970703>) requested data for lock!
[19:53:48] Player (^DBD^ Maxo, 76561198148661627)(<1180.172852, 344.556030, 9987.970703>) requested data for lock!
[19:54:03] Player (^DBD^ Maxo, 76561198148661627)(<1179.052612, 344.556030, 9989.350586>) requested data for lock!
[19:54:08] Player (^DBD^ Maxo, 76561198148661627)(<1179.052612, 344.556030, 9989.350586>) requested data for lock!
[19:54:46] Player (^DBD^ Maxo, 76561198148661627)(<1179.052612, 344.556030, 9989.350586>) requested data for lock!
[19:54:53] Player (^DBD^ Maxo, 76561198148661627)(<1179.052612, 344.556030, 9989.350586>) requested data for lock!
[19:54:58] Player (^DBD^ Maxo, 76561198148661627)(<1180.172852, 344.556030, 9987.970703>) requested data for lock!
[19:55:40] Player (^DBD^ Maxo, 76561198148661627)(<1184.751831, 344.556030, 9983.866211>) requested data for lock!
[19:56:05] Player (^DBD^ Maxo, 76561198148661627)(<1185.200195, 344.556030, 9979.226563>) requested data for lock!
[19:56:13] Player (^DBD^ Maxo, 76561198148661627)(<1189.157593, 344.580933, 9985.374023>) requested data for lock!
[19:58:13] Player (^DBD^ Maxo, 76561198148661627)(<1189.157593, 344.580933, 9985.374023>) requested data for lock!
[19:58:19] Player (^DBD^ Maxo, 76561198148661627)(<1189.157593, 344.580933, 9985.374023>) requested data for lock!
[19:58:32] Player (^DBD^ Maxo, 76561198148661627)(<1189.157593, 344.580933, 9985.374023>) requested data for lock!
[19:58:42] Player (^DBD^ Maxo, 76561198148661627)(<1186.750732, 344.556030, 9985.829102>) requested data for lock!
[19:58:48] Player (^DBD^ Maxo, 76561198148661627)(<1186.750732, 344.556030, 9985.829102>) requested data for lock!
[19:58:59] Player (^DBD^ Maxo, 76561198148661627)(<1184.751831, 344.556030, 9983.866211>) requested data for lock!
[19:59:10] Player (^DBD^ Maxo, 76561198148661627)(<1186.966064, 344.556030, 9980.056641>) requested data for lock!
[19:59:18] Player (^DBD^ Maxo, 76561198148661627)(<1185.200195, 344.556030, 9979.226563>) requested data for lock!
[19:59:24] Player (^DBD^ Maxo, 76561198148661627)(<1184.751831, 344.556030, 9983.866211>) requested data for lock!
[19:59:52] Player (KingHotDog, 76561199068832255)(<1385.540894, 314.510406, 9256.167969>) requested data for lock!
[20:01:50] Player (KingHotDog, 76561199068832255)(<1385.540894, 314.510406, 9256.167969>) requested data for lock!
[20:02:06] Player (KingHotDog, 76561199068832255)(<1385.540894, 314.510406, 9256.167969>) requested data for lock!
[20:02:19] Player (KingHotDog, 76561199068832255)(<1385.540894, 314.510406, 9256.167969>) requested data for lock!
[20:05:23] Player (KingHotDog, 76561199068832255)(<1385.540894, 314.510406, 9256.167969>) requested data for lock!
[20:08:29] Player (KingHotDog, 76561199068832255)(<1384.471069, 315.600464, 9256.008789>) requested data for lock!
[20:08:58] Player (KingHotDog, 76561199068832255)(<1380.776733, 319.050842, 9260.388672>) requested data for lock!
[20:09:03] Player (KingHotDog, 76561199068832255)(<1380.776733, 319.050842, 9260.388672>) requested data for lock!
[20:09:08] Player (KingHotDog, 76561199068832255)(<1380.776733, 319.050842, 9260.388672>) requested data for lock!
[20:09:33] Player (KingHotDog, 76561199068832255)(<1378.942871, 327.203766, 9256.191406>) requested data for lock!
[20:30:33] Player (RaginCajun, 76561198008597711)(<6611.542969, 15.929601, 2308.030029>) requested data for lock!
[20:30:40] Player (RaginCajun, 76561198008597711)(<6611.542969, 15.929601, 2308.030029>) requested data for lock!
[20:30:45] Player (RaginCajun, 76561198008597711)(<6615.646484, 15.929601, 2307.061279>) requested data for lock!
[20:40:35] Player (RaginCajun, 76561198008597711)(<6611.542969, 15.929601, 2308.030029>) requested data for lock!
[20:40:41] Player (RaginCajun, 76561198008597711)(<6611.542969, 15.929601, 2308.030029>) requested data for lock!
[09-01-2021][22.26.09] Log file reloaded ( Server Restart )
[02:11:47] Player (^DBD^ Maxo, 76561198148661627)(<1185.200195, 344.556030, 9979.226563>) requested data for lock!
[02:12:26] Player (^DBD^ Maxo, 76561198148661627)(<1184.751831, 344.556030, 9983.866211>) requested data for lock!
[02:12:31] Player (^DBD^ Maxo, 76561198148661627)(<1184.278076, 344.556030, 9987.071289>) requested data for lock!
[02:12:36] Player (^DBD^ Maxo, 76561198148661627)(<1186.750732, 344.556030, 9985.829102>) requested data for lock!
[02:12:42] Player (^DBD^ Maxo, 76561198148661627)(<1189.157593, 344.580933, 9985.374023>) requested data for lock!
[02:16:33] Player (^DBD^ Maxo, 76561198148661627)(<1189.157593, 344.580933, 9985.374023>) requested data for lock!
[02:20:40] Player (^DBD^ Maxo, 76561198148661627)(<1186.750732, 344.556030, 9985.829102>) requested data for lock!
[02:20:45] Player (^DBD^ Maxo, 76561198148661627)(<1182.824463, 344.556030, 9978.469727>) requested data for lock!
[02:21:00] Player (^DBD^ Maxo, 76561198148661627)(<1184.278076, 344.556030, 9987.071289>) requested data for lock!
[02:25:26] Player (^DBD^ Maxo, 76561198148661627)(<1186.750732, 344.556030, 9985.829102>) requested data for lock!
