[09-03-2021][03.48.06] New Synch Log File Created!
[09-03-2021][07.49.46] Log file reloaded ( Server Restart )
[09-03-2021][11.51.30] Log file reloaded ( Server Restart )
[13:43:20] Player (^DBD^ Maxo, 76561198148661627)(<12890.177734, 64.436760, 15109.198242>) requested data for lock!
[13:43:25] Player (^DBD^ Maxo, 76561198148661627)(<12884.483398, 69.317932, 15105.002930>) requested data for lock!
[13:52:47] Player (^DBD^ Maxo, 76561198148661627)(<12884.483398, 69.317932, 15105.002930>) requested data for lock!
[13:55:34] Player (^DBD^ Maxo, 76561198148661627)(<12884.483398, 69.317932, 15105.002930>) requested data for lock!
[13:59:27] Player (^DBD^ Maxo, 76561198148661627)(<12884.335938, 69.317932, 15105.151367>) requested data for lock!
[13:59:33] Player (^DBD^ Maxo, 76561198148661627)(<12884.335938, 69.317932, 15105.151367>) requested data for lock!
[13:59:53] Player (^DBD^ Maxo, 76561198148661627)(<12884.335938, 69.317932, 15105.151367>) requested data for lock!
[14:15:43] Player (^DBD^ Maxo, 76561198148661627)(<1166.893311, 345.748413, 9984.816406>) requested data for lock!
[14:17:34] Player (^DBD^ Maxo, 76561198148661627)(<1189.157593, 344.580933, 9985.374023>) requested data for lock!
[14:18:20] Player (^DBD^ Maxo, 76561198148661627)(<1187.540894, 344.556030, 9991.790039>) requested data for lock!
[14:19:04] Player (^DBD^ Maxo, 76561198148661627)(<1189.157593, 344.580933, 9985.374023>) requested data for lock!
[14:19:09] Player (^DBD^ Maxo, 76561198148661627)(<1189.157593, 344.580933, 9985.374023>) requested data for lock!
[14:20:41] Player (^DBD^ Maxo, 76561198148661627)(<1186.750732, 344.556030, 9985.829102>) requested data for lock!
[14:20:57] Player (^DBD^ Maxo, 76561198148661627)(<1184.751831, 344.556030, 9983.866211>) requested data for lock!
[14:21:29] Player (^DBD^ Maxo, 76561198148661627)(<1180.172852, 344.556030, 9987.970703>) requested data for lock!
[14:21:39] Player (^DBD^ Maxo, 76561198148661627)(<1184.751831, 344.556030, 9983.866211>) requested data for lock!
[14:22:07] Player (^DBD^ Maxo, 76561198148661627)(<1187.540894, 344.556030, 9991.790039>) requested data for lock!
[14:22:14] Player (^DBD^ Maxo, 76561198148661627)(<1189.157593, 344.580933, 9985.374023>) requested data for lock!
[14:22:20] Player (^DBD^ Maxo, 76561198148661627)(<1188.573730, 345.459076, 9981.229492>) requested data for lock!
[14:24:24] Player (^DBD^ Maxo, 76561198148661627)(<1188.573730, 345.459076, 9981.229492>) requested data for lock!
[14:27:11] Player (^DBD^ Maxo, 76561198148661627)(<1188.573730, 345.459076, 9981.229492>) requested data for lock!
[14:29:16] Player (^DBD^ Maxo, 76561198148661627)(<1188.573730, 345.459076, 9981.229492>) requested data for lock!
[09-03-2021][15.53.12] Log file reloaded ( Server Restart )
[09-03-2021][16.52.01] Log file reloaded ( Server Restart )
[16:54:53] Player (KingHotDog, 76561199068832255)(<1386.598633, 334.096039, 9260.309570>) requested data for lock!
[16:55:03] Player (KingHotDog, 76561199068832255)(<1386.598633, 334.096039, 9260.309570>) requested data for lock!
[17:28:49] Player (KingHotDog, 76561199068832255)(<1386.598633, 334.096039, 9260.309570>) requested data for lock!
[17:29:33] Player (KingHotDog, 76561199068832255)(<1386.598633, 334.096039, 9260.309570>) requested data for lock!
[17:46:51] Player (^DBD^ Maxo, 76561198148661627)(<1189.157593, 344.580933, 9985.374023>) requested data for lock!
[17:47:05] Player (^DBD^ Maxo, 76561198148661627)(<1189.157593, 344.580933, 9985.374023>) requested data for lock!
[17:47:10] Player (^DBD^ Maxo, 76561198148661627)(<1188.573730, 345.459076, 9981.229492>) requested data for lock!
[17:47:30] Player (^DBD^ Maxo, 76561198148661627)(<1187.540894, 344.556030, 9991.790039>) requested data for lock!
[17:47:36] Player (^DBD^ Maxo, 76561198148661627)(<1186.750732, 344.556030, 9985.829102>) requested data for lock!
[17:47:47] Player (^DBD^ Maxo, 76561198148661627)(<1184.751831, 344.556030, 9983.866211>) requested data for lock!
[17:48:20] Player (^DBD^ Maxo, 76561198148661627)(<1187.540894, 344.556030, 9991.790039>) requested data for lock!
[17:50:17] Player (^DBD^ Maxo, 76561198148661627)(<1187.540894, 344.556030, 9991.790039>) requested data for lock!
[17:50:37] Player (^DBD^ Maxo, 76561198148661627)(<1187.540894, 344.556030, 9991.790039>) requested data for lock!
[17:50:58] Player (^DBD^ Maxo, 76561198148661627)(<1187.540894, 344.556030, 9991.790039>) requested data for lock!
[17:51:49] Player (^DBD^ Maxo, 76561198148661627)(<1184.751831, 344.556030, 9983.866211>) requested data for lock!
[17:51:55] Player (^DBD^ Maxo, 76561198148661627)(<1180.172852, 344.556030, 9987.970703>) requested data for lock!
[17:54:23] Player (^DBD^ Maxo, 76561198148661627)(<1180.172852, 344.556030, 9987.970703>) requested data for lock!
[17:54:45] Player (^DBD^ Maxo, 76561198148661627)(<1184.751831, 344.556030, 9983.866211>) requested data for lock!
[17:54:50] Player (^DBD^ Maxo, 76561198148661627)(<1185.200195, 344.556030, 9979.226563>) requested data for lock!
[17:54:55] Player (^DBD^ Maxo, 76561198148661627)(<1185.200195, 344.556030, 9979.226563>) requested data for lock!
[17:55:00] Player (^DBD^ Maxo, 76561198148661627)(<1185.200195, 344.556030, 9979.226563>) requested data for lock!
[17:56:31] Player (KingHotDog, 76561199068832255)(<3283.597900, 236.520721, 4945.716797>) requested data for lock!
[17:56:42] Player (KingHotDog, 76561199068832255)(<3283.597900, 236.520721, 4945.716797>) requested data for lock!
[17:56:49] Player (KingHotDog, 76561199068832255)(<3283.597900, 236.520721, 4945.716797>) requested data for lock!
[17:57:05] Player (KingHotDog, 76561199068832255)(<3283.597900, 236.520721, 4945.716797>) requested data for lock!
[17:57:10] Player (KingHotDog, 76561199068832255)(<3283.597900, 236.520721, 4945.716797>) requested data for lock!
[17:57:29] Player (KingHotDog, 76561199068832255)(<3283.597900, 236.520721, 4945.716797>) requested data for lock!
[17:57:50] Player (^DBD^ Maxo, 76561198148661627)(<1181.235474, 344.556030, 9979.996094>) requested data for lock!
[17:57:59] Player (KingHotDog, 76561199068832255)(<3283.597900, 236.520721, 4945.716797>) requested data for lock!
[17:58:35] Player (^DBD^ Maxo, 76561198148661627)(<1185.200195, 344.556030, 9979.226563>) requested data for lock!
[17:58:35] Player (KingHotDog, 76561199068832255)(<3283.597900, 236.520721, 4945.716797>) requested data for lock!
[17:58:58] Player (^DBD^ Maxo, 76561198148661627)(<1185.200195, 344.556030, 9979.226563>) requested data for lock!
[17:59:03] Player (^DBD^ Maxo, 76561198148661627)(<1186.966064, 344.556030, 9980.056641>) requested data for lock!
[17:59:18] Player (^DBD^ Maxo, 76561198148661627)(<1186.966064, 344.556030, 9980.056641>) requested data for lock!
[17:59:25] Player (^DBD^ Maxo, 76561198148661627)(<1185.200195, 344.556030, 9979.226563>) requested data for lock!
[17:59:30] Player (^DBD^ Maxo, 76561198148661627)(<1186.750732, 344.556030, 9985.829102>) requested data for lock!
[18:00:10] Player (^DBD^ Maxo, 76561198148661627)(<1184.751831, 344.556030, 9983.866211>) requested data for lock!
[18:00:55] Player (^DBD^ Maxo, 76561198148661627)(<1188.573730, 345.459076, 9981.229492>) requested data for lock!
[18:01:53] Player (KingHotDog, 76561199068832255)(<1187.540894, 344.556030, 9991.790039>) requested data for lock!
[18:02:03] Player (KingHotDog, 76561199068832255)(<1187.540894, 344.556030, 9991.790039>) requested data for lock!
[18:02:22] Player (KingHotDog, 76561199068832255)(<1187.540894, 344.556030, 9991.790039>) requested data for lock!
[18:03:29] Player (^DBD^ Maxo, 76561198148661627)(<1188.573730, 345.459076, 9981.229492>) requested data for lock!
[18:05:52] Player (^DBD^ Maxo, 76561198148661627)(<1166.893311, 345.748413, 9984.816406>) requested data for lock!
[18:05:53] Player (KingHotDog, 76561199068832255)(<1166.893311, 345.748413, 9984.816406>) requested data for lock!
[18:06:00] Player (^DBD^ Maxo, 76561198148661627)(<1189.157593, 344.580933, 9985.374023>) requested data for lock!
[18:06:05] Player (^DBD^ Maxo, 76561198148661627)(<1184.751831, 344.556030, 9983.866211>) requested data for lock!
[18:06:07] Player (KingHotDog, 76561199068832255)(<1187.540894, 344.556030, 9991.790039>) requested data for lock!
[18:06:49] Player (^DBD^ Maxo, 76561198148661627)(<1181.235474, 344.556030, 9979.996094>) requested data for lock!
[18:07:03] Player (KingHotDog, 76561199068832255)(<1182.824463, 344.556030, 9978.469727>) requested data for lock!
[18:07:10] Player (KingHotDog, 76561199068832255)(<1182.824463, 344.556030, 9978.469727>) requested data for lock!
[18:07:16] Player (KingHotDog, 76561199068832255)(<1182.824463, 344.556030, 9978.469727>) requested data for lock!
[18:07:22] Player (KingHotDog, 76561199068832255)(<1182.824463, 344.556030, 9978.469727>) requested data for lock!
[18:07:28] Player (KingHotDog, 76561199068832255)(<1182.824463, 344.556030, 9978.469727>) requested data for lock!
[18:07:38] Player (KingHotDog, 76561199068832255)(<1182.824463, 344.556030, 9978.469727>) requested data for lock!
[18:07:49] Player (KingHotDog, 76561199068832255)(<1182.824463, 344.556030, 9978.469727>) requested data for lock!
[18:07:55] Player (KingHotDog, 76561199068832255)(<1182.824463, 344.556030, 9978.469727>) requested data for lock!
[18:08:02] Player (KingHotDog, 76561199068832255)(<1182.824463, 344.556030, 9978.469727>) requested data for lock!
[18:08:08] Player (KingHotDog, 76561199068832255)(<1182.824463, 344.556030, 9978.469727>) requested data for lock!
[18:08:19] Player (KingHotDog, 76561199068832255)(<1182.824463, 344.556030, 9978.469727>) requested data for lock!
[18:08:27] Player (^DBD^ Maxo, 76561198148661627)(<1182.824463, 344.556030, 9978.469727>) requested data for lock!
[18:08:30] Player (KingHotDog, 76561199068832255)(<1185.200195, 344.556030, 9979.226563>) requested data for lock!
[18:08:32] Player (^DBD^ Maxo, 76561198148661627)(<1186.966064, 344.556030, 9980.056641>) requested data for lock!
[18:08:40] Player (KingHotDog, 76561199068832255)(<1185.200195, 344.556030, 9979.226563>) requested data for lock!
[18:08:41] Player (^DBD^ Maxo, 76561198148661627)(<1185.200195, 344.556030, 9979.226563>) requested data for lock!
[18:09:08] Player (KingHotDog, 76561199068832255)(<1185.200195, 344.556030, 9979.226563>) requested data for lock!
[18:09:17] Player (KingHotDog, 76561199068832255)(<1185.200195, 344.556030, 9979.226563>) requested data for lock!
[18:09:51] Player (^DBD^ Maxo, 76561198148661627)(<1185.200195, 344.556030, 9979.226563>) requested data for lock!
[18:10:08] Player (^DBD^ Maxo, 76561198148661627)(<1185.200195, 344.556030, 9979.226563>) requested data for lock!
[18:10:18] Player (KingHotDog, 76561199068832255)(<1186.966064, 344.556030, 9980.056641>) requested data for lock!
[18:10:25] Player (KingHotDog, 76561199068832255)(<1185.200195, 344.556030, 9979.226563>) requested data for lock!
[18:10:30] Player (KingHotDog, 76561199068832255)(<1185.200195, 344.556030, 9979.226563>) requested data for lock!
[18:10:35] Player (KingHotDog, 76561199068832255)(<1185.200195, 344.556030, 9979.226563>) requested data for lock!
[18:10:41] Player (KingHotDog, 76561199068832255)(<1182.824463, 344.556030, 9978.469727>) requested data for lock!
[18:10:46] Player (KingHotDog, 76561199068832255)(<1185.200195, 344.556030, 9979.226563>) requested data for lock!
[18:10:49] Player (^DBD^ Maxo, 76561198148661627)(<1185.200195, 344.556030, 9979.226563>) requested data for lock!
[18:10:52] Player (KingHotDog, 76561199068832255)(<1186.966064, 344.556030, 9980.056641>) requested data for lock!
[18:10:58] Player (KingHotDog, 76561199068832255)(<1185.200195, 344.556030, 9979.226563>) requested data for lock!
[18:11:54] Player (KingHotDog, 76561199068832255)(<1185.200195, 344.556030, 9979.226563>) requested data for lock!
[18:12:01] Player (KingHotDog, 76561199068832255)(<1186.966064, 344.556030, 9980.056641>) requested data for lock!
[18:12:06] Player (KingHotDog, 76561199068832255)(<1185.200195, 344.556030, 9979.226563>) requested data for lock!
[18:12:06] Player (^DBD^ Maxo, 76561198148661627)(<1185.200195, 344.556030, 9979.226563>) requested data for lock!
[18:12:11] Player (^DBD^ Maxo, 76561198148661627)(<1185.200195, 344.556030, 9979.226563>) requested data for lock!
[18:12:12] Player (KingHotDog, 76561199068832255)(<1185.200195, 344.556030, 9979.226563>) requested data for lock!
[18:12:16] Player (^DBD^ Maxo, 76561198148661627)(<1185.200195, 344.556030, 9979.226563>) requested data for lock!
[18:12:21] Player (^DBD^ Maxo, 76561198148661627)(<1185.200195, 344.556030, 9979.226563>) requested data for lock!
[18:12:24] Player (KingHotDog, 76561199068832255)(<1186.966064, 344.556030, 9980.056641>) requested data for lock!
[18:12:26] Player (^DBD^ Maxo, 76561198148661627)(<1185.200195, 344.556030, 9979.226563>) requested data for lock!
[18:12:33] Player (KingHotDog, 76561199068832255)(<1186.966064, 344.556030, 9980.056641>) requested data for lock!
[18:12:38] Player (KingHotDog, 76561199068832255)(<1186.966064, 344.556030, 9980.056641>) requested data for lock!
[18:12:45] Player (KingHotDog, 76561199068832255)(<1186.966064, 344.556030, 9980.056641>) requested data for lock!
[18:13:13] Player (KingHotDog, 76561199068832255)(<1185.200195, 344.556030, 9979.226563>) requested data for lock!
[18:20:38] Player (KingHotDog, 76561199068832255)(<1166.893311, 345.748413, 9984.816406>) requested data for lock!
[18:24:58] Player (KingHotDog, 76561199068832255)(<1166.893311, 345.748413, 9984.816406>) requested data for lock!
[18:25:04] Player (KingHotDog, 76561199068832255)(<1166.893311, 345.748413, 9984.816406>) requested data for lock!
[18:28:12] Player (^DBD^ Maxo, 76561198148661627)(<1184.751831, 344.556030, 9983.866211>) requested data for lock!
[18:30:13] Player (^DBD^ Maxo, 76561198148661627)(<1187.540894, 344.556030, 9991.790039>) requested data for lock!
[18:30:38] Player (^DBD^ Maxo, 76561198148661627)(<1189.157593, 344.580933, 9985.374023>) requested data for lock!
[18:30:51] Player (^DBD^ Maxo, 76561198148661627)(<1166.893311, 345.748413, 9984.816406>) requested data for lock!
[18:31:07] Player (^DBD^ Maxo, 76561198148661627)(<1166.893311, 345.748413, 9984.816406>) requested data for lock!
[18:31:27] Player (^DBD^ Maxo, 76561198148661627)(<1188.573730, 345.459076, 9981.229492>) requested data for lock!
[18:31:33] Player (^DBD^ Maxo, 76561198148661627)(<1184.751831, 344.556030, 9983.866211>) requested data for lock!
[18:32:00] Player (^DBD^ Maxo, 76561198148661627)(<1185.200195, 344.556030, 9979.226563>) requested data for lock!
[18:32:23] Player (^DBD^ Maxo, 76561198148661627)(<1188.573730, 345.459076, 9981.229492>) requested data for lock!
[18:33:54] Player (^DBD^ Maxo, 76561198148661627)(<1188.573730, 345.459076, 9981.229492>) requested data for lock!
[18:34:03] Player (^DBD^ Maxo, 76561198148661627)(<1188.573730, 345.459076, 9981.229492>) requested data for lock!
[18:34:09] Player (^DBD^ Maxo, 76561198148661627)(<1186.750732, 344.556030, 9985.829102>) requested data for lock!
[18:34:20] Player (^DBD^ Maxo, 76561198148661627)(<1186.750732, 344.556030, 9985.829102>) requested data for lock!
[18:34:42] Player (^DBD^ Maxo, 76561198148661627)(<1184.751831, 344.556030, 9983.866211>) requested data for lock!
[18:35:22] Player (^DBD^ Maxo, 76561198148661627)(<1184.751831, 344.556030, 9983.866211>) requested data for lock!
[18:37:10] Player (^DBD^ Maxo, 76561198148661627)(<1187.540894, 344.556030, 9991.790039>) requested data for lock!
[18:37:17] Player (^DBD^ Maxo, 76561198148661627)(<1180.172852, 344.556030, 9987.970703>) requested data for lock!
[18:37:22] Player (^DBD^ Maxo, 76561198148661627)(<1179.052612, 344.556030, 9989.350586>) requested data for lock!
[18:38:37] Player (^DBD^ Maxo, 76561198148661627)(<1188.573730, 345.459076, 9981.229492>) requested data for lock!
[19:33:51] Player (^DBD^ Maxo, 76561198148661627)(<1188.573730, 345.459076, 9981.229492>) requested data for lock!
[19:34:38] Player (^DBD^ Maxo, 76561198148661627)(<1188.573730, 345.459076, 9981.229492>) requested data for lock!
[19:36:13] Player (^DBD^ Maxo, 76561198148661627)(<1166.893311, 345.748413, 9984.816406>) requested data for lock!
[20:23:42] Player (^DBD^ Maxo, 76561198148661627)(<1166.893311, 345.748413, 9984.816406>) requested data for lock!
[20:23:57] Player (^DBD^ Maxo, 76561198148661627)(<1166.893311, 345.748413, 9984.816406>) requested data for lock!
[20:25:11] Player (^DBD^ Maxo, 76561198148661627)(<1188.573730, 345.459076, 9981.229492>) requested data for lock!
[20:25:16] Player (^DBD^ Maxo, 76561198148661627)(<1189.157593, 344.580933, 9985.374023>) requested data for lock!
[20:25:31] Player (^DBD^ Maxo, 76561198148661627)(<1187.540894, 344.556030, 9991.790039>) requested data for lock!
[20:25:36] Player (^DBD^ Maxo, 76561198148661627)(<1186.750732, 344.556030, 9985.829102>) requested data for lock!
[20:25:45] Player (^DBD^ Maxo, 76561198148661627)(<1186.750732, 344.556030, 9985.829102>) requested data for lock!
[20:26:03] Player (^DBD^ Maxo, 76561198148661627)(<1180.172852, 344.556030, 9987.970703>) requested data for lock!
[20:26:09] Player (^DBD^ Maxo, 76561198148661627)(<1184.751831, 344.556030, 9983.866211>) requested data for lock!
[20:26:32] Player (^DBD^ Maxo, 76561198148661627)(<1189.157593, 344.580933, 9985.374023>) requested data for lock!
[20:43:07] Player (^DBD^ Maxo, 76561198148661627)(<1166.893311, 345.748413, 9984.816406>) requested data for lock!
[20:43:40] Player (^DBD^ Maxo, 76561198148661627)(<1189.157593, 344.580933, 9985.374023>) requested data for lock!
[20:43:45] Player (^DBD^ Maxo, 76561198148661627)(<1184.751831, 344.556030, 9983.866211>) requested data for lock!
[20:44:28] Player (^DBD^ Maxo, 76561198148661627)(<1182.824463, 344.556030, 9978.469727>) requested data for lock!
[20:44:55] Player (^DBD^ Maxo, 76561198148661627)(<1185.200195, 344.556030, 9979.226563>) requested data for lock!
[20:45:01] Player (^DBD^ Maxo, 76561198148661627)(<1185.200195, 344.556030, 9979.226563>) requested data for lock!
[20:48:22] Player (^DBD^ Maxo, 76561198148661627)(<1188.573730, 345.459076, 9981.229492>) requested data for lock!
[20:48:53] Player (^DBD^ Maxo, 76561198148661627)(<1187.540894, 344.556030, 9991.790039>) requested data for lock!
[20:49:09] Player (^DBD^ Maxo, 76561198148661627)(<1187.540894, 344.556030, 9991.790039>) requested data for lock!
[20:49:39] Player (^DBD^ Maxo, 76561198148661627)(<1189.157593, 344.580933, 9985.374023>) requested data for lock!
[20:49:51] Player (^DBD^ Maxo, 76561198148661627)(<1184.751831, 344.556030, 9983.866211>) requested data for lock!
[20:49:56] Player (^DBD^ Maxo, 76561198148661627)(<1181.235474, 344.556030, 9979.996094>) requested data for lock!
[20:50:08] Player (^DBD^ Maxo, 76561198148661627)(<1182.824463, 344.556030, 9978.469727>) requested data for lock!
[20:50:13] Player (^DBD^ Maxo, 76561198148661627)(<1186.966064, 344.556030, 9980.056641>) requested data for lock!
[20:50:33] Player (^DBD^ Maxo, 76561198148661627)(<1185.200195, 344.556030, 9979.226563>) requested data for lock!
[20:50:37] Player (^DBD^ Maxo, 76561198148661627)(<1184.751831, 344.556030, 9983.866211>) requested data for lock!
[20:50:43] Player (^DBD^ Maxo, 76561198148661627)(<1186.966064, 344.556030, 9980.056641>) requested data for lock!
[09-03-2021][20.53.43] Log file reloaded ( Server Restart )
[22:09:25] Player (Aaron, 76561199083883076)(<1166.893311, 345.748413, 9984.816406>) requested data for lock!
[22:09:46] Player (Aaron, 76561199083883076)(<1188.573730, 345.459076, 9981.229492>) requested data for lock!
[22:09:51] Player (Aaron, 76561199083883076)(<1189.157593, 344.580933, 9985.374023>) requested data for lock!
[22:10:17] Player (Aaron, 76561199083883076)(<1187.540894, 344.556030, 9991.790039>) requested data for lock!
[22:11:12] Player (Aaron, 76561199083883076)(<1187.540894, 344.556030, 9991.790039>) requested data for lock!
[22:11:30] Player (Aaron, 76561199083883076)(<1189.157593, 344.580933, 9985.374023>) requested data for lock!
[22:11:35] Player (Aaron, 76561199083883076)(<1188.573730, 345.459076, 9981.229492>) requested data for lock!
[22:12:11] Player (Aaron, 76561199083883076)(<1132.763794, 345.573212, 9973.032227>) requested data for lock!
[22:12:16] Player (Aaron, 76561199083883076)(<1132.735107, 344.874054, 9969.252930>) requested data for lock!
[22:12:22] Player (Aaron, 76561199083883076)(<1133.712769, 344.882324, 9966.475586>) requested data for lock!
[22:12:27] Player (Aaron, 76561199083883076)(<1135.836792, 346.094452, 9966.250000>) requested data for lock!
[22:12:35] Player (Aaron, 76561199083883076)(<1136.275024, 344.882324, 9965.555664>) requested data for lock!
[22:12:48] Player (Aaron, 76561199083883076)(<1141.110718, 344.882324, 9964.958984>) requested data for lock!
[22:13:01] Player (Aaron, 76561199083883076)(<1141.110718, 344.882324, 9964.958984>) requested data for lock!
[22:18:00] Player (Aaron, 76561199083883076)(<1132.735107, 344.874054, 9969.252930>) requested data for lock!
[22:18:11] Player (Aaron, 76561199083883076)(<1132.735107, 344.874054, 9969.252930>) requested data for lock!
[22:18:18] Player (Aaron, 76561199083883076)(<1132.763794, 345.573212, 9973.032227>) requested data for lock!
[22:25:15] Player (Aaron, 76561199083883076)(<1132.763794, 345.573212, 9973.032227>) requested data for lock!
[22:25:35] Player (Aaron, 76561199083883076)(<1132.763794, 345.573212, 9973.032227>) requested data for lock!
[22:26:15] Player (Aaron, 76561199083883076)(<1132.735107, 344.874054, 9969.252930>) requested data for lock!
[22:26:35] Player (Aaron, 76561199083883076)(<1133.712769, 344.882324, 9966.475586>) requested data for lock!
[22:26:42] Player (Aaron, 76561199083883076)(<1132.763794, 345.573212, 9973.032227>) requested data for lock!
[22:28:13] Player (Aaron, 76561199083883076)(<1132.763794, 345.573212, 9973.032227>) requested data for lock!
[22:28:30] Player (Aaron, 76561199083883076)(<1132.763794, 345.573212, 9973.032227>) requested data for lock!
[22:28:35] Player (Aaron, 76561199083883076)(<1132.763794, 345.573212, 9973.032227>) requested data for lock!
[22:28:44] Player (Aaron, 76561199083883076)(<1132.763794, 345.573212, 9973.032227>) requested data for lock!
[22:29:13] Player (Aaron, 76561199083883076)(<1132.763794, 345.573212, 9973.032227>) requested data for lock!
[22:30:49] Player (Aaron, 76561199083883076)(<1143.002197, 344.374542, 9969.393555>) requested data for lock!
[22:34:26] Player (Aaron, 76561199083883076)(<1188.573730, 345.459076, 9981.229492>) requested data for lock!
[22:34:40] Player (Aaron, 76561199083883076)(<1187.540894, 344.556030, 9991.790039>) requested data for lock!
[22:34:57] Player (Aaron, 76561199083883076)(<1187.540894, 344.556030, 9991.790039>) requested data for lock!
[22:35:31] Player (Aaron, 76561199083883076)(<1188.573730, 345.459076, 9981.229492>) requested data for lock!
[22:36:23] Player (Aaron, 76561199083883076)(<1143.002197, 344.374542, 9969.393555>) requested data for lock!
[22:36:29] Player (Aaron, 76561199083883076)(<1132.763794, 345.573212, 9973.032227>) requested data for lock!
[22:36:34] Player (Aaron, 76561199083883076)(<1133.712769, 344.882324, 9966.475586>) requested data for lock!
[22:36:53] Player (Aaron, 76561199083883076)(<1136.275024, 344.882324, 9965.555664>) requested data for lock!
[22:38:12] Player (Aaron, 76561199083883076)(<1135.836792, 346.094452, 9966.250000>) requested data for lock!
[22:38:20] Player (Aaron, 76561199083883076)(<1135.836792, 346.094452, 9966.250000>) requested data for lock!
[22:39:10] Player (Aaron, 76561199083883076)(<1132.763794, 345.573212, 9973.032227>) requested data for lock!
[22:43:27] Player (Aaron, 76561199083883076)(<1143.002197, 344.374542, 9969.393555>) requested data for lock!
[22:45:45] Player (Aaron, 76561199083883076)(<1132.763794, 345.573212, 9973.032227>) requested data for lock!
[22:45:50] Player (Aaron, 76561199083883076)(<1135.836792, 346.094452, 9966.250000>) requested data for lock!
[22:45:56] Player (Aaron, 76561199083883076)(<1136.275024, 344.882324, 9965.555664>) requested data for lock!
[22:55:28] Player (Aaron, 76561199083883076)(<1141.110718, 344.882324, 9964.958984>) requested data for lock!
[22:55:33] Player (Aaron, 76561199083883076)(<1141.110718, 344.882324, 9964.958984>) requested data for lock!
[22:55:38] Player (Aaron, 76561199083883076)(<1141.110718, 344.882324, 9964.958984>) requested data for lock!
[22:55:43] Player (Aaron, 76561199083883076)(<1141.110718, 344.882324, 9964.958984>) requested data for lock!
[22:57:44] Player (Aaron, 76561199083883076)(<1135.836792, 346.094452, 9966.250000>) requested data for lock!
[23:06:20] Player (Aaron, 76561199083883076)(<1135.836792, 346.094452, 9966.250000>) requested data for lock!
[23:06:51] Player (Aaron, 76561199083883076)(<1135.836792, 346.094452, 9966.250000>) requested data for lock!
[09-03-2021][23.13.39] Log file reloaded ( Server Restart )
[23:15:24] Player (Aaron, 76561199083883076)(<1136.275024, 344.882324, 9965.555664>) requested data for lock!
[23:17:32] Player (Aaron, 76561199083883076)(<1135.836792, 346.094452, 9966.250000>) requested data for lock!
[23:29:44] Player (^DBD^ Maxo, 76561198148661627)(<1186.966064, 344.556030, 9980.056641>) requested data for lock!
[23:30:27] Player (^DBD^ Maxo, 76561198148661627)(<1184.751831, 344.556030, 9983.866211>) requested data for lock!
[23:30:39] Player (^DBD^ Maxo, 76561198148661627)(<1184.751831, 344.556030, 9983.866211>) requested data for lock!
[23:30:45] Player (^DBD^ Maxo, 76561198148661627)(<1186.750732, 344.556030, 9985.829102>) requested data for lock!
[23:31:00] Player (^DBD^ Maxo, 76561198148661627)(<1189.157593, 344.580933, 9985.374023>) requested data for lock!
[23:31:05] Player (^DBD^ Maxo, 76561198148661627)(<1188.573730, 345.459076, 9981.229492>) requested data for lock!
[23:31:10] Player (^DBD^ Maxo, 76561198148661627)(<1188.573730, 345.459076, 9981.229492>) requested data for lock!
[23:31:22] Player (^DBD^ Maxo, 76561198148661627)(<1188.573730, 345.459076, 9981.229492>) requested data for lock!
[00:09:02] Player (^DBD^ Maxo, 76561198148661627)(<1165.940674, 345.612946, 9990.236328>) requested data for lock!
[00:09:07] Player (^DBD^ Maxo, 76561198148661627)(<1165.940674, 345.612946, 9990.236328>) requested data for lock!
[00:09:46] Player (^DBD^ Maxo, 76561198148661627)(<1166.893311, 345.748413, 9984.816406>) requested data for lock!
[00:10:35] Player (^DBD^ Maxo, 76561198148661627)(<1188.573730, 345.459076, 9981.229492>) requested data for lock!
[00:10:41] Player (^DBD^ Maxo, 76561198148661627)(<1189.157593, 344.580933, 9985.374023>) requested data for lock!
[00:10:47] Player (^DBD^ Maxo, 76561198148661627)(<1187.540894, 344.556030, 9991.790039>) requested data for lock!
[00:11:00] Player (^DBD^ Maxo, 76561198148661627)(<1187.540894, 344.556030, 9991.790039>) requested data for lock!
[00:11:54] Player (^DBD^ Maxo, 76561198148661627)(<1186.750732, 344.556030, 9985.829102>) requested data for lock!
[00:12:04] Player (^DBD^ Maxo, 76561198148661627)(<1180.172852, 344.556030, 9987.970703>) requested data for lock!
[00:12:10] Player (^DBD^ Maxo, 76561198148661627)(<1189.157593, 344.580933, 9985.374023>) requested data for lock!
[00:13:02] Player (^DBD^ Maxo, 76561198148661627)(<1187.540894, 344.556030, 9991.790039>) requested data for lock!
[00:13:11] Player (^DBD^ Maxo, 76561198148661627)(<1187.540894, 344.556030, 9991.790039>) requested data for lock!
[00:13:17] Player (^DBD^ Maxo, 76561198148661627)(<1187.540894, 344.556030, 9991.790039>) requested data for lock!
[00:13:23] Player (^DBD^ Maxo, 76561198148661627)(<1187.540894, 344.556030, 9991.790039>) requested data for lock!
[00:13:38] Player (^DBD^ Maxo, 76561198148661627)(<1187.540894, 344.556030, 9991.790039>) requested data for lock!
[00:16:06] Player (^DBD^ Maxo, 76561198148661627)(<1184.751831, 344.556030, 9983.866211>) requested data for lock!
[00:16:50] Player (^DBD^ Maxo, 76561198148661627)(<1185.200195, 344.556030, 9979.226563>) requested data for lock!
[00:17:49] Player (^DBD^ Maxo, 76561198148661627)(<1185.200195, 344.556030, 9979.226563>) requested data for lock!
[00:18:01] Player (^DBD^ Maxo, 76561198148661627)(<1187.540894, 344.556030, 9991.790039>) requested data for lock!
[00:19:30] Player (^DBD^ Maxo, 76561198148661627)(<1184.751831, 344.556030, 9983.866211>) requested data for lock!
[00:19:32] Player (Aaron, 76561199083883076)(<1136.275024, 344.882324, 9965.555664>) requested data for lock!
[00:19:36] Player (^DBD^ Maxo, 76561198148661627)(<1188.573730, 345.459076, 9981.229492>) requested data for lock!
[00:19:42] Player (^DBD^ Maxo, 76561198148661627)(<1188.573730, 345.459076, 9981.229492>) requested data for lock!
[00:19:47] Player (^DBD^ Maxo, 76561198148661627)(<1189.157593, 344.580933, 9985.374023>) requested data for lock!
[00:20:30] Player (^DBD^ Maxo, 76561198148661627)(<1186.750732, 344.556030, 9985.829102>) requested data for lock!
[00:20:53] Player (^DBD^ Maxo, 76561198148661627)(<1184.751831, 344.556030, 9983.866211>) requested data for lock!
[00:21:25] Player (^DBD^ Maxo, 76561198148661627)(<1187.540894, 344.556030, 9991.790039>) requested data for lock!
[00:21:34] Player (Aaron, 76561199083883076)(<1136.275024, 344.882324, 9965.555664>) requested data for lock!
[00:22:28] Player (^DBD^ Maxo, 76561198148661627)(<1188.573730, 345.459076, 9981.229492>) requested data for lock!
[00:22:35] Player (Aaron, 76561199083883076)(<1136.275024, 344.882324, 9965.555664>) requested data for lock!
[00:22:40] Player (Aaron, 76561199083883076)(<1135.836792, 346.094452, 9966.250000>) requested data for lock!
[00:22:45] Player (Aaron, 76561199083883076)(<1133.712769, 344.882324, 9966.475586>) requested data for lock!
[00:22:50] Player (Aaron, 76561199083883076)(<1132.735107, 344.874054, 9969.252930>) requested data for lock!
[00:22:55] Player (Aaron, 76561199083883076)(<1132.763794, 345.573212, 9973.032227>) requested data for lock!
[00:23:10] Player (Aaron, 76561199083883076)(<1132.763794, 345.573212, 9973.032227>) requested data for lock!
[00:23:45] Player (^DBD^ Maxo, 76561198148661627)(<1187.540894, 344.556030, 9991.790039>) requested data for lock!
[00:24:02] Player (^DBD^ Maxo, 76561198148661627)(<1188.573730, 345.459076, 9981.229492>) requested data for lock!
[00:24:12] Player (Aaron, 76561199083883076)(<1143.002197, 344.374542, 9969.393555>) requested data for lock!
[00:24:25] Player (^DBD^ Maxo, 76561198148661627)(<1188.573730, 345.459076, 9981.229492>) requested data for lock!
[00:24:38] Player (Aaron, 76561199083883076)(<1143.002197, 344.374542, 9969.393555>) requested data for lock!
[00:24:43] Player (^DBD^ Maxo, 76561198148661627)(<1165.940674, 345.612946, 9990.236328>) requested data for lock!
[00:24:52] Player (^DBD^ Maxo, 76561198148661627)(<1132.763794, 345.573212, 9973.032227>) requested data for lock!
[00:24:57] Player (Aaron, 76561199083883076)(<1132.763794, 345.573212, 9973.032227>) requested data for lock!
[00:25:27] Player (Aaron, 76561199083883076)(<1132.735107, 344.874054, 9969.252930>) requested data for lock!
[00:25:32] Player (Aaron, 76561199083883076)(<1136.275024, 344.882324, 9965.555664>) requested data for lock!
[00:27:22] Player (Aaron, 76561199083883076)(<1132.763794, 345.573212, 9973.032227>) requested data for lock!
[00:27:29] Player (Aaron, 76561199083883076)(<1132.763794, 345.573212, 9973.032227>) requested data for lock!
[00:27:34] Player (Aaron, 76561199083883076)(<1132.763794, 345.573212, 9973.032227>) requested data for lock!
[00:27:39] Player (Aaron, 76561199083883076)(<1132.763794, 345.573212, 9973.032227>) requested data for lock!
[00:27:46] Player (Aaron, 76561199083883076)(<1132.763794, 345.573212, 9973.032227>) requested data for lock!
[00:27:50] Player (^DBD^ Maxo, 76561198148661627)(<1132.763794, 345.573212, 9973.032227>) requested data for lock!
[00:27:52] Player (Aaron, 76561199083883076)(<1132.763794, 345.573212, 9973.032227>) requested data for lock!
[00:28:03] Player (Aaron, 76561199083883076)(<1136.275024, 344.882324, 9965.555664>) requested data for lock!
[00:28:18] Player (Aaron, 76561199083883076)(<1132.763794, 345.573212, 9973.032227>) requested data for lock!
[00:28:24] Player (^DBD^ Maxo, 76561198148661627)(<1165.940674, 345.612946, 9990.236328>) requested data for lock!
[00:28:32] Player (Aaron, 76561199083883076)(<1189.157593, 344.580933, 9985.374023>) requested data for lock!
[00:28:48] Player (^DBD^ Maxo, 76561198148661627)(<1165.940674, 345.612946, 9990.236328>) requested data for lock!
[00:28:56] Player (Aaron, 76561199083883076)(<1165.940674, 345.612946, 9990.236328>) requested data for lock!
[00:29:01] Player (Aaron, 76561199083883076)(<1165.940674, 345.612946, 9990.236328>) requested data for lock!
[00:31:23] Player (^DBD^ Maxo, 76561198148661627)(<1132.763794, 345.573212, 9973.032227>) requested data for lock!
[00:31:27] Player (Aaron, 76561199083883076)(<1132.763794, 345.573212, 9973.032227>) requested data for lock!
[00:31:36] Player (Aaron, 76561199083883076)(<1132.763794, 345.573212, 9973.032227>) requested data for lock!
[00:31:41] Player (Aaron, 76561199083883076)(<1135.836792, 346.094452, 9966.250000>) requested data for lock!
[00:31:54] Player (Aaron, 76561199083883076)(<1136.275024, 344.882324, 9965.555664>) requested data for lock!
[00:32:01] Player (Aaron, 76561199083883076)(<1136.275024, 344.882324, 9965.555664>) requested data for lock!
[00:32:17] Player (Aaron, 76561199083883076)(<1132.763794, 345.573212, 9973.032227>) requested data for lock!
[00:32:31] Player (^DBD^ Maxo, 76561198148661627)(<1165.940674, 345.612946, 9990.236328>) requested data for lock!
[00:32:39] Player (^DBD^ Maxo, 76561198148661627)(<1188.573730, 345.459076, 9981.229492>) requested data for lock!
[00:32:48] Player (^DBD^ Maxo, 76561198148661627)(<1184.751831, 344.556030, 9983.866211>) requested data for lock!
[00:33:06] Player (^DBD^ Maxo, 76561198148661627)(<1184.751831, 344.556030, 9983.866211>) requested data for lock!
[00:33:17] Player (^DBD^ Maxo, 76561198148661627)(<1184.751831, 344.556030, 9983.866211>) requested data for lock!
[00:33:21] Player (Aaron, 76561199083883076)(<1132.763794, 345.573212, 9973.032227>) requested data for lock!
[00:33:22] Player (^DBD^ Maxo, 76561198148661627)(<1182.824463, 344.556030, 9978.469727>) requested data for lock!
[00:33:27] Player (Aaron, 76561199083883076)(<1132.763794, 345.573212, 9973.032227>) requested data for lock!
[00:33:33] Player (Aaron, 76561199083883076)(<1132.763794, 345.573212, 9973.032227>) requested data for lock!
[00:33:37] Player (^DBD^ Maxo, 76561198148661627)(<1189.157593, 344.580933, 9985.374023>) requested data for lock!
[00:33:38] Player (Aaron, 76561199083883076)(<1143.002197, 344.374542, 9969.393555>) requested data for lock!
[00:33:53] Player (Aaron, 76561199083883076)(<1132.763794, 345.573212, 9973.032227>) requested data for lock!
[00:33:58] Player (Aaron, 76561199083883076)(<1135.836792, 346.094452, 9966.250000>) requested data for lock!
[00:34:52] Player (Aaron, 76561199083883076)(<1136.275024, 344.882324, 9965.555664>) requested data for lock!
[00:34:57] Player (Aaron, 76561199083883076)(<1136.275024, 344.882324, 9965.555664>) requested data for lock!
[00:35:03] Player (Aaron, 76561199083883076)(<1135.836792, 346.094452, 9966.250000>) requested data for lock!
[00:35:07] Player (^DBD^ Maxo, 76561198148661627)(<1165.940674, 345.612946, 9990.236328>) requested data for lock!
[00:35:08] Player (Aaron, 76561199083883076)(<1133.712769, 344.882324, 9966.475586>) requested data for lock!
[00:35:15] Player (Aaron, 76561199083883076)(<1132.735107, 344.874054, 9969.252930>) requested data for lock!
[00:35:19] Player (^DBD^ Maxo, 76561198148661627)(<1132.763794, 345.573212, 9973.032227>) requested data for lock!
[00:35:37] Player (^DBD^ Maxo, 76561198148661627)(<1165.940674, 345.612946, 9990.236328>) requested data for lock!
[00:36:37] Player (^DBD^ Maxo, 76561198148661627)(<1165.940674, 345.612946, 9990.236328>) requested data for lock!
[00:36:56] Player (Aaron, 76561199083883076)(<1132.763794, 345.573212, 9973.032227>) requested data for lock!
[00:37:20] Player (Aaron, 76561199083883076)(<1132.763794, 345.573212, 9973.032227>) requested data for lock!
[00:37:38] Player (^DBD^ Maxo, 76561198148661627)(<1165.940674, 345.612946, 9990.236328>) requested data for lock!
[00:37:39] Player (Aaron, 76561199083883076)(<1132.763794, 345.573212, 9973.032227>) requested data for lock!
[00:37:45] Player (^DBD^ Maxo, 76561198148661627)(<1188.573730, 345.459076, 9981.229492>) requested data for lock!
[00:38:04] Player (^DBD^ Maxo, 76561198148661627)(<1165.940674, 345.612946, 9990.236328>) requested data for lock!
[00:38:13] Player (^DBD^ Maxo, 76561198148661627)(<1132.763794, 345.573212, 9973.032227>) requested data for lock!
[00:41:26] Player (Aaron, 76561199083883076)(<1132.763794, 345.573212, 9973.032227>) requested data for lock!
[00:41:31] Player (Aaron, 76561199083883076)(<1132.763794, 345.573212, 9973.032227>) requested data for lock!
[00:41:36] Player (Aaron, 76561199083883076)(<1132.763794, 345.573212, 9973.032227>) requested data for lock!
[00:41:51] Player (Aaron, 76561199083883076)(<1132.763794, 345.573212, 9973.032227>) requested data for lock!
[00:43:07] Player (Aaron, 76561199083883076)(<1132.763794, 345.573212, 9973.032227>) requested data for lock!
[00:44:24] Player (Aaron, 76561199083883076)(<1132.763794, 345.573212, 9973.032227>) requested data for lock!
[00:45:55] Player (Aaron, 76561199083883076)(<1165.940674, 345.612946, 9990.236328>) requested data for lock!
[00:46:01] Player (Aaron, 76561199083883076)(<1188.573730, 345.459076, 9981.229492>) requested data for lock!
[00:46:14] Player (Aaron, 76561199083883076)(<1189.157593, 344.580933, 9985.374023>) requested data for lock!
[00:46:16] Player (Aaron, 76561199083883076)(<1187.540894, 344.556030, 9991.790039>) requested data for lock!
[00:46:39] Player (Aaron, 76561199083883076)(<1188.573730, 345.459076, 9981.229492>) requested data for lock!
[00:52:29] Player (^DBD^ Maxo, 76561198148661627)(<1165.940674, 345.612946, 9990.236328>) requested data for lock!
[00:53:07] Player (^DBD^ Maxo, 76561198148661627)(<1165.940674, 345.612946, 9990.236328>) requested data for lock!
[00:53:24] Player (^DBD^ Maxo, 76561198148661627)(<1165.940674, 345.612946, 9990.236328>) requested data for lock!
[00:53:33] Player (^DBD^ Maxo, 76561198148661627)(<1188.573730, 345.459076, 9981.229492>) requested data for lock!
[00:53:49] Player (Aaron, 76561199083883076)(<1143.002197, 344.374542, 9969.393555>) requested data for lock!
[00:53:56] Player (Aaron, 76561199083883076)(<1132.763794, 345.573212, 9973.032227>) requested data for lock!
[00:54:01] Player (Aaron, 76561199083883076)(<1135.836792, 346.094452, 9966.250000>) requested data for lock!
[00:54:06] Player (Aaron, 76561199083883076)(<1135.836792, 346.094452, 9966.250000>) requested data for lock!
[00:54:12] Player (Aaron, 76561199083883076)(<1133.712769, 344.882324, 9966.475586>) requested data for lock!
[00:54:23] Player (Aaron, 76561199083883076)(<1136.275024, 344.882324, 9965.555664>) requested data for lock!
[00:54:28] Player (Aaron, 76561199083883076)(<1141.810303, 344.882324, 9962.911133>) requested data for lock!
[00:54:45] Player (Aaron, 76561199083883076)(<1135.836792, 346.094452, 9966.250000>) requested data for lock!
[01:03:38] Player (^DBD^ Maxo, 76561198148661627)(<1188.573730, 345.459076, 9981.229492>) requested data for lock!
[01:03:52] Player (^DBD^ Maxo, 76561198148661627)(<1188.573730, 345.459076, 9981.229492>) requested data for lock!
[01:03:58] Player (^DBD^ Maxo, 76561198148661627)(<1188.573730, 345.459076, 9981.229492>) requested data for lock!
[01:04:27] Player (^DBD^ Maxo, 76561198148661627)(<1166.893311, 345.748413, 9984.816406>) requested data for lock!
[01:04:33] Player (^DBD^ Maxo, 76561198148661627)(<1166.893311, 345.748413, 9984.816406>) requested data for lock!
[01:05:02] Player (^DBD^ Maxo, 76561198148661627)(<1166.893311, 345.748413, 9984.816406>) requested data for lock!
[01:06:03] Player (^DBD^ Maxo, 76561198148661627)(<1166.893311, 345.748413, 9984.816406>) requested data for lock!
[01:10:51] Player (^DBD^ Maxo, 76561198148661627)(<1165.940674, 345.612946, 9990.236328>) requested data for lock!
[01:12:00] Player (^DBD^ Maxo, 76561198148661627)(<1165.940674, 345.612946, 9990.236328>) requested data for lock!
[01:26:28] Player (Aaron, 76561199083883076)(<1141.810303, 344.882324, 9962.911133>) requested data for lock!
[01:27:06] Player (Aaron, 76561199083883076)(<1136.275024, 344.882324, 9965.555664>) requested data for lock!
[01:27:17] Player (Aaron, 76561199083883076)(<1141.810303, 344.882324, 9962.911133>) requested data for lock!
[01:30:03] Player (Aaron, 76561199083883076)(<1141.810303, 344.882324, 9962.911133>) requested data for lock!
[01:31:23] Player (Aaron, 76561199083883076)(<1136.275024, 344.882324, 9965.555664>) requested data for lock!
[01:31:48] Player (^DBD^ Maxo, 76561198148661627)(<1165.940674, 345.612946, 9990.236328>) requested data for lock!
[01:32:28] Player (^DBD^ Maxo, 76561198148661627)(<1188.573730, 345.459076, 9981.229492>) requested data for lock!
[01:32:33] Player (^DBD^ Maxo, 76561198148661627)(<1189.157593, 344.580933, 9985.374023>) requested data for lock!
[01:32:36] Player (Aaron, 76561199083883076)(<1135.836792, 346.094452, 9966.250000>) requested data for lock!
[01:32:39] Player (^DBD^ Maxo, 76561198148661627)(<1186.750732, 344.556030, 9985.829102>) requested data for lock!
[01:32:47] Player (^DBD^ Maxo, 76561198148661627)(<1184.751831, 344.556030, 9983.866211>) requested data for lock!
[01:32:53] Player (^DBD^ Maxo, 76561198148661627)(<1181.235474, 344.556030, 9979.996094>) requested data for lock!
[01:33:01] Player (^DBD^ Maxo, 76561198148661627)(<1186.966064, 344.556030, 9980.056641>) requested data for lock!
[01:33:10] Player (^DBD^ Maxo, 76561198148661627)(<1186.966064, 344.556030, 9980.056641>) requested data for lock!
[01:33:10] Player (Aaron, 76561199083883076)(<1133.712769, 344.882324, 9966.475586>) requested data for lock!
[01:33:15] Player (^DBD^ Maxo, 76561198148661627)(<1185.200195, 344.556030, 9979.226563>) requested data for lock!
[01:33:18] Player (Aaron, 76561199083883076)(<1132.735107, 344.874054, 9969.252930>) requested data for lock!
[01:33:24] Player (Aaron, 76561199083883076)(<1132.735107, 344.874054, 9969.252930>) requested data for lock!
[01:33:29] Player (Aaron, 76561199083883076)(<1132.763794, 345.573212, 9973.032227>) requested data for lock!
[01:33:31] Player (^DBD^ Maxo, 76561198148661627)(<1185.200195, 344.556030, 9979.226563>) requested data for lock!
[01:35:33] Player (^DBD^ Maxo, 76561198148661627)(<1165.940674, 345.612946, 9990.236328>) requested data for lock!
[01:35:53] Player (Aaron, 76561199083883076)(<1143.002197, 344.374542, 9969.393555>) requested data for lock!
[01:36:08] Player (Aaron, 76561199083883076)(<1132.735107, 344.874054, 9969.252930>) requested data for lock!
[01:36:46] Player (Aaron, 76561199083883076)(<1136.275024, 344.882324, 9965.555664>) requested data for lock!
[01:36:55] Player (Aaron, 76561199083883076)(<1135.836792, 346.094452, 9966.250000>) requested data for lock!
[01:40:45] Player (Aaron, 76561199083883076)(<1132.763794, 345.573212, 9973.032227>) requested data for lock!
[01:40:51] Player (Aaron, 76561199083883076)(<1135.836792, 346.094452, 9966.250000>) requested data for lock!
[01:41:02] Player (Aaron, 76561199083883076)(<1136.275024, 344.882324, 9965.555664>) requested data for lock!
[01:41:26] Player (^DBD^ Maxo, 76561198148661627)(<1165.940674, 345.612946, 9990.236328>) requested data for lock!
[01:41:31] Player (^DBD^ Maxo, 76561198148661627)(<1166.893311, 345.748413, 9984.816406>) requested data for lock!
[01:41:50] Player (^DBD^ Maxo, 76561198148661627)(<1165.940674, 345.612946, 9990.236328>) requested data for lock!
[01:42:05] Player (Aaron, 76561199083883076)(<1141.810303, 344.882324, 9962.911133>) requested data for lock!
[01:42:14] Player (Aaron, 76561199083883076)(<1135.836792, 346.094452, 9966.250000>) requested data for lock!
[01:42:27] Player (Aaron, 76561199083883076)(<1132.763794, 345.573212, 9973.032227>) requested data for lock!
[01:44:45] Player (^DBD^ Maxo, 76561198148661627)(<1132.763794, 345.573212, 9973.032227>) requested data for lock!
[01:45:05] Player (^DBD^ Maxo, 76561198148661627)(<1132.763794, 345.573212, 9973.032227>) requested data for lock!
[01:45:05] Player (Aaron, 76561199083883076)(<1132.763794, 345.573212, 9973.032227>) requested data for lock!
[01:49:00] Player (SonJd, 76561198214438271)(<3586.307373, 19.553514, 2172.341064>) requested data for lock!
[01:49:05] Player (SonJd, 76561198214438271)(<3586.307373, 19.553514, 2172.341064>) requested data for lock!
[01:49:10] Player (SonJd, 76561198214438271)(<3586.307373, 19.553514, 2172.341064>) requested data for lock!
[01:49:15] Player (SonJd, 76561198214438271)(<3586.307373, 19.553514, 2172.341064>) requested data for lock!
[01:49:20] Player (SonJd, 76561198214438271)(<3586.307373, 19.553514, 2172.341064>) requested data for lock!
[01:49:25] Player (SonJd, 76561198214438271)(<3586.307373, 19.553514, 2172.341064>) requested data for lock!
[01:49:29] Player (SonJd, 76561198214438271)(<3586.307373, 19.553514, 2172.341064>) requested data for lock!
[01:49:34] Player (SonJd, 76561198214438271)(<3586.307373, 19.553514, 2172.341064>) requested data for lock!
[01:49:39] Player (SonJd, 76561198214438271)(<3586.307373, 19.553514, 2172.341064>) requested data for lock!
[01:49:44] Player (SonJd, 76561198214438271)(<3586.307373, 19.553514, 2172.341064>) requested data for lock!
[01:49:49] Player (SonJd, 76561198214438271)(<3586.307373, 19.553514, 2172.341064>) requested data for lock!
[01:49:54] Player (SonJd, 76561198214438271)(<3586.307373, 19.553514, 2172.341064>) requested data for lock!
[01:49:59] Player (SonJd, 76561198214438271)(<3586.307373, 19.553514, 2172.341064>) requested data for lock!
[01:50:15] Player (SonJd, 76561198214438271)(<3586.307373, 19.553514, 2172.341064>) requested data for lock!
[01:50:20] Player (SonJd, 76561198214438271)(<3586.307373, 19.553514, 2172.341064>) requested data for lock!
[01:50:22] Player (DarthErrina, 76561199134542915)(<3586.307373, 19.553514, 2172.341064>) requested data for lock!
[01:50:25] Player (SonJd, 76561198214438271)(<3586.307373, 19.553514, 2172.341064>) requested data for lock!
[01:50:28] Player (DarthErrina, 76561199134542915)(<3586.307373, 19.553514, 2172.341064>) requested data for lock!
[01:50:30] Player (SonJd, 76561198214438271)(<3586.307373, 19.553514, 2172.341064>) requested data for lock!
[01:50:33] Player (DarthErrina, 76561199134542915)(<3586.307373, 19.553514, 2172.341064>) requested data for lock!
[01:50:35] Player (SonJd, 76561198214438271)(<3586.307373, 19.553514, 2172.341064>) requested data for lock!
[01:50:55] Player (DarthErrina, 76561199134542915)(<3586.307373, 19.553514, 2172.341064>) requested data for lock!
[01:51:00] Player (DarthErrina, 76561199134542915)(<3586.307373, 19.553514, 2172.341064>) requested data for lock!
[01:51:06] Player (SonJd, 76561198214438271)(<3586.307373, 19.553514, 2172.341064>) requested data for lock!
[01:54:57] Player (SonJd, 76561198214438271)(<3586.307373, 19.553514, 2172.341064>) requested data for lock!
[01:54:58] Player (DarthErrina, 76561199134542915)(<3586.307373, 19.553514, 2172.341064>) requested data for lock!
[01:55:03] Player (SonJd, 76561198214438271)(<3586.307373, 19.553514, 2172.341064>) requested data for lock!
[01:55:03] Player (DarthErrina, 76561199134542915)(<3586.307373, 19.553514, 2172.341064>) requested data for lock!
[01:55:08] Player (SonJd, 76561198214438271)(<3586.307373, 19.553514, 2172.341064>) requested data for lock!
[01:55:08] Player (DarthErrina, 76561199134542915)(<3586.307373, 19.553514, 2172.341064>) requested data for lock!
[01:55:32] Player (DarthErrina, 76561199134542915)(<3586.307373, 19.553514, 2172.341064>) requested data for lock!
[01:55:33] Player (SonJd, 76561198214438271)(<3586.307373, 19.553514, 2172.341064>) requested data for lock!
[01:55:38] Player (SonJd, 76561198214438271)(<3586.307373, 19.553514, 2172.341064>) requested data for lock!
[01:56:13] Player (SonJd, 76561198214438271)(<3586.307373, 19.553514, 2172.341064>) requested data for lock!
[01:56:13] Player (DarthErrina, 76561199134542915)(<3586.307373, 19.553514, 2172.341064>) requested data for lock!
[01:56:18] Player (SonJd, 76561198214438271)(<3586.307373, 19.553514, 2172.341064>) requested data for lock!
[01:56:18] Player (DarthErrina, 76561199134542915)(<3586.307373, 19.553514, 2172.341064>) requested data for lock!
[01:56:23] Player (SonJd, 76561198214438271)(<3586.307373, 19.553514, 2172.341064>) requested data for lock!
[01:56:23] Player (DarthErrina, 76561199134542915)(<3586.307373, 19.553514, 2172.341064>) requested data for lock!
[01:56:28] Player (DarthErrina, 76561199134542915)(<3586.307373, 19.553514, 2172.341064>) requested data for lock!
[01:56:32] Player (SonJd, 76561198214438271)(<3586.307373, 19.553514, 2172.341064>) requested data for lock!
[01:56:33] Player (DarthErrina, 76561199134542915)(<3586.307373, 19.553514, 2172.341064>) requested data for lock!
[01:56:38] Player (DarthErrina, 76561199134542915)(<3586.307373, 19.553514, 2172.341064>) requested data for lock!
[01:56:40] Player (SonJd, 76561198214438271)(<3586.307373, 19.553514, 2172.341064>) requested data for lock!
[01:56:43] Player (DarthErrina, 76561199134542915)(<3586.307373, 19.553514, 2172.341064>) requested data for lock!
[01:56:47] Player (SonJd, 76561198214438271)(<3586.348877, 19.546085, 2175.481201>) requested data for lock!
[01:56:48] Player (DarthErrina, 76561199134542915)(<3586.307373, 19.553514, 2172.341064>) requested data for lock!
[01:56:52] Player (SonJd, 76561198214438271)(<3586.348877, 19.546085, 2175.481201>) requested data for lock!
[01:56:53] Player (DarthErrina, 76561199134542915)(<3586.307373, 19.553514, 2172.341064>) requested data for lock!
[01:56:57] Player (SonJd, 76561198214438271)(<3586.348877, 19.546085, 2175.481201>) requested data for lock!
[01:56:58] Player (DarthErrina, 76561199134542915)(<3586.307373, 19.553514, 2172.341064>) requested data for lock!
[01:57:02] Player (SonJd, 76561198214438271)(<3586.348877, 19.546085, 2175.481201>) requested data for lock!
[01:57:09] Player (DarthErrina, 76561199134542915)(<3586.348877, 19.546085, 2175.481201>) requested data for lock!
[01:57:14] Player (DarthErrina, 76561199134542915)(<3586.348877, 19.546085, 2175.481201>) requested data for lock!
[01:57:19] Player (DarthErrina, 76561199134542915)(<3586.348877, 19.546085, 2175.481201>) requested data for lock!
[01:57:24] Player (DarthErrina, 76561199134542915)(<3586.348877, 19.546085, 2175.481201>) requested data for lock!
[01:57:34] Player (DarthErrina, 76561199134542915)(<3586.307373, 19.553514, 2172.341064>) requested data for lock!
[01:57:40] Player (DarthErrina, 76561199134542915)(<3586.348877, 19.546085, 2175.481201>) requested data for lock!
[01:57:42] Player (SonJd, 76561198214438271)(<3586.307373, 19.553514, 2172.341064>) requested data for lock!
[01:57:46] Player (DarthErrina, 76561199134542915)(<3586.307373, 19.553514, 2172.341064>) requested data for lock!
[01:57:51] Player (DarthErrina, 76561199134542915)(<3586.307373, 19.553514, 2172.341064>) requested data for lock!
[01:57:56] Player (DarthErrina, 76561199134542915)(<3586.307373, 19.553514, 2172.341064>) requested data for lock!
[01:57:58] Player (SonJd, 76561198214438271)(<3586.348877, 19.546085, 2175.481201>) requested data for lock!
[01:58:01] Player (DarthErrina, 76561199134542915)(<3586.307373, 19.553514, 2172.341064>) requested data for lock!
[01:58:03] Player (SonJd, 76561198214438271)(<3586.307373, 19.553514, 2172.341064>) requested data for lock!
[01:58:06] Player (DarthErrina, 76561199134542915)(<3586.307373, 19.553514, 2172.341064>) requested data for lock!
[01:58:11] Player (DarthErrina, 76561199134542915)(<3586.307373, 19.553514, 2172.341064>) requested data for lock!
[01:58:13] Player (SonJd, 76561198214438271)(<3586.307373, 19.553514, 2172.341064>) requested data for lock!
[01:58:16] Player (DarthErrina, 76561199134542915)(<3586.307373, 19.553514, 2172.341064>) requested data for lock!
[01:58:17] Player (SonJd, 76561198214438271)(<3586.307373, 19.553514, 2172.341064>) requested data for lock!
[01:58:21] Player (DarthErrina, 76561199134542915)(<3586.307373, 19.553514, 2172.341064>) requested data for lock!
[01:58:22] Player (SonJd, 76561198214438271)(<3586.307373, 19.553514, 2172.341064>) requested data for lock!
[01:58:26] Player (DarthErrina, 76561199134542915)(<3586.307373, 19.553514, 2172.341064>) requested data for lock!
[01:58:28] Player (SonJd, 76561198214438271)(<3586.307373, 19.553514, 2172.341064>) requested data for lock!
[01:58:31] Player (DarthErrina, 76561199134542915)(<3586.307373, 19.553514, 2172.341064>) requested data for lock!
[01:58:36] Player (DarthErrina, 76561199134542915)(<3586.307373, 19.553514, 2172.341064>) requested data for lock!
[01:58:38] Player (SonJd, 76561198214438271)(<3586.307373, 19.553514, 2172.341064>) requested data for lock!
[01:58:41] Player (DarthErrina, 76561199134542915)(<3586.307373, 19.553514, 2172.341064>) requested data for lock!
[01:58:45] Player (SonJd, 76561198214438271)(<3586.307373, 19.553514, 2172.341064>) requested data for lock!
[01:58:46] Player (DarthErrina, 76561199134542915)(<3586.307373, 19.553514, 2172.341064>) requested data for lock!
[01:58:50] Player (SonJd, 76561198214438271)(<3586.348877, 19.546085, 2175.481201>) requested data for lock!
[01:58:55] Player (SonJd, 76561198214438271)(<3586.348877, 19.546085, 2175.481201>) requested data for lock!
[01:59:00] Player (SonJd, 76561198214438271)(<3586.348877, 19.546085, 2175.481201>) requested data for lock!
[01:59:05] Player (SonJd, 76561198214438271)(<3586.348877, 19.546085, 2175.481201>) requested data for lock!
[01:59:10] Player (SonJd, 76561198214438271)(<3586.348877, 19.546085, 2175.481201>) requested data for lock!
[01:59:15] Player (SonJd, 76561198214438271)(<3586.348877, 19.546085, 2175.481201>) requested data for lock!
[01:59:20] Player (SonJd, 76561198214438271)(<3586.348877, 19.546085, 2175.481201>) requested data for lock!
[01:59:27] Player (SonJd, 76561198214438271)(<3586.348877, 19.546085, 2175.481201>) requested data for lock!
[01:59:35] Player (SonJd, 76561198214438271)(<3586.348877, 19.546085, 2175.481201>) requested data for lock!
[02:00:26] Player (SonJd, 76561198214438271)(<3586.307373, 19.553514, 2172.341064>) requested data for lock!
[02:00:33] Player (SonJd, 76561198214438271)(<3586.307373, 19.553514, 2172.341064>) requested data for lock!
[02:00:49] Player (SonJd, 76561198214438271)(<3586.307373, 19.553514, 2172.341064>) requested data for lock!
[02:01:03] Player (SonJd, 76561198214438271)(<3586.307373, 19.553514, 2172.341064>) requested data for lock!
[02:01:08] Player (SonJd, 76561198214438271)(<3586.307373, 19.553514, 2172.341064>) requested data for lock!
[02:01:19] Player (SonJd, 76561198214438271)(<3586.307373, 19.553514, 2172.341064>) requested data for lock!
[02:02:05] Player (SonJd, 76561198214438271)(<3586.348877, 19.546085, 2175.481201>) requested data for lock!
[02:02:37] Player (SonJd, 76561198214438271)(<3586.348877, 19.546085, 2175.481201>) requested data for lock!
[02:02:46] Player (SonJd, 76561198214438271)(<3586.307373, 19.553514, 2172.341064>) requested data for lock!
[02:02:54] Player (SonJd, 76561198214438271)(<3586.307373, 19.553514, 2172.341064>) requested data for lock!
[02:02:58] Player (SonJd, 76561198214438271)(<3586.307373, 19.553514, 2172.341064>) requested data for lock!
[02:03:06] Player (SonJd, 76561198214438271)(<3586.307373, 19.553514, 2172.341064>) requested data for lock!
[02:03:12] Player (SonJd, 76561198214438271)(<3586.307373, 19.553514, 2172.341064>) requested data for lock!
[02:03:17] Player (SonJd, 76561198214438271)(<3586.307373, 19.553514, 2172.341064>) requested data for lock!
[02:03:40] Player (SonJd, 76561198214438271)(<3586.307373, 19.553514, 2172.341064>) requested data for lock!
[02:03:46] Player (SonJd, 76561198214438271)(<3586.307373, 19.553514, 2172.341064>) requested data for lock!
[02:03:59] Player (SonJd, 76561198214438271)(<3586.307373, 19.553514, 2172.341064>) requested data for lock!
[02:04:05] Player (SonJd, 76561198214438271)(<3586.307373, 19.553514, 2172.341064>) requested data for lock!
[02:04:20] Player (SonJd, 76561198214438271)(<3586.307373, 19.553514, 2172.341064>) requested data for lock!
[02:04:28] Player (SonJd, 76561198214438271)(<3586.307373, 19.553514, 2172.341064>) requested data for lock!
[02:04:41] Player (SonJd, 76561198214438271)(<3586.307373, 19.553514, 2172.341064>) requested data for lock!
[02:04:46] Player (SonJd, 76561198214438271)(<3586.307373, 19.553514, 2172.341064>) requested data for lock!
[02:04:58] Player (SonJd, 76561198214438271)(<3586.348877, 19.546085, 2175.481201>) requested data for lock!
[02:05:03] Player (SonJd, 76561198214438271)(<3586.348877, 19.546085, 2175.481201>) requested data for lock!
[02:05:11] Player (SonJd, 76561198214438271)(<3586.348877, 19.546085, 2175.481201>) requested data for lock!
[02:05:17] Player (SonJd, 76561198214438271)(<3586.348877, 19.546085, 2175.481201>) requested data for lock!
[02:05:23] Player (SonJd, 76561198214438271)(<3586.348877, 19.546085, 2175.481201>) requested data for lock!
[02:05:40] Player (SonJd, 76561198214438271)(<3586.348877, 19.546085, 2175.481201>) requested data for lock!
[02:05:49] Player (SonJd, 76561198214438271)(<3586.348877, 19.546085, 2175.481201>) requested data for lock!
[02:05:54] Player (SonJd, 76561198214438271)(<3586.348877, 19.546085, 2175.481201>) requested data for lock!
[02:06:03] Player (SonJd, 76561198214438271)(<3586.348877, 19.546085, 2175.481201>) requested data for lock!
[02:06:16] Player (DarthErrina, 76561199134542915)(<3586.307373, 19.553514, 2172.341064>) requested data for lock!
[02:06:20] Player (SonJd, 76561198214438271)(<3586.307373, 19.553514, 2172.341064>) requested data for lock!
[02:06:22] Player (DarthErrina, 76561199134542915)(<3586.307373, 19.553514, 2172.341064>) requested data for lock!
[02:06:25] Player (SonJd, 76561198214438271)(<3586.348877, 19.546085, 2175.481201>) requested data for lock!
[02:06:27] Player (DarthErrina, 76561199134542915)(<3586.307373, 19.553514, 2172.341064>) requested data for lock!
[02:06:30] Player (SonJd, 76561198214438271)(<3586.307373, 19.553514, 2172.341064>) requested data for lock!
[02:06:32] Player (DarthErrina, 76561199134542915)(<3586.307373, 19.553514, 2172.341064>) requested data for lock!
[02:06:35] Player (SonJd, 76561198214438271)(<3586.307373, 19.553514, 2172.341064>) requested data for lock!
[02:06:37] Player (DarthErrina, 76561199134542915)(<3586.307373, 19.553514, 2172.341064>) requested data for lock!
[02:06:40] Player (SonJd, 76561198214438271)(<3586.348877, 19.546085, 2175.481201>) requested data for lock!
[02:06:42] Player (DarthErrina, 76561199134542915)(<3586.307373, 19.553514, 2172.341064>) requested data for lock!
[02:06:45] Player (SonJd, 76561198214438271)(<3586.307373, 19.553514, 2172.341064>) requested data for lock!
[02:06:57] Player (SonJd, 76561198214438271)(<3586.348877, 19.546085, 2175.481201>) requested data for lock!
[02:07:02] Player (SonJd, 76561198214438271)(<3586.348877, 19.546085, 2175.481201>) requested data for lock!
[02:07:07] Player (SonJd, 76561198214438271)(<3586.348877, 19.546085, 2175.481201>) requested data for lock!
[02:07:24] Player (SonJd, 76561198214438271)(<3586.348877, 19.546085, 2175.481201>) requested data for lock!
[02:07:27] Player (DarthErrina, 76561199134542915)(<3586.307373, 19.553514, 2172.341064>) requested data for lock!
[02:07:32] Player (DarthErrina, 76561199134542915)(<3586.307373, 19.553514, 2172.341064>) requested data for lock!
[02:07:42] Player (DarthErrina, 76561199134542915)(<3586.307373, 19.553514, 2172.341064>) requested data for lock!
[02:26:36] Player (Sauce, 76561199194857204)(<7802.306641, 314.866455, 6893.690918>) requested data for lock!
[02:27:05] Player (Sauce, 76561199194857204)(<7801.914551, 315.043640, 6893.657715>) requested data for lock!
[02:27:19] Player (Sauce, 76561199194857204)(<7801.914551, 315.043640, 6893.657715>) requested data for lock!
[02:28:49] Player (Sauce, 76561199194857204)(<7801.914551, 315.043640, 6893.657715>) requested data for lock!
[02:31:20] Player (Sauce, 76561199194857204)(<7801.914551, 315.043640, 6893.657715>) requested data for lock!
[02:35:12] Player (Sauce, 76561199194857204)(<7792.361328, 313.654327, 6894.910645>) requested data for lock!
[02:35:19] Player (Sauce, 76561199194857204)(<7792.361328, 313.654327, 6894.910645>) requested data for lock!
[02:35:24] Player (Sauce, 76561199194857204)(<7801.914551, 315.043640, 6893.657715>) requested data for lock!
[02:35:34] Player (Sauce, 76561199194857204)(<7801.914551, 315.043640, 6893.657715>) requested data for lock!
[02:35:40] Player (Sauce, 76561199194857204)(<7792.361328, 313.654327, 6894.910645>) requested data for lock!
[02:36:04] Player (Sauce, 76561199194857204)(<7801.914551, 315.043640, 6893.657715>) requested data for lock!
[02:36:11] Player (Sauce, 76561199194857204)(<7801.914551, 315.043640, 6893.657715>) requested data for lock!
[02:36:17] Player (Sauce, 76561199194857204)(<7801.914551, 315.043640, 6893.657715>) requested data for lock!
[02:36:22] Player (Sauce, 76561199194857204)(<7801.914551, 315.043640, 6893.657715>) requested data for lock!
[02:37:28] Player (Sauce, 76561199194857204)(<7801.914551, 315.043640, 6893.657715>) requested data for lock!
[02:37:34] Player (Sauce, 76561199194857204)(<7801.914551, 315.043640, 6893.657715>) requested data for lock!
[02:41:34] Player (Sauce, 76561199194857204)(<7801.914551, 315.043640, 6893.657715>) requested data for lock!
[02:41:49] Player (Sauce, 76561199194857204)(<7801.914551, 315.043640, 6893.657715>) requested data for lock!
[02:41:56] Player (Sauce, 76561199194857204)(<7801.914551, 315.043640, 6893.657715>) requested data for lock!
[02:42:01] Player (Sauce, 76561199194857204)(<7801.914551, 315.043640, 6893.657715>) requested data for lock!
[02:42:12] Player (Sauce, 76561199194857204)(<7801.914551, 315.043640, 6893.657715>) requested data for lock!
[02:42:22] Player (Sauce, 76561199194857204)(<7801.914551, 315.043640, 6893.657715>) requested data for lock!
[02:42:39] Player (Sauce, 76561199194857204)(<7801.914551, 315.043640, 6893.657715>) requested data for lock!
[02:42:48] Player (Sauce, 76561199194857204)(<7801.914551, 315.043640, 6893.657715>) requested data for lock!
[02:42:56] Player (Sauce, 76561199194857204)(<7801.914551, 315.043640, 6893.657715>) requested data for lock!
[02:43:01] Player (Sauce, 76561199194857204)(<7801.914551, 315.043640, 6893.657715>) requested data for lock!
[02:43:09] Player (Sauce, 76561199194857204)(<7801.914551, 315.043640, 6893.657715>) requested data for lock!
[02:43:14] Player (Sauce, 76561199194857204)(<7801.914551, 315.043640, 6893.657715>) requested data for lock!
[02:44:13] Player (Sauce, 76561199194857204)(<7801.914551, 315.043640, 6893.657715>) requested data for lock!
[02:44:26] Player (Sauce, 76561199194857204)(<7801.914551, 315.043640, 6893.657715>) requested data for lock!
[02:44:31] Player (Sauce, 76561199194857204)(<7801.914551, 315.043640, 6893.657715>) requested data for lock!
[02:45:45] Player (Sauce, 76561199194857204)(<7801.914551, 315.043640, 6893.657715>) requested data for lock!
[02:48:05] Player (Sauce, 76561199194857204)(<7801.914551, 315.043640, 6893.657715>) requested data for lock!
[02:49:11] Player (Sauce, 76561199194857204)(<7802.306641, 314.866455, 6893.690918>) requested data for lock!
[02:49:17] Player (Sauce, 76561199194857204)(<7802.306641, 314.866455, 6893.690918>) requested data for lock!
[02:49:23] Player (Sauce, 76561199194857204)(<7801.914551, 315.043640, 6893.657715>) requested data for lock!
[02:49:38] Player (Sauce, 76561199194857204)(<7801.914551, 315.043640, 6893.657715>) requested data for lock!
[02:49:44] Player (Sauce, 76561199194857204)(<7801.914551, 315.043640, 6893.657715>) requested data for lock!
[02:49:49] Player (Sauce, 76561199194857204)(<7801.914551, 315.043640, 6893.657715>) requested data for lock!
[02:50:04] Player (Sauce, 76561199194857204)(<7801.914551, 315.043640, 6893.657715>) requested data for lock!
[02:50:17] Player (Sauce, 76561199194857204)(<7801.914551, 315.043640, 6893.657715>) requested data for lock!
[02:51:03] Player (Sauce, 76561199194857204)(<7801.914551, 315.043640, 6893.657715>) requested data for lock!
[02:51:08] Player (Sauce, 76561199194857204)(<7801.914551, 315.043640, 6893.657715>) requested data for lock!
[02:51:13] Player (Sauce, 76561199194857204)(<7801.914551, 315.043640, 6893.657715>) requested data for lock!
[02:51:19] Player (Sauce, 76561199194857204)(<7801.914551, 315.043640, 6893.657715>) requested data for lock!
[02:51:24] Player (Sauce, 76561199194857204)(<7801.914551, 315.043640, 6893.657715>) requested data for lock!
[02:51:29] Player (Sauce, 76561199194857204)(<7801.914551, 315.043640, 6893.657715>) requested data for lock!
[02:51:38] Player (Sauce, 76561199194857204)(<7801.914551, 315.043640, 6893.657715>) requested data for lock!
[02:51:43] Player (Sauce, 76561199194857204)(<7801.914551, 315.043640, 6893.657715>) requested data for lock!
[02:51:52] Player (Sauce, 76561199194857204)(<7801.914551, 315.043640, 6893.657715>) requested data for lock!
[02:52:05] Player (Sauce, 76561199194857204)(<7801.914551, 315.043640, 6893.657715>) requested data for lock!
[02:52:26] Player (Sauce, 76561199194857204)(<7801.914551, 315.043640, 6893.657715>) requested data for lock!
[02:52:35] Player (Sauce, 76561199194857204)(<7801.914551, 315.043640, 6893.657715>) requested data for lock!
[02:56:19] Player (Sauce, 76561199194857204)(<7801.914551, 315.043640, 6893.657715>) requested data for lock!
[02:56:34] Player (Sauce, 76561199194857204)(<7801.914551, 315.043640, 6893.657715>) requested data for lock!
[02:59:38] Player (Sauce, 76561199194857204)(<7801.914551, 315.043640, 6893.657715>) requested data for lock!
[02:59:46] Player (Sauce, 76561199194857204)(<7801.914551, 315.043640, 6893.657715>) requested data for lock!
[03:00:44] Player (Sauce, 76561199194857204)(<7801.914551, 315.043640, 6893.657715>) requested data for lock!
[03:01:54] Player (Sauce, 76561199194857204)(<7801.914551, 315.043640, 6893.657715>) requested data for lock!
[03:02:26] Player (Sauce, 76561199194857204)(<7801.914551, 315.043640, 6893.657715>) requested data for lock!
[03:02:39] Player (Sauce, 76561199194857204)(<7801.914551, 315.043640, 6893.657715>) requested data for lock!
