[09-02-2021][02.27.51] New Synch Log File Created!
[02:29:21] Player (^DBD^ Maxo, 76561198148661627)(<1189.157593, 344.580933, 9985.374023>) requested data for lock!
[02:29:32] Player (^DBD^ Maxo, 76561198148661627)(<1186.750732, 344.556030, 9985.829102>) requested data for lock!
[02:29:40] Player (^DBD^ Maxo, 76561198148661627)(<1180.172852, 344.556030, 9987.970703>) requested data for lock!
[02:30:43] Player (^DBD^ Maxo, 76561198148661627)(<1180.172852, 344.556030, 9987.970703>) requested data for lock!
[02:30:48] Player (^DBD^ Maxo, 76561198148661627)(<1180.172852, 344.556030, 9987.970703>) requested data for lock!
[02:30:55] Player (^DBD^ Maxo, 76561198148661627)(<1180.172852, 344.556030, 9987.970703>) requested data for lock!
[02:31:02] Player (^DBD^ Maxo, 76561198148661627)(<1180.172852, 344.556030, 9987.970703>) requested data for lock!
[02:31:10] Player (^DBD^ Maxo, 76561198148661627)(<1184.278076, 344.556030, 9987.071289>) requested data for lock!
[02:32:57] Player (^DBD^ Maxo, 76561198148661627)(<1184.751831, 344.556030, 9983.866211>) requested data for lock!
[02:33:02] Player (^DBD^ Maxo, 76561198148661627)(<1182.824463, 344.556030, 9978.469727>) requested data for lock!
[02:33:25] Player (^DBD^ Maxo, 76561198148661627)(<1184.278076, 344.556030, 9987.071289>) requested data for lock!
[02:33:32] Player (^DBD^ Maxo, 76561198148661627)(<1186.750732, 344.556030, 9985.829102>) requested data for lock!
[02:34:39] Player (^DBD^ Maxo, 76561198148661627)(<1185.200195, 344.556030, 9979.226563>) requested data for lock!
[02:35:02] Player (^DBD^ Maxo, 76561198148661627)(<1181.235474, 344.556030, 9979.996094>) requested data for lock!
[02:35:09] Player (^DBD^ Maxo, 76561198148661627)(<1181.235474, 344.556030, 9979.996094>) requested data for lock!
[02:35:17] Player (^DBD^ Maxo, 76561198148661627)(<1182.824463, 344.556030, 9978.469727>) requested data for lock!
[02:35:28] Player (^DBD^ Maxo, 76561198148661627)(<1185.200195, 344.556030, 9979.226563>) requested data for lock!
[02:35:35] Player (^DBD^ Maxo, 76561198148661627)(<1182.824463, 344.556030, 9978.469727>) requested data for lock!
[02:35:46] Player (^DBD^ Maxo, 76561198148661627)(<1185.200195, 344.556030, 9979.226563>) requested data for lock!
[02:35:56] Player (^DBD^ Maxo, 76561198148661627)(<1189.157593, 344.580933, 9985.374023>) requested data for lock!
[02:37:24] Player (^DBD^ Maxo, 76561198148661627)(<1182.824463, 344.556030, 9978.469727>) requested data for lock!
[02:39:08] Player (^DBD^ Maxo, 76561198148661627)(<1182.824463, 344.556030, 9978.469727>) requested data for lock!
[02:39:58] Player (^DBD^ Maxo, 76561198148661627)(<1189.157593, 344.580933, 9985.374023>) requested data for lock!
[02:40:54] Player (^DBD^ Maxo, 76561198148661627)(<1166.893311, 345.748413, 9984.816406>) requested data for lock!
[03:00:08] Player (^DBD^ Maxo, 76561198148661627)(<1189.157593, 344.580933, 9985.374023>) requested data for lock!
[03:00:13] Player (^DBD^ Maxo, 76561198148661627)(<1186.750732, 344.556030, 9985.829102>) requested data for lock!
[03:06:18] Player (^DBD^ Maxo, 76561198148661627)(<1189.157593, 344.580933, 9985.374023>) requested data for lock!
[03:06:43] Player (^DBD^ Maxo, 76561198148661627)(<1189.157593, 344.580933, 9985.374023>) requested data for lock!
[03:06:52] Player (^DBD^ Maxo, 76561198148661627)(<1189.157593, 344.580933, 9985.374023>) requested data for lock!
[03:08:01] Player (^DBD^ Maxo, 76561198148661627)(<1184.751831, 344.556030, 9983.866211>) requested data for lock!
[03:08:06] Player (^DBD^ Maxo, 76561198148661627)(<1181.235474, 344.556030, 9979.996094>) requested data for lock!
[03:08:23] Player (^DBD^ Maxo, 76561198148661627)(<1181.235474, 344.556030, 9979.996094>) requested data for lock!
[03:08:29] Player (^DBD^ Maxo, 76561198148661627)(<1186.966064, 344.556030, 9980.056641>) requested data for lock!
[03:09:04] Player (^DBD^ Maxo, 76561198148661627)(<1181.235474, 344.556030, 9979.996094>) requested data for lock!
[03:09:09] Player (^DBD^ Maxo, 76561198148661627)(<1182.824463, 344.556030, 9978.469727>) requested data for lock!
[03:09:17] Player (^DBD^ Maxo, 76561198148661627)(<1182.824463, 344.556030, 9978.469727>) requested data for lock!
[03:09:22] Player (^DBD^ Maxo, 76561198148661627)(<1186.966064, 344.556030, 9980.056641>) requested data for lock!
[03:09:27] Player (^DBD^ Maxo, 76561198148661627)(<1186.966064, 344.556030, 9980.056641>) requested data for lock!
[03:09:38] Player (^DBD^ Maxo, 76561198148661627)(<1185.200195, 344.556030, 9979.226563>) requested data for lock!
[03:09:43] Player (^DBD^ Maxo, 76561198148661627)(<1184.278076, 344.556030, 9987.071289>) requested data for lock!
[03:11:19] Player (^DBD^ Maxo, 76561198148661627)(<1189.157593, 344.580933, 9985.374023>) requested data for lock!
[03:11:30] Player (^DBD^ Maxo, 76561198148661627)(<1188.573730, 345.459076, 9981.229492>) requested data for lock!
[03:11:35] Player (^DBD^ Maxo, 76561198148661627)(<1188.573730, 345.459076, 9981.229492>) requested data for lock!
[03:11:40] Player (^DBD^ Maxo, 76561198148661627)(<1188.573730, 345.459076, 9981.229492>) requested data for lock!
[03:12:26] Player (^DBD^ Maxo, 76561198148661627)(<1189.157593, 344.580933, 9985.374023>) requested data for lock!
[03:12:32] Player (^DBD^ Maxo, 76561198148661627)(<1188.573730, 345.459076, 9981.229492>) requested data for lock!
[03:12:46] Player (^DBD^ Maxo, 76561198148661627)(<1189.157593, 344.580933, 9985.374023>) requested data for lock!
[03:12:53] Player (^DBD^ Maxo, 76561198148661627)(<1184.278076, 344.556030, 9987.071289>) requested data for lock!
[03:13:02] Player (^DBD^ Maxo, 76561198148661627)(<1189.157593, 344.580933, 9985.374023>) requested data for lock!
[03:13:24] Player (^DBD^ Maxo, 76561198148661627)(<1184.278076, 344.556030, 9987.071289>) requested data for lock!
[03:14:10] Player (^DBD^ Maxo, 76561198148661627)(<1184.751831, 344.556030, 9983.866211>) requested data for lock!
[03:14:21] Player (^DBD^ Maxo, 76561198148661627)(<1181.235474, 344.556030, 9979.996094>) requested data for lock!
[03:14:28] Player (^DBD^ Maxo, 76561198148661627)(<1185.200195, 344.556030, 9979.226563>) requested data for lock!
[03:15:13] Player (^DBD^ Maxo, 76561198148661627)(<1185.200195, 344.556030, 9979.226563>) requested data for lock!
[03:15:19] Player (^DBD^ Maxo, 76561198148661627)(<1185.200195, 344.556030, 9979.226563>) requested data for lock!
[03:15:50] Player (^DBD^ Maxo, 76561198148661627)(<1182.824463, 344.556030, 9978.469727>) requested data for lock!
[03:17:12] Player (^DBD^ Maxo, 76561198148661627)(<1181.235474, 344.556030, 9979.996094>) requested data for lock!
[03:17:56] Player (^DBD^ Maxo, 76561198148661627)(<1184.751831, 344.556030, 9983.866211>) requested data for lock!
[04:01:36] Player (Sauce, 76561199194857204)(<7801.914551, 315.043640, 6893.657715>) requested data for lock!
[09-02-2021][06.29.34] Log file reloaded ( Server Restart )
[09:47:21] Player (Kenneth, 76561198028069914)(<8240.283203, 181.640930, 11618.155273>) requested data for lock!
[09:47:26] Player (Kenneth, 76561198028069914)(<8240.283203, 181.640930, 11618.155273>) requested data for lock!
[09:47:31] Player (Kenneth, 76561198028069914)(<8240.283203, 181.640930, 11618.155273>) requested data for lock!
[09:47:36] Player (Kenneth, 76561198028069914)(<8240.283203, 181.640930, 11618.155273>) requested data for lock!
[09:47:41] Player (Kenneth, 76561198028069914)(<8240.283203, 181.640930, 11618.155273>) requested data for lock!
[09:47:47] Player (Kenneth, 76561198028069914)(<8240.283203, 181.640930, 11618.155273>) requested data for lock!
[09:47:52] Player (Kenneth, 76561198028069914)(<8240.283203, 181.640930, 11618.155273>) requested data for lock!
[09:48:04] Player (Kenneth, 76561198028069914)(<8240.283203, 181.640930, 11618.155273>) requested data for lock!
[09:48:16] Player (Kenneth, 76561198028069914)(<8240.283203, 181.640930, 11618.155273>) requested data for lock!
[09:48:21] Player (Kenneth, 76561198028069914)(<8240.283203, 181.640930, 11618.155273>) requested data for lock!
[09:48:31] Player (Kenneth, 76561198028069914)(<8240.283203, 181.640930, 11618.155273>) requested data for lock!
[09:48:40] Player (Kenneth, 76561198028069914)(<8240.283203, 181.640930, 11618.155273>) requested data for lock!
[09:48:47] Player (Kenneth, 76561198028069914)(<8240.283203, 181.640930, 11618.155273>) requested data for lock!
[09:48:54] Player (Kenneth, 76561198028069914)(<8240.283203, 181.640930, 11618.155273>) requested data for lock!
[09:49:32] Player (Kenneth, 76561198028069914)(<8240.283203, 181.640930, 11618.155273>) requested data for lock!
[09:51:54] Player (Kenneth, 76561198028069914)(<8240.283203, 181.640930, 11618.155273>) requested data for lock!
[09:54:47] Player (Kenneth, 76561198028069914)(<8240.283203, 181.640930, 11618.155273>) requested data for lock!
[09:55:30] Player (Kenneth, 76561198028069914)(<8240.283203, 181.640930, 11618.155273>) requested data for lock!
[09:55:38] Player (Kenneth, 76561198028069914)(<8240.283203, 181.640930, 11618.155273>) requested data for lock!
[09:55:51] Player (Kenneth, 76561198028069914)(<8240.283203, 181.640930, 11618.155273>) requested data for lock!
[09:57:09] Player (Kenneth, 76561198028069914)(<8240.283203, 181.640930, 11618.155273>) requested data for lock!
[09:58:35] Player (Kenneth, 76561198028069914)(<8240.283203, 181.640930, 11618.155273>) requested data for lock!
[09:58:49] Player (Kenneth, 76561198028069914)(<8240.283203, 181.640930, 11618.155273>) requested data for lock!
[10:01:56] Player (Kenneth, 76561198028069914)(<8240.283203, 181.640930, 11618.155273>) requested data for lock!
[10:02:01] Player (Kenneth, 76561198028069914)(<8240.283203, 181.640930, 11618.155273>) requested data for lock!
[10:02:06] Player (Kenneth, 76561198028069914)(<8240.283203, 181.640930, 11618.155273>) requested data for lock!
[10:02:12] Player (Kenneth, 76561198028069914)(<8240.283203, 181.640930, 11618.155273>) requested data for lock!
[10:02:18] Player (Kenneth, 76561198028069914)(<8240.283203, 181.640930, 11618.155273>) requested data for lock!
[10:02:25] Player (Kenneth, 76561198028069914)(<8240.283203, 181.640930, 11618.155273>) requested data for lock!
[10:02:30] Player (Kenneth, 76561198028069914)(<8240.283203, 181.640930, 11618.155273>) requested data for lock!
[10:02:38] Player (Kenneth, 76561198028069914)(<8240.283203, 181.640930, 11618.155273>) requested data for lock!
[10:02:44] Player (Kenneth, 76561198028069914)(<8240.283203, 181.640930, 11618.155273>) requested data for lock!
[10:02:49] Player (Kenneth, 76561198028069914)(<8240.283203, 181.640930, 11618.155273>) requested data for lock!
[10:02:54] Player (Kenneth, 76561198028069914)(<8240.283203, 181.640930, 11618.155273>) requested data for lock!
[10:03:00] Player (Kenneth, 76561198028069914)(<8240.283203, 181.640930, 11618.155273>) requested data for lock!
[10:03:05] Player (Kenneth, 76561198028069914)(<8240.283203, 181.640930, 11618.155273>) requested data for lock!
[10:03:10] Player (Kenneth, 76561198028069914)(<8240.283203, 181.640930, 11618.155273>) requested data for lock!
[10:03:15] Player (Kenneth, 76561198028069914)(<8240.283203, 181.640930, 11618.155273>) requested data for lock!
[10:03:20] Player (Kenneth, 76561198028069914)(<8240.283203, 181.640930, 11618.155273>) requested data for lock!
[10:03:25] Player (Kenneth, 76561198028069914)(<8240.283203, 181.640930, 11618.155273>) requested data for lock!
[10:03:30] Player (Kenneth, 76561198028069914)(<8240.283203, 181.640930, 11618.155273>) requested data for lock!
[10:03:35] Player (Kenneth, 76561198028069914)(<8240.283203, 181.640930, 11618.155273>) requested data for lock!
[10:03:45] Player (Kenneth, 76561198028069914)(<8240.283203, 181.640930, 11618.155273>) requested data for lock!
[10:03:51] Player (Kenneth, 76561198028069914)(<8240.283203, 181.640930, 11618.155273>) requested data for lock!
[10:03:56] Player (Kenneth, 76561198028069914)(<8240.283203, 181.640930, 11618.155273>) requested data for lock!
[10:04:20] Player (Kenneth, 76561198028069914)(<8240.283203, 181.640930, 11618.155273>) requested data for lock!
[10:04:25] Player (Kenneth, 76561198028069914)(<8240.283203, 181.640930, 11618.155273>) requested data for lock!
[10:05:10] Player (Kenneth, 76561198028069914)(<8240.283203, 181.640930, 11618.155273>) requested data for lock!
[10:05:40] Player (Kenneth, 76561198028069914)(<8240.283203, 181.640930, 11618.155273>) requested data for lock!
[10:29:09] Player (Kenneth, 76561198028069914)(<8240.283203, 181.640930, 11618.155273>) requested data for lock!
[10:29:28] Player (Kenneth, 76561198028069914)(<8240.283203, 181.640930, 11618.155273>) requested data for lock!
[10:29:34] Player (Kenneth, 76561198028069914)(<8240.283203, 181.640930, 11618.155273>) requested data for lock!
[09-02-2021][10.31.15] Log file reloaded ( Server Restart )
[10:37:34] Player (Kenneth, 76561198028069914)(<8240.283203, 181.640930, 11618.155273>) requested data for lock!
[10:38:28] Player (Kenneth, 76561198028069914)(<8240.283203, 181.640930, 11618.155273>) requested data for lock!
[10:38:36] Player (Kenneth, 76561198028069914)(<8240.283203, 181.640930, 11618.155273>) requested data for lock!
[10:38:59] Player (Kenneth, 76561198028069914)(<8240.283203, 181.640930, 11618.155273>) requested data for lock!
[10:48:04] Player (Kenneth, 76561198028069914)(<8240.283203, 181.640930, 11618.155273>) requested data for lock!
[10:48:43] Player (Kenneth, 76561198028069914)(<8240.283203, 181.640930, 11618.155273>) requested data for lock!
[10:50:10] Player (Kenneth, 76561198028069914)(<8240.283203, 181.640930, 11618.155273>) requested data for lock!
[10:50:49] Player (Kenneth, 76561198028069914)(<8240.283203, 181.640930, 11618.155273>) requested data for lock!
[10:51:00] Player (Kenneth, 76561198028069914)(<8240.283203, 181.640930, 11618.155273>) requested data for lock!
[10:51:17] Player (Kenneth, 76561198028069914)(<8240.283203, 181.640930, 11618.155273>) requested data for lock!
[10:51:42] Player (Kenneth, 76561198028069914)(<8240.283203, 181.640930, 11618.155273>) requested data for lock!
[10:51:51] Player (Kenneth, 76561198028069914)(<8240.283203, 181.640930, 11618.155273>) requested data for lock!
[10:51:56] Player (Kenneth, 76561198028069914)(<8240.283203, 181.640930, 11618.155273>) requested data for lock!
[10:52:35] Player (Kenneth, 76561198028069914)(<8240.283203, 181.640930, 11618.155273>) requested data for lock!
[10:53:52] Player (Kenneth, 76561198028069914)(<8240.283203, 181.640930, 11618.155273>) requested data for lock!
[10:55:43] Player (Kenneth, 76561198028069914)(<8240.283203, 181.640930, 11618.155273>) requested data for lock!
[10:57:16] Player (Kenneth, 76561198028069914)(<8240.283203, 181.640930, 11618.155273>) requested data for lock!
[11:00:19] Player (Kenneth, 76561198028069914)(<8240.283203, 181.640930, 11618.155273>) requested data for lock!
[11:04:22] Player (Kenneth, 76561198028069914)(<8240.283203, 181.640930, 11618.155273>) requested data for lock!
[11:05:38] Player (Kenneth, 76561198028069914)(<8240.283203, 181.640930, 11618.155273>) requested data for lock!
[11:06:06] Player (Kenneth, 76561198028069914)(<8240.283203, 181.640930, 11618.155273>) requested data for lock!
[09-02-2021][11.41.14] Log file reloaded ( Server Restart )
[13:10:21] Player (^DBD^ Maxo, 76561198148661627)(<1184.751831, 344.556030, 9983.866211>) requested data for lock!
[13:10:34] Player (^DBD^ Maxo, 76561198148661627)(<1185.200195, 344.556030, 9979.226563>) requested data for lock!
[13:10:43] Player (^DBD^ Maxo, 76561198148661627)(<1185.200195, 344.556030, 9979.226563>) requested data for lock!
[13:10:48] Player (^DBD^ Maxo, 76561198148661627)(<1185.200195, 344.556030, 9979.226563>) requested data for lock!
[13:10:54] Player (^DBD^ Maxo, 76561198148661627)(<1185.200195, 344.556030, 9979.226563>) requested data for lock!
[13:11:01] Player (^DBD^ Maxo, 76561198148661627)(<1185.200195, 344.556030, 9979.226563>) requested data for lock!
[13:11:09] Player (^DBD^ Maxo, 76561198148661627)(<1185.200195, 344.556030, 9979.226563>) requested data for lock!
[13:11:18] Player (^DBD^ Maxo, 76561198148661627)(<1185.200195, 344.556030, 9979.226563>) requested data for lock!
[13:11:40] Player (^DBD^ Maxo, 76561198148661627)(<1185.200195, 344.556030, 9979.226563>) requested data for lock!
[13:12:32] Player (^DBD^ Maxo, 76561198148661627)(<1185.200195, 344.556030, 9979.226563>) requested data for lock!
[13:12:42] Player (^DBD^ Maxo, 76561198148661627)(<1185.200195, 344.556030, 9979.226563>) requested data for lock!
[13:12:47] Player (^DBD^ Maxo, 76561198148661627)(<1182.824463, 344.556030, 9978.469727>) requested data for lock!
[13:13:08] Player (^DBD^ Maxo, 76561198148661627)(<1185.200195, 344.556030, 9979.226563>) requested data for lock!
[13:13:21] Player (^DBD^ Maxo, 76561198148661627)(<1185.200195, 344.556030, 9979.226563>) requested data for lock!
[13:14:42] Player (^DBD^ Maxo, 76561198148661627)(<1185.200195, 344.556030, 9979.226563>) requested data for lock!
[13:14:49] Player (^DBD^ Maxo, 76561198148661627)(<1184.278076, 344.556030, 9987.071289>) requested data for lock!
[13:14:54] Player (^DBD^ Maxo, 76561198148661627)(<1186.750732, 344.556030, 9985.829102>) requested data for lock!
[13:15:08] Player (^DBD^ Maxo, 76561198148661627)(<1186.750732, 344.556030, 9985.829102>) requested data for lock!
[13:15:13] Player (^DBD^ Maxo, 76561198148661627)(<1189.157593, 344.580933, 9985.374023>) requested data for lock!
[13:15:18] Player (^DBD^ Maxo, 76561198148661627)(<1189.157593, 344.580933, 9985.374023>) requested data for lock!
[13:15:24] Player (^DBD^ Maxo, 76561198148661627)(<1188.573730, 345.459076, 9981.229492>) requested data for lock!
[13:15:29] Player (^DBD^ Maxo, 76561198148661627)(<1188.573730, 345.459076, 9981.229492>) requested data for lock!
[13:16:10] Player (^DBD^ Maxo, 76561198148661627)(<1125.932373, 344.339203, 9971.625000>) requested data for lock!
[13:23:08] Player (^DBD^ Maxo, 76561198148661627)(<1385.540894, 314.510406, 9256.167969>) requested data for lock!
[14:26:56] Player (^DBD^ Maxo, 76561198148661627)(<1166.893311, 345.748413, 9984.816406>) requested data for lock!
[14:47:59] Player (Kenneth, 76561198028069914)(<8240.283203, 181.640930, 11618.155273>) requested data for lock!
[14:48:41] Player (Kenneth, 76561198028069914)(<8240.283203, 181.640930, 11618.155273>) requested data for lock!
[14:49:26] Player (Kenneth, 76561198028069914)(<8240.283203, 181.640930, 11618.155273>) requested data for lock!
[15:02:49] Player (Kenneth, 76561198028069914)(<8240.283203, 181.640930, 11618.155273>) requested data for lock!
[15:03:46] Player (Kenneth, 76561198028069914)(<8240.283203, 181.640930, 11618.155273>) requested data for lock!
[15:05:36] Player (Kenneth, 76561198028069914)(<8240.283203, 181.640930, 11618.155273>) requested data for lock!
[15:05:42] Player (Kenneth, 76561198028069914)(<8240.283203, 181.640930, 11618.155273>) requested data for lock!
[15:05:50] Player (Kenneth, 76561198028069914)(<8240.283203, 181.640930, 11618.155273>) requested data for lock!
[15:06:10] Player (Kenneth, 76561198028069914)(<8240.283203, 181.640930, 11618.155273>) requested data for lock!
[15:09:23] Player (Kenneth, 76561198028069914)(<8240.283203, 181.640930, 11618.155273>) requested data for lock!
[15:12:16] Player (Kenneth, 76561198028069914)(<8240.283203, 181.640930, 11618.155273>) requested data for lock!
[15:13:17] Player (Kenneth, 76561198028069914)(<8240.283203, 181.640930, 11618.155273>) requested data for lock!
[15:13:29] Player (Kenneth, 76561198028069914)(<8240.283203, 181.640930, 11618.155273>) requested data for lock!
[15:16:43] Player (Kenneth, 76561198028069914)(<8240.283203, 181.640930, 11618.155273>) requested data for lock!
[15:16:54] Player (Kenneth, 76561198028069914)(<8240.283203, 181.640930, 11618.155273>) requested data for lock!
[15:17:04] Player (Kenneth, 76561198028069914)(<8240.283203, 181.640930, 11618.155273>) requested data for lock!
[15:18:18] Player (Kenneth, 76561198028069914)(<8240.283203, 181.640930, 11618.155273>) requested data for lock!
[15:18:51] Player (Kenneth, 76561198028069914)(<8240.283203, 181.640930, 11618.155273>) requested data for lock!
[15:18:56] Player (Kenneth, 76561198028069914)(<8240.283203, 181.640930, 11618.155273>) requested data for lock!
[15:20:27] Player (Kenneth, 76561198028069914)(<8240.283203, 181.640930, 11618.155273>) requested data for lock!
[15:21:27] Player (Kenneth, 76561198028069914)(<8240.283203, 181.640930, 11618.155273>) requested data for lock!
[15:22:11] Player (Kenneth, 76561198028069914)(<8240.283203, 181.640930, 11618.155273>) requested data for lock!
[09-02-2021][15.42.58] Log file reloaded ( Server Restart )
[16:12:49] Player (^DBD^ Maxo, 76561198148661627)(<1188.573730, 345.459076, 9981.229492>) requested data for lock!
[16:12:54] Player (^DBD^ Maxo, 76561198148661627)(<1189.157593, 344.580933, 9985.374023>) requested data for lock!
[16:13:07] Player (^DBD^ Maxo, 76561198148661627)(<1187.540894, 344.556030, 9991.790039>) requested data for lock!
[16:13:12] Player (^DBD^ Maxo, 76561198148661627)(<1187.540894, 344.556030, 9991.790039>) requested data for lock!
[16:13:23] Player (^DBD^ Maxo, 76561198148661627)(<1186.750732, 344.556030, 9985.829102>) requested data for lock!
[16:13:28] Player (^DBD^ Maxo, 76561198148661627)(<1184.751831, 344.556030, 9983.866211>) requested data for lock!
[16:13:36] Player (^DBD^ Maxo, 76561198148661627)(<1184.278076, 344.556030, 9987.071289>) requested data for lock!
[16:13:59] Player (^DBD^ Maxo, 76561198148661627)(<1184.278076, 344.556030, 9987.071289>) requested data for lock!
[16:14:15] Player (^DBD^ Maxo, 76561198148661627)(<1189.157593, 344.580933, 9985.374023>) requested data for lock!
[16:14:20] Player (^DBD^ Maxo, 76561198148661627)(<1181.235474, 344.556030, 9979.996094>) requested data for lock!
[16:16:52] Player (^DBD^ Maxo, 76561198148661627)(<1182.824463, 344.556030, 9978.469727>) requested data for lock!
[16:17:08] Player (^DBD^ Maxo, 76561198148661627)(<1185.200195, 344.556030, 9979.226563>) requested data for lock!
[16:17:13] Player (^DBD^ Maxo, 76561198148661627)(<1182.824463, 344.556030, 9978.469727>) requested data for lock!
[16:23:32] Player (^DBD^ Maxo, 76561198148661627)(<1182.824463, 344.556030, 9978.469727>) requested data for lock!
[16:23:51] Player (^DBD^ Maxo, 76561198148661627)(<1185.200195, 344.556030, 9979.226563>) requested data for lock!
[16:24:57] Player (^DBD^ Maxo, 76561198148661627)(<1187.540894, 344.556030, 9991.790039>) requested data for lock!
[16:25:20] Player (^DBD^ Maxo, 76561198148661627)(<1187.540894, 344.556030, 9991.790039>) requested data for lock!
[16:25:33] Player (^DBD^ Maxo, 76561198148661627)(<1189.157593, 344.580933, 9985.374023>) requested data for lock!
[16:26:38] Player (^DBD^ Maxo, 76561198148661627)(<1180.172852, 344.556030, 9987.970703>) requested data for lock!
[16:26:46] Player (^DBD^ Maxo, 76561198148661627)(<1184.278076, 344.556030, 9987.071289>) requested data for lock!
[16:27:09] Player (^DBD^ Maxo, 76561198148661627)(<1189.157593, 344.580933, 9985.374023>) requested data for lock!
[16:27:33] Player (^DBD^ Maxo, 76561198148661627)(<1166.893311, 345.748413, 9984.816406>) requested data for lock!
[16:28:24] Player (^DBD^ Maxo, 76561198148661627)(<1186.750732, 344.556030, 9985.829102>) requested data for lock!
[16:28:33] Player (^DBD^ Maxo, 76561198148661627)(<1184.278076, 344.556030, 9987.071289>) requested data for lock!
[16:28:39] Player (^DBD^ Maxo, 76561198148661627)(<1182.824463, 344.556030, 9978.469727>) requested data for lock!
[16:28:58] Player (^DBD^ Maxo, 76561198148661627)(<1186.750732, 344.556030, 9985.829102>) requested data for lock!
[16:29:05] Player (^DBD^ Maxo, 76561198148661627)(<1187.540894, 344.556030, 9991.790039>) requested data for lock!
[16:29:28] Player (^DBD^ Maxo, 76561198148661627)(<1189.157593, 344.580933, 9985.374023>) requested data for lock!
[16:35:52] Player (^DBD^ Maxo, 76561198148661627)(<1188.573730, 345.459076, 9981.229492>) requested data for lock!
[16:35:57] Player (^DBD^ Maxo, 76561198148661627)(<1189.157593, 344.580933, 9985.374023>) requested data for lock!
[16:36:03] Player (^DBD^ Maxo, 76561198148661627)(<1184.751831, 344.556030, 9983.866211>) requested data for lock!
[16:36:24] Player (^DBD^ Maxo, 76561198148661627)(<1185.200195, 344.556030, 9979.226563>) requested data for lock!
[16:37:12] Player (^DBD^ Maxo, 76561198148661627)(<1188.573730, 345.459076, 9981.229492>) requested data for lock!
[16:42:22] Player (^DBD^ Maxo, 76561198148661627)(<1188.573730, 345.459076, 9981.229492>) requested data for lock!
[16:49:16] Player (NOTxYAMAS, 76561199053059208)(<3283.597900, 236.520721, 4945.716797>) requested data for lock!
[16:49:56] Player (NOTxYAMAS, 76561199053059208)(<3283.597900, 236.520721, 4945.716797>) requested data for lock!
[16:50:01] Player (NOTxYAMAS, 76561199053059208)(<3285.387451, 237.664749, 4937.027344>) requested data for lock!
[16:50:06] Player (NOTxYAMAS, 76561199053059208)(<3285.387451, 237.664749, 4937.027344>) requested data for lock!
[16:50:22] Player (NOTxYAMAS, 76561199053059208)(<3285.387451, 237.664749, 4937.027344>) requested data for lock!
[16:52:12] Player (NOTxYAMAS, 76561199053059208)(<3285.387451, 237.664749, 4937.027344>) requested data for lock!
[16:52:26] Player (NOTxYAMAS, 76561199053059208)(<3283.597900, 236.520721, 4945.716797>) requested data for lock!
[16:54:36] Player (NOTxYAMAS, 76561199053059208)(<3285.387451, 237.664749, 4937.027344>) requested data for lock!
[17:05:13] Player (^DBD^ Maxo, 76561198148661627)(<1166.893311, 345.748413, 9984.816406>) requested data for lock!
[17:05:24] Player (^DBD^ Maxo, 76561198148661627)(<1179.052612, 344.556030, 9989.350586>) requested data for lock!
[17:05:30] Player (^DBD^ Maxo, 76561198148661627)(<1180.172852, 344.556030, 9987.970703>) requested data for lock!
[17:05:37] Player (^DBD^ Maxo, 76561198148661627)(<1182.824463, 344.556030, 9978.469727>) requested data for lock!
[17:05:47] Player (^DBD^ Maxo, 76561198148661627)(<1181.235474, 344.556030, 9979.996094>) requested data for lock!
[17:05:52] Player (^DBD^ Maxo, 76561198148661627)(<1181.235474, 344.556030, 9979.996094>) requested data for lock!
[17:06:33] Player (^DBD^ Maxo, 76561198148661627)(<1179.052612, 344.556030, 9989.350586>) requested data for lock!
[17:09:01] Player (^DBD^ Maxo, 76561198148661627)(<1179.052612, 344.556030, 9989.350586>) requested data for lock!
[17:12:13] Player (^DBD^ Maxo, 76561198148661627)(<1179.052612, 344.556030, 9989.350586>) requested data for lock!
[17:12:43] Player (^DBD^ Maxo, 76561198148661627)(<1189.157593, 344.580933, 9985.374023>) requested data for lock!
[17:13:00] Player (^DBD^ Maxo, 76561198148661627)(<1189.157593, 344.580933, 9985.374023>) requested data for lock!
[17:14:58] Player (^DBD^ Maxo, 76561198148661627)(<1187.540894, 344.556030, 9991.790039>) requested data for lock!
[17:15:17] Player (^DBD^ Maxo, 76561198148661627)(<1189.157593, 344.580933, 9985.374023>) requested data for lock!
[17:15:22] Player (^DBD^ Maxo, 76561198148661627)(<1189.157593, 344.580933, 9985.374023>) requested data for lock!
[17:17:14] Player (^DBD^ Maxo, 76561198148661627)(<1188.573730, 345.459076, 9981.229492>) requested data for lock!
[17:17:26] Player (^DBD^ Maxo, 76561198148661627)(<1188.573730, 345.459076, 9981.229492>) requested data for lock!
[17:17:31] Player (^DBD^ Maxo, 76561198148661627)(<1188.573730, 345.459076, 9981.229492>) requested data for lock!
[17:17:36] Player (^DBD^ Maxo, 76561198148661627)(<1188.573730, 345.459076, 9981.229492>) requested data for lock!
[17:18:43] Player (^DBD^ Maxo, 76561198148661627)(<1189.157593, 344.580933, 9985.374023>) requested data for lock!
[17:18:52] Player (^DBD^ Maxo, 76561198148661627)(<1186.750732, 344.556030, 9985.829102>) requested data for lock!
[17:18:57] Player (^DBD^ Maxo, 76561198148661627)(<1180.172852, 344.556030, 9987.970703>) requested data for lock!
[17:19:05] Player (^DBD^ Maxo, 76561198148661627)(<1179.052612, 344.556030, 9989.350586>) requested data for lock!
[17:19:26] Player (NOTxYAMAS, 76561199053059208)(<3285.387451, 237.664749, 4937.027344>) requested data for lock!
[17:19:37] Player (^DBD^ Maxo, 76561198148661627)(<1125.932373, 344.339203, 9971.625000>) requested data for lock!
[17:19:42] Player (^DBD^ Maxo, 76561198148661627)(<1125.932373, 344.339203, 9971.625000>) requested data for lock!
[17:21:03] Player (NOTxYAMAS, 76561199053059208)(<3283.597900, 236.520721, 4945.716797>) requested data for lock!
[17:21:21] Player (NOTxYAMAS, 76561199053059208)(<3285.387451, 237.664749, 4937.027344>) requested data for lock!
[17:27:46] Player (NOTxYAMAS, 76561199053059208)(<3283.597900, 236.520721, 4945.716797>) requested data for lock!
[17:30:31] Player (^DBD^ Maxo, 76561198148661627)(<1179.052612, 344.556030, 9989.350586>) requested data for lock!
[17:30:37] Player (^DBD^ Maxo, 76561198148661627)(<1180.172852, 344.556030, 9987.970703>) requested data for lock!
[17:30:43] Player (^DBD^ Maxo, 76561198148661627)(<1184.278076, 344.556030, 9987.071289>) requested data for lock!
[17:31:40] Player (NOTxYAMAS, 76561199053059208)(<3285.387451, 237.664749, 4937.027344>) requested data for lock!
[17:31:51] Player (NOTxYAMAS, 76561199053059208)(<3285.387451, 237.664749, 4937.027344>) requested data for lock!
[09-02-2021][19.44.41] Log file reloaded ( Server Restart )
[21:18:48] Player (Sauce, 76561199194857204)(<7801.914551, 315.043640, 6893.657715>) requested data for lock!
[21:18:53] Player (Sauce, 76561199194857204)(<7801.914551, 315.043640, 6893.657715>) requested data for lock!
[21:21:31] Player (Sauce, 76561199194857204)(<7802.306641, 314.866455, 6893.690918>) requested data for lock!
[21:21:38] Player (Sauce, 76561199194857204)(<7801.914551, 315.043640, 6893.657715>) requested data for lock!
[21:21:43] Player (Sauce, 76561199194857204)(<7801.914551, 315.043640, 6893.657715>) requested data for lock!
[21:21:52] Player (Sauce, 76561199194857204)(<7801.914551, 315.043640, 6893.657715>) requested data for lock!
[21:22:42] Player (Sauce, 76561199194857204)(<7802.306641, 314.866455, 6893.690918>) requested data for lock!
[21:23:00] Player (Sauce, 76561199194857204)(<7802.306641, 314.866455, 6893.690918>) requested data for lock!
[21:24:16] Player (Sauce, 76561199194857204)(<7801.914551, 315.043640, 6893.657715>) requested data for lock!
[21:24:21] Player (Sauce, 76561199194857204)(<7792.361328, 313.654327, 6894.910645>) requested data for lock!
[21:58:25] Player (Aaron, 76561199083883076)(<1136.275024, 344.882324, 9965.555664>) requested data for lock!
[21:58:47] Player (Aaron, 76561199083883076)(<1136.275024, 344.882324, 9965.555664>) requested data for lock!
[22:00:21] Player (Aaron, 76561199083883076)(<1133.712769, 344.882324, 9966.475586>) requested data for lock!
[22:00:26] Player (Aaron, 76561199083883076)(<1136.275024, 344.882324, 9965.555664>) requested data for lock!
[22:00:31] Player (Aaron, 76561199083883076)(<1136.275024, 344.882324, 9965.555664>) requested data for lock!
[22:00:36] Player (Aaron, 76561199083883076)(<1136.275024, 344.882324, 9965.555664>) requested data for lock!
[22:00:41] Player (Aaron, 76561199083883076)(<1136.275024, 344.882324, 9965.555664>) requested data for lock!
[22:01:37] Player (Aaron, 76561199083883076)(<1136.275024, 344.882324, 9965.555664>) requested data for lock!
[22:02:12] Player (Aaron, 76561199083883076)(<1133.712769, 344.882324, 9966.475586>) requested data for lock!
[22:02:25] Player (Aaron, 76561199083883076)(<1132.735107, 344.874054, 9969.252930>) requested data for lock!
[22:07:17] Player (Aaron, 76561199083883076)(<1166.893311, 345.748413, 9984.816406>) requested data for lock!
[22:07:35] Player (Aaron, 76561199083883076)(<1188.573730, 345.459076, 9981.229492>) requested data for lock!
[22:07:40] Player (Aaron, 76561199083883076)(<1188.573730, 345.459076, 9981.229492>) requested data for lock!
[22:07:52] Player (Aaron, 76561199083883076)(<1189.157593, 344.580933, 9985.374023>) requested data for lock!
[22:07:57] Player (Aaron, 76561199083883076)(<1189.157593, 344.580933, 9985.374023>) requested data for lock!
[22:08:02] Player (Aaron, 76561199083883076)(<1186.750732, 344.556030, 9985.829102>) requested data for lock!
[22:08:25] Player (Aaron, 76561199083883076)(<1187.540894, 344.556030, 9991.790039>) requested data for lock!
[22:08:30] Player (Aaron, 76561199083883076)(<1187.540894, 344.556030, 9991.790039>) requested data for lock!
[22:08:36] Player (Aaron, 76561199083883076)(<1187.540894, 344.556030, 9991.790039>) requested data for lock!
[22:08:41] Player (Aaron, 76561199083883076)(<1187.540894, 344.556030, 9991.790039>) requested data for lock!
[22:09:32] Player (Aaron, 76561199083883076)(<1189.157593, 344.580933, 9985.374023>) requested data for lock!
[22:10:59] Player (Aaron, 76561199083883076)(<1136.275024, 344.882324, 9965.555664>) requested data for lock!
[22:11:04] Player (Aaron, 76561199083883076)(<1136.275024, 344.882324, 9965.555664>) requested data for lock!
[22:11:09] Player (Aaron, 76561199083883076)(<1141.110718, 344.882324, 9964.958984>) requested data for lock!
[22:11:31] Player (^DBD^ Maxo, 76561198148661627)(<1184.751831, 344.556030, 9983.866211>) requested data for lock!
[22:11:54] Player (^DBD^ Maxo, 76561198148661627)(<1180.172852, 344.556030, 9987.970703>) requested data for lock!
[22:11:59] Player (^DBD^ Maxo, 76561198148661627)(<1186.750732, 344.556030, 9985.829102>) requested data for lock!
[22:12:04] Player (^DBD^ Maxo, 76561198148661627)(<1189.157593, 344.580933, 9985.374023>) requested data for lock!
[22:12:09] Player (^DBD^ Maxo, 76561198148661627)(<1188.573730, 345.459076, 9981.229492>) requested data for lock!
[22:12:59] Player (Aaron, 76561199083883076)(<1136.275024, 344.882324, 9965.555664>) requested data for lock!
[22:13:21] Player (Aaron, 76561199083883076)(<1136.275024, 344.882324, 9965.555664>) requested data for lock!
[22:13:40] Player (Aaron, 76561199083883076)(<1136.275024, 344.882324, 9965.555664>) requested data for lock!
[22:13:45] Player (Aaron, 76561199083883076)(<1136.275024, 344.882324, 9965.555664>) requested data for lock!
[22:14:10] Player (^DBD^ Maxo, 76561198148661627)(<1136.275024, 344.882324, 9965.555664>) requested data for lock!
[22:14:19] Player (^DBD^ Maxo, 76561198148661627)(<1136.275024, 344.882324, 9965.555664>) requested data for lock!
[22:15:01] Player (Aaron, 76561199083883076)(<1136.275024, 344.882324, 9965.555664>) requested data for lock!
[22:16:50] Player (Aaron, 76561199083883076)(<1136.275024, 344.882324, 9965.555664>) requested data for lock!
[22:17:30] Player (Aaron, 76561199083883076)(<1136.275024, 344.882324, 9965.555664>) requested data for lock!
[22:18:20] Player (Aaron, 76561199083883076)(<1136.275024, 344.882324, 9965.555664>) requested data for lock!
[22:19:22] Player (Aaron, 76561199083883076)(<1136.275024, 344.882324, 9965.555664>) requested data for lock!
[22:19:40] Player (Aaron, 76561199083883076)(<1135.836792, 346.094452, 9966.250000>) requested data for lock!
[22:19:45] Player (Aaron, 76561199083883076)(<1135.836792, 346.094452, 9966.250000>) requested data for lock!
[22:19:50] Player (Aaron, 76561199083883076)(<1135.836792, 346.094452, 9966.250000>) requested data for lock!
[22:20:23] Player (Aaron, 76561199083883076)(<1135.836792, 346.094452, 9966.250000>) requested data for lock!
[22:20:36] Player (Aaron, 76561199083883076)(<1135.836792, 346.094452, 9966.250000>) requested data for lock!
[22:20:37] Player (^DBD^ Maxo, 76561198148661627)(<1184.751831, 344.556030, 9983.866211>) requested data for lock!
[22:20:43] Player (Aaron, 76561199083883076)(<1135.836792, 346.094452, 9966.250000>) requested data for lock!
[22:20:45] Player (^DBD^ Maxo, 76561198148661627)(<1185.200195, 344.556030, 9979.226563>) requested data for lock!
[22:20:50] Player (Aaron, 76561199083883076)(<1125.932373, 344.339203, 9971.625000>) requested data for lock!
[22:20:55] Player (Aaron, 76561199083883076)(<1135.836792, 346.094452, 9966.250000>) requested data for lock!
[22:21:01] Player (^DBD^ Maxo, 76561198148661627)(<1187.540894, 344.556030, 9991.790039>) requested data for lock!
[22:21:10] Player (Aaron, 76561199083883076)(<1135.836792, 346.094452, 9966.250000>) requested data for lock!
[22:21:16] Player (Aaron, 76561199083883076)(<1135.836792, 346.094452, 9966.250000>) requested data for lock!
[22:21:26] Player (Aaron, 76561199083883076)(<1135.836792, 346.094452, 9966.250000>) requested data for lock!
[22:21:27] Player (^DBD^ Maxo, 76561198148661627)(<1135.836792, 346.094452, 9966.250000>) requested data for lock!
[22:21:41] Player (Aaron, 76561199083883076)(<1135.836792, 346.094452, 9966.250000>) requested data for lock!
[22:22:21] Player (Aaron, 76561199083883076)(<1133.712769, 344.882324, 9966.475586>) requested data for lock!
[22:22:23] Player (^DBD^ Maxo, 76561198148661627)(<1133.712769, 344.882324, 9966.475586>) requested data for lock!
[22:22:28] Player (^DBD^ Maxo, 76561198148661627)(<1133.712769, 344.882324, 9966.475586>) requested data for lock!
[22:22:29] Player (Aaron, 76561199083883076)(<1133.712769, 344.882324, 9966.475586>) requested data for lock!
[22:22:35] Player (Aaron, 76561199083883076)(<1135.836792, 346.094452, 9966.250000>) requested data for lock!
[22:22:36] Player (^DBD^ Maxo, 76561198148661627)(<1135.836792, 346.094452, 9966.250000>) requested data for lock!
[22:22:41] Player (^DBD^ Maxo, 76561198148661627)(<1136.275024, 344.882324, 9965.555664>) requested data for lock!
[22:22:41] Player (Aaron, 76561199083883076)(<1136.275024, 344.882324, 9965.555664>) requested data for lock!
[22:27:16] Player (Sauce, 76561199194857204)(<7801.914551, 315.043640, 6893.657715>) requested data for lock!
[22:29:53] Player (^DBD^ Maxo, 76561198148661627)(<1185.200195, 344.556030, 9979.226563>) requested data for lock!
[22:29:57] Player (Sauce, 76561199194857204)(<7801.914551, 315.043640, 6893.657715>) requested data for lock!
[22:30:50] Player (^DBD^ Maxo, 76561198148661627)(<1182.824463, 344.556030, 9978.469727>) requested data for lock!
[22:30:56] Player (^DBD^ Maxo, 76561198148661627)(<1185.200195, 344.556030, 9979.226563>) requested data for lock!
[22:31:13] Player (^DBD^ Maxo, 76561198148661627)(<1187.540894, 344.556030, 9991.790039>) requested data for lock!
[22:31:15] Player (Sauce, 76561199194857204)(<7792.361328, 313.654327, 6894.910645>) requested data for lock!
[22:31:25] Player (^DBD^ Maxo, 76561198148661627)(<1186.750732, 344.556030, 9985.829102>) requested data for lock!
[22:33:52] Player (Aaron, 76561199083883076)(<1133.712769, 344.882324, 9966.475586>) requested data for lock!
[22:34:04] Player (Aaron, 76561199083883076)(<1136.275024, 344.882324, 9965.555664>) requested data for lock!
[22:34:12] Player (^DBD^ Maxo, 76561198148661627)(<1179.052612, 344.556030, 9989.350586>) requested data for lock!
[22:34:18] Player (^DBD^ Maxo, 76561198148661627)(<1185.200195, 344.556030, 9979.226563>) requested data for lock!
[22:34:19] Player (Aaron, 76561199083883076)(<1133.712769, 344.882324, 9966.475586>) requested data for lock!
[22:34:27] Player (^DBD^ Maxo, 76561198148661627)(<1182.824463, 344.556030, 9978.469727>) requested data for lock!
[22:34:27] Player (Aaron, 76561199083883076)(<1132.735107, 344.874054, 9969.252930>) requested data for lock!
[22:34:34] Player (^DBD^ Maxo, 76561198148661627)(<1185.200195, 344.556030, 9979.226563>) requested data for lock!
[22:34:39] Player (^DBD^ Maxo, 76561198148661627)(<1184.278076, 344.556030, 9987.071289>) requested data for lock!
[22:35:31] Player (Sauce, 76561199194857204)(<7792.361328, 313.654327, 6894.910645>) requested data for lock!
[22:35:55] Player (Sauce, 76561199194857204)(<7802.306641, 314.866455, 6893.690918>) requested data for lock!
[22:36:54] Player (Sauce, 76561199194857204)(<7802.306641, 314.866455, 6893.690918>) requested data for lock!
[22:37:27] Player (Sauce, 76561199194857204)(<7802.306641, 314.866455, 6893.690918>) requested data for lock!
[23:07:53] Player (^DBD^ Maxo, 76561198148661627)(<1188.573730, 345.459076, 9981.229492>) requested data for lock!
[23:08:13] Player (Aaron, 76561199083883076)(<1188.573730, 345.459076, 9981.229492>) requested data for lock!
[23:08:18] Player (Aaron, 76561199083883076)(<1189.157593, 344.580933, 9985.374023>) requested data for lock!
[23:08:26] Player (Aaron, 76561199083883076)(<1187.540894, 344.556030, 9991.790039>) requested data for lock!
[23:08:44] Player (^DBD^ Maxo, 76561198148661627)(<1187.540894, 344.556030, 9991.790039>) requested data for lock!
[23:08:49] Player (^DBD^ Maxo, 76561198148661627)(<1186.750732, 344.556030, 9985.829102>) requested data for lock!
[23:08:54] Player (^DBD^ Maxo, 76561198148661627)(<1184.278076, 344.556030, 9987.071289>) requested data for lock!
[23:08:59] Player (^DBD^ Maxo, 76561198148661627)(<1184.278076, 344.556030, 9987.071289>) requested data for lock!
[23:09:03] Player (Aaron, 76561199083883076)(<1180.172852, 344.556030, 9987.970703>) requested data for lock!
[23:09:04] Player (^DBD^ Maxo, 76561198148661627)(<1184.278076, 344.556030, 9987.071289>) requested data for lock!
[23:09:09] Player (^DBD^ Maxo, 76561198148661627)(<1184.278076, 344.556030, 9987.071289>) requested data for lock!
[23:09:11] Player (Aaron, 76561199083883076)(<1180.172852, 344.556030, 9987.970703>) requested data for lock!
[23:09:14] Player (^DBD^ Maxo, 76561198148661627)(<1184.278076, 344.556030, 9987.071289>) requested data for lock!
[23:09:20] Player (^DBD^ Maxo, 76561198148661627)(<1184.751831, 344.556030, 9983.866211>) requested data for lock!
[23:09:28] Player (Aaron, 76561199083883076)(<1180.172852, 344.556030, 9987.970703>) requested data for lock!
[23:09:30] Player (^DBD^ Maxo, 76561198148661627)(<1180.172852, 344.556030, 9987.970703>) requested data for lock!
[23:09:48] Player (Aaron, 76561199083883076)(<1181.235474, 344.556030, 9979.996094>) requested data for lock!
[23:10:06] Player (^DBD^ Maxo, 76561198148661627)(<1184.751831, 344.556030, 9983.866211>) requested data for lock!
[23:10:11] Player (Aaron, 76561199083883076)(<1132.735107, 344.874054, 9969.252930>) requested data for lock!
[23:10:16] Player (Aaron, 76561199083883076)(<1133.712769, 344.882324, 9966.475586>) requested data for lock!
[23:10:20] Player (^DBD^ Maxo, 76561198148661627)(<1189.157593, 344.580933, 9985.374023>) requested data for lock!
[23:10:21] Player (Aaron, 76561199083883076)(<1135.836792, 346.094452, 9966.250000>) requested data for lock!
[23:10:26] Player (Aaron, 76561199083883076)(<1136.275024, 344.882324, 9965.555664>) requested data for lock!
[23:11:10] Player (^DBD^ Maxo, 76561198148661627)(<1179.052612, 344.556030, 9989.350586>) requested data for lock!
[23:11:15] Player (^DBD^ Maxo, 76561198148661627)(<1180.172852, 344.556030, 9987.970703>) requested data for lock!
[23:11:22] Player (^DBD^ Maxo, 76561198148661627)(<1184.751831, 344.556030, 9983.866211>) requested data for lock!
[23:11:22] Player (Aaron, 76561199083883076)(<1136.275024, 344.882324, 9965.555664>) requested data for lock!
[23:11:27] Player (^DBD^ Maxo, 76561198148661627)(<1186.750732, 344.556030, 9985.829102>) requested data for lock!
[23:11:45] Player (^DBD^ Maxo, 76561198148661627)(<1189.157593, 344.580933, 9985.374023>) requested data for lock!
[23:12:09] Player (Aaron, 76561199083883076)(<1125.932373, 344.339203, 9971.625000>) requested data for lock!
[23:12:31] Player (Aaron, 76561199083883076)(<1136.275024, 344.882324, 9965.555664>) requested data for lock!
[23:21:45] Player (^DBD^ Maxo, 76561198148661627)(<1188.573730, 345.459076, 9981.229492>) requested data for lock!
[23:22:33] Player (^DBD^ Maxo, 76561198148661627)(<1184.751831, 344.556030, 9983.866211>) requested data for lock!
[23:22:45] Player (^DBD^ Maxo, 76561198148661627)(<1185.200195, 344.556030, 9979.226563>) requested data for lock!
[23:22:51] Player (^DBD^ Maxo, 76561198148661627)(<1181.235474, 344.556030, 9979.996094>) requested data for lock!
[23:23:13] Player (^DBD^ Maxo, 76561198148661627)(<1182.824463, 344.556030, 9978.469727>) requested data for lock!
[23:23:39] Player (^DBD^ Maxo, 76561198148661627)(<1182.824463, 344.556030, 9978.469727>) requested data for lock!
[23:26:26] Player (Aaron, 76561199083883076)(<1141.110718, 344.882324, 9964.958984>) requested data for lock!
[23:29:57] Player (^DBD^ Maxo, 76561198148661627)(<1186.750732, 344.556030, 9985.829102>) requested data for lock!
[23:32:03] Player (Aaron, 76561199083883076)(<1135.836792, 346.094452, 9966.250000>) requested data for lock!
[23:33:50] Player (Aaron, 76561199083883076)(<1125.932373, 344.339203, 9971.625000>) requested data for lock!
[23:34:35] Player (Aaron, 76561199083883076)(<1125.932373, 344.339203, 9971.625000>) requested data for lock!
[23:34:41] Player (Aaron, 76561199083883076)(<1125.932373, 344.339203, 9971.625000>) requested data for lock!
[23:35:03] Player (Aaron, 76561199083883076)(<1125.932373, 344.339203, 9971.625000>) requested data for lock!
[23:35:10] Player (Aaron, 76561199083883076)(<1125.932373, 344.339203, 9971.625000>) requested data for lock!
[23:35:17] Player (Aaron, 76561199083883076)(<1125.932373, 344.339203, 9971.625000>) requested data for lock!
[23:35:25] Player (Aaron, 76561199083883076)(<1125.932373, 344.339203, 9971.625000>) requested data for lock!
[23:35:30] Player (Aaron, 76561199083883076)(<1125.932373, 344.339203, 9971.625000>) requested data for lock!
[23:35:35] Player (Aaron, 76561199083883076)(<1125.932373, 344.339203, 9971.625000>) requested data for lock!
[23:35:42] Player (Aaron, 76561199083883076)(<1125.932373, 344.339203, 9971.625000>) requested data for lock!
[23:36:30] Player (Aaron, 76561199083883076)(<1125.932373, 344.339203, 9971.625000>) requested data for lock!
[23:37:26] Player (Aaron, 76561199083883076)(<1136.275024, 344.882324, 9965.555664>) requested data for lock!
[23:38:18] Player (Aaron, 76561199083883076)(<1141.110718, 344.882324, 9964.958984>) requested data for lock!
[23:39:10] Player (Aaron, 76561199083883076)(<1125.932373, 344.339203, 9971.625000>) requested data for lock!
[23:39:21] Player (Aaron, 76561199083883076)(<1135.836792, 346.094452, 9966.250000>) requested data for lock!
[23:39:42] Player (Aaron, 76561199083883076)(<1135.836792, 346.094452, 9966.250000>) requested data for lock!
[23:40:06] Player (Aaron, 76561199083883076)(<1133.712769, 344.882324, 9966.475586>) requested data for lock!
[23:40:12] Player (Aaron, 76561199083883076)(<1136.275024, 344.882324, 9965.555664>) requested data for lock!
[23:40:25] Player (Aaron, 76561199083883076)(<1141.110718, 344.882324, 9964.958984>) requested data for lock!
[23:40:41] Player (Aaron, 76561199083883076)(<1136.275024, 344.882324, 9965.555664>) requested data for lock!
[23:40:48] Player (Aaron, 76561199083883076)(<1135.836792, 346.094452, 9966.250000>) requested data for lock!
[23:40:55] Player (Aaron, 76561199083883076)(<1135.836792, 346.094452, 9966.250000>) requested data for lock!
[23:41:14] Player (Aaron, 76561199083883076)(<1143.002197, 344.374542, 9969.393555>) requested data for lock!
[23:41:29] Player (Aaron, 76561199083883076)(<1143.002197, 344.374542, 9969.393555>) requested data for lock!
[23:41:34] Player (Aaron, 76561199083883076)(<1143.002197, 344.374542, 9969.393555>) requested data for lock!
[23:41:41] Player (Aaron, 76561199083883076)(<1143.002197, 344.374542, 9969.393555>) requested data for lock!
[23:41:46] Player (Aaron, 76561199083883076)(<1143.002197, 344.374542, 9969.393555>) requested data for lock!
[23:41:51] Player (Aaron, 76561199083883076)(<1143.002197, 344.374542, 9969.393555>) requested data for lock!
[23:41:56] Player (Aaron, 76561199083883076)(<1143.002197, 344.374542, 9969.393555>) requested data for lock!
[23:42:01] Player (Aaron, 76561199083883076)(<1143.002197, 344.374542, 9969.393555>) requested data for lock!
[23:42:06] Player (Aaron, 76561199083883076)(<1143.002197, 344.374542, 9969.393555>) requested data for lock!
[23:42:11] Player (Aaron, 76561199083883076)(<1143.002197, 344.374542, 9969.393555>) requested data for lock!
[23:42:16] Player (Aaron, 76561199083883076)(<1143.002197, 344.374542, 9969.393555>) requested data for lock!
[23:42:21] Player (Aaron, 76561199083883076)(<1143.002197, 344.374542, 9969.393555>) requested data for lock!
[23:42:26] Player (Aaron, 76561199083883076)(<1143.002197, 344.374542, 9969.393555>) requested data for lock!
[23:42:31] Player (Aaron, 76561199083883076)(<1143.002197, 344.374542, 9969.393555>) requested data for lock!
[23:42:36] Player (Aaron, 76561199083883076)(<1143.002197, 344.374542, 9969.393555>) requested data for lock!
[23:42:41] Player (Aaron, 76561199083883076)(<1143.002197, 344.374542, 9969.393555>) requested data for lock!
[23:42:46] Player (Aaron, 76561199083883076)(<1143.002197, 344.374542, 9969.393555>) requested data for lock!
[23:42:55] Player (Aaron, 76561199083883076)(<1143.002197, 344.374542, 9969.393555>) requested data for lock!
[23:43:00] Player (Aaron, 76561199083883076)(<1125.932373, 344.339203, 9971.625000>) requested data for lock!
[23:43:05] Player (Aaron, 76561199083883076)(<1132.735107, 344.874054, 9969.252930>) requested data for lock!
[23:43:12] Player (Aaron, 76561199083883076)(<1132.735107, 344.874054, 9969.252930>) requested data for lock!
[23:44:44] Player (Aaron, 76561199083883076)(<1132.735107, 344.874054, 9969.252930>) requested data for lock!
[09-02-2021][23.46.26] Log file reloaded ( Server Restart )
[23:51:55] Player (^DBD^ Maxo, 76561198148661627)(<1188.573730, 345.459076, 9981.229492>) requested data for lock!
[23:52:00] Player (^DBD^ Maxo, 76561198148661627)(<1189.157593, 344.580933, 9985.374023>) requested data for lock!
[23:52:29] Player (^DBD^ Maxo, 76561198148661627)(<1166.893311, 345.748413, 9984.816406>) requested data for lock!
[23:52:46] Player (Aaron, 76561199083883076)(<1125.932373, 344.339203, 9971.625000>) requested data for lock!
[23:53:43] Player (Aaron, 76561199083883076)(<1125.932373, 344.339203, 9971.625000>) requested data for lock!
[23:53:51] Player (^DBD^ Maxo, 76561198148661627)(<1188.573730, 345.459076, 9981.229492>) requested data for lock!
[23:54:08] Player (Aaron, 76561199083883076)(<1125.932373, 344.339203, 9971.625000>) requested data for lock!
[23:55:12] Player (Aaron, 76561199083883076)(<1132.735107, 344.874054, 9969.252930>) requested data for lock!
[23:55:17] Player (Aaron, 76561199083883076)(<1133.712769, 344.882324, 9966.475586>) requested data for lock!
[23:55:22] Player (Aaron, 76561199083883076)(<1136.275024, 344.882324, 9965.555664>) requested data for lock!
[23:55:27] Player (Aaron, 76561199083883076)(<1135.836792, 346.094452, 9966.250000>) requested data for lock!
[23:56:08] Player (Aaron, 76561199083883076)(<1125.932373, 344.339203, 9971.625000>) requested data for lock!
[23:57:02] Player (^DBD^ Maxo, 76561198148661627)(<1188.573730, 345.459076, 9981.229492>) requested data for lock!
[23:57:08] Player (^DBD^ Maxo, 76561198148661627)(<1186.750732, 344.556030, 9985.829102>) requested data for lock!
[23:57:13] Player (^DBD^ Maxo, 76561198148661627)(<1184.751831, 344.556030, 9983.866211>) requested data for lock!
[23:57:29] Player (^DBD^ Maxo, 76561198148661627)(<1186.966064, 344.556030, 9980.056641>) requested data for lock!
[23:57:34] Player (^DBD^ Maxo, 76561198148661627)(<1186.966064, 344.556030, 9980.056641>) requested data for lock!
[23:57:39] Player (^DBD^ Maxo, 76561198148661627)(<1186.966064, 344.556030, 9980.056641>) requested data for lock!
[23:57:44] Player (^DBD^ Maxo, 76561198148661627)(<1181.235474, 344.556030, 9979.996094>) requested data for lock!
[23:58:04] Player (^DBD^ Maxo, 76561198148661627)(<1181.235474, 344.556030, 9979.996094>) requested data for lock!
[23:58:09] Player (^DBD^ Maxo, 76561198148661627)(<1186.966064, 344.556030, 9980.056641>) requested data for lock!
[23:58:30] Player (^DBD^ Maxo, 76561198148661627)(<1188.573730, 345.459076, 9981.229492>) requested data for lock!
[23:58:35] Player (^DBD^ Maxo, 76561198148661627)(<1188.573730, 345.459076, 9981.229492>) requested data for lock!
[23:59:40] Player (Aaron, 76561199083883076)(<1125.932373, 344.339203, 9971.625000>) requested data for lock!
[23:59:45] Player (Aaron, 76561199083883076)(<1125.932373, 344.339203, 9971.625000>) requested data for lock!
[23:59:50] Player (Aaron, 76561199083883076)(<1125.932373, 344.339203, 9971.625000>) requested data for lock!
[23:59:55] Player (Aaron, 76561199083883076)(<1125.932373, 344.339203, 9971.625000>) requested data for lock!
[00:00:35] Player (Aaron, 76561199083883076)(<1125.932373, 344.339203, 9971.625000>) requested data for lock!
[00:00:40] Player (Aaron, 76561199083883076)(<1125.932373, 344.339203, 9971.625000>) requested data for lock!
[00:00:59] Player (Aaron, 76561199083883076)(<1132.763794, 345.573212, 9973.032227>) requested data for lock!
[00:01:04] Player (Aaron, 76561199083883076)(<1132.763794, 345.573212, 9973.032227>) requested data for lock!
[00:01:24] Player (Aaron, 76561199083883076)(<1132.763794, 345.573212, 9973.032227>) requested data for lock!
[00:01:50] Player (Aaron, 76561199083883076)(<1132.763794, 345.573212, 9973.032227>) requested data for lock!
[00:02:40] Player (Aaron, 76561199083883076)(<1141.110718, 344.882324, 9964.958984>) requested data for lock!
[00:02:54] Player (Aaron, 76561199083883076)(<1143.002197, 344.374542, 9969.393555>) requested data for lock!
[00:03:09] Player (Aaron, 76561199083883076)(<1143.002197, 344.374542, 9969.393555>) requested data for lock!
[00:03:18] Player (Aaron, 76561199083883076)(<1143.002197, 344.374542, 9969.393555>) requested data for lock!
[00:03:23] Player (^DBD^ Maxo, 76561198148661627)(<1143.002197, 344.374542, 9969.393555>) requested data for lock!
[00:03:26] Player (Aaron, 76561199083883076)(<1143.002197, 344.374542, 9969.393555>) requested data for lock!
[00:03:36] Player (Aaron, 76561199083883076)(<1132.763794, 345.573212, 9973.032227>) requested data for lock!
[00:03:50] Player (Aaron, 76561199083883076)(<1132.763794, 345.573212, 9973.032227>) requested data for lock!
[00:04:03] Player (Aaron, 76561199083883076)(<1132.763794, 345.573212, 9973.032227>) requested data for lock!
[00:05:20] Player (Aaron, 76561199083883076)(<1141.110718, 344.882324, 9964.958984>) requested data for lock!
[00:05:26] Player (Aaron, 76561199083883076)(<1141.110718, 344.882324, 9964.958984>) requested data for lock!
[00:05:26] Player (^DBD^ Maxo, 76561198148661627)(<1188.573730, 345.459076, 9981.229492>) requested data for lock!
[00:05:31] Player (^DBD^ Maxo, 76561198148661627)(<1186.750732, 344.556030, 9985.829102>) requested data for lock!
[00:05:43] Player (^DBD^ Maxo, 76561198148661627)(<1186.750732, 344.556030, 9985.829102>) requested data for lock!
[00:11:09] Player (^DBD^ Maxo, 76561198148661627)(<1179.052612, 344.556030, 9989.350586>) requested data for lock!
[00:11:58] Player (Aaron, 76561199083883076)(<1135.836792, 346.094452, 9966.250000>) requested data for lock!
[00:12:13] Player (Aaron, 76561199083883076)(<1132.763794, 345.573212, 9973.032227>) requested data for lock!
[00:12:21] Player (Aaron, 76561199083883076)(<1132.735107, 344.874054, 9969.252930>) requested data for lock!
[00:12:26] Player (Aaron, 76561199083883076)(<1132.763794, 345.573212, 9973.032227>) requested data for lock!
