[08-22-2021][02.57.51] New Access Log File Created!
[03:32:04] Player (^DBD^ Maxo, 76561198148661627)(<314.991302, 287.500458, 8557.575195>) quick accessed a lock!
[03:34:04] Player (^DBD^ Maxo, 76561198148661627)(<314.991302, 287.500458, 8557.575195>) quick accessed a lock!
[03:35:19] Player (^DBD^ Maxo, 76561198148661627)(<314.991302, 287.500458, 8557.575195>) quick accessed a lock!
[03:36:22] Player (^DBD^ Maxo, 76561198148661627)(<314.991302, 287.500458, 8557.575195>) quick accessed a lock!
[03:38:04] Player (^DBD^ Maxo, 76561198148661627)(<314.991302, 287.500458, 8557.575195>) quick accessed a lock!
[08-22-2021][05.59.18] Log file reloaded ( Server Restart )
[08-22-2021][09.00.37] Log file reloaded ( Server Restart )
[10:59:27] Player (Dr. Mauler, 76561198022416611)(<12888.545898, 64.531334, 15107.648438>) quick accessed a lock!
[08-22-2021][12.01.59] Log file reloaded ( Server Restart )
[12:16:50] Player (Dr. Mauler, 76561198022416611)(<12888.545898, 64.531334, 15107.648438>) quick accessed a lock!
[12:22:02] Player (Dr. Mauler, 76561198022416611)(<12888.545898, 64.531334, 15107.648438>) quick accessed a lock!
[12:23:54] Player (Dr. Mauler, 76561198022416611)(<12888.545898, 64.531334, 15107.648438>) quick accessed a lock!
[12:35:07] Player (PussinaBush, 76561198086263481)(<13299.072266, 69.803490, 12099.144531>) quick accessed a lock!
[12:35:12] Player (PussinaBush, 76561198086263481)(<13298.168945, 69.805489, 12103.271484>) quick accessed a lock!
[12:38:11] Player (PussinaBush, 76561198086263481)(<13298.168945, 69.805489, 12103.271484>) quick accessed a lock!
[12:38:12] Player (PussinaBush, 76561198086263481)(<13299.072266, 69.803490, 12099.144531>) quick accessed a lock!
[12:38:31] Player (PussinaBush, 76561198086263481)(<13299.072266, 69.803490, 12099.144531>) quick accessed a lock!
[12:38:41] Player (PussinaBush, 76561198086263481)(<13299.072266, 69.803490, 12099.144531>) quick accessed a lock!
[12:38:43] Player (PussinaBush, 76561198086263481)(<13298.168945, 69.805489, 12103.271484>) quick accessed a lock!
[12:40:10] Player (PussinaBush, 76561198086263481)(<13298.168945, 69.805489, 12103.271484>) quick accessed a lock!
[12:40:13] Player (PussinaBush, 76561198086263481)(<13299.072266, 69.803490, 12099.144531>) quick accessed a lock!
[12:40:14] Player (PussinaBush, 76561198086263481)(<13299.072266, 69.803490, 12099.144531>) quick accessed a lock!
[12:48:47] Player (PussinaBush, 76561198086263481)(<13299.072266, 69.803490, 12099.144531>) quick accessed a lock!
[12:48:51] Player (PussinaBush, 76561198086263481)(<13298.168945, 69.805489, 12103.271484>) quick accessed a lock!
[12:48:54] Player (PussinaBush, 76561198086263481)(<13299.072266, 69.803490, 12099.144531>) quick accessed a lock!
[12:51:10] Player (PussinaBush, 76561198086263481)(<13299.072266, 69.803490, 12099.144531>) quick accessed a lock!
[12:52:36] Player (PussinaBush, 76561198086263481)(<13295.887695, 71.638863, 12122.681641>) quick accessed a lock!
[12:52:38] Player (PussinaBush, 76561198086263481)(<13295.887695, 71.638863, 12122.681641>) quick accessed a lock!
[12:52:42] Player (PussinaBush, 76561198086263481)(<13309.521484, 71.606522, 12124.710938>) quick accessed a lock!
[12:53:44] Player (PussinaBush, 76561198086263481)(<13309.521484, 71.606522, 12124.710938>) quick accessed a lock!
[12:53:47] Player (PussinaBush, 76561198086263481)(<13295.887695, 71.638863, 12122.681641>) quick accessed a lock!
[12:53:55] Player (PussinaBush, 76561198086263481)(<13298.168945, 69.805489, 12103.271484>) quick accessed a lock!
[12:53:57] Player (PussinaBush, 76561198086263481)(<13299.072266, 69.803490, 12099.144531>) quick accessed a lock!
[12:54:24] Player (PussinaBush, 76561198086263481)(<13299.072266, 69.803490, 12099.144531>) quick accessed a lock!
[12:54:25] Player (PussinaBush, 76561198086263481)(<13298.168945, 69.805489, 12103.271484>) quick accessed a lock!
[12:57:09] Player (PussinaBush, 76561198086263481)(<13299.072266, 69.803490, 12099.144531>) quick accessed a lock!
[12:57:14] Player (PussinaBush, 76561198086263481)(<13298.168945, 69.805489, 12103.271484>) quick accessed a lock!
[12:58:06] Player (PussinaBush, 76561198086263481)(<13295.887695, 71.638863, 12122.681641>) quick accessed a lock!
[12:58:09] Player (PussinaBush, 76561198086263481)(<13309.521484, 71.606522, 12124.710938>) quick accessed a lock!
[13:00:43] Player (Dr. Mauler, 76561198022416611)(<12888.545898, 64.531334, 15107.648438>) quick accessed a lock!
[13:02:21] Player (Dr. Mauler, 76561198022416611)(<12888.545898, 64.531334, 15107.648438>) quick accessed a lock!
[13:40:44] Player (Dr. Mauler, 76561198022416611)(<12888.545898, 64.531334, 15107.648438>) quick accessed a lock!
[13:46:57] Player (Dr. Mauler, 76561198022416611)(<12888.545898, 64.531334, 15107.648438>) quick accessed a lock!
[13:47:56] Player (Dr. Mauler, 76561198022416611)(<12888.545898, 64.531334, 15107.648438>) quick accessed a lock!
[14:02:43] Player (^DBD^ Maxo, 76561198148661627)(<314.991302, 287.500458, 8557.575195>) quick accessed a lock!
[14:06:12] Player (Dr. Mauler, 76561198022416611)(<12888.545898, 64.531334, 15107.648438>) quick accessed a lock!
[14:10:06] Player (Dr. Mauler, 76561198022416611)(<12888.545898, 64.531334, 15107.648438>) quick accessed a lock!
[14:16:12] Player (Capt., 76561198069523749)(<13295.887695, 71.638863, 12122.681641>) quick accessed a lock!
[14:16:18] Player (Capt., 76561198069523749)(<13309.521484, 71.606522, 12124.710938>) quick accessed a lock!
[14:18:02] Player (PussinaBush, 76561198086263481)(<13309.521484, 71.606522, 12124.710938>) quick accessed a lock!
[14:18:33] Player (PussinaBush, 76561198086263481)(<13295.887695, 71.638863, 12122.681641>) quick accessed a lock!
[14:18:37] Player (PussinaBush, 76561198086263481)(<13309.521484, 71.606522, 12124.710938>) quick accessed a lock!
[14:18:47] Player (Capt., 76561198069523749)(<13295.887695, 71.638863, 12122.681641>) quick accessed a lock!
[14:18:52] Player (Capt., 76561198069523749)(<13309.521484, 71.606522, 12124.710938>) quick accessed a lock!
[14:31:42] Player (Dr. Mauler, 76561198022416611)(<12888.545898, 64.531334, 15107.648438>) quick accessed a lock!
[14:31:44] Player (Dr. Mauler, 76561198022416611)(<12888.545898, 64.531334, 15107.648438>) quick accessed a lock!
[14:38:13] Player (Capt., 76561198069523749)(<13309.521484, 71.606522, 12124.710938>) quick accessed a lock!
[14:38:16] Player (Capt., 76561198069523749)(<13295.887695, 71.638863, 12122.681641>) quick accessed a lock!
[14:39:55] Player (Capt., 76561198069523749)(<13295.887695, 71.638863, 12122.681641>) quick accessed a lock!
[14:40:09] Player (Capt., 76561198069523749)(<13309.521484, 71.606522, 12124.710938>) quick accessed a lock!
[14:45:33] Player (PussinaBush, 76561198086263481)(<13309.521484, 71.606522, 12124.710938>) quick accessed a lock!
[14:45:36] Player (PussinaBush, 76561198086263481)(<13295.887695, 71.638863, 12122.681641>) quick accessed a lock!
[14:45:49] Player (PussinaBush, 76561198086263481)(<13295.887695, 71.638863, 12122.681641>) quick accessed a lock!
[14:46:21] Player (Capt., 76561198069523749)(<13309.521484, 71.606522, 12124.710938>) quick accessed a lock!
[14:46:24] Player (Capt., 76561198069523749)(<13295.887695, 71.638863, 12122.681641>) quick accessed a lock!
[14:50:25] Player (PussinaBush, 76561198086263481)(<13298.168945, 69.805489, 12103.271484>) quick accessed a lock!
[14:50:30] Player (Capt., 76561198069523749)(<13299.072266, 69.803490, 12099.144531>) quick accessed a lock!
[14:51:28] Player (Capt., 76561198069523749)(<13299.072266, 69.803490, 12099.144531>) quick accessed a lock!
[14:51:30] Player (Capt., 76561198069523749)(<13299.072266, 69.803490, 12099.144531>) quick accessed a lock!
[14:51:34] Player (Capt., 76561198069523749)(<13298.168945, 69.805489, 12103.271484>) quick accessed a lock!
[14:51:45] Player (Capt., 76561198069523749)(<13299.072266, 69.803490, 12099.144531>) quick accessed a lock!
[14:51:47] Player (Capt., 76561198069523749)(<13299.072266, 69.803490, 12099.144531>) quick accessed a lock!
[08-22-2021][15.23.58] Log file reloaded ( Server Restart )
[15:29:46] Player (Dr. Mauler, 76561198022416611)(<12888.545898, 64.531334, 15107.648438>) quick accessed a lock!
[15:53:34] Player (Dr. Mauler, 76561198022416611)(<12888.545898, 64.531334, 15107.648438>) quick accessed a lock!
[16:42:46] Player (Dr. Mauler, 76561198022416611)(<12888.545898, 64.531334, 15107.648438>) quick accessed a lock!
[17:56:59] Player (Dr. Mauler, 76561198022416611)(<12888.545898, 64.531334, 15107.648438>) quick accessed a lock!
[17:58:37] Player (Dr. Mauler, 76561198022416611)(<12888.545898, 64.531334, 15107.648438>) quick accessed a lock!
[18:16:51] Player (Dr. Mauler, 76561198022416611)(<12888.545898, 64.531334, 15107.648438>) quick accessed a lock!
[18:18:28] Player (Dr. Mauler, 76561198022416611)(<12888.545898, 64.531334, 15107.648438>) quick accessed a lock!
[08-22-2021][18.25.28] Log file reloaded ( Server Restart )
[20:45:42] Player (ShortStick, 76561199068832255)(<5767.152832, 320.091370, 8675.375977>) set a new passcode on lock!
[20:45:42] Player (ShortStick, 76561199068832255)(<5767.152832, 320.091370, 8675.375977>) claimed ownership of a lock!
[20:46:03] Player (ShortStick, 76561199068832255)(<5764.383789, 320.090698, 8682.459961>) set a new passcode on lock!
[20:46:03] Player (ShortStick, 76561199068832255)(<5764.383789, 320.090698, 8682.459961>) claimed ownership of a lock!
[20:46:21] Player (ShortStick, 76561199068832255)(<5785.963867, 320.085480, 8702.393555>) set a new passcode on lock!
[20:46:21] Player (ShortStick, 76561199068832255)(<5785.963867, 320.085480, 8702.393555>) claimed ownership of a lock!
[20:46:29] Player (ShortStick, 76561199068832255)(<5783.905762, 320.084412, 8711.741211>) set a new passcode on lock!
[20:46:29] Player (ShortStick, 76561199068832255)(<5783.905762, 320.084412, 8711.741211>) claimed ownership of a lock!
[20:48:14] Player (ShortStick, 76561199068832255)(<5783.905762, 320.084412, 8711.741211>) quick accessed a lock!
[20:48:27] Player (ShortStick, 76561199068832255)(<5783.905762, 320.084412, 8711.741211>) removed a lock!
[20:49:39] Player (ShortStick, 76561199068832255)(<5767.152832, 320.091370, 8675.375977>) quick accessed a lock!
[20:49:44] Player (ShortStick, 76561199068832255)(<5767.152832, 320.091370, 8675.375977>) quick accessed a lock!
[20:50:47] Player (ShortStick, 76561199068832255)(<5785.963867, 320.085480, 8702.393555>) quick accessed a lock!
[20:50:54] Player (ShortStick, 76561199068832255)(<5785.963867, 320.085480, 8702.393555>) quick accessed a lock!
[21:21:39] Player (ShortStick, 76561199068832255)(<5764.383789, 320.090698, 8682.459961>) quick accessed a lock!
[21:22:16] Player (ShortStick, 76561199068832255)(<5764.383789, 320.090698, 8682.459961>) quick accessed a lock!
[21:23:24] Player (ShortStick, 76561199068832255)(<5764.383789, 320.090698, 8682.459961>) quick accessed a lock!
[21:23:31] Player (ShortStick, 76561199068832255)(<5785.963867, 320.085480, 8702.393555>) quick accessed a lock!
[08-22-2021][21.26.52] Log file reloaded ( Server Restart )
[22:19:40] Player (ShortStick, 76561199068832255)(<5764.383789, 320.090698, 8682.459961>) quick accessed a lock!
[22:22:14] Player (ShortStick, 76561199068832255)(<5785.963867, 320.085480, 8702.393555>) quick accessed a lock!
[22:23:13] Player (ShortStick, 76561199068832255)(<5785.963867, 320.085480, 8702.393555>) quick accessed a lock!
[22:31:45] Player (ShortStick, 76561199068832255)(<5764.383789, 320.090698, 8682.459961>) quick accessed a lock!
[22:47:02] Player (ShortStick, 76561199068832255)(<5764.383789, 320.090698, 8682.459961>) quick accessed a lock!
[23:08:41] Player (Aaron, 76561199083883076)(<320.794373, 287.512939, 8568.685547>) set a new passcode on lock!
[23:08:41] Player (Aaron, 76561199083883076)(<320.794373, 287.512939, 8568.685547>) claimed ownership of a lock!
[23:08:44] Player (Aaron, 76561199083883076)(<320.794373, 287.512939, 8568.685547>) quick accessed a lock!
[23:09:18] Player (^DBD^ Maxo, 76561198148661627)(<311.371857, 287.510773, 8561.625977>) set a new passcode on lock!
[23:09:18] Player (^DBD^ Maxo, 76561198148661627)(<311.371857, 287.510773, 8561.625977>) claimed ownership of a lock!
[23:26:30] Player (Aaron, 76561199083883076)(<320.794373, 287.512939, 8568.685547>) quick accessed a lock!
[23:27:40] Player (^DBD^ Maxo, 76561198148661627)(<314.991302, 287.500458, 8557.575195>) quick accessed a lock!
[23:29:57] Player (Aaron, 76561199083883076)(<320.794373, 287.512939, 8568.685547>) quick accessed a lock!
[23:42:28] Player (^DBD^ Maxo, 76561198148661627)(<314.991302, 287.500458, 8557.575195>) quick accessed a lock!
[23:43:01] Player (^DBD^ Maxo, 76561198148661627)(<311.371857, 287.510773, 8561.625977>) quick accessed a lock!
[23:44:11] Player (^DBD^ Maxo, 76561198148661627)(<314.991302, 287.500458, 8557.575195>) quick accessed a lock!
[23:44:46] Player (^DBD^ Maxo, 76561198148661627)(<311.371857, 287.510773, 8561.625977>) quick accessed a lock!
[23:48:36] Player (^DBD^ Maxo, 76561198148661627)(<311.371857, 287.510773, 8561.625977>) quick accessed a lock!
[23:48:49] Player (^DBD^ Maxo, 76561198148661627)(<314.991302, 287.500458, 8557.575195>) quick accessed a lock!
