[08-25-2021][03.54.33] New Access Log File Created!
[08-25-2021][09.56.38] Log file reloaded ( Server Restart )
[12:59:37] Player (Dr. Mauler, 76561198022416611)(<12890.177734, 64.436760, 15109.198242>) quick accessed a lock!
[12:59:39] Player (Dr. Mauler, 76561198022416611)(<12890.177734, 64.436760, 15109.198242>) quick accessed a lock!
[12:59:45] Player (Dr. Mauler, 76561198022416611)(<12888.545898, 64.531334, 15107.648438>) quick accessed a lock!
[12:59:49] Player (Dr. Mauler, 76561198022416611)(<12884.321289, 64.531334, 15105.812500>) quick accessed a lock!
[12:59:54] Player (Dr. Mauler, 76561198022416611)(<12884.335938, 69.317932, 15105.151367>) quick accessed a lock!
[12:59:59] Player (Dr. Mauler, 76561198022416611)(<12884.483398, 69.317932, 15105.002930>) quick accessed a lock!
[13:00:07] Player (Dr. Mauler, 76561198022416611)(<12884.483398, 69.317932, 15105.002930>) quick accessed a lock!
[14:19:15] Player (^DBD^ Maxo, 76561198148661627)(<317.850250, 288.725128, 8562.127930>) quick accessed a lock!
[14:19:29] Player (^DBD^ Maxo, 76561198148661627)(<317.486023, 288.720673, 8562.154297>) quick accessed a lock!
[14:19:41] Player (^DBD^ Maxo, 76561198148661627)(<314.991302, 287.500458, 8557.575195>) quick accessed a lock!
[14:20:30] Player (^DBD^ Maxo, 76561198148661627)(<311.371857, 287.510773, 8561.625977>) quick accessed a lock!
[14:22:44] Player (^DBD^ Maxo, 76561198148661627)(<317.850250, 288.725128, 8562.127930>) quick accessed a lock!
[14:32:09] Player (Dr. Mauler, 76561198022416611)(<12884.483398, 69.317932, 15105.002930>) quick accessed a lock!
[14:32:15] Player (^DBD^ Maxo, 76561198148661627)(<317.486023, 288.720673, 8562.154297>) quick accessed a lock!
[14:32:16] Player (Dr. Mauler, 76561198022416611)(<12884.335938, 69.317932, 15105.151367>) quick accessed a lock!
[14:32:20] Player (Dr. Mauler, 76561198022416611)(<12884.321289, 64.531334, 15105.812500>) quick accessed a lock!
[14:32:23] Player (^DBD^ Maxo, 76561198148661627)(<317.850250, 288.725128, 8562.127930>) quick accessed a lock!
[14:32:24] Player (Dr. Mauler, 76561198022416611)(<12888.545898, 64.531334, 15107.648438>) quick accessed a lock!
[14:32:28] Player (Dr. Mauler, 76561198022416611)(<12888.545898, 64.531334, 15107.648438>) quick accessed a lock!
[14:32:33] Player (Dr. Mauler, 76561198022416611)(<12890.177734, 64.436760, 15109.198242>) quick accessed a lock!
[14:37:28] Player (^DBD^ Maxo, 76561198148661627)(<317.850250, 288.725128, 8562.127930>) quick accessed a lock!
[14:37:54] Player (^DBD^ Maxo, 76561198148661627)(<317.486023, 288.720673, 8562.154297>) quick accessed a lock!
[14:38:20] Player (^DBD^ Maxo, 76561198148661627)(<314.991302, 287.500458, 8557.575195>) quick accessed a lock!
[14:43:23] Player (^DBD^ Maxo, 76561198148661627)(<311.371857, 287.510773, 8561.625977>) quick accessed a lock!
[14:43:44] Player (Dr. Mauler, 76561198022416611)(<12890.177734, 64.436760, 15109.198242>) quick accessed a lock!
[14:43:47] Player (Dr. Mauler, 76561198022416611)(<12888.545898, 64.531334, 15107.648438>) quick accessed a lock!
[14:43:50] Player (Dr. Mauler, 76561198022416611)(<12884.321289, 64.531334, 15105.812500>) quick accessed a lock!
[14:43:53] Player (Dr. Mauler, 76561198022416611)(<12884.335938, 69.317932, 15105.151367>) quick accessed a lock!
[14:43:57] Player (Dr. Mauler, 76561198022416611)(<12884.483398, 69.317932, 15105.002930>) quick accessed a lock!
[14:48:02] Player (Imposible Burger, 76561199068832255)(<13018.612305, 51.340057, 14989.128906>) set a new passcode on lock!
[14:48:02] Player (Imposible Burger, 76561199068832255)(<13018.612305, 51.340057, 14989.128906>) claimed ownership of a lock!
[14:48:03] Player (Imposible Burger, 76561199068832255)(<13018.612305, 51.340057, 14989.128906>) quick accessed a lock!
[14:48:37] Player (Imposible Burger, 76561199068832255)(<13018.612305, 51.340057, 14989.128906>) quick accessed a lock!
[14:50:42] Player (Imposible Burger, 76561199068832255)(<13018.612305, 51.340057, 14989.128906>) quick accessed a lock!
[14:54:41] Player (Imposible Burger, 76561199068832255)(<13018.612305, 51.340057, 14989.128906>) quick accessed a lock!
[08-25-2021][15.58.52] Log file reloaded ( Server Restart )
[16:29:14] Player (Dr. Mauler, 76561198022416611)(<12884.483398, 69.317932, 15105.002930>) quick accessed a lock!
[16:29:18] Player (Dr. Mauler, 76561198022416611)(<12884.335938, 69.317932, 15105.151367>) quick accessed a lock!
[16:29:23] Player (Dr. Mauler, 76561198022416611)(<12884.321289, 64.531334, 15105.812500>) quick accessed a lock!
[16:29:29] Player (Dr. Mauler, 76561198022416611)(<12888.545898, 64.531334, 15107.648438>) quick accessed a lock!
[16:29:35] Player (Dr. Mauler, 76561198022416611)(<12890.177734, 64.436760, 15109.198242>) quick accessed a lock!
[16:30:46] Player (Dr. Mauler, 76561198022416611)(<12890.177734, 64.436760, 15109.198242>) quick accessed a lock!
[16:30:49] Player (Dr. Mauler, 76561198022416611)(<12888.545898, 64.531334, 15107.648438>) quick accessed a lock!
[16:30:52] Player (Dr. Mauler, 76561198022416611)(<12884.321289, 64.531334, 15105.812500>) quick accessed a lock!
[16:30:54] Player (Dr. Mauler, 76561198022416611)(<12884.335938, 69.317932, 15105.151367>) quick accessed a lock!
[16:30:56] Player (Dr. Mauler, 76561198022416611)(<12884.483398, 69.317932, 15105.002930>) quick accessed a lock!
[16:31:16] Player (Dr. Mauler, 76561198022416611)(<12888.545898, 64.531334, 15107.648438>) quick accessed a lock!
[16:31:19] Player (Dr. Mauler, 76561198022416611)(<12888.545898, 64.531334, 15107.648438>) quick accessed a lock!
[16:31:23] Player (Dr. Mauler, 76561198022416611)(<12890.177734, 64.436760, 15109.198242>) quick accessed a lock!
[16:44:28] Player (^DBD^ Maxo, 76561198148661627)(<317.486023, 288.720673, 8562.154297>) quick accessed a lock!
[16:44:42] Player (^DBD^ Maxo, 76561198148661627)(<317.850250, 288.725128, 8562.127930>) quick accessed a lock!
[20:04:41] Player (PussinaBush, 76561198086263481)(<13312.713867, 71.629265, 12142.384766>) quick accessed a lock!
[20:05:04] Player (PussinaBush, 76561198086263481)(<13309.521484, 71.606522, 12124.710938>) quick accessed a lock!
[20:05:10] Player (PussinaBush, 76561198086263481)(<13295.887695, 71.638863, 12122.681641>) quick accessed a lock!
[20:06:00] Player (PussinaBush, 76561198086263481)(<13298.168945, 69.805489, 12103.271484>) quick accessed a lock!
[20:06:06] Player (PussinaBush, 76561198086263481)(<13299.072266, 69.803490, 12099.144531>) quick accessed a lock!
[20:06:15] Player (PussinaBush, 76561198086263481)(<13295.887695, 71.638863, 12122.681641>) quick accessed a lock!
[20:06:19] Player (PussinaBush, 76561198086263481)(<13309.521484, 71.606522, 12124.710938>) quick accessed a lock!
[20:51:01] Player (PussinaBush, 76561198086263481)(<13299.072266, 69.803490, 12099.144531>) quick accessed a lock!
[20:51:08] Player (PussinaBush, 76561198086263481)(<13298.168945, 69.805489, 12103.271484>) quick accessed a lock!
[20:51:13] Player (PussinaBush, 76561198086263481)(<13295.887695, 71.638863, 12122.681641>) quick accessed a lock!
[20:51:18] Player (PussinaBush, 76561198086263481)(<13309.521484, 71.606522, 12124.710938>) quick accessed a lock!
[08-25-2021][22.01.00] Log file reloaded ( Server Restart )
