[08-27-2021][01.52.37] New Access Log File Created!
[06:38:23] Player (Kaleb, 76561198892748368)(<11153.391602, 200.794144, 12304.242188>) quick accessed a lock!
[06:41:19] Player (Kaleb, 76561198892748368)(<11153.391602, 200.794144, 12304.242188>) quick accessed a lock!
[06:44:07] Player (Kaleb, 76561198892748368)(<11157.393555, 204.045959, 12310.053711>) quick accessed a lock!
[06:46:17] Player (Kaleb, 76561198892748368)(<11157.393555, 204.045959, 12310.053711>) quick accessed a lock!
[06:47:39] Player (Kaleb, 76561198892748368)(<11157.393555, 204.045959, 12310.053711>) quick accessed a lock!
[08-27-2021][07.54.41] Log file reloaded ( Server Restart )
[08:09:22] Player (Dr. Mauler, 76561198022416611)(<12890.177734, 64.436760, 15109.198242>) quick accessed a lock!
[08:09:27] Player (Dr. Mauler, 76561198022416611)(<12888.545898, 64.531334, 15107.648438>) quick accessed a lock!
[08:09:37] Player (Dr. Mauler, 76561198022416611)(<12888.545898, 64.531334, 15107.648438>) quick accessed a lock!
[08:09:47] Player (Dr. Mauler, 76561198022416611)(<12890.177734, 64.436760, 15109.198242>) quick accessed a lock!
[08:10:10] Player (Dr. Mauler, 76561198022416611)(<12888.545898, 64.531334, 15107.648438>) quick accessed a lock!
[08:10:20] Player (Dr. Mauler, 76561198022416611)(<12884.321289, 64.531334, 15105.812500>) quick accessed a lock!
[08:10:22] Player (Dr. Mauler, 76561198022416611)(<12888.545898, 64.531334, 15107.648438>) quick accessed a lock!
[08:10:31] Player (Dr. Mauler, 76561198022416611)(<12884.321289, 64.531334, 15105.812500>) quick accessed a lock!
[08:10:54] Player (Dr. Mauler, 76561198022416611)(<12884.321289, 64.531334, 15105.812500>) quick accessed a lock!
[08:11:02] Player (Dr. Mauler, 76561198022416611)(<12888.545898, 64.531334, 15107.648438>) quick accessed a lock!
[08:11:12] Player (Dr. Mauler, 76561198022416611)(<12884.321289, 64.531334, 15105.812500>) quick accessed a lock!
[08:11:14] Player (Dr. Mauler, 76561198022416611)(<12888.545898, 64.531334, 15107.648438>) quick accessed a lock!
[08:11:22] Player (Dr. Mauler, 76561198022416611)(<12884.321289, 64.531334, 15105.812500>) quick accessed a lock!
[08:11:30] Player (Dr. Mauler, 76561198022416611)(<12884.335938, 69.317932, 15105.151367>) quick accessed a lock!
[08:11:34] Player (Dr. Mauler, 76561198022416611)(<12884.483398, 69.317932, 15105.002930>) quick accessed a lock!
[08:14:40] Player (Dr. Mauler, 76561198022416611)(<12884.483398, 69.317932, 15105.002930>) quick accessed a lock!
[08:14:42] Player (Dr. Mauler, 76561198022416611)(<12884.335938, 69.317932, 15105.151367>) quick accessed a lock!
[08:14:44] Player (Dr. Mauler, 76561198022416611)(<12884.321289, 64.531334, 15105.812500>) quick accessed a lock!
[08:14:46] Player (Dr. Mauler, 76561198022416611)(<12888.545898, 64.531334, 15107.648438>) quick accessed a lock!
[08:14:57] Player (Dr. Mauler, 76561198022416611)(<12884.321289, 64.531334, 15105.812500>) quick accessed a lock!
[08:15:19] Player (Dr. Mauler, 76561198022416611)(<12890.177734, 64.436760, 15109.198242>) quick accessed a lock!
[08:15:32] Player (Dr. Mauler, 76561198022416611)(<12890.177734, 64.436760, 15109.198242>) quick accessed a lock!
[08:16:28] Player (Dr. Mauler, 76561198022416611)(<12890.177734, 64.436760, 15109.198242>) quick accessed a lock!
[08:16:34] Player (Dr. Mauler, 76561198022416611)(<12890.177734, 64.436760, 15109.198242>) quick accessed a lock!
[08:17:24] Player (Dr. Mauler, 76561198022416611)(<12884.321289, 64.531334, 15105.812500>) quick accessed a lock!
[08:17:56] Player (Dr. Mauler, 76561198022416611)(<12884.321289, 64.531334, 15105.812500>) quick accessed a lock!
[08:18:10] Player (Dr. Mauler, 76561198022416611)(<12884.321289, 64.531334, 15105.812500>) quick accessed a lock!
[08:18:43] Player (Dr. Mauler, 76561198022416611)(<12884.321289, 64.531334, 15105.812500>) quick accessed a lock!
[08:18:59] Player (Dr. Mauler, 76561198022416611)(<12884.321289, 64.531334, 15105.812500>) quick accessed a lock!
[08:19:10] Player (Dr. Mauler, 76561198022416611)(<12884.321289, 64.531334, 15105.812500>) quick accessed a lock!
[08:37:10] Player (Dr. Mauler, 76561198022416611)(<12884.483398, 69.317932, 15105.002930>) quick accessed a lock!
[08:37:12] Player (Dr. Mauler, 76561198022416611)(<12884.335938, 69.317932, 15105.151367>) quick accessed a lock!
[08:37:15] Player (Dr. Mauler, 76561198022416611)(<12884.321289, 64.531334, 15105.812500>) quick accessed a lock!
[08:37:21] Player (Dr. Mauler, 76561198022416611)(<12888.545898, 64.531334, 15107.648438>) quick accessed a lock!
[08:37:24] Player (Dr. Mauler, 76561198022416611)(<12888.545898, 64.531334, 15107.648438>) quick accessed a lock!
[08:37:30] Player (Dr. Mauler, 76561198022416611)(<12890.177734, 64.436760, 15109.198242>) quick accessed a lock!
[09:48:57] Player (Dr. Mauler, 76561198022416611)(<12890.177734, 64.436760, 15109.198242>) quick accessed a lock!
[09:49:05] Player (Dr. Mauler, 76561198022416611)(<12888.545898, 64.531334, 15107.648438>) quick accessed a lock!
[09:50:00] Player (Dr. Mauler, 76561198022416611)(<12884.321289, 64.531334, 15105.812500>) quick accessed a lock!
[09:50:05] Player (Dr. Mauler, 76561198022416611)(<12884.335938, 69.317932, 15105.151367>) quick accessed a lock!
[09:50:11] Player (Dr. Mauler, 76561198022416611)(<12884.483398, 69.317932, 15105.002930>) quick accessed a lock!
[12:44:03] Player (Dr. Mauler, 76561198022416611)(<12884.483398, 69.317932, 15105.002930>) quick accessed a lock!
[12:44:16] Player (Dr. Mauler, 76561198022416611)(<12884.483398, 69.317932, 15105.002930>) quick accessed a lock!
[12:54:04] Player (Dr. Mauler, 76561198022416611)(<12884.483398, 69.317932, 15105.002930>) quick accessed a lock!
[12:54:11] Player (Dr. Mauler, 76561198022416611)(<12884.335938, 69.317932, 15105.151367>) quick accessed a lock!
[12:54:19] Player (Dr. Mauler, 76561198022416611)(<12884.321289, 64.531334, 15105.812500>) quick accessed a lock!
[12:54:22] Player (Dr. Mauler, 76561198022416611)(<12888.545898, 64.531334, 15107.648438>) quick accessed a lock!
[12:54:25] Player (Dr. Mauler, 76561198022416611)(<12890.177734, 64.436760, 15109.198242>) quick accessed a lock!
[12:56:13] Player (^DBD^ Maxo, 76561198148661627)(<1180.122559, 344.556030, 9988.092773>) quick accessed a lock!
[12:56:58] Player (^DBD^ Maxo, 76561198148661627)(<1186.712402, 344.556030, 9985.844727>) quick accessed a lock!
[13:00:47] Player (^DBD^ Maxo, 76561198148661627)(<1186.712402, 344.556030, 9985.844727>) quick accessed a lock!
[13:01:08] Player (^DBD^ Maxo, 76561198148661627)(<1184.751831, 344.556030, 9983.866211>) quick accessed a lock!
[13:01:12] Player (^DBD^ Maxo, 76561198148661627)(<1186.966064, 344.556030, 9980.056641>) quick accessed a lock!
[13:01:39] Player (^DBD^ Maxo, 76561198148661627)(<1185.200195, 344.556030, 9979.226563>) quick accessed a lock!
[13:02:25] Player (^DBD^ Maxo, 76561198148661627)(<1182.824463, 344.556030, 9978.469727>) quick accessed a lock!
[13:02:36] Player (^DBD^ Maxo, 76561198148661627)(<1181.235474, 344.556030, 9979.996094>) quick accessed a lock!
[13:03:22] Player (^DBD^ Maxo, 76561198148661627)(<1182.824463, 344.556030, 9978.469727>) quick accessed a lock!
[13:04:08] Player (^DBD^ Maxo, 76561198148661627)(<1182.824463, 344.556030, 9978.469727>) quick accessed a lock!
[13:04:57] Player (^DBD^ Maxo, 76561198148661627)(<1182.824463, 344.556030, 9978.469727>) quick accessed a lock!
[13:05:21] Player (^DBD^ Maxo, 76561198148661627)(<1181.235474, 344.556030, 9979.996094>) quick accessed a lock!
[13:05:41] Player (^DBD^ Maxo, 76561198148661627)(<1185.200195, 344.556030, 9979.226563>) quick accessed a lock!
[13:06:57] Player (^DBD^ Maxo, 76561198148661627)(<1181.235474, 344.556030, 9979.996094>) quick accessed a lock!
[13:07:16] Player (^DBD^ Maxo, 76561198148661627)(<1186.712402, 344.556030, 9985.844727>) quick accessed a lock!
[08-27-2021][13.38.25] Log file reloaded ( Server Restart )
[15:15:52] Player (KingHotDog, 76561199068832255)(<13761.996094, 2.698018, 3722.222168>) set a new passcode on lock!
[15:15:52] Player (KingHotDog, 76561199068832255)(<13761.996094, 2.698018, 3722.222168>) claimed ownership of a lock!
[15:16:00] Player (KingHotDog, 76561199068832255)(<13761.996094, 2.698018, 3722.222168>) quick accessed a lock!
[15:26:20] Player (KingHotDog, 76561199068832255)(<13756.547852, 3.604946, 3721.132813>) set a new passcode on lock!
[15:26:20] Player (KingHotDog, 76561199068832255)(<13756.547852, 3.604946, 3721.132813>) claimed ownership of a lock!
[15:26:51] Player (^DBD^ Maxo, 76561198148661627)(<1186.712402, 344.556030, 9985.844727>) quick accessed a lock!
[15:27:51] Player (^DBD^ Maxo, 76561198148661627)(<1186.712402, 344.556030, 9985.844727>) quick accessed a lock!
[15:28:35] Player (^DBD^ Maxo, 76561198148661627)(<1184.751831, 344.556030, 9983.866211>) quick accessed a lock!
[15:29:02] Player (^DBD^ Maxo, 76561198148661627)(<1181.235474, 344.556030, 9979.996094>) quick accessed a lock!
[15:29:48] Player (^DBD^ Maxo, 76561198148661627)(<1186.966064, 344.556030, 9980.056641>) quick accessed a lock!
[15:31:06] Player (^DBD^ Maxo, 76561198148661627)(<1182.824463, 344.556030, 9978.469727>) quick accessed a lock!
[15:33:35] Player (^DBD^ Maxo, 76561198148661627)(<1185.200195, 344.556030, 9979.226563>) quick accessed a lock!
[15:34:18] Player (^DBD^ Maxo, 76561198148661627)(<1184.751831, 344.556030, 9983.866211>) quick accessed a lock!
[15:34:24] Player (^DBD^ Maxo, 76561198148661627)(<1186.712402, 344.556030, 9985.844727>) quick accessed a lock!
[15:37:25] Player (^DBD^ Maxo, 76561198148661627)(<1186.712402, 344.556030, 9985.844727>) quick accessed a lock!
[15:42:16] Player (^DBD^ Maxo, 76561198148661627)(<1181.235474, 344.556030, 9979.996094>) quick accessed a lock!
[15:42:43] Player (^DBD^ Maxo, 76561198148661627)(<1181.235474, 344.556030, 9979.996094>) quick accessed a lock!
[15:44:53] Player (^DBD^ Maxo, 76561198148661627)(<1182.824463, 344.556030, 9978.469727>) quick accessed a lock!
[15:45:12] Player (^DBD^ Maxo, 76561198148661627)(<1185.200195, 344.556030, 9979.226563>) quick accessed a lock!
[15:51:09] Player (Kaleb, 76561198892748368)(<11157.393555, 204.045959, 12310.053711>) quick accessed a lock!
[15:53:36] Player (Kaleb, 76561198892748368)(<11153.391602, 200.794144, 12304.242188>) quick accessed a lock!
[15:53:58] Player (^DBD^ Maxo, 76561198148661627)(<1186.966064, 344.556030, 9980.056641>) quick accessed a lock!
[15:54:35] Player (Kaleb, 76561198892748368)(<11153.391602, 200.794144, 12304.242188>) quick accessed a lock!
[15:54:47] Player (Kaleb, 76561198892748368)(<11157.393555, 204.045959, 12310.053711>) quick accessed a lock!
[15:55:16] Player (^DBD^ Maxo, 76561198148661627)(<1186.712402, 344.556030, 9985.844727>) quick accessed a lock!
[15:58:57] Player (^DBD^ Maxo, 76561198148661627)(<1181.235474, 344.556030, 9979.996094>) quick accessed a lock!
[15:59:30] Player (^DBD^ Maxo, 76561198148661627)(<1185.200195, 344.556030, 9979.226563>) quick accessed a lock!
[15:59:36] Player (^DBD^ Maxo, 76561198148661627)(<1181.235474, 344.556030, 9979.996094>) quick accessed a lock!
[16:01:31] Player (^DBD^ Maxo, 76561198148661627)(<1185.200195, 344.556030, 9979.226563>) quick accessed a lock!
[16:01:35] Player (^DBD^ Maxo, 76561198148661627)(<1182.824463, 344.556030, 9978.469727>) quick accessed a lock!
[16:01:57] Player (Kaleb, 76561198892748368)(<11157.393555, 204.045959, 12310.053711>) quick accessed a lock!
[16:05:25] Player (^DBD^ Maxo, 76561198148661627)(<1186.712402, 344.556030, 9985.844727>) quick accessed a lock!
[16:15:12] Player (Kaleb, 76561198892748368)(<11153.391602, 200.794144, 12304.242188>) quick accessed a lock!
[16:15:19] Player (Kaleb, 76561198892748368)(<11153.391602, 200.794144, 12304.242188>) quick accessed a lock!
[16:16:00] Player (Kaleb, 76561198892748368)(<11153.391602, 200.794144, 12304.242188>) quick accessed a lock!
[16:16:01] Player (Kaleb, 76561198892748368)(<11153.391602, 200.794144, 12304.242188>) quick accessed a lock!
[16:16:02] Player (Kaleb, 76561198892748368)(<11153.391602, 200.794144, 12304.242188>) quick accessed a lock!
[16:19:11] Player (Kaleb, 76561198892748368)(<11157.393555, 204.045959, 12310.053711>) quick accessed a lock!
[16:21:59] Player (Kaleb, 76561198892748368)(<11153.391602, 200.794144, 12304.242188>) quick accessed a lock!
[16:26:56] Player (Kaleb, 76561198892748368)(<11155.415039, 200.212296, 12294.655273>) quick accessed a lock!
[16:27:04] Player (Kaleb, 76561198892748368)(<11153.391602, 200.794144, 12304.242188>) quick accessed a lock!
[16:41:45] Player (Kaleb, 76561198892748368)(<11153.391602, 200.794144, 12304.242188>) quick accessed a lock!
[16:42:08] Player (Kaleb, 76561198892748368)(<11155.415039, 200.212296, 12294.655273>) quick accessed a lock!
[16:42:23] Player (Kaleb, 76561198892748368)(<11155.415039, 200.212296, 12294.655273>) quick accessed a lock!
[16:42:34] Player (Kaleb, 76561198892748368)(<11153.391602, 200.794144, 12304.242188>) quick accessed a lock!
[16:47:00] Player (Kaleb, 76561198892748368)(<11153.391602, 200.794144, 12304.242188>) quick accessed a lock!
[16:56:10] Player (Kaleb, 76561198892748368)(<11155.415039, 200.212296, 12294.655273>) quick accessed a lock!
[16:59:32] Player (^DBD^ Maxo, 76561198148661627)(<1180.122559, 344.556030, 9988.092773>) quick accessed a lock!
[16:59:36] Player (^DBD^ Maxo, 76561198148661627)(<1184.751831, 344.556030, 9983.866211>) quick accessed a lock!
[16:59:49] Player (^DBD^ Maxo, 76561198148661627)(<1185.200195, 344.556030, 9979.226563>) quick accessed a lock!
[17:03:49] Player (Kaleb, 76561198892748368)(<11155.415039, 200.212296, 12294.655273>) quick accessed a lock!
[17:07:49] Player (Kaleb, 76561198892748368)(<11155.415039, 200.212296, 12294.655273>) quick accessed a lock!
[17:09:11] Player (^DBD^ Maxo, 76561198148661627)(<1181.235474, 344.556030, 9979.996094>) quick accessed a lock!
[17:10:55] Player (^DBD^ Maxo, 76561198148661627)(<1186.966064, 344.556030, 9980.056641>) quick accessed a lock!
[17:11:15] Player (Kaleb, 76561198892748368)(<11155.415039, 200.212296, 12294.655273>) quick accessed a lock!
[17:11:16] Player (Kaleb, 76561198892748368)(<11155.415039, 200.212296, 12294.655273>) quick accessed a lock!
[17:11:23] Player (Kaleb, 76561198892748368)(<11153.391602, 200.794144, 12304.242188>) quick accessed a lock!
[17:11:37] Player (Kaleb, 76561198892748368)(<11153.391602, 200.794144, 12304.242188>) quick accessed a lock!
[17:11:41] Player (Kaleb, 76561198892748368)(<11155.415039, 200.212296, 12294.655273>) quick accessed a lock!
[17:11:42] Player (Kaleb, 76561198892748368)(<11155.415039, 200.212296, 12294.655273>) quick accessed a lock!
[17:12:59] Player (^DBD^ Maxo, 76561198148661627)(<1182.824463, 344.556030, 9978.469727>) quick accessed a lock!
[17:13:02] Player (Kaleb, 76561198892748368)(<11155.415039, 200.212296, 12294.655273>) quick accessed a lock!
[17:13:05] Player (Kaleb, 76561198892748368)(<11153.391602, 200.794144, 12304.242188>) quick accessed a lock!
[17:13:28] Player (Kaleb, 76561198892748368)(<11157.393555, 204.045959, 12310.053711>) quick accessed a lock!
[17:13:33] Player (^DBD^ Maxo, 76561198148661627)(<1185.200195, 344.556030, 9979.226563>) quick accessed a lock!
[17:14:01] Player (Kaleb, 76561198892748368)(<11157.393555, 204.045959, 12310.053711>) quick accessed a lock!
[17:14:10] Player (Kaleb, 76561198892748368)(<11153.391602, 200.794144, 12304.242188>) quick accessed a lock!
[17:14:20] Player (^DBD^ Maxo, 76561198148661627)(<1182.824463, 344.556030, 9978.469727>) quick accessed a lock!
[17:14:23] Player (Kaleb, 76561198892748368)(<11155.415039, 200.212296, 12294.655273>) quick accessed a lock!
[17:14:31] Player (^DBD^ Maxo, 76561198148661627)(<1185.200195, 344.556030, 9979.226563>) quick accessed a lock!
[17:14:40] Player (^DBD^ Maxo, 76561198148661627)(<1181.235474, 344.556030, 9979.996094>) quick accessed a lock!
[17:18:15] Player (Kaleb, 76561198892748368)(<11155.415039, 200.212296, 12294.655273>) quick accessed a lock!
[17:18:19] Player (Kaleb, 76561198892748368)(<11153.391602, 200.794144, 12304.242188>) quick accessed a lock!
[17:18:21] Player (Kaleb, 76561198892748368)(<11153.391602, 200.794144, 12304.242188>) quick accessed a lock!
[17:18:22] Player (^DBD^ Maxo, 76561198148661627)(<1186.712402, 344.556030, 9985.844727>) quick accessed a lock!
[17:18:40] Player (Kaleb, 76561198892748368)(<11157.393555, 204.045959, 12310.053711>) quick accessed a lock!
[17:19:01] Player (^DBD^ Maxo, 76561198148661627)(<1186.712402, 344.556030, 9985.844727>) quick accessed a lock!
[17:19:49] Player (Kaleb, 76561198892748368)(<11153.391602, 200.794144, 12304.242188>) quick accessed a lock!
[17:20:36] Player (Kaleb, 76561198892748368)(<11155.415039, 200.212296, 12294.655273>) quick accessed a lock!
[18:17:32] Player (Kaleb, 76561198892748368)(<11167.115234, 198.855804, 12297.868164>) set a new passcode on lock!
[18:17:32] Player (Kaleb, 76561198892748368)(<11167.115234, 198.855804, 12297.868164>) claimed ownership of a lock!
[18:17:58] Player (Kaleb, 76561198892748368)(<11155.415039, 200.212296, 12294.655273>) quick accessed a lock!
[18:18:06] Player (Kaleb, 76561198892748368)(<11153.391602, 200.794144, 12304.242188>) quick accessed a lock!
[18:18:07] Player (Kaleb, 76561198892748368)(<11153.391602, 200.794144, 12304.242188>) quick accessed a lock!
[18:23:56] Player (Kaleb, 76561198892748368)(<11153.391602, 200.794144, 12304.242188>) quick accessed a lock!
[18:24:02] Player (Kaleb, 76561198892748368)(<11155.415039, 200.212296, 12294.655273>) quick accessed a lock!
[18:26:30] Player (Kaleb, 76561198892748368)(<11155.415039, 200.212296, 12294.655273>) quick accessed a lock!
[18:26:35] Player (Kaleb, 76561198892748368)(<11153.391602, 200.794144, 12304.242188>) quick accessed a lock!
[18:31:48] Player (Kaleb, 76561198892748368)(<11153.391602, 200.794144, 12304.242188>) quick accessed a lock!
[18:32:01] Player (Kaleb, 76561198892748368)(<11155.415039, 200.212296, 12294.655273>) quick accessed a lock!
[18:34:28] Player (Kaleb, 76561198892748368)(<11155.415039, 200.212296, 12294.655273>) quick accessed a lock!
[18:34:33] Player (Kaleb, 76561198892748368)(<11153.391602, 200.794144, 12304.242188>) quick accessed a lock!
[18:51:28] Player (Kaleb, 76561198892748368)(<11153.391602, 200.794144, 12304.242188>) quick accessed a lock!
[18:51:38] Player (Kaleb, 76561198892748368)(<11153.391602, 200.794144, 12304.242188>) quick accessed a lock!
[18:53:30] Player (Kaleb, 76561198892748368)(<11153.391602, 200.794144, 12304.242188>) quick accessed a lock!
[19:03:16] Player (Kaleb, 76561198892748368)(<11153.391602, 200.794144, 12304.242188>) quick accessed a lock!
[19:26:52] Player (^DBD^ Maxo, 76561198148661627)(<1180.122559, 344.556030, 9988.092773>) quick accessed a lock!
[08-27-2021][19.40.34] Log file reloaded ( Server Restart )
[20:33:41] Player (NOTxYAMAS, 76561199053059208)(<3285.387451, 237.664749, 4937.027344>) quick accessed a lock!
[20:41:48] Player (NOTxYAMAS, 76561199053059208)(<3285.387451, 237.664749, 4937.027344>) quick accessed a lock!
[20:47:49] Player (NOTxYAMAS, 76561199053059208)(<3285.387451, 237.664749, 4937.027344>) quick accessed a lock!
[00:12:11] Player (Aaron, 76561199083883076)(<1141.110718, 344.882324, 9964.958984>) set a new passcode on lock!
[00:12:11] Player (Aaron, 76561199083883076)(<1141.110718, 344.882324, 9964.958984>) claimed ownership of a lock!
[00:12:12] Player (Aaron, 76561199083883076)(<1141.110718, 344.882324, 9964.958984>) quick accessed a lock!
[00:12:49] Player (^DBD^ Maxo, 76561198148661627)(<1180.122559, 344.556030, 9988.092773>) quick accessed a lock!
[00:13:13] Player (^DBD^ Maxo, 76561198148661627)(<1184.751831, 344.556030, 9983.866211>) quick accessed a lock!
[00:13:52] Player (^DBD^ Maxo, 76561198148661627)(<1186.712402, 344.556030, 9985.844727>) quick accessed a lock!
[00:13:53] Player (^DBD^ Maxo, 76561198148661627)(<1186.712402, 344.556030, 9985.844727>) quick accessed a lock!
[00:15:49] Player (Aaron, 76561199083883076)(<1141.110718, 344.882324, 9964.958984>) quick accessed a lock!
[00:16:39] Player (^DBD^ Maxo, 76561198148661627)(<1180.122559, 344.556030, 9988.092773>) quick accessed a lock!
[00:16:45] Player (^DBD^ Maxo, 76561198148661627)(<1184.751831, 344.556030, 9983.866211>) quick accessed a lock!
[00:16:51] Player (^DBD^ Maxo, 76561198148661627)(<1181.235474, 344.556030, 9979.996094>) quick accessed a lock!
[00:17:36] Player (^DBD^ Maxo, 76561198148661627)(<1186.966064, 344.556030, 9980.056641>) quick accessed a lock!
[00:17:38] Player (^DBD^ Maxo, 76561198148661627)(<1185.200195, 344.556030, 9979.226563>) quick accessed a lock!
[00:17:43] Player (^DBD^ Maxo, 76561198148661627)(<1182.824463, 344.556030, 9978.469727>) quick accessed a lock!
[00:18:44] Player (^DBD^ Maxo, 76561198148661627)(<1182.824463, 344.556030, 9978.469727>) quick accessed a lock!
[00:19:55] Player (^DBD^ Maxo, 76561198148661627)(<1182.824463, 344.556030, 9978.469727>) quick accessed a lock!
[00:21:04] Player (Aaron, 76561199083883076)(<1141.110718, 344.882324, 9964.958984>) quick accessed a lock!
[00:22:23] Player (^DBD^ Maxo, 76561198148661627)(<1180.122559, 344.556030, 9988.092773>) quick accessed a lock!
[00:31:49] Player (^DBD^ Maxo, 76561198148661627)(<317.850250, 288.725128, 8562.127930>) quick accessed a lock!
[00:32:04] Player (Aaron, 76561199083883076)(<317.712585, 288.725098, 8566.967773>) quick accessed a lock!
[00:32:27] Player (^DBD^ Maxo, 76561198148661627)(<317.850250, 288.725128, 8562.127930>) removed a lock!
[00:37:34] Player (Aaron, 76561199083883076)(<317.712585, 288.725098, 8566.967773>) quick accessed a lock!
[00:40:05] Player (Aaron, 76561199083883076)(<317.712585, 288.725098, 8566.967773>) quick accessed a lock!
[00:40:17] Player (Aaron, 76561199083883076)(<317.712585, 288.725098, 8566.967773>) quick accessed a lock!
[00:41:02] Player (Aaron, 76561199083883076)(<317.712585, 288.725098, 8566.967773>) quick accessed a lock!
[00:41:26] Player (Aaron, 76561199083883076)(<320.794373, 287.512939, 8568.685547>) accessed a lock!
[00:41:26] Player (Aaron, 76561199083883076)(<320.794373, 287.512939, 8568.685547>) was added as a guest of a lock!
[00:41:43] Player (Aaron, 76561199083883076)(<320.794373, 287.512939, 8568.685547>) removed a lock!
[00:43:09] Player (Aaron, 76561199083883076)(<317.712585, 288.725098, 8566.967773>) removed a lock!
[01:00:44] Player (Aaron, 76561199083883076)(<1141.110718, 344.882324, 9964.958984>) quick accessed a lock!
[01:06:51] Player (Aaron, 76561199083883076)(<1141.110718, 344.882324, 9964.958984>) quick accessed a lock!
[01:17:07] Player (Aaron, 76561199083883076)(<1141.110718, 344.882324, 9964.958984>) quick accessed a lock!
[01:31:13] Player (Aaron, 76561199083883076)(<1141.110718, 344.882324, 9964.958984>) quick accessed a lock!
[01:34:03] Player (^DBD^ Maxo, 76561198148661627)(<1186.712402, 344.556030, 9985.844727>) quick accessed a lock!
[01:34:15] Player (^DBD^ Maxo, 76561198148661627)(<1184.751831, 344.556030, 9983.866211>) quick accessed a lock!
[01:34:20] Player (Aaron, 76561199083883076)(<1141.110718, 344.882324, 9964.958984>) quick accessed a lock!
[01:34:20] Player (^DBD^ Maxo, 76561198148661627)(<1185.200195, 344.556030, 9979.226563>) quick accessed a lock!
[01:34:27] Player (^DBD^ Maxo, 76561198148661627)(<1182.824463, 344.556030, 9978.469727>) quick accessed a lock!
[01:39:16] Player (Aaron, 76561199083883076)(<1136.275024, 344.882324, 9965.555664>) set a new passcode on lock!
[01:39:16] Player (Aaron, 76561199083883076)(<1136.275024, 344.882324, 9965.555664>) claimed ownership of a lock!
[01:39:17] Player (Aaron, 76561199083883076)(<1136.275024, 344.882324, 9965.555664>) quick accessed a lock!
[01:40:19] Player (^DBD^ Maxo, 76561198148661627)(<1186.712402, 344.556030, 9985.844727>) quick accessed a lock!
[01:40:47] Player (Aaron, 76561199083883076)(<1136.275024, 344.882324, 9965.555664>) quick accessed a lock!
