[08-30-2021][05.56.23] New Access Log File Created!
[08-30-2021][09.10.18] Log file reloaded ( Server Restart )
[08-30-2021][09.11.15] Log file reloaded ( Server Restart )
[08-30-2021][09.11.56] Log file reloaded ( Server Restart )
[09:33:44] Player (KingHotDog, 76561199068832255)(<13754.498047, 3.646831, 3728.660645>) set a new passcode on lock!
[09:33:44] Player (KingHotDog, 76561199068832255)(<13754.498047, 3.646831, 3728.660645>) claimed ownership of a lock!
[08-30-2021][10.54.34] Log file reloaded ( Server Restart )
[12:55:31] Player (^DBD^ Maxo, 76561198148661627)(<1186.712402, 344.556030, 9985.844727>) quick accessed a lock!
[12:55:37] Player (^DBD^ Maxo, 76561198148661627)(<1184.751831, 344.556030, 9983.866211>) quick accessed a lock!
[12:55:43] Player (^DBD^ Maxo, 76561198148661627)(<1182.824463, 344.556030, 9978.469727>) quick accessed a lock!
[12:55:51] Player (^DBD^ Maxo, 76561198148661627)(<1181.235474, 344.556030, 9979.996094>) quick accessed a lock!
[12:56:01] Player (^DBD^ Maxo, 76561198148661627)(<1184.278076, 344.556030, 9987.071289>) quick accessed a lock!
[12:57:01] Player (^DBD^ Maxo, 76561198148661627)(<1185.200195, 344.556030, 9979.226563>) quick accessed a lock!
[12:57:10] Player (^DBD^ Maxo, 76561198148661627)(<1182.824463, 344.556030, 9978.469727>) quick accessed a lock!
[12:57:16] Player (^DBD^ Maxo, 76561198148661627)(<1181.235474, 344.556030, 9979.996094>) quick accessed a lock!
[12:58:34] Player (^DBD^ Maxo, 76561198148661627)(<1186.712402, 344.556030, 9985.844727>) quick accessed a lock!
[12:58:52] Player (^DBD^ Maxo, 76561198148661627)(<1186.966064, 344.556030, 9980.056641>) quick accessed a lock!
[13:01:05] Player (^DBD^ Maxo, 76561198148661627)(<1186.712402, 344.556030, 9985.844727>) quick accessed a lock!
[13:02:01] Player (^DBD^ Maxo, 76561198148661627)(<1185.200195, 344.556030, 9979.226563>) quick accessed a lock!
[13:03:02] Player (^DBD^ Maxo, 76561198148661627)(<1181.235474, 344.556030, 9979.996094>) quick accessed a lock!
[13:04:34] Player (^DBD^ Maxo, 76561198148661627)(<1182.824463, 344.556030, 9978.469727>) quick accessed a lock!
[13:04:56] Player (^DBD^ Maxo, 76561198148661627)(<1181.235474, 344.556030, 9979.996094>) quick accessed a lock!
[13:06:37] Player (^DBD^ Maxo, 76561198148661627)(<1186.966064, 344.556030, 9980.056641>) quick accessed a lock!
[13:07:25] Player (^DBD^ Maxo, 76561198148661627)(<1186.712402, 344.556030, 9985.844727>) quick accessed a lock!
[15:54:12] Player (^DBD^ Maxo, 76561198148661627)(<1182.824463, 344.556030, 9978.469727>) quick accessed a lock!
[15:55:20] Player (^DBD^ Maxo, 76561198148661627)(<1181.235474, 344.556030, 9979.996094>) quick accessed a lock!
[15:59:20] Player (^DBD^ Maxo, 76561198148661627)(<1186.712402, 344.556030, 9985.844727>) quick accessed a lock!
[16:06:09] Player (^DBD^ Maxo, 76561198148661627)(<1186.712402, 344.556030, 9985.844727>) quick accessed a lock!
[08-30-2021][16.56.40] Log file reloaded ( Server Restart )
[17:26:45] Player (^DBD^ Maxo, 76561198148661627)(<1186.712402, 344.556030, 9985.844727>) quick accessed a lock!
[17:27:02] Player (^DBD^ Maxo, 76561198148661627)(<1184.278076, 344.556030, 9987.071289>) quick accessed a lock!
[17:27:20] Player (^DBD^ Maxo, 76561198148661627)(<1184.751831, 344.556030, 9983.866211>) quick accessed a lock!
[17:27:22] Player (^DBD^ Maxo, 76561198148661627)(<1184.751831, 344.556030, 9983.866211>) quick accessed a lock!
[17:27:59] Player (Kaleb, 76561198892748368)(<11155.415039, 200.212296, 12294.655273>) quick accessed a lock!
[17:28:01] Player (^DBD^ Maxo, 76561198148661627)(<1186.966064, 344.556030, 9980.056641>) quick accessed a lock!
[17:28:14] Player (Kaleb, 76561198892748368)(<11153.391602, 200.794144, 12304.242188>) quick accessed a lock!
[17:28:38] Player (Kaleb, 76561198892748368)(<11153.391602, 200.794144, 12304.242188>) quick accessed a lock!
[17:29:43] Player (Kaleb, 76561198892748368)(<11155.415039, 200.212296, 12294.655273>) quick accessed a lock!
[17:30:24] Player (^DBD^ Maxo, 76561198148661627)(<1185.200195, 344.556030, 9979.226563>) quick accessed a lock!
[17:30:50] Player (^DBD^ Maxo, 76561198148661627)(<1186.712402, 344.556030, 9985.844727>) quick accessed a lock!
[17:30:54] Player (Kaleb, 76561198892748368)(<11155.415039, 200.212296, 12294.655273>) quick accessed a lock!
[17:30:57] Player (Kaleb, 76561198892748368)(<11153.391602, 200.794144, 12304.242188>) quick accessed a lock!
[17:31:01] Player (^DBD^ Maxo, 76561198148661627)(<1185.200195, 344.556030, 9979.226563>) quick accessed a lock!
[17:34:47] Player (^DBD^ Maxo, 76561198148661627)(<1186.712402, 344.556030, 9985.844727>) quick accessed a lock!
[17:38:08] Player (^DBD^ Maxo, 76561198148661627)(<1181.235474, 344.556030, 9979.996094>) quick accessed a lock!
[17:41:45] Player (^DBD^ Maxo, 76561198148661627)(<1186.966064, 344.556030, 9980.056641>) quick accessed a lock!
[17:41:56] Player (^DBD^ Maxo, 76561198148661627)(<1184.751831, 344.556030, 9983.866211>) quick accessed a lock!
[17:42:23] Player (^DBD^ Maxo, 76561198148661627)(<1186.712402, 344.556030, 9985.844727>) quick accessed a lock!
[08-30-2021][19.08.59] Log file reloaded ( Server Restart )
[19:12:44] Player (KingHotDog, 76561199068832255)(<13754.498047, 3.646831, 3728.660645>) quick accessed a lock!
[19:22:33] Player (KingHotDog, 76561199068832255)(<13754.498047, 3.646831, 3728.660645>) quick accessed a lock!
[19:24:13] Player (KingHotDog, 76561199068832255)(<13743.850586, 5.803267, 3720.596924>) set a new passcode on lock!
[19:24:13] Player (KingHotDog, 76561199068832255)(<13743.850586, 5.803267, 3720.596924>) claimed ownership of a lock!
[08-30-2021][19.29.19] Log file reloaded ( Server Restart )
[20:23:05] Player (Kaleb, 76561198892748368)(<11157.393555, 204.045959, 12310.053711>) quick accessed a lock!
[20:23:35] Player (Kaleb, 76561198892748368)(<11157.393555, 204.045959, 12310.053711>) quick accessed a lock!
[20:24:08] Player (Kaleb, 76561198892748368)(<11153.391602, 200.794144, 12304.242188>) quick accessed a lock!
[20:24:18] Player (Kaleb, 76561198892748368)(<11153.391602, 200.794144, 12304.242188>) quick accessed a lock!
[20:24:20] Player (Kaleb, 76561198892748368)(<11153.391602, 200.794144, 12304.242188>) quick accessed a lock!
[20:40:19] Player (RaginCajun, 76561198008597711)(<6615.646484, 15.929601, 2307.061279>) quick accessed a lock!
[20:40:37] Player (RaginCajun, 76561198008597711)(<6611.542969, 15.929601, 2308.030029>) quick accessed a lock!
[20:49:06] Player (RaginCajun, 76561198008597711)(<6611.542969, 15.929601, 2308.030029>) quick accessed a lock!
[20:49:12] Player (RaginCajun, 76561198008597711)(<6615.646484, 15.929601, 2307.061279>) quick accessed a lock!
[20:52:38] Player (RaginCajun, 76561198008597711)(<6615.646484, 15.929601, 2307.061279>) quick accessed a lock!
[20:58:22] Player (RaginCajun, 76561198008597711)(<6611.542969, 15.929601, 2308.030029>) quick accessed a lock!
[21:04:10] Player (RaginCajun, 76561198008597711)(<6611.542969, 15.929601, 2308.030029>) quick accessed a lock!
[21:04:19] Player (RaginCajun, 76561198008597711)(<6615.646484, 15.929601, 2307.061279>) quick accessed a lock!
[21:05:40] Player (RaginCajun, 76561198008597711)(<6611.542969, 15.929601, 2308.030029>) quick accessed a lock!
[21:10:30] Player (RaginCajun, 76561198008597711)(<6611.542969, 15.929601, 2308.030029>) quick accessed a lock!
[21:15:03] Player (RaginCajun, 76561198008597711)(<6611.542969, 15.929601, 2308.030029>) quick accessed a lock!
[21:16:35] Player (RaginCajun, 76561198008597711)(<6611.542969, 15.929601, 2308.030029>) quick accessed a lock!
[21:16:37] Player (RaginCajun, 76561198008597711)(<6611.542969, 15.929601, 2308.030029>) quick accessed a lock!
[21:23:11] Player (RaginCajun, 76561198008597711)(<6611.542969, 15.929601, 2308.030029>) quick accessed a lock!
[21:24:05] Player (RaginCajun, 76561198008597711)(<6611.542969, 15.929601, 2308.030029>) quick accessed a lock!
[21:38:11] Player (^DBD^ Maxo, 76561198148661627)(<1186.712402, 344.556030, 9985.844727>) quick accessed a lock!
[21:38:16] Player (^DBD^ Maxo, 76561198148661627)(<1184.751831, 344.556030, 9983.866211>) quick accessed a lock!
[21:38:40] Player (^DBD^ Maxo, 76561198148661627)(<1186.966064, 344.556030, 9980.056641>) quick accessed a lock!
[21:41:11] Player (^DBD^ Maxo, 76561198148661627)(<1181.235474, 344.556030, 9979.996094>) quick accessed a lock!
[21:49:55] Player (^DBD^ Maxo, 76561198148661627)(<1186.712402, 344.556030, 9985.844727>) removed a lock!
[21:51:36] Player (^DBD^ Maxo, 76561198148661627)(<1182.824463, 344.556030, 9978.469727>) quick accessed a lock!
[21:59:14] Player (^DBD^ Maxo, 76561198148661627)(<1186.750732, 344.556030, 9985.829102>) set a new passcode on lock!
[21:59:14] Player (^DBD^ Maxo, 76561198148661627)(<1186.750732, 344.556030, 9985.829102>) claimed ownership of a lock!
[21:59:19] Player (^DBD^ Maxo, 76561198148661627)(<1186.750732, 344.556030, 9985.829102>) quick accessed a lock!
[22:03:20] Player (^DBD^ Maxo, 76561198148661627)(<1189.316284, 344.580933, 9985.106445>) set a new passcode on lock!
[22:03:20] Player (^DBD^ Maxo, 76561198148661627)(<1189.316284, 344.580933, 9985.106445>) claimed ownership of a lock!
[22:03:27] Player (^DBD^ Maxo, 76561198148661627)(<1189.316284, 344.580933, 9985.106445>) quick accessed a lock!
[22:03:49] Player (^DBD^ Maxo, 76561198148661627)(<1186.750732, 344.556030, 9985.829102>) quick accessed a lock!
[22:04:05] Player (^DBD^ Maxo, 76561198148661627)(<1181.235474, 344.556030, 9979.996094>) quick accessed a lock!
[22:04:48] Player (^DBD^ Maxo, 76561198148661627)(<1186.966064, 344.556030, 9980.056641>) quick accessed a lock!
[22:05:19] Player (^DBD^ Maxo, 76561198148661627)(<1184.751831, 344.556030, 9983.866211>) quick accessed a lock!
[22:05:24] Player (^DBD^ Maxo, 76561198148661627)(<1186.750732, 344.556030, 9985.829102>) quick accessed a lock!
[22:05:53] Player (^DBD^ Maxo, 76561198148661627)(<1189.316284, 344.580933, 9985.106445>) quick accessed a lock!
[22:12:52] Player (^DBD^ Maxo, 76561198148661627)(<1189.316284, 344.580933, 9985.106445>) quick accessed a lock!
[22:14:01] Player (^DBD^ Maxo, 76561198148661627)(<1184.751831, 344.556030, 9983.866211>) quick accessed a lock!
[22:14:12] Player (^DBD^ Maxo, 76561198148661627)(<1181.235474, 344.556030, 9979.996094>) quick accessed a lock!
[22:14:38] Player (^DBD^ Maxo, 76561198148661627)(<1182.824463, 344.556030, 9978.469727>) quick accessed a lock!
[22:15:39] Player (^DBD^ Maxo, 76561198148661627)(<1189.316284, 344.580933, 9985.106445>) quick accessed a lock!
[22:22:34] Player (^DBD^ Maxo, 76561198148661627)(<1189.316284, 344.580933, 9985.106445>) quick accessed a lock!
[22:23:01] Player (^DBD^ Maxo, 76561198148661627)(<1186.750732, 344.556030, 9985.829102>) quick accessed a lock!
[22:24:59] Player (^DBD^ Maxo, 76561198148661627)(<1180.122559, 344.556030, 9988.092773>) quick accessed a lock!
[22:26:37] Player (^DBD^ Maxo, 76561198148661627)(<1186.750732, 344.556030, 9985.829102>) quick accessed a lock!
[22:26:56] Player (^DBD^ Maxo, 76561198148661627)(<1189.316284, 344.580933, 9985.106445>) quick accessed a lock!
[23:42:07] Player (^DBD^ Maxo, 76561198148661627)(<1189.316284, 344.580933, 9985.106445>) quick accessed a lock!
[23:42:29] Player (Aaron, 76561199083883076)(<1132.735107, 344.874054, 9969.252930>) quick accessed a lock!
[23:42:34] Player (Aaron, 76561199083883076)(<1133.712769, 344.882324, 9966.475586>) quick accessed a lock!
[23:43:16] Player (Aaron, 76561199083883076)(<1136.275024, 344.882324, 9965.555664>) quick accessed a lock!
[23:43:59] Player (^DBD^ Maxo, 76561198148661627)(<1186.750732, 344.556030, 9985.829102>) quick accessed a lock!
[23:44:03] Player (^DBD^ Maxo, 76561198148661627)(<1184.751831, 344.556030, 9983.866211>) quick accessed a lock!
[23:44:23] Player (^DBD^ Maxo, 76561198148661627)(<1189.316284, 344.580933, 9985.106445>) quick accessed a lock!
[23:46:50] Player (Aaron, 76561199083883076)(<1132.735107, 344.874054, 9969.252930>) quick accessed a lock!
[23:47:10] Player (^DBD^ Maxo, 76561198148661627)(<1184.751831, 344.556030, 9983.866211>) quick accessed a lock!
[23:47:12] Player (^DBD^ Maxo, 76561198148661627)(<1186.750732, 344.556030, 9985.829102>) quick accessed a lock!
[23:47:14] Player (^DBD^ Maxo, 76561198148661627)(<1189.316284, 344.580933, 9985.106445>) quick accessed a lock!
[23:47:54] Player (Aaron, 76561199083883076)(<1133.712769, 344.882324, 9966.475586>) quick accessed a lock!
[23:51:13] Player (^DBD^ Maxo, 76561198148661627)(<1182.824463, 344.556030, 9978.469727>) quick accessed a lock!
[23:51:40] Player (^DBD^ Maxo, 76561198148661627)(<1185.200195, 344.556030, 9979.226563>) quick accessed a lock!
[23:51:43] Player (^DBD^ Maxo, 76561198148661627)(<1185.200195, 344.556030, 9979.226563>) quick accessed a lock!
[23:52:14] Player (^DBD^ Maxo, 76561198148661627)(<1181.235474, 344.556030, 9979.996094>) quick accessed a lock!
[23:52:54] Player (^DBD^ Maxo, 76561198148661627)(<1184.751831, 344.556030, 9983.866211>) quick accessed a lock!
[23:52:59] Player (^DBD^ Maxo, 76561198148661627)(<1180.122559, 344.556030, 9988.092773>) quick accessed a lock!
[23:56:52] Player (^DBD^ Maxo, 76561198148661627)(<1184.278076, 344.556030, 9987.071289>) quick accessed a lock!
[23:59:25] Player (^DBD^ Maxo, 76561198148661627)(<1181.235474, 344.556030, 9979.996094>) quick accessed a lock!
[23:59:51] Player (^DBD^ Maxo, 76561198148661627)(<1186.966064, 344.556030, 9980.056641>) quick accessed a lock!
[00:00:00] Player (^DBD^ Maxo, 76561198148661627)(<1186.966064, 344.556030, 9980.056641>) quick accessed a lock!
[00:15:14] Player (Sauce, 76561199194857204)(<7801.914551, 315.043640, 6893.657715>) quick accessed a lock!
[00:15:19] Player (Sauce, 76561199194857204)(<7792.361328, 313.654327, 6894.910645>) quick accessed a lock!
[00:19:45] Player (Sauce, 76561199194857204)(<7802.306641, 314.866455, 6893.690918>) quick accessed a lock!
[00:29:48] Player (Sauce, 76561199194857204)(<7802.306641, 314.866455, 6893.690918>) quick accessed a lock!
[00:29:49] Player (Sauce, 76561199194857204)(<7802.306641, 314.866455, 6893.690918>) quick accessed a lock!
[00:30:27] Player (Sauce, 76561199194857204)(<7801.914551, 315.043640, 6893.657715>) quick accessed a lock!
[00:30:57] Player (Sauce, 76561199194857204)(<7801.914551, 315.043640, 6893.657715>) quick accessed a lock!
[00:31:44] Player (Sauce, 76561199194857204)(<7801.914551, 315.043640, 6893.657715>) quick accessed a lock!
[00:32:14] Player (Sauce, 76561199194857204)(<7792.361328, 313.654327, 6894.910645>) quick accessed a lock!
[00:34:32] Player (Sauce, 76561199194857204)(<7801.914551, 315.043640, 6893.657715>) quick accessed a lock!
[00:34:36] Player (Sauce, 76561199194857204)(<7792.361328, 313.654327, 6894.910645>) quick accessed a lock!
[00:35:33] Player (Sauce, 76561199194857204)(<7792.361328, 313.654327, 6894.910645>) quick accessed a lock!
[00:38:33] Player (Sauce, 76561199194857204)(<7801.914551, 315.043640, 6893.657715>) quick accessed a lock!
[00:38:44] Player (Sauce, 76561199194857204)(<7802.306641, 314.866455, 6893.690918>) quick accessed a lock!
[00:41:12] Player (Sauce, 76561199194857204)(<7802.306641, 314.866455, 6893.690918>) quick accessed a lock!
[00:42:56] Player (Sauce, 76561199194857204)(<7801.914551, 315.043640, 6893.657715>) quick accessed a lock!
[00:47:52] Player (Sauce, 76561199194857204)(<7801.914551, 315.043640, 6893.657715>) quick accessed a lock!
[00:50:21] Player (Sauce, 76561199194857204)(<7801.914551, 315.043640, 6893.657715>) quick accessed a lock!
[00:50:41] Player (Sauce, 76561199194857204)(<7792.361328, 313.654327, 6894.910645>) quick accessed a lock!
[00:50:59] Player (Sauce, 76561199194857204)(<7802.306641, 314.866455, 6893.690918>) quick accessed a lock!
[00:52:48] Player (Sauce, 76561199194857204)(<7802.306641, 314.866455, 6893.690918>) quick accessed a lock!
[00:53:06] Player (Sauce, 76561199194857204)(<7801.914551, 315.043640, 6893.657715>) quick accessed a lock!
[00:53:08] Player (Sauce, 76561199194857204)(<7792.361328, 313.654327, 6894.910645>) quick accessed a lock!
[01:03:50] Player (Sauce, 76561199194857204)(<7802.306641, 314.866455, 6893.690918>) quick accessed a lock!
[01:03:56] Player (Sauce, 76561199194857204)(<7801.914551, 315.043640, 6893.657715>) quick accessed a lock!
[01:04:07] Player (Sauce, 76561199194857204)(<7792.361328, 313.654327, 6894.910645>) quick accessed a lock!
[01:14:55] Player (Sauce, 76561199194857204)(<7802.306641, 314.866455, 6893.690918>) quick accessed a lock!
[01:15:01] Player (Sauce, 76561199194857204)(<7801.914551, 315.043640, 6893.657715>) quick accessed a lock!
[01:25:13] Player (Sauce, 76561199194857204)(<7802.306641, 314.866455, 6893.690918>) quick accessed a lock!
