[08-26-2021][04.03.10] New Access Log File Created!
[06:28:22] Player (Kaleb, 76561198892748368)(<11153.391602, 200.794144, 12304.242188>) quick accessed a lock!
[06:29:05] Player (Kaleb, 76561198892748368)(<11153.391602, 200.794144, 12304.242188>) quick accessed a lock!
[06:38:47] Player (Kaleb, 76561198892748368)(<11153.391602, 200.794144, 12304.242188>) quick accessed a lock!
[06:57:34] Player (Kaleb, 76561198892748368)(<11153.391602, 200.794144, 12304.242188>) quick accessed a lock!
[07:00:37] Player (Kaleb, 76561198892748368)(<11153.391602, 200.794144, 12304.242188>) quick accessed a lock!
[07:00:38] Player (Kaleb, 76561198892748368)(<11153.391602, 200.794144, 12304.242188>) quick accessed a lock!
[07:19:39] Player (Kaleb, 76561198892748368)(<11153.391602, 200.794144, 12304.242188>) quick accessed a lock!
[07:21:40] Player (Kaleb, 76561198892748368)(<11153.391602, 200.794144, 12304.242188>) quick accessed a lock!
[07:23:21] Player (Kaleb, 76561198892748368)(<11153.391602, 200.794144, 12304.242188>) quick accessed a lock!
[07:25:22] Player (Kaleb, 76561198892748368)(<11153.391602, 200.794144, 12304.242188>) quick accessed a lock!
[07:28:41] Player (Kaleb, 76561198892748368)(<11153.391602, 200.794144, 12304.242188>) quick accessed a lock!
[07:33:46] Player (Kaleb, 76561198892748368)(<11153.391602, 200.794144, 12304.242188>) quick accessed a lock!
[07:54:17] Player (Kaleb, 76561198892748368)(<11153.391602, 200.794144, 12304.242188>) quick accessed a lock!
[08:00:16] Player (Kaleb, 76561198892748368)(<11153.391602, 200.794144, 12304.242188>) quick accessed a lock!
[08:01:08] Player (Kaleb, 76561198892748368)(<11153.391602, 200.794144, 12304.242188>) quick accessed a lock!
[08:02:46] Player (Kaleb, 76561198892748368)(<11153.391602, 200.794144, 12304.242188>) quick accessed a lock!
[08:02:55] Player (Kaleb, 76561198892748368)(<11153.391602, 200.794144, 12304.242188>) quick accessed a lock!
[08:04:11] Player (Kaleb, 76561198892748368)(<11153.391602, 200.794144, 12304.242188>) quick accessed a lock!
[08:04:12] Player (Kaleb, 76561198892748368)(<11153.391602, 200.794144, 12304.242188>) quick accessed a lock!
[08-26-2021][10.05.15] Log file reloaded ( Server Restart )
[11:05:56] Player (Kaleb, 76561198892748368)(<11153.391602, 200.794144, 12304.242188>) quick accessed a lock!
[11:06:11] Player (Kaleb, 76561198892748368)(<11153.391602, 200.794144, 12304.242188>) quick accessed a lock!
[11:06:17] Player (Kaleb, 76561198892748368)(<11153.391602, 200.794144, 12304.242188>) quick accessed a lock!
[11:06:29] Player (Kaleb, 76561198892748368)(<11153.391602, 200.794144, 12304.242188>) quick accessed a lock!
[11:10:25] Player (Kaleb, 76561198892748368)(<11153.391602, 200.794144, 12304.242188>) quick accessed a lock!
[11:10:45] Player (Kaleb, 76561198892748368)(<11153.391602, 200.794144, 12304.242188>) quick accessed a lock!
[11:11:14] Player (Kaleb, 76561198892748368)(<11153.391602, 200.794144, 12304.242188>) quick accessed a lock!
[11:11:46] Player (Kaleb, 76561198892748368)(<11153.391602, 200.794144, 12304.242188>) quick accessed a lock!
[11:12:01] Player (Kaleb, 76561198892748368)(<11153.391602, 200.794144, 12304.242188>) quick accessed a lock!
[11:12:25] Player (Kaleb, 76561198892748368)(<11153.391602, 200.794144, 12304.242188>) quick accessed a lock!
[11:17:21] Player (Kaleb, 76561198892748368)(<11161.232422, 202.830002, 12301.918945>) set a new passcode on lock!
[11:17:21] Player (Kaleb, 76561198892748368)(<11161.232422, 202.830002, 12301.918945>) claimed ownership of a lock!
[11:19:10] Player (Kaleb, 76561198892748368)(<11153.391602, 200.794144, 12304.242188>) quick accessed a lock!
[11:19:28] Player (Kaleb, 76561198892748368)(<11153.391602, 200.794144, 12304.242188>) quick accessed a lock!
[11:21:17] Player (Kaleb, 76561198892748368)(<11153.391602, 200.794144, 12304.242188>) quick accessed a lock!
[12:10:06] Player (Kaleb, 76561198892748368)(<11153.391602, 200.794144, 12304.242188>) quick accessed a lock!
[12:10:16] Player (Kaleb, 76561198892748368)(<11153.391602, 200.794144, 12304.242188>) quick accessed a lock!
[12:11:39] Player (Kaleb, 76561198892748368)(<11153.391602, 200.794144, 12304.242188>) quick accessed a lock!
[12:11:40] Player (Kaleb, 76561198892748368)(<11153.391602, 200.794144, 12304.242188>) quick accessed a lock!
[12:11:52] Player (Kaleb, 76561198892748368)(<11153.391602, 200.794144, 12304.242188>) quick accessed a lock!
[12:11:54] Player (Kaleb, 76561198892748368)(<11153.391602, 200.794144, 12304.242188>) quick accessed a lock!
[12:12:27] Player (Kaleb, 76561198892748368)(<11153.391602, 200.794144, 12304.242188>) quick accessed a lock!
[12:13:35] Player (Kaleb, 76561198892748368)(<11153.391602, 200.794144, 12304.242188>) quick accessed a lock!
[12:16:15] Player (Kaleb, 76561198892748368)(<11153.391602, 200.794144, 12304.242188>) quick accessed a lock!
[12:18:11] Player (Kaleb, 76561198892748368)(<11153.391602, 200.794144, 12304.242188>) quick accessed a lock!
[12:18:32] Player (Kaleb, 76561198892748368)(<11153.391602, 200.794144, 12304.242188>) quick accessed a lock!
[12:18:42] Player (Kaleb, 76561198892748368)(<11153.391602, 200.794144, 12304.242188>) quick accessed a lock!
[12:18:59] Player (Kaleb, 76561198892748368)(<11153.391602, 200.794144, 12304.242188>) quick accessed a lock!
[12:19:00] Player (Kaleb, 76561198892748368)(<11153.391602, 200.794144, 12304.242188>) quick accessed a lock!
[12:22:44] Player (Kaleb, 76561198892748368)(<11153.391602, 200.794144, 12304.242188>) quick accessed a lock!
[12:36:16] Player (Kaleb, 76561198892748368)(<11153.391602, 200.794144, 12304.242188>) quick accessed a lock!
[12:36:48] Player (Kaleb, 76561198892748368)(<11153.391602, 200.794144, 12304.242188>) quick accessed a lock!
[12:39:12] Player (Kaleb, 76561198892748368)(<11153.391602, 200.794144, 12304.242188>) quick accessed a lock!
[12:39:20] Player (Kaleb, 76561198892748368)(<11153.391602, 200.794144, 12304.242188>) quick accessed a lock!
[12:39:38] Player (Kaleb, 76561198892748368)(<11153.391602, 200.794144, 12304.242188>) quick accessed a lock!
[12:40:15] Player (Kaleb, 76561198892748368)(<11153.391602, 200.794144, 12304.242188>) quick accessed a lock!
[12:40:33] Player (Kaleb, 76561198892748368)(<11153.391602, 200.794144, 12304.242188>) quick accessed a lock!
[12:42:13] Player (Kaleb, 76561198892748368)(<11153.391602, 200.794144, 12304.242188>) quick accessed a lock!
[12:42:20] Player (Kaleb, 76561198892748368)(<11153.391602, 200.794144, 12304.242188>) quick accessed a lock!
[12:42:21] Player (Kaleb, 76561198892748368)(<11153.391602, 200.794144, 12304.242188>) quick accessed a lock!
[12:44:18] Player (Kaleb, 76561198892748368)(<11153.391602, 200.794144, 12304.242188>) quick accessed a lock!
[12:45:30] Player (Kaleb, 76561198892748368)(<11153.391602, 200.794144, 12304.242188>) quick accessed a lock!
[12:45:31] Player (Kaleb, 76561198892748368)(<11153.391602, 200.794144, 12304.242188>) quick accessed a lock!
[12:45:45] Player (Kaleb, 76561198892748368)(<11153.391602, 200.794144, 12304.242188>) quick accessed a lock!
[13:21:01] Player (Kaleb, 76561198892748368)(<11153.391602, 200.794144, 12304.242188>) quick accessed a lock!
[13:22:20] Player (Kaleb, 76561198892748368)(<11153.391602, 200.794144, 12304.242188>) quick accessed a lock!
[13:22:22] Player (Kaleb, 76561198892748368)(<11153.391602, 200.794144, 12304.242188>) quick accessed a lock!
[13:25:11] Player (Kaleb, 76561198892748368)(<11153.391602, 200.794144, 12304.242188>) quick accessed a lock!
[13:25:25] Player (Kaleb, 76561198892748368)(<11153.391602, 200.794144, 12304.242188>) quick accessed a lock!
[13:27:20] Player (Kaleb, 76561198892748368)(<11153.391602, 200.794144, 12304.242188>) quick accessed a lock!
[13:27:22] Player (Kaleb, 76561198892748368)(<11153.391602, 200.794144, 12304.242188>) quick accessed a lock!
[13:32:13] Player (Kaleb, 76561198892748368)(<11153.391602, 200.794144, 12304.242188>) quick accessed a lock!
[13:32:34] Player (Kaleb, 76561198892748368)(<11153.391602, 200.794144, 12304.242188>) quick accessed a lock!
[13:32:35] Player (Kaleb, 76561198892748368)(<11153.391602, 200.794144, 12304.242188>) quick accessed a lock!
[13:32:55] Player (Kaleb, 76561198892748368)(<11153.391602, 200.794144, 12304.242188>) quick accessed a lock!
[13:33:08] Player (Kaleb, 76561198892748368)(<11153.391602, 200.794144, 12304.242188>) quick accessed a lock!
[13:33:28] Player (Kaleb, 76561198892748368)(<11155.415039, 200.212296, 12294.655273>) set a new passcode on lock!
[13:33:28] Player (Kaleb, 76561198892748368)(<11155.415039, 200.212296, 12294.655273>) claimed ownership of a lock!
[13:33:57] Player (Kaleb, 76561198892748368)(<11153.391602, 200.794144, 12304.242188>) quick accessed a lock!
[13:34:10] Player (Kaleb, 76561198892748368)(<11155.415039, 200.212296, 12294.655273>) quick accessed a lock!
[08-26-2021][13.48.09] Log file reloaded ( Server Restart )
[15:28:42] Player (^DBD^ Maxo, 76561198148661627)(<317.850250, 288.725128, 8562.127930>) quick accessed a lock!
[15:28:52] Player (^DBD^ Maxo, 76561198148661627)(<317.486023, 288.720673, 8562.154297>) quick accessed a lock!
[15:29:26] Player (^DBD^ Maxo, 76561198148661627)(<311.371857, 287.510773, 8561.625977>) quick accessed a lock!
[15:30:05] Player (^DBD^ Maxo, 76561198148661627)(<311.371857, 287.510773, 8561.625977>) quick accessed a lock!
[15:30:10] Player (^DBD^ Maxo, 76561198148661627)(<314.991302, 287.500458, 8557.575195>) quick accessed a lock!
[15:36:30] Player (^DBD^ Maxo, 76561198148661627)(<314.991302, 287.500458, 8557.575195>) quick accessed a lock!
[15:37:40] Player (^DBD^ Maxo, 76561198148661627)(<314.991302, 287.500458, 8557.575195>) quick accessed a lock!
[15:41:55] Player (^DBD^ Maxo, 76561198148661627)(<314.991302, 287.500458, 8557.575195>) quick accessed a lock!
[15:42:52] Player (^DBD^ Maxo, 76561198148661627)(<317.850250, 288.725128, 8562.127930>) quick accessed a lock!
[15:45:55] Player (^DBD^ Maxo, 76561198148661627)(<317.850250, 288.725128, 8562.127930>) quick accessed a lock!
[15:47:01] Player (^DBD^ Maxo, 76561198148661627)(<314.991302, 287.500458, 8557.575195>) quick accessed a lock!
[15:47:13] Player (^DBD^ Maxo, 76561198148661627)(<311.371857, 287.510773, 8561.625977>) quick accessed a lock!
[15:47:25] Player (^DBD^ Maxo, 76561198148661627)(<311.371857, 287.510773, 8561.625977>) quick accessed a lock!
[15:50:33] Player (^DBD^ Maxo, 76561198148661627)(<317.850250, 288.725128, 8562.127930>) quick accessed a lock!
[16:44:15] Player (Kaleb, 76561198892748368)(<11153.391602, 200.794144, 12304.242188>) quick accessed a lock!
[16:44:26] Player (Kaleb, 76561198892748368)(<11155.415039, 200.212296, 12294.655273>) quick accessed a lock!
[16:48:58] Player (Kaleb, 76561198892748368)(<11155.415039, 200.212296, 12294.655273>) quick accessed a lock!
[16:48:59] Player (^DBD^ Maxo, 76561198148661627)(<317.850250, 288.725128, 8562.127930>) quick accessed a lock!
[16:49:05] Player (^DBD^ Maxo, 76561198148661627)(<317.850250, 288.725128, 8562.127930>) quick accessed a lock!
[16:49:10] Player (^DBD^ Maxo, 76561198148661627)(<317.486023, 288.720673, 8562.154297>) quick accessed a lock!
[16:49:18] Player (^DBD^ Maxo, 76561198148661627)(<311.371857, 287.510773, 8561.625977>) quick accessed a lock!
[16:49:19] Player (Kaleb, 76561198892748368)(<11153.391602, 200.794144, 12304.242188>) quick accessed a lock!
[16:49:20] Player (Kaleb, 76561198892748368)(<11153.391602, 200.794144, 12304.242188>) quick accessed a lock!
[16:49:29] Player (^DBD^ Maxo, 76561198148661627)(<314.991302, 287.500458, 8557.575195>) quick accessed a lock!
[16:49:41] Player (^DBD^ Maxo, 76561198148661627)(<317.486023, 288.720673, 8562.154297>) quick accessed a lock!
[16:51:00] Player (^DBD^ Maxo, 76561198148661627)(<311.371857, 287.510773, 8561.625977>) quick accessed a lock!
[16:53:35] Player (Kaleb, 76561198892748368)(<11153.391602, 200.794144, 12304.242188>) quick accessed a lock!
[16:54:02] Player (Kaleb, 76561198892748368)(<11155.415039, 200.212296, 12294.655273>) quick accessed a lock!
[17:36:59] Player (Kaleb, 76561198892748368)(<11155.415039, 200.212296, 12294.655273>) quick accessed a lock!
[17:37:55] Player (Kaleb, 76561198892748368)(<11153.391602, 200.794144, 12304.242188>) quick accessed a lock!
[17:48:32] Player (Kaleb, 76561198892748368)(<11157.393555, 204.045959, 12310.053711>) set a new passcode on lock!
[17:48:32] Player (Kaleb, 76561198892748368)(<11157.393555, 204.045959, 12310.053711>) claimed ownership of a lock!
[17:49:18] Player (Kaleb, 76561198892748368)(<11157.393555, 204.045959, 12310.053711>) quick accessed a lock!
[17:50:31] Player (Kaleb, 76561198892748368)(<11157.393555, 204.045959, 12310.053711>) quick accessed a lock!
[17:50:33] Player (Kaleb, 76561198892748368)(<11157.393555, 204.045959, 12310.053711>) quick accessed a lock!
[17:55:25] Player (Kaleb, 76561198892748368)(<11157.393555, 204.045959, 12310.053711>) quick accessed a lock!
[17:56:24] Player (Kaleb, 76561198892748368)(<11153.391602, 200.794144, 12304.242188>) quick accessed a lock!
[17:56:41] Player (Kaleb, 76561198892748368)(<11155.415039, 200.212296, 12294.655273>) quick accessed a lock!
[18:17:05] Player (^DBD^ Maxo, 76561198148661627)(<317.850250, 288.725128, 8562.127930>) quick accessed a lock!
[18:19:50] Player (^DBD^ Maxo, 76561198148661627)(<317.850250, 288.725128, 8562.127930>) quick accessed a lock!
[18:27:05] Player (^DBD^ Maxo, 76561198148661627)(<314.991302, 287.500458, 8557.575195>) quick accessed a lock!
[18:29:21] Player (^DBD^ Maxo, 76561198148661627)(<311.371857, 287.510773, 8561.625977>) quick accessed a lock!
[18:29:26] Player (^DBD^ Maxo, 76561198148661627)(<311.371857, 287.510773, 8561.625977>) quick accessed a lock!
[18:29:32] Player (^DBD^ Maxo, 76561198148661627)(<311.371857, 287.510773, 8561.625977>) quick accessed a lock!
[18:37:07] Player (^DBD^ Maxo, 76561198148661627)(<1185.200195, 344.556030, 9979.226563>) set a new passcode on lock!
[18:37:07] Player (^DBD^ Maxo, 76561198148661627)(<1185.200195, 344.556030, 9979.226563>) claimed ownership of a lock!
[18:37:08] Player (^DBD^ Maxo, 76561198148661627)(<1185.200195, 344.556030, 9979.226563>) quick accessed a lock!
[18:40:46] Player (^DBD^ Maxo, 76561198148661627)(<1185.200195, 344.556030, 9979.226563>) quick accessed a lock!
[19:01:14] Player (^DBD^ Maxo, 76561198148661627)(<1185.200195, 344.556030, 9979.226563>) quick accessed a lock!
[19:01:34] Player (^DBD^ Maxo, 76561198148661627)(<1185.200195, 344.556030, 9979.226563>) quick accessed a lock!
[19:08:48] Player (^DBD^ Maxo, 76561198148661627)(<317.850250, 288.725128, 8562.127930>) quick accessed a lock!
[19:08:54] Player (^DBD^ Maxo, 76561198148661627)(<317.486023, 288.720673, 8562.154297>) quick accessed a lock!
[19:12:46] Player (^DBD^ Maxo, 76561198148661627)(<314.991302, 287.500458, 8557.575195>) quick accessed a lock!
[19:12:57] Player (^DBD^ Maxo, 76561198148661627)(<311.371857, 287.510773, 8561.625977>) quick accessed a lock!
[19:14:24] Player (^DBD^ Maxo, 76561198148661627)(<314.991302, 287.500458, 8557.575195>) removed a lock!
[19:23:29] Player (^DBD^ Maxo, 76561198148661627)(<1181.235474, 344.556030, 9979.996094>) set a new passcode on lock!
[19:23:29] Player (^DBD^ Maxo, 76561198148661627)(<1181.235474, 344.556030, 9979.996094>) claimed ownership of a lock!
[19:23:48] Player (^DBD^ Maxo, 76561198148661627)(<1182.824463, 344.556030, 9978.469727>) set a new passcode on lock!
[19:23:48] Player (^DBD^ Maxo, 76561198148661627)(<1182.824463, 344.556030, 9978.469727>) claimed ownership of a lock!
[19:23:50] Player (^DBD^ Maxo, 76561198148661627)(<1181.235474, 344.556030, 9979.996094>) quick accessed a lock!
[19:30:18] Player (Kaleb, 76561198892748368)(<11155.415039, 200.212296, 12294.655273>) quick accessed a lock!
[19:31:03] Player (Kaleb, 76561198892748368)(<11153.391602, 200.794144, 12304.242188>) quick accessed a lock!
[19:31:04] Player (Kaleb, 76561198892748368)(<11153.391602, 200.794144, 12304.242188>) quick accessed a lock!
[19:37:06] Player (Kaleb, 76561198892748368)(<11153.391602, 200.794144, 12304.242188>) quick accessed a lock!
[19:37:07] Player (Kaleb, 76561198892748368)(<11153.391602, 200.794144, 12304.242188>) quick accessed a lock!
[19:37:19] Player (Kaleb, 76561198892748368)(<11153.391602, 200.794144, 12304.242188>) quick accessed a lock!
[19:37:33] Player (Kaleb, 76561198892748368)(<11153.391602, 200.794144, 12304.242188>) quick accessed a lock!
[19:37:51] Player (Kaleb, 76561198892748368)(<11153.391602, 200.794144, 12304.242188>) quick accessed a lock!
[19:38:57] Player (Dr. Mauler, 76561198022416611)(<12890.177734, 64.436760, 15109.198242>) quick accessed a lock!
[19:39:02] Player (Dr. Mauler, 76561198022416611)(<12888.545898, 64.531334, 15107.648438>) quick accessed a lock!
[19:39:07] Player (Dr. Mauler, 76561198022416611)(<12884.321289, 64.531334, 15105.812500>) quick accessed a lock!
[19:39:15] Player (Dr. Mauler, 76561198022416611)(<12884.335938, 69.317932, 15105.151367>) quick accessed a lock!
[19:39:19] Player (Dr. Mauler, 76561198022416611)(<12884.483398, 69.317932, 15105.002930>) quick accessed a lock!
[19:39:56] Player (Dr. Mauler, 76561198022416611)(<12884.483398, 69.317932, 15105.002930>) quick accessed a lock!
[19:39:59] Player (Dr. Mauler, 76561198022416611)(<12884.335938, 69.317932, 15105.151367>) quick accessed a lock!
[19:40:02] Player (Dr. Mauler, 76561198022416611)(<12884.321289, 64.531334, 15105.812500>) quick accessed a lock!
[19:40:14] Player (Kaleb, 76561198892748368)(<11157.393555, 204.045959, 12310.053711>) quick accessed a lock!
[19:41:47] Player (^DBD^ Maxo, 76561198148661627)(<1181.235474, 344.556030, 9979.996094>) quick accessed a lock!
[19:42:27] Player (^DBD^ Maxo, 76561198148661627)(<1185.200195, 344.556030, 9979.226563>) quick accessed a lock!
[19:43:10] Player (^DBD^ Maxo, 76561198148661627)(<1182.824463, 344.556030, 9978.469727>) quick accessed a lock!
[19:45:10] Player (Kaleb, 76561198892748368)(<11161.232422, 202.830002, 12301.918945>) quick accessed a lock!
[19:45:31] Player (^DBD^ Maxo, 76561198148661627)(<1182.824463, 344.556030, 9978.469727>) quick accessed a lock!
[19:46:13] Player (^DBD^ Maxo, 76561198148661627)(<1185.200195, 344.556030, 9979.226563>) quick accessed a lock!
[19:46:39] Player (^DBD^ Maxo, 76561198148661627)(<1181.235474, 344.556030, 9979.996094>) quick accessed a lock!
[19:48:10] Player (Kaleb, 76561198892748368)(<11157.393555, 204.045959, 12310.053711>) quick accessed a lock!
[19:48:11] Player (Kaleb, 76561198892748368)(<11157.393555, 204.045959, 12310.053711>) quick accessed a lock!
[08-26-2021][19.50.22] Log file reloaded ( Server Restart )
[19:55:31] Player (Kaleb, 76561198892748368)(<11161.232422, 202.830002, 12301.918945>) quick accessed a lock!
[19:57:17] Player (Kaleb, 76561198892748368)(<11161.232422, 202.830002, 12301.918945>) quick accessed a lock!
[19:58:18] Player (^DBD^ Maxo, 76561198148661627)(<1185.200195, 344.556030, 9979.226563>) quick accessed a lock!
[20:05:34] Player (Kaleb, 76561198892748368)(<11157.393555, 204.045959, 12310.053711>) quick accessed a lock!
[20:05:40] Player (Kaleb, 76561198892748368)(<11161.232422, 202.830002, 12301.918945>) quick accessed a lock!
[20:06:17] Player (^DBD^ Maxo, 76561198148661627)(<317.850250, 288.725128, 8562.127930>) quick accessed a lock!
[20:06:22] Player (^DBD^ Maxo, 76561198148661627)(<317.486023, 288.720673, 8562.154297>) quick accessed a lock!
[20:06:37] Player (^DBD^ Maxo, 76561198148661627)(<311.371857, 287.510773, 8561.625977>) removed a lock!
[20:07:35] Player (Kaleb, 76561198892748368)(<11157.393555, 204.045959, 12310.053711>) quick accessed a lock!
[20:08:12] Player (^DBD^ Maxo, 76561198148661627)(<317.486023, 288.720673, 8562.154297>) quick accessed a lock!
[20:08:18] Player (Kaleb, 76561198892748368)(<11153.391602, 200.794144, 12304.242188>) quick accessed a lock!
[20:08:44] Player (^DBD^ Maxo, 76561198148661627)(<317.486023, 288.720673, 8562.154297>) removed a lock!
[20:11:30] Player (Kaleb, 76561198892748368)(<11155.415039, 200.212296, 12294.655273>) quick accessed a lock!
[20:16:38] Player (^DBD^ Maxo, 76561198148661627)(<317.850250, 288.725128, 8562.127930>) removed a lock!
[20:17:58] Player (^DBD^ Maxo, 76561198148661627)(<317.850250, 288.725128, 8562.127930>) set a new passcode on lock!
[20:17:58] Player (^DBD^ Maxo, 76561198148661627)(<317.850250, 288.725128, 8562.127930>) claimed ownership of a lock!
[20:18:21] Player (^DBD^ Maxo, 76561198148661627)(<317.850250, 288.725128, 8562.127930>) quick accessed a lock!
[20:19:10] Player (^DBD^ Maxo, 76561198148661627)(<317.850250, 288.725128, 8562.127930>) quick accessed a lock!
[20:30:45] Player (^DBD^ Maxo, 76561198148661627)(<1182.824463, 344.556030, 9978.469727>) quick accessed a lock!
[20:37:02] Player (^DBD^ Maxo, 76561198148661627)(<1184.751831, 344.556030, 9983.866211>) set a new passcode on lock!
[20:37:02] Player (^DBD^ Maxo, 76561198148661627)(<1184.751831, 344.556030, 9983.866211>) claimed ownership of a lock!
[20:37:41] Player (^DBD^ Maxo, 76561198148661627)(<1184.751831, 344.556030, 9983.866211>) quick accessed a lock!
[20:39:26] Player (^DBD^ Maxo, 76561198148661627)(<1184.751831, 344.556030, 9983.866211>) quick accessed a lock!
[20:40:16] Player (^DBD^ Maxo, 76561198148661627)(<1181.235474, 344.556030, 9979.996094>) quick accessed a lock!
[20:41:00] Player (^DBD^ Maxo, 76561198148661627)(<1186.966064, 344.556030, 9980.056641>) set a new passcode on lock!
[20:41:00] Player (^DBD^ Maxo, 76561198148661627)(<1186.966064, 344.556030, 9980.056641>) claimed ownership of a lock!
[20:41:01] Player (^DBD^ Maxo, 76561198148661627)(<1186.966064, 344.556030, 9980.056641>) quick accessed a lock!
[20:41:36] Player (^DBD^ Maxo, 76561198148661627)(<1181.235474, 344.556030, 9979.996094>) quick accessed a lock!
[20:43:37] Player (^DBD^ Maxo, 76561198148661627)(<1186.966064, 344.556030, 9980.056641>) quick accessed a lock!
[20:55:27] Player (^DBD^ Maxo, 76561198148661627)(<1180.122559, 344.556030, 9988.092773>) set a new passcode on lock!
[20:55:27] Player (^DBD^ Maxo, 76561198148661627)(<1180.122559, 344.556030, 9988.092773>) claimed ownership of a lock!
[20:58:45] Player (^DBD^ Maxo, 76561198148661627)(<1186.712402, 344.556030, 9985.844727>) set a new passcode on lock!
[20:58:45] Player (^DBD^ Maxo, 76561198148661627)(<1186.712402, 344.556030, 9985.844727>) claimed ownership of a lock!
[20:59:08] Player (^DBD^ Maxo, 76561198148661627)(<1184.751831, 344.556030, 9983.866211>) quick accessed a lock!
[20:59:10] Player (^DBD^ Maxo, 76561198148661627)(<1186.712402, 344.556030, 9985.844727>) quick accessed a lock!
[21:00:46] Player (^DBD^ Maxo, 76561198148661627)(<1184.751831, 344.556030, 9983.866211>) quick accessed a lock!
[21:01:12] Player (^DBD^ Maxo, 76561198148661627)(<1180.122559, 344.556030, 9988.092773>) quick accessed a lock!
[21:01:30] Player (^DBD^ Maxo, 76561198148661627)(<1180.122559, 344.556030, 9988.092773>) quick accessed a lock!
[21:05:38] Player (^DBD^ Maxo, 76561198148661627)(<1186.712402, 344.556030, 9985.844727>) quick accessed a lock!
[21:06:04] Player (^DBD^ Maxo, 76561198148661627)(<1184.751831, 344.556030, 9983.866211>) quick accessed a lock!
[21:19:20] Player (Dr. Mauler, 76561198022416611)(<12888.545898, 64.531334, 15107.648438>) quick accessed a lock!
[21:19:25] Player (Dr. Mauler, 76561198022416611)(<12890.177734, 64.436760, 15109.198242>) quick accessed a lock!
[22:08:25] Player (Kaleb, 76561198892748368)(<11155.415039, 200.212296, 12294.655273>) quick accessed a lock!
[22:09:16] Player (Kaleb, 76561198892748368)(<11153.391602, 200.794144, 12304.242188>) quick accessed a lock!
[22:09:54] Player (Kaleb, 76561198892748368)(<11157.393555, 204.045959, 12310.053711>) quick accessed a lock!
[22:24:39] Player (Kaleb, 76561198892748368)(<11155.415039, 200.212296, 12294.655273>) quick accessed a lock!
[22:43:49] Player (Kaleb, 76561198892748368)(<11155.415039, 200.212296, 12294.655273>) quick accessed a lock!
[22:43:50] Player (Kaleb, 76561198892748368)(<11155.415039, 200.212296, 12294.655273>) quick accessed a lock!
[22:46:07] Player (Kaleb, 76561198892748368)(<11157.393555, 204.045959, 12310.053711>) quick accessed a lock!
[00:34:53] Player (^DBD^ Maxo, 76561198148661627)(<1184.751831, 344.556030, 9983.866211>) quick accessed a lock!
[00:36:17] Player (^DBD^ Maxo, 76561198148661627)(<1186.712402, 344.556030, 9985.844727>) quick accessed a lock!
