[08-28-2021][01.42.44] New Access Log File Created!
[01:45:13] Player (Aaron, 76561199083883076)(<1136.275024, 344.882324, 9965.555664>) quick accessed a lock!
[01:46:00] Player (Aaron, 76561199083883076)(<1136.275024, 344.882324, 9965.555664>) quick accessed a lock!
[01:51:11] Player (^DBD^ Maxo, 76561198148661627)(<1186.712402, 344.556030, 9985.844727>) quick accessed a lock!
[01:54:45] Player (Aaron, 76561199083883076)(<1141.110718, 344.882324, 9964.958984>) quick accessed a lock!
[01:55:16] Player (Aaron, 76561199083883076)(<1136.275024, 344.882324, 9965.555664>) quick accessed a lock!
[01:55:42] Player (Aaron, 76561199083883076)(<1136.275024, 344.882324, 9965.555664>) quick accessed a lock!
[01:58:44] Player (^DBD^ Maxo, 76561198148661627)(<1184.751831, 344.556030, 9983.866211>) quick accessed a lock!
[01:58:55] Player (^DBD^ Maxo, 76561198148661627)(<1181.235474, 344.556030, 9979.996094>) quick accessed a lock!
[01:59:56] Player (^DBD^ Maxo, 76561198148661627)(<1184.751831, 344.556030, 9983.866211>) quick accessed a lock!
[02:01:04] Player (Aaron, 76561199083883076)(<1133.712769, 344.882324, 9966.475586>) set a new passcode on lock!
[02:01:04] Player (Aaron, 76561199083883076)(<1133.712769, 344.882324, 9966.475586>) claimed ownership of a lock!
[02:01:07] Player (Aaron, 76561199083883076)(<1133.712769, 344.882324, 9966.475586>) quick accessed a lock!
[02:01:20] Player (Aaron, 76561199083883076)(<1133.712769, 344.882324, 9966.475586>) quick accessed a lock!
[02:04:38] Player (^DBD^ Maxo, 76561198148661627)(<1184.751831, 344.556030, 9983.866211>) quick accessed a lock!
[02:05:12] Player (^DBD^ Maxo, 76561198148661627)(<1182.824463, 344.556030, 9978.469727>) quick accessed a lock!
[02:05:35] Player (^DBD^ Maxo, 76561198148661627)(<1184.751831, 344.556030, 9983.866211>) quick accessed a lock!
[02:06:26] Player (Aaron, 76561199083883076)(<1133.712769, 344.882324, 9966.475586>) quick accessed a lock!
[02:07:02] Player (Aaron, 76561199083883076)(<1136.275024, 344.882324, 9965.555664>) quick accessed a lock!
[02:07:12] Player (Aaron, 76561199083883076)(<1141.110718, 344.882324, 9964.958984>) quick accessed a lock!
[02:08:00] Player (Aaron, 76561199083883076)(<1141.110718, 344.882324, 9964.958984>) quick accessed a lock!
[02:08:18] Player (^DBD^ Maxo, 76561198148661627)(<1185.200195, 344.556030, 9979.226563>) quick accessed a lock!
[02:08:58] Player (^DBD^ Maxo, 76561198148661627)(<1186.712402, 344.556030, 9985.844727>) quick accessed a lock!
[02:09:05] Player (^DBD^ Maxo, 76561198148661627)(<1186.712402, 344.556030, 9985.844727>) quick accessed a lock!
[02:09:20] Player (^DBD^ Maxo, 76561198148661627)(<1184.751831, 344.556030, 9983.866211>) quick accessed a lock!
[02:11:13] Player (^DBD^ Maxo, 76561198148661627)(<1186.712402, 344.556030, 9985.844727>) quick accessed a lock!
[02:11:15] Player (^DBD^ Maxo, 76561198148661627)(<1184.751831, 344.556030, 9983.866211>) quick accessed a lock!
[02:11:53] Player (Aaron, 76561199083883076)(<1133.712769, 344.882324, 9966.475586>) quick accessed a lock!
[02:11:55] Player (Aaron, 76561199083883076)(<1136.275024, 344.882324, 9965.555664>) quick accessed a lock!
[02:12:02] Player (Aaron, 76561199083883076)(<1141.110718, 344.882324, 9964.958984>) quick accessed a lock!
[06:24:12] Player (Sauce, 76561199194857204)(<7802.306641, 314.866455, 6893.690918>) set a new passcode on lock!
[06:24:12] Player (Sauce, 76561199194857204)(<7802.306641, 314.866455, 6893.690918>) claimed ownership of a lock!
[06:25:20] Player (Sauce, 76561199194857204)(<7802.306641, 314.866455, 6893.690918>) quick accessed a lock!
[06:25:32] Player (Sauce, 76561199194857204)(<7802.306641, 314.866455, 6893.690918>) quick accessed a lock!
[08-28-2021][07.44.50] Log file reloaded ( Server Restart )
[08-28-2021][09.19.39] Log file reloaded ( Server Restart )
[09:42:58] Player (Dr. Mauler, 76561198022416611)(<12890.177734, 64.436760, 15109.198242>) quick accessed a lock!
[09:43:03] Player (Dr. Mauler, 76561198022416611)(<12888.545898, 64.531334, 15107.648438>) quick accessed a lock!
[09:43:08] Player (Dr. Mauler, 76561198022416611)(<12884.321289, 64.531334, 15105.812500>) quick accessed a lock!
[09:43:16] Player (Dr. Mauler, 76561198022416611)(<12884.335938, 69.317932, 15105.151367>) quick accessed a lock!
[09:43:21] Player (Dr. Mauler, 76561198022416611)(<12884.483398, 69.317932, 15105.002930>) quick accessed a lock!
[08-28-2021][10.09.36] Log file reloaded ( Server Restart )
[12:09:05] Player (Kaleb, 76561198892748368)(<11157.393555, 204.045959, 12310.053711>) quick accessed a lock!
[12:20:18] Player (Kaleb, 76561198892748368)(<11157.393555, 204.045959, 12310.053711>) quick accessed a lock!
[12:20:33] Player (Aaron, 76561199083883076)(<1133.712769, 344.882324, 9966.475586>) quick accessed a lock!
[12:22:04] Player (Kaleb, 76561198892748368)(<11157.393555, 204.045959, 12310.053711>) quick accessed a lock!
[12:22:18] Player (Aaron, 76561199083883076)(<1136.275024, 344.882324, 9965.555664>) quick accessed a lock!
[12:22:36] Player (Kaleb, 76561198892748368)(<11153.391602, 200.794144, 12304.242188>) quick accessed a lock!
[12:23:00] Player (Aaron, 76561199083883076)(<1141.110718, 344.882324, 9964.958984>) quick accessed a lock!
[12:23:15] Player (Kaleb, 76561198892748368)(<11155.415039, 200.212296, 12294.655273>) quick accessed a lock!
[12:29:33] Player (Kaleb, 76561198892748368)(<11155.415039, 200.212296, 12294.655273>) quick accessed a lock!
[12:29:35] Player (Kaleb, 76561198892748368)(<11155.415039, 200.212296, 12294.655273>) quick accessed a lock!
[12:29:39] Player (Kaleb, 76561198892748368)(<11153.391602, 200.794144, 12304.242188>) quick accessed a lock!
[12:29:41] Player (Kaleb, 76561198892748368)(<11153.391602, 200.794144, 12304.242188>) quick accessed a lock!
[12:30:32] Player (Kaleb, 76561198892748368)(<11153.391602, 200.794144, 12304.242188>) quick accessed a lock!
[12:30:38] Player (Kaleb, 76561198892748368)(<11155.415039, 200.212296, 12294.655273>) quick accessed a lock!
[12:30:39] Player (Kaleb, 76561198892748368)(<11155.415039, 200.212296, 12294.655273>) quick accessed a lock!
[12:31:13] Player (Dr. Mauler, 76561198022416611)(<12888.250977, 68.105797, 15107.663086>) set a new passcode on lock!
[12:31:13] Player (Dr. Mauler, 76561198022416611)(<12888.250977, 68.105797, 15107.663086>) claimed ownership of a lock!
[12:31:30] Player (Dr. Mauler, 76561198022416611)(<12888.804688, 68.105797, 15107.329102>) set a new passcode on lock!
[12:31:30] Player (Dr. Mauler, 76561198022416611)(<12888.804688, 68.105797, 15107.329102>) claimed ownership of a lock!
[12:31:44] Player (Dr. Mauler, 76561198022416611)(<12889.368164, 68.105797, 15106.971680>) set a new passcode on lock!
[12:31:44] Player (Dr. Mauler, 76561198022416611)(<12889.368164, 68.105797, 15106.971680>) claimed ownership of a lock!
[12:31:46] Player (Dr. Mauler, 76561198022416611)(<12889.368164, 68.105797, 15106.971680>) quick accessed a lock!
[12:33:09] Player (Dr. Mauler, 76561198022416611)(<12888.804688, 68.105797, 15107.329102>) quick accessed a lock!
[12:33:14] Player (Dr. Mauler, 76561198022416611)(<12888.250977, 68.105797, 15107.663086>) quick accessed a lock!
[12:33:23] Player (Dr. Mauler, 76561198022416611)(<12888.804688, 68.105797, 15107.329102>) quick accessed a lock!
[12:33:26] Player (Dr. Mauler, 76561198022416611)(<12889.368164, 68.105797, 15106.971680>) quick accessed a lock!
[12:52:36] Player (Kaleb, 76561198892748368)(<11155.415039, 200.212296, 12294.655273>) quick accessed a lock!
[12:52:41] Player (Kaleb, 76561198892748368)(<11153.391602, 200.794144, 12304.242188>) quick accessed a lock!
[12:55:17] Player (Kaleb, 76561198892748368)(<11157.393555, 204.045959, 12310.053711>) quick accessed a lock!
[12:56:02] Player (Aaron, 76561199083883076)(<1133.712769, 344.882324, 9966.475586>) quick accessed a lock!
[12:58:51] Player (Aaron, 76561199083883076)(<1136.275024, 344.882324, 9965.555664>) quick accessed a lock!
[12:58:59] Player (Aaron, 76561199083883076)(<1141.110718, 344.882324, 9964.958984>) quick accessed a lock!
[12:59:17] Player (Kaleb, 76561198892748368)(<11153.391602, 200.794144, 12304.242188>) quick accessed a lock!
[12:59:27] Player (Kaleb, 76561198892748368)(<11153.391602, 200.794144, 12304.242188>) quick accessed a lock!
[12:59:28] Player (Kaleb, 76561198892748368)(<11153.391602, 200.794144, 12304.242188>) quick accessed a lock!
[12:59:33] Player (Kaleb, 76561198892748368)(<11153.391602, 200.794144, 12304.242188>) quick accessed a lock!
[12:59:38] Player (Kaleb, 76561198892748368)(<11155.415039, 200.212296, 12294.655273>) quick accessed a lock!
[13:04:34] Player (KingHotDog, 76561199068832255)(<13756.547852, 3.604946, 3721.132813>) quick accessed a lock!
[13:06:28] Player (Aaron, 76561199083883076)(<1136.275024, 344.882324, 9965.555664>) quick accessed a lock!
[13:06:32] Player (Aaron, 76561199083883076)(<1141.110718, 344.882324, 9964.958984>) quick accessed a lock!
[15:11:38] Player (Aaron, 76561199083883076)(<1136.275024, 344.882324, 9965.555664>) quick accessed a lock!
[15:12:14] Player (Aaron, 76561199083883076)(<1133.712769, 344.882324, 9966.475586>) accessed a lock!
[15:12:14] Player (Aaron, 76561199083883076)(<1133.712769, 344.882324, 9966.475586>) was added as a guest of a lock!
[15:22:20] Player (PussinaBush, 76561198086263481)(<13309.521484, 71.606522, 12124.710938>) quick accessed a lock!
[15:23:45] Player (PussinaBush, 76561198086263481)(<13295.887695, 71.638863, 12122.681641>) quick accessed a lock!
[15:25:34] Player (PussinaBush, 76561198086263481)(<13295.887695, 71.638863, 12122.681641>) quick accessed a lock!
[15:25:39] Player (PussinaBush, 76561198086263481)(<13309.521484, 71.606522, 12124.710938>) quick accessed a lock!
[15:27:01] Player (Kaleb, 76561198892748368)(<11155.415039, 200.212296, 12294.655273>) quick accessed a lock!
[15:27:28] Player (Kaleb, 76561198892748368)(<11153.391602, 200.794144, 12304.242188>) quick accessed a lock!
[15:28:05] Player (Kaleb, 76561198892748368)(<11161.232422, 202.830002, 12301.918945>) quick accessed a lock!
[15:28:06] Player (Kaleb, 76561198892748368)(<11161.232422, 202.830002, 12301.918945>) quick accessed a lock!
[15:36:29] Player (PussinaBush, 76561198086263481)(<13309.521484, 71.606522, 12124.710938>) quick accessed a lock!
[15:36:36] Player (PussinaBush, 76561198086263481)(<13309.521484, 71.606522, 12124.710938>) quick accessed a lock!
[15:38:07] Player (PussinaBush, 76561198086263481)(<13309.521484, 71.606522, 12124.710938>) quick accessed a lock!
[15:38:11] Player (PussinaBush, 76561198086263481)(<13309.521484, 71.606522, 12124.710938>) quick accessed a lock!
[15:39:15] Player (PussinaBush, 76561198086263481)(<13309.521484, 71.606522, 12124.710938>) accessed a lock!
[15:39:15] Player (PussinaBush, 76561198086263481)(<13309.521484, 71.606522, 12124.710938>) was added as a guest of a lock!
[15:39:35] Player (PussinaBush, 76561198086263481)(<13309.521484, 71.606522, 12124.710938>) removed a lock!
[15:41:03] Player (Kaleb, 76561198892748368)(<11153.391602, 200.794144, 12304.242188>) quick accessed a lock!
[15:41:11] Player (Kaleb, 76561198892748368)(<11155.415039, 200.212296, 12294.655273>) quick accessed a lock!
[15:42:07] Player (Kaleb, 76561198892748368)(<11155.415039, 200.212296, 12294.655273>) quick accessed a lock!
[15:42:13] Player (Kaleb, 76561198892748368)(<11153.391602, 200.794144, 12304.242188>) quick accessed a lock!
[15:42:15] Player (Kaleb, 76561198892748368)(<11153.391602, 200.794144, 12304.242188>) quick accessed a lock!
[15:43:38] Player (Kaleb, 76561198892748368)(<11153.391602, 200.794144, 12304.242188>) quick accessed a lock!
[15:43:44] Player (Kaleb, 76561198892748368)(<11155.415039, 200.212296, 12294.655273>) quick accessed a lock!
[15:44:06] Player (Kaleb, 76561198892748368)(<11155.415039, 200.212296, 12294.655273>) quick accessed a lock!
[15:44:13] Player (Kaleb, 76561198892748368)(<11153.391602, 200.794144, 12304.242188>) quick accessed a lock!
[15:44:14] Player (Kaleb, 76561198892748368)(<11153.391602, 200.794144, 12304.242188>) quick accessed a lock!
[15:47:03] Player (Kaleb, 76561198892748368)(<11153.391602, 200.794144, 12304.242188>) quick accessed a lock!
[15:49:03] Player (Kaleb, 76561198892748368)(<11153.391602, 200.794144, 12304.242188>) quick accessed a lock!
[15:53:49] Player (Kaleb, 76561198892748368)(<11161.232422, 202.830002, 12301.918945>) quick accessed a lock!
[15:54:01] Player (Kaleb, 76561198892748368)(<11161.232422, 202.830002, 12301.918945>) quick accessed a lock!
[15:54:56] Player (Kaleb, 76561198892748368)(<11153.391602, 200.794144, 12304.242188>) quick accessed a lock!
[15:55:08] Player (PussinaBush, 76561198086263481)(<13309.554688, 71.606522, 12124.805664>) set a new passcode on lock!
[15:55:08] Player (PussinaBush, 76561198086263481)(<13309.554688, 71.606522, 12124.805664>) claimed ownership of a lock!
[15:55:09] Player (Kaleb, 76561198892748368)(<11153.391602, 200.794144, 12304.242188>) quick accessed a lock!
[15:55:11] Player (Kaleb, 76561198892748368)(<11153.391602, 200.794144, 12304.242188>) quick accessed a lock!
[15:55:18] Player (Kaleb, 76561198892748368)(<11157.393555, 204.045959, 12310.053711>) quick accessed a lock!
[15:55:37] Player (Kaleb, 76561198892748368)(<11153.391602, 200.794144, 12304.242188>) quick accessed a lock!
[15:55:38] Player (PussinaBush, 76561198086263481)(<13309.554688, 71.606522, 12124.805664>) quick accessed a lock!
[15:55:54] Player (PussinaBush, 76561198086263481)(<13295.887695, 71.638863, 12122.681641>) removed a lock!
[15:56:48] Player (Kaleb, 76561198892748368)(<11153.391602, 200.794144, 12304.242188>) quick accessed a lock!
[15:57:59] Player (Kaleb, 76561198892748368)(<11153.391602, 200.794144, 12304.242188>) quick accessed a lock!
[15:58:50] Player (PussinaBush, 76561198086263481)(<13295.887695, 71.638863, 12122.681641>) set a new passcode on lock!
[15:58:50] Player (PussinaBush, 76561198086263481)(<13295.887695, 71.638863, 12122.681641>) claimed ownership of a lock!
[16:05:10] Player (Kaleb, 76561198892748368)(<11153.391602, 200.794144, 12304.242188>) quick accessed a lock!
[16:05:43] Player (Kaleb, 76561198892748368)(<11153.391602, 200.794144, 12304.242188>) quick accessed a lock!
[16:06:31] Player (Kaleb, 76561198892748368)(<11157.393555, 204.045959, 12310.053711>) quick accessed a lock!
[16:06:40] Player (Kaleb, 76561198892748368)(<11161.232422, 202.830002, 12301.918945>) quick accessed a lock!
[16:08:05] Player (Kaleb, 76561198892748368)(<11157.393555, 204.045959, 12310.053711>) quick accessed a lock!
[16:08:12] Player (Kaleb, 76561198892748368)(<11153.391602, 200.794144, 12304.242188>) quick accessed a lock!
[08-28-2021][16.11.45] Log file reloaded ( Server Restart )
[16:31:22] Player (PussinaBush, 76561198086263481)(<13312.713867, 71.629265, 12142.384766>) removed a lock!
[16:34:26] Player (PussinaBush, 76561198086263481)(<13312.713867, 71.629265, 12142.384766>) set a new passcode on lock!
[16:34:26] Player (PussinaBush, 76561198086263481)(<13312.713867, 71.629265, 12142.384766>) claimed ownership of a lock!
[16:35:50] Player (PussinaBush, 76561198086263481)(<13301.398438, 70.431358, 12140.553711>) set a new passcode on lock!
[16:35:50] Player (PussinaBush, 76561198086263481)(<13301.398438, 70.431358, 12140.553711>) claimed ownership of a lock!
[16:35:53] Player (PussinaBush, 76561198086263481)(<13301.398438, 70.431358, 12140.553711>) quick accessed a lock!
[16:36:19] Player (PussinaBush, 76561198086263481)(<13306.908203, 77.495949, 12138.821289>) set a new passcode on lock!
[16:36:19] Player (PussinaBush, 76561198086263481)(<13306.908203, 77.495949, 12138.821289>) claimed ownership of a lock!
[16:36:50] Player (PussinaBush, 76561198086263481)(<13304.783203, 77.479683, 12129.791992>) set a new passcode on lock!
[16:36:50] Player (PussinaBush, 76561198086263481)(<13304.783203, 77.479683, 12129.791992>) claimed ownership of a lock!
[16:36:51] Player (PussinaBush, 76561198086263481)(<13304.783203, 77.479683, 12129.791992>) quick accessed a lock!
[16:38:51] Player (PussinaBush, 76561198086263481)(<13309.554688, 71.606522, 12124.805664>) quick accessed a lock!
[16:38:55] Player (PussinaBush, 76561198086263481)(<13295.887695, 71.638863, 12122.681641>) quick accessed a lock!
[16:39:29] Player (PussinaBush, 76561198086263481)(<13295.887695, 71.638863, 12122.681641>) quick accessed a lock!
[16:39:33] Player (PussinaBush, 76561198086263481)(<13309.554688, 71.606522, 12124.805664>) quick accessed a lock!
[16:39:41] Player (PussinaBush, 76561198086263481)(<13301.398438, 70.431358, 12140.553711>) quick accessed a lock!
[16:44:48] Player (PussinaBush, 76561198086263481)(<13310.330078, 70.417130, 12134.539063>) set a new passcode on lock!
[16:44:48] Player (PussinaBush, 76561198086263481)(<13310.330078, 70.417130, 12134.539063>) claimed ownership of a lock!
[16:44:49] Player (PussinaBush, 76561198086263481)(<13310.330078, 70.417130, 12134.539063>) quick accessed a lock!
[16:45:48] Player (PussinaBush, 76561198086263481)(<13310.330078, 70.417130, 12134.539063>) quick accessed a lock!
[16:51:47] Player (PussinaBush, 76561198086263481)(<13294.407227, 77.518242, 12135.506836>) set a new passcode on lock!
[16:51:47] Player (PussinaBush, 76561198086263481)(<13294.407227, 77.518242, 12135.506836>) claimed ownership of a lock!
[16:51:48] Player (PussinaBush, 76561198086263481)(<13294.407227, 77.518242, 12135.506836>) quick accessed a lock!
[16:52:13] Player (PussinaBush, 76561198086263481)(<13310.330078, 70.417130, 12134.539063>) quick accessed a lock!
[16:53:17] Player (PussinaBush, 76561198086263481)(<13310.330078, 70.417130, 12134.539063>) quick accessed a lock!
[16:53:26] Player (PussinaBush, 76561198086263481)(<13294.407227, 77.518242, 12135.506836>) quick accessed a lock!
[16:53:52] Player (PussinaBush, 76561198086263481)(<13306.908203, 77.495949, 12138.821289>) quick accessed a lock!
[16:54:12] Player (PussinaBush, 76561198086263481)(<13294.407227, 77.518242, 12135.506836>) quick accessed a lock!
[16:54:27] Player (PussinaBush, 76561198086263481)(<13310.330078, 70.417130, 12134.539063>) quick accessed a lock!
[16:56:45] Player (PussinaBush, 76561198086263481)(<13310.330078, 70.417130, 12134.539063>) quick accessed a lock!
[16:58:03] Player (PussinaBush, 76561198086263481)(<13310.330078, 70.417130, 12134.539063>) quick accessed a lock!
[16:58:10] Player (PussinaBush, 76561198086263481)(<13301.398438, 70.431358, 12140.553711>) quick accessed a lock!
[16:59:34] Player (PussinaBush, 76561198086263481)(<13294.407227, 77.518242, 12135.506836>) quick accessed a lock!
[16:59:40] Player (PussinaBush, 76561198086263481)(<13304.783203, 77.479683, 12129.791992>) quick accessed a lock!
[17:00:51] Player (PussinaBush, 76561198086263481)(<13306.908203, 77.495949, 12138.821289>) quick accessed a lock!
[17:02:21] Player (PussinaBush, 76561198086263481)(<13301.398438, 70.431358, 12140.553711>) quick accessed a lock!
[17:02:59] Player (PussinaBush, 76561198086263481)(<13310.330078, 70.417130, 12134.539063>) quick accessed a lock!
[17:03:05] Player (PussinaBush, 76561198086263481)(<13310.330078, 70.417130, 12134.539063>) quick accessed a lock!
[17:03:09] Player (PussinaBush, 76561198086263481)(<13310.330078, 70.417130, 12134.539063>) quick accessed a lock!
[17:04:22] Player (PussinaBush, 76561198086263481)(<13309.554688, 71.606522, 12124.805664>) quick accessed a lock!
[17:04:39] Player (PussinaBush, 76561198086263481)(<13295.887695, 71.638863, 12122.681641>) quick accessed a lock!
[17:05:19] Player (PussinaBush, 76561198086263481)(<13298.168945, 69.805489, 12103.271484>) quick accessed a lock!
[17:05:25] Player (PussinaBush, 76561198086263481)(<13299.072266, 69.803490, 12099.144531>) quick accessed a lock!
[17:05:31] Player (PussinaBush, 76561198086263481)(<13299.072266, 69.803490, 12099.144531>) quick accessed a lock!
[17:05:33] Player (PussinaBush, 76561198086263481)(<13298.168945, 69.805489, 12103.271484>) quick accessed a lock!
[17:05:34] Player (PussinaBush, 76561198086263481)(<13298.168945, 69.805489, 12103.271484>) quick accessed a lock!
[17:06:18] Player (PussinaBush, 76561198086263481)(<13298.168945, 69.805489, 12103.271484>) quick accessed a lock!
[17:06:20] Player (PussinaBush, 76561198086263481)(<13299.072266, 69.803490, 12099.144531>) quick accessed a lock!
[18:41:41] Player (^DBD^ Maxo, 76561198148661627)(<1180.122559, 344.556030, 9988.092773>) quick accessed a lock!
[18:43:25] Player (^DBD^ Maxo, 76561198148661627)(<1184.751831, 344.556030, 9983.866211>) quick accessed a lock!
[18:43:29] Player (^DBD^ Maxo, 76561198148661627)(<1181.235474, 344.556030, 9979.996094>) quick accessed a lock!
[18:43:49] Player (^DBD^ Maxo, 76561198148661627)(<1186.966064, 344.556030, 9980.056641>) quick accessed a lock!
[18:43:55] Player (Aaron, 76561199083883076)(<1133.712769, 344.882324, 9966.475586>) quick accessed a lock!
[18:44:01] Player (Aaron, 76561199083883076)(<1136.275024, 344.882324, 9965.555664>) quick accessed a lock!
[18:44:06] Player (Aaron, 76561199083883076)(<1141.110718, 344.882324, 9964.958984>) quick accessed a lock!
[18:44:25] Player (^DBD^ Maxo, 76561198148661627)(<1186.712402, 344.556030, 9985.844727>) quick accessed a lock!
[18:46:10] Player (^DBD^ Maxo, 76561198148661627)(<1184.751831, 344.556030, 9983.866211>) quick accessed a lock!
[18:48:30] Player (^DBD^ Maxo, 76561198148661627)(<1182.824463, 344.556030, 9978.469727>) quick accessed a lock!
[18:49:24] Player (^DBD^ Maxo, 76561198148661627)(<1186.712402, 344.556030, 9985.844727>) quick accessed a lock!
[18:50:12] Player (^DBD^ Maxo, 76561198148661627)(<1180.122559, 344.556030, 9988.092773>) quick accessed a lock!
[18:50:47] Player (^DBD^ Maxo, 76561198148661627)(<1186.712402, 344.556030, 9985.844727>) quick accessed a lock!
[18:58:19] Player (^DBD^ Maxo, 76561198148661627)(<1181.235474, 344.556030, 9979.996094>) quick accessed a lock!
[18:59:00] Player (^DBD^ Maxo, 76561198148661627)(<1186.712402, 344.556030, 9985.844727>) quick accessed a lock!
[18:59:25] Player (^DBD^ Maxo, 76561198148661627)(<1182.824463, 344.556030, 9978.469727>) quick accessed a lock!
[19:00:05] Player (^DBD^ Maxo, 76561198148661627)(<1184.278076, 344.556030, 9987.071289>) set a new passcode on lock!
[19:00:05] Player (^DBD^ Maxo, 76561198148661627)(<1184.278076, 344.556030, 9987.071289>) claimed ownership of a lock!
[19:00:52] Player (^DBD^ Maxo, 76561198148661627)(<1184.751831, 344.556030, 9983.866211>) quick accessed a lock!
[19:01:41] Player (^DBD^ Maxo, 76561198148661627)(<1185.200195, 344.556030, 9979.226563>) quick accessed a lock!
[19:01:56] Player (Aaron, 76561199083883076)(<1136.275024, 344.882324, 9965.555664>) quick accessed a lock!
[19:02:08] Player (Kaleb, 76561198892748368)(<11153.391602, 200.794144, 12304.242188>) quick accessed a lock!
[19:02:20] Player (Kaleb, 76561198892748368)(<11153.391602, 200.794144, 12304.242188>) quick accessed a lock!
[19:02:25] Player (Kaleb, 76561198892748368)(<11155.415039, 200.212296, 12294.655273>) quick accessed a lock!
[19:18:38] Player (Kaleb, 76561198892748368)(<11155.415039, 200.212296, 12294.655273>) quick accessed a lock!
[19:18:44] Player (Kaleb, 76561198892748368)(<11153.391602, 200.794144, 12304.242188>) quick accessed a lock!
[19:19:02] Player (Kaleb, 76561198892748368)(<11157.393555, 204.045959, 12310.053711>) quick accessed a lock!
[19:42:53] Player (Kaleb, 76561198892748368)(<11157.393555, 204.045959, 12310.053711>) quick accessed a lock!
[19:42:59] Player (Kaleb, 76561198892748368)(<11153.391602, 200.794144, 12304.242188>) quick accessed a lock!
[19:43:06] Player (Kaleb, 76561198892748368)(<11155.415039, 200.212296, 12294.655273>) quick accessed a lock!
[19:52:17] Player (Kaleb, 76561198892748368)(<11155.415039, 200.212296, 12294.655273>) quick accessed a lock!
[19:52:24] Player (Kaleb, 76561198892748368)(<11153.391602, 200.794144, 12304.242188>) quick accessed a lock!
[19:54:52] Player (Kaleb, 76561198892748368)(<11157.393555, 204.045959, 12310.053711>) quick accessed a lock!
[19:55:34] Player (Kaleb, 76561198892748368)(<11161.032227, 199.577621, 12307.233398>) set a new passcode on lock!
[19:55:34] Player (Kaleb, 76561198892748368)(<11161.032227, 199.577621, 12307.233398>) claimed ownership of a lock!
[19:59:12] Player (Kaleb, 76561198892748368)(<11161.032227, 199.577621, 12307.233398>) quick accessed a lock!
[20:26:14] Player (Dr. Mauler, 76561198022416611)(<12889.368164, 68.105797, 15106.971680>) quick accessed a lock!
[20:26:32] Player (Dr. Mauler, 76561198022416611)(<12889.368164, 68.105797, 15106.971680>) removed a lock!
[20:26:47] Player (Dr. Mauler, 76561198022416611)(<12888.804688, 68.105797, 15107.329102>) removed a lock!
[20:27:01] Player (Dr. Mauler, 76561198022416611)(<12888.250977, 68.105797, 15107.663086>) removed a lock!
[20:27:32] Player (Dr. Mauler, 76561198022416611)(<12884.483398, 69.317932, 15105.002930>) quick accessed a lock!
[20:27:38] Player (Dr. Mauler, 76561198022416611)(<12884.335938, 69.317932, 15105.151367>) quick accessed a lock!
[20:27:47] Player (Dr. Mauler, 76561198022416611)(<12884.321289, 64.531334, 15105.812500>) quick accessed a lock!
[20:27:54] Player (Dr. Mauler, 76561198022416611)(<12888.545898, 64.531334, 15107.648438>) quick accessed a lock!
[20:27:57] Player (Dr. Mauler, 76561198022416611)(<12888.545898, 64.531334, 15107.648438>) quick accessed a lock!
[20:27:59] Player (Dr. Mauler, 76561198022416611)(<12890.177734, 64.436760, 15109.198242>) quick accessed a lock!
[20:33:03] Player (Dr. Mauler, 76561198022416611)(<12890.177734, 64.436760, 15109.198242>) quick accessed a lock!
[20:33:07] Player (Dr. Mauler, 76561198022416611)(<12888.545898, 64.531334, 15107.648438>) quick accessed a lock!
[20:33:10] Player (Dr. Mauler, 76561198022416611)(<12884.321289, 64.531334, 15105.812500>) quick accessed a lock!
[20:33:15] Player (Dr. Mauler, 76561198022416611)(<12884.335938, 69.317932, 15105.151367>) quick accessed a lock!
[20:33:18] Player (Dr. Mauler, 76561198022416611)(<12884.483398, 69.317932, 15105.002930>) quick accessed a lock!
[20:56:51] Player (Dr. Mauler, 76561198022416611)(<12884.483398, 69.317932, 15105.002930>) quick accessed a lock!
[20:56:59] Player (Dr. Mauler, 76561198022416611)(<12884.335938, 69.317932, 15105.151367>) quick accessed a lock!
[20:57:02] Player (Dr. Mauler, 76561198022416611)(<12884.321289, 64.531334, 15105.812500>) quick accessed a lock!
[20:57:05] Player (Dr. Mauler, 76561198022416611)(<12888.545898, 64.531334, 15107.648438>) quick accessed a lock!
[20:57:20] Player (Dr. Mauler, 76561198022416611)(<12884.321289, 64.531334, 15105.812500>) quick accessed a lock!
[20:57:24] Player (Dr. Mauler, 76561198022416611)(<12884.321289, 64.531334, 15105.812500>) quick accessed a lock!
[21:04:56] Player (Dr. Mauler, 76561198022416611)(<12888.545898, 64.531334, 15107.648438>) quick accessed a lock!
[21:05:00] Player (Dr. Mauler, 76561198022416611)(<12884.321289, 64.531334, 15105.812500>) quick accessed a lock!
[21:05:06] Player (Dr. Mauler, 76561198022416611)(<12884.321289, 64.531334, 15105.812500>) quick accessed a lock!
[21:05:10] Player (Dr. Mauler, 76561198022416611)(<12888.545898, 64.531334, 15107.648438>) quick accessed a lock!
[21:05:15] Player (Dr. Mauler, 76561198022416611)(<12884.321289, 64.531334, 15105.812500>) quick accessed a lock!
[21:05:21] Player (Dr. Mauler, 76561198022416611)(<12884.335938, 69.317932, 15105.151367>) quick accessed a lock!
[21:05:45] Player (Dr. Mauler, 76561198022416611)(<12884.321289, 64.531334, 15105.812500>) quick accessed a lock!
[21:07:49] Player (Aaron, 76561199083883076)(<1133.712769, 344.882324, 9966.475586>) quick accessed a lock!
[21:08:01] Player (Aaron, 76561199083883076)(<1136.275024, 344.882324, 9965.555664>) quick accessed a lock!
[21:08:56] Player (Aaron, 76561199083883076)(<1141.110718, 344.882324, 9964.958984>) quick accessed a lock!
[21:12:48] Player (Aaron, 76561199083883076)(<1133.712769, 344.882324, 9966.475586>) quick accessed a lock!
[21:16:03] Player (Aaron, 76561199083883076)(<1141.110718, 344.882324, 9964.958984>) quick accessed a lock!
[21:16:15] Player (Aaron, 76561199083883076)(<1141.110718, 344.882324, 9964.958984>) removed a lock!
[21:16:34] Player (Aaron, 76561199083883076)(<1125.932373, 344.339203, 9971.625000>) set a new passcode on lock!
[21:16:34] Player (Aaron, 76561199083883076)(<1125.932373, 344.339203, 9971.625000>) claimed ownership of a lock!
[21:17:40] Player (Aaron, 76561199083883076)(<1136.275024, 344.882324, 9965.555664>) quick accessed a lock!
[21:23:32] Player (Aaron, 76561199083883076)(<1136.275024, 344.882324, 9965.555664>) quick accessed a lock!
[21:23:39] Player (Aaron, 76561199083883076)(<1133.712769, 344.882324, 9966.475586>) quick accessed a lock!
[21:23:57] Player (Aaron, 76561199083883076)(<1136.275024, 344.882324, 9965.555664>) quick accessed a lock!
[21:25:39] Player (Aaron, 76561199083883076)(<1136.275024, 344.882324, 9965.555664>) quick accessed a lock!
[21:27:39] Player (Dr. Mauler, 76561198022416611)(<12884.321289, 64.531334, 15105.812500>) quick accessed a lock!
[21:27:41] Player (Dr. Mauler, 76561198022416611)(<12884.321289, 64.531334, 15105.812500>) quick accessed a lock!
[21:27:47] Player (Dr. Mauler, 76561198022416611)(<12888.545898, 64.531334, 15107.648438>) quick accessed a lock!
[21:27:49] Player (Dr. Mauler, 76561198022416611)(<12890.177734, 64.436760, 15109.198242>) quick accessed a lock!
[21:29:24] Player (Dr. Mauler, 76561198022416611)(<12884.321289, 64.531334, 15105.812500>) quick accessed a lock!
[21:29:29] Player (Dr. Mauler, 76561198022416611)(<12884.335938, 69.317932, 15105.151367>) quick accessed a lock!
[21:36:22] Player (Dr. Mauler, 76561198022416611)(<12890.177734, 64.436760, 15109.198242>) quick accessed a lock!
[21:51:14] Player (Dr. Mauler, 76561198022416611)(<12890.177734, 64.436760, 15109.198242>) quick accessed a lock!
[21:51:17] Player (Dr. Mauler, 76561198022416611)(<12888.545898, 64.531334, 15107.648438>) quick accessed a lock!
[22:12:11] Player (PussinaBush, 76561198086263481)(<13299.072266, 69.803490, 12099.144531>) quick accessed a lock!
[08-28-2021][22.13.55] Log file reloaded ( Server Restart )
[22:21:06] Player (Dr. Mauler, 76561198022416611)(<12884.483398, 69.317932, 15105.002930>) quick accessed a lock!
[22:21:12] Player (Dr. Mauler, 76561198022416611)(<12884.335938, 69.317932, 15105.151367>) quick accessed a lock!
[22:21:17] Player (Dr. Mauler, 76561198022416611)(<12884.321289, 64.531334, 15105.812500>) quick accessed a lock!
[22:21:25] Player (Dr. Mauler, 76561198022416611)(<12888.545898, 64.531334, 15107.648438>) quick accessed a lock!
[22:21:28] Player (Dr. Mauler, 76561198022416611)(<12890.177734, 64.436760, 15109.198242>) quick accessed a lock!
[22:22:16] Player (Dr. Mauler, 76561198022416611)(<12890.177734, 64.436760, 15109.198242>) quick accessed a lock!
[22:22:19] Player (Dr. Mauler, 76561198022416611)(<12888.545898, 64.531334, 15107.648438>) quick accessed a lock!
[22:22:22] Player (Dr. Mauler, 76561198022416611)(<12884.321289, 64.531334, 15105.812500>) quick accessed a lock!
[22:22:26] Player (Dr. Mauler, 76561198022416611)(<12884.321289, 64.531334, 15105.812500>) quick accessed a lock!
[22:22:29] Player (Dr. Mauler, 76561198022416611)(<12888.545898, 64.531334, 15107.648438>) quick accessed a lock!
[22:22:36] Player (Dr. Mauler, 76561198022416611)(<12888.545898, 64.531334, 15107.648438>) quick accessed a lock!
[22:22:40] Player (Dr. Mauler, 76561198022416611)(<12884.321289, 64.531334, 15105.812500>) quick accessed a lock!
[22:22:43] Player (Dr. Mauler, 76561198022416611)(<12884.335938, 69.317932, 15105.151367>) quick accessed a lock!
[22:22:47] Player (Dr. Mauler, 76561198022416611)(<12884.483398, 69.317932, 15105.002930>) quick accessed a lock!
[22:27:09] Player (Dr. Mauler, 76561198022416611)(<12884.483398, 69.317932, 15105.002930>) quick accessed a lock!
[22:27:29] Player (Dr. Mauler, 76561198022416611)(<12884.483398, 69.317932, 15105.002930>) quick accessed a lock!
[22:40:25] Player (Dr. Mauler, 76561198022416611)(<12884.483398, 69.317932, 15105.002930>) quick accessed a lock!
[22:40:27] Player (Dr. Mauler, 76561198022416611)(<12884.335938, 69.317932, 15105.151367>) quick accessed a lock!
[22:40:30] Player (Dr. Mauler, 76561198022416611)(<12884.321289, 64.531334, 15105.812500>) quick accessed a lock!
[22:40:33] Player (Dr. Mauler, 76561198022416611)(<12888.545898, 64.531334, 15107.648438>) quick accessed a lock!
[22:40:37] Player (Dr. Mauler, 76561198022416611)(<12884.321289, 64.531334, 15105.812500>) quick accessed a lock!
[22:40:42] Player (Dr. Mauler, 76561198022416611)(<12884.321289, 64.531334, 15105.812500>) quick accessed a lock!
[22:40:45] Player (Dr. Mauler, 76561198022416611)(<12888.545898, 64.531334, 15107.648438>) quick accessed a lock!
[22:40:49] Player (Dr. Mauler, 76561198022416611)(<12884.321289, 64.531334, 15105.812500>) quick accessed a lock!
[22:40:52] Player (Dr. Mauler, 76561198022416611)(<12888.545898, 64.531334, 15107.648438>) quick accessed a lock!
[22:41:03] Player (Dr. Mauler, 76561198022416611)(<12884.321289, 64.531334, 15105.812500>) quick accessed a lock!
[22:41:09] Player (Dr. Mauler, 76561198022416611)(<12884.335938, 69.317932, 15105.151367>) quick accessed a lock!
[22:41:12] Player (Dr. Mauler, 76561198022416611)(<12884.483398, 69.317932, 15105.002930>) quick accessed a lock!
[22:56:48] Player (NOTxYAMAS, 76561199053059208)(<3283.597900, 236.520721, 4945.716797>) quick accessed a lock!
[22:59:30] Player (NOTxYAMAS, 76561199053059208)(<3283.597900, 236.520721, 4945.716797>) quick accessed a lock!
[23:00:00] Player (NOTxYAMAS, 76561199053059208)(<3283.597900, 236.520721, 4945.716797>) quick accessed a lock!
[00:16:10] Player (Aaron, 76561199083883076)(<1136.275024, 344.882324, 9965.555664>) quick accessed a lock!
[00:17:09] Player (Aaron, 76561199083883076)(<1133.712769, 344.882324, 9966.475586>) quick accessed a lock!
[00:17:26] Player (Aaron, 76561199083883076)(<1125.932373, 344.339203, 9971.625000>) quick accessed a lock!
[00:19:58] Player (Aaron, 76561199083883076)(<1125.932373, 344.339203, 9971.625000>) quick accessed a lock!
[00:21:14] Player (Aaron, 76561199083883076)(<1133.712769, 344.882324, 9966.475586>) quick accessed a lock!
[00:32:35] Player (Aaron, 76561199083883076)(<1133.712769, 344.882324, 9966.475586>) quick accessed a lock!
[00:32:49] Player (Aaron, 76561199083883076)(<1133.712769, 344.882324, 9966.475586>) quick accessed a lock!
[00:33:02] Player (Aaron, 76561199083883076)(<1136.275024, 344.882324, 9965.555664>) quick accessed a lock!
[00:37:58] Player (Aaron, 76561199083883076)(<1136.275024, 344.882324, 9965.555664>) quick accessed a lock!
[00:41:33] Player (Aaron, 76561199083883076)(<1132.735107, 344.874054, 9969.252930>) set a new passcode on lock!
[00:41:33] Player (Aaron, 76561199083883076)(<1132.735107, 344.874054, 9969.252930>) claimed ownership of a lock!
[00:41:35] Player (Aaron, 76561199083883076)(<1132.735107, 344.874054, 9969.252930>) quick accessed a lock!
[00:41:47] Player (Aaron, 76561199083883076)(<1132.735107, 344.874054, 9969.252930>) quick accessed a lock!
[00:43:27] Player (Aaron, 76561199083883076)(<1136.275024, 344.882324, 9965.555664>) quick accessed a lock!
[00:45:50] Player (Aaron, 76561199083883076)(<1136.275024, 344.882324, 9965.555664>) quick accessed a lock!
[00:45:54] Player (Aaron, 76561199083883076)(<1133.712769, 344.882324, 9966.475586>) quick accessed a lock!
[00:46:10] Player (Aaron, 76561199083883076)(<1136.275024, 344.882324, 9965.555664>) quick accessed a lock!
[00:46:47] Player (Aaron, 76561199083883076)(<1136.275024, 344.882324, 9965.555664>) quick accessed a lock!
[00:47:05] Player (Aaron, 76561199083883076)(<1132.735107, 344.874054, 9969.252930>) quick accessed a lock!
[00:47:15] Player (Aaron, 76561199083883076)(<1125.932373, 344.339203, 9971.625000>) quick accessed a lock!
[00:50:06] Player (Aaron, 76561199083883076)(<1132.735107, 344.874054, 9969.252930>) quick accessed a lock!
[00:50:08] Player (Aaron, 76561199083883076)(<1133.712769, 344.882324, 9966.475586>) quick accessed a lock!
[00:50:11] Player (Aaron, 76561199083883076)(<1136.275024, 344.882324, 9965.555664>) quick accessed a lock!
[02:44:25] Player (Aaron, 76561199083883076)(<1132.735107, 344.874054, 9969.252930>) quick accessed a lock!
[02:44:35] Player (Aaron, 76561199083883076)(<1133.712769, 344.882324, 9966.475586>) quick accessed a lock!
[02:44:40] Player (Aaron, 76561199083883076)(<1133.712769, 344.882324, 9966.475586>) quick accessed a lock!
[02:46:54] Player (^DBD^ Maxo, 76561198148661627)(<1186.712402, 344.556030, 9985.844727>) quick accessed a lock!
[02:46:59] Player (^DBD^ Maxo, 76561198148661627)(<1184.751831, 344.556030, 9983.866211>) quick accessed a lock!
