[08-20-2021][01.07.46] New Access Log File Created!
[08-20-2021][04.08.57] Log file reloaded ( Server Restart )
[08-20-2021][07.10.03] Log file reloaded ( Server Restart )
[09:09:43] Player (Dr. Mauler, 76561198022416611)(<12888.545898, 64.531334, 15107.648438>) set a new passcode on lock!
[09:09:43] Player (Dr. Mauler, 76561198022416611)(<12888.545898, 64.531334, 15107.648438>) claimed ownership of a lock!
[09:11:09] Player (Dr. Mauler, 76561198022416611)(<12888.545898, 64.531334, 15107.648438>) quick accessed a lock!
[09:19:13] Player (Dr. Mauler, 76561198022416611)(<12888.545898, 64.531334, 15107.648438>) quick accessed a lock!
[09:37:26] Player (Dr. Mauler, 76561198022416611)(<12888.545898, 64.531334, 15107.648438>) quick accessed a lock!
[09:43:49] Player (Dr. Mauler, 76561198022416611)(<12888.545898, 64.531334, 15107.648438>) quick accessed a lock!
[08-20-2021][10.11.14] Log file reloaded ( Server Restart )
[12:11:06] Player (Dr. Mauler, 76561198022416611)(<12888.545898, 64.531334, 15107.648438>) quick accessed a lock!
[12:28:36] Player (Dr. Mauler, 76561198022416611)(<12888.545898, 64.531334, 15107.648438>) quick accessed a lock!
[12:41:40] Player (Dr. Mauler, 76561198022416611)(<12888.545898, 64.531334, 15107.648438>) quick accessed a lock!
[12:46:31] Player (Dr. Mauler, 76561198022416611)(<12888.545898, 64.531334, 15107.648438>) quick accessed a lock!
[12:57:23] Player (Dr. Mauler, 76561198022416611)(<12888.545898, 64.531334, 15107.648438>) quick accessed a lock!
[13:03:46] Player (Dr. Mauler, 76561198022416611)(<12888.545898, 64.531334, 15107.648438>) quick accessed a lock!
[08-20-2021][13.12.27] Log file reloaded ( Server Restart )
[13:19:33] Player (Dr. Mauler, 76561198022416611)(<12888.545898, 64.531334, 15107.648438>) quick accessed a lock!
[13:23:23] Player (Dr. Mauler, 76561198022416611)(<12888.545898, 64.531334, 15107.648438>) quick accessed a lock!
[13:25:53] Player (Dr. Mauler, 76561198022416611)(<12888.545898, 64.531334, 15107.648438>) quick accessed a lock!
[13:29:51] Player (Dr. Mauler, 76561198022416611)(<12888.545898, 64.531334, 15107.648438>) quick accessed a lock!
[13:34:04] Player (Dr. Mauler, 76561198022416611)(<12888.545898, 64.531334, 15107.648438>) quick accessed a lock!
[13:37:02] Player (Dr. Mauler, 76561198022416611)(<12888.545898, 64.531334, 15107.648438>) quick accessed a lock!
[13:43:39] Player (Dr. Mauler, 76561198022416611)(<12888.545898, 64.531334, 15107.648438>) quick accessed a lock!
[13:47:46] Player (Dr. Mauler, 76561198022416611)(<12888.545898, 64.531334, 15107.648438>) quick accessed a lock!
[13:59:59] Player (Dr. Mauler, 76561198022416611)(<12888.545898, 64.531334, 15107.648438>) quick accessed a lock!
[14:04:06] Player (Dr. Mauler, 76561198022416611)(<12888.545898, 64.531334, 15107.648438>) quick accessed a lock!
[14:11:13] Player (Dr. Mauler, 76561198022416611)(<12888.545898, 64.531334, 15107.648438>) quick accessed a lock!
[14:13:00] Player (Dr. Mauler, 76561198022416611)(<12888.545898, 64.531334, 15107.648438>) quick accessed a lock!
[08-20-2021][15.12.08] Log file reloaded ( Server Restart )
[08-20-2021][15.29.44] Log file reloaded ( Server Restart )
[08-20-2021][18.31.12] Log file reloaded ( Server Restart )
[18:52:38] Player (Dr. Mauler, 76561198022416611)(<12888.545898, 64.531334, 15107.648438>) quick accessed a lock!
[18:53:22] Player (Dr. Mauler, 76561198022416611)(<12888.545898, 64.531334, 15107.648438>) quick accessed a lock!
[20:37:25] Player (Dr. Mauler, 76561198022416611)(<12888.545898, 64.531334, 15107.648438>) quick accessed a lock!
[20:37:30] Player (Dr. Mauler, 76561198022416611)(<12888.545898, 64.531334, 15107.648438>) quick accessed a lock!
[20:39:44] Player (Dr. Mauler, 76561198022416611)(<12888.545898, 64.531334, 15107.648438>) quick accessed a lock!
[21:03:51] Player (Dr. Mauler, 76561198022416611)(<12888.545898, 64.531334, 15107.648438>) quick accessed a lock!
[21:11:09] Player (Dr. Mauler, 76561198022416611)(<12888.545898, 64.531334, 15107.648438>) quick accessed a lock!
[21:15:41] Player (Dr. Mauler, 76561198022416611)(<12888.545898, 64.531334, 15107.648438>) quick accessed a lock!
[21:17:52] Player (Dr. Mauler, 76561198022416611)(<12888.545898, 64.531334, 15107.648438>) quick accessed a lock!
[21:19:33] Player (Dr. Mauler, 76561198022416611)(<12888.545898, 64.531334, 15107.648438>) quick accessed a lock!
[08-20-2021][21.32.36] Log file reloaded ( Server Restart )
[21:51:08] Player (Dr. Mauler, 76561198022416611)(<12888.545898, 64.531334, 15107.648438>) quick accessed a lock!
[21:52:58] Player (Dr. Mauler, 76561198022416611)(<12888.545898, 64.531334, 15107.648438>) quick accessed a lock!
[21:54:00] Player (Dr. Mauler, 76561198022416611)(<12888.545898, 64.531334, 15107.648438>) quick accessed a lock!
[21:55:02] Player (Dr. Mauler, 76561198022416611)(<12888.545898, 64.531334, 15107.648438>) quick accessed a lock!
[21:57:13] Player (Dr. Mauler, 76561198022416611)(<12888.545898, 64.531334, 15107.648438>) quick accessed a lock!
[21:58:49] Player (Dr. Mauler, 76561198022416611)(<12888.545898, 64.531334, 15107.648438>) quick accessed a lock!
[22:06:20] Player (Dr. Mauler, 76561198022416611)(<12888.545898, 64.531334, 15107.648438>) quick accessed a lock!
[22:46:38] Player (Dr. Mauler, 76561198022416611)(<12888.545898, 64.531334, 15107.648438>) quick accessed a lock!
[22:46:59] Player (Dr. Mauler, 76561198022416611)(<12888.545898, 64.531334, 15107.648438>) quick accessed a lock!
[22:47:14] Player (Dr. Mauler, 76561198022416611)(<12888.545898, 64.531334, 15107.648438>) quick accessed a lock!
[23:14:45] Player (Dr. Mauler, 76561198022416611)(<12888.545898, 64.531334, 15107.648438>) quick accessed a lock!
[23:16:07] Player (Dr. Mauler, 76561198022416611)(<12888.545898, 64.531334, 15107.648438>) quick accessed a lock!
[23:23:08] Player (Dr. Mauler, 76561198022416611)(<12888.545898, 64.531334, 15107.648438>) quick accessed a lock!
