[08-21-2021][00.34.07] New Access Log File Created!
[08-21-2021][03.35.30] Log file reloaded ( Server Restart )
[08-21-2021][06.36.52] Log file reloaded ( Server Restart )
[07:29:14] Player (Dr. Mauler, 76561198022416611)(<12888.545898, 64.531334, 15107.648438>) quick accessed a lock!
[07:37:11] Player (Dr. Mauler, 76561198022416611)(<12888.545898, 64.531334, 15107.648438>) quick accessed a lock!
[07:38:30] Player (Dr. Mauler, 76561198022416611)(<12888.545898, 64.531334, 15107.648438>) quick accessed a lock!
[07:43:41] Player (Dr. Mauler, 76561198022416611)(<12888.545898, 64.531334, 15107.648438>) quick accessed a lock!
[07:45:19] Player (Dr. Mauler, 76561198022416611)(<12888.545898, 64.531334, 15107.648438>) quick accessed a lock!
[07:48:13] Player (Dr. Mauler, 76561198022416611)(<12888.545898, 64.531334, 15107.648438>) quick accessed a lock!
[07:50:25] Player (Dr. Mauler, 76561198022416611)(<12888.545898, 64.531334, 15107.648438>) quick accessed a lock!
[07:55:25] Player (Dr. Mauler, 76561198022416611)(<12888.545898, 64.531334, 15107.648438>) quick accessed a lock!
[08:19:36] Player (Dr. Mauler, 76561198022416611)(<12888.545898, 64.531334, 15107.648438>) quick accessed a lock!
[08-21-2021][09.38.11] Log file reloaded ( Server Restart )
[08-21-2021][12.39.40] Log file reloaded ( Server Restart )
[08-21-2021][13.41.26] Log file reloaded ( Server Restart )
[14:01:03] Player (PussinaBush, 76561198086263481)(<13309.521484, 71.606522, 12124.710938>) quick accessed a lock!
[14:01:10] Player (PussinaBush, 76561198086263481)(<13295.887695, 71.638863, 12122.681641>) quick accessed a lock!
[14:07:22] Player (PussinaBush, 76561198086263481)(<13295.887695, 71.638863, 12122.681641>) quick accessed a lock!
[14:07:26] Player (PussinaBush, 76561198086263481)(<13309.521484, 71.606522, 12124.710938>) quick accessed a lock!
[14:12:52] Player (PussinaBush, 76561198086263481)(<13309.521484, 71.606522, 12124.710938>) quick accessed a lock!
[14:12:55] Player (PussinaBush, 76561198086263481)(<13295.887695, 71.638863, 12122.681641>) quick accessed a lock!
[14:14:22] Player (PussinaBush, 76561198086263481)(<13299.072266, 69.803490, 12099.144531>) quick accessed a lock!
[14:14:28] Player (PussinaBush, 76561198086263481)(<13298.168945, 69.805489, 12103.271484>) quick accessed a lock!
[14:14:33] Player (PussinaBush, 76561198086263481)(<13295.887695, 71.638863, 12122.681641>) quick accessed a lock!
[14:14:39] Player (PussinaBush, 76561198086263481)(<13309.521484, 71.606522, 12124.710938>) quick accessed a lock!
[14:17:21] Player (PussinaBush, 76561198086263481)(<13309.521484, 71.606522, 12124.710938>) quick accessed a lock!
[14:17:24] Player (PussinaBush, 76561198086263481)(<13295.887695, 71.638863, 12122.681641>) quick accessed a lock!
[14:17:44] Player (PussinaBush, 76561198086263481)(<13298.168945, 69.805489, 12103.271484>) quick accessed a lock!
[14:17:49] Player (PussinaBush, 76561198086263481)(<13299.072266, 69.803490, 12099.144531>) quick accessed a lock!
[08-21-2021][14.49.39] Log file reloaded ( Server Restart )
[08-21-2021][14.51.49] Log file reloaded ( Server Restart )
[15:16:42] Player (PussinaBush, 76561198086263481)(<13299.072266, 69.803490, 12099.144531>) quick accessed a lock!
[15:16:50] Player (PussinaBush, 76561198086263481)(<13298.168945, 69.805489, 12103.271484>) quick accessed a lock!
[15:16:59] Player (PussinaBush, 76561198086263481)(<13295.887695, 71.638863, 12122.681641>) quick accessed a lock!
[15:17:04] Player (PussinaBush, 76561198086263481)(<13309.521484, 71.606522, 12124.710938>) quick accessed a lock!
[15:22:18] Player (PussinaBush, 76561198086263481)(<13309.521484, 71.606522, 12124.710938>) quick accessed a lock!
[15:22:21] Player (PussinaBush, 76561198086263481)(<13295.887695, 71.638863, 12122.681641>) quick accessed a lock!
[15:23:12] Player (PussinaBush, 76561198086263481)(<13295.887695, 71.638863, 12122.681641>) quick accessed a lock!
[15:23:16] Player (PussinaBush, 76561198086263481)(<13309.521484, 71.606522, 12124.710938>) quick accessed a lock!
[15:25:24] Player (PussinaBush, 76561198086263481)(<13309.521484, 71.606522, 12124.710938>) quick accessed a lock!
[15:25:27] Player (PussinaBush, 76561198086263481)(<13295.887695, 71.638863, 12122.681641>) quick accessed a lock!
[15:25:33] Player (PussinaBush, 76561198086263481)(<13298.168945, 69.805489, 12103.271484>) quick accessed a lock!
[15:25:35] Player (PussinaBush, 76561198086263481)(<13299.072266, 69.803490, 12099.144531>) quick accessed a lock!
[15:33:23] Player (Dr. Mauler, 76561198022416611)(<12888.545898, 64.531334, 15107.648438>) quick accessed a lock!
[16:03:53] Player (PussinaBush, 76561198086263481)(<13312.713867, 71.629265, 12142.384766>) quick accessed a lock!
[16:05:29] Player (Dr. Mauler, 76561198022416611)(<12888.545898, 64.531334, 15107.648438>) quick accessed a lock!
[16:08:56] Player (PussinaBush, 76561198086263481)(<13309.521484, 71.606522, 12124.710938>) quick accessed a lock!
[16:09:04] Player (PussinaBush, 76561198086263481)(<13295.887695, 71.638863, 12122.681641>) quick accessed a lock!
[16:10:12] Player (PussinaBush, 76561198086263481)(<13295.887695, 71.638863, 12122.681641>) quick accessed a lock!
[16:10:16] Player (PussinaBush, 76561198086263481)(<13309.521484, 71.606522, 12124.710938>) quick accessed a lock!
[16:10:40] Player (PussinaBush, 76561198086263481)(<13309.521484, 71.606522, 12124.710938>) quick accessed a lock!
[16:10:43] Player (PussinaBush, 76561198086263481)(<13295.887695, 71.638863, 12122.681641>) quick accessed a lock!
[16:11:01] Player (PussinaBush, 76561198086263481)(<13295.887695, 71.638863, 12122.681641>) quick accessed a lock!
[16:11:06] Player (PussinaBush, 76561198086263481)(<13309.521484, 71.606522, 12124.710938>) quick accessed a lock!
[16:14:42] Player (PussinaBush, 76561198086263481)(<13309.521484, 71.606522, 12124.710938>) quick accessed a lock!
[16:14:45] Player (PussinaBush, 76561198086263481)(<13295.887695, 71.638863, 12122.681641>) quick accessed a lock!
[16:15:27] Player (PussinaBush, 76561198086263481)(<13298.168945, 69.805489, 12103.271484>) quick accessed a lock!
[16:15:37] Player (PussinaBush, 76561198086263481)(<13299.072266, 69.803490, 12099.144531>) quick accessed a lock!
[16:38:10] Player (^DBD^ Maxo, 76561198148661627)(<314.991302, 287.500458, 8557.575195>) set a new passcode on lock!
[16:38:10] Player (^DBD^ Maxo, 76561198148661627)(<314.991302, 287.500458, 8557.575195>) claimed ownership of a lock!
[16:38:44] Player (^DBD^ Maxo, 76561198148661627)(<314.991302, 287.500458, 8557.575195>) quick accessed a lock!
[17:00:50] Player (^DBD^ Maxo, 76561198148661627)(<314.991302, 287.500458, 8557.575195>) quick accessed a lock!
[08-21-2021][17.53.24] Log file reloaded ( Server Restart )
[19:05:35] Player (^DBD^ Maxo, 76561198148661627)(<314.991302, 287.500458, 8557.575195>) quick accessed a lock!
[19:29:13] Player (^DBD^ Maxo, 76561198148661627)(<314.991302, 287.500458, 8557.575195>) quick accessed a lock!
[08-21-2021][20.54.52] Log file reloaded ( Server Restart )
[23:34:48] Player (PussinaBush, 76561198086263481)(<13299.072266, 69.803490, 12099.144531>) quick accessed a lock!
[23:34:52] Player (PussinaBush, 76561198086263481)(<13298.168945, 69.805489, 12103.271484>) quick accessed a lock!
[23:35:01] Player (PussinaBush, 76561198086263481)(<13295.887695, 71.638863, 12122.681641>) quick accessed a lock!
[23:35:06] Player (PussinaBush, 76561198086263481)(<13309.521484, 71.606522, 12124.710938>) quick accessed a lock!
[23:43:03] Player (PussinaBush, 76561198086263481)(<13299.072266, 69.803490, 12099.144531>) quick accessed a lock!
[23:43:09] Player (PussinaBush, 76561198086263481)(<13298.168945, 69.805489, 12103.271484>) quick accessed a lock!
[23:43:15] Player (PussinaBush, 76561198086263481)(<13295.887695, 71.638863, 12122.681641>) quick accessed a lock!
[23:43:17] Player (PussinaBush, 76561198086263481)(<13295.887695, 71.638863, 12122.681641>) quick accessed a lock!
[23:43:21] Player (PussinaBush, 76561198086263481)(<13309.521484, 71.606522, 12124.710938>) quick accessed a lock!
[08-21-2021][23.56.20] Log file reloaded ( Server Restart )
[00:58:19] Player (^DBD^ Maxo, 76561198148661627)(<314.991302, 287.500458, 8557.575195>) quick accessed a lock!
[01:05:22] Player (^DBD^ Maxo, 76561198148661627)(<314.991302, 287.500458, 8557.575195>) quick accessed a lock!
[01:08:06] Player (^DBD^ Maxo, 76561198148661627)(<314.991302, 287.500458, 8557.575195>) quick accessed a lock!
[01:09:11] Player (PussinaBush, 76561198086263481)(<13309.521484, 71.606522, 12124.710938>) quick accessed a lock!
[01:09:16] Player (PussinaBush, 76561198086263481)(<13295.887695, 71.638863, 12122.681641>) quick accessed a lock!
[01:09:22] Player (PussinaBush, 76561198086263481)(<13298.168945, 69.805489, 12103.271484>) quick accessed a lock!
[01:09:39] Player (PussinaBush, 76561198086263481)(<13299.072266, 69.803490, 12099.144531>) quick accessed a lock!
