[08-24-2021][00.39.10] New Access Log File Created!
[08-24-2021][03.40.28] Log file reloaded ( Server Restart )
[08-24-2021][06.41.50] Log file reloaded ( Server Restart )
[07:24:36] Player (Dr. Mauler, 76561198022416611)(<12884.321289, 64.531334, 15105.812500>) quick accessed a lock!
[07:24:43] Player (Dr. Mauler, 76561198022416611)(<12888.545898, 64.531334, 15107.648438>) quick accessed a lock!
[08-24-2021][09.43.11] Log file reloaded ( Server Restart )
[09:57:14] Player (Dr. Mauler, 76561198022416611)(<12888.545898, 64.531334, 15107.648438>) quick accessed a lock!
[09:57:19] Player (Dr. Mauler, 76561198022416611)(<12884.321289, 64.531334, 15105.812500>) quick accessed a lock!
[10:01:54] Player (Dr. Mauler, 76561198022416611)(<12884.321289, 64.531334, 15105.812500>) quick accessed a lock!
[10:01:58] Player (Dr. Mauler, 76561198022416611)(<12888.545898, 64.531334, 15107.648438>) quick accessed a lock!
[10:03:04] Player (Dr. Mauler, 76561198022416611)(<12888.545898, 64.531334, 15107.648438>) quick accessed a lock!
[10:03:07] Player (Dr. Mauler, 76561198022416611)(<12884.321289, 64.531334, 15105.812500>) quick accessed a lock!
[10:04:33] Player (Dr. Mauler, 76561198022416611)(<12884.321289, 64.531334, 15105.812500>) quick accessed a lock!
[10:04:36] Player (Dr. Mauler, 76561198022416611)(<12888.545898, 64.531334, 15107.648438>) quick accessed a lock!
[10:05:29] Player (Dr. Mauler, 76561198022416611)(<12888.545898, 64.531334, 15107.648438>) quick accessed a lock!
[10:05:31] Player (Dr. Mauler, 76561198022416611)(<12884.321289, 64.531334, 15105.812500>) quick accessed a lock!
[10:05:58] Player (Dr. Mauler, 76561198022416611)(<12884.321289, 64.531334, 15105.812500>) quick accessed a lock!
[10:06:00] Player (Dr. Mauler, 76561198022416611)(<12888.545898, 64.531334, 15107.648438>) quick accessed a lock!
[10:32:27] Player (Dr. Mauler, 76561198022416611)(<12888.545898, 64.531334, 15107.648438>) quick accessed a lock!
[10:32:40] Player (Dr. Mauler, 76561198022416611)(<12884.321289, 64.531334, 15105.812500>) quick accessed a lock!
[10:38:11] Player (Dr. Mauler, 76561198022416611)(<12884.321289, 64.531334, 15105.812500>) quick accessed a lock!
[10:38:21] Player (Dr. Mauler, 76561198022416611)(<12888.545898, 64.531334, 15107.648438>) quick accessed a lock!
[10:39:16] Player (Dr. Mauler, 76561198022416611)(<12888.545898, 64.531334, 15107.648438>) quick accessed a lock!
[10:39:20] Player (Dr. Mauler, 76561198022416611)(<12884.321289, 64.531334, 15105.812500>) quick accessed a lock!
[10:39:22] Player (Dr. Mauler, 76561198022416611)(<12888.545898, 64.531334, 15107.648438>) quick accessed a lock!
[10:39:33] Player (Dr. Mauler, 76561198022416611)(<12884.321289, 64.531334, 15105.812500>) quick accessed a lock!
[10:39:49] Player (Dr. Mauler, 76561198022416611)(<12888.545898, 64.531334, 15107.648438>) quick accessed a lock!
[10:42:12] Player (Dr. Mauler, 76561198022416611)(<12884.321289, 64.531334, 15105.812500>) quick accessed a lock!
[10:42:52] Player (Dr. Mauler, 76561198022416611)(<12890.177734, 64.436760, 15109.198242>) set a new passcode on lock!
[10:42:52] Player (Dr. Mauler, 76561198022416611)(<12890.177734, 64.436760, 15109.198242>) claimed ownership of a lock!
[10:42:58] Player (Dr. Mauler, 76561198022416611)(<12890.177734, 64.436760, 15109.198242>) quick accessed a lock!
[10:43:05] Player (Dr. Mauler, 76561198022416611)(<12890.177734, 64.436760, 15109.198242>) quick accessed a lock!
[10:43:40] Player (Dr. Mauler, 76561198022416611)(<12884.321289, 64.531334, 15105.812500>) quick accessed a lock!
[10:44:33] Player (Dr. Mauler, 76561198022416611)(<12884.321289, 64.531334, 15105.812500>) quick accessed a lock!
[10:45:23] Player (Dr. Mauler, 76561198022416611)(<12884.321289, 64.531334, 15105.812500>) quick accessed a lock!
[10:47:34] Player (Dr. Mauler, 76561198022416611)(<12884.321289, 64.531334, 15105.812500>) quick accessed a lock!
[10:47:42] Player (Dr. Mauler, 76561198022416611)(<12884.321289, 64.531334, 15105.812500>) quick accessed a lock!
[10:51:25] Player (Dr. Mauler, 76561198022416611)(<12884.321289, 64.531334, 15105.812500>) quick accessed a lock!
[10:51:28] Player (Dr. Mauler, 76561198022416611)(<12888.545898, 64.531334, 15107.648438>) quick accessed a lock!
[10:51:31] Player (Dr. Mauler, 76561198022416611)(<12890.177734, 64.436760, 15109.198242>) quick accessed a lock!
[10:53:20] Player (Dr. Mauler, 76561198022416611)(<12890.177734, 64.436760, 15109.198242>) quick accessed a lock!
[10:53:30] Player (Dr. Mauler, 76561198022416611)(<12888.545898, 64.531334, 15107.648438>) quick accessed a lock!
[10:53:34] Player (Dr. Mauler, 76561198022416611)(<12884.321289, 64.531334, 15105.812500>) quick accessed a lock!
[10:54:56] Player (Dr. Mauler, 76561198022416611)(<12884.321289, 64.531334, 15105.812500>) quick accessed a lock!
[10:55:02] Player (Dr. Mauler, 76561198022416611)(<12884.321289, 64.531334, 15105.812500>) quick accessed a lock!
[10:55:15] Player (Dr. Mauler, 76561198022416611)(<12888.545898, 64.531334, 15107.648438>) quick accessed a lock!
[10:55:22] Player (Dr. Mauler, 76561198022416611)(<12884.321289, 64.531334, 15105.812500>) quick accessed a lock!
[10:56:14] Player (Dr. Mauler, 76561198022416611)(<12884.321289, 64.531334, 15105.812500>) quick accessed a lock!
[10:56:16] Player (Dr. Mauler, 76561198022416611)(<12888.545898, 64.531334, 15107.648438>) quick accessed a lock!
[10:56:23] Player (Dr. Mauler, 76561198022416611)(<12890.177734, 64.436760, 15109.198242>) quick accessed a lock!
[10:57:32] Player (Dr. Mauler, 76561198022416611)(<12890.177734, 64.436760, 15109.198242>) quick accessed a lock!
[10:57:35] Player (Dr. Mauler, 76561198022416611)(<12888.545898, 64.531334, 15107.648438>) quick accessed a lock!
[10:57:41] Player (Dr. Mauler, 76561198022416611)(<12884.321289, 64.531334, 15105.812500>) quick accessed a lock!
[10:58:09] Player (Dr. Mauler, 76561198022416611)(<12884.321289, 64.531334, 15105.812500>) quick accessed a lock!
[10:58:14] Player (Dr. Mauler, 76561198022416611)(<12884.321289, 64.531334, 15105.812500>) quick accessed a lock!
[11:14:31] Player (Aaron, 76561199083883076)(<320.794373, 287.512939, 8568.685547>) quick accessed a lock!
[11:27:59] Player (Dr. Mauler, 76561198022416611)(<12884.321289, 64.531334, 15105.812500>) quick accessed a lock!
[11:28:02] Player (Dr. Mauler, 76561198022416611)(<12888.545898, 64.531334, 15107.648438>) quick accessed a lock!
[11:28:04] Player (Dr. Mauler, 76561198022416611)(<12890.177734, 64.436760, 15109.198242>) quick accessed a lock!
[11:59:23] Player (Aaron, 76561199083883076)(<320.794373, 287.512939, 8568.685547>) quick accessed a lock!
[08-24-2021][12.44.33] Log file reloaded ( Server Restart )
[14:07:16] Player (Dr. Mauler, 76561198022416611)(<12890.177734, 64.436760, 15109.198242>) quick accessed a lock!
[14:07:23] Player (Dr. Mauler, 76561198022416611)(<12888.545898, 64.531334, 15107.648438>) quick accessed a lock!
[14:07:27] Player (Dr. Mauler, 76561198022416611)(<12884.321289, 64.531334, 15105.812500>) quick accessed a lock!
[14:20:12] Player (Dr. Mauler, 76561198022416611)(<12884.321289, 64.531334, 15105.812500>) quick accessed a lock!
[14:20:14] Player (Dr. Mauler, 76561198022416611)(<12888.545898, 64.531334, 15107.648438>) quick accessed a lock!
[14:20:18] Player (Dr. Mauler, 76561198022416611)(<12890.177734, 64.436760, 15109.198242>) quick accessed a lock!
[14:23:10] Player (Dr. Mauler, 76561198022416611)(<12890.177734, 64.436760, 15109.198242>) quick accessed a lock!
[14:23:14] Player (Dr. Mauler, 76561198022416611)(<12888.545898, 64.531334, 15107.648438>) quick accessed a lock!
[14:23:17] Player (Dr. Mauler, 76561198022416611)(<12884.321289, 64.531334, 15105.812500>) quick accessed a lock!
[14:28:32] Player (Dr. Mauler, 76561198022416611)(<12884.483398, 69.317932, 15105.002930>) set a new passcode on lock!
[14:28:32] Player (Dr. Mauler, 76561198022416611)(<12884.483398, 69.317932, 15105.002930>) claimed ownership of a lock!
[14:29:10] Player (Dr. Mauler, 76561198022416611)(<12884.483398, 69.317932, 15105.002930>) quick accessed a lock!
[14:29:55] Player (Dr. Mauler, 76561198022416611)(<12884.483398, 69.317932, 15105.002930>) quick accessed a lock!
[14:31:33] Player (Dr. Mauler, 76561198022416611)(<12884.483398, 69.317932, 15105.002930>) quick accessed a lock!
[14:35:31] Player (Dr. Mauler, 76561198022416611)(<12884.321289, 64.531334, 15105.812500>) quick accessed a lock!
[14:38:30] Player (Dr. Mauler, 76561198022416611)(<12884.483398, 69.317932, 15105.002930>) quick accessed a lock!
[14:39:44] Player (Dr. Mauler, 76561198022416611)(<12884.483398, 69.317932, 15105.002930>) quick accessed a lock!
[14:40:16] Player (Dr. Mauler, 76561198022416611)(<12884.335938, 69.317932, 15105.151367>) set a new passcode on lock!
[14:40:16] Player (Dr. Mauler, 76561198022416611)(<12884.335938, 69.317932, 15105.151367>) claimed ownership of a lock!
[14:41:01] Player (Dr. Mauler, 76561198022416611)(<12884.335938, 69.317932, 15105.151367>) quick accessed a lock!
[14:41:34] Player (Dr. Mauler, 76561198022416611)(<12884.335938, 69.317932, 15105.151367>) quick accessed a lock!
[14:41:52] Player (Dr. Mauler, 76561198022416611)(<12884.335938, 69.317932, 15105.151367>) quick accessed a lock!
[14:42:44] Player (Dr. Mauler, 76561198022416611)(<12884.335938, 69.317932, 15105.151367>) quick accessed a lock!
[14:43:03] Player (Dr. Mauler, 76561198022416611)(<12884.335938, 69.317932, 15105.151367>) quick accessed a lock!
[14:44:08] Player (Dr. Mauler, 76561198022416611)(<12884.483398, 69.317932, 15105.002930>) quick accessed a lock!
[14:44:28] Player (Dr. Mauler, 76561198022416611)(<12884.483398, 69.317932, 15105.002930>) quick accessed a lock!
[14:46:26] Player (Dr. Mauler, 76561198022416611)(<12884.335938, 69.317932, 15105.151367>) quick accessed a lock!
[14:47:02] Player (Dr. Mauler, 76561198022416611)(<12884.483398, 69.317932, 15105.002930>) quick accessed a lock!
[14:49:22] Player (Dr. Mauler, 76561198022416611)(<12884.483398, 69.317932, 15105.002930>) quick accessed a lock!
[14:49:50] Player (Dr. Mauler, 76561198022416611)(<12884.483398, 69.317932, 15105.002930>) quick accessed a lock!
[14:55:14] Player (Dr. Mauler, 76561198022416611)(<12884.483398, 69.317932, 15105.002930>) quick accessed a lock!
[14:56:09] Player (Dr. Mauler, 76561198022416611)(<12884.335938, 69.317932, 15105.151367>) quick accessed a lock!
[14:56:10] Player (Dr. Mauler, 76561198022416611)(<12884.321289, 64.531334, 15105.812500>) quick accessed a lock!
[14:56:14] Player (Dr. Mauler, 76561198022416611)(<12888.545898, 64.531334, 15107.648438>) quick accessed a lock!
[14:56:20] Player (Dr. Mauler, 76561198022416611)(<12884.321289, 64.531334, 15105.812500>) quick accessed a lock!
[14:56:28] Player (Dr. Mauler, 76561198022416611)(<12884.483398, 69.317932, 15105.002930>) quick accessed a lock!
[15:42:05] Player (^DBD^ Maxo, 76561198148661627)(<314.991302, 287.500458, 8557.575195>) quick accessed a lock!
[08-24-2021][15.46.08] Log file reloaded ( Server Restart )
[16:28:39] Player (Kaleb, 76561198892748368)(<11153.391602, 200.794144, 12304.242188>) set a new passcode on lock!
[16:28:39] Player (Kaleb, 76561198892748368)(<11153.391602, 200.794144, 12304.242188>) claimed ownership of a lock!
[16:28:41] Player (Kaleb, 76561198892748368)(<11153.391602, 200.794144, 12304.242188>) quick accessed a lock!
[16:32:19] Player (Kaleb, 76561198892748368)(<11153.391602, 200.794144, 12304.242188>) quick accessed a lock!
[16:38:06] Player (Kaleb, 76561198892748368)(<11153.391602, 200.794144, 12304.242188>) quick accessed a lock!
[16:46:04] Player (Kaleb, 76561198892748368)(<11153.391602, 200.794144, 12304.242188>) quick accessed a lock!
[16:46:34] Player (Kaleb, 76561198892748368)(<11153.391602, 200.794144, 12304.242188>) quick accessed a lock!
[16:47:55] Player (Kaleb, 76561198892748368)(<11153.391602, 200.794144, 12304.242188>) quick accessed a lock!
[17:13:42] Player (Kaleb, 76561198892748368)(<11153.391602, 200.794144, 12304.242188>) quick accessed a lock!
[17:13:55] Player (Kaleb, 76561198892748368)(<11153.391602, 200.794144, 12304.242188>) quick accessed a lock!
[17:14:00] Player (Kaleb, 76561198892748368)(<11153.391602, 200.794144, 12304.242188>) quick accessed a lock!
[17:14:44] Player (Kaleb, 76561198892748368)(<11153.391602, 200.794144, 12304.242188>) quick accessed a lock!
[17:20:14] Player (Kaleb, 76561198892748368)(<11153.391602, 200.794144, 12304.242188>) quick accessed a lock!
[17:20:16] Player (Kaleb, 76561198892748368)(<11153.391602, 200.794144, 12304.242188>) quick accessed a lock!
[17:21:14] Player (Kaleb, 76561198892748368)(<11153.391602, 200.794144, 12304.242188>) quick accessed a lock!
[17:25:14] Player (Kaleb, 76561198892748368)(<11153.391602, 200.794144, 12304.242188>) quick accessed a lock!
[17:42:25] Player (Dr. Mauler, 76561198022416611)(<12884.483398, 69.317932, 15105.002930>) quick accessed a lock!
[17:42:32] Player (Dr. Mauler, 76561198022416611)(<12884.335938, 69.317932, 15105.151367>) quick accessed a lock!
[17:42:36] Player (Dr. Mauler, 76561198022416611)(<12884.321289, 64.531334, 15105.812500>) quick accessed a lock!
[17:42:41] Player (Dr. Mauler, 76561198022416611)(<12888.545898, 64.531334, 15107.648438>) quick accessed a lock!
[17:42:52] Player (Dr. Mauler, 76561198022416611)(<12890.177734, 64.436760, 15109.198242>) quick accessed a lock!
[17:43:12] Player (Dr. Mauler, 76561198022416611)(<12890.177734, 64.436760, 15109.198242>) quick accessed a lock!
[17:43:15] Player (Dr. Mauler, 76561198022416611)(<12888.545898, 64.531334, 15107.648438>) quick accessed a lock!
[17:43:18] Player (Dr. Mauler, 76561198022416611)(<12884.321289, 64.531334, 15105.812500>) quick accessed a lock!
[17:43:20] Player (Dr. Mauler, 76561198022416611)(<12884.335938, 69.317932, 15105.151367>) quick accessed a lock!
[17:43:22] Player (Dr. Mauler, 76561198022416611)(<12884.483398, 69.317932, 15105.002930>) quick accessed a lock!
[17:43:44] Player (Dr. Mauler, 76561198022416611)(<12888.545898, 64.531334, 15107.648438>) quick accessed a lock!
[17:43:50] Player (Dr. Mauler, 76561198022416611)(<12890.177734, 64.436760, 15109.198242>) quick accessed a lock!
[17:50:04] Player (Dr. Mauler, 76561198022416611)(<12890.177734, 64.436760, 15109.198242>) quick accessed a lock!
[17:50:08] Player (Dr. Mauler, 76561198022416611)(<12888.545898, 64.531334, 15107.648438>) quick accessed a lock!
[17:50:13] Player (Dr. Mauler, 76561198022416611)(<12884.321289, 64.531334, 15105.812500>) quick accessed a lock!
[17:50:23] Player (Dr. Mauler, 76561198022416611)(<12884.335938, 69.317932, 15105.151367>) quick accessed a lock!
[17:50:32] Player (Dr. Mauler, 76561198022416611)(<12884.483398, 69.317932, 15105.002930>) quick accessed a lock!
[17:58:07] Player (Dr. Mauler, 76561198022416611)(<12884.483398, 69.317932, 15105.002930>) quick accessed a lock!
[17:58:10] Player (Dr. Mauler, 76561198022416611)(<12884.335938, 69.317932, 15105.151367>) quick accessed a lock!
[17:58:13] Player (Dr. Mauler, 76561198022416611)(<12884.321289, 64.531334, 15105.812500>) quick accessed a lock!
[17:58:17] Player (Dr. Mauler, 76561198022416611)(<12888.545898, 64.531334, 15107.648438>) quick accessed a lock!
[17:58:20] Player (Dr. Mauler, 76561198022416611)(<12890.177734, 64.436760, 15109.198242>) quick accessed a lock!
[18:10:59] Player (Dr. Mauler, 76561198022416611)(<12890.177734, 64.436760, 15109.198242>) quick accessed a lock!
[18:11:04] Player (Dr. Mauler, 76561198022416611)(<12888.545898, 64.531334, 15107.648438>) quick accessed a lock!
[18:11:09] Player (Dr. Mauler, 76561198022416611)(<12884.321289, 64.531334, 15105.812500>) quick accessed a lock!
[18:11:16] Player (Dr. Mauler, 76561198022416611)(<12884.335938, 69.317932, 15105.151367>) quick accessed a lock!
[18:11:20] Player (Dr. Mauler, 76561198022416611)(<12884.483398, 69.317932, 15105.002930>) quick accessed a lock!
[18:45:31] Player (^DBD^ Maxo, 76561198148661627)(<314.991302, 287.500458, 8557.575195>) quick accessed a lock!
[08-24-2021][18.47.29] Log file reloaded ( Server Restart )
[18:53:07] Player (Dr. Mauler, 76561198022416611)(<12884.483398, 69.317932, 15105.002930>) quick accessed a lock!
[18:53:13] Player (Dr. Mauler, 76561198022416611)(<12884.335938, 69.317932, 15105.151367>) quick accessed a lock!
[18:53:17] Player (Dr. Mauler, 76561198022416611)(<12884.321289, 64.531334, 15105.812500>) quick accessed a lock!
[18:53:22] Player (Dr. Mauler, 76561198022416611)(<12888.545898, 64.531334, 15107.648438>) quick accessed a lock!
[18:57:19] Player (Dr. Mauler, 76561198022416611)(<12888.545898, 64.531334, 15107.648438>) quick accessed a lock!
[18:57:23] Player (Dr. Mauler, 76561198022416611)(<12884.321289, 64.531334, 15105.812500>) quick accessed a lock!
[18:58:21] Player (Dr. Mauler, 76561198022416611)(<12884.335938, 69.317932, 15105.151367>) quick accessed a lock!
[18:58:24] Player (Dr. Mauler, 76561198022416611)(<12884.483398, 69.317932, 15105.002930>) quick accessed a lock!
[18:59:53] Player (Aaron, 76561199083883076)(<320.794373, 287.512939, 8568.685547>) quick accessed a lock!
[19:11:48] Player (Aaron, 76561199083883076)(<320.794373, 287.512939, 8568.685547>) quick accessed a lock!
[19:15:03] Player (^DBD^ Maxo, 76561198148661627)(<317.850250, 288.725128, 8562.127930>) set a new passcode on lock!
[19:15:03] Player (^DBD^ Maxo, 76561198148661627)(<317.850250, 288.725128, 8562.127930>) claimed ownership of a lock!
[19:15:18] Player (^DBD^ Maxo, 76561198148661627)(<317.850250, 288.725128, 8562.127930>) quick accessed a lock!
[19:17:13] Player (^DBD^ Maxo, 76561198148661627)(<314.991302, 287.500458, 8557.575195>) quick accessed a lock!
[19:18:38] Player (^DBD^ Maxo, 76561198148661627)(<317.850250, 288.725128, 8562.127930>) quick accessed a lock!
[19:19:04] Player (^DBD^ Maxo, 76561198148661627)(<314.991302, 287.500458, 8557.575195>) quick accessed a lock!
[19:19:54] Player (^DBD^ Maxo, 76561198148661627)(<314.991302, 287.500458, 8557.575195>) quick accessed a lock!
[19:20:32] Player (Aaron, 76561199083883076)(<320.794373, 287.512939, 8568.685547>) quick accessed a lock!
[19:22:06] Player (Aaron, 76561199083883076)(<320.794373, 287.512939, 8568.685547>) quick accessed a lock!
[19:22:28] Player (Aaron, 76561199083883076)(<320.794373, 287.512939, 8568.685547>) quick accessed a lock!
[19:22:28] Player (^DBD^ Maxo, 76561198148661627)(<314.991302, 287.500458, 8557.575195>) quick accessed a lock!
[19:22:30] Player (^DBD^ Maxo, 76561198148661627)(<314.991302, 287.500458, 8557.575195>) quick accessed a lock!
[19:23:09] Player (Aaron, 76561199083883076)(<320.794373, 287.512939, 8568.685547>) quick accessed a lock!
[19:23:43] Player (Aaron, 76561199083883076)(<317.850250, 288.725128, 8562.127930>) accessed a lock!
[19:23:43] Player (Aaron, 76561199083883076)(<317.850250, 288.725128, 8562.127930>) was added as a guest of a lock!
[20:41:53] Player (^DBD^ Maxo, 76561198148661627)(<317.850250, 288.725128, 8562.127930>) quick accessed a lock!
[20:42:16] Player (^DBD^ Maxo, 76561198148661627)(<314.991302, 287.500458, 8557.575195>) quick accessed a lock!
[20:42:54] Player (Aaron, 76561199083883076)(<320.794373, 287.512939, 8568.685547>) quick accessed a lock!
[20:44:44] Player (^DBD^ Maxo, 76561198148661627)(<314.991302, 287.500458, 8557.575195>) quick accessed a lock!
[20:47:48] Player (Aaron, 76561199083883076)(<320.794373, 287.512939, 8568.685547>) quick accessed a lock!
[20:53:49] Player (^DBD^ Maxo, 76561198148661627)(<317.486023, 288.720673, 8562.154297>) set a new passcode on lock!
[20:53:49] Player (^DBD^ Maxo, 76561198148661627)(<317.486023, 288.720673, 8562.154297>) claimed ownership of a lock!
[20:53:54] Player (^DBD^ Maxo, 76561198148661627)(<317.486023, 288.720673, 8562.154297>) quick accessed a lock!
[20:55:59] Player (^DBD^ Maxo, 76561198148661627)(<317.486023, 288.720673, 8562.154297>) quick accessed a lock!
[20:56:09] Player (Aaron, 76561199083883076)(<320.794373, 287.512939, 8568.685547>) quick accessed a lock!
[20:58:00] Player (Aaron, 76561199083883076)(<317.850250, 288.725128, 8562.127930>) quick accessed a lock!
[20:59:31] Player (Aaron, 76561199083883076)(<317.712585, 288.725098, 8566.967773>) set a new passcode on lock!
[20:59:31] Player (Aaron, 76561199083883076)(<317.712585, 288.725098, 8566.967773>) claimed ownership of a lock!
[20:59:37] Player (Aaron, 76561199083883076)(<317.712585, 288.725098, 8566.967773>) quick accessed a lock!
[20:59:54] Player (Aaron, 76561199083883076)(<317.712585, 288.725098, 8566.967773>) quick accessed a lock!
[20:59:55] Player (^DBD^ Maxo, 76561198148661627)(<317.486023, 288.720673, 8562.154297>) quick accessed a lock!
[21:00:05] Player (Aaron, 76561199083883076)(<317.712585, 288.725098, 8566.967773>) quick accessed a lock!
[21:02:34] Player (Aaron, 76561199083883076)(<317.712585, 288.725098, 8566.967773>) quick accessed a lock!
[21:02:36] Player (Aaron, 76561199083883076)(<317.850250, 288.725128, 8562.127930>) quick accessed a lock!
[21:02:41] Player (Aaron, 76561199083883076)(<317.712585, 288.725098, 8566.967773>) quick accessed a lock!
[21:03:47] Player (Aaron, 76561199083883076)(<317.712585, 288.725098, 8566.967773>) quick accessed a lock!
[21:10:27] Player (Aaron, 76561199083883076)(<317.712585, 288.725098, 8566.967773>) quick accessed a lock!
[21:10:33] Player (Aaron, 76561199083883076)(<317.712585, 288.725098, 8566.967773>) quick accessed a lock!
[21:10:50] Player (Aaron, 76561199083883076)(<317.712585, 288.725098, 8566.967773>) quick accessed a lock!
[21:17:04] Player (^DBD^ Maxo, 76561198148661627)(<317.486023, 288.720673, 8562.154297>) quick accessed a lock!
[21:17:09] Player (^DBD^ Maxo, 76561198148661627)(<314.991302, 287.500458, 8557.575195>) quick accessed a lock!
[21:17:11] Player (^DBD^ Maxo, 76561198148661627)(<314.991302, 287.500458, 8557.575195>) quick accessed a lock!
[21:17:47] Player (Aaron, 76561199083883076)(<317.712585, 288.725098, 8566.967773>) quick accessed a lock!
[21:18:08] Player (^DBD^ Maxo, 76561198148661627)(<311.371857, 287.510773, 8561.625977>) quick accessed a lock!
[21:19:18] Player (^DBD^ Maxo, 76561198148661627)(<317.486023, 288.720673, 8562.154297>) quick accessed a lock!
[21:19:27] Player (^DBD^ Maxo, 76561198148661627)(<311.371857, 287.510773, 8561.625977>) quick accessed a lock!
[21:21:30] Player (Aaron, 76561199083883076)(<317.712585, 288.725098, 8566.967773>) quick accessed a lock!
[21:21:40] Player (Aaron, 76561199083883076)(<317.850250, 288.725128, 8562.127930>) quick accessed a lock!
[21:21:47] Player (Aaron, 76561199083883076)(<317.712585, 288.725098, 8566.967773>) quick accessed a lock!
[21:21:50] Player (^DBD^ Maxo, 76561198148661627)(<317.486023, 288.720673, 8562.154297>) quick accessed a lock!
[21:22:24] Player (Aaron, 76561199083883076)(<317.712585, 288.725098, 8566.967773>) quick accessed a lock!
[21:22:27] Player (^DBD^ Maxo, 76561198148661627)(<317.486023, 288.720673, 8562.154297>) quick accessed a lock!
[21:22:40] Player (Aaron, 76561199083883076)(<320.794373, 287.512939, 8568.685547>) quick accessed a lock!
[21:23:53] Player (Aaron, 76561199083883076)(<317.712585, 288.725098, 8566.967773>) quick accessed a lock!
[21:28:28] Player (Dr. Mauler, 76561198022416611)(<12884.483398, 69.317932, 15105.002930>) quick accessed a lock!
[21:28:31] Player (Dr. Mauler, 76561198022416611)(<12884.335938, 69.317932, 15105.151367>) quick accessed a lock!
[21:28:33] Player (Dr. Mauler, 76561198022416611)(<12884.321289, 64.531334, 15105.812500>) quick accessed a lock!
[21:28:46] Player (Dr. Mauler, 76561198022416611)(<12888.545898, 64.531334, 15107.648438>) quick accessed a lock!
[21:29:04] Player (Dr. Mauler, 76561198022416611)(<12888.545898, 64.531334, 15107.648438>) quick accessed a lock!
[21:29:09] Player (Dr. Mauler, 76561198022416611)(<12890.177734, 64.436760, 15109.198242>) quick accessed a lock!
[08-24-2021][21.52.22] Log file reloaded ( Server Restart )
[23:13:55] Player (NOTxYAMAS, 76561199053059208)(<3285.387451, 237.664749, 4937.027344>) quick accessed a lock!
[23:26:15] Player (NOTxYAMAS, 76561199053059208)(<3285.387451, 237.664749, 4937.027344>) quick accessed a lock!
[23:28:44] Player (NOTxYAMAS, 76561199053059208)(<3283.597900, 236.520721, 4945.716797>) set a new passcode on lock!
[23:28:44] Player (NOTxYAMAS, 76561199053059208)(<3283.597900, 236.520721, 4945.716797>) claimed ownership of a lock!
[23:28:45] Player (NOTxYAMAS, 76561199053059208)(<3283.597900, 236.520721, 4945.716797>) quick accessed a lock!
[23:29:25] Player (NOTxYAMAS, 76561199053059208)(<3285.387451, 237.664749, 4937.027344>) quick accessed a lock!
[23:35:41] Player (NOTxYAMAS, 76561199053059208)(<3285.387451, 237.664749, 4937.027344>) quick accessed a lock!
[23:35:44] Player (NOTxYAMAS, 76561199053059208)(<3285.387451, 237.664749, 4937.027344>) quick accessed a lock!
[23:40:34] Player (NOTxYAMAS, 76561199053059208)(<3285.387451, 237.664749, 4937.027344>) quick accessed a lock!
[23:41:15] Player (NOTxYAMAS, 76561199053059208)(<3285.387451, 237.664749, 4937.027344>) quick accessed a lock!
[23:42:08] Player (NOTxYAMAS, 76561199053059208)(<3285.387451, 237.664749, 4937.027344>) quick accessed a lock!
