[08-18-2021][02.31.21] New Access Log File Created!
[08-18-2021][05.32.32] Log file reloaded ( Server Restart )
[08-18-2021][08.33.39] Log file reloaded ( Server Restart )
[08-18-2021][11.34.51] Log file reloaded ( Server Restart )
[08-18-2021][11.42.25] Log file reloaded ( Server Restart )
[08-18-2021][11.45.09] Log file reloaded ( Server Restart )
[08-18-2021][14.46.21] Log file reloaded ( Server Restart )
[08-18-2021][17.10.57] Log file reloaded ( Server Restart )
[08-18-2021][17.13.12] Log file reloaded ( Server Restart )
[08-18-2021][17.15.15] Log file reloaded ( Server Restart )
[08-18-2021][17.16.18] Log file reloaded ( Server Restart )
[08-18-2021][17.17.45] Log file reloaded ( Server Restart )
[08-18-2021][17.23.51] Log file reloaded ( Server Restart )
[08-18-2021][20.25.16] Log file reloaded ( Server Restart )
[08-18-2021][20.28.25] Log file reloaded ( Server Restart )
[08-18-2021][23.29.49] Log file reloaded ( Server Restart )
[01:36:26] Player (PussinaBush, 76561198086263481)(<13299.072266, 69.803490, 12099.144531>) set a new passcode on lock!
[01:36:26] Player (PussinaBush, 76561198086263481)(<13299.072266, 69.803490, 12099.144531>) claimed ownership of a lock!
[01:36:41] Player (PussinaBush, 76561198086263481)(<13298.168945, 69.805489, 12103.271484>) set a new passcode on lock!
[01:36:41] Player (PussinaBush, 76561198086263481)(<13298.168945, 69.805489, 12103.271484>) claimed ownership of a lock!
[01:36:58] Player (PussinaBush, 76561198086263481)(<13295.887695, 71.638863, 12122.681641>) set a new passcode on lock!
[01:36:58] Player (PussinaBush, 76561198086263481)(<13295.887695, 71.638863, 12122.681641>) claimed ownership of a lock!
[01:37:13] Player (PussinaBush, 76561198086263481)(<13309.521484, 71.606522, 12124.710938>) set a new passcode on lock!
[01:37:13] Player (PussinaBush, 76561198086263481)(<13309.521484, 71.606522, 12124.710938>) claimed ownership of a lock!
[01:37:34] Player (PussinaBush, 76561198086263481)(<13312.713867, 71.629265, 12142.384766>) set a new passcode on lock!
[01:37:34] Player (PussinaBush, 76561198086263481)(<13312.713867, 71.629265, 12142.384766>) claimed ownership of a lock!
[01:37:55] Player (Capt., 76561198069523749)(<13309.521484, 71.606522, 12124.710938>) accessed a lock!
[01:37:55] Player (Capt., 76561198069523749)(<13309.521484, 71.606522, 12124.710938>) was added as a guest of a lock!
[01:38:04] Player (Capt., 76561198069523749)(<13295.887695, 71.638863, 12122.681641>) accessed a lock!
[01:38:04] Player (Capt., 76561198069523749)(<13295.887695, 71.638863, 12122.681641>) was added as a guest of a lock!
[01:50:39] Player (PussinaBush, 76561198086263481)(<13309.521484, 71.606522, 12124.710938>) quick accessed a lock!
[01:50:43] Player (PussinaBush, 76561198086263481)(<13295.887695, 71.638863, 12122.681641>) quick accessed a lock!
[01:55:23] Player (PussinaBush, 76561198086263481)(<13309.521484, 71.606522, 12124.710938>) quick accessed a lock!
[01:55:29] Player (PussinaBush, 76561198086263481)(<13295.887695, 71.638863, 12122.681641>) quick accessed a lock!
[01:55:36] Player (PussinaBush, 76561198086263481)(<13298.168945, 69.805489, 12103.271484>) quick accessed a lock!
[01:55:52] Player (Capt., 76561198069523749)(<13309.521484, 71.606522, 12124.710938>) quick accessed a lock!
[01:55:56] Player (Capt., 76561198069523749)(<13295.887695, 71.638863, 12122.681641>) quick accessed a lock!
[02:02:25] Player (PussinaBush, 76561198086263481)(<13299.072266, 69.803490, 12099.144531>) quick accessed a lock!
[02:02:27] Player (PussinaBush, 76561198086263481)(<13298.168945, 69.805489, 12103.271484>) quick accessed a lock!
[02:02:36] Player (PussinaBush, 76561198086263481)(<13295.887695, 71.638863, 12122.681641>) quick accessed a lock!
[02:02:39] Player (PussinaBush, 76561198086263481)(<13309.521484, 71.606522, 12124.710938>) quick accessed a lock!
[02:04:07] Player (PussinaBush, 76561198086263481)(<13309.521484, 71.606522, 12124.710938>) quick accessed a lock!
[02:04:10] Player (PussinaBush, 76561198086263481)(<13295.887695, 71.638863, 12122.681641>) quick accessed a lock!
[02:08:22] Player (PussinaBush, 76561198086263481)(<13299.072266, 69.803490, 12099.144531>) quick accessed a lock!
[02:08:26] Player (PussinaBush, 76561198086263481)(<13298.168945, 69.805489, 12103.271484>) quick accessed a lock!
[02:08:35] Player (PussinaBush, 76561198086263481)(<13295.887695, 71.638863, 12122.681641>) quick accessed a lock!
[02:08:40] Player (PussinaBush, 76561198086263481)(<13309.521484, 71.606522, 12124.710938>) quick accessed a lock!
[02:16:52] Player (PussinaBush, 76561198086263481)(<13312.713867, 71.629265, 12142.384766>) quick accessed a lock!
[02:17:03] Player (PussinaBush, 76561198086263481)(<13309.521484, 71.606522, 12124.710938>) quick accessed a lock!
[02:17:07] Player (PussinaBush, 76561198086263481)(<13295.887695, 71.638863, 12122.681641>) quick accessed a lock!
[02:17:13] Player (PussinaBush, 76561198086263481)(<13298.168945, 69.805489, 12103.271484>) quick accessed a lock!
[02:17:16] Player (PussinaBush, 76561198086263481)(<13299.072266, 69.803490, 12099.144531>) quick accessed a lock!
