[08-19-2021][02.31.03] New Access Log File Created!
[08-19-2021][05.32.09] Log file reloaded ( Server Restart )
[08-19-2021][08.33.21] Log file reloaded ( Server Restart )
[10:04:49] Player (PussinaBush, 76561198086263481)(<13299.072266, 69.803490, 12099.144531>) quick accessed a lock!
[10:05:21] Player (PussinaBush, 76561198086263481)(<13298.168945, 69.805489, 12103.271484>) quick accessed a lock!
[10:05:37] Player (PussinaBush, 76561198086263481)(<13295.887695, 71.638863, 12122.681641>) quick accessed a lock!
[10:05:43] Player (PussinaBush, 76561198086263481)(<13309.521484, 71.606522, 12124.710938>) quick accessed a lock!
[10:08:40] Player (PussinaBush, 76561198086263481)(<13309.521484, 71.606522, 12124.710938>) quick accessed a lock!
[10:08:48] Player (PussinaBush, 76561198086263481)(<13295.887695, 71.638863, 12122.681641>) quick accessed a lock!
[10:13:22] Player (PussinaBush, 76561198086263481)(<13298.168945, 69.805489, 12103.271484>) quick accessed a lock!
[10:13:25] Player (PussinaBush, 76561198086263481)(<13299.072266, 69.803490, 12099.144531>) quick accessed a lock!
[08-19-2021][11.34.38] Log file reloaded ( Server Restart )
[11:53:23] Player (PussinaBush, 76561198086263481)(<13299.072266, 69.803490, 12099.144531>) quick accessed a lock!
[11:53:27] Player (PussinaBush, 76561198086263481)(<13298.168945, 69.805489, 12103.271484>) quick accessed a lock!
[11:53:37] Player (PussinaBush, 76561198086263481)(<13295.887695, 71.638863, 12122.681641>) quick accessed a lock!
[11:53:43] Player (PussinaBush, 76561198086263481)(<13309.521484, 71.606522, 12124.710938>) quick accessed a lock!
[12:00:00] Player (PussinaBush, 76561198086263481)(<13309.521484, 71.606522, 12124.710938>) quick accessed a lock!
[12:00:08] Player (PussinaBush, 76561198086263481)(<13295.887695, 71.638863, 12122.681641>) quick accessed a lock!
[12:01:40] Player (PussinaBush, 76561198086263481)(<13298.168945, 69.805489, 12103.271484>) quick accessed a lock!
[12:01:43] Player (PussinaBush, 76561198086263481)(<13299.072266, 69.803490, 12099.144531>) quick accessed a lock!
[12:36:30] Player (Capt., 76561198069523749)(<13298.168945, 69.805489, 12103.271484>) accessed a lock!
[12:36:30] Player (Capt., 76561198069523749)(<13298.168945, 69.805489, 12103.271484>) was added as a guest of a lock!
[12:36:38] Player (Capt., 76561198069523749)(<13299.072266, 69.803490, 12099.144531>) accessed a lock!
[12:36:38] Player (Capt., 76561198069523749)(<13299.072266, 69.803490, 12099.144531>) was added as a guest of a lock!
[12:37:28] Player (Capt., 76561198069523749)(<13298.168945, 69.805489, 12103.271484>) quick accessed a lock!
[12:37:32] Player (Capt., 76561198069523749)(<13299.072266, 69.803490, 12099.144531>) quick accessed a lock!
[12:37:46] Player (Capt., 76561198069523749)(<13299.072266, 69.803490, 12099.144531>) quick accessed a lock!
[12:37:49] Player (Capt., 76561198069523749)(<13298.168945, 69.805489, 12103.271484>) quick accessed a lock!
[12:38:45] Player (PussinaBush, 76561198086263481)(<13312.713867, 71.629265, 12142.384766>) quick accessed a lock!
[12:59:01] Player (PussinaBush, 76561198086263481)(<13309.521484, 71.606522, 12124.710938>) quick accessed a lock!
[12:59:17] Player (PussinaBush, 76561198086263481)(<13295.887695, 71.638863, 12122.681641>) quick accessed a lock!
[12:59:35] Player (PussinaBush, 76561198086263481)(<13298.168945, 69.805489, 12103.271484>) quick accessed a lock!
[12:59:38] Player (PussinaBush, 76561198086263481)(<13299.072266, 69.803490, 12099.144531>) quick accessed a lock!
[08-19-2021][14.13.09] Log file reloaded ( Server Restart )
[14:24:17] Player (PussinaBush, 76561198086263481)(<13312.713867, 71.629265, 12142.384766>) quick accessed a lock!
[14:32:10] Player (PussinaBush, 76561198086263481)(<13309.521484, 71.606522, 12124.710938>) quick accessed a lock!
[14:32:14] Player (PussinaBush, 76561198086263481)(<13295.887695, 71.638863, 12122.681641>) quick accessed a lock!
[14:32:38] Player (PussinaBush, 76561198086263481)(<13295.887695, 71.638863, 12122.681641>) quick accessed a lock!
[14:33:52] Player (PussinaBush, 76561198086263481)(<13312.713867, 71.629265, 12142.384766>) quick accessed a lock!
[14:34:03] Player (PussinaBush, 76561198086263481)(<13312.713867, 71.629265, 12142.384766>) quick accessed a lock!
[14:34:16] Player (PussinaBush, 76561198086263481)(<13312.713867, 71.629265, 12142.384766>) quick accessed a lock!
[14:41:47] Player (PussinaBush, 76561198086263481)(<13309.521484, 71.606522, 12124.710938>) quick accessed a lock!
[14:41:59] Player (PussinaBush, 76561198086263481)(<13295.887695, 71.638863, 12122.681641>) quick accessed a lock!
[15:31:20] Player (PussinaBush, 76561198086263481)(<13299.072266, 69.803490, 12099.144531>) quick accessed a lock!
[15:31:25] Player (PussinaBush, 76561198086263481)(<13298.168945, 69.805489, 12103.271484>) quick accessed a lock!
[15:34:19] Player (PussinaBush, 76561198086263481)(<13295.887695, 71.638863, 12122.681641>) quick accessed a lock!
[15:34:22] Player (PussinaBush, 76561198086263481)(<13295.887695, 71.638863, 12122.681641>) quick accessed a lock!
[15:34:37] Player (PussinaBush, 76561198086263481)(<13309.521484, 71.606522, 12124.710938>) quick accessed a lock!
[15:47:14] Player (PussinaBush, 76561198086263481)(<13309.521484, 71.606522, 12124.710938>) quick accessed a lock!
[15:47:21] Player (PussinaBush, 76561198086263481)(<13295.887695, 71.638863, 12122.681641>) quick accessed a lock!
[15:47:33] Player (PussinaBush, 76561198086263481)(<13295.887695, 71.638863, 12122.681641>) quick accessed a lock!
[15:47:37] Player (PussinaBush, 76561198086263481)(<13309.521484, 71.606522, 12124.710938>) quick accessed a lock!
[15:49:38] Player (PussinaBush, 76561198086263481)(<13309.521484, 71.606522, 12124.710938>) quick accessed a lock!
[15:50:22] Player (PussinaBush, 76561198086263481)(<13295.887695, 71.638863, 12122.681641>) quick accessed a lock!
[15:50:37] Player (PussinaBush, 76561198086263481)(<13295.887695, 71.638863, 12122.681641>) quick accessed a lock!
[15:52:31] Player (PussinaBush, 76561198086263481)(<13309.521484, 71.606522, 12124.710938>) quick accessed a lock!
[15:53:54] Player (PussinaBush, 76561198086263481)(<13309.521484, 71.606522, 12124.710938>) quick accessed a lock!
[15:53:58] Player (PussinaBush, 76561198086263481)(<13295.887695, 71.638863, 12122.681641>) quick accessed a lock!
[15:54:15] Player (PussinaBush, 76561198086263481)(<13298.168945, 69.805489, 12103.271484>) quick accessed a lock!
[15:54:17] Player (PussinaBush, 76561198086263481)(<13299.072266, 69.803490, 12099.144531>) quick accessed a lock!
[08-19-2021][16.37.45] Log file reloaded ( Server Restart )
[17:23:47] Player (Capt., 76561198069523749)(<13295.887695, 71.638863, 12122.681641>) quick accessed a lock!
[17:23:55] Player (Capt., 76561198069523749)(<13309.521484, 71.606522, 12124.710938>) quick accessed a lock!
[17:27:21] Player (Capt., 76561198069523749)(<13295.887695, 71.638863, 12122.681641>) quick accessed a lock!
[17:27:35] Player (Capt., 76561198069523749)(<13298.168945, 69.805489, 12103.271484>) quick accessed a lock!
[17:27:40] Player (Capt., 76561198069523749)(<13299.072266, 69.803490, 12099.144531>) quick accessed a lock!
[17:58:14] Player (Capt., 76561198069523749)(<13299.072266, 69.803490, 12099.144531>) quick accessed a lock!
[17:58:19] Player (Capt., 76561198069523749)(<13298.168945, 69.805489, 12103.271484>) quick accessed a lock!
[17:58:26] Player (Capt., 76561198069523749)(<13295.887695, 71.638863, 12122.681641>) quick accessed a lock!
[18:00:55] Player (PussinaBush, 76561198086263481)(<13299.072266, 69.803490, 12099.144531>) quick accessed a lock!
[18:00:59] Player (PussinaBush, 76561198086263481)(<13298.168945, 69.805489, 12103.271484>) quick accessed a lock!
[18:01:17] Player (PussinaBush, 76561198086263481)(<13295.887695, 71.638863, 12122.681641>) quick accessed a lock!
[18:01:26] Player (PussinaBush, 76561198086263481)(<13309.521484, 71.606522, 12124.710938>) quick accessed a lock!
[18:07:19] Player (PussinaBush, 76561198086263481)(<13309.521484, 71.606522, 12124.710938>) quick accessed a lock!
[18:07:23] Player (PussinaBush, 76561198086263481)(<13295.887695, 71.638863, 12122.681641>) quick accessed a lock!
[18:08:15] Player (PussinaBush, 76561198086263481)(<13295.887695, 71.638863, 12122.681641>) quick accessed a lock!
[18:08:19] Player (PussinaBush, 76561198086263481)(<13309.521484, 71.606522, 12124.710938>) quick accessed a lock!
[18:19:08] Player (Capt., 76561198069523749)(<13312.713867, 71.629265, 12142.384766>) accessed a lock!
[18:19:08] Player (Capt., 76561198069523749)(<13312.713867, 71.629265, 12142.384766>) was added as a guest of a lock!
[18:20:55] Player (Capt., 76561198069523749)(<13309.521484, 71.606522, 12124.710938>) quick accessed a lock!
[18:21:04] Player (Capt., 76561198069523749)(<13295.887695, 71.638863, 12122.681641>) quick accessed a lock!
[18:21:04] Player (PussinaBush, 76561198086263481)(<13309.521484, 71.606522, 12124.710938>) quick accessed a lock!
[18:21:07] Player (PussinaBush, 76561198086263481)(<13295.887695, 71.638863, 12122.681641>) quick accessed a lock!
[18:24:38] Player (PussinaBush, 76561198086263481)(<13295.887695, 71.638863, 12122.681641>) quick accessed a lock!
[18:25:07] Player (PussinaBush, 76561198086263481)(<13298.168945, 69.805489, 12103.271484>) quick accessed a lock!
[18:25:09] Player (PussinaBush, 76561198086263481)(<13299.072266, 69.803490, 12099.144531>) quick accessed a lock!
[18:52:18] Player (PussinaBush, 76561198086263481)(<13312.713867, 71.629265, 12142.384766>) quick accessed a lock!
[08-19-2021][19.05.20] Log file reloaded ( Server Restart )
[08-19-2021][22.06.32] Log file reloaded ( Server Restart )
