[08-29-2021][04.16.13] New Access Log File Created!
[04:35:47] Player (Sauce, 76561199194857204)(<7802.306641, 314.866455, 6893.690918>) quick accessed a lock!
[04:45:10] Player (Sauce, 76561199194857204)(<7802.306641, 314.866455, 6893.690918>) quick accessed a lock!
[04:47:56] Player (Sauce, 76561199194857204)(<7802.306641, 314.866455, 6893.690918>) quick accessed a lock!
[04:52:26] Player (Sauce, 76561199194857204)(<7802.306641, 314.866455, 6893.690918>) quick accessed a lock!
[04:54:58] Player (Sauce, 76561199194857204)(<7802.306641, 314.866455, 6893.690918>) quick accessed a lock!
[04:55:56] Player (Sauce, 76561199194857204)(<7802.306641, 314.866455, 6893.690918>) quick accessed a lock!
[04:56:03] Player (Sauce, 76561199194857204)(<7802.306641, 314.866455, 6893.690918>) quick accessed a lock!
[04:56:22] Player (Sauce, 76561199194857204)(<7802.306641, 314.866455, 6893.690918>) quick accessed a lock!
[05:09:15] Player (Sauce, 76561199194857204)(<7801.914551, 315.043640, 6893.657715>) set a new passcode on lock!
[05:09:15] Player (Sauce, 76561199194857204)(<7801.914551, 315.043640, 6893.657715>) claimed ownership of a lock!
[05:10:13] Player (Sauce, 76561199194857204)(<7792.361328, 313.654327, 6894.910645>) set a new passcode on lock!
[05:10:13] Player (Sauce, 76561199194857204)(<7792.361328, 313.654327, 6894.910645>) claimed ownership of a lock!
[05:10:21] Player (Sauce, 76561199194857204)(<7792.361328, 313.654327, 6894.910645>) quick accessed a lock!
[05:10:27] Player (Sauce, 76561199194857204)(<7792.361328, 313.654327, 6894.910645>) quick accessed a lock!
[05:10:32] Player (Sauce, 76561199194857204)(<7792.361328, 313.654327, 6894.910645>) quick accessed a lock!
[05:10:53] Player (Sauce, 76561199194857204)(<7801.914551, 315.043640, 6893.657715>) quick accessed a lock!
[05:10:56] Player (Sauce, 76561199194857204)(<7801.914551, 315.043640, 6893.657715>) quick accessed a lock!
[05:10:59] Player (Sauce, 76561199194857204)(<7802.306641, 314.866455, 6893.690918>) quick accessed a lock!
[05:11:11] Player (Sauce, 76561199194857204)(<7801.914551, 315.043640, 6893.657715>) quick accessed a lock!
[05:11:15] Player (Sauce, 76561199194857204)(<7801.914551, 315.043640, 6893.657715>) quick accessed a lock!
[05:11:19] Player (Sauce, 76561199194857204)(<7801.914551, 315.043640, 6893.657715>) quick accessed a lock!
[05:13:06] Player (Sauce, 76561199194857204)(<7792.361328, 313.654327, 6894.910645>) quick accessed a lock!
[05:13:22] Player (Sauce, 76561199194857204)(<7801.914551, 315.043640, 6893.657715>) quick accessed a lock!
[05:13:26] Player (Sauce, 76561199194857204)(<7802.306641, 314.866455, 6893.690918>) quick accessed a lock!
[05:14:34] Player (Sauce, 76561199194857204)(<7801.914551, 315.043640, 6893.657715>) quick accessed a lock!
[06:34:44] Player (Sauce, 76561199194857204)(<7802.306641, 314.866455, 6893.690918>) quick accessed a lock!
[06:35:21] Player (Sauce, 76561199194857204)(<7801.914551, 315.043640, 6893.657715>) quick accessed a lock!
[06:44:42] Player (Sauce, 76561199194857204)(<7802.306641, 314.866455, 6893.690918>) quick accessed a lock!
[06:44:50] Player (Sauce, 76561199194857204)(<7802.306641, 314.866455, 6893.690918>) quick accessed a lock!
[07:22:16] Player (Dr. Mauler, 76561198022416611)(<12884.483398, 69.317932, 15105.002930>) quick accessed a lock!
[07:22:19] Player (Dr. Mauler, 76561198022416611)(<12884.335938, 69.317932, 15105.151367>) quick accessed a lock!
[07:22:25] Player (Dr. Mauler, 76561198022416611)(<12884.321289, 64.531334, 15105.812500>) quick accessed a lock!
[07:22:30] Player (Dr. Mauler, 76561198022416611)(<12888.545898, 64.531334, 15107.648438>) quick accessed a lock!
[07:22:36] Player (Dr. Mauler, 76561198022416611)(<12890.177734, 64.436760, 15109.198242>) quick accessed a lock!
[08:21:29] Player (Dr. Mauler, 76561198022416611)(<12890.177734, 64.436760, 15109.198242>) quick accessed a lock!
[08:21:35] Player (Dr. Mauler, 76561198022416611)(<12888.545898, 64.531334, 15107.648438>) quick accessed a lock!
[08:21:42] Player (Dr. Mauler, 76561198022416611)(<12884.321289, 64.531334, 15105.812500>) quick accessed a lock!
[08:21:47] Player (Dr. Mauler, 76561198022416611)(<12884.335938, 69.317932, 15105.151367>) quick accessed a lock!
[08:21:55] Player (Dr. Mauler, 76561198022416611)(<12884.483398, 69.317932, 15105.002930>) quick accessed a lock!
[08:23:55] Player (Kaleb, 76561198892748368)(<11153.391602, 200.794144, 12304.242188>) quick accessed a lock!
[08:23:59] Player (Kaleb, 76561198892748368)(<11161.032227, 199.577621, 12307.233398>) quick accessed a lock!
[08:26:29] Player (Kaleb, 76561198892748368)(<11157.393555, 204.045959, 12310.053711>) quick accessed a lock!
[08:26:31] Player (Kaleb, 76561198892748368)(<11157.393555, 204.045959, 12310.053711>) quick accessed a lock!
[08:26:40] Player (Kaleb, 76561198892748368)(<11161.232422, 202.830002, 12301.918945>) quick accessed a lock!
[08:26:45] Player (Kaleb, 76561198892748368)(<11161.232422, 202.830002, 12301.918945>) quick accessed a lock!
[08:26:50] Player (Kaleb, 76561198892748368)(<11161.232422, 202.830002, 12301.918945>) quick accessed a lock!
[08:28:39] Player (Kaleb, 76561198892748368)(<11157.393555, 204.045959, 12310.053711>) quick accessed a lock!
[08:28:58] Player (Kaleb, 76561198892748368)(<11161.032227, 199.577621, 12307.233398>) quick accessed a lock!
[08:29:42] Player (Kaleb, 76561198892748368)(<11155.415039, 200.212296, 12294.655273>) quick accessed a lock!
[08:29:53] Player (Kaleb, 76561198892748368)(<11167.115234, 198.855804, 12297.868164>) quick accessed a lock!
[08:36:34] Player (Kaleb, 76561198892748368)(<11167.115234, 198.855804, 12297.868164>) quick accessed a lock!
[08:37:16] Player (Kaleb, 76561198892748368)(<11155.415039, 200.212296, 12294.655273>) quick accessed a lock!
[08:37:21] Player (Kaleb, 76561198892748368)(<11153.391602, 200.794144, 12304.242188>) quick accessed a lock!
[08:37:44] Player (Kaleb, 76561198892748368)(<11157.393555, 204.045959, 12310.053711>) quick accessed a lock!
[08:37:46] Player (Kaleb, 76561198892748368)(<11157.393555, 204.045959, 12310.053711>) quick accessed a lock!
[08:38:30] Player (Kaleb, 76561198892748368)(<11153.391602, 200.794144, 12304.242188>) quick accessed a lock!
[08:38:35] Player (Kaleb, 76561198892748368)(<11155.415039, 200.212296, 12294.655273>) quick accessed a lock!
[08:50:13] Player (Dr. Mauler, 76561198022416611)(<12884.483398, 69.317932, 15105.002930>) quick accessed a lock!
[08:50:16] Player (Dr. Mauler, 76561198022416611)(<12884.335938, 69.317932, 15105.151367>) quick accessed a lock!
[08:50:19] Player (Dr. Mauler, 76561198022416611)(<12884.321289, 64.531334, 15105.812500>) quick accessed a lock!
[08:50:22] Player (Dr. Mauler, 76561198022416611)(<12888.545898, 64.531334, 15107.648438>) quick accessed a lock!
[08:50:28] Player (Dr. Mauler, 76561198022416611)(<12890.177734, 64.436760, 15109.198242>) quick accessed a lock!
[08:51:08] Player (Dr. Mauler, 76561198022416611)(<12890.177734, 64.436760, 15109.198242>) quick accessed a lock!
[08:51:15] Player (Dr. Mauler, 76561198022416611)(<12888.545898, 64.531334, 15107.648438>) quick accessed a lock!
[08:54:04] Player (Dr. Mauler, 76561198022416611)(<12888.545898, 64.531334, 15107.648438>) quick accessed a lock!
[08:54:06] Player (Dr. Mauler, 76561198022416611)(<12890.177734, 64.436760, 15109.198242>) quick accessed a lock!
[09:03:17] Player (Dr. Mauler, 76561198022416611)(<12890.177734, 64.436760, 15109.198242>) quick accessed a lock!
[09:03:20] Player (Dr. Mauler, 76561198022416611)(<12888.545898, 64.531334, 15107.648438>) quick accessed a lock!
[09:03:24] Player (Dr. Mauler, 76561198022416611)(<12884.321289, 64.531334, 15105.812500>) quick accessed a lock!
[09:03:28] Player (Dr. Mauler, 76561198022416611)(<12884.335938, 69.317932, 15105.151367>) quick accessed a lock!
[09:03:32] Player (Dr. Mauler, 76561198022416611)(<12884.483398, 69.317932, 15105.002930>) quick accessed a lock!
[09:13:11] Player (Dr. Mauler, 76561198022416611)(<12884.483398, 69.317932, 15105.002930>) quick accessed a lock!
[09:13:13] Player (Dr. Mauler, 76561198022416611)(<12884.335938, 69.317932, 15105.151367>) quick accessed a lock!
[09:13:17] Player (Dr. Mauler, 76561198022416611)(<12884.321289, 64.531334, 15105.812500>) quick accessed a lock!
[09:13:21] Player (Dr. Mauler, 76561198022416611)(<12888.545898, 64.531334, 15107.648438>) quick accessed a lock!
[09:13:27] Player (Dr. Mauler, 76561198022416611)(<12884.321289, 64.531334, 15105.812500>) quick accessed a lock!
[09:13:28] Player (Dr. Mauler, 76561198022416611)(<12888.545898, 64.531334, 15107.648438>) quick accessed a lock!
[09:13:36] Player (Dr. Mauler, 76561198022416611)(<12884.321289, 64.531334, 15105.812500>) quick accessed a lock!
[09:16:20] Player (Dr. Mauler, 76561198022416611)(<12884.335938, 69.317932, 15105.151367>) quick accessed a lock!
[09:16:23] Player (Dr. Mauler, 76561198022416611)(<12884.321289, 64.531334, 15105.812500>) quick accessed a lock!
[09:16:35] Player (Dr. Mauler, 76561198022416611)(<12888.545898, 64.531334, 15107.648438>) quick accessed a lock!
[09:26:55] Player (Dr. Mauler, 76561198022416611)(<12890.177734, 64.436760, 15109.198242>) quick accessed a lock!
[09:28:38] Player (Dr. Mauler, 76561198022416611)(<12890.177734, 64.436760, 15109.198242>) quick accessed a lock!
[09:28:42] Player (Dr. Mauler, 76561198022416611)(<12888.545898, 64.531334, 15107.648438>) quick accessed a lock!
[09:28:48] Player (Dr. Mauler, 76561198022416611)(<12884.321289, 64.531334, 15105.812500>) quick accessed a lock!
[09:28:52] Player (Dr. Mauler, 76561198022416611)(<12884.335938, 69.317932, 15105.151367>) quick accessed a lock!
[09:28:56] Player (Dr. Mauler, 76561198022416611)(<12884.483398, 69.317932, 15105.002930>) quick accessed a lock!
[09:29:37] Player (Dr. Mauler, 76561198022416611)(<12884.483398, 69.317932, 15105.002930>) quick accessed a lock!
[09:29:39] Player (Dr. Mauler, 76561198022416611)(<12884.335938, 69.317932, 15105.151367>) quick accessed a lock!
[09:29:46] Player (Dr. Mauler, 76561198022416611)(<12884.483398, 69.317932, 15105.002930>) quick accessed a lock!
[09:30:25] Player (Dr. Mauler, 76561198022416611)(<12884.335938, 69.317932, 15105.151367>) quick accessed a lock!
[09:30:27] Player (Dr. Mauler, 76561198022416611)(<12884.321289, 64.531334, 15105.812500>) quick accessed a lock!
[09:30:30] Player (Dr. Mauler, 76561198022416611)(<12888.545898, 64.531334, 15107.648438>) quick accessed a lock!
[09:30:34] Player (Dr. Mauler, 76561198022416611)(<12884.321289, 64.531334, 15105.812500>) quick accessed a lock!
[09:30:36] Player (Dr. Mauler, 76561198022416611)(<12888.545898, 64.531334, 15107.648438>) quick accessed a lock!
[09:30:44] Player (Dr. Mauler, 76561198022416611)(<12884.321289, 64.531334, 15105.812500>) quick accessed a lock!
[09:32:02] Player (Dr. Mauler, 76561198022416611)(<12884.483398, 69.317932, 15105.002930>) removed a lock!
[09:34:13] Player (Dr. Mauler, 76561198022416611)(<12884.483398, 69.317932, 15105.002930>) set a new passcode on lock!
[09:34:13] Player (Dr. Mauler, 76561198022416611)(<12884.483398, 69.317932, 15105.002930>) claimed ownership of a lock!
[09:35:03] Player (Dr. Mauler, 76561198022416611)(<12884.483398, 69.317932, 15105.002930>) quick accessed a lock!
[09:35:04] Player (Dr. Mauler, 76561198022416611)(<12884.335938, 69.317932, 15105.151367>) quick accessed a lock!
[08-29-2021][10.18.29] Log file reloaded ( Server Restart )
[11:03:19] Player (Kaleb, 76561198892748368)(<11167.115234, 198.855804, 12297.868164>) quick accessed a lock!
[11:04:01] Player (Kaleb, 76561198892748368)(<11167.115234, 198.855804, 12297.868164>) quick accessed a lock!
[11:04:06] Player (Kaleb, 76561198892748368)(<11155.415039, 200.212296, 12294.655273>) quick accessed a lock!
[11:04:08] Player (Kaleb, 76561198892748368)(<11155.415039, 200.212296, 12294.655273>) quick accessed a lock!
[11:04:13] Player (Kaleb, 76561198892748368)(<11153.391602, 200.794144, 12304.242188>) quick accessed a lock!
[11:05:04] Player (Kaleb, 76561198892748368)(<11157.393555, 204.045959, 12310.053711>) quick accessed a lock!
[11:08:16] Player (Kaleb, 76561198892748368)(<11161.232422, 202.830002, 12301.918945>) quick accessed a lock!
[11:09:10] Player (Kaleb, 76561198892748368)(<11153.391602, 200.794144, 12304.242188>) quick accessed a lock!
[11:10:14] Player (Kaleb, 76561198892748368)(<11153.391602, 200.794144, 12304.242188>) quick accessed a lock!
[11:12:57] Player (Kaleb, 76561198892748368)(<11155.415039, 200.212296, 12294.655273>) quick accessed a lock!
[11:12:59] Player (Kaleb, 76561198892748368)(<11167.115234, 198.855804, 12297.868164>) quick accessed a lock!
[11:13:29] Player (Kaleb, 76561198892748368)(<11155.415039, 200.212296, 12294.655273>) quick accessed a lock!
[11:13:39] Player (Kaleb, 76561198892748368)(<11153.391602, 200.794144, 12304.242188>) quick accessed a lock!
[11:13:40] Player (Kaleb, 76561198892748368)(<11153.391602, 200.794144, 12304.242188>) quick accessed a lock!
[11:14:35] Player (Kaleb, 76561198892748368)(<11153.391602, 200.794144, 12304.242188>) quick accessed a lock!
[11:16:30] Player (Kaleb, 76561198892748368)(<11153.391602, 200.794144, 12304.242188>) quick accessed a lock!
[11:16:32] Player (Kaleb, 76561198892748368)(<11153.391602, 200.794144, 12304.242188>) quick accessed a lock!
[11:16:43] Player (Kaleb, 76561198892748368)(<11161.032227, 199.577621, 12307.233398>) quick accessed a lock!
[11:17:31] Player (Kaleb, 76561198892748368)(<11157.393555, 204.045959, 12310.053711>) quick accessed a lock!
[11:17:36] Player (Kaleb, 76561198892748368)(<11161.232422, 202.830002, 12301.918945>) quick accessed a lock!
[11:18:49] Player (Kaleb, 76561198892748368)(<11161.232422, 202.830002, 12301.918945>) quick accessed a lock!
[11:21:18] Player (Kaleb, 76561198892748368)(<11155.415039, 200.212296, 12294.655273>) quick accessed a lock!
[11:21:28] Player (Kaleb, 76561198892748368)(<11167.115234, 198.855804, 12297.868164>) quick accessed a lock!
[11:47:09] Player (PussinaBush, 76561198086263481)(<13298.168945, 69.805489, 12103.271484>) quick accessed a lock!
[11:48:46] Player (PussinaBush, 76561198086263481)(<13295.887695, 71.638863, 12122.681641>) quick accessed a lock!
[11:48:52] Player (PussinaBush, 76561198086263481)(<13309.554688, 71.606522, 12124.805664>) quick accessed a lock!
[13:36:56] Player (Kaleb, 76561198892748368)(<11155.415039, 200.212296, 12294.655273>) quick accessed a lock!
[13:37:05] Player (Kaleb, 76561198892748368)(<11167.115234, 198.855804, 12297.868164>) quick accessed a lock!
[13:37:50] Player (Kaleb, 76561198892748368)(<11155.415039, 200.212296, 12294.655273>) quick accessed a lock!
[13:38:00] Player (Kaleb, 76561198892748368)(<11153.391602, 200.794144, 12304.242188>) quick accessed a lock!
[13:38:17] Player (Kaleb, 76561198892748368)(<11157.393555, 204.045959, 12310.053711>) quick accessed a lock!
[13:43:03] Player (^DBD^ Maxo, 76561198148661627)(<1186.712402, 344.556030, 9985.844727>) quick accessed a lock!
[13:43:08] Player (^DBD^ Maxo, 76561198148661627)(<1184.751831, 344.556030, 9983.866211>) quick accessed a lock!
[13:43:39] Player (^DBD^ Maxo, 76561198148661627)(<1182.824463, 344.556030, 9978.469727>) quick accessed a lock!
[13:43:40] Player (^DBD^ Maxo, 76561198148661627)(<1182.824463, 344.556030, 9978.469727>) quick accessed a lock!
[13:48:28] Player (^DBD^ Maxo, 76561198148661627)(<1185.200195, 344.556030, 9979.226563>) quick accessed a lock!
[13:49:59] Player (^DBD^ Maxo, 76561198148661627)(<1186.712402, 344.556030, 9985.844727>) quick accessed a lock!
[13:52:07] Player (Kaleb, 76561198892748368)(<11153.391602, 200.794144, 12304.242188>) quick accessed a lock!
[13:52:17] Player (Kaleb, 76561198892748368)(<11157.393555, 204.045959, 12310.053711>) quick accessed a lock!
[13:52:31] Player (^DBD^ Maxo, 76561198148661627)(<1181.235474, 344.556030, 9979.996094>) quick accessed a lock!
[13:55:42] Player (^DBD^ Maxo, 76561198148661627)(<1186.966064, 344.556030, 9980.056641>) quick accessed a lock!
[14:01:01] Player (^DBD^ Maxo, 76561198148661627)(<1186.966064, 344.556030, 9980.056641>) quick accessed a lock!
[14:01:32] Player (^DBD^ Maxo, 76561198148661627)(<1184.278076, 344.556030, 9987.071289>) quick accessed a lock!
[14:04:02] Player (Kaleb, 76561198892748368)(<11157.393555, 204.045959, 12310.053711>) quick accessed a lock!
[14:04:41] Player (Aaron, 76561199083883076)(<1136.275024, 344.882324, 9965.555664>) quick accessed a lock!
[14:07:02] Player (Kaleb, 76561198892748368)(<11161.032227, 199.577621, 12307.233398>) quick accessed a lock!
[14:07:17] Player (^DBD^ Maxo, 76561198148661627)(<1184.278076, 344.556030, 9987.071289>) quick accessed a lock!
[14:09:27] Player (Aaron, 76561199083883076)(<1133.712769, 344.882324, 9966.475586>) quick accessed a lock!
[14:09:34] Player (Aaron, 76561199083883076)(<1132.735107, 344.874054, 9969.252930>) quick accessed a lock!
[14:10:20] Player (Aaron, 76561199083883076)(<1125.932373, 344.339203, 9971.625000>) quick accessed a lock!
[14:12:59] Player (Aaron, 76561199083883076)(<1136.275024, 344.882324, 9965.555664>) quick accessed a lock!
[14:13:53] Player (Aaron, 76561199083883076)(<1136.275024, 344.882324, 9965.555664>) quick accessed a lock!
[14:15:30] Player (Aaron, 76561199083883076)(<1136.275024, 344.882324, 9965.555664>) quick accessed a lock!
[14:16:23] Player (^DBD^ Maxo, 76561198148661627)(<1186.712402, 344.556030, 9985.844727>) quick accessed a lock!
[14:16:25] Player (^DBD^ Maxo, 76561198148661627)(<1184.751831, 344.556030, 9983.866211>) quick accessed a lock!
[14:16:28] Player (^DBD^ Maxo, 76561198148661627)(<1181.235474, 344.556030, 9979.996094>) quick accessed a lock!
[14:17:00] Player (Aaron, 76561199083883076)(<1136.275024, 344.882324, 9965.555664>) quick accessed a lock!
[14:18:43] Player (Kaleb, 76561198892748368)(<11153.391602, 200.794144, 12304.242188>) quick accessed a lock!
[14:19:13] Player (Kaleb, 76561198892748368)(<11155.415039, 200.212296, 12294.655273>) quick accessed a lock!
[14:19:16] Player (Kaleb, 76561198892748368)(<11167.115234, 198.855804, 12297.868164>) quick accessed a lock!
[14:19:51] Player (Kaleb, 76561198892748368)(<11167.115234, 198.855804, 12297.868164>) quick accessed a lock!
[14:19:55] Player (Kaleb, 76561198892748368)(<11155.415039, 200.212296, 12294.655273>) quick accessed a lock!
[14:20:00] Player (Kaleb, 76561198892748368)(<11153.391602, 200.794144, 12304.242188>) quick accessed a lock!
[14:20:02] Player (Kaleb, 76561198892748368)(<11153.391602, 200.794144, 12304.242188>) quick accessed a lock!
[14:22:29] Player (Kaleb, 76561198892748368)(<11161.232422, 202.830002, 12301.918945>) quick accessed a lock!
[14:22:50] Player (Kaleb, 76561198892748368)(<11161.032227, 199.577621, 12307.233398>) quick accessed a lock!
[14:23:53] Player (Kaleb, 76561198892748368)(<11153.391602, 200.794144, 12304.242188>) quick accessed a lock!
[14:24:54] Player (Kaleb, 76561198892748368)(<11155.415039, 200.212296, 12294.655273>) quick accessed a lock!
[14:24:57] Player (Kaleb, 76561198892748368)(<11167.115234, 198.855804, 12297.868164>) quick accessed a lock!
[14:25:16] Player (Kaleb, 76561198892748368)(<11167.115234, 198.855804, 12297.868164>) quick accessed a lock!
[14:25:19] Player (Kaleb, 76561198892748368)(<11155.415039, 200.212296, 12294.655273>) quick accessed a lock!
[14:25:22] Player (Kaleb, 76561198892748368)(<11153.391602, 200.794144, 12304.242188>) quick accessed a lock!
[15:49:20] Player (^DBD^ Maxo, 76561198148661627)(<1186.712402, 344.556030, 9985.844727>) quick accessed a lock!
[15:49:41] Player (Aaron, 76561199083883076)(<1132.735107, 344.874054, 9969.252930>) quick accessed a lock!
[15:49:47] Player (Aaron, 76561199083883076)(<1132.735107, 344.874054, 9969.252930>) quick accessed a lock!
[15:49:52] Player (Aaron, 76561199083883076)(<1133.712769, 344.882324, 9966.475586>) quick accessed a lock!
[15:49:58] Player (Aaron, 76561199083883076)(<1136.275024, 344.882324, 9965.555664>) quick accessed a lock!
[16:10:49] Player (Kaleb, 76561198892748368)(<11157.393555, 204.045959, 12310.053711>) quick accessed a lock!
[16:11:35] Player (Kaleb, 76561198892748368)(<11157.393555, 204.045959, 12310.053711>) quick accessed a lock!
[16:11:45] Player (Kaleb, 76561198892748368)(<11153.391602, 200.794144, 12304.242188>) quick accessed a lock!
[16:13:05] Player (Kaleb, 76561198892748368)(<11157.393555, 204.045959, 12310.053711>) quick accessed a lock!
[16:15:13] Player (Kaleb, 76561198892748368)(<11153.391602, 200.794144, 12304.242188>) quick accessed a lock!
[16:15:34] Player (Kaleb, 76561198892748368)(<11155.415039, 200.212296, 12294.655273>) quick accessed a lock!
[08-29-2021][16.20.44] Log file reloaded ( Server Restart )
[16:57:55] Player (Kaleb, 76561198892748368)(<11155.415039, 200.212296, 12294.655273>) quick accessed a lock!
[16:58:01] Player (Kaleb, 76561198892748368)(<11153.391602, 200.794144, 12304.242188>) quick accessed a lock!
[17:03:19] Player (Kaleb, 76561198892748368)(<11161.232422, 202.830002, 12301.918945>) quick accessed a lock!
[17:04:21] Player (Kaleb, 76561198892748368)(<11153.391602, 200.794144, 12304.242188>) quick accessed a lock!
[17:04:33] Player (Kaleb, 76561198892748368)(<11153.391602, 200.794144, 12304.242188>) quick accessed a lock!
[17:04:42] Player (Kaleb, 76561198892748368)(<11155.415039, 200.212296, 12294.655273>) quick accessed a lock!
[17:16:22] Player (Kaleb, 76561198892748368)(<11155.415039, 200.212296, 12294.655273>) quick accessed a lock!
[17:16:27] Player (Kaleb, 76561198892748368)(<11153.391602, 200.794144, 12304.242188>) quick accessed a lock!
[17:17:08] Player (Kaleb, 76561198892748368)(<11157.393555, 204.045959, 12310.053711>) quick accessed a lock!
[17:19:40] Player (Kaleb, 76561198892748368)(<11153.391602, 200.794144, 12304.242188>) quick accessed a lock!
[17:20:32] Player (Kaleb, 76561198892748368)(<11155.415039, 200.212296, 12294.655273>) quick accessed a lock!
[17:24:18] Player (Kaleb, 76561198892748368)(<11155.415039, 200.212296, 12294.655273>) quick accessed a lock!
[17:24:24] Player (Kaleb, 76561198892748368)(<11153.391602, 200.794144, 12304.242188>) quick accessed a lock!
[17:24:26] Player (Kaleb, 76561198892748368)(<11161.032227, 199.577621, 12307.233398>) quick accessed a lock!
[17:25:00] Player (Kaleb, 76561198892748368)(<11153.391602, 200.794144, 12304.242188>) quick accessed a lock!
[17:25:17] Player (Kaleb, 76561198892748368)(<11155.415039, 200.212296, 12294.655273>) quick accessed a lock!
[17:50:24] Player (Dr. Mauler, 76561198022416611)(<12884.483398, 69.317932, 15105.002930>) quick accessed a lock!
[17:50:27] Player (Dr. Mauler, 76561198022416611)(<12884.483398, 69.317932, 15105.002930>) quick accessed a lock!
[17:50:29] Player (Dr. Mauler, 76561198022416611)(<12884.335938, 69.317932, 15105.151367>) quick accessed a lock!
[17:50:34] Player (Dr. Mauler, 76561198022416611)(<12884.321289, 64.531334, 15105.812500>) quick accessed a lock!
[17:50:39] Player (Dr. Mauler, 76561198022416611)(<12888.545898, 64.531334, 15107.648438>) quick accessed a lock!
[17:50:44] Player (Dr. Mauler, 76561198022416611)(<12884.321289, 64.531334, 15105.812500>) quick accessed a lock!
[18:05:22] Player (Dr. Mauler, 76561198022416611)(<12884.483398, 69.317932, 15105.002930>) quick accessed a lock!
[18:05:25] Player (Dr. Mauler, 76561198022416611)(<12884.335938, 69.317932, 15105.151367>) quick accessed a lock!
[18:05:28] Player (Dr. Mauler, 76561198022416611)(<12884.483398, 69.317932, 15105.002930>) quick accessed a lock!
[18:05:34] Player (Dr. Mauler, 76561198022416611)(<12884.483398, 69.317932, 15105.002930>) quick accessed a lock!
[18:05:45] Player (Dr. Mauler, 76561198022416611)(<12884.483398, 69.317932, 15105.002930>) quick accessed a lock!
[18:25:51] Player (Aaron, 76561199083883076)(<1136.275024, 344.882324, 9965.555664>) quick accessed a lock!
[18:27:32] Player (Aaron, 76561199083883076)(<1133.712769, 344.882324, 9966.475586>) quick accessed a lock!
[18:27:46] Player (Aaron, 76561199083883076)(<1132.735107, 344.874054, 9969.252930>) quick accessed a lock!
[18:30:58] Player (Aaron, 76561199083883076)(<1132.735107, 344.874054, 9969.252930>) quick accessed a lock!
[18:31:09] Player (Aaron, 76561199083883076)(<1133.712769, 344.882324, 9966.475586>) quick accessed a lock!
[18:31:14] Player (Aaron, 76561199083883076)(<1136.275024, 344.882324, 9965.555664>) quick accessed a lock!
[18:33:02] Player (Aaron, 76561199083883076)(<1133.712769, 344.882324, 9966.475586>) quick accessed a lock!
[18:38:39] Player (Dr. Mauler, 76561198022416611)(<12884.483398, 69.317932, 15105.002930>) quick accessed a lock!
[18:38:41] Player (Dr. Mauler, 76561198022416611)(<12884.335938, 69.317932, 15105.151367>) quick accessed a lock!
[18:38:55] Player (Dr. Mauler, 76561198022416611)(<12884.321289, 64.531334, 15105.812500>) quick accessed a lock!
[08-29-2021][18.51.35] Log file reloaded ( Server Restart )
[18:56:59] Player (KingHotDog, 76561199068832255)(<13756.547852, 3.604946, 3721.132813>) quick accessed a lock!
[08-29-2021][19.00.22] Log file reloaded ( Server Restart )
[19:02:02] Player (KingHotDog, 76561199068832255)(<13753.517578, 4.316006, 3720.616699>) set a new passcode on lock!
[19:02:02] Player (KingHotDog, 76561199068832255)(<13753.517578, 4.316006, 3720.616699>) claimed ownership of a lock!
[19:04:09] Player (Dr. Mauler, 76561198022416611)(<12884.483398, 69.317932, 15105.002930>) quick accessed a lock!
[19:04:15] Player (Dr. Mauler, 76561198022416611)(<12884.335938, 69.317932, 15105.151367>) quick accessed a lock!
[19:06:38] Player (KingHotDog, 76561199068832255)(<13752.340820, 4.219599, 3717.315430>) set a new passcode on lock!
[19:06:38] Player (KingHotDog, 76561199068832255)(<13752.340820, 4.219599, 3717.315430>) claimed ownership of a lock!
[19:06:55] Player (KingHotDog, 76561199068832255)(<13749.350586, 4.831015, 3716.899170>) set a new passcode on lock!
[19:06:55] Player (KingHotDog, 76561199068832255)(<13749.350586, 4.831015, 3716.899170>) claimed ownership of a lock!
[19:07:15] Player (KingHotDog, 76561199068832255)(<13748.286133, 5.222137, 3718.493896>) set a new passcode on lock!
[19:07:15] Player (KingHotDog, 76561199068832255)(<13748.286133, 5.222137, 3718.493896>) claimed ownership of a lock!
[19:07:17] Player (Dr. Mauler, 76561198022416611)(<12884.335938, 69.317932, 15105.151367>) quick accessed a lock!
[19:07:19] Player (Dr. Mauler, 76561198022416611)(<12884.483398, 69.317932, 15105.002930>) quick accessed a lock!
[19:14:48] Player (Dr. Mauler, 76561198022416611)(<12884.483398, 69.317932, 15105.002930>) quick accessed a lock!
[19:15:02] Player (Dr. Mauler, 76561198022416611)(<12884.483398, 69.317932, 15105.002930>) quick accessed a lock!
[19:17:27] Player (Dr. Mauler, 76561198022416611)(<12888.250977, 68.105797, 15107.663086>) set a new passcode on lock!
[19:17:27] Player (Dr. Mauler, 76561198022416611)(<12888.250977, 68.105797, 15107.663086>) claimed ownership of a lock!
[19:19:04] Player (Dr. Mauler, 76561198022416611)(<12888.250977, 68.105797, 15107.663086>) removed a lock!
[19:19:24] Player (Dr. Mauler, 76561198022416611)(<12889.368164, 68.105797, 15106.971680>) set a new passcode on lock!
[19:19:24] Player (Dr. Mauler, 76561198022416611)(<12889.368164, 68.105797, 15106.971680>) claimed ownership of a lock!
[19:21:28] Player (KingHotDog, 76561199068832255)(<12889.368164, 68.105797, 15106.971680>) set a new passcode on lock!
[19:21:28] Player (KingHotDog, 76561199068832255)(<12889.368164, 68.105797, 15106.971680>) claimed ownership of a lock!
[19:21:46] Player (Dr. Mauler, 76561198022416611)(<12890.646484, 68.105797, 15104.196289>) set a new passcode on lock!
[19:21:46] Player (Dr. Mauler, 76561198022416611)(<12890.646484, 68.105797, 15104.196289>) claimed ownership of a lock!
[19:23:39] Player (Dr. Mauler, 76561198022416611)(<12884.335938, 69.317932, 15105.151367>) quick accessed a lock!
[19:23:41] Player (Dr. Mauler, 76561198022416611)(<12884.321289, 64.531334, 15105.812500>) quick accessed a lock!
[19:23:49] Player (Dr. Mauler, 76561198022416611)(<12888.545898, 64.531334, 15107.648438>) quick accessed a lock!
[19:23:57] Player (Dr. Mauler, 76561198022416611)(<12888.545898, 64.531334, 15107.648438>) quick accessed a lock!
[19:24:00] Player (Dr. Mauler, 76561198022416611)(<12884.321289, 64.531334, 15105.812500>) quick accessed a lock!
[19:24:03] Player (Dr. Mauler, 76561198022416611)(<12884.321289, 64.531334, 15105.812500>) quick accessed a lock!
[19:24:07] Player (Dr. Mauler, 76561198022416611)(<12884.321289, 64.531334, 15105.812500>) quick accessed a lock!
[19:24:09] Player (Dr. Mauler, 76561198022416611)(<12884.335938, 69.317932, 15105.151367>) quick accessed a lock!
[19:24:17] Player (Dr. Mauler, 76561198022416611)(<12888.545898, 64.531334, 15107.648438>) quick accessed a lock!
[19:24:20] Player (Dr. Mauler, 76561198022416611)(<12890.177734, 64.436760, 15109.198242>) quick accessed a lock!
[19:27:38] Player (KingHotDog, 76561199068832255)(<13761.996094, 2.698018, 3722.222168>) quick accessed a lock!
[19:36:39] Player (Aaron, 76561199083883076)(<1136.275024, 344.882324, 9965.555664>) quick accessed a lock!
[19:36:44] Player (Aaron, 76561199083883076)(<1133.712769, 344.882324, 9966.475586>) quick accessed a lock!
[19:37:18] Player (Aaron, 76561199083883076)(<1132.735107, 344.874054, 9969.252930>) quick accessed a lock!
[19:44:56] Player (Aaron, 76561199083883076)(<1132.735107, 344.874054, 9969.252930>) quick accessed a lock!
[19:45:54] Player (Aaron, 76561199083883076)(<1133.712769, 344.882324, 9966.475586>) quick accessed a lock!
[19:45:59] Player (Aaron, 76561199083883076)(<1136.275024, 344.882324, 9965.555664>) quick accessed a lock!
[19:47:01] Player (Aaron, 76561199083883076)(<1141.110718, 344.882324, 9964.958984>) set a new passcode on lock!
[19:47:01] Player (Aaron, 76561199083883076)(<1141.110718, 344.882324, 9964.958984>) claimed ownership of a lock!
[19:47:03] Player (Aaron, 76561199083883076)(<1141.110718, 344.882324, 9964.958984>) quick accessed a lock!
[19:49:05] Player (Aaron, 76561199083883076)(<1132.735107, 344.874054, 9969.252930>) quick accessed a lock!
[19:51:25] Player (Aaron, 76561199083883076)(<1132.735107, 344.874054, 9969.252930>) quick accessed a lock!
[19:51:28] Player (Aaron, 76561199083883076)(<1133.712769, 344.882324, 9966.475586>) quick accessed a lock!
[19:51:30] Player (Aaron, 76561199083883076)(<1136.275024, 344.882324, 9965.555664>) quick accessed a lock!
[19:52:09] Player (Aaron, 76561199083883076)(<1133.712769, 344.882324, 9966.475586>) quick accessed a lock!
[19:52:20] Player (Aaron, 76561199083883076)(<1133.712769, 344.882324, 9966.475586>) quick accessed a lock!
[19:57:12] Player (RaginCajun, 76561198008597711)(<6615.646484, 15.929601, 2307.061279>) set a new passcode on lock!
[19:57:12] Player (RaginCajun, 76561198008597711)(<6615.646484, 15.929601, 2307.061279>) claimed ownership of a lock!
[19:57:18] Player (RaginCajun, 76561198008597711)(<6615.646484, 15.929601, 2307.061279>) quick accessed a lock!
[19:57:26] Player (RaginCajun, 76561198008597711)(<6615.646484, 15.929601, 2307.061279>) quick accessed a lock!
[19:57:30] Player (RaginCajun, 76561198008597711)(<6615.646484, 15.929601, 2307.061279>) quick accessed a lock!
[19:57:42] Player (RaginCajun, 76561198008597711)(<6615.646484, 15.929601, 2307.061279>) quick accessed a lock!
[20:02:11] Player (RaginCajun, 76561198008597711)(<6615.646484, 15.929601, 2307.061279>) quick accessed a lock!
[20:11:51] Player (RaginCajun, 76561198008597711)(<6615.646484, 15.929601, 2307.061279>) quick accessed a lock!
[20:21:42] Player (RaginCajun, 76561198008597711)(<6611.542969, 15.929601, 2308.030029>) set a new passcode on lock!
[20:21:42] Player (RaginCajun, 76561198008597711)(<6611.542969, 15.929601, 2308.030029>) claimed ownership of a lock!
[20:21:45] Player (RaginCajun, 76561198008597711)(<6611.542969, 15.929601, 2308.030029>) quick accessed a lock!
[20:21:55] Player (RaginCajun, 76561198008597711)(<6611.542969, 15.929601, 2308.030029>) quick accessed a lock!
[20:22:10] Player (RaginCajun, 76561198008597711)(<6611.542969, 15.929601, 2308.030029>) quick accessed a lock!
[20:22:35] Player (RaginCajun, 76561198008597711)(<6611.542969, 15.929601, 2308.030029>) quick accessed a lock!
[20:22:49] Player (RaginCajun, 76561198008597711)(<6611.542969, 15.929601, 2308.030029>) quick accessed a lock!
[20:22:55] Player (RaginCajun, 76561198008597711)(<6615.646484, 15.929601, 2307.061279>) quick accessed a lock!
[20:36:04] Player (RaginCajun, 76561198008597711)(<6611.542969, 15.929601, 2308.030029>) quick accessed a lock!
[20:36:11] Player (RaginCajun, 76561198008597711)(<6615.646484, 15.929601, 2307.061279>) quick accessed a lock!
[20:37:14] Player (RaginCajun, 76561198008597711)(<6611.542969, 15.929601, 2308.030029>) quick accessed a lock!
[20:40:59] Player (^DBD^ Maxo, 76561198148661627)(<1184.751831, 344.556030, 9983.866211>) quick accessed a lock!
[20:42:12] Player (^DBD^ Maxo, 76561198148661627)(<1185.200195, 344.556030, 9979.226563>) quick accessed a lock!
[20:43:09] Player (^DBD^ Maxo, 76561198148661627)(<1186.712402, 344.556030, 9985.844727>) quick accessed a lock!
[20:43:36] Player (^DBD^ Maxo, 76561198148661627)(<1181.235474, 344.556030, 9979.996094>) quick accessed a lock!
[20:44:06] Player (^DBD^ Maxo, 76561198148661627)(<1186.966064, 344.556030, 9980.056641>) quick accessed a lock!
[20:45:30] Player (^DBD^ Maxo, 76561198148661627)(<1186.966064, 344.556030, 9980.056641>) quick accessed a lock!
[20:47:33] Player (^DBD^ Maxo, 76561198148661627)(<1186.966064, 344.556030, 9980.056641>) quick accessed a lock!
[20:53:08] Player (RaginCajun, 76561198008597711)(<6611.542969, 15.929601, 2308.030029>) quick accessed a lock!
[20:53:16] Player (RaginCajun, 76561198008597711)(<6615.646484, 15.929601, 2307.061279>) quick accessed a lock!
[20:55:52] Player (RaginCajun, 76561198008597711)(<6611.542969, 15.929601, 2308.030029>) quick accessed a lock!
[20:58:34] Player (Aaron, 76561199083883076)(<1125.932373, 344.339203, 9971.625000>) quick accessed a lock!
[20:58:45] Player (Aaron, 76561199083883076)(<1132.735107, 344.874054, 9969.252930>) quick accessed a lock!
[20:58:49] Player (Aaron, 76561199083883076)(<1133.712769, 344.882324, 9966.475586>) quick accessed a lock!
[20:58:56] Player (Aaron, 76561199083883076)(<1136.275024, 344.882324, 9965.555664>) quick accessed a lock!
[20:59:01] Player (Aaron, 76561199083883076)(<1141.110718, 344.882324, 9964.958984>) quick accessed a lock!
[20:59:03] Player (Aaron, 76561199083883076)(<1141.110718, 344.882324, 9964.958984>) quick accessed a lock!
[20:59:19] Player (^DBD^ Maxo, 76561198148661627)(<1182.824463, 344.556030, 9978.469727>) quick accessed a lock!
[21:01:58] Player (^DBD^ Maxo, 76561198148661627)(<1184.278076, 344.556030, 9987.071289>) quick accessed a lock!
[21:04:02] Player (Aaron, 76561199083883076)(<1133.712769, 344.882324, 9966.475586>) quick accessed a lock!
[21:04:04] Player (Aaron, 76561199083883076)(<1132.735107, 344.874054, 9969.252930>) quick accessed a lock!
[21:04:19] Player (Aaron, 76561199083883076)(<1141.110718, 344.882324, 9964.958984>) quick accessed a lock!
[21:05:01] Player (^DBD^ Maxo, 76561198148661627)(<1181.235474, 344.556030, 9979.996094>) quick accessed a lock!
[21:05:02] Player (Aaron, 76561199083883076)(<1141.110718, 344.882324, 9964.958984>) quick accessed a lock!
[21:05:41] Player (^DBD^ Maxo, 76561198148661627)(<1182.824463, 344.556030, 9978.469727>) quick accessed a lock!
[21:07:58] Player (Aaron, 76561199083883076)(<1132.735107, 344.874054, 9969.252930>) quick accessed a lock!
[21:08:15] Player (Aaron, 76561199083883076)(<1141.110718, 344.882324, 9964.958984>) quick accessed a lock!
[21:09:24] Player (Aaron, 76561199083883076)(<1132.735107, 344.874054, 9969.252930>) quick accessed a lock!
[21:09:28] Player (Aaron, 76561199083883076)(<1133.712769, 344.882324, 9966.475586>) quick accessed a lock!
[21:52:44] Player (Sauce, 76561199194857204)(<7801.914551, 315.043640, 6893.657715>) quick accessed a lock!
[21:52:49] Player (Sauce, 76561199194857204)(<7792.361328, 313.654327, 6894.910645>) quick accessed a lock!
[21:54:32] Player (Sauce, 76561199194857204)(<7792.361328, 313.654327, 6894.910645>) quick accessed a lock!
[22:03:40] Player (Sauce, 76561199194857204)(<7801.914551, 315.043640, 6893.657715>) quick accessed a lock!
[22:03:58] Player (Sauce, 76561199194857204)(<7792.361328, 313.654327, 6894.910645>) quick accessed a lock!
[22:04:54] Player (RaginCajun, 76561198008597711)(<6611.542969, 15.929601, 2308.030029>) quick accessed a lock!
[22:05:05] Player (RaginCajun, 76561198008597711)(<6615.646484, 15.929601, 2307.061279>) quick accessed a lock!
[22:05:51] Player (Sauce, 76561199194857204)(<7802.306641, 314.866455, 6893.690918>) quick accessed a lock!
[22:08:05] Player (Sauce, 76561199194857204)(<7802.306641, 314.866455, 6893.690918>) quick accessed a lock!
[22:10:02] Player (RaginCajun, 76561198008597711)(<6611.542969, 15.929601, 2308.030029>) quick accessed a lock!
[22:26:24] Player (RaginCajun, 76561198008597711)(<6611.542969, 15.929601, 2308.030029>) quick accessed a lock!
[22:26:36] Player (RaginCajun, 76561198008597711)(<6615.646484, 15.929601, 2307.061279>) quick accessed a lock!
[22:28:26] Player (RaginCajun, 76561198008597711)(<6611.542969, 15.929601, 2308.030029>) quick accessed a lock!
[22:37:09] Player (RaginCajun, 76561198008597711)(<6611.542969, 15.929601, 2308.030029>) quick accessed a lock!
[22:38:59] Player (RaginCajun, 76561198008597711)(<6615.646484, 15.929601, 2307.061279>) quick accessed a lock!
[22:39:25] Player (RaginCajun, 76561198008597711)(<6611.542969, 15.929601, 2308.030029>) quick accessed a lock!
[22:44:22] Player (RaginCajun, 76561198008597711)(<6611.542969, 15.929601, 2308.030029>) quick accessed a lock!
[22:44:29] Player (RaginCajun, 76561198008597711)(<6615.646484, 15.929601, 2307.061279>) quick accessed a lock!
[22:45:27] Player (RaginCajun, 76561198008597711)(<6611.542969, 15.929601, 2308.030029>) quick accessed a lock!
[22:56:21] Player (RaginCajun, 76561198008597711)(<6611.542969, 15.929601, 2308.030029>) quick accessed a lock!
[22:58:05] Player (RaginCajun, 76561198008597711)(<6611.542969, 15.929601, 2308.030029>) quick accessed a lock!
[22:58:10] Player (RaginCajun, 76561198008597711)(<6611.542969, 15.929601, 2308.030029>) quick accessed a lock!
[23:05:01] Player (RaginCajun, 76561198008597711)(<6611.542969, 15.929601, 2308.030029>) quick accessed a lock!
[23:05:09] Player (RaginCajun, 76561198008597711)(<6615.646484, 15.929601, 2307.061279>) quick accessed a lock!
[23:07:50] Player (RaginCajun, 76561198008597711)(<6615.646484, 15.929601, 2307.061279>) quick accessed a lock!
[23:07:56] Player (RaginCajun, 76561198008597711)(<6611.542969, 15.929601, 2308.030029>) quick accessed a lock!
[23:15:21] Player (RaginCajun, 76561198008597711)(<6611.542969, 15.929601, 2308.030029>) quick accessed a lock!
[23:15:33] Player (RaginCajun, 76561198008597711)(<6615.646484, 15.929601, 2307.061279>) quick accessed a lock!
[23:16:20] Player (RaginCajun, 76561198008597711)(<6615.646484, 15.929601, 2307.061279>) quick accessed a lock!
[23:16:23] Player (RaginCajun, 76561198008597711)(<6611.542969, 15.929601, 2308.030029>) quick accessed a lock!
[23:21:55] Player (RaginCajun, 76561198008597711)(<6611.542969, 15.929601, 2308.030029>) quick accessed a lock!
[23:22:01] Player (RaginCajun, 76561198008597711)(<6615.646484, 15.929601, 2307.061279>) quick accessed a lock!
[23:28:53] Player (RaginCajun, 76561198008597711)(<6615.646484, 15.929601, 2307.061279>) quick accessed a lock!
[08-29-2021][23.34.13] Log file reloaded ( Server Restart )
[08-29-2021][23.54.13] Log file reloaded ( Server Restart )
[01:08:27] Player (Sauce, 76561199194857204)(<7802.306641, 314.866455, 6893.690918>) quick accessed a lock!
[01:09:08] Player (Sauce, 76561199194857204)(<7802.306641, 314.866455, 6893.690918>) quick accessed a lock!
[01:09:39] Player (Sauce, 76561199194857204)(<7801.914551, 315.043640, 6893.657715>) quick accessed a lock!
[01:15:49] Player (Sauce, 76561199194857204)(<7792.361328, 313.654327, 6894.910645>) quick accessed a lock!
[01:21:15] Player (Sauce, 76561199194857204)(<7802.306641, 314.866455, 6893.690918>) quick accessed a lock!
[01:21:34] Player (Sauce, 76561199194857204)(<7802.306641, 314.866455, 6893.690918>) quick accessed a lock!
[01:21:46] Player (Sauce, 76561199194857204)(<7801.914551, 315.043640, 6893.657715>) quick accessed a lock!
[01:27:34] Player (Sauce, 76561199194857204)(<7802.306641, 314.866455, 6893.690918>) accessed a lock!
[01:27:34] Player (Sauce, 76561199194857204)(<7802.306641, 314.866455, 6893.690918>) was added as a guest of a lock!
[01:27:59] Player (Sauce, 76561199194857204)(<7802.306641, 314.866455, 6893.690918>) removed a lock!
[01:30:05] Player (Sauce, 76561199194857204)(<7802.306641, 314.866455, 6893.690918>) set a new passcode on lock!
[01:30:05] Player (Sauce, 76561199194857204)(<7802.306641, 314.866455, 6893.690918>) claimed ownership of a lock!
[01:30:45] Player (Sauce, 76561199194857204)(<7802.306641, 314.866455, 6893.690918>) quick accessed a lock!
[01:35:42] Player (Sauce, 76561199194857204)(<7801.914551, 315.043640, 6893.657715>) quick accessed a lock!
[01:36:00] Player (Sauce, 76561199194857204)(<7802.306641, 314.866455, 6893.690918>) quick accessed a lock!
[01:36:46] Player (Sauce, 76561199194857204)(<7802.306641, 314.866455, 6893.690918>) quick accessed a lock!
[01:37:20] Player (Sauce, 76561199194857204)(<7801.914551, 315.043640, 6893.657715>) removed a lock!
[01:39:48] Player (Sauce, 76561199194857204)(<7801.914551, 315.043640, 6893.657715>) set a new passcode on lock!
[01:39:48] Player (Sauce, 76561199194857204)(<7801.914551, 315.043640, 6893.657715>) claimed ownership of a lock!
[01:39:54] Player (Sauce, 76561199194857204)(<7801.914551, 315.043640, 6893.657715>) quick accessed a lock!
[01:43:22] Player (Sauce, 76561199194857204)(<7801.914551, 315.043640, 6893.657715>) quick accessed a lock!
[01:49:06] Player (Sauce, 76561199194857204)(<7802.306641, 314.866455, 6893.690918>) quick accessed a lock!
[02:12:59] Player (Sauce, 76561199194857204)(<7802.306641, 314.866455, 6893.690918>) quick accessed a lock!
[02:14:35] Player (Sauce, 76561199194857204)(<7802.306641, 314.866455, 6893.690918>) quick accessed a lock!
[02:15:42] Player (Sauce, 76561199194857204)(<7801.914551, 315.043640, 6893.657715>) quick accessed a lock!
[02:16:21] Player (Sauce, 76561199194857204)(<7801.914551, 315.043640, 6893.657715>) quick accessed a lock!
[02:17:33] Player (Sauce, 76561199194857204)(<7801.914551, 315.043640, 6893.657715>) quick accessed a lock!
[02:18:05] Player (Sauce, 76561199194857204)(<7802.306641, 314.866455, 6893.690918>) quick accessed a lock!
[02:20:21] Player (Sauce, 76561199194857204)(<7802.306641, 314.866455, 6893.690918>) quick accessed a lock!
[02:23:32] Player (Sauce, 76561199194857204)(<7802.306641, 314.866455, 6893.690918>) quick accessed a lock!
[02:29:17] Player (Sauce, 76561199194857204)(<7801.914551, 315.043640, 6893.657715>) quick accessed a lock!
[02:34:07] Player (Sauce, 76561199194857204)(<7801.914551, 315.043640, 6893.657715>) quick accessed a lock!
[02:45:00] Player (Sauce, 76561199194857204)(<7802.306641, 314.866455, 6893.690918>) quick accessed a lock!
[02:45:10] Player (Sauce, 76561199194857204)(<7801.914551, 315.043640, 6893.657715>) quick accessed a lock!
[02:54:47] Player (Sauce, 76561199194857204)(<7802.306641, 314.866455, 6893.690918>) quick accessed a lock!
[02:55:18] Player (Sauce, 76561199194857204)(<7801.914551, 315.043640, 6893.657715>) quick accessed a lock!
[03:40:16] Player (Sauce, 76561199194857204)(<7802.306641, 314.866455, 6893.690918>) quick accessed a lock!
[03:42:30] Player (Sauce, 76561199194857204)(<7801.914551, 315.043640, 6893.657715>) quick accessed a lock!
[03:50:03] Player (Sauce, 76561199194857204)(<7801.914551, 315.043640, 6893.657715>) quick accessed a lock!
[03:53:34] Player (Sauce, 76561199194857204)(<7792.361328, 313.654327, 6894.910645>) quick accessed a lock!
