[08-23-2021][00.28.18] New Access Log File Created!
[08-23-2021][03.29.40] Log file reloaded ( Server Restart )
[08-23-2021][06.31.00] Log file reloaded ( Server Restart )
[08-23-2021][09.32.21] Log file reloaded ( Server Restart )
[08-23-2021][12.33.42] Log file reloaded ( Server Restart )
[12:50:42] Player (Imposible Burger, 76561199068832255)(<5767.152832, 320.091370, 8675.375977>) quick accessed a lock!
[12:51:09] Player (Imposible Burger, 76561199068832255)(<5767.152832, 320.091370, 8675.375977>) quick accessed a lock!
[12:57:22] Player (Imposible Burger, 76561199068832255)(<5763.656738, 319.634186, 8667.727539>) set a new passcode on lock!
[12:57:22] Player (Imposible Burger, 76561199068832255)(<5763.656738, 319.634186, 8667.727539>) claimed ownership of a lock!
[12:57:26] Player (Imposible Burger, 76561199068832255)(<5763.656738, 319.634186, 8667.727539>) quick accessed a lock!
[12:57:34] Player (Imposible Burger, 76561199068832255)(<5767.152832, 320.091370, 8675.375977>) quick accessed a lock!
[12:57:47] Player (Imposible Burger, 76561199068832255)(<5773.741699, 320.087860, 8694.512695>) set a new passcode on lock!
[12:57:47] Player (Imposible Burger, 76561199068832255)(<5773.741699, 320.087860, 8694.512695>) claimed ownership of a lock!
[12:57:50] Player (Imposible Burger, 76561199068832255)(<5767.152832, 320.091370, 8675.375977>) quick accessed a lock!
[12:57:56] Player (Imposible Burger, 76561199068832255)(<5763.656738, 319.634186, 8667.727539>) quick accessed a lock!
[12:58:19] Player (Imposible Burger, 76561199068832255)(<5763.656738, 319.634186, 8667.727539>) quick accessed a lock!
[12:59:40] Player (Imposible Burger, 76561199068832255)(<5763.656738, 319.634186, 8667.727539>) quick accessed a lock!
[12:59:50] Player (Imposible Burger, 76561199068832255)(<5763.656738, 319.634186, 8667.727539>) quick accessed a lock!
[12:59:57] Player (Imposible Burger, 76561199068832255)(<5763.656738, 319.634186, 8667.727539>) quick accessed a lock!
[13:19:01] Player (Imposible Burger, 76561199068832255)(<5763.656738, 319.634186, 8667.727539>) quick accessed a lock!
[08-23-2021][15.35.02] Log file reloaded ( Server Restart )
[08-23-2021][18.36.23] Log file reloaded ( Server Restart )
[20:50:45] Player (NOTxYAMAS, 76561199053059208)(<3285.387451, 237.664749, 4937.027344>) set a new passcode on lock!
[20:50:45] Player (NOTxYAMAS, 76561199053059208)(<3285.387451, 237.664749, 4937.027344>) claimed ownership of a lock!
[08-23-2021][21.37.45] Log file reloaded ( Server Restart )
[22:25:33] Player (Dr. Mauler, 76561198022416611)(<12888.545898, 64.531334, 15107.648438>) quick accessed a lock!
[22:42:26] Player (NOTxYAMAS, 76561199053059208)(<3285.387451, 237.664749, 4937.027344>) quick accessed a lock!
[22:51:25] Player (Dr. Mauler, 76561198022416611)(<12884.321289, 64.531334, 15105.812500>) set a new passcode on lock!
[22:51:25] Player (Dr. Mauler, 76561198022416611)(<12884.321289, 64.531334, 15105.812500>) claimed ownership of a lock!
[22:51:26] Player (Dr. Mauler, 76561198022416611)(<12884.321289, 64.531334, 15105.812500>) quick accessed a lock!
[22:51:35] Player (Dr. Mauler, 76561198022416611)(<12884.321289, 64.531334, 15105.812500>) quick accessed a lock!
[22:56:12] Player (Dr. Mauler, 76561198022416611)(<12884.321289, 64.531334, 15105.812500>) quick accessed a lock!
[22:56:18] Player (Dr. Mauler, 76561198022416611)(<12884.321289, 64.531334, 15105.812500>) quick accessed a lock!
