[09-06-2021][03.36.46] New Access Log File Created!
[04:23:02] Player (Goose, 76561199097533731)(<8252.000977, 355.415680, 6986.444336>) quick accessed a lock!
[04:23:13] Player (Goose, 76561199097533731)(<8256.342773, 354.203552, 6985.565918>) quick accessed a lock!
[04:23:29] Player (Goose, 76561199097533731)(<8255.826172, 354.203552, 6981.772949>) quick accessed a lock!
[04:24:14] Player (Goose, 76561199097533731)(<8252.000977, 355.415680, 6986.444336>) quick accessed a lock!
[04:59:09] Player (Goose, 76561199097533731)(<8252.000977, 355.415680, 6986.444336>) quick accessed a lock!
[05:01:31] Player (Goose, 76561199097533731)(<8255.826172, 354.203552, 6981.772949>) quick accessed a lock!
[05:02:15] Player (Goose, 76561199097533731)(<8254.417969, 354.203552, 6979.865723>) set a new passcode on lock!
[05:02:15] Player (Goose, 76561199097533731)(<8254.417969, 354.203552, 6979.865723>) claimed ownership of a lock!
[05:02:21] Player (Goose, 76561199097533731)(<8252.000977, 355.415680, 6986.444336>) quick accessed a lock!
[05:08:38] Player (Sauce, 76561199194857204)(<7801.914551, 315.043640, 6893.657715>) quick accessed a lock!
[05:09:23] Player (Sauce, 76561199194857204)(<7801.914551, 315.043640, 6893.657715>) quick accessed a lock!
[05:10:17] Player (Sauce, 76561199194857204)(<7801.914551, 315.043640, 6893.657715>) quick accessed a lock!
[05:10:26] Player (Sauce, 76561199194857204)(<7802.306641, 314.866455, 6893.690918>) quick accessed a lock!
[05:10:53] Player (Sauce, 76561199194857204)(<7802.306641, 314.866455, 6893.690918>) quick accessed a lock!
[05:11:00] Player (Sauce, 76561199194857204)(<7799.764648, 314.866455, 6903.740234>) quick accessed a lock!
[05:11:33] Player (Sauce, 76561199194857204)(<7801.914551, 315.043640, 6893.657715>) quick accessed a lock!
[05:11:43] Player (Sauce, 76561199194857204)(<7792.361328, 313.654327, 6894.910645>) quick accessed a lock!
[05:12:25] Player (Sauce, 76561199194857204)(<7797.045410, 318.967773, 6896.586914>) quick accessed a lock!
[05:12:37] Player (Sauce, 76561199194857204)(<7792.256836, 318.093750, 6895.266602>) quick accessed a lock!
[05:14:30] Player (Sauce, 76561199194857204)(<7802.306641, 314.866455, 6893.690918>) quick accessed a lock!
[05:18:28] Player (Sauce, 76561199194857204)(<7802.306641, 314.866455, 6893.690918>) quick accessed a lock!
[05:21:45] Player (Sauce, 76561199194857204)(<7799.764648, 314.866455, 6903.740234>) quick accessed a lock!
[05:22:34] Player (Sauce, 76561199194857204)(<7801.914551, 315.043640, 6893.657715>) quick accessed a lock!
[05:23:58] Player (Sauce, 76561199194857204)(<7801.914551, 315.043640, 6893.657715>) quick accessed a lock!
[05:24:01] Player (Sauce, 76561199194857204)(<7792.361328, 313.654327, 6894.910645>) quick accessed a lock!
[05:31:09] Player (Sauce, 76561199194857204)(<7799.764648, 314.866455, 6903.740234>) quick accessed a lock!
[05:33:26] Player (Sauce, 76561199194857204)(<7802.306641, 314.866455, 6893.690918>) quick accessed a lock!
[05:33:48] Player (Sauce, 76561199194857204)(<7801.914551, 315.043640, 6893.657715>) quick accessed a lock!
[05:34:21] Player (Sauce, 76561199194857204)(<7792.361328, 313.654327, 6894.910645>) quick accessed a lock!
[05:35:15] Player (Sauce, 76561199194857204)(<7801.914551, 315.043640, 6893.657715>) quick accessed a lock!
[09-06-2021][07.38.28] Log file reloaded ( Server Restart )
[09-06-2021][08.58.17] Log file reloaded ( Server Restart )
[10:11:28] Player (Goose, 76561199097533731)(<8252.000977, 355.415680, 6986.444336>) quick accessed a lock!
[10:11:43] Player (Goose, 76561199097533731)(<8254.417969, 354.203552, 6979.865723>) quick accessed a lock!
[10:13:14] Player (Goose, 76561199097533731)(<8255.607422, 354.203552, 6979.498047>) quick accessed a lock!
[10:13:16] Player (Goose, 76561199097533731)(<8255.607422, 354.203552, 6979.498047>) quick accessed a lock!
[10:13:49] Player (iNSANE, 76561198167062860)(<3586.282715, 7.637123, 2183.565918>) quick accessed a lock!
[10:13:55] Player (iNSANE, 76561198167062860)(<3585.886719, 7.637123, 2178.851807>) quick accessed a lock!
[10:14:24] Player (iNSANE, 76561198167062860)(<3584.327637, 10.588430, 2175.568848>) quick accessed a lock!
[10:14:35] Player (Goose, 76561199097533731)(<8255.826172, 354.203552, 6981.772949>) quick accessed a lock!
[10:15:29] Player (Goose, 76561199097533731)(<8256.342773, 354.203552, 6985.565918>) quick accessed a lock!
[10:16:02] Player (iNSANE, 76561198167062860)(<3586.307373, 19.553514, 2172.341064>) quick accessed a lock!
[10:16:22] Player (Goose, 76561199097533731)(<8254.417969, 354.203552, 6979.865723>) quick accessed a lock!
[10:16:26] Player (iNSANE, 76561198167062860)(<3586.348877, 19.546085, 2175.481201>) quick accessed a lock!
[10:18:43] Player (iNSANE, 76561198167062860)(<3590.343994, 18.611160, 2167.448486>) quick accessed a lock!
[10:21:15] Player (Goose, 76561199097533731)(<8254.417969, 354.203552, 6979.865723>) quick accessed a lock!
[10:21:37] Player (Goose, 76561199097533731)(<8252.000977, 355.415680, 6986.444336>) quick accessed a lock!
[10:23:06] Player (iNSANE, 76561198167062860)(<3581.361572, 19.823298, 2170.142090>) quick accessed a lock!
[11:52:08] Player (iNSANE, 76561198167062860)(<3581.361572, 19.823298, 2170.142090>) quick accessed a lock!
[12:02:10] Player (iNSANE, 76561198167062860)(<3586.307373, 19.553514, 2172.341064>) quick accessed a lock!
[12:02:42] Player (iNSANE, 76561198167062860)(<3586.348877, 19.546085, 2175.481201>) quick accessed a lock!
[12:08:50] Player (Aaron, 76561199083883076)(<1132.763794, 345.573212, 9973.032227>) quick accessed a lock!
[12:08:56] Player (Aaron, 76561199083883076)(<1132.735107, 344.874054, 9969.252930>) quick accessed a lock!
[12:09:06] Player (Aaron, 76561199083883076)(<1133.712769, 344.882324, 9966.475586>) quick accessed a lock!
[12:09:10] Player (Aaron, 76561199083883076)(<1135.836792, 346.094452, 9966.250000>) quick accessed a lock!
[12:09:15] Player (Aaron, 76561199083883076)(<1136.275024, 344.882324, 9965.555664>) quick accessed a lock!
[12:09:20] Player (Aaron, 76561199083883076)(<1141.810303, 344.882324, 9962.911133>) quick accessed a lock!
[12:10:01] Player (iNSANE, 76561198167062860)(<3586.307373, 19.553514, 2172.341064>) quick accessed a lock!
[12:10:09] Player (iNSANE, 76561198167062860)(<3586.348877, 19.546085, 2175.481201>) quick accessed a lock!
[12:10:50] Player (iNSANE, 76561198167062860)(<3586.348877, 19.546085, 2175.481201>) quick accessed a lock!
[12:12:28] Player (iNSANE, 76561198167062860)(<3586.348877, 19.546085, 2175.481201>) quick accessed a lock!
[12:13:26] Player (iNSANE, 76561198167062860)(<3586.307373, 19.553514, 2172.341064>) quick accessed a lock!
[12:14:09] Player (iNSANE, 76561198167062860)(<3586.307373, 19.553514, 2172.341064>) quick accessed a lock!
[12:14:20] Player (iNSANE, 76561198167062860)(<3586.307373, 19.553514, 2172.341064>) quick accessed a lock!
[12:15:22] Player (iNSANE, 76561198167062860)(<3581.361572, 19.823298, 2170.142090>) quick accessed a lock!
[12:15:55] Player (Aaron, 76561199083883076)(<1133.712769, 344.882324, 9966.475586>) quick accessed a lock!
[12:16:08] Player (Aaron, 76561199083883076)(<1132.735107, 344.874054, 9969.252930>) quick accessed a lock!
[12:16:17] Player (Aaron, 76561199083883076)(<1132.763794, 345.573212, 9973.032227>) quick accessed a lock!
[12:16:22] Player (Aaron, 76561199083883076)(<1143.002197, 344.374542, 9969.393555>) quick accessed a lock!
[12:18:31] Player (Aaron, 76561199083883076)(<1137.406128, 345.582153, 9980.600586>) quick accessed a lock!
[12:18:46] Player (Aaron, 76561199083883076)(<1165.940674, 345.612946, 9990.236328>) quick accessed a lock!
[12:18:55] Player (Aaron, 76561199083883076)(<1188.573730, 345.459076, 9981.229492>) quick accessed a lock!
[12:18:57] Player (Aaron, 76561199083883076)(<1188.573730, 345.459076, 9981.229492>) quick accessed a lock!
[12:19:01] Player (Aaron, 76561199083883076)(<1189.157593, 344.580933, 9985.374023>) quick accessed a lock!
[12:19:06] Player (Aaron, 76561199083883076)(<1187.540894, 344.556030, 9991.790039>) quick accessed a lock!
[12:19:55] Player (iNSANE, 76561198167062860)(<3581.361572, 19.823298, 2170.142090>) quick accessed a lock!
[12:20:46] Player (Aaron, 76561199083883076)(<1165.940674, 345.612946, 9990.236328>) quick accessed a lock!
[12:27:36] Player (iNSANE, 76561198167062860)(<3581.361572, 19.823298, 2170.142090>) quick accessed a lock!
[12:27:45] Player (iNSANE, 76561198167062860)(<3590.343994, 18.611160, 2167.448486>) quick accessed a lock!
[12:30:32] Player (iNSANE, 76561198167062860)(<3581.361572, 19.823298, 2170.142090>) quick accessed a lock!
[12:53:19] Player (iNSANE, 76561198167062860)(<3581.361572, 19.823298, 2170.142090>) quick accessed a lock!
[12:54:00] Player (iNSANE, 76561198167062860)(<3581.361572, 19.823298, 2170.142090>) quick accessed a lock!
[12:54:03] Player (iNSANE, 76561198167062860)(<3581.361572, 19.823298, 2170.142090>) quick accessed a lock!
[09-06-2021][13.00.00] Log file reloaded ( Server Restart )
[13:23:34] Player (mooimadog, 76561198086263481)(<13310.330078, 70.417130, 12134.539063>) quick accessed a lock!
[13:23:51] Player (mooimadog, 76561198086263481)(<13310.330078, 70.417130, 12134.539063>) quick accessed a lock!
[13:24:01] Player (mooimadog, 76561198086263481)(<13294.407227, 77.518242, 12135.506836>) quick accessed a lock!
[13:24:15] Player (mooimadog, 76561198086263481)(<13294.407227, 77.518242, 12135.506836>) quick accessed a lock!
[13:24:21] Player (mooimadog, 76561198086263481)(<13297.662109, 70.431358, 12133.470703>) quick accessed a lock!
[13:24:44] Player (mooimadog, 76561198086263481)(<13297.662109, 70.431358, 12133.470703>) quick accessed a lock!
[13:25:09] Player (mooimadog, 76561198086263481)(<13297.662109, 70.431358, 12133.470703>) quick accessed a lock!
[13:25:39] Player (mooimadog, 76561198086263481)(<13294.407227, 77.518242, 12135.506836>) quick accessed a lock!
[13:25:59] Player (mooimadog, 76561198086263481)(<13294.407227, 77.518242, 12135.506836>) quick accessed a lock!
[13:26:06] Player (mooimadog, 76561198086263481)(<13297.662109, 70.431358, 12133.470703>) quick accessed a lock!
[13:26:50] Player (mooimadog, 76561198086263481)(<13297.662109, 70.431358, 12133.470703>) quick accessed a lock!
[13:27:06] Player (mooimadog, 76561198086263481)(<13297.662109, 70.431358, 12133.470703>) quick accessed a lock!
[09-06-2021][13.28.36] Log file reloaded ( Server Restart )
[09-06-2021][13.35.17] Log file reloaded ( Server Restart )
[09-06-2021][13.42.00] Log file reloaded ( Server Restart )
[09-06-2021][13.48.40] Log file reloaded ( Server Restart )
[09-06-2021][13.53.19] Log file reloaded ( Server Restart )
[13:57:02] Player (SonJd, 76561198214438271)(<3590.384033, 18.611160, 2181.462402>) quick accessed a lock!
[13:57:08] Player (SonJd, 76561198214438271)(<3581.361572, 19.823298, 2170.142090>) quick accessed a lock!
[13:57:22] Player (SonJd, 76561198214438271)(<3586.307373, 19.553514, 2172.341064>) quick accessed a lock!
[13:57:28] Player (SonJd, 76561198214438271)(<3586.348877, 19.546085, 2175.481201>) quick accessed a lock!
[13:57:49] Player (SonJd, 76561198214438271)(<3586.307373, 19.553514, 2172.341064>) quick accessed a lock!
[13:58:50] Player (iNSANE, 76561198167062860)(<3586.307373, 19.553514, 2172.341064>) quick accessed a lock!
[13:59:42] Player (SonJd, 76561198214438271)(<3586.307373, 19.553514, 2172.341064>) quick accessed a lock!
[14:00:05] Player (SonJd, 76561198214438271)(<3586.348877, 19.546085, 2175.481201>) quick accessed a lock!
[14:04:35] Player (SonJd, 76561198214438271)(<3590.384033, 18.611160, 2181.462402>) quick accessed a lock!
[14:11:01] Player (mooimadog, 76561198086263481)(<13310.330078, 70.417130, 12134.539063>) quick accessed a lock!
[14:11:06] Player (mooimadog, 76561198086263481)(<13310.330078, 70.417130, 12134.539063>) quick accessed a lock!
[14:11:11] Player (mooimadog, 76561198086263481)(<13297.662109, 70.431358, 12133.470703>) quick accessed a lock!
[14:11:42] Player (mooimadog, 76561198086263481)(<13297.662109, 70.431358, 12133.470703>) quick accessed a lock!
[14:12:33] Player (mooimadog, 76561198086263481)(<13297.662109, 70.431358, 12133.470703>) quick accessed a lock!
[14:13:03] Player (mooimadog, 76561198086263481)(<13297.662109, 70.431358, 12133.470703>) quick accessed a lock!
[14:13:33] Player (mooimadog, 76561198086263481)(<13310.330078, 70.417130, 12134.539063>) quick accessed a lock!
[14:14:10] Player (mooimadog, 76561198086263481)(<13310.330078, 70.417130, 12134.539063>) quick accessed a lock!
[14:14:49] Player (mooimadog, 76561198086263481)(<13304.405273, 70.431358, 12137.791016>) quick accessed a lock!
[14:14:57] Player (mooimadog, 76561198086263481)(<13304.405273, 70.431358, 12137.791016>) quick accessed a lock!
[14:15:02] Player (mooimadog, 76561198086263481)(<13310.330078, 70.417130, 12134.539063>) quick accessed a lock!
[14:15:24] Player (mooimadog, 76561198086263481)(<13309.554688, 71.606522, 12124.805664>) quick accessed a lock!
[14:15:30] Player (mooimadog, 76561198086263481)(<13295.887695, 71.638863, 12122.681641>) quick accessed a lock!
[14:16:49] Player (SonJd, 76561198214438271)(<3590.384033, 18.611160, 2181.462402>) quick accessed a lock!
[14:19:28] Player (mooimadog, 76561198086263481)(<13295.887695, 71.638863, 12122.681641>) quick accessed a lock!
[14:19:35] Player (mooimadog, 76561198086263481)(<13309.554688, 71.606522, 12124.805664>) quick accessed a lock!
[14:20:38] Player (iNSANE, 76561198167062860)(<3576.950439, 7.637123, 2175.840332>) quick accessed a lock!
[14:20:39] Player (SonJd, 76561198214438271)(<3584.327637, 10.588430, 2175.568848>) quick accessed a lock!
[14:20:44] Player (mooimadog, 76561198086263481)(<13310.330078, 70.417130, 12134.539063>) quick accessed a lock!
[14:21:00] Player (mooimadog, 76561198086263481)(<13310.330078, 70.417130, 12134.539063>) quick accessed a lock!
[14:22:15] Player (mooimadog, 76561198086263481)(<13309.554688, 71.606522, 12124.805664>) quick accessed a lock!
[14:22:18] Player (mooimadog, 76561198086263481)(<13295.887695, 71.638863, 12122.681641>) quick accessed a lock!
[14:22:40] Player (iNSANE, 76561198167062860)(<3592.689697, 7.637123, 2175.771973>) accessed a lock!
[14:22:40] Player (iNSANE, 76561198167062860)(<3592.689697, 7.637123, 2175.771973>) was added as a guest of a lock!
[14:22:49] Player (mooimadog, 76561198086263481)(<13298.168945, 69.805489, 12103.271484>) quick accessed a lock!
[14:22:55] Player (mooimadog, 76561198086263481)(<13299.072266, 69.803490, 12099.144531>) quick accessed a lock!
[14:23:15] Player (iNSANE, 76561198167062860)(<3576.950439, 7.637123, 2175.840332>) quick accessed a lock!
[14:23:19] Player (iNSANE, 76561198167062860)(<3576.950439, 7.637123, 2175.840332>) quick accessed a lock!
[14:25:33] Player (iNSANE, 76561198167062860)(<3584.327637, 10.588430, 2175.568848>) quick accessed a lock!
[14:25:37] Player (KillSwitch68, 76561198041952552)(<3578.880371, 18.611160, 2181.024170>) quick accessed a lock!
[14:27:16] Player (mooimadog, 76561198086263481)(<13299.072266, 69.803490, 12099.144531>) quick accessed a lock!
[14:27:18] Player (mooimadog, 76561198086263481)(<13298.168945, 69.805489, 12103.271484>) quick accessed a lock!
[14:27:24] Player (mooimadog, 76561198086263481)(<13295.887695, 71.638863, 12122.681641>) quick accessed a lock!
[14:27:30] Player (mooimadog, 76561198086263481)(<13309.554688, 71.606522, 12124.805664>) quick accessed a lock!
[14:27:36] Player (mooimadog, 76561198086263481)(<13310.330078, 70.417130, 12134.539063>) quick accessed a lock!
[14:27:49] Player (mooimadog, 76561198086263481)(<13310.330078, 70.417130, 12134.539063>) quick accessed a lock!
[14:27:52] Player (mooimadog, 76561198086263481)(<13304.405273, 70.431358, 12137.791016>) quick accessed a lock!
[14:27:54] Player (mooimadog, 76561198086263481)(<13301.398438, 70.431358, 12140.553711>) quick accessed a lock!
[14:28:15] Player (mooimadog, 76561198086263481)(<13294.407227, 77.518242, 12135.506836>) quick accessed a lock!
[14:32:57] Player (mooimadog, 76561198086263481)(<13300.959961, 77.479683, 12129.615234>) set a new passcode on lock!
[14:32:57] Player (mooimadog, 76561198086263481)(<13300.959961, 77.479683, 12129.615234>) claimed ownership of a lock!
[14:32:58] Player (DarthErrina, 76561199134542915)(<3586.307373, 19.553514, 2172.341064>) quick accessed a lock!
[14:32:59] Player (DarthErrina, 76561199134542915)(<3586.307373, 19.553514, 2172.341064>) quick accessed a lock!
[14:33:04] Player (KillSwitch68, 76561198041952552)(<3578.880371, 18.611160, 2181.024170>) quick accessed a lock!
[14:33:12] Player (mooimadog, 76561198086263481)(<13300.959961, 77.479683, 12129.615234>) quick accessed a lock!
[14:33:16] Player (mooimadog, 76561198086263481)(<13304.783203, 77.479683, 12129.791992>) quick accessed a lock!
[14:33:24] Player (mooimadog, 76561198086263481)(<13294.407227, 77.518242, 12135.506836>) quick accessed a lock!
[14:33:32] Player (mooimadog, 76561198086263481)(<13310.330078, 70.417130, 12134.539063>) quick accessed a lock!
[14:33:45] Player (mooimadog, 76561198086263481)(<13309.554688, 71.606522, 12124.805664>) quick accessed a lock!
[14:33:46] Player (SonJd, 76561198214438271)(<3585.886719, 7.637123, 2178.851807>) quick accessed a lock!
[14:33:48] Player (mooimadog, 76561198086263481)(<13295.887695, 71.638863, 12122.681641>) quick accessed a lock!
[14:35:17] Player (DarthErrina, 76561199134542915)(<3586.307373, 19.553514, 2172.341064>) quick accessed a lock!
[14:37:04] Player (SonJd, 76561198214438271)(<3586.282715, 7.637123, 2183.565918>) quick accessed a lock!
[14:37:20] Player (mooimadog, 76561198086263481)(<13298.168945, 69.805489, 12103.271484>) quick accessed a lock!
[14:37:24] Player (mooimadog, 76561198086263481)(<13299.072266, 69.803490, 12099.144531>) quick accessed a lock!
[14:37:25] Player (SonJd, 76561198214438271)(<3595.760010, 7.810638, 2160.139648>) quick accessed a lock!
[14:38:11] Player (iNSANE, 76561198167062860)(<3576.950439, 7.637123, 2175.840332>) quick accessed a lock!
[14:38:16] Player (iNSANE, 76561198167062860)(<3576.950439, 7.637123, 2175.840332>) quick accessed a lock!
[14:38:21] Player (iNSANE, 76561198167062860)(<3585.886719, 7.637123, 2178.851807>) quick accessed a lock!
[14:38:31] Player (iNSANE, 76561198167062860)(<3586.282715, 7.637123, 2183.565918>) quick accessed a lock!
[14:38:54] Player (SonJd, 76561198214438271)(<3595.760010, 7.810638, 2160.139648>) quick accessed a lock!
[14:39:28] Player (iNSANE, 76561198167062860)(<3595.760010, 7.810638, 2160.139648>) accessed a lock!
[14:39:28] Player (iNSANE, 76561198167062860)(<3595.760010, 7.810638, 2160.139648>) was added as a guest of a lock!
[14:45:21] Player (DarthErrina, 76561199134542915)(<3586.307373, 19.553514, 2172.341064>) quick accessed a lock!
[14:45:32] Player (DarthErrina, 76561199134542915)(<3586.348877, 19.546085, 2175.481201>) quick accessed a lock!
[14:46:06] Player (DarthErrina, 76561199134542915)(<3584.327637, 10.588430, 2175.568848>) accessed a lock!
[14:46:06] Player (DarthErrina, 76561199134542915)(<3584.327637, 10.588430, 2175.568848>) was added as a guest of a lock!
[14:46:16] Player (DarthErrina, 76561199134542915)(<3585.886719, 7.637123, 2178.851807>) quick accessed a lock!
[14:47:03] Player (DarthErrina, 76561199134542915)(<3585.886719, 7.637123, 2178.851807>) quick accessed a lock!
[14:47:23] Player (DarthErrina, 76561199134542915)(<3586.282715, 7.637123, 2183.565918>) quick accessed a lock!
[14:47:23] Player (iNSANE, 76561198167062860)(<3595.760010, 7.810638, 2160.139648>) quick accessed a lock!
[15:41:25] Player (HAUNTxURxDREAMS, 76561199166899329)(<3589.026611, 6.424985, 2169.285400>) quick accessed a lock!
[15:41:30] Player (HAUNTxURxDREAMS, 76561199166899329)(<3576.950439, 7.637123, 2175.840332>) quick accessed a lock!
[15:41:43] Player (HAUNTxURxDREAMS, 76561199166899329)(<3584.327637, 10.588430, 2175.568848>) accessed a lock!
[15:41:43] Player (HAUNTxURxDREAMS, 76561199166899329)(<3584.327637, 10.588430, 2175.568848>) was added as a guest of a lock!
[15:42:22] Player (HAUNTxURxDREAMS, 76561199166899329)(<3584.327637, 10.588430, 2175.568848>) quick accessed a lock!
[15:42:51] Player (HAUNTxURxDREAMS, 76561199166899329)(<3576.950439, 7.637123, 2175.840332>) quick accessed a lock!
[15:43:04] Player (HAUNTxURxDREAMS, 76561199166899329)(<3576.950439, 7.637123, 2175.840332>) quick accessed a lock!
[15:43:18] Player (HAUNTxURxDREAMS, 76561199166899329)(<3586.307373, 19.553514, 2172.341064>) quick accessed a lock!
[15:44:41] Player (HAUNTxURxDREAMS, 76561199166899329)(<3576.950439, 7.637123, 2175.840332>) quick accessed a lock!
[15:44:44] Player (HAUNTxURxDREAMS, 76561199166899329)(<3576.950439, 7.637123, 2175.840332>) quick accessed a lock!
[15:44:53] Player (HAUNTxURxDREAMS, 76561199166899329)(<3576.950439, 7.637123, 2175.840332>) quick accessed a lock!
[15:45:04] Player (HAUNTxURxDREAMS, 76561199166899329)(<3576.950439, 7.637123, 2175.840332>) quick accessed a lock!
[15:45:35] Player (HAUNTxURxDREAMS, 76561199166899329)(<3576.950439, 7.637123, 2175.840332>) quick accessed a lock!
[15:45:49] Player (HAUNTxURxDREAMS, 76561199166899329)(<3576.950439, 7.637123, 2175.840332>) quick accessed a lock!
[15:45:57] Player (HAUNTxURxDREAMS, 76561199166899329)(<3576.950439, 7.637123, 2175.840332>) quick accessed a lock!
[16:00:09] Player (HAUNTxURxDREAMS, 76561199166899329)(<3581.361572, 19.823298, 2170.142090>) quick accessed a lock!
[16:01:52] Player (HAUNTxURxDREAMS, 76561199166899329)(<3586.348877, 19.546085, 2175.481201>) quick accessed a lock!
[16:11:13] Player (HAUNTxURxDREAMS, 76561199166899329)(<3576.950439, 7.637123, 2175.840332>) quick accessed a lock!
[16:13:34] Player (HAUNTxURxDREAMS, 76561199166899329)(<3576.950439, 7.637123, 2175.840332>) quick accessed a lock!
[16:14:42] Player (KillSwitch68, 76561198041952552)(<3578.880371, 18.611160, 2181.024170>) quick accessed a lock!
[16:15:10] Player (KillSwitch68, 76561198041952552)(<3578.880371, 18.611160, 2181.024170>) quick accessed a lock!
[16:17:17] Player (KillSwitch68, 76561198041952552)(<3586.307373, 19.553514, 2172.341064>) quick accessed a lock!
[16:17:25] Player (HAUNTxURxDREAMS, 76561199166899329)(<3589.026611, 6.424985, 2169.285400>) removed a lock!
[16:17:38] Player (HAUNTxURxDREAMS, 76561199166899329)(<3576.950439, 7.637123, 2175.840332>) quick accessed a lock!
[16:17:50] Player (KillSwitch68, 76561198041952552)(<3585.886719, 7.637123, 2178.851807>) quick accessed a lock!
[16:17:55] Player (KillSwitch68, 76561198041952552)(<3585.886719, 7.637123, 2178.851807>) quick accessed a lock!
[16:18:26] Player (hitch, 76561199174069079)(<3586.307373, 19.553514, 2172.341064>) quick accessed a lock!
[16:18:37] Player (KillSwitch68, 76561198041952552)(<3586.282715, 7.637123, 2183.565918>) quick accessed a lock!
[16:18:48] Player (KillSwitch68, 76561198041952552)(<3595.760010, 7.810638, 2160.139648>) quick accessed a lock!
[16:19:48] Player (KillSwitch68, 76561198041952552)(<3595.760010, 7.810638, 2160.139648>) quick accessed a lock!
[16:20:05] Player (HAUNTxURxDREAMS, 76561199166899329)(<3578.362305, 18.611160, 2167.108154>) set a new passcode on lock!
[16:20:05] Player (HAUNTxURxDREAMS, 76561199166899329)(<3578.362305, 18.611160, 2167.108154>) claimed ownership of a lock!
[16:20:13] Player (HAUNTxURxDREAMS, 76561199166899329)(<3578.362305, 18.611160, 2167.108154>) quick accessed a lock!
[16:22:50] Player (HAUNTxURxDREAMS, 76561199166899329)(<3578.362305, 18.611160, 2167.108154>) quick accessed a lock!
[16:23:41] Player (hitch, 76561199174069079)(<3581.361572, 19.823298, 2170.142090>) quick accessed a lock!
[16:24:20] Player (hitch, 76561199174069079)(<3581.361572, 19.823298, 2170.142090>) quick accessed a lock!
[16:26:57] Player (HAUNTxURxDREAMS, 76561199166899329)(<3578.362305, 18.611160, 2167.108154>) quick accessed a lock!
[09-06-2021][16.28.52] Log file reloaded ( Server Restart )
[16:39:43] Player (iNSANE, 76561198167062860)(<3595.760010, 7.810638, 2160.139648>) quick accessed a lock!
[16:40:29] Player (HAUNTxURxDREAMS, 76561199166899329)(<3578.362305, 18.611160, 2167.108154>) quick accessed a lock!
[16:40:41] Player (SonJd, 76561198214438271)(<3595.760010, 7.810638, 2160.139648>) quick accessed a lock!
[16:40:51] Player (SonJd, 76561198214438271)(<3586.282715, 7.637123, 2183.565918>) quick accessed a lock!
[16:41:22] Player (iNSANE, 76561198167062860)(<3595.760010, 7.810638, 2160.139648>) quick accessed a lock!
[16:41:38] Player (SonJd, 76561198214438271)(<3585.886719, 7.637123, 2178.851807>) quick accessed a lock!
[16:41:41] Player (HAUNTxURxDREAMS, 76561199166899329)(<3578.362305, 18.611160, 2167.108154>) quick accessed a lock!
[16:41:55] Player (iNSANE, 76561198167062860)(<3586.282715, 7.637123, 2183.565918>) quick accessed a lock!
[16:42:02] Player (SonJd, 76561198214438271)(<3581.361572, 19.823298, 2170.142090>) quick accessed a lock!
[16:42:09] Player (iNSANE, 76561198167062860)(<3585.886719, 7.637123, 2178.851807>) quick accessed a lock!
[16:42:22] Player (SonJd, 76561198214438271)(<3590.384033, 18.611160, 2181.462402>) quick accessed a lock!
[16:42:57] Player (iNSANE, 76561198167062860)(<3585.886719, 7.637123, 2178.851807>) quick accessed a lock!
[16:43:00] Player (iNSANE, 76561198167062860)(<3586.282715, 7.637123, 2183.565918>) quick accessed a lock!
[16:43:09] Player (iNSANE, 76561198167062860)(<3595.760010, 7.810638, 2160.139648>) quick accessed a lock!
[16:44:46] Player (SonJd, 76561198214438271)(<3581.361572, 19.823298, 2170.142090>) quick accessed a lock!
[16:45:54] Player (HAUNTxURxDREAMS, 76561199166899329)(<3578.362305, 18.611160, 2167.108154>) quick accessed a lock!
[16:46:08] Player (iNSANE, 76561198167062860)(<3586.282715, 7.637123, 2183.565918>) quick accessed a lock!
[16:46:12] Player (iNSANE, 76561198167062860)(<3585.886719, 7.637123, 2178.851807>) quick accessed a lock!
[16:46:27] Player (iNSANE, 76561198167062860)(<3576.950439, 7.637123, 2175.840332>) quick accessed a lock!
[16:47:11] Player (HAUNTxURxDREAMS, 76561199166899329)(<3581.361572, 19.823298, 2170.142090>) quick accessed a lock!
[16:47:40] Player (iNSANE, 76561198167062860)(<3581.361572, 19.823298, 2170.142090>) quick accessed a lock!
[16:47:57] Player (HAUNTxURxDREAMS, 76561199166899329)(<3578.362305, 18.611160, 2167.108154>) quick accessed a lock!
[16:49:05] Player (iNSANE, 76561198167062860)(<3590.343994, 18.611160, 2167.448486>) quick accessed a lock!
[16:49:49] Player (mooimadog, 76561198086263481)(<13299.072266, 69.803490, 12099.144531>) quick accessed a lock!
[16:49:54] Player (mooimadog, 76561198086263481)(<13298.168945, 69.805489, 12103.271484>) quick accessed a lock!
[16:50:03] Player (mooimadog, 76561198086263481)(<13295.887695, 71.638863, 12122.681641>) quick accessed a lock!
[16:50:08] Player (mooimadog, 76561198086263481)(<13309.554688, 71.606522, 12124.805664>) quick accessed a lock!
[16:50:26] Player (mooimadog, 76561198086263481)(<13310.330078, 70.417130, 12134.539063>) quick accessed a lock!
[16:50:32] Player (mooimadog, 76561198086263481)(<13304.405273, 70.431358, 12137.791016>) quick accessed a lock!
[16:50:52] Player (mooimadog, 76561198086263481)(<13294.407227, 77.518242, 12135.506836>) quick accessed a lock!
[16:52:17] Player (mooimadog, 76561198086263481)(<13300.959961, 77.479683, 12129.615234>) quick accessed a lock!
[16:52:52] Player (mooimadog, 76561198086263481)(<13304.783203, 77.479683, 12129.791992>) quick accessed a lock!
[16:53:09] Player (hitch, 76561199174069079)(<3581.361572, 19.823298, 2170.142090>) quick accessed a lock!
[16:54:11] Player (HAUNTxURxDREAMS, 76561199166899329)(<3578.362305, 18.611160, 2167.108154>) quick accessed a lock!
[16:54:42] Player (hitch, 76561199174069079)(<3581.361572, 19.823298, 2170.142090>) quick accessed a lock!
[16:54:51] Player (SonJd, 76561198214438271)(<3581.361572, 19.823298, 2170.142090>) quick accessed a lock!
[16:54:56] Player (mooimadog, 76561198086263481)(<13294.407227, 77.518242, 12135.506836>) quick accessed a lock!
[16:54:56] Player (iNSANE, 76561198167062860)(<3592.089600, 18.693920, 2168.095703>) quick accessed a lock!
[16:55:07] Player (mooimadog, 76561198086263481)(<13310.330078, 70.417130, 12134.539063>) quick accessed a lock!
[16:55:52] Player (SonJd, 76561198214438271)(<3581.361572, 19.823298, 2170.142090>) quick accessed a lock!
[16:55:59] Player (mooimadog, 76561198086263481)(<13310.330078, 70.417130, 12134.539063>) quick accessed a lock!
[16:57:13] Player (mooimadog, 76561198086263481)(<13310.330078, 70.417130, 12134.539063>) quick accessed a lock!
[16:57:15] Player (hitch, 76561199174069079)(<3585.886719, 7.637123, 2178.851807>) quick accessed a lock!
[16:57:20] Player (hitch, 76561199174069079)(<3586.282715, 7.637123, 2183.565918>) quick accessed a lock!
[16:57:24] Player (SonJd, 76561198214438271)(<3581.361572, 19.823298, 2170.142090>) quick accessed a lock!
[16:57:29] Player (SonJd, 76561198214438271)(<3586.307373, 19.553514, 2172.341064>) quick accessed a lock!
[16:57:55] Player (mooimadog, 76561198086263481)(<13310.330078, 70.417130, 12134.539063>) quick accessed a lock!
[16:58:14] Player (mooimadog, 76561198086263481)(<13310.330078, 70.417130, 12134.539063>) quick accessed a lock!
[16:58:19] Player (mooimadog, 76561198086263481)(<13304.405273, 70.431358, 12137.791016>) quick accessed a lock!
[16:58:59] Player (SonJd, 76561198214438271)(<3581.361572, 19.823298, 2170.142090>) quick accessed a lock!
[16:59:06] Player (HAUNTxURxDREAMS, 76561199166899329)(<3578.362305, 18.611160, 2167.108154>) quick accessed a lock!
[16:59:09] Player (SonJd, 76561198214438271)(<3590.384033, 18.611160, 2181.462402>) quick accessed a lock!
[16:59:48] Player (iNSANE, 76561198167062860)(<3590.343994, 18.611160, 2167.448486>) quick accessed a lock!
[16:59:53] Player (mooimadog, 76561198086263481)(<13304.405273, 70.431358, 12137.791016>) quick accessed a lock!
[16:59:59] Player (mooimadog, 76561198086263481)(<13294.407227, 77.518242, 12135.506836>) quick accessed a lock!
[17:00:38] Player (iNSANE, 76561198167062860)(<3592.089600, 18.693920, 2168.095703>) quick accessed a lock!
[17:00:52] Player (mooimadog, 76561198086263481)(<13300.959961, 77.479683, 12129.615234>) quick accessed a lock!
[17:02:53] Player (SonJd, 76561198214438271)(<3581.361572, 19.823298, 2170.142090>) quick accessed a lock!
[17:03:10] Player (mooimadog, 76561198086263481)(<13304.783203, 77.479683, 12129.791992>) quick accessed a lock!
[17:03:19] Player (SonJd, 76561198214438271)(<3585.886719, 7.637123, 2178.851807>) quick accessed a lock!
[17:04:31] Player (mooimadog, 76561198086263481)(<13294.407227, 77.518242, 12135.506836>) quick accessed a lock!
[17:05:03] Player (mooimadog, 76561198086263481)(<13310.330078, 70.417130, 12134.539063>) quick accessed a lock!
[17:05:06] Player (^DBD^ Maxo, 76561198148661627)(<1187.540894, 344.556030, 9991.790039>) quick accessed a lock!
[17:05:11] Player (^DBD^ Maxo, 76561198148661627)(<1186.750732, 344.556030, 9985.829102>) quick accessed a lock!
[17:05:18] Player (^DBD^ Maxo, 76561198148661627)(<1184.751831, 344.556030, 9983.866211>) quick accessed a lock!
[17:05:30] Player (^DBD^ Maxo, 76561198148661627)(<1186.966064, 344.556030, 9980.056641>) quick accessed a lock!
[17:05:34] Player (SonJd, 76561198214438271)(<3586.282715, 7.637123, 2183.565918>) quick accessed a lock!
[17:05:54] Player (iNSANE, 76561198167062860)(<3590.343994, 18.611160, 2167.448486>) quick accessed a lock!
[17:05:58] Player (mooimadog, 76561198086263481)(<13309.554688, 71.606522, 12124.805664>) quick accessed a lock!
[17:06:01] Player (mooimadog, 76561198086263481)(<13295.887695, 71.638863, 12122.681641>) quick accessed a lock!
[17:06:58] Player (SonJd, 76561198214438271)(<3586.282715, 7.637123, 2183.565918>) quick accessed a lock!
[17:07:02] Player (^DBD^ Maxo, 76561198148661627)(<1181.235474, 344.556030, 9979.996094>) quick accessed a lock!
[17:07:02] Player (SonJd, 76561198214438271)(<3585.886719, 7.637123, 2178.851807>) quick accessed a lock!
[17:07:19] Player (mooimadog, 76561198086263481)(<13298.168945, 69.805489, 12103.271484>) quick accessed a lock!
[17:07:21] Player (mooimadog, 76561198086263481)(<13299.072266, 69.803490, 12099.144531>) quick accessed a lock!
[17:07:22] Player (SonJd, 76561198214438271)(<3586.282715, 7.637123, 2183.565918>) quick accessed a lock!
[17:07:32] Player (^DBD^ Maxo, 76561198148661627)(<1186.966064, 344.556030, 9980.056641>) quick accessed a lock!
[17:09:14] Player (^DBD^ Maxo, 76561198148661627)(<1181.235474, 344.556030, 9979.996094>) quick accessed a lock!
[17:09:44] Player (HAUNTxURxDREAMS, 76561199166899329)(<3581.361572, 19.823298, 2170.142090>) quick accessed a lock!
[17:10:02] Player (^DBD^ Maxo, 76561198148661627)(<1181.235474, 344.556030, 9979.996094>) quick accessed a lock!
[17:10:11] Player (^DBD^ Maxo, 76561198148661627)(<1182.824463, 344.556030, 9978.469727>) quick accessed a lock!
[17:20:23] Player (SonJd, 76561198214438271)(<3586.282715, 7.637123, 2183.565918>) quick accessed a lock!
[17:20:38] Player (SonJd, 76561198214438271)(<3585.886719, 7.637123, 2178.851807>) quick accessed a lock!
[17:20:47] Player (SonJd, 76561198214438271)(<3576.950439, 7.637123, 2175.840332>) quick accessed a lock!
[17:23:31] Player (mooimadog, 76561198086263481)(<13299.072266, 69.803490, 12099.144531>) quick accessed a lock!
[17:23:42] Player (mooimadog, 76561198086263481)(<13295.887695, 71.638863, 12122.681641>) quick accessed a lock!
[17:23:46] Player (mooimadog, 76561198086263481)(<13309.554688, 71.606522, 12124.805664>) quick accessed a lock!
[17:24:03] Player (mooimadog, 76561198086263481)(<13310.330078, 70.417130, 12134.539063>) quick accessed a lock!
[17:24:14] Player (mooimadog, 76561198086263481)(<13294.407227, 77.518242, 12135.506836>) quick accessed a lock!
[17:24:20] Player (mooimadog, 76561198086263481)(<13300.959961, 77.479683, 12129.615234>) quick accessed a lock!
[17:24:48] Player (mooimadog, 76561198086263481)(<13300.959961, 77.479683, 12129.615234>) quick accessed a lock!
[17:27:07] Player (SonJd, 76561198214438271)(<3592.689697, 7.637123, 2175.771973>) quick accessed a lock!
[17:27:19] Player (SonJd, 76561198214438271)(<3592.689697, 7.637123, 2175.771973>) quick accessed a lock!
[17:27:35] Player (SonJd, 76561198214438271)(<3592.689697, 7.637123, 2175.771973>) removed a lock!
[17:28:52] Player (SonJd, 76561198214438271)(<3576.950439, 7.637123, 2175.840332>) quick accessed a lock!
[17:28:58] Player (SonJd, 76561198214438271)(<3585.886719, 7.637123, 2178.851807>) quick accessed a lock!
[17:29:03] Player (SonJd, 76561198214438271)(<3586.282715, 7.637123, 2183.565918>) quick accessed a lock!
[17:31:08] Player (SonJd, 76561198214438271)(<3586.255127, 7.212138, 2188.215820>) set a new passcode on lock!
[17:31:08] Player (SonJd, 76561198214438271)(<3586.255127, 7.212138, 2188.215820>) claimed ownership of a lock!
[17:31:42] Player (SonJd, 76561198214438271)(<3586.282715, 7.637123, 2183.565918>) quick accessed a lock!
[17:31:45] Player (SonJd, 76561198214438271)(<3585.886719, 7.637123, 2178.851807>) quick accessed a lock!
[17:39:05] Player (hitch, 76561199174069079)(<3586.255127, 7.212138, 2188.215820>) accessed a lock!
[17:39:05] Player (hitch, 76561199174069079)(<3586.255127, 7.212138, 2188.215820>) was added as a guest of a lock!
[17:40:19] Player (hitch, 76561199174069079)(<3586.255127, 7.212138, 2188.215820>) quick accessed a lock!
[17:40:24] Player (hitch, 76561199174069079)(<3586.282715, 7.637123, 2183.565918>) quick accessed a lock!
[17:40:32] Player (hitch, 76561199174069079)(<3585.886719, 7.637123, 2178.851807>) quick accessed a lock!
[17:41:03] Player (hitch, 76561199174069079)(<3581.361572, 19.823298, 2170.142090>) quick accessed a lock!
[17:41:39] Player (iNSANE, 76561198167062860)(<3581.361572, 19.823298, 2170.142090>) quick accessed a lock!
[17:41:42] Player (iNSANE, 76561198167062860)(<3581.361572, 19.823298, 2170.142090>) quick accessed a lock!
[17:41:48] Player (iNSANE, 76561198167062860)(<3590.343994, 18.611160, 2167.448486>) quick accessed a lock!
[17:41:50] Player (HAUNTxURxDREAMS, 76561199166899329)(<3581.361572, 19.823298, 2170.142090>) quick accessed a lock!
[17:42:03] Player (hitch, 76561199174069079)(<3581.361572, 19.823298, 2170.142090>) quick accessed a lock!
[17:42:08] Player (iNSANE, 76561198167062860)(<3581.361572, 19.823298, 2170.142090>) quick accessed a lock!
[17:42:20] Player (HAUNTxURxDREAMS, 76561199166899329)(<3585.886719, 7.637123, 2178.851807>) quick accessed a lock!
[17:42:42] Player (hitch, 76561199174069079)(<3586.282715, 7.637123, 2183.565918>) quick accessed a lock!
[17:42:45] Player (HAUNTxURxDREAMS, 76561199166899329)(<3586.307373, 19.553514, 2172.341064>) quick accessed a lock!
[17:42:46] Player (hitch, 76561199174069079)(<3586.255127, 7.212138, 2188.215820>) quick accessed a lock!
[17:42:56] Player (SonJd, 76561198214438271)(<3581.361572, 19.823298, 2170.142090>) quick accessed a lock!
[17:44:09] Player (SonJd, 76561198214438271)(<3581.361572, 19.823298, 2170.142090>) quick accessed a lock!
[17:44:19] Player (DarthErrina, 76561199134542915)(<3595.760010, 7.810638, 2160.139648>) quick accessed a lock!
[17:44:24] Player (SonJd, 76561198214438271)(<3586.307373, 19.553514, 2172.341064>) quick accessed a lock!
[17:44:36] Player (HAUNTxURxDREAMS, 76561199166899329)(<3581.361572, 19.823298, 2170.142090>) quick accessed a lock!
[17:44:39] Player (HAUNTxURxDREAMS, 76561199166899329)(<3578.362305, 18.611160, 2167.108154>) quick accessed a lock!
[17:44:51] Player (DarthErrina, 76561199134542915)(<3586.255127, 7.212138, 2188.215820>) accessed a lock!
[17:44:51] Player (DarthErrina, 76561199134542915)(<3586.255127, 7.212138, 2188.215820>) was added as a guest of a lock!
[17:44:58] Player (DarthErrina, 76561199134542915)(<3586.282715, 7.637123, 2183.565918>) quick accessed a lock!
[17:45:03] Player (HAUNTxURxDREAMS, 76561199166899329)(<3586.307373, 19.553514, 2172.341064>) quick accessed a lock!
[17:45:15] Player (DarthErrina, 76561199134542915)(<3576.950439, 7.637123, 2175.840332>) quick accessed a lock!
[17:45:21] Player (HAUNTxURxDREAMS, 76561199166899329)(<3586.307373, 19.553514, 2172.341064>) quick accessed a lock!
[17:45:28] Player (HAUNTxURxDREAMS, 76561199166899329)(<3586.307373, 19.553514, 2172.341064>) quick accessed a lock!
[17:45:51] Player (iNSANE, 76561198167062860)(<3586.307373, 19.553514, 2172.341064>) quick accessed a lock!
[17:46:49] Player (hitch, 76561199174069079)(<3586.255127, 7.212138, 2188.215820>) quick accessed a lock!
[17:46:54] Player (hitch, 76561199174069079)(<3586.282715, 7.637123, 2183.565918>) quick accessed a lock!
[17:47:03] Player (HAUNTxURxDREAMS, 76561199166899329)(<3585.886719, 7.637123, 2178.851807>) quick accessed a lock!
[17:47:07] Player (hitch, 76561199174069079)(<3585.886719, 7.637123, 2178.851807>) quick accessed a lock!
[17:47:33] Player (SonJd, 76561198214438271)(<3585.886719, 7.637123, 2178.851807>) quick accessed a lock!
[17:47:41] Player (SonJd, 76561198214438271)(<3586.282715, 7.637123, 2183.565918>) quick accessed a lock!
[17:47:56] Player (iNSANE, 76561198167062860)(<3585.886719, 7.637123, 2178.851807>) quick accessed a lock!
[17:47:58] Player (DarthErrina, 76561199134542915)(<3584.327637, 10.588430, 2175.568848>) quick accessed a lock!
[17:47:59] Player (HAUNTxURxDREAMS, 76561199166899329)(<3586.255127, 7.212138, 2188.215820>) accessed a lock!
[17:47:59] Player (HAUNTxURxDREAMS, 76561199166899329)(<3586.255127, 7.212138, 2188.215820>) was added as a guest of a lock!
[17:48:06] Player (HAUNTxURxDREAMS, 76561199166899329)(<3586.255127, 7.212138, 2188.215820>) quick accessed a lock!
[17:48:09] Player (SonJd, 76561198214438271)(<3586.255127, 7.212138, 2188.215820>) quick accessed a lock!
[17:48:17] Player (DarthErrina, 76561199134542915)(<3585.886719, 7.637123, 2178.851807>) quick accessed a lock!
[17:48:22] Player (DarthErrina, 76561199134542915)(<3586.282715, 7.637123, 2183.565918>) quick accessed a lock!
[17:48:37] Player (DarthErrina, 76561199134542915)(<3586.282715, 7.637123, 2183.565918>) quick accessed a lock!
[17:48:49] Player (DarthErrina, 76561199134542915)(<3586.255127, 7.212138, 2188.215820>) quick accessed a lock!
[17:49:51] Player (hitch, 76561199174069079)(<3584.327637, 10.588430, 2175.568848>) quick accessed a lock!
[17:50:11] Player (hitch, 76561199174069079)(<3584.327637, 10.588430, 2175.568848>) quick accessed a lock!
[17:50:16] Player (hitch, 76561199174069079)(<3585.886719, 7.637123, 2178.851807>) quick accessed a lock!
[17:50:20] Player (hitch, 76561199174069079)(<3586.282715, 7.637123, 2183.565918>) quick accessed a lock!
[17:50:29] Player (hitch, 76561199174069079)(<3586.255127, 7.212138, 2188.215820>) quick accessed a lock!
[17:50:46] Player (hitch, 76561199174069079)(<3595.760010, 7.810638, 2160.139648>) quick accessed a lock!
[17:50:54] Player (hitch, 76561199174069079)(<3595.760010, 7.810638, 2160.139648>) quick accessed a lock!
[17:51:46] Player (hitch, 76561199174069079)(<3595.760010, 7.810638, 2160.139648>) quick accessed a lock!
[09-06-2021][17.58.52] Log file reloaded ( Server Restart )
[18:09:04] Player (hitch, 76561199174069079)(<3586.255127, 7.212138, 2188.215820>) quick accessed a lock!
[18:09:14] Player (hitch, 76561199174069079)(<3586.282715, 7.637123, 2183.565918>) quick accessed a lock!
[18:09:24] Player (hitch, 76561199174069079)(<3585.886719, 7.637123, 2178.851807>) quick accessed a lock!
[18:09:45] Player (hitch, 76561199174069079)(<3586.307373, 19.553514, 2172.341064>) quick accessed a lock!
[18:10:00] Player (hitch, 76561199174069079)(<3581.361572, 19.823298, 2170.142090>) quick accessed a lock!
[18:11:17] Player (hitch, 76561199174069079)(<3581.361572, 19.823298, 2170.142090>) quick accessed a lock!
[18:11:36] Player (hitch, 76561199174069079)(<3586.348877, 19.546085, 2175.481201>) quick accessed a lock!
[18:13:17] Player (hitch, 76561199174069079)(<3585.886719, 7.637123, 2178.851807>) quick accessed a lock!
[18:13:24] Player (hitch, 76561199174069079)(<3586.282715, 7.637123, 2183.565918>) quick accessed a lock!
[18:13:31] Player (hitch, 76561199174069079)(<3586.255127, 7.212138, 2188.215820>) quick accessed a lock!
[18:15:25] Player (SonJd, 76561198214438271)(<3586.255127, 7.212138, 2188.215820>) quick accessed a lock!
[18:15:31] Player (DarthErrina, 76561199134542915)(<3586.282715, 7.637123, 2183.565918>) quick accessed a lock!
[18:15:35] Player (DarthErrina, 76561199134542915)(<3585.886719, 7.637123, 2178.851807>) quick accessed a lock!
[18:15:41] Player (DarthErrina, 76561199134542915)(<3585.886719, 7.637123, 2178.851807>) quick accessed a lock!
[18:15:52] Player (SonJd, 76561198214438271)(<3576.950439, 7.637123, 2175.840332>) quick accessed a lock!
[18:18:15] Player (SonJd, 76561198214438271)(<3576.950439, 7.637123, 2175.840332>) quick accessed a lock!
[18:18:46] Player (SonJd, 76561198214438271)(<3586.307373, 19.553514, 2172.341064>) quick accessed a lock!
[18:19:49] Player (SonJd, 76561198214438271)(<3581.361572, 19.823298, 2170.142090>) quick accessed a lock!
[18:20:08] Player (SonJd, 76561198214438271)(<3581.361572, 19.823298, 2170.142090>) quick accessed a lock!
[18:20:50] Player (SonJd, 76561198214438271)(<3590.384033, 18.611160, 2181.462402>) quick accessed a lock!
[18:24:52] Player (tal, 76561197977321712)(<6098.472168, 42.487755, 2999.369141>) quick accessed a lock!
[18:24:59] Player (tal, 76561197977321712)(<6100.087891, 42.471760, 2992.743896>) quick accessed a lock!
[18:25:05] Player (tal, 76561197977321712)(<6099.726563, 47.118248, 2994.738281>) quick accessed a lock!
[18:38:07] Player (HAUNTxURxDREAMS, 76561199166899329)(<3586.255127, 7.212138, 2188.215820>) quick accessed a lock!
[18:38:32] Player (HAUNTxURxDREAMS, 76561199166899329)(<3586.282715, 7.637123, 2183.565918>) quick accessed a lock!
[18:38:36] Player (HAUNTxURxDREAMS, 76561199166899329)(<3585.886719, 7.637123, 2178.851807>) quick accessed a lock!
[18:39:36] Player (HAUNTxURxDREAMS, 76561199166899329)(<3581.361572, 19.823298, 2170.142090>) quick accessed a lock!
[18:41:23] Player (HAUNTxURxDREAMS, 76561199166899329)(<3578.362305, 18.611160, 2167.108154>) quick accessed a lock!
[18:45:45] Player (DarthErrina, 76561199134542915)(<3581.361572, 19.823298, 2170.142090>) quick accessed a lock!
[18:46:03] Player (HAUNTxURxDREAMS, 76561199166899329)(<3581.361572, 19.823298, 2170.142090>) quick accessed a lock!
[18:49:27] Player (HAUNTxURxDREAMS, 76561199166899329)(<3581.361572, 19.823298, 2170.142090>) quick accessed a lock!
[18:51:41] Player (DarthErrina, 76561199134542915)(<3581.361572, 19.823298, 2170.142090>) quick accessed a lock!
[18:54:00] Player (SonJd, 76561198214438271)(<3586.348877, 19.546085, 2175.481201>) quick accessed a lock!
[18:54:40] Player (SonJd, 76561198214438271)(<3576.950439, 7.637123, 2175.840332>) quick accessed a lock!
[18:55:12] Player (SonJd, 76561198214438271)(<3576.950439, 7.637123, 2175.840332>) quick accessed a lock!
[18:55:17] Player (SonJd, 76561198214438271)(<3576.950439, 7.637123, 2175.840332>) quick accessed a lock!
[18:57:06] Player (SonJd, 76561198214438271)(<3581.361572, 19.823298, 2170.142090>) quick accessed a lock!
[18:57:48] Player (DarthErrina, 76561199134542915)(<3581.361572, 19.823298, 2170.142090>) quick accessed a lock!
[18:57:55] Player (DarthErrina, 76561199134542915)(<3590.384033, 18.611160, 2181.462402>) quick accessed a lock!
[18:58:08] Player (SonJd, 76561198214438271)(<3585.886719, 7.637123, 2178.851807>) quick accessed a lock!
[18:58:15] Player (mooimadog, 76561198086263481)(<13295.887695, 71.638863, 12122.681641>) quick accessed a lock!
[18:58:26] Player (HAUNTxURxDREAMS, 76561199166899329)(<3578.362305, 18.611160, 2167.108154>) quick accessed a lock!
[18:58:27] Player (mooimadog, 76561198086263481)(<13310.330078, 70.417130, 12134.539063>) quick accessed a lock!
[18:58:33] Player (HAUNTxURxDREAMS, 76561199166899329)(<3578.362305, 18.611160, 2167.108154>) quick accessed a lock!
[18:58:35] Player (mooimadog, 76561198086263481)(<13294.407227, 77.518242, 12135.506836>) quick accessed a lock!
[18:58:38] Player (HAUNTxURxDREAMS, 76561199166899329)(<3578.362305, 18.611160, 2167.108154>) quick accessed a lock!
[18:58:40] Player (mooimadog, 76561198086263481)(<13300.959961, 77.479683, 12129.615234>) quick accessed a lock!
[18:58:46] Player (SonJd, 76561198214438271)(<3576.950439, 7.637123, 2175.840332>) quick accessed a lock!
[18:58:48] Player (HAUNTxURxDREAMS, 76561199166899329)(<3578.362305, 18.611160, 2167.108154>) quick accessed a lock!
[18:59:04] Player (SonJd, 76561198214438271)(<3576.950439, 7.637123, 2175.840332>) quick accessed a lock!
[18:59:12] Player (SonJd, 76561198214438271)(<3576.950439, 7.637123, 2175.840332>) quick accessed a lock!
[18:59:37] Player (SonJd, 76561198214438271)(<3576.950439, 7.637123, 2175.840332>) removed a lock!
[18:59:40] Player (DarthErrina, 76561199134542915)(<3581.361572, 19.823298, 2170.142090>) quick accessed a lock!
[19:04:19] Player (SonJd, 76561198214438271)(<3581.361572, 19.823298, 2170.142090>) quick accessed a lock!
[19:04:27] Player (SonJd, 76561198214438271)(<3590.384033, 18.611160, 2181.462402>) quick accessed a lock!
[19:04:44] Player (SonJd, 76561198214438271)(<3581.361572, 19.823298, 2170.142090>) quick accessed a lock!
[19:04:46] Player (SonJd, 76561198214438271)(<3581.361572, 19.823298, 2170.142090>) quick accessed a lock!
[19:05:30] Player (mooimadog, 76561198086263481)(<13300.959961, 77.479683, 12129.615234>) quick accessed a lock!
[19:05:34] Player (mooimadog, 76561198086263481)(<13294.407227, 77.518242, 12135.506836>) quick accessed a lock!
[19:05:43] Player (mooimadog, 76561198086263481)(<13304.405273, 70.431358, 12137.791016>) quick accessed a lock!
[19:05:56] Player (mooimadog, 76561198086263481)(<13294.407227, 77.518242, 12135.506836>) quick accessed a lock!
[19:07:14] Player (SonJd, 76561198214438271)(<3585.886719, 7.637123, 2178.851807>) quick accessed a lock!
[19:09:52] Player (mooimadog, 76561198086263481)(<13300.959961, 77.479683, 12129.615234>) quick accessed a lock!
[19:11:04] Player (mooimadog, 76561198086263481)(<13300.959961, 77.479683, 12129.615234>) quick accessed a lock!
[19:11:24] Player (SonJd, 76561198214438271)(<3581.361572, 19.823298, 2170.142090>) quick accessed a lock!
[19:11:28] Player (SonJd, 76561198214438271)(<3590.384033, 18.611160, 2181.462402>) quick accessed a lock!
[19:12:57] Player (^DBD^ Maxo, 76561198148661627)(<1184.751831, 344.556030, 9983.866211>) quick accessed a lock!
[19:13:31] Player (SonJd, 76561198214438271)(<3581.361572, 19.823298, 2170.142090>) quick accessed a lock!
[19:15:09] Player (SonJd, 76561198214438271)(<3586.307373, 19.553514, 2172.341064>) quick accessed a lock!
[19:15:44] Player (SonJd, 76561198214438271)(<3585.886719, 7.637123, 2178.851807>) quick accessed a lock!
[19:15:53] Player (SonJd, 76561198214438271)(<3586.282715, 7.637123, 2183.565918>) quick accessed a lock!
[19:16:01] Player (SonJd, 76561198214438271)(<3586.255127, 7.212138, 2188.215820>) quick accessed a lock!
[19:16:10] Player (SonJd, 76561198214438271)(<3595.760010, 7.810638, 2160.139648>) quick accessed a lock!
[19:16:46] Player (SonJd, 76561198214438271)(<3595.760010, 7.810638, 2160.139648>) quick accessed a lock!
[19:20:16] Player (DarthErrina, 76561199134542915)(<3581.361572, 19.823298, 2170.142090>) quick accessed a lock!
[19:25:07] Player (DarthErrina, 76561199134542915)(<3590.384033, 18.611160, 2181.462402>) quick accessed a lock!
[19:25:27] Player (DarthErrina, 76561199134542915)(<3581.361572, 19.823298, 2170.142090>) quick accessed a lock!
[19:25:37] Player (DarthErrina, 76561199134542915)(<3581.361572, 19.823298, 2170.142090>) quick accessed a lock!
[19:26:11] Player (DarthErrina, 76561199134542915)(<3586.307373, 19.553514, 2172.341064>) quick accessed a lock!
[19:26:17] Player (DarthErrina, 76561199134542915)(<3586.348877, 19.546085, 2175.481201>) quick accessed a lock!
[19:26:24] Player (DarthErrina, 76561199134542915)(<3586.307373, 19.553514, 2172.341064>) quick accessed a lock!
[19:27:15] Player (DarthErrina, 76561199134542915)(<3585.886719, 7.637123, 2178.851807>) quick accessed a lock!
[19:27:20] Player (DarthErrina, 76561199134542915)(<3586.282715, 7.637123, 2183.565918>) quick accessed a lock!
[19:27:34] Player (DarthErrina, 76561199134542915)(<3586.255127, 7.212138, 2188.215820>) quick accessed a lock!
[19:29:11] Player (^DBD^ Maxo, 76561198148661627)(<1184.751831, 344.556030, 9983.866211>) quick accessed a lock!
[19:30:04] Player (^DBD^ Maxo, 76561198148661627)(<1181.235474, 344.556030, 9979.996094>) quick accessed a lock!
[19:31:26] Player (iNSANE, 76561198167062860)(<3586.255127, 7.212138, 2188.215820>) accessed a lock!
[19:31:26] Player (iNSANE, 76561198167062860)(<3586.255127, 7.212138, 2188.215820>) was added as a guest of a lock!
[19:31:30] Player (iNSANE, 76561198167062860)(<3586.282715, 7.637123, 2183.565918>) quick accessed a lock!
[19:31:43] Player (iNSANE, 76561198167062860)(<3585.886719, 7.637123, 2178.851807>) quick accessed a lock!
[19:32:11] Player (hitch, 76561199174069079)(<3586.255127, 7.212138, 2188.215820>) quick accessed a lock!
[19:32:20] Player (hitch, 76561199174069079)(<3586.282715, 7.637123, 2183.565918>) quick accessed a lock!
[19:32:23] Player (iNSANE, 76561198167062860)(<3586.307373, 19.553514, 2172.341064>) quick accessed a lock!
[19:32:33] Player (hitch, 76561199174069079)(<3585.886719, 7.637123, 2178.851807>) quick accessed a lock!
[19:32:36] Player (iNSANE, 76561198167062860)(<3590.343994, 18.611160, 2167.448486>) quick accessed a lock!
[19:42:00] Player (hitch, 76561199174069079)(<3581.361572, 19.823298, 2170.142090>) quick accessed a lock!
[19:44:00] Player (Aaron, 76561199083883076)(<1165.940674, 345.612946, 9990.236328>) quick accessed a lock!
[19:44:14] Player (Aaron, 76561199083883076)(<1188.573730, 345.459076, 9981.229492>) quick accessed a lock!
[19:44:20] Player (Aaron, 76561199083883076)(<1189.157593, 344.580933, 9985.374023>) quick accessed a lock!
[19:45:07] Player (Aaron, 76561199083883076)(<1188.573730, 345.459076, 9981.229492>) quick accessed a lock!
[19:45:22] Player (Aaron, 76561199083883076)(<1163.191528, 345.489899, 9971.607422>) quick accessed a lock!
[19:45:56] Player (Aaron, 76561199083883076)(<1137.406128, 345.582153, 9980.600586>) quick accessed a lock!
[19:46:12] Player (Aaron, 76561199083883076)(<1132.763794, 345.573212, 9973.032227>) quick accessed a lock!
[19:46:21] Player (Aaron, 76561199083883076)(<1132.735107, 344.874054, 9969.252930>) quick accessed a lock!
[19:46:28] Player (Aaron, 76561199083883076)(<1133.712769, 344.882324, 9966.475586>) quick accessed a lock!
[19:47:05] Player (Aaron, 76561199083883076)(<1135.836792, 346.094452, 9966.250000>) quick accessed a lock!
[19:47:16] Player (Aaron, 76561199083883076)(<1136.275024, 344.882324, 9965.555664>) quick accessed a lock!
[19:47:21] Player (Aaron, 76561199083883076)(<1141.810303, 344.882324, 9962.911133>) quick accessed a lock!
[19:47:28] Player (^DBD^ Maxo, 76561198148661627)(<1184.751831, 344.556030, 9983.866211>) quick accessed a lock!
[19:48:29] Player (Aaron, 76561199083883076)(<1135.836792, 346.094452, 9966.250000>) quick accessed a lock!
[19:48:30] Player (Aaron, 76561199083883076)(<1133.712769, 344.882324, 9966.475586>) quick accessed a lock!
[19:48:34] Player (Aaron, 76561199083883076)(<1135.836792, 346.094452, 9966.250000>) quick accessed a lock!
[19:48:44] Player (Aaron, 76561199083883076)(<1132.735107, 344.874054, 9969.252930>) quick accessed a lock!
[19:48:48] Player (Aaron, 76561199083883076)(<1132.763794, 345.573212, 9973.032227>) quick accessed a lock!
[19:48:52] Player (^DBD^ Maxo, 76561198148661627)(<1186.750732, 344.556030, 9985.829102>) quick accessed a lock!
[19:48:53] Player (Aaron, 76561199083883076)(<1143.002197, 344.374542, 9969.393555>) quick accessed a lock!
[19:48:57] Player (^DBD^ Maxo, 76561198148661627)(<1189.157593, 344.580933, 9985.374023>) quick accessed a lock!
[19:49:03] Player (^DBD^ Maxo, 76561198148661627)(<1188.573730, 345.459076, 9981.229492>) quick accessed a lock!
[19:49:17] Player (^DBD^ Maxo, 76561198148661627)(<1166.893311, 345.748413, 9984.816406>) quick accessed a lock!
[19:49:46] Player (^DBD^ Maxo, 76561198148661627)(<1165.940674, 345.612946, 9990.236328>) quick accessed a lock!
[19:49:46] Player (Aaron, 76561199083883076)(<1132.763794, 345.573212, 9973.032227>) quick accessed a lock!
[19:49:49] Player (Aaron, 76561199083883076)(<1132.735107, 344.874054, 9969.252930>) quick accessed a lock!
[19:49:54] Player (Aaron, 76561199083883076)(<1133.712769, 344.882324, 9966.475586>) quick accessed a lock!
[19:49:55] Player (Aaron, 76561199083883076)(<1135.836792, 346.094452, 9966.250000>) quick accessed a lock!
[19:49:58] Player (Aaron, 76561199083883076)(<1136.275024, 344.882324, 9965.555664>) quick accessed a lock!
[19:49:59] Player (Aaron, 76561199083883076)(<1141.209961, 344.882324, 9964.840820>) quick accessed a lock!
[19:50:05] Player (^DBD^ Maxo, 76561198148661627)(<1137.406128, 345.582153, 9980.600586>) quick accessed a lock!
[19:50:53] Player (hitch, 76561199174069079)(<3581.361572, 19.823298, 2170.142090>) quick accessed a lock!
[19:53:43] Player (hitch, 76561199174069079)(<3585.886719, 7.637123, 2178.851807>) quick accessed a lock!
[19:53:47] Player (hitch, 76561199174069079)(<3586.282715, 7.637123, 2183.565918>) quick accessed a lock!
[19:53:57] Player (hitch, 76561199174069079)(<3586.255127, 7.212138, 2188.215820>) quick accessed a lock!
[19:54:11] Player (Aaron, 76561199083883076)(<1141.209961, 344.882324, 9964.840820>) quick accessed a lock!
[19:57:03] Player (Aaron, 76561199083883076)(<1136.275024, 344.882324, 9965.555664>) quick accessed a lock!
[19:57:06] Player (Aaron, 76561199083883076)(<1133.712769, 344.882324, 9966.475586>) quick accessed a lock!
[19:57:18] Player (Aaron, 76561199083883076)(<1132.735107, 344.874054, 9969.252930>) quick accessed a lock!
[19:57:24] Player (Aaron, 76561199083883076)(<1132.763794, 345.573212, 9973.032227>) quick accessed a lock!
[19:57:41] Player (Aaron, 76561199083883076)(<1132.763794, 345.573212, 9973.032227>) quick accessed a lock!
[19:57:43] Player (Aaron, 76561199083883076)(<1132.735107, 344.874054, 9969.252930>) quick accessed a lock!
[19:57:45] Player (Aaron, 76561199083883076)(<1133.712769, 344.882324, 9966.475586>) quick accessed a lock!
[19:57:47] Player (Aaron, 76561199083883076)(<1135.836792, 346.094452, 9966.250000>) quick accessed a lock!
[19:57:48] Player (Aaron, 76561199083883076)(<1136.275024, 344.882324, 9965.555664>) quick accessed a lock!
[19:58:03] Player (Aaron, 76561199083883076)(<1136.275024, 344.882324, 9965.555664>) quick accessed a lock!
[19:58:58] Player (SonJd, 76561198214438271)(<3595.760010, 7.810638, 2160.139648>) quick accessed a lock!
[19:59:32] Player (hitch, 76561199174069079)(<3586.255127, 7.212138, 2188.215820>) quick accessed a lock!
[19:59:38] Player (hitch, 76561199174069079)(<3586.282715, 7.637123, 2183.565918>) quick accessed a lock!
[19:59:44] Player (hitch, 76561199174069079)(<3585.886719, 7.637123, 2178.851807>) quick accessed a lock!
[19:59:44] Player (Aaron, 76561199083883076)(<1137.406128, 345.582153, 9980.600586>) quick accessed a lock!
[19:59:49] Player (DarthErrina, 76561199134542915)(<3586.255127, 7.212138, 2188.215820>) quick accessed a lock!
[20:00:08] Player (DarthErrina, 76561199134542915)(<3586.282715, 7.637123, 2183.565918>) quick accessed a lock!
[20:00:09] Player (SonJd, 76561198214438271)(<3586.255127, 7.212138, 2188.215820>) quick accessed a lock!
[20:00:21] Player (hitch, 76561199174069079)(<3581.361572, 19.823298, 2170.142090>) quick accessed a lock!
[20:00:27] Player (SonJd, 76561198214438271)(<3585.886719, 7.637123, 2178.851807>) quick accessed a lock!
[20:00:50] Player (DarthErrina, 76561199134542915)(<3590.384033, 18.611160, 2181.462402>) quick accessed a lock!
[20:02:12] Player (SonJd, 76561198214438271)(<3581.361572, 19.823298, 2170.142090>) quick accessed a lock!
[20:03:12] Player (DarthErrina, 76561199134542915)(<3581.361572, 19.823298, 2170.142090>) quick accessed a lock!
[20:04:03] Player (DarthErrina, 76561199134542915)(<3590.384033, 18.611160, 2181.462402>) quick accessed a lock!
[20:04:22] Player (DarthErrina, 76561199134542915)(<3590.384033, 18.611160, 2181.462402>) quick accessed a lock!
[20:04:29] Player (SonJd, 76561198214438271)(<3581.361572, 19.823298, 2170.142090>) quick accessed a lock!
[20:04:35] Player (SonJd, 76561198214438271)(<3581.361572, 19.823298, 2170.142090>) quick accessed a lock!
[20:04:45] Player (iNSANE, 76561198167062860)(<3581.361572, 19.823298, 2170.142090>) quick accessed a lock!
[20:05:17] Player (iNSANE, 76561198167062860)(<3590.343994, 18.611160, 2167.448486>) quick accessed a lock!
[20:05:23] Player (iNSANE, 76561198167062860)(<3592.089600, 18.693920, 2168.095703>) quick accessed a lock!
[20:05:59] Player (SonJd, 76561198214438271)(<3581.361572, 19.823298, 2170.142090>) quick accessed a lock!
[20:07:23] Player (DarthErrina, 76561199134542915)(<3581.361572, 19.823298, 2170.142090>) quick accessed a lock!
[20:07:33] Player (DarthErrina, 76561199134542915)(<3590.384033, 18.611160, 2181.462402>) quick accessed a lock!
[20:07:58] Player (SonJd, 76561198214438271)(<3581.361572, 19.823298, 2170.142090>) quick accessed a lock!
[20:08:28] Player (iNSANE, 76561198167062860)(<3581.361572, 19.823298, 2170.142090>) quick accessed a lock!
[20:10:03] Player (hitch, 76561199174069079)(<3581.361572, 19.823298, 2170.142090>) quick accessed a lock!
[20:10:18] Player (SonJd, 76561198214438271)(<3590.384033, 18.611160, 2181.462402>) quick accessed a lock!
[20:11:34] Player (SonJd, 76561198214438271)(<3590.384033, 18.611160, 2181.462402>) quick accessed a lock!
[20:12:02] Player (DarthErrina, 76561199134542915)(<3590.384033, 18.611160, 2181.462402>) quick accessed a lock!
[20:12:18] Player (hitch, 76561199174069079)(<3581.361572, 19.823298, 2170.142090>) quick accessed a lock!
[20:12:38] Player (SonJd, 76561198214438271)(<3581.361572, 19.823298, 2170.142090>) quick accessed a lock!
[20:14:31] Player (SonJd, 76561198214438271)(<3581.361572, 19.823298, 2170.142090>) quick accessed a lock!
[20:14:47] Player (SonJd, 76561198214438271)(<3590.384033, 18.611160, 2181.462402>) quick accessed a lock!
[20:17:18] Player (SonJd, 76561198214438271)(<3581.361572, 19.823298, 2170.142090>) quick accessed a lock!
[20:17:29] Player (DarthErrina, 76561199134542915)(<3581.361572, 19.823298, 2170.142090>) quick accessed a lock!
[20:17:49] Player (SonJd, 76561198214438271)(<3583.635742, 7.637123, 2177.062256>) set a new passcode on lock!
[20:17:49] Player (SonJd, 76561198214438271)(<3583.635742, 7.637123, 2177.062256>) claimed ownership of a lock!
[20:21:33] Player (SonJd, 76561198214438271)(<3590.384033, 18.611160, 2181.462402>) quick accessed a lock!
[20:26:00] Player (SonJd, 76561198214438271)(<3581.361572, 19.823298, 2170.142090>) quick accessed a lock!
[20:27:11] Player (DarthErrina, 76561199134542915)(<3590.384033, 18.611160, 2181.462402>) quick accessed a lock!
[20:28:42] Player (iNSANE, 76561198167062860)(<3590.343994, 18.611160, 2167.448486>) quick accessed a lock!
[20:28:48] Player (SonJd, 76561198214438271)(<3581.361572, 19.823298, 2170.142090>) quick accessed a lock!
[20:28:55] Player (iNSANE, 76561198167062860)(<3592.089600, 18.693920, 2168.095703>) quick accessed a lock!
[20:29:39] Player (SonJd, 76561198214438271)(<3590.384033, 18.611160, 2181.462402>) quick accessed a lock!
[20:30:02] Player (iNSANE, 76561198167062860)(<3581.361572, 19.823298, 2170.142090>) quick accessed a lock!
[20:30:05] Player (SonJd, 76561198214438271)(<3590.384033, 18.611160, 2181.462402>) quick accessed a lock!
[20:30:36] Player (IDONTKNOWYOU, 76561198151743175)(<3581.361572, 19.823298, 2170.142090>) accessed a lock!
[20:30:36] Player (IDONTKNOWYOU, 76561198151743175)(<3581.361572, 19.823298, 2170.142090>) was added as a guest of a lock!
[20:30:45] Player (SonJd, 76561198214438271)(<3581.361572, 19.823298, 2170.142090>) quick accessed a lock!
[20:31:37] Player (SonJd, 76561198214438271)(<3590.384033, 18.611160, 2181.462402>) quick accessed a lock!
[20:33:05] Player (SonJd, 76561198214438271)(<3590.384033, 18.611160, 2181.462402>) quick accessed a lock!
[20:33:15] Player (SonJd, 76561198214438271)(<3581.361572, 19.823298, 2170.142090>) quick accessed a lock!
[20:36:16] Player (DarthErrina, 76561199134542915)(<3590.384033, 18.611160, 2181.462402>) quick accessed a lock!
[20:36:47] Player (DarthErrina, 76561199134542915)(<3581.361572, 19.823298, 2170.142090>) quick accessed a lock!
[20:36:54] Player (DarthErrina, 76561199134542915)(<3586.307373, 19.553514, 2172.341064>) quick accessed a lock!
[20:36:56] Player (DarthErrina, 76561199134542915)(<3586.348877, 19.546085, 2175.481201>) quick accessed a lock!
[20:37:20] Player (DarthErrina, 76561199134542915)(<3583.635742, 7.637123, 2177.062256>) accessed a lock!
[20:37:20] Player (DarthErrina, 76561199134542915)(<3583.635742, 7.637123, 2177.062256>) was added as a guest of a lock!
[20:37:24] Player (DarthErrina, 76561199134542915)(<3585.886719, 7.637123, 2178.851807>) quick accessed a lock!
[20:37:28] Player (DarthErrina, 76561199134542915)(<3586.282715, 7.637123, 2183.565918>) quick accessed a lock!
[20:37:32] Player (DarthErrina, 76561199134542915)(<3586.255127, 7.212138, 2188.215820>) quick accessed a lock!
[20:38:19] Player (DarthErrina, 76561199134542915)(<3585.886719, 7.637123, 2178.851807>) quick accessed a lock!
[20:39:16] Player (DarthErrina, 76561199134542915)(<3590.343994, 18.611160, 2167.448486>) accessed a lock!
[20:39:16] Player (DarthErrina, 76561199134542915)(<3590.343994, 18.611160, 2167.448486>) was added as a guest of a lock!
[20:43:46] Player (DarthErrina, 76561199134542915)(<3590.384033, 18.611160, 2181.462402>) quick accessed a lock!
[20:49:49] Player (mooimadog, 76561198086263481)(<13299.072266, 69.803490, 12099.144531>) quick accessed a lock!
[20:50:04] Player (mooimadog, 76561198086263481)(<13295.887695, 71.638863, 12122.681641>) quick accessed a lock!
[20:50:09] Player (mooimadog, 76561198086263481)(<13309.554688, 71.606522, 12124.805664>) quick accessed a lock!
[20:50:20] Player (mooimadog, 76561198086263481)(<13310.330078, 70.417130, 12134.539063>) quick accessed a lock!
[20:50:24] Player (mooimadog, 76561198086263481)(<13304.405273, 70.431358, 12137.791016>) quick accessed a lock!
[20:50:36] Player (mooimadog, 76561198086263481)(<13294.407227, 77.518242, 12135.506836>) quick accessed a lock!
[20:50:40] Player (mooimadog, 76561198086263481)(<13300.959961, 77.479683, 12129.615234>) quick accessed a lock!
[20:54:52] Player (mooimadog, 76561198086263481)(<13300.959961, 77.479683, 12129.615234>) quick accessed a lock!
[20:54:57] Player (mooimadog, 76561198086263481)(<13294.407227, 77.518242, 12135.506836>) quick accessed a lock!
[20:55:16] Player (mooimadog, 76561198086263481)(<13310.330078, 70.417130, 12134.539063>) quick accessed a lock!
[20:56:15] Player (mooimadog, 76561198086263481)(<13309.554688, 71.606522, 12124.805664>) quick accessed a lock!
[20:56:17] Player (mooimadog, 76561198086263481)(<13295.887695, 71.638863, 12122.681641>) quick accessed a lock!
[20:56:24] Player (mooimadog, 76561198086263481)(<13298.168945, 69.805489, 12103.271484>) quick accessed a lock!
[20:56:27] Player (mooimadog, 76561198086263481)(<13299.072266, 69.803490, 12099.144531>) quick accessed a lock!
[21:10:58] Player (Aaron, 76561199083883076)(<1137.406128, 345.582153, 9980.600586>) quick accessed a lock!
[21:11:04] Player (Aaron, 76561199083883076)(<1143.002197, 344.374542, 9969.393555>) quick accessed a lock!
[21:11:34] Player (Aaron, 76561199083883076)(<1132.763794, 345.573212, 9973.032227>) quick accessed a lock!
[21:11:40] Player (Aaron, 76561199083883076)(<1132.735107, 344.874054, 9969.252930>) quick accessed a lock!
[21:11:50] Player (Aaron, 76561199083883076)(<1133.712769, 344.882324, 9966.475586>) quick accessed a lock!
[21:11:57] Player (Aaron, 76561199083883076)(<1135.836792, 346.094452, 9966.250000>) quick accessed a lock!
[21:12:36] Player (Aaron, 76561199083883076)(<1136.275024, 344.882324, 9965.555664>) quick accessed a lock!
[21:12:58] Player (Aaron, 76561199083883076)(<1141.810303, 344.882324, 9962.911133>) quick accessed a lock!
[21:13:45] Player (Aaron, 76561199083883076)(<1141.209961, 344.882324, 9964.840820>) quick accessed a lock!
[21:16:11] Player (Aaron, 76561199083883076)(<1141.209961, 344.882324, 9964.840820>) quick accessed a lock!
[21:16:37] Player (^DBD^ Maxo, 76561198148661627)(<1165.940674, 345.612946, 9990.236328>) quick accessed a lock!
[21:16:42] Player (^DBD^ Maxo, 76561198148661627)(<1166.893311, 345.748413, 9984.816406>) quick accessed a lock!
[21:17:55] Player (Aaron, 76561199083883076)(<1136.275024, 344.882324, 9965.555664>) quick accessed a lock!
[21:17:58] Player (Aaron, 76561199083883076)(<1135.836792, 346.094452, 9966.250000>) quick accessed a lock!
[21:17:59] Player (Aaron, 76561199083883076)(<1133.712769, 344.882324, 9966.475586>) quick accessed a lock!
[21:18:01] Player (Aaron, 76561199083883076)(<1132.735107, 344.874054, 9969.252930>) quick accessed a lock!
[21:18:03] Player (Aaron, 76561199083883076)(<1132.763794, 345.573212, 9973.032227>) quick accessed a lock!
[21:19:35] Player (SonJd, 76561198214438271)(<3590.384033, 18.611160, 2181.462402>) quick accessed a lock!
[21:20:49] Player (SonJd, 76561198214438271)(<3590.384033, 18.611160, 2181.462402>) quick accessed a lock!
[21:20:55] Player (iNSANE, 76561198167062860)(<3586.255127, 7.212138, 2188.215820>) quick accessed a lock!
[21:21:03] Player (iNSANE, 76561198167062860)(<3586.282715, 7.637123, 2183.565918>) quick accessed a lock!
[21:21:09] Player (iNSANE, 76561198167062860)(<3585.886719, 7.637123, 2178.851807>) quick accessed a lock!
[21:21:10] Player (SonJd, 76561198214438271)(<3590.384033, 18.611160, 2181.462402>) quick accessed a lock!
[21:21:11] Player (iNSANE, 76561198167062860)(<3585.886719, 7.637123, 2178.851807>) quick accessed a lock!
[21:21:38] Player (iNSANE, 76561198167062860)(<3583.635742, 7.637123, 2177.062256>) accessed a lock!
[21:21:38] Player (iNSANE, 76561198167062860)(<3583.635742, 7.637123, 2177.062256>) was added as a guest of a lock!
[21:21:41] Player (iNSANE, 76561198167062860)(<3585.886719, 7.637123, 2178.851807>) quick accessed a lock!
[21:22:02] Player (DarthErrina, 76561199134542915)(<3590.384033, 18.611160, 2181.462402>) quick accessed a lock!
[21:22:05] Player (iNSANE, 76561198167062860)(<3581.361572, 19.823298, 2170.142090>) quick accessed a lock!
[21:22:10] Player (iNSANE, 76561198167062860)(<3590.343994, 18.611160, 2167.448486>) quick accessed a lock!
[21:22:20] Player (iNSANE, 76561198167062860)(<3590.343994, 18.611160, 2167.448486>) quick accessed a lock!
[21:22:26] Player (KillSwitch68, 76561198041952552)(<3586.255127, 7.212138, 2188.215820>) accessed a lock!
[21:22:26] Player (KillSwitch68, 76561198041952552)(<3586.255127, 7.212138, 2188.215820>) was added as a guest of a lock!
[21:22:27] Player (DarthErrina, 76561199134542915)(<3590.384033, 18.611160, 2181.462402>) quick accessed a lock!
[21:22:31] Player (KillSwitch68, 76561198041952552)(<3586.282715, 7.637123, 2183.565918>) quick accessed a lock!
[21:22:39] Player (KillSwitch68, 76561198041952552)(<3583.635742, 7.637123, 2177.062256>) accessed a lock!
[21:22:39] Player (KillSwitch68, 76561198041952552)(<3583.635742, 7.637123, 2177.062256>) was added as a guest of a lock!
[21:22:53] Player (KillSwitch68, 76561198041952552)(<3586.255127, 7.212138, 2188.215820>) quick accessed a lock!
[21:23:04] Player (KillSwitch68, 76561198041952552)(<3585.886719, 7.637123, 2178.851807>) quick accessed a lock!
[21:23:20] Player (KillSwitch68, 76561198041952552)(<3586.255127, 7.212138, 2188.215820>) quick accessed a lock!
[21:23:26] Player (KillSwitch68, 76561198041952552)(<3586.255127, 7.212138, 2188.215820>) quick accessed a lock!
[21:24:17] Player (SonJd, 76561198214438271)(<3581.361572, 19.823298, 2170.142090>) quick accessed a lock!
[21:24:58] Player (IDONTKNOWYOU, 76561198151743175)(<3581.361572, 19.823298, 2170.142090>) quick accessed a lock!
[21:25:00] Player (SonJd, 76561198214438271)(<3583.635742, 7.637123, 2177.062256>) quick accessed a lock!
[21:25:30] Player (iNSANE, 76561198167062860)(<3592.089600, 18.693920, 2168.095703>) quick accessed a lock!
[21:25:45] Player (IDONTKNOWYOU, 76561198151743175)(<3586.307373, 19.553514, 2172.341064>) accessed a lock!
[21:25:45] Player (IDONTKNOWYOU, 76561198151743175)(<3586.307373, 19.553514, 2172.341064>) was added as a guest of a lock!
[21:26:10] Player (Barry McCockiner, 76561198858404418)(<1370.091675, 433.835968, 12903.194336>) set a new passcode on lock!
[21:26:10] Player (Barry McCockiner, 76561198858404418)(<1370.091675, 433.835968, 12903.194336>) claimed ownership of a lock!
[21:26:17] Player (Barry McCockiner, 76561198858404418)(<1370.091675, 433.835968, 12903.194336>) quick accessed a lock!
[21:26:22] Player (Barry McCockiner, 76561198858404418)(<1370.091675, 433.835968, 12903.194336>) quick accessed a lock!
[21:27:32] Player (iNSANE, 76561198167062860)(<3581.361572, 19.823298, 2170.142090>) quick accessed a lock!
[21:27:50] Player (iNSANE, 76561198167062860)(<3586.307373, 19.553514, 2172.341064>) quick accessed a lock!
[21:28:13] Player (SonJd, 76561198214438271)(<3586.255127, 7.212138, 2188.215820>) quick accessed a lock!
[21:28:45] Player (Barry McCockiner, 76561198858404418)(<1370.091675, 433.835968, 12903.194336>) quick accessed a lock!
[21:29:13] Player (KillSwitch68, 76561198041952552)(<3583.635742, 7.637123, 2177.062256>) quick accessed a lock!
[21:29:41] Player (iNSANE, 76561198167062860)(<3586.307373, 19.553514, 2172.341064>) quick accessed a lock!
[21:29:49] Player (iNSANE, 76561198167062860)(<3581.361572, 19.823298, 2170.142090>) quick accessed a lock!
[21:29:50] Player (KillSwitch68, 76561198041952552)(<3585.886719, 7.637123, 2178.851807>) quick accessed a lock!
[21:29:55] Player (iNSANE, 76561198167062860)(<3590.343994, 18.611160, 2167.448486>) quick accessed a lock!
[21:29:57] Player (iNSANE, 76561198167062860)(<3592.089600, 18.693920, 2168.095703>) quick accessed a lock!
[21:30:06] Player (SonJd, 76561198214438271)(<3586.282715, 7.637123, 2183.565918>) quick accessed a lock!
[21:30:29] Player (IDONTKNOWYOU, 76561198151743175)(<3585.886719, 7.637123, 2178.851807>) accessed a lock!
[21:30:29] Player (IDONTKNOWYOU, 76561198151743175)(<3585.886719, 7.637123, 2178.851807>) was added as a guest of a lock!
[21:30:50] Player (IDONTKNOWYOU, 76561198151743175)(<3586.282715, 7.637123, 2183.565918>) accessed a lock!
[21:30:50] Player (IDONTKNOWYOU, 76561198151743175)(<3586.282715, 7.637123, 2183.565918>) was added as a guest of a lock!
[21:30:57] Player (SonJd, 76561198214438271)(<3586.282715, 7.637123, 2183.565918>) quick accessed a lock!
[21:31:14] Player (KillSwitch68, 76561198041952552)(<3586.255127, 7.212138, 2188.215820>) quick accessed a lock!
[21:31:21] Player (SonJd, 76561198214438271)(<3586.282715, 7.637123, 2183.565918>) quick accessed a lock!
[21:31:44] Player (SonJd, 76561198214438271)(<3586.282715, 7.637123, 2183.565918>) quick accessed a lock!
[21:32:15] Player (IDONTKNOWYOU, 76561198151743175)(<3586.255127, 7.212138, 2188.215820>) accessed a lock!
[21:32:15] Player (IDONTKNOWYOU, 76561198151743175)(<3586.255127, 7.212138, 2188.215820>) was added as a guest of a lock!
[21:32:29] Player (DarthErrina, 76561199134542915)(<3581.361572, 19.823298, 2170.142090>) quick accessed a lock!
[21:32:34] Player (SonJd, 76561198214438271)(<3586.282715, 7.637123, 2183.565918>) quick accessed a lock!
[21:32:39] Player (SonJd, 76561198214438271)(<3585.886719, 7.637123, 2178.851807>) quick accessed a lock!
[21:32:42] Player (SonJd, 76561198214438271)(<3583.635742, 7.637123, 2177.062256>) quick accessed a lock!
[21:32:54] Player (SonJd, 76561198214438271)(<3581.361572, 19.823298, 2170.142090>) quick accessed a lock!
[21:33:12] Player (SonJd, 76561198214438271)(<3590.384033, 18.611160, 2181.462402>) quick accessed a lock!
[21:33:24] Player (SonJd, 76561198214438271)(<3581.361572, 19.823298, 2170.142090>) quick accessed a lock!
[21:33:41] Player (SonJd, 76561198214438271)(<3586.282715, 7.637123, 2183.565918>) quick accessed a lock!
[21:33:48] Player (SonJd, 76561198214438271)(<3586.255127, 7.212138, 2188.215820>) quick accessed a lock!
[21:34:17] Player (KillSwitch68, 76561198041952552)(<3586.255127, 7.212138, 2188.215820>) quick accessed a lock!
[21:34:21] Player (KillSwitch68, 76561198041952552)(<3586.282715, 7.637123, 2183.565918>) quick accessed a lock!
[21:34:28] Player (KillSwitch68, 76561198041952552)(<3585.886719, 7.637123, 2178.851807>) quick accessed a lock!
[21:34:32] Player (KillSwitch68, 76561198041952552)(<3583.635742, 7.637123, 2177.062256>) quick accessed a lock!
[21:34:34] Player (KillSwitch68, 76561198041952552)(<3585.886719, 7.637123, 2178.851807>) quick accessed a lock!
[21:34:47] Player (KillSwitch68, 76561198041952552)(<3581.361572, 19.823298, 2170.142090>) quick accessed a lock!
[21:34:51] Player (KillSwitch68, 76561198041952552)(<3578.880371, 18.611160, 2181.024170>) quick accessed a lock!
[21:35:28] Player (KillSwitch68, 76561198041952552)(<3586.282715, 7.637123, 2183.565918>) quick accessed a lock!
[21:35:40] Player (KillSwitch68, 76561198041952552)(<3586.255127, 7.212138, 2188.215820>) quick accessed a lock!
[21:36:38] Player (KillSwitch68, 76561198041952552)(<3586.255127, 7.212138, 2188.215820>) quick accessed a lock!
[21:36:42] Player (KillSwitch68, 76561198041952552)(<3586.282715, 7.637123, 2183.565918>) quick accessed a lock!
[21:36:44] Player (KillSwitch68, 76561198041952552)(<3585.886719, 7.637123, 2178.851807>) quick accessed a lock!
[21:36:44] Player (SonJd, 76561198214438271)(<3586.255127, 7.212138, 2188.215820>) quick accessed a lock!
[21:36:48] Player (KillSwitch68, 76561198041952552)(<3585.886719, 7.637123, 2178.851807>) quick accessed a lock!
[21:36:52] Player (SonJd, 76561198214438271)(<3585.886719, 7.637123, 2178.851807>) quick accessed a lock!
[21:36:57] Player (KillSwitch68, 76561198041952552)(<3583.635742, 7.637123, 2177.062256>) quick accessed a lock!
[21:37:01] Player (SonJd, 76561198214438271)(<3585.886719, 7.637123, 2178.851807>) quick accessed a lock!
[21:37:10] Player (KillSwitch68, 76561198041952552)(<3581.361572, 19.823298, 2170.142090>) quick accessed a lock!
[21:37:17] Player (SonJd, 76561198214438271)(<3583.635742, 7.637123, 2177.062256>) quick accessed a lock!
[21:39:34] Player (KillSwitch68, 76561198041952552)(<3583.635742, 7.637123, 2177.062256>) quick accessed a lock!
[21:39:36] Player (KillSwitch68, 76561198041952552)(<3585.886719, 7.637123, 2178.851807>) quick accessed a lock!
[21:39:44] Player (KillSwitch68, 76561198041952552)(<3586.282715, 7.637123, 2183.565918>) quick accessed a lock!
[21:39:49] Player (KillSwitch68, 76561198041952552)(<3586.255127, 7.212138, 2188.215820>) quick accessed a lock!
[21:40:28] Player (KillSwitch68, 76561198041952552)(<3586.255127, 7.212138, 2188.215820>) quick accessed a lock!
[21:40:32] Player (KillSwitch68, 76561198041952552)(<3586.282715, 7.637123, 2183.565918>) quick accessed a lock!
[21:40:38] Player (KillSwitch68, 76561198041952552)(<3585.886719, 7.637123, 2178.851807>) quick accessed a lock!
[21:40:39] Player (DarthErrina, 76561199134542915)(<3590.384033, 18.611160, 2181.462402>) quick accessed a lock!
[21:40:41] Player (KillSwitch68, 76561198041952552)(<3583.635742, 7.637123, 2177.062256>) quick accessed a lock!
[21:41:01] Player (KillSwitch68, 76561198041952552)(<3581.361572, 19.823298, 2170.142090>) quick accessed a lock!
[21:43:02] Player (iNSANE, 76561198167062860)(<3584.327637, 10.588430, 2175.568848>) quick accessed a lock!
[21:43:13] Player (iNSANE, 76561198167062860)(<3584.327637, 10.588430, 2175.568848>) quick accessed a lock!
[21:43:51] Player (KillSwitch68, 76561198041952552)(<3581.361572, 19.823298, 2170.142090>) quick accessed a lock!
[21:44:03] Player (KillSwitch68, 76561198041952552)(<3584.327637, 10.588430, 2175.568848>) quick accessed a lock!
[21:44:07] Player (KillSwitch68, 76561198041952552)(<3583.635742, 7.637123, 2177.062256>) quick accessed a lock!
[21:44:10] Player (KillSwitch68, 76561198041952552)(<3585.886719, 7.637123, 2178.851807>) quick accessed a lock!
[21:44:16] Player (KillSwitch68, 76561198041952552)(<3586.282715, 7.637123, 2183.565918>) quick accessed a lock!
[21:44:22] Player (KillSwitch68, 76561198041952552)(<3586.255127, 7.212138, 2188.215820>) quick accessed a lock!
[21:45:05] Player (KillSwitch68, 76561198041952552)(<3595.760010, 7.810638, 2160.139648>) quick accessed a lock!
[21:45:52] Player (KillSwitch68, 76561198041952552)(<3586.255127, 7.212138, 2188.215820>) quick accessed a lock!
[21:45:53] Player (iNSANE, 76561198167062860)(<3581.361572, 19.823298, 2170.142090>) quick accessed a lock!
[21:45:56] Player (KillSwitch68, 76561198041952552)(<3586.282715, 7.637123, 2183.565918>) quick accessed a lock!
[21:46:03] Player (KillSwitch68, 76561198041952552)(<3585.886719, 7.637123, 2178.851807>) quick accessed a lock!
[21:46:07] Player (KillSwitch68, 76561198041952552)(<3583.635742, 7.637123, 2177.062256>) quick accessed a lock!
[21:46:09] Player (KillSwitch68, 76561198041952552)(<3585.886719, 7.637123, 2178.851807>) quick accessed a lock!
[21:46:16] Player (KillSwitch68, 76561198041952552)(<3583.635742, 7.637123, 2177.062256>) quick accessed a lock!
[21:46:42] Player (KillSwitch68, 76561198041952552)(<3584.327637, 10.588430, 2175.568848>) quick accessed a lock!
[21:47:42] Player (KillSwitch68, 76561198041952552)(<3581.361572, 19.823298, 2170.142090>) quick accessed a lock!
[21:49:22] Player (Barry McCockiner, 76561198858404418)(<1370.091675, 433.835968, 12903.194336>) quick accessed a lock!
[21:50:31] Player (IDONTKNOWYOU, 76561198151743175)(<3586.255127, 7.212138, 2188.215820>) quick accessed a lock!
[21:50:39] Player (IDONTKNOWYOU, 76561198151743175)(<3586.282715, 7.637123, 2183.565918>) quick accessed a lock!
[21:50:47] Player (IDONTKNOWYOU, 76561198151743175)(<3585.886719, 7.637123, 2178.851807>) quick accessed a lock!
[21:51:07] Player (IDONTKNOWYOU, 76561198151743175)(<3583.635742, 7.637123, 2177.062256>) accessed a lock!
[21:51:07] Player (IDONTKNOWYOU, 76561198151743175)(<3583.635742, 7.637123, 2177.062256>) was added as a guest of a lock!
[21:52:03] Player (KillSwitch68, 76561198041952552)(<3578.880371, 18.611160, 2181.024170>) quick accessed a lock!
[21:55:04] Player (IDONTKNOWYOU, 76561198151743175)(<3583.635742, 7.637123, 2177.062256>) quick accessed a lock!
[21:55:07] Player (IDONTKNOWYOU, 76561198151743175)(<3585.886719, 7.637123, 2178.851807>) quick accessed a lock!
[21:55:15] Player (IDONTKNOWYOU, 76561198151743175)(<3586.282715, 7.637123, 2183.565918>) quick accessed a lock!
[21:55:21] Player (IDONTKNOWYOU, 76561198151743175)(<3586.255127, 7.212138, 2188.215820>) quick accessed a lock!
[21:55:51] Player (Glazed&Confused, 76561198007338243)(<3907.665039, 227.352814, 14168.563477>) set a new passcode on lock!
[21:55:51] Player (Glazed&Confused, 76561198007338243)(<3907.665039, 227.352814, 14168.563477>) claimed ownership of a lock!
[21:56:04] Player (Barry McCockiner, 76561198858404418)(<1370.091675, 433.835968, 12903.194336>) quick accessed a lock!
[21:58:11] Player (IDONTKNOWYOU, 76561198151743175)(<3586.255127, 7.212138, 2188.215820>) quick accessed a lock!
[21:58:14] Player (IDONTKNOWYOU, 76561198151743175)(<3586.282715, 7.637123, 2183.565918>) quick accessed a lock!
[21:58:23] Player (IDONTKNOWYOU, 76561198151743175)(<3585.886719, 7.637123, 2178.851807>) quick accessed a lock!
[21:58:40] Player (IDONTKNOWYOU, 76561198151743175)(<3584.327637, 10.588430, 2175.568848>) accessed a lock!
[21:58:40] Player (IDONTKNOWYOU, 76561198151743175)(<3584.327637, 10.588430, 2175.568848>) was added as a guest of a lock!
[21:58:54] Player (IDONTKNOWYOU, 76561198151743175)(<3584.327637, 10.588430, 2175.568848>) quick accessed a lock!
[09-06-2021][22.01.00] Log file reloaded ( Server Restart )
[22:03:19] Player (Barry McCockiner, 76561198858404418)(<1370.091675, 433.835968, 12903.194336>) quick accessed a lock!
[22:03:44] Player (Barry McCockiner, 76561198858404418)(<1370.091675, 433.835968, 12903.194336>) quick accessed a lock!
[22:07:04] Player (IDONTKNOWYOU, 76561198151743175)(<3584.327637, 10.588430, 2175.568848>) quick accessed a lock!
[22:07:17] Player (IDONTKNOWYOU, 76561198151743175)(<3584.327637, 10.588430, 2175.568848>) quick accessed a lock!
[22:07:35] Player (IDONTKNOWYOU, 76561198151743175)(<3584.327637, 10.588430, 2175.568848>) quick accessed a lock!
[22:07:52] Player (IDONTKNOWYOU, 76561198151743175)(<3584.327637, 10.588430, 2175.568848>) quick accessed a lock!
[22:07:54] Player (IDONTKNOWYOU, 76561198151743175)(<3584.327637, 10.588430, 2175.568848>) quick accessed a lock!
[22:07:57] Player (IDONTKNOWYOU, 76561198151743175)(<3584.327637, 10.588430, 2175.568848>) quick accessed a lock!
[22:08:54] Player (Glazed&Confused, 76561198007338243)(<3907.665039, 227.352814, 14168.563477>) quick accessed a lock!
[22:10:51] Player (Barry McCockiner, 76561198858404418)(<1370.091675, 433.835968, 12903.194336>) quick accessed a lock!
[22:16:43] Player (Barry McCockiner, 76561198858404418)(<1370.091675, 433.835968, 12903.194336>) quick accessed a lock!
[22:17:17] Player (Knee Greaux, 76561198420720986)(<1370.091675, 433.835968, 12903.194336>) accessed a lock!
[22:17:17] Player (Knee Greaux, 76561198420720986)(<1370.091675, 433.835968, 12903.194336>) was added as a guest of a lock!
[22:17:26] Player (Barry McCockiner, 76561198858404418)(<1370.091675, 433.835968, 12903.194336>) quick accessed a lock!
[22:19:52] Player (Barry McCockiner, 76561198858404418)(<1370.091675, 433.835968, 12903.194336>) quick accessed a lock!
[22:26:18] Player (Knee Greaux, 76561198420720986)(<1370.091675, 433.835968, 12903.194336>) quick accessed a lock!
[22:26:25] Player (Knee Greaux, 76561198420720986)(<1370.091675, 433.835968, 12903.194336>) quick accessed a lock!
[22:26:32] Player (Barry McCockiner, 76561198858404418)(<1370.091675, 433.835968, 12903.194336>) quick accessed a lock!
[22:49:33] Player (Glazed&Confused, 76561198007338243)(<3907.665039, 227.352814, 14168.563477>) quick accessed a lock!
[22:54:58] Player (Barry McCockiner, 76561198858404418)(<1370.091675, 433.835968, 12903.194336>) quick accessed a lock!
[22:57:42] Player (Glazed&Confused, 76561198007338243)(<3907.665039, 227.352814, 14168.563477>) quick accessed a lock!
[22:59:37] Player (Glazed&Confused, 76561198007338243)(<3907.665039, 227.352814, 14168.563477>) quick accessed a lock!
[22:59:56] Player (Glazed&Confused, 76561198007338243)(<3907.665039, 227.352814, 14168.563477>) quick accessed a lock!
[23:03:13] Player (Glazed&Confused, 76561198007338243)(<3907.665039, 227.352814, 14168.563477>) quick accessed a lock!
[23:03:36] Player (Glazed&Confused, 76561198007338243)(<3907.665039, 227.352814, 14168.563477>) quick accessed a lock!
[23:03:40] Player (Glazed&Confused, 76561198007338243)(<3907.665039, 227.352814, 14168.563477>) quick accessed a lock!
[23:09:02] Player (Glazed&Confused, 76561198007338243)(<3907.665039, 227.352814, 14168.563477>) quick accessed a lock!
[23:37:25] Player (Knee Greaux, 76561198420720986)(<1370.091675, 433.835968, 12903.194336>) quick accessed a lock!
[23:38:30] Player (Barry McCockiner, 76561198858404418)(<1370.091675, 433.835968, 12903.194336>) quick accessed a lock!
[23:40:49] Player (Knee Greaux, 76561198420720986)(<1370.091675, 433.835968, 12903.194336>) quick accessed a lock!
[23:54:23] Player (Knee Greaux, 76561198420720986)(<1370.091675, 433.835968, 12903.194336>) quick accessed a lock!
[23:54:59] Player (Knee Greaux, 76561198420720986)(<1370.091675, 433.835968, 12903.194336>) quick accessed a lock!
