[09-04-2021][03.15.22] New Access Log File Created!
[04:05:28] Player (Aaron, 76561199083883076)(<1143.002197, 344.374542, 9969.393555>) quick accessed a lock!
[04:05:57] Player (^DBD^ Maxo, 76561198148661627)(<1165.940674, 345.612946, 9990.236328>) quick accessed a lock!
[04:06:23] Player (^DBD^ Maxo, 76561198148661627)(<1188.573730, 345.459076, 9981.229492>) quick accessed a lock!
[04:06:29] Player (Aaron, 76561199083883076)(<1132.763794, 345.573212, 9973.032227>) quick accessed a lock!
[04:06:32] Player (^DBD^ Maxo, 76561198148661627)(<1189.157593, 344.580933, 9985.374023>) quick accessed a lock!
[04:06:37] Player (^DBD^ Maxo, 76561198148661627)(<1186.750732, 344.556030, 9985.829102>) quick accessed a lock!
[04:06:42] Player (^DBD^ Maxo, 76561198148661627)(<1184.751831, 344.556030, 9983.866211>) quick accessed a lock!
[04:07:24] Player (^DBD^ Maxo, 76561198148661627)(<1165.940674, 345.612946, 9990.236328>) quick accessed a lock!
[04:07:28] Player (Aaron, 76561199083883076)(<1132.763794, 345.573212, 9973.032227>) quick accessed a lock!
[04:07:34] Player (Aaron, 76561199083883076)(<1132.735107, 344.874054, 9969.252930>) quick accessed a lock!
[04:07:40] Player (Aaron, 76561199083883076)(<1133.712769, 344.882324, 9966.475586>) quick accessed a lock!
[04:07:45] Player (Aaron, 76561199083883076)(<1135.836792, 346.094452, 9966.250000>) quick accessed a lock!
[04:07:50] Player (Aaron, 76561199083883076)(<1136.275024, 344.882324, 9965.555664>) quick accessed a lock!
[04:10:43] Player (^DBD^ Maxo, 76561198148661627)(<1163.191528, 345.489899, 9971.607422>) set a new passcode on lock!
[04:10:43] Player (^DBD^ Maxo, 76561198148661627)(<1163.191528, 345.489899, 9971.607422>) claimed ownership of a lock!
[04:10:44] Player (^DBD^ Maxo, 76561198148661627)(<1163.191528, 345.489899, 9971.607422>) quick accessed a lock!
[04:10:56] Player (^DBD^ Maxo, 76561198148661627)(<1163.191528, 345.489899, 9971.607422>) quick accessed a lock!
[04:16:29] Player (^DBD^ Maxo, 76561198148661627)(<1165.940674, 345.612946, 9990.236328>) quick accessed a lock!
[04:16:50] Player (Aaron, 76561199083883076)(<1143.002197, 344.374542, 9969.393555>) quick accessed a lock!
[04:19:05] Player (Aaron, 76561199083883076)(<1132.763794, 345.573212, 9973.032227>) quick accessed a lock!
[04:19:07] Player (Aaron, 76561199083883076)(<1132.735107, 344.874054, 9969.252930>) quick accessed a lock!
[04:19:08] Player (Aaron, 76561199083883076)(<1133.712769, 344.882324, 9966.475586>) quick accessed a lock!
[04:19:11] Player (Aaron, 76561199083883076)(<1135.836792, 346.094452, 9966.250000>) quick accessed a lock!
[04:19:13] Player (Aaron, 76561199083883076)(<1136.275024, 344.882324, 9965.555664>) quick accessed a lock!
[04:19:48] Player (Aaron, 76561199083883076)(<1135.836792, 346.094452, 9966.250000>) quick accessed a lock!
[04:20:35] Player (^DBD^ Maxo, 76561198148661627)(<1182.824463, 344.556030, 9978.469727>) quick accessed a lock!
[04:21:01] Player (^DBD^ Maxo, 76561198148661627)(<1185.200195, 344.556030, 9979.226563>) quick accessed a lock!
[04:21:17] Player (^DBD^ Maxo, 76561198148661627)(<1181.235474, 344.556030, 9979.996094>) quick accessed a lock!
[04:21:31] Player (Aaron, 76561199083883076)(<1136.275024, 344.882324, 9965.555664>) quick accessed a lock!
[04:21:33] Player (Aaron, 76561199083883076)(<1141.810303, 344.882324, 9962.911133>) quick accessed a lock!
[04:21:55] Player (^DBD^ Maxo, 76561198148661627)(<1185.200195, 344.556030, 9979.226563>) quick accessed a lock!
[04:24:28] Player (^DBD^ Maxo, 76561198148661627)(<1163.191528, 345.489899, 9971.607422>) quick accessed a lock!
[04:26:54] Player (^DBD^ Maxo, 76561198148661627)(<1163.191528, 345.489899, 9971.607422>) quick accessed a lock!
[04:27:03] Player (^DBD^ Maxo, 76561198148661627)(<1186.750732, 344.556030, 9985.829102>) quick accessed a lock!
[04:27:48] Player (^DBD^ Maxo, 76561198148661627)(<1184.751831, 344.556030, 9983.866211>) quick accessed a lock!
[04:28:02] Player (Aaron, 76561199083883076)(<1132.763794, 345.573212, 9973.032227>) quick accessed a lock!
[04:28:07] Player (^DBD^ Maxo, 76561198148661627)(<1165.940674, 345.612946, 9990.236328>) quick accessed a lock!
[04:29:42] Player (Aaron, 76561199083883076)(<1132.763794, 345.573212, 9973.032227>) quick accessed a lock!
[04:33:36] Player (^DBD^ Maxo, 76561198148661627)(<1165.940674, 345.612946, 9990.236328>) quick accessed a lock!
[04:35:24] Player (^DBD^ Maxo, 76561198148661627)(<1163.191528, 345.489899, 9971.607422>) quick accessed a lock!
[04:36:06] Player (^DBD^ Maxo, 76561198148661627)(<1165.940674, 345.612946, 9990.236328>) quick accessed a lock!
[04:36:40] Player (Aaron, 76561199083883076)(<1133.712769, 344.882324, 9966.475586>) quick accessed a lock!
[04:36:41] Player (Aaron, 76561199083883076)(<1136.275024, 344.882324, 9965.555664>) quick accessed a lock!
[04:36:51] Player (Aaron, 76561199083883076)(<1141.810303, 344.882324, 9962.911133>) quick accessed a lock!
[04:37:24] Player (^DBD^ Maxo, 76561198148661627)(<1165.940674, 345.612946, 9990.236328>) quick accessed a lock!
[04:38:05] Player (^DBD^ Maxo, 76561198148661627)(<1189.157593, 344.580933, 9985.374023>) quick accessed a lock!
[04:38:29] Player (^DBD^ Maxo, 76561198148661627)(<1184.751831, 344.556030, 9983.866211>) quick accessed a lock!
[04:38:34] Player (^DBD^ Maxo, 76561198148661627)(<1181.235474, 344.556030, 9979.996094>) quick accessed a lock!
[04:39:02] Player (^DBD^ Maxo, 76561198148661627)(<1184.751831, 344.556030, 9983.866211>) quick accessed a lock!
[04:39:04] Player (^DBD^ Maxo, 76561198148661627)(<1184.751831, 344.556030, 9983.866211>) quick accessed a lock!
[04:39:30] Player (^DBD^ Maxo, 76561198148661627)(<1186.750732, 344.556030, 9985.829102>) quick accessed a lock!
[04:39:33] Player (^DBD^ Maxo, 76561198148661627)(<1189.157593, 344.580933, 9985.374023>) quick accessed a lock!
[04:39:40] Player (^DBD^ Maxo, 76561198148661627)(<1189.157593, 344.580933, 9985.374023>) quick accessed a lock!
[04:39:47] Player (^DBD^ Maxo, 76561198148661627)(<1188.573730, 345.459076, 9981.229492>) quick accessed a lock!
[04:40:11] Player (^DBD^ Maxo, 76561198148661627)(<1188.573730, 345.459076, 9981.229492>) quick accessed a lock!
[04:40:39] Player (^DBD^ Maxo, 76561198148661627)(<1166.893311, 345.748413, 9984.816406>) quick accessed a lock!
[04:41:15] Player (^DBD^ Maxo, 76561198148661627)(<1163.191528, 345.489899, 9971.607422>) quick accessed a lock!
[04:42:05] Player (^DBD^ Maxo, 76561198148661627)(<1165.940674, 345.612946, 9990.236328>) quick accessed a lock!
[04:42:14] Player (^DBD^ Maxo, 76561198148661627)(<1188.573730, 345.459076, 9981.229492>) quick accessed a lock!
[04:42:18] Player (^DBD^ Maxo, 76561198148661627)(<1189.157593, 344.580933, 9985.374023>) quick accessed a lock!
[04:42:26] Player (^DBD^ Maxo, 76561198148661627)(<1189.157593, 344.580933, 9985.374023>) quick accessed a lock!
[04:44:12] Player (Aaron, 76561199083883076)(<1137.406128, 345.582153, 9980.600586>) set a new passcode on lock!
[04:44:12] Player (Aaron, 76561199083883076)(<1137.406128, 345.582153, 9980.600586>) claimed ownership of a lock!
[04:51:14] Player (Aaron, 76561199083883076)(<1135.836792, 346.094452, 9966.250000>) quick accessed a lock!
[04:51:15] Player (Aaron, 76561199083883076)(<1133.712769, 344.882324, 9966.475586>) quick accessed a lock!
[04:51:18] Player (Aaron, 76561199083883076)(<1132.735107, 344.874054, 9969.252930>) quick accessed a lock!
[04:51:20] Player (Aaron, 76561199083883076)(<1132.763794, 345.573212, 9973.032227>) quick accessed a lock!
[04:51:23] Player (Aaron, 76561199083883076)(<1143.002197, 344.374542, 9969.393555>) quick accessed a lock!
[05:02:32] Player (Aaron, 76561199083883076)(<1136.275024, 344.882324, 9965.555664>) quick accessed a lock!
[05:02:33] Player (Aaron, 76561199083883076)(<1135.836792, 346.094452, 9966.250000>) quick accessed a lock!
[05:02:38] Player (Aaron, 76561199083883076)(<1133.712769, 344.882324, 9966.475586>) quick accessed a lock!
[05:02:41] Player (Aaron, 76561199083883076)(<1132.735107, 344.874054, 9969.252930>) quick accessed a lock!
[05:02:43] Player (Aaron, 76561199083883076)(<1132.763794, 345.573212, 9973.032227>) quick accessed a lock!
[05:02:46] Player (Aaron, 76561199083883076)(<1143.002197, 344.374542, 9969.393555>) quick accessed a lock!
[05:15:03] Player (Aaron, 76561199083883076)(<1136.275024, 344.882324, 9965.555664>) quick accessed a lock!
[09-04-2021][07.17.06] Log file reloaded ( Server Restart )
[07:47:37] Player (Sauce, 76561199194857204)(<7801.914551, 315.043640, 6893.657715>) quick accessed a lock!
[07:49:58] Player (Sauce, 76561199194857204)(<7801.914551, 315.043640, 6893.657715>) quick accessed a lock!
[09-04-2021][11.18.48] Log file reloaded ( Server Restart )
[11:41:09] Player (hitch, 76561199174069079)(<3586.307373, 19.553514, 2172.341064>) accessed a lock!
[11:41:09] Player (hitch, 76561199174069079)(<3586.307373, 19.553514, 2172.341064>) was added as a guest of a lock!
[11:41:27] Player (hitch, 76561199174069079)(<3586.348877, 19.546085, 2175.481201>) accessed a lock!
[11:41:27] Player (hitch, 76561199174069079)(<3586.348877, 19.546085, 2175.481201>) was added as a guest of a lock!
[11:43:52] Player (hitch, 76561199174069079)(<3586.307373, 19.553514, 2172.341064>) quick accessed a lock!
[11:54:29] Player (Goose, 76561199097533731)(<8255.826172, 354.203552, 6981.772949>) set a new passcode on lock!
[11:54:29] Player (Goose, 76561199097533731)(<8255.826172, 354.203552, 6981.772949>) claimed ownership of a lock!
[12:28:10] Player (Aaron, 76561199083883076)(<1136.275024, 344.882324, 9965.555664>) quick accessed a lock!
[12:28:13] Player (Aaron, 76561199083883076)(<1133.712769, 344.882324, 9966.475586>) quick accessed a lock!
[12:28:18] Player (Aaron, 76561199083883076)(<1132.735107, 344.874054, 9969.252930>) quick accessed a lock!
[12:28:32] Player (Aaron, 76561199083883076)(<1132.763794, 345.573212, 9973.032227>) quick accessed a lock!
[12:29:55] Player (Aaron, 76561199083883076)(<1135.836792, 346.094452, 9966.250000>) quick accessed a lock!
[12:31:05] Player (Aaron, 76561199083883076)(<1137.406128, 345.582153, 9980.600586>) quick accessed a lock!
[12:31:25] Player (Aaron, 76561199083883076)(<1137.406128, 345.582153, 9980.600586>) quick accessed a lock!
[12:31:29] Player (Aaron, 76561199083883076)(<1132.763794, 345.573212, 9973.032227>) quick accessed a lock!
[12:31:33] Player (Aaron, 76561199083883076)(<1132.735107, 344.874054, 9969.252930>) quick accessed a lock!
[12:31:36] Player (Aaron, 76561199083883076)(<1133.712769, 344.882324, 9966.475586>) quick accessed a lock!
[12:31:39] Player (Aaron, 76561199083883076)(<1135.836792, 346.094452, 9966.250000>) quick accessed a lock!
[12:31:40] Player (Aaron, 76561199083883076)(<1136.275024, 344.882324, 9965.555664>) quick accessed a lock!
[12:41:44] Player (Aaron, 76561199083883076)(<1132.763794, 345.573212, 9973.032227>) quick accessed a lock!
[12:41:54] Player (Aaron, 76561199083883076)(<1137.406128, 345.582153, 9980.600586>) quick accessed a lock!
[12:47:54] Player (hitch, 76561199174069079)(<3586.307373, 19.553514, 2172.341064>) quick accessed a lock!
[12:49:24] Player (hitch, 76561199174069079)(<3586.307373, 19.553514, 2172.341064>) quick accessed a lock!
[12:49:27] Player (hitch, 76561199174069079)(<3586.348877, 19.546085, 2175.481201>) quick accessed a lock!
[13:07:11] Player (DarthErrina, 76561199134542915)(<3586.307373, 19.553514, 2172.341064>) quick accessed a lock!
[13:07:29] Player (DarthErrina, 76561199134542915)(<3586.348877, 19.546085, 2175.481201>) quick accessed a lock!
[13:08:41] Player (iNSANE, 76561198167062860)(<3586.348877, 19.546085, 2175.481201>) accessed a lock!
[13:08:41] Player (iNSANE, 76561198167062860)(<3586.348877, 19.546085, 2175.481201>) was added as a guest of a lock!
[13:08:48] Player (iNSANE, 76561198167062860)(<3586.307373, 19.553514, 2172.341064>) accessed a lock!
[13:08:48] Player (iNSANE, 76561198167062860)(<3586.307373, 19.553514, 2172.341064>) was added as a guest of a lock!
[13:10:04] Player (SonJd, 76561198214438271)(<3586.307373, 19.553514, 2172.341064>) quick accessed a lock!
[13:10:10] Player (SonJd, 76561198214438271)(<3586.348877, 19.546085, 2175.481201>) quick accessed a lock!
[13:17:07] Player (hitch, 76561199174069079)(<3586.307373, 19.553514, 2172.341064>) quick accessed a lock!
[13:17:14] Player (hitch, 76561199174069079)(<3586.348877, 19.546085, 2175.481201>) quick accessed a lock!
[13:45:25] Player (SonJd, 76561198214438271)(<3586.348877, 19.546085, 2175.481201>) quick accessed a lock!
[13:48:18] Player (^DBD^ Maxo, 76561198148661627)(<1186.750732, 344.556030, 9985.829102>) quick accessed a lock!
[13:49:46] Player (^DBD^ Maxo, 76561198148661627)(<1186.750732, 344.556030, 9985.829102>) quick accessed a lock!
[13:49:55] Player (^DBD^ Maxo, 76561198148661627)(<1189.157593, 344.580933, 9985.374023>) quick accessed a lock!
[13:50:02] Player (^DBD^ Maxo, 76561198148661627)(<1188.573730, 345.459076, 9981.229492>) quick accessed a lock!
[13:50:25] Player (^DBD^ Maxo, 76561198148661627)(<1165.940674, 345.612946, 9990.236328>) quick accessed a lock!
[13:52:26] Player (iNSANE, 76561198167062860)(<3586.348877, 19.546085, 2175.481201>) quick accessed a lock!
[13:53:42] Player (^DBD^ Maxo, 76561198148661627)(<1165.940674, 345.612946, 9990.236328>) quick accessed a lock!
[13:53:50] Player (^DBD^ Maxo, 76561198148661627)(<1188.573730, 345.459076, 9981.229492>) quick accessed a lock!
[13:53:52] Player (^DBD^ Maxo, 76561198148661627)(<1189.157593, 344.580933, 9985.374023>) quick accessed a lock!
[13:53:58] Player (^DBD^ Maxo, 76561198148661627)(<1186.750732, 344.556030, 9985.829102>) quick accessed a lock!
[13:54:03] Player (^DBD^ Maxo, 76561198148661627)(<1184.751831, 344.556030, 9983.866211>) quick accessed a lock!
[13:54:11] Player (^DBD^ Maxo, 76561198148661627)(<1182.824463, 344.556030, 9978.469727>) quick accessed a lock!
[13:54:34] Player (^DBD^ Maxo, 76561198148661627)(<1181.235474, 344.556030, 9979.996094>) quick accessed a lock!
[13:55:41] Player (^DBD^ Maxo, 76561198148661627)(<1186.750732, 344.556030, 9985.829102>) quick accessed a lock!
[13:55:47] Player (^DBD^ Maxo, 76561198148661627)(<1184.751831, 344.556030, 9983.866211>) quick accessed a lock!
[13:57:15] Player (SonJd, 76561198214438271)(<3586.307373, 19.553514, 2172.341064>) quick accessed a lock!
[14:00:03] Player (^DBD^ Maxo, 76561198148661627)(<1184.751831, 344.556030, 9983.866211>) quick accessed a lock!
[14:00:16] Player (Aaron, 76561199083883076)(<1137.406128, 345.582153, 9980.600586>) quick accessed a lock!
[14:00:22] Player (Aaron, 76561199083883076)(<1132.763794, 345.573212, 9973.032227>) quick accessed a lock!
[14:00:28] Player (Aaron, 76561199083883076)(<1132.735107, 344.874054, 9969.252930>) quick accessed a lock!
[14:00:32] Player (^DBD^ Maxo, 76561198148661627)(<1186.750732, 344.556030, 9985.829102>) quick accessed a lock!
[14:00:33] Player (Aaron, 76561199083883076)(<1133.712769, 344.882324, 9966.475586>) quick accessed a lock!
[14:00:35] Player (^DBD^ Maxo, 76561198148661627)(<1189.157593, 344.580933, 9985.374023>) quick accessed a lock!
[14:00:37] Player (Aaron, 76561199083883076)(<1135.836792, 346.094452, 9966.250000>) quick accessed a lock!
[14:00:44] Player (Aaron, 76561199083883076)(<1136.275024, 344.882324, 9965.555664>) quick accessed a lock!
[14:00:59] Player (^DBD^ Maxo, 76561198148661627)(<1165.940674, 345.612946, 9990.236328>) quick accessed a lock!
[14:01:05] Player (^DBD^ Maxo, 76561198148661627)(<1166.893311, 345.748413, 9984.816406>) quick accessed a lock!
[14:01:23] Player (SonJd, 76561198214438271)(<3586.348877, 19.546085, 2175.481201>) quick accessed a lock!
[14:02:22] Player (DarthErrina, 76561199134542915)(<3586.307373, 19.553514, 2172.341064>) quick accessed a lock!
[14:02:57] Player (Aaron, 76561199083883076)(<1141.810303, 344.882324, 9962.911133>) quick accessed a lock!
[14:03:24] Player (hitch, 76561199174069079)(<3586.348877, 19.546085, 2175.481201>) quick accessed a lock!
[14:04:14] Player (Aaron, 76561199083883076)(<1135.836792, 346.094452, 9966.250000>) quick accessed a lock!
[14:04:38] Player (hitch, 76561199174069079)(<3586.348877, 19.546085, 2175.481201>) quick accessed a lock!
[14:07:37] Player (SonJd, 76561198214438271)(<3586.307373, 19.553514, 2172.341064>) quick accessed a lock!
[14:14:45] Player (hitch, 76561199174069079)(<3586.348877, 19.546085, 2175.481201>) quick accessed a lock!
[14:15:09] Player (hitch, 76561199174069079)(<3586.348877, 19.546085, 2175.481201>) quick accessed a lock!
[14:30:13] Player (SonJd, 76561198214438271)(<3586.348877, 19.546085, 2175.481201>) quick accessed a lock!
[14:31:03] Player (DarthErrina, 76561199134542915)(<3586.307373, 19.553514, 2172.341064>) quick accessed a lock!
[14:31:56] Player (DarthErrina, 76561199134542915)(<3586.348877, 19.546085, 2175.481201>) quick accessed a lock!
[14:34:50] Player (DarthErrina, 76561199134542915)(<3586.307373, 19.553514, 2172.341064>) quick accessed a lock!
[14:34:58] Player (DarthErrina, 76561199134542915)(<3586.307373, 19.553514, 2172.341064>) quick accessed a lock!
[14:35:00] Player (DarthErrina, 76561199134542915)(<3586.348877, 19.546085, 2175.481201>) quick accessed a lock!
[14:35:34] Player (DarthErrina, 76561199134542915)(<3586.307373, 19.553514, 2172.341064>) quick accessed a lock!
[14:35:57] Player (DarthErrina, 76561199134542915)(<3586.307373, 19.553514, 2172.341064>) quick accessed a lock!
[14:37:25] Player (SonJd, 76561198214438271)(<3586.307373, 19.553514, 2172.341064>) quick accessed a lock!
[14:48:56] Player (SonJd, 76561198214438271)(<3586.348877, 19.546085, 2175.481201>) quick accessed a lock!
[14:51:26] Player (SonJd, 76561198214438271)(<3586.307373, 19.553514, 2172.341064>) quick accessed a lock!
[14:54:23] Player (SonJd, 76561198214438271)(<3586.307373, 19.553514, 2172.341064>) quick accessed a lock!
[15:06:18] Player (DarthErrina, 76561199134542915)(<3586.307373, 19.553514, 2172.341064>) quick accessed a lock!
[15:07:19] Player (DarthErrina, 76561199134542915)(<3586.307373, 19.553514, 2172.341064>) quick accessed a lock!
[15:18:29] Player (SonJd, 76561198214438271)(<3586.307373, 19.553514, 2172.341064>) quick accessed a lock!
[09-04-2021][15.20.31] Log file reloaded ( Server Restart )
[15:31:19] Player (iNSANE, 76561198167062860)(<3586.348877, 19.546085, 2175.481201>) quick accessed a lock!
[15:35:00] Player (iNSANE, 76561198167062860)(<3586.307373, 19.553514, 2172.341064>) quick accessed a lock!
[15:35:13] Player (iNSANE, 76561198167062860)(<3586.307373, 19.553514, 2172.341064>) quick accessed a lock!
[15:35:18] Player (iNSANE, 76561198167062860)(<3586.348877, 19.546085, 2175.481201>) quick accessed a lock!
[15:50:04] Player (DarthErrina, 76561199134542915)(<3586.307373, 19.553514, 2172.341064>) quick accessed a lock!
[15:50:13] Player (DarthErrina, 76561199134542915)(<3586.307373, 19.553514, 2172.341064>) quick accessed a lock!
[15:50:23] Player (hitch, 76561199174069079)(<3586.307373, 19.553514, 2172.341064>) quick accessed a lock!
[15:52:43] Player (SonJd, 76561198214438271)(<3586.307373, 19.553514, 2172.341064>) quick accessed a lock!
[15:53:33] Player (HAUNTxURxDREAMS, 76561199166899329)(<3586.348877, 19.546085, 2175.481201>) accessed a lock!
[15:53:33] Player (HAUNTxURxDREAMS, 76561199166899329)(<3586.348877, 19.546085, 2175.481201>) was added as a guest of a lock!
[15:54:17] Player (HAUNTxURxDREAMS, 76561199166899329)(<3586.307373, 19.553514, 2172.341064>) accessed a lock!
[15:54:17] Player (HAUNTxURxDREAMS, 76561199166899329)(<3586.307373, 19.553514, 2172.341064>) was added as a guest of a lock!
[15:55:49] Player (SonJd, 76561198214438271)(<3586.282715, 7.637123, 2183.565918>) set a new passcode on lock!
[15:55:49] Player (SonJd, 76561198214438271)(<3586.282715, 7.637123, 2183.565918>) claimed ownership of a lock!
[15:56:47] Player (HAUNTxURxDREAMS, 76561199166899329)(<3586.282715, 7.637123, 2183.565918>) accessed a lock!
[15:56:47] Player (HAUNTxURxDREAMS, 76561199166899329)(<3586.282715, 7.637123, 2183.565918>) was added as a guest of a lock!
[15:57:52] Player (iNSANE, 76561198167062860)(<3586.307373, 19.553514, 2172.341064>) quick accessed a lock!
[15:57:55] Player (iNSANE, 76561198167062860)(<3586.348877, 19.546085, 2175.481201>) quick accessed a lock!
[15:58:05] Player (iNSANE, 76561198167062860)(<3586.348877, 19.546085, 2175.481201>) quick accessed a lock!
[15:58:08] Player (HAUNTxURxDREAMS, 76561199166899329)(<3586.307373, 19.553514, 2172.341064>) quick accessed a lock!
[15:58:12] Player (DarthErrina, 76561199134542915)(<3586.282715, 7.637123, 2183.565918>) accessed a lock!
[15:58:12] Player (DarthErrina, 76561199134542915)(<3586.282715, 7.637123, 2183.565918>) was added as a guest of a lock!
[15:58:24] Player (DarthErrina, 76561199134542915)(<3586.282715, 7.637123, 2183.565918>) quick accessed a lock!
[15:58:24] Player (HAUNTxURxDREAMS, 76561199166899329)(<3586.307373, 19.553514, 2172.341064>) quick accessed a lock!
[15:58:50] Player (SonJd, 76561198214438271)(<3586.348877, 19.546085, 2175.481201>) quick accessed a lock!
[16:03:26] Player (DarthErrina, 76561199134542915)(<3586.282715, 7.637123, 2183.565918>) quick accessed a lock!
[16:05:26] Player (DarthErrina, 76561199134542915)(<3586.282715, 7.637123, 2183.565918>) quick accessed a lock!
[16:06:54] Player (iNSANE, 76561198167062860)(<3586.307373, 19.553514, 2172.341064>) quick accessed a lock!
[16:07:03] Player (iNSANE, 76561198167062860)(<3586.348877, 19.546085, 2175.481201>) quick accessed a lock!
[16:08:00] Player (iNSANE, 76561198167062860)(<3586.307373, 19.553514, 2172.341064>) quick accessed a lock!
[16:12:02] Player (iNSANE, 76561198167062860)(<3586.307373, 19.553514, 2172.341064>) quick accessed a lock!
[16:12:13] Player (SonJd, 76561198214438271)(<3586.348877, 19.546085, 2175.481201>) quick accessed a lock!
[16:12:50] Player (^DBD^ Maxo, 76561198148661627)(<1163.191528, 345.489899, 9971.607422>) quick accessed a lock!
[16:12:58] Player (^DBD^ Maxo, 76561198148661627)(<1188.573730, 345.459076, 9981.229492>) quick accessed a lock!
[16:13:04] Player (^DBD^ Maxo, 76561198148661627)(<1189.157593, 344.580933, 9985.374023>) quick accessed a lock!
[16:13:48] Player (DarthErrina, 76561199134542915)(<3586.282715, 7.637123, 2183.565918>) quick accessed a lock!
[16:13:53] Player (Aaron, 76561199083883076)(<1137.406128, 345.582153, 9980.600586>) quick accessed a lock!
[16:13:59] Player (Aaron, 76561199083883076)(<1132.763794, 345.573212, 9973.032227>) quick accessed a lock!
[16:14:11] Player (Aaron, 76561199083883076)(<1132.735107, 344.874054, 9969.252930>) quick accessed a lock!
[16:14:12] Player (iNSANE, 76561198167062860)(<3586.307373, 19.553514, 2172.341064>) quick accessed a lock!
[16:14:17] Player (Aaron, 76561199083883076)(<1133.712769, 344.882324, 9966.475586>) quick accessed a lock!
[16:20:05] Player (SonJd, 76561198214438271)(<3586.307373, 19.553514, 2172.341064>) quick accessed a lock!
[16:20:08] Player (SonJd, 76561198214438271)(<3586.348877, 19.546085, 2175.481201>) quick accessed a lock!
[16:20:14] Player (SonJd, 76561198214438271)(<3586.348877, 19.546085, 2175.481201>) quick accessed a lock!
[16:27:44] Player (KillSwitch68, 76561198041952552)(<3586.307373, 19.553514, 2172.341064>) accessed a lock!
[16:27:44] Player (KillSwitch68, 76561198041952552)(<3586.307373, 19.553514, 2172.341064>) was added as a guest of a lock!
[16:27:53] Player (KillSwitch68, 76561198041952552)(<3586.348877, 19.546085, 2175.481201>) accessed a lock!
[16:27:53] Player (KillSwitch68, 76561198041952552)(<3586.348877, 19.546085, 2175.481201>) was added as a guest of a lock!
[16:31:01] Player (DarthErrina, 76561199134542915)(<3586.307373, 19.553514, 2172.341064>) quick accessed a lock!
[16:32:33] Player (SonJd, 76561198214438271)(<3586.348877, 19.546085, 2175.481201>) quick accessed a lock!
[16:33:27] Player (iNSANE, 76561198167062860)(<3586.348877, 19.546085, 2175.481201>) quick accessed a lock!
[16:34:39] Player (SonJd, 76561198214438271)(<3586.282715, 7.637123, 2183.565918>) quick accessed a lock!
[17:26:02] Player (iNSANE, 76561198167062860)(<3586.282715, 7.637123, 2183.565918>) accessed a lock!
[17:26:02] Player (iNSANE, 76561198167062860)(<3586.282715, 7.637123, 2183.565918>) was added as a guest of a lock!
[17:34:27] Player (iNSANE, 76561198167062860)(<3586.282715, 7.637123, 2183.565918>) quick accessed a lock!
[18:10:49] Player (HAUNTxURxDREAMS, 76561199166899329)(<3586.307373, 19.553514, 2172.341064>) quick accessed a lock!
[18:10:52] Player (HAUNTxURxDREAMS, 76561199166899329)(<3586.348877, 19.546085, 2175.481201>) quick accessed a lock!
[18:11:08] Player (HAUNTxURxDREAMS, 76561199166899329)(<3586.348877, 19.546085, 2175.481201>) quick accessed a lock!
[18:11:12] Player (HAUNTxURxDREAMS, 76561199166899329)(<3586.348877, 19.546085, 2175.481201>) quick accessed a lock!
[18:11:31] Player (HAUNTxURxDREAMS, 76561199166899329)(<3586.282715, 7.637123, 2183.565918>) quick accessed a lock!
[18:18:55] Player (DarthErrina, 76561199134542915)(<3586.348877, 19.546085, 2175.481201>) quick accessed a lock!
[18:21:39] Player (HAUNTxURxDREAMS, 76561199166899329)(<3586.282715, 7.637123, 2183.565918>) quick accessed a lock!
[18:21:55] Player (hitch, 76561199174069079)(<3586.307373, 19.553514, 2172.341064>) quick accessed a lock!
[18:21:59] Player (hitch, 76561199174069079)(<3586.348877, 19.546085, 2175.481201>) quick accessed a lock!
[18:22:17] Player (hitch, 76561199174069079)(<3586.348877, 19.546085, 2175.481201>) quick accessed a lock!
[18:24:39] Player (HAUNTxURxDREAMS, 76561199166899329)(<3586.307373, 19.553514, 2172.341064>) quick accessed a lock!
[18:24:40] Player (HAUNTxURxDREAMS, 76561199166899329)(<3586.307373, 19.553514, 2172.341064>) quick accessed a lock!
[18:24:51] Player (hitch, 76561199174069079)(<3586.282715, 7.637123, 2183.565918>) accessed a lock!
[18:24:51] Player (hitch, 76561199174069079)(<3586.282715, 7.637123, 2183.565918>) was added as a guest of a lock!
[18:27:04] Player (HAUNTxURxDREAMS, 76561199166899329)(<3586.348877, 19.546085, 2175.481201>) quick accessed a lock!
[18:28:44] Player (HAUNTxURxDREAMS, 76561199166899329)(<3586.282715, 7.637123, 2183.565918>) quick accessed a lock!
[18:31:39] Player (DarthErrina, 76561199134542915)(<3586.307373, 19.553514, 2172.341064>) quick accessed a lock!
[18:31:47] Player (DarthErrina, 76561199134542915)(<3586.307373, 19.553514, 2172.341064>) quick accessed a lock!
[18:40:13] Player (hitch, 76561199174069079)(<3586.282715, 7.637123, 2183.565918>) quick accessed a lock!
[18:40:47] Player (hitch, 76561199174069079)(<3586.307373, 19.553514, 2172.341064>) quick accessed a lock!
[18:42:14] Player (DarthErrina, 76561199134542915)(<3586.307373, 19.553514, 2172.341064>) quick accessed a lock!
[18:47:25] Player (HAUNTxURxDREAMS, 76561199166899329)(<3586.282715, 7.637123, 2183.565918>) quick accessed a lock!
[18:48:03] Player (hitch, 76561199174069079)(<3586.307373, 19.553514, 2172.341064>) quick accessed a lock!
[18:48:16] Player (SonJd, 76561198214438271)(<3586.282715, 7.637123, 2183.565918>) quick accessed a lock!
[18:48:56] Player (DarthErrina, 76561199134542915)(<3586.282715, 7.637123, 2183.565918>) quick accessed a lock!
[18:51:05] Player (SonJd, 76561198214438271)(<3586.348877, 19.546085, 2175.481201>) quick accessed a lock!
[18:53:15] Player (SonJd, 76561198214438271)(<3586.307373, 19.553514, 2172.341064>) quick accessed a lock!
[18:56:08] Player (SonJd, 76561198214438271)(<3586.282715, 7.637123, 2183.565918>) quick accessed a lock!
[18:58:00] Player (DarthErrina, 76561199134542915)(<3586.282715, 7.637123, 2183.565918>) quick accessed a lock!
[18:59:45] Player (DarthErrina, 76561199134542915)(<3586.282715, 7.637123, 2183.565918>) quick accessed a lock!
[19:18:27] Player (DarthErrina, 76561199134542915)(<3586.282715, 7.637123, 2183.565918>) quick accessed a lock!
[09-04-2021][19.22.26] Log file reloaded ( Server Restart )
[19:25:00] Player (DarthErrina, 76561199134542915)(<3586.307373, 19.553514, 2172.341064>) quick accessed a lock!
[19:52:44] Player (DarthErrina, 76561199134542915)(<3586.307373, 19.553514, 2172.341064>) quick accessed a lock!
[19:52:48] Player (DarthErrina, 76561199134542915)(<3586.348877, 19.546085, 2175.481201>) quick accessed a lock!
[19:53:50] Player (DarthErrina, 76561199134542915)(<3586.282715, 7.637123, 2183.565918>) quick accessed a lock!
[20:04:08] Player (iNSANE, 76561198167062860)(<3586.282715, 7.637123, 2183.565918>) quick accessed a lock!
[20:04:18] Player (SonJd, 76561198214438271)(<3586.282715, 7.637123, 2183.565918>) quick accessed a lock!
[20:04:26] Player (HAUNTxURxDREAMS, 76561199166899329)(<3586.282715, 7.637123, 2183.565918>) quick accessed a lock!
[20:04:35] Player (HAUNTxURxDREAMS, 76561199166899329)(<3586.282715, 7.637123, 2183.565918>) quick accessed a lock!
[20:04:53] Player (DarthErrina, 76561199134542915)(<3586.282715, 7.637123, 2183.565918>) quick accessed a lock!
[20:05:13] Player (DarthErrina, 76561199134542915)(<3586.282715, 7.637123, 2183.565918>) quick accessed a lock!
[20:05:40] Player (HAUNTxURxDREAMS, 76561199166899329)(<3586.282715, 7.637123, 2183.565918>) quick accessed a lock!
[20:06:48] Player (SonJd, 76561198214438271)(<3586.307373, 19.553514, 2172.341064>) quick accessed a lock!
[20:10:03] Player (SonJd, 76561198214438271)(<3586.282715, 7.637123, 2183.565918>) quick accessed a lock!
[20:10:43] Player (SonJd, 76561198214438271)(<3586.282715, 7.637123, 2183.565918>) quick accessed a lock!
[20:10:47] Player (DarthErrina, 76561199134542915)(<3586.282715, 7.637123, 2183.565918>) quick accessed a lock!
[20:11:19] Player (SonJd, 76561198214438271)(<3586.282715, 7.637123, 2183.565918>) quick accessed a lock!
[20:12:44] Player (PussinaBush, 76561198086263481)(<13310.330078, 70.417130, 12134.539063>) quick accessed a lock!
[20:13:05] Player (PussinaBush, 76561198086263481)(<13294.407227, 77.518242, 12135.506836>) quick accessed a lock!
[20:13:39] Player (PussinaBush, 76561198086263481)(<13294.407227, 77.518242, 12135.506836>) quick accessed a lock!
[20:13:59] Player (PussinaBush, 76561198086263481)(<13310.330078, 70.417130, 12134.539063>) quick accessed a lock!
[20:15:09] Player (PussinaBush, 76561198086263481)(<13310.330078, 70.417130, 12134.539063>) quick accessed a lock!
[20:15:14] Player (PussinaBush, 76561198086263481)(<13301.398438, 70.431358, 12140.553711>) quick accessed a lock!
[20:15:21] Player (PussinaBush, 76561198086263481)(<13301.398438, 70.431358, 12140.553711>) quick accessed a lock!
[20:15:38] Player (PussinaBush, 76561198086263481)(<13310.330078, 70.417130, 12134.539063>) quick accessed a lock!
[20:15:47] Player (PussinaBush, 76561198086263481)(<13309.554688, 71.606522, 12124.805664>) quick accessed a lock!
[20:15:51] Player (PussinaBush, 76561198086263481)(<13295.887695, 71.638863, 12122.681641>) quick accessed a lock!
[20:16:52] Player (SonJd, 76561198214438271)(<3595.760010, 7.810638, 2160.139648>) set a new passcode on lock!
[20:16:52] Player (SonJd, 76561198214438271)(<3595.760010, 7.810638, 2160.139648>) claimed ownership of a lock!
[20:17:25] Player (PussinaBush, 76561198086263481)(<13298.168945, 69.805489, 12103.271484>) quick accessed a lock!
[20:17:31] Player (PussinaBush, 76561198086263481)(<13299.072266, 69.803490, 12099.144531>) quick accessed a lock!
[20:25:11] Player (SonJd, 76561198214438271)(<3595.760010, 7.810638, 2160.139648>) quick accessed a lock!
[20:29:35] Player (SonJd, 76561198214438271)(<3586.282715, 7.637123, 2183.565918>) quick accessed a lock!
[20:42:01] Player (SonJd, 76561198214438271)(<3586.307373, 19.553514, 2172.341064>) quick accessed a lock!
[20:42:05] Player (SonJd, 76561198214438271)(<3586.348877, 19.546085, 2175.481201>) quick accessed a lock!
[20:45:05] Player (SonJd, 76561198214438271)(<3586.282715, 7.637123, 2183.565918>) quick accessed a lock!
[20:46:01] Player (SonJd, 76561198214438271)(<3586.307373, 19.553514, 2172.341064>) quick accessed a lock!
[20:46:51] Player (SonJd, 76561198214438271)(<3586.307373, 19.553514, 2172.341064>) quick accessed a lock!
[20:47:45] Player (SonJd, 76561198214438271)(<3586.282715, 7.637123, 2183.565918>) quick accessed a lock!
[20:47:48] Player (SonJd, 76561198214438271)(<3586.282715, 7.637123, 2183.565918>) quick accessed a lock!
[20:48:53] Player (SonJd, 76561198214438271)(<3586.282715, 7.637123, 2183.565918>) quick accessed a lock!
[20:49:01] Player (hitch, 76561199174069079)(<3586.282715, 7.637123, 2183.565918>) quick accessed a lock!
[20:49:30] Player (DarthErrina, 76561199134542915)(<3586.307373, 19.553514, 2172.341064>) quick accessed a lock!
[20:52:31] Player (hitch, 76561199174069079)(<3586.307373, 19.553514, 2172.341064>) quick accessed a lock!
[20:52:41] Player (hitch, 76561199174069079)(<3586.348877, 19.546085, 2175.481201>) quick accessed a lock!
[21:07:04] Player (hitch, 76561199174069079)(<3586.282715, 7.637123, 2183.565918>) quick accessed a lock!
[21:07:23] Player (SonJd, 76561198214438271)(<3585.886719, 7.637123, 2178.851807>) set a new passcode on lock!
[21:07:23] Player (SonJd, 76561198214438271)(<3585.886719, 7.637123, 2178.851807>) claimed ownership of a lock!
[21:08:45] Player (hitch, 76561199174069079)(<3595.760010, 7.810638, 2160.139648>) accessed a lock!
[21:08:45] Player (hitch, 76561199174069079)(<3595.760010, 7.810638, 2160.139648>) was added as a guest of a lock!
[21:09:30] Player (KillSwitch68, 76561198041952552)(<3585.886719, 7.637123, 2178.851807>) accessed a lock!
[21:09:30] Player (KillSwitch68, 76561198041952552)(<3585.886719, 7.637123, 2178.851807>) was added as a guest of a lock!
[21:09:45] Player (KillSwitch68, 76561198041952552)(<3586.282715, 7.637123, 2183.565918>) accessed a lock!
[21:09:45] Player (KillSwitch68, 76561198041952552)(<3586.282715, 7.637123, 2183.565918>) was added as a guest of a lock!
[21:10:33] Player (hitch, 76561199174069079)(<3595.760010, 7.810638, 2160.139648>) quick accessed a lock!
[21:10:41] Player (HAUNTxURxDREAMS, 76561199166899329)(<3585.886719, 7.637123, 2178.851807>) accessed a lock!
[21:10:41] Player (HAUNTxURxDREAMS, 76561199166899329)(<3585.886719, 7.637123, 2178.851807>) was added as a guest of a lock!
[21:10:49] Player (hitch, 76561199174069079)(<3586.282715, 7.637123, 2183.565918>) quick accessed a lock!
[21:10:58] Player (KillSwitch68, 76561198041952552)(<3585.886719, 7.637123, 2178.851807>) quick accessed a lock!
[21:11:10] Player (HAUNTxURxDREAMS, 76561199166899329)(<3585.886719, 7.637123, 2178.851807>) quick accessed a lock!
[21:11:15] Player (KillSwitch68, 76561198041952552)(<3585.886719, 7.637123, 2178.851807>) quick accessed a lock!
[21:11:19] Player (HAUNTxURxDREAMS, 76561199166899329)(<3586.282715, 7.637123, 2183.565918>) quick accessed a lock!
[21:11:24] Player (hitch, 76561199174069079)(<3586.282715, 7.637123, 2183.565918>) quick accessed a lock!
[21:11:26] Player (SonJd, 76561198214438271)(<3585.886719, 7.637123, 2178.851807>) quick accessed a lock!
[21:16:38] Player (hitch, 76561199174069079)(<3586.307373, 19.553514, 2172.341064>) quick accessed a lock!
[21:16:40] Player (SonJd, 76561198214438271)(<3576.950439, 7.637123, 2175.840332>) set a new passcode on lock!
[21:16:40] Player (SonJd, 76561198214438271)(<3576.950439, 7.637123, 2175.840332>) claimed ownership of a lock!
[21:16:42] Player (SonJd, 76561198214438271)(<3576.950439, 7.637123, 2175.840332>) quick accessed a lock!
[21:19:00] Player (hitch, 76561199174069079)(<3586.348877, 19.546085, 2175.481201>) quick accessed a lock!
[21:20:36] Player (DarthErrina, 76561199134542915)(<3585.886719, 7.637123, 2178.851807>) accessed a lock!
[21:20:36] Player (DarthErrina, 76561199134542915)(<3585.886719, 7.637123, 2178.851807>) was added as a guest of a lock!
[21:20:44] Player (DarthErrina, 76561199134542915)(<3586.282715, 7.637123, 2183.565918>) quick accessed a lock!
[21:20:55] Player (hitch, 76561199174069079)(<3576.950439, 7.637123, 2175.840332>) accessed a lock!
[21:20:55] Player (hitch, 76561199174069079)(<3576.950439, 7.637123, 2175.840332>) was added as a guest of a lock!
[21:21:22] Player (SonJd, 76561198214438271)(<3576.950439, 7.637123, 2175.840332>) quick accessed a lock!
[21:21:37] Player (SonJd, 76561198214438271)(<3576.950439, 7.637123, 2175.840332>) quick accessed a lock!
[21:21:48] Player (SonJd, 76561198214438271)(<3576.950439, 7.637123, 2175.840332>) quick accessed a lock!
[21:21:53] Player (SonJd, 76561198214438271)(<3585.886719, 7.637123, 2178.851807>) quick accessed a lock!
[21:21:58] Player (SonJd, 76561198214438271)(<3586.282715, 7.637123, 2183.565918>) quick accessed a lock!
[21:22:45] Player (SonJd, 76561198214438271)(<3595.760010, 7.810638, 2160.139648>) quick accessed a lock!
[21:24:21] Player (hitch, 76561199174069079)(<3586.348877, 19.546085, 2175.481201>) quick accessed a lock!
[21:25:20] Player (SonJd, 76561198214438271)(<3595.760010, 7.810638, 2160.139648>) quick accessed a lock!
[21:25:23] Player (DarthErrina, 76561199134542915)(<3586.282715, 7.637123, 2183.565918>) quick accessed a lock!
[21:25:33] Player (SonJd, 76561198214438271)(<3586.282715, 7.637123, 2183.565918>) quick accessed a lock!
[21:25:33] Player (DarthErrina, 76561199134542915)(<3585.886719, 7.637123, 2178.851807>) quick accessed a lock!
[21:26:16] Player (hitch, 76561199174069079)(<3576.950439, 7.637123, 2175.840332>) quick accessed a lock!
[21:28:40] Player (hitch, 76561199174069079)(<3586.348877, 19.546085, 2175.481201>) quick accessed a lock!
[21:28:57] Player (SonJd, 76561198214438271)(<3576.950439, 7.637123, 2175.840332>) quick accessed a lock!
[21:29:24] Player (SonJd, 76561198214438271)(<3576.950439, 7.637123, 2175.840332>) quick accessed a lock!
[21:29:47] Player (hitch, 76561199174069079)(<3576.950439, 7.637123, 2175.840332>) quick accessed a lock!
[21:30:04] Player (hitch, 76561199174069079)(<3585.886719, 7.637123, 2178.851807>) accessed a lock!
[21:30:04] Player (hitch, 76561199174069079)(<3585.886719, 7.637123, 2178.851807>) was added as a guest of a lock!
[21:30:11] Player (hitch, 76561199174069079)(<3586.282715, 7.637123, 2183.565918>) quick accessed a lock!
[21:30:58] Player (hitch, 76561199174069079)(<3586.282715, 7.637123, 2183.565918>) quick accessed a lock!
[21:31:05] Player (hitch, 76561199174069079)(<3585.886719, 7.637123, 2178.851807>) quick accessed a lock!
[21:31:08] Player (SonJd, 76561198214438271)(<3576.950439, 7.637123, 2175.840332>) quick accessed a lock!
[21:31:12] Player (SonJd, 76561198214438271)(<3576.950439, 7.637123, 2175.840332>) quick accessed a lock!
[21:31:15] Player (SonJd, 76561198214438271)(<3576.950439, 7.637123, 2175.840332>) quick accessed a lock!
[21:31:27] Player (hitch, 76561199174069079)(<3585.886719, 7.637123, 2178.851807>) quick accessed a lock!
[21:31:32] Player (hitch, 76561199174069079)(<3586.282715, 7.637123, 2183.565918>) quick accessed a lock!
[21:31:48] Player (hitch, 76561199174069079)(<3595.760010, 7.810638, 2160.139648>) quick accessed a lock!
[21:33:13] Player (hitch, 76561199174069079)(<3595.760010, 7.810638, 2160.139648>) quick accessed a lock!
[21:33:25] Player (hitch, 76561199174069079)(<3586.282715, 7.637123, 2183.565918>) quick accessed a lock!
[21:33:30] Player (hitch, 76561199174069079)(<3585.886719, 7.637123, 2178.851807>) quick accessed a lock!
[21:35:09] Player (iNSANE, 76561198167062860)(<3585.886719, 7.637123, 2178.851807>) accessed a lock!
[21:35:09] Player (iNSANE, 76561198167062860)(<3585.886719, 7.637123, 2178.851807>) was added as a guest of a lock!
[21:39:10] Player (SonJd, 76561198214438271)(<3581.361572, 19.823298, 2170.142090>) set a new passcode on lock!
[21:39:10] Player (SonJd, 76561198214438271)(<3581.361572, 19.823298, 2170.142090>) claimed ownership of a lock!
[21:39:21] Player (iNSANE, 76561198167062860)(<3581.361572, 19.823298, 2170.142090>) accessed a lock!
[21:39:21] Player (iNSANE, 76561198167062860)(<3581.361572, 19.823298, 2170.142090>) was added as a guest of a lock!
[21:40:25] Player (SonJd, 76561198214438271)(<3576.950439, 7.637123, 2175.840332>) quick accessed a lock!
[21:40:44] Player (HAUNTxURxDREAMS, 76561199166899329)(<3586.282715, 7.637123, 2183.565918>) quick accessed a lock!
[21:40:50] Player (HAUNTxURxDREAMS, 76561199166899329)(<3585.886719, 7.637123, 2178.851807>) quick accessed a lock!
[21:41:05] Player (HAUNTxURxDREAMS, 76561199166899329)(<3576.950439, 7.637123, 2175.840332>) accessed a lock!
[21:41:05] Player (HAUNTxURxDREAMS, 76561199166899329)(<3576.950439, 7.637123, 2175.840332>) was added as a guest of a lock!
[21:41:49] Player (hitch, 76561199174069079)(<3585.886719, 7.637123, 2178.851807>) quick accessed a lock!
[21:41:54] Player (hitch, 76561199174069079)(<3586.282715, 7.637123, 2183.565918>) quick accessed a lock!
[21:42:54] Player (hitch, 76561199174069079)(<3586.282715, 7.637123, 2183.565918>) quick accessed a lock!
[21:42:59] Player (hitch, 76561199174069079)(<3585.886719, 7.637123, 2178.851807>) quick accessed a lock!
[21:46:23] Player (DarthErrina, 76561199134542915)(<3585.886719, 7.637123, 2178.851807>) quick accessed a lock!
[21:46:33] Player (DarthErrina, 76561199134542915)(<3586.282715, 7.637123, 2183.565918>) quick accessed a lock!
[21:46:46] Player (HAUNTxURxDREAMS, 76561199166899329)(<3576.950439, 7.637123, 2175.840332>) quick accessed a lock!
[21:46:53] Player (HAUNTxURxDREAMS, 76561199166899329)(<3585.886719, 7.637123, 2178.851807>) quick accessed a lock!
[21:46:58] Player (HAUNTxURxDREAMS, 76561199166899329)(<3586.282715, 7.637123, 2183.565918>) quick accessed a lock!
[21:47:34] Player (hitch, 76561199174069079)(<3576.950439, 7.637123, 2175.840332>) quick accessed a lock!
[21:47:41] Player (hitch, 76561199174069079)(<3585.886719, 7.637123, 2178.851807>) quick accessed a lock!
[21:47:46] Player (hitch, 76561199174069079)(<3586.282715, 7.637123, 2183.565918>) quick accessed a lock!
[21:48:52] Player (SonJd, 76561198214438271)(<3576.950439, 7.637123, 2175.840332>) quick accessed a lock!
[21:49:16] Player (HAUNTxURxDREAMS, 76561199166899329)(<3586.282715, 7.637123, 2183.565918>) quick accessed a lock!
[21:49:21] Player (HAUNTxURxDREAMS, 76561199166899329)(<3585.886719, 7.637123, 2178.851807>) quick accessed a lock!
[21:49:47] Player (HAUNTxURxDREAMS, 76561199166899329)(<3585.886719, 7.637123, 2178.851807>) quick accessed a lock!
[21:50:19] Player (HAUNTxURxDREAMS, 76561199166899329)(<3586.282715, 7.637123, 2183.565918>) quick accessed a lock!
[21:50:32] Player (HAUNTxURxDREAMS, 76561199166899329)(<3586.282715, 7.637123, 2183.565918>) quick accessed a lock!
[21:50:35] Player (HAUNTxURxDREAMS, 76561199166899329)(<3585.886719, 7.637123, 2178.851807>) quick accessed a lock!
[21:50:53] Player (HAUNTxURxDREAMS, 76561199166899329)(<3585.886719, 7.637123, 2178.851807>) quick accessed a lock!
[21:51:06] Player (HAUNTxURxDREAMS, 76561199166899329)(<3586.282715, 7.637123, 2183.565918>) quick accessed a lock!
[21:55:16] Player (Goose, 76561199097533731)(<8255.826172, 354.203552, 6981.772949>) quick accessed a lock!
[21:56:09] Player (Goose, 76561199097533731)(<8255.826172, 354.203552, 6981.772949>) quick accessed a lock!
[21:56:12] Player (DarthErrina, 76561199134542915)(<3586.282715, 7.637123, 2183.565918>) quick accessed a lock!
[21:56:23] Player (DarthErrina, 76561199134542915)(<3585.886719, 7.637123, 2178.851807>) quick accessed a lock!
[21:56:26] Player (SonJd, 76561198214438271)(<3576.950439, 7.637123, 2175.840332>) quick accessed a lock!
[21:57:28] Player (DarthErrina, 76561199134542915)(<3576.950439, 7.637123, 2175.840332>) accessed a lock!
[21:57:28] Player (DarthErrina, 76561199134542915)(<3576.950439, 7.637123, 2175.840332>) was added as a guest of a lock!
[21:57:39] Player (DarthErrina, 76561199134542915)(<3576.950439, 7.637123, 2175.840332>) quick accessed a lock!
[21:57:50] Player (DarthErrina, 76561199134542915)(<3586.282715, 7.637123, 2183.565918>) quick accessed a lock!
[21:57:53] Player (DarthErrina, 76561199134542915)(<3586.282715, 7.637123, 2183.565918>) quick accessed a lock!
[21:58:11] Player (Goose, 76561199097533731)(<8255.826172, 354.203552, 6981.772949>) quick accessed a lock!
[22:00:11] Player (HAUNTxURxDREAMS, 76561199166899329)(<3586.282715, 7.637123, 2183.565918>) quick accessed a lock!
[22:00:15] Player (SonJd, 76561198214438271)(<3576.950439, 7.637123, 2175.840332>) quick accessed a lock!
[22:00:22] Player (HAUNTxURxDREAMS, 76561199166899329)(<3576.950439, 7.637123, 2175.840332>) quick accessed a lock!
[22:01:06] Player (HAUNTxURxDREAMS, 76561199166899329)(<3576.950439, 7.637123, 2175.840332>) quick accessed a lock!
[22:01:10] Player (iNSANE, 76561198167062860)(<3581.361572, 19.823298, 2170.142090>) quick accessed a lock!
[22:02:21] Player (iNSANE, 76561198167062860)(<3581.361572, 19.823298, 2170.142090>) quick accessed a lock!
[22:03:31] Player (iNSANE, 76561198167062860)(<3576.950439, 7.637123, 2175.840332>) accessed a lock!
[22:03:31] Player (iNSANE, 76561198167062860)(<3576.950439, 7.637123, 2175.840332>) was added as a guest of a lock!
[22:03:45] Player (iNSANE, 76561198167062860)(<3576.950439, 7.637123, 2175.840332>) quick accessed a lock!
[22:03:51] Player (iNSANE, 76561198167062860)(<3576.950439, 7.637123, 2175.840332>) quick accessed a lock!
[22:03:55] Player (iNSANE, 76561198167062860)(<3585.886719, 7.637123, 2178.851807>) quick accessed a lock!
[22:04:00] Player (iNSANE, 76561198167062860)(<3586.282715, 7.637123, 2183.565918>) quick accessed a lock!
[22:04:02] Player (SonJd, 76561198214438271)(<3576.950439, 7.637123, 2175.840332>) quick accessed a lock!
[22:04:29] Player (HAUNTxURxDREAMS, 76561199166899329)(<3576.950439, 7.637123, 2175.840332>) quick accessed a lock!
[22:04:35] Player (HAUNTxURxDREAMS, 76561199166899329)(<3585.886719, 7.637123, 2178.851807>) quick accessed a lock!
[22:04:41] Player (HAUNTxURxDREAMS, 76561199166899329)(<3586.282715, 7.637123, 2183.565918>) quick accessed a lock!
[22:05:34] Player (DarthErrina, 76561199134542915)(<3586.282715, 7.637123, 2183.565918>) quick accessed a lock!
[22:05:43] Player (DarthErrina, 76561199134542915)(<3585.886719, 7.637123, 2178.851807>) quick accessed a lock!
[22:05:55] Player (DarthErrina, 76561199134542915)(<3576.950439, 7.637123, 2175.840332>) quick accessed a lock!
[22:06:37] Player (SonJd, 76561198214438271)(<3592.689697, 7.637123, 2175.771973>) set a new passcode on lock!
[22:06:37] Player (SonJd, 76561198214438271)(<3592.689697, 7.637123, 2175.771973>) claimed ownership of a lock!
[22:07:37] Player (SonJd, 76561198214438271)(<3592.689697, 7.637123, 2175.771973>) quick accessed a lock!
[22:09:05] Player (Goose, 76561199097533731)(<8255.826172, 354.203552, 6981.772949>) quick accessed a lock!
[22:10:20] Player (DarthErrina, 76561199134542915)(<3576.950439, 7.637123, 2175.840332>) quick accessed a lock!
[22:10:22] Player (DarthErrina, 76561199134542915)(<3576.950439, 7.637123, 2175.840332>) quick accessed a lock!
[22:10:28] Player (DarthErrina, 76561199134542915)(<3585.886719, 7.637123, 2178.851807>) quick accessed a lock!
[22:10:30] Player (DarthErrina, 76561199134542915)(<3586.282715, 7.637123, 2183.565918>) quick accessed a lock!
[22:10:36] Player (SonJd, 76561198214438271)(<3576.950439, 7.637123, 2175.840332>) quick accessed a lock!
[22:11:53] Player (hitch, 76561199174069079)(<3586.282715, 7.637123, 2183.565918>) quick accessed a lock!
[22:12:04] Player (hitch, 76561199174069079)(<3585.886719, 7.637123, 2178.851807>) quick accessed a lock!
[22:12:33] Player (SonJd, 76561198214438271)(<3576.950439, 7.637123, 2175.840332>) quick accessed a lock!
[22:13:10] Player (SonJd, 76561198214438271)(<3576.950439, 7.637123, 2175.840332>) quick accessed a lock!
[22:13:15] Player (SonJd, 76561198214438271)(<3576.950439, 7.637123, 2175.840332>) quick accessed a lock!
[22:16:40] Player (DarthErrina, 76561199134542915)(<3586.282715, 7.637123, 2183.565918>) quick accessed a lock!
[22:16:47] Player (DarthErrina, 76561199134542915)(<3585.886719, 7.637123, 2178.851807>) quick accessed a lock!
[22:16:59] Player (DarthErrina, 76561199134542915)(<3576.950439, 7.637123, 2175.840332>) quick accessed a lock!
[22:18:06] Player (DarthErrina, 76561199134542915)(<3576.950439, 7.637123, 2175.840332>) quick accessed a lock!
[22:23:16] Player (hitch, 76561199174069079)(<3581.361572, 19.823298, 2170.142090>) accessed a lock!
[22:23:16] Player (hitch, 76561199174069079)(<3581.361572, 19.823298, 2170.142090>) was added as a guest of a lock!
[22:23:36] Player (hitch, 76561199174069079)(<3581.361572, 19.823298, 2170.142090>) quick accessed a lock!
[22:25:40] Player (hitch, 76561199174069079)(<3581.361572, 19.823298, 2170.142090>) quick accessed a lock!
[22:28:19] Player (Goose, 76561199097533731)(<8255.826172, 354.203552, 6981.772949>) quick accessed a lock!
[22:29:08] Player (DarthErrina, 76561199134542915)(<3586.307373, 19.553514, 2172.341064>) quick accessed a lock!
[22:29:55] Player (Goose, 76561199097533731)(<8255.826172, 354.203552, 6981.772949>) quick accessed a lock!
[22:30:40] Player (SonJd, 76561198214438271)(<3585.886719, 7.637123, 2178.851807>) quick accessed a lock!
[22:30:44] Player (SonJd, 76561198214438271)(<3586.282715, 7.637123, 2183.565918>) quick accessed a lock!
[22:30:51] Player (hitch, 76561199174069079)(<3585.886719, 7.637123, 2178.851807>) quick accessed a lock!
[22:30:55] Player (hitch, 76561199174069079)(<3586.282715, 7.637123, 2183.565918>) quick accessed a lock!
[22:53:28] Player (Sauce, 76561199194857204)(<7802.306641, 314.866455, 6893.690918>) quick accessed a lock!
[22:53:59] Player (Sauce, 76561199194857204)(<7802.306641, 314.866455, 6893.690918>) quick accessed a lock!
[22:55:05] Player (Sauce, 76561199194857204)(<7801.914551, 315.043640, 6893.657715>) quick accessed a lock!
[22:55:54] Player (Goose, 76561199097533731)(<8255.826172, 354.203552, 6981.772949>) quick accessed a lock!
[22:57:27] Player (Goose, 76561199097533731)(<8255.826172, 354.203552, 6981.772949>) quick accessed a lock!
[22:59:59] Player (Sauce, 76561199194857204)(<7792.361328, 313.654327, 6894.910645>) quick accessed a lock!
[23:00:19] Player (Sauce, 76561199194857204)(<7801.914551, 315.043640, 6893.657715>) quick accessed a lock!
[23:00:34] Player (HAUNTxURxDREAMS, 76561199166899329)(<3586.282715, 7.637123, 2183.565918>) quick accessed a lock!
[23:00:39] Player (HAUNTxURxDREAMS, 76561199166899329)(<3585.886719, 7.637123, 2178.851807>) quick accessed a lock!
[23:00:44] Player (HAUNTxURxDREAMS, 76561199166899329)(<3576.950439, 7.637123, 2175.840332>) quick accessed a lock!
[23:01:56] Player (Sauce, 76561199194857204)(<7802.306641, 314.866455, 6893.690918>) quick accessed a lock!
[23:01:59] Player (KillSwitch68, 76561198041952552)(<3586.282715, 7.637123, 2183.565918>) quick accessed a lock!
[23:02:09] Player (KillSwitch68, 76561198041952552)(<3585.886719, 7.637123, 2178.851807>) quick accessed a lock!
[23:02:24] Player (KillSwitch68, 76561198041952552)(<3576.950439, 7.637123, 2175.840332>) accessed a lock!
[23:02:24] Player (KillSwitch68, 76561198041952552)(<3576.950439, 7.637123, 2175.840332>) was added as a guest of a lock!
[23:02:28] Player (DarthErrina, 76561199134542915)(<3586.307373, 19.553514, 2172.341064>) quick accessed a lock!
[23:02:33] Player (SonJd, 76561198214438271)(<3586.282715, 7.637123, 2183.565918>) quick accessed a lock!
[23:02:35] Player (DarthErrina, 76561199134542915)(<3586.348877, 19.546085, 2175.481201>) quick accessed a lock!
[23:02:37] Player (SonJd, 76561198214438271)(<3585.886719, 7.637123, 2178.851807>) quick accessed a lock!
[23:03:24] Player (SonJd, 76561198214438271)(<3581.361572, 19.823298, 2170.142090>) quick accessed a lock!
[23:04:17] Player (iNSANE, 76561198167062860)(<3586.282715, 7.637123, 2183.565918>) quick accessed a lock!
[23:04:22] Player (iNSANE, 76561198167062860)(<3585.886719, 7.637123, 2178.851807>) quick accessed a lock!
[23:04:24] Player (KillSwitch68, 76561198041952552)(<3589.116455, 6.424985, 2181.381592>) set a new passcode on lock!
[23:04:24] Player (KillSwitch68, 76561198041952552)(<3589.116455, 6.424985, 2181.381592>) claimed ownership of a lock!
[23:04:26] Player (KillSwitch68, 76561198041952552)(<3589.116455, 6.424985, 2181.381592>) quick accessed a lock!
[23:04:49] Player (hitch, 76561199174069079)(<3586.282715, 7.637123, 2183.565918>) quick accessed a lock!
[23:05:24] Player (Goose, 76561199097533731)(<8255.826172, 354.203552, 6981.772949>) quick accessed a lock!
[23:05:27] Player (hitch, 76561199174069079)(<3585.886719, 7.637123, 2178.851807>) quick accessed a lock!
[23:09:30] Player (SonJd, 76561198214438271)(<3576.950439, 7.637123, 2175.840332>) quick accessed a lock!
[23:09:49] Player (Goose, 76561199097533731)(<8255.826172, 354.203552, 6981.772949>) quick accessed a lock!
[23:10:47] Player (Sauce, 76561199194857204)(<7802.306641, 314.866455, 6893.690918>) quick accessed a lock!
[23:11:53] Player (Goose, 76561199097533731)(<8255.826172, 354.203552, 6981.772949>) quick accessed a lock!
[23:12:16] Player (Goose, 76561199097533731)(<8252.000977, 355.415680, 6986.444336>) set a new passcode on lock!
[23:12:16] Player (Goose, 76561199097533731)(<8252.000977, 355.415680, 6986.444336>) claimed ownership of a lock!
[23:12:17] Player (Sauce, 76561199194857204)(<7801.914551, 315.043640, 6893.657715>) quick accessed a lock!
[23:12:26] Player (KillSwitch68, 76561198041952552)(<3589.116455, 6.424985, 2181.381592>) quick accessed a lock!
[23:12:32] Player (HAUNTxURxDREAMS, 76561199166899329)(<3576.950439, 7.637123, 2175.840332>) quick accessed a lock!
[23:12:41] Player (HAUNTxURxDREAMS, 76561199166899329)(<3576.950439, 7.637123, 2175.840332>) quick accessed a lock!
[23:12:45] Player (HAUNTxURxDREAMS, 76561199166899329)(<3576.950439, 7.637123, 2175.840332>) quick accessed a lock!
[23:13:19] Player (KillSwitch68, 76561198041952552)(<3589.116455, 6.424985, 2181.381592>) quick accessed a lock!
[23:13:39] Player (Sauce, 76561199194857204)(<7801.914551, 315.043640, 6893.657715>) quick accessed a lock!
[23:13:41] Player (hitch, 76561199174069079)(<3576.950439, 7.637123, 2175.840332>) quick accessed a lock!
[23:15:09] Player (Goose, 76561199097533731)(<8255.826172, 354.203552, 6981.772949>) quick accessed a lock!
[23:15:18] Player (iNSANE, 76561198167062860)(<3576.950439, 7.637123, 2175.840332>) quick accessed a lock!
[23:15:21] Player (Sauce, 76561199194857204)(<7802.306641, 314.866455, 6893.690918>) quick accessed a lock!
[23:15:29] Player (DarthErrina, 76561199134542915)(<3576.950439, 7.637123, 2175.840332>) quick accessed a lock!
[23:16:06] Player (KillSwitch68, 76561198041952552)(<3576.950439, 7.637123, 2175.840332>) quick accessed a lock!
[23:16:18] Player (KillSwitch68, 76561198041952552)(<3589.116455, 6.424985, 2181.381592>) quick accessed a lock!
[23:16:49] Player (hitch, 76561199174069079)(<3576.950439, 7.637123, 2175.840332>) quick accessed a lock!
[23:16:50] Player (KillSwitch68, 76561198041952552)(<3589.116455, 6.424985, 2181.381592>) quick accessed a lock!
[23:17:49] Player (SonJd, 76561198214438271)(<3592.689697, 7.637123, 2175.771973>) quick accessed a lock!
[23:18:07] Player (Goose, 76561199097533731)(<8252.000977, 355.415680, 6986.444336>) quick accessed a lock!
[23:18:45] Player (SonJd, 76561198214438271)(<3592.689697, 7.637123, 2175.771973>) quick accessed a lock!
[23:21:16] Player (KillSwitch68, 76561198041952552)(<3576.950439, 7.637123, 2175.840332>) quick accessed a lock!
[23:21:23] Player (KillSwitch68, 76561198041952552)(<3576.950439, 7.637123, 2175.840332>) quick accessed a lock!
[23:21:39] Player (Sauce, 76561199194857204)(<7802.306641, 314.866455, 6893.690918>) quick accessed a lock!
[23:21:48] Player (Sauce, 76561199194857204)(<7801.914551, 315.043640, 6893.657715>) quick accessed a lock!
[09-04-2021][23.24.18] Log file reloaded ( Server Restart )
[23:26:43] Player (DarthErrina, 76561199134542915)(<3576.950439, 7.637123, 2175.840332>) quick accessed a lock!
[23:26:59] Player (DarthErrina, 76561199134542915)(<3585.886719, 7.637123, 2178.851807>) quick accessed a lock!
[23:27:05] Player (DarthErrina, 76561199134542915)(<3586.282715, 7.637123, 2183.565918>) quick accessed a lock!
[23:28:43] Player (SonJd, 76561198214438271)(<3576.950439, 7.637123, 2175.840332>) quick accessed a lock!
[23:28:46] Player (SonJd, 76561198214438271)(<3576.950439, 7.637123, 2175.840332>) quick accessed a lock!
[23:28:52] Player (hitch, 76561199174069079)(<3581.361572, 19.823298, 2170.142090>) quick accessed a lock!
[23:29:50] Player (Sauce, 76561199194857204)(<7801.914551, 315.043640, 6893.657715>) quick accessed a lock!
[23:30:06] Player (KillSwitch68, 76561198041952552)(<3589.116455, 6.424985, 2181.381592>) quick accessed a lock!
[23:30:12] Player (SonJd, 76561198214438271)(<3581.361572, 19.823298, 2170.142090>) quick accessed a lock!
[23:31:30] Player (SonJd, 76561198214438271)(<3581.361572, 19.823298, 2170.142090>) quick accessed a lock!
[23:31:35] Player (SonJd, 76561198214438271)(<3581.361572, 19.823298, 2170.142090>) quick accessed a lock!
[23:31:41] Player (KillSwitch68, 76561198041952552)(<3576.950439, 7.637123, 2175.840332>) quick accessed a lock!
[23:31:46] Player (KillSwitch68, 76561198041952552)(<3585.886719, 7.637123, 2178.851807>) quick accessed a lock!
[23:31:50] Player (KillSwitch68, 76561198041952552)(<3586.282715, 7.637123, 2183.565918>) quick accessed a lock!
[23:32:09] Player (KillSwitch68, 76561198041952552)(<3595.760010, 7.810638, 2160.139648>) accessed a lock!
[23:32:09] Player (KillSwitch68, 76561198041952552)(<3595.760010, 7.810638, 2160.139648>) was added as a guest of a lock!
[23:33:10] Player (KillSwitch68, 76561198041952552)(<3595.760010, 7.810638, 2160.139648>) quick accessed a lock!
[23:37:11] Player (Sauce, 76561199194857204)(<7801.914551, 315.043640, 6893.657715>) quick accessed a lock!
[23:38:00] Player (SonJd, 76561198214438271)(<3576.950439, 7.637123, 2175.840332>) quick accessed a lock!
[23:38:28] Player (SonJd, 76561198214438271)(<3576.950439, 7.637123, 2175.840332>) quick accessed a lock!
[23:40:03] Player (SonJd, 76561198214438271)(<3584.327637, 10.588430, 2175.568848>) set a new passcode on lock!
[23:40:03] Player (SonJd, 76561198214438271)(<3584.327637, 10.588430, 2175.568848>) claimed ownership of a lock!
[23:40:07] Player (SonJd, 76561198214438271)(<3584.327637, 10.588430, 2175.568848>) quick accessed a lock!
[23:40:20] Player (SonJd, 76561198214438271)(<3584.327637, 10.588430, 2175.568848>) quick accessed a lock!
[23:40:58] Player (Sauce, 76561199194857204)(<7801.914551, 315.043640, 6893.657715>) quick accessed a lock!
[23:42:23] Player (Sauce, 76561199194857204)(<7801.914551, 315.043640, 6893.657715>) quick accessed a lock!
[23:42:27] Player (Sauce, 76561199194857204)(<7792.361328, 313.654327, 6894.910645>) quick accessed a lock!
[23:44:40] Player (Sauce, 76561199194857204)(<7797.045410, 318.967773, 6896.586914>) set a new passcode on lock!
[23:44:40] Player (Sauce, 76561199194857204)(<7797.045410, 318.967773, 6896.586914>) claimed ownership of a lock!
[23:44:45] Player (Sauce, 76561199194857204)(<7797.045410, 318.967773, 6896.586914>) quick accessed a lock!
[23:45:01] Player (SonJd, 76561198214438271)(<3585.886719, 7.637123, 2178.851807>) quick accessed a lock!
[23:45:18] Player (SonJd, 76561198214438271)(<3576.950439, 7.637123, 2175.840332>) quick accessed a lock!
[23:48:37] Player (SonJd, 76561198214438271)(<3576.950439, 7.637123, 2175.840332>) quick accessed a lock!
[23:48:45] Player (Sauce, 76561199194857204)(<7801.914551, 315.043640, 6893.657715>) quick accessed a lock!
[23:49:06] Player (DarthErrina, 76561199134542915)(<3586.282715, 7.637123, 2183.565918>) quick accessed a lock!
[23:49:13] Player (DarthErrina, 76561199134542915)(<3585.886719, 7.637123, 2178.851807>) quick accessed a lock!
[23:49:31] Player (DarthErrina, 76561199134542915)(<3576.950439, 7.637123, 2175.840332>) quick accessed a lock!
[23:49:47] Player (Sauce, 76561199194857204)(<7797.045410, 318.967773, 6896.586914>) quick accessed a lock!
[23:50:21] Player (SonJd, 76561198214438271)(<3576.950439, 7.637123, 2175.840332>) quick accessed a lock!
[23:50:43] Player (DarthErrina, 76561199134542915)(<3576.950439, 7.637123, 2175.840332>) quick accessed a lock!
[23:53:44] Player (Sauce, 76561199194857204)(<7792.361328, 313.654327, 6894.910645>) quick accessed a lock!
[23:54:08] Player (Sauce, 76561199194857204)(<7801.914551, 315.043640, 6893.657715>) quick accessed a lock!
[23:54:08] Player (SonJd, 76561198214438271)(<3581.361572, 19.823298, 2170.142090>) quick accessed a lock!
[23:54:23] Player (Sauce, 76561199194857204)(<7801.914551, 315.043640, 6893.657715>) quick accessed a lock!
[23:55:12] Player (SonJd, 76561198214438271)(<3581.361572, 19.823298, 2170.142090>) quick accessed a lock!
[23:55:45] Player (Sauce, 76561199194857204)(<7797.045410, 318.967773, 6896.586914>) quick accessed a lock!
[23:59:10] Player (SonJd, 76561198214438271)(<3581.361572, 19.823298, 2170.142090>) quick accessed a lock!
[23:59:42] Player (SonJd, 76561198214438271)(<3576.950439, 7.637123, 2175.840332>) quick accessed a lock!
[00:00:28] Player (SonJd, 76561198214438271)(<3576.950439, 7.637123, 2175.840332>) quick accessed a lock!
[00:04:05] Player (SonJd, 76561198214438271)(<3576.950439, 7.637123, 2175.840332>) quick accessed a lock!
[00:08:26] Player (SonJd, 76561198214438271)(<3576.950439, 7.637123, 2175.840332>) quick accessed a lock!
[00:14:55] Player (SonJd, 76561198214438271)(<3585.886719, 7.637123, 2178.851807>) quick accessed a lock!
[00:15:00] Player (SonJd, 76561198214438271)(<3586.282715, 7.637123, 2183.565918>) quick accessed a lock!
[00:15:23] Player (DarthErrina, 76561199134542915)(<3585.886719, 7.637123, 2178.851807>) quick accessed a lock!
[00:16:35] Player (SonJd, 76561198214438271)(<3581.361572, 19.823298, 2170.142090>) quick accessed a lock!
[00:18:54] Player (KillSwitch68, 76561198041952552)(<3595.760010, 7.810638, 2160.139648>) quick accessed a lock!
[00:19:52] Player (SonJd, 76561198214438271)(<3581.361572, 19.823298, 2170.142090>) quick accessed a lock!
[00:20:36] Player (SonJd, 76561198214438271)(<3581.361572, 19.823298, 2170.142090>) quick accessed a lock!
[00:20:45] Player (KillSwitch68, 76561198041952552)(<3586.282715, 7.637123, 2183.565918>) quick accessed a lock!
[00:20:56] Player (KillSwitch68, 76561198041952552)(<3585.886719, 7.637123, 2178.851807>) quick accessed a lock!
[00:21:15] Player (KillSwitch68, 76561198041952552)(<3576.950439, 7.637123, 2175.840332>) quick accessed a lock!
[00:21:27] Player (DarthErrina, 76561199134542915)(<3576.950439, 7.637123, 2175.840332>) quick accessed a lock!
[00:21:34] Player (KillSwitch68, 76561198041952552)(<3589.116455, 6.424985, 2181.381592>) quick accessed a lock!
[00:22:24] Player (KillSwitch68, 76561198041952552)(<3576.950439, 7.637123, 2175.840332>) quick accessed a lock!
[00:26:13] Player (KillSwitch68, 76561198041952552)(<3589.116455, 6.424985, 2181.381592>) quick accessed a lock!
[00:27:39] Player (KillSwitch68, 76561198041952552)(<3589.116455, 6.424985, 2181.381592>) quick accessed a lock!
[00:27:52] Player (SonJd, 76561198214438271)(<3590.343994, 18.611160, 2167.448486>) set a new passcode on lock!
[00:27:52] Player (SonJd, 76561198214438271)(<3590.343994, 18.611160, 2167.448486>) claimed ownership of a lock!
[00:28:21] Player (SonJd, 76561198214438271)(<3591.652588, 18.679268, 2165.449707>) set a new passcode on lock!
[00:28:21] Player (SonJd, 76561198214438271)(<3591.652588, 18.679268, 2165.449707>) claimed ownership of a lock!
[00:28:25] Player (SonJd, 76561198214438271)(<3591.652588, 18.679268, 2165.449707>) quick accessed a lock!
[00:28:26] Player (SonJd, 76561198214438271)(<3590.343994, 18.611160, 2167.448486>) quick accessed a lock!
[00:28:29] Player (SonJd, 76561198214438271)(<3581.361572, 19.823298, 2170.142090>) quick accessed a lock!
[00:30:53] Player (KillSwitch68, 76561198041952552)(<3576.950439, 7.637123, 2175.840332>) quick accessed a lock!
[00:35:16] Player (KillSwitch68, 76561198041952552)(<3586.307373, 19.553514, 2172.341064>) quick accessed a lock!
[00:35:26] Player (KillSwitch68, 76561198041952552)(<3576.950439, 7.637123, 2175.840332>) quick accessed a lock!
[00:36:29] Player (KillSwitch68, 76561198041952552)(<3589.116455, 6.424985, 2181.381592>) quick accessed a lock!
[00:36:44] Player (KillSwitch68, 76561198041952552)(<3576.950439, 7.637123, 2175.840332>) quick accessed a lock!
[00:37:19] Player (Sauce, 76561199194857204)(<7797.045410, 318.967773, 6896.586914>) quick accessed a lock!
[00:37:23] Player (Sauce, 76561199194857204)(<7797.045410, 318.967773, 6896.586914>) quick accessed a lock!
[00:39:02] Player (Sauce, 76561199194857204)(<7801.914551, 315.043640, 6893.657715>) quick accessed a lock!
[00:39:43] Player (KillSwitch68, 76561198041952552)(<3586.307373, 19.553514, 2172.341064>) quick accessed a lock!
[00:39:45] Player (Sauce, 76561199194857204)(<7801.914551, 315.043640, 6893.657715>) quick accessed a lock!
[00:39:56] Player (KillSwitch68, 76561198041952552)(<3585.886719, 7.637123, 2178.851807>) quick accessed a lock!
[00:39:56] Player (Sauce, 76561199194857204)(<7797.045410, 318.967773, 6896.586914>) quick accessed a lock!
[00:40:11] Player (KillSwitch68, 76561198041952552)(<3576.950439, 7.637123, 2175.840332>) quick accessed a lock!
[00:40:19] Player (KillSwitch68, 76561198041952552)(<3589.116455, 6.424985, 2181.381592>) quick accessed a lock!
[00:40:25] Player (Sauce, 76561199194857204)(<7797.045410, 318.967773, 6896.586914>) quick accessed a lock!
[00:41:15] Player (Sauce, 76561199194857204)(<7801.914551, 315.043640, 6893.657715>) quick accessed a lock!
[00:41:35] Player (SonJd, 76561198214438271)(<3590.343994, 18.611160, 2167.448486>) quick accessed a lock!
[00:41:51] Player (KillSwitch68, 76561198041952552)(<3576.950439, 7.637123, 2175.840332>) quick accessed a lock!
[00:41:53] Player (SonJd, 76561198214438271)(<3581.361572, 19.823298, 2170.142090>) quick accessed a lock!
[00:41:56] Player (Sauce, 76561199194857204)(<7801.914551, 315.043640, 6893.657715>) quick accessed a lock!
[00:42:01] Player (Sauce, 76561199194857204)(<7797.045410, 318.967773, 6896.586914>) quick accessed a lock!
[00:43:57] Player (Sauce, 76561199194857204)(<7797.045410, 318.967773, 6896.586914>) quick accessed a lock!
[00:44:00] Player (Sauce, 76561199194857204)(<7801.914551, 315.043640, 6893.657715>) quick accessed a lock!
[00:44:03] Player (Sauce, 76561199194857204)(<7802.306641, 314.866455, 6893.690918>) quick accessed a lock!
[00:49:04] Player (Sauce, 76561199194857204)(<7802.306641, 314.866455, 6893.690918>) quick accessed a lock!
[01:04:55] Player (zica, 76561198423892242)(<8836.993164, 192.188538, 12034.970703>) set a new passcode on lock!
[01:04:55] Player (zica, 76561198423892242)(<8836.993164, 192.188538, 12034.970703>) claimed ownership of a lock!
[01:05:58] Player (zica, 76561198423892242)(<8836.993164, 192.188538, 12034.970703>) quick accessed a lock!
[01:06:10] Player (zica, 76561198423892242)(<8836.993164, 192.188538, 12034.970703>) quick accessed a lock!
[02:23:21] Player (tal, 76561197977321712)(<6096.124512, 45.916676, 2991.722168>) set a new passcode on lock!
[02:23:21] Player (tal, 76561197977321712)(<6096.124512, 45.916676, 2991.722168>) claimed ownership of a lock!
[02:23:27] Player (tal, 76561197977321712)(<6096.124512, 45.916676, 2991.722168>) quick accessed a lock!
[02:24:53] Player (tal, 76561197977321712)(<6096.124512, 45.916676, 2991.722168>) quick accessed a lock!
[02:25:21] Player (tal, 76561197977321712)(<6096.124512, 45.916676, 2991.722168>) quick accessed a lock!
[02:43:35] Player (tal, 76561197977321712)(<6096.124512, 45.916676, 2991.722168>) quick accessed a lock!
[02:44:07] Player (tal, 76561197977321712)(<6096.124512, 45.916676, 2991.722168>) quick accessed a lock!
[03:01:28] Player (tal, 76561197977321712)(<6096.124512, 45.916676, 2991.722168>) quick accessed a lock!
