[09-29-2021][02.14.38] New Access Log File Created!
[02:27:08] Player (MRJOKER1570, 76561198132106256)(<11443.836914, 229.431595, 7471.615723>) quick accessed a lock!
[02:27:15] Player (MRJOKER1570, 76561198132106256)(<11444.552734, 230.644073, 7475.515137>) quick accessed a lock!
[02:28:21] Player (MRJOKER1570, 76561198132106256)(<11446.819336, 221.419189, 7477.540039>) quick accessed a lock!
[02:28:28] Player (MRJOKER1570, 76561198132106256)(<11444.603516, 221.419205, 7481.268066>) quick accessed a lock!
[02:28:35] Player (MRJOKER1570, 76561198132106256)(<11448.582031, 221.419189, 7483.230957>) quick accessed a lock!
[02:28:42] Player (MRJOKER1570, 76561198132106256)(<11450.410156, 221.419189, 7488.938965>) quick accessed a lock!
[02:28:52] Player (MRJOKER1570, 76561198132106256)(<11452.166992, 221.419189, 7494.625000>) quick accessed a lock!
[02:28:57] Player (MRJOKER1570, 76561198132106256)(<11455.375000, 222.631317, 7490.589844>) quick accessed a lock!
[02:29:04] Player (MRJOKER1570, 76561198132106256)(<11459.315430, 222.631302, 7489.286133>) quick accessed a lock!
[02:29:11] Player (MRJOKER1570, 76561198132106256)(<11463.835938, 222.631287, 7488.095703>) quick accessed a lock!
[02:29:17] Player (MRJOKER1570, 76561198132106256)(<11469.097656, 221.419113, 7487.757813>) quick accessed a lock!
[02:29:23] Player (MRJOKER1570, 76561198132106256)(<11472.512695, 221.419098, 7484.933105>) quick accessed a lock!
[02:29:30] Player (MRJOKER1570, 76561198132106256)(<11471.546875, 222.631226, 7473.388672>) quick accessed a lock!
[02:29:36] Player (MRJOKER1570, 76561198132106256)(<11458.455078, 222.631271, 7471.033203>) quick accessed a lock!
[02:30:19] Player (MRJOKER1570, 76561198132106256)(<11455.168945, 220.999939, 7468.792969>) quick accessed a lock!
[02:30:26] Player (Survivor, 76561198144999576)(<176.991684, 210.363159, 5638.885254>) set a new passcode on lock!
[02:30:26] Player (Survivor, 76561198144999576)(<176.991684, 210.363159, 5638.885254>) claimed ownership of a lock!
[02:30:37] Player (Survivor, 76561198144999576)(<176.991684, 210.363159, 5638.885254>) accessed a lock!
[02:30:37] Player (Survivor, 76561198144999576)(<176.991684, 210.363159, 5638.885254>) was added as a guest of a lock!
[02:31:00] Player (MRJOKER1570, 76561198132106256)(<11455.168945, 220.999939, 7468.792969>) quick accessed a lock!
[02:31:32] Player (MRJOKER1570, 76561198132106256)(<11455.168945, 220.999939, 7468.792969>) quick accessed a lock!
[02:33:39] Player (Survivor, 76561198144999576)(<176.097336, 210.656967, 5640.968750>) quick accessed a lock!
[02:33:39] Player (Survivor, 76561198144999576)(<176.097336, 210.656967, 5640.968750>) quick accessed a lock!
[02:34:26] Player (Survivor, 76561198144999576)(<176.097336, 210.656967, 5640.968750>) quick accessed a lock!
[02:36:22] Player (Survivor, 76561198144999576)(<176.097336, 210.656967, 5640.968750>) quick accessed a lock!
[03:37:27] Player ([N.E.M] PoGo Sticks, 76561198365347307)(<8776.291992, 141.745880, 2912.349121>) quick accessed a lock!
[03:37:33] Player ([N.E.M] PoGo Sticks, 76561198365347307)(<8783.561523, 142.024384, 2902.917725>) quick accessed a lock!
[03:38:43] Player (Clark524, 76561199131805143)(<8777.228516, 141.878632, 2904.220703>) accessed a lock!
[03:38:43] Player (Clark524, 76561199131805143)(<8777.228516, 141.878632, 2904.220703>) was added as a guest of a lock!
[03:39:21] Player (Clark524, 76561199131805143)(<8776.291992, 141.745880, 2912.349121>) accessed a lock!
[03:39:21] Player (Clark524, 76561199131805143)(<8776.291992, 141.745880, 2912.349121>) was added as a guest of a lock!
[03:41:21] Player ([N.E.M] Warrior, 76561198108184220)(<8777.228516, 141.878632, 2904.220703>) quick accessed a lock!
[03:41:51] Player (Clark524, 76561199131805143)(<8776.291992, 141.745880, 2912.349121>) quick accessed a lock!
[03:42:05] Player ([N.E.M] Warrior, 76561198108184220)(<8776.291992, 141.745880, 2912.349121>) quick accessed a lock!
[03:42:09] Player ([N.E.M] Warrior, 76561198108184220)(<8776.291992, 141.745880, 2912.349121>) quick accessed a lock!
[03:43:30] Player ([N.E.M] Warrior, 76561198108184220)(<8776.291992, 141.745880, 2912.349121>) quick accessed a lock!
[03:43:33] Player ([N.E.M] Warrior, 76561198108184220)(<8777.228516, 141.878632, 2904.220703>) quick accessed a lock!
[03:44:09] Player ([N.E.M] Warrior, 76561198108184220)(<8776.291992, 141.745880, 2912.349121>) quick accessed a lock!
[03:45:48] Player ([N.E.M] PoGo Sticks, 76561198365347307)(<8776.291992, 141.745880, 2912.349121>) quick accessed a lock!
[03:45:52] Player ([N.E.M] PoGo Sticks, 76561198365347307)(<8777.228516, 141.878632, 2904.220703>) quick accessed a lock!
[03:46:23] Player ([N.E.M] Warrior, 76561198108184220)(<8776.291992, 141.745880, 2912.349121>) quick accessed a lock!
[03:46:26] Player ([N.E.M] Warrior, 76561198108184220)(<8777.228516, 141.878632, 2904.220703>) quick accessed a lock!
[03:46:31] Player (Clark524, 76561199131805143)(<8783.561523, 142.024384, 2902.917725>) quick accessed a lock!
[03:46:45] Player ([N.E.M] Warrior, 76561198108184220)(<8777.228516, 141.878632, 2904.220703>) quick accessed a lock!
[03:46:47] Player ([N.E.M] Warrior, 76561198108184220)(<8776.291992, 141.745880, 2912.349121>) quick accessed a lock!
[03:49:24] Player (Clark524, 76561199131805143)(<8776.291992, 141.745880, 2912.349121>) quick accessed a lock!
[03:49:34] Player ([N.E.M] Warrior, 76561198108184220)(<8776.291992, 141.745880, 2912.349121>) quick accessed a lock!
[03:49:36] Player ([N.E.M] Warrior, 76561198108184220)(<8777.228516, 141.878632, 2904.220703>) quick accessed a lock!
[03:49:50] Player ([N.E.M] Warrior, 76561198108184220)(<8776.291992, 141.745880, 2912.349121>) quick accessed a lock!
[03:49:59] Player (Clark524, 76561199131805143)(<8776.291992, 141.745880, 2912.349121>) quick accessed a lock!
[03:50:49] Player ([N.E.M] Warrior, 76561198108184220)(<8777.228516, 141.878632, 2904.220703>) quick accessed a lock!
[03:52:38] Player ([N.E.M] Warrior, 76561198108184220)(<8777.228516, 141.878632, 2904.220703>) quick accessed a lock!
[03:54:50] Player ([N.E.M] Warrior, 76561198108184220)(<8777.228516, 141.878632, 2904.220703>) quick accessed a lock!
[04:02:06] Player (Clark524, 76561199131805143)(<8777.228516, 141.878632, 2904.220703>) quick accessed a lock!
[04:03:30] Player (Clark524, 76561199131805143)(<8776.291992, 141.745880, 2912.349121>) quick accessed a lock!
[04:05:18] Player (Clark524, 76561199131805143)(<8776.291992, 141.745880, 2912.349121>) quick accessed a lock!
[04:05:39] Player (Clark524, 76561199131805143)(<8777.228516, 141.878632, 2904.220703>) quick accessed a lock!
[04:05:58] Player (Clark524, 76561199131805143)(<8776.291992, 141.745880, 2912.349121>) quick accessed a lock!
[04:06:03] Player (Clark524, 76561199131805143)(<8783.561523, 142.024384, 2902.917725>) quick accessed a lock!
[04:06:39] Player (Clark524, 76561199131805143)(<8776.291992, 141.745880, 2912.349121>) quick accessed a lock!
[04:06:44] Player (Clark524, 76561199131805143)(<8783.561523, 142.024384, 2902.917725>) quick accessed a lock!
[04:27:58] Player (caleb, 76561199135214219)(<11564.338867, 89.243744, 14743.139648>) quick accessed a lock!
[04:28:40] Player (caleb, 76561199135214219)(<11564.402344, 90.455879, 14746.175781>) quick accessed a lock!
[04:28:43] Player (caleb, 76561199135214219)(<11563.571289, 90.455879, 14747.439453>) quick accessed a lock!
[04:28:49] Player (caleb, 76561199135214219)(<11563.440430, 86.826378, 14747.558594>) quick accessed a lock!
[04:28:54] Player (caleb, 76561199135214219)(<11564.690430, 86.826378, 14746.343750>) quick accessed a lock!
[04:28:59] Player (caleb, 76561199135214219)(<11563.428711, 83.196976, 14747.548828>) quick accessed a lock!
[04:29:04] Player (caleb, 76561199135214219)(<11564.688477, 83.196976, 14746.354492>) quick accessed a lock!
[04:32:02] Player (caleb, 76561199135214219)(<11564.690430, 86.826378, 14746.343750>) quick accessed a lock!
[04:35:32] Player (caleb, 76561199135214219)(<11567.834961, 85.614243, 14738.692383>) quick accessed a lock!
[04:36:34] Player (caleb, 76561199135214219)(<11564.338867, 89.243744, 14743.139648>) quick accessed a lock!
[04:37:38] Player (caleb, 76561199135214219)(<11563.380859, 71.802475, 14747.577148>) quick accessed a lock!
[04:57:30] Player (caleb, 76561199135214219)(<11563.380859, 71.802475, 14747.577148>) quick accessed a lock!
[04:57:54] Player (caleb, 76561199135214219)(<11563.428711, 83.196976, 14747.548828>) quick accessed a lock!
[04:57:57] Player (caleb, 76561199135214219)(<11564.688477, 83.196976, 14746.354492>) quick accessed a lock!
[04:58:37] Player (caleb, 76561199135214219)(<11563.440430, 86.826378, 14747.558594>) quick accessed a lock!
[04:58:39] Player (caleb, 76561199135214219)(<11564.690430, 86.826378, 14746.343750>) quick accessed a lock!
[05:06:12] Player (caleb, 76561199135214219)(<11563.571289, 90.455879, 14747.439453>) quick accessed a lock!
[05:06:17] Player (caleb, 76561199135214219)(<11564.402344, 90.455879, 14746.175781>) quick accessed a lock!
[05:08:23] Player (caleb, 76561199135214219)(<11567.834961, 85.614243, 14738.692383>) quick accessed a lock!
[05:09:23] Player (caleb, 76561199135214219)(<11567.834961, 85.614243, 14738.692383>) quick accessed a lock!
[05:10:07] Player (caleb, 76561199135214219)(<11564.402344, 90.455879, 14746.175781>) quick accessed a lock!
[05:10:21] Player (caleb, 76561199135214219)(<11564.338867, 89.243744, 14743.139648>) quick accessed a lock!
[09-29-2021][06.16.26] Log file reloaded ( Server Restart )
[06:23:50] Player (LordofCereal, 76561198120957192)(<7813.257813, 215.168579, 5116.685547>) set a new passcode on lock!
[06:23:50] Player (LordofCereal, 76561198120957192)(<7813.257813, 215.168579, 5116.685547>) claimed ownership of a lock!
[06:36:19] Player (LordofCereal, 76561198120957192)(<7813.257813, 215.168579, 5116.685547>) quick accessed a lock!
[09-29-2021][12.33.16] Log file reloaded ( Server Restart )
[13:07:23] Player (Smitty, 76561199121199012)(<11449.296875, 229.431931, 7495.300781>) quick accessed a lock!
[13:07:33] Player (Smitty, 76561199121199012)(<11444.552734, 230.644073, 7475.515137>) quick accessed a lock!
[13:07:38] Player (Smitty, 76561199121199012)(<11443.836914, 229.431595, 7471.615723>) quick accessed a lock!
[13:07:51] Player (Smitty, 76561199121199012)(<11446.583984, 222.631226, 7470.957520>) quick accessed a lock!
[13:07:56] Player (Smitty, 76561199121199012)(<11449.751953, 222.629501, 7473.265625>) quick accessed a lock!
[13:08:01] Player (Smitty, 76561199121199012)(<11446.819336, 221.419189, 7477.540039>) quick accessed a lock!
[13:08:06] Player (Smitty, 76561199121199012)(<11444.603516, 221.419205, 7481.268066>) quick accessed a lock!
[13:08:11] Player (Smitty, 76561199121199012)(<11448.582031, 221.419189, 7483.230957>) quick accessed a lock!
[13:08:16] Player (Smitty, 76561199121199012)(<11450.410156, 221.419189, 7488.938965>) quick accessed a lock!
[13:08:21] Player (Smitty, 76561199121199012)(<11449.552734, 222.631348, 7492.176758>) quick accessed a lock!
[13:08:26] Player (Smitty, 76561199121199012)(<11452.166992, 221.419189, 7494.625000>) quick accessed a lock!
[13:08:31] Player (Smitty, 76561199121199012)(<11455.375000, 222.631317, 7490.589844>) quick accessed a lock!
[13:08:36] Player (Smitty, 76561199121199012)(<11459.315430, 222.631302, 7489.286133>) quick accessed a lock!
[13:08:41] Player (Smitty, 76561199121199012)(<11463.835938, 222.631287, 7488.095703>) quick accessed a lock!
[13:08:46] Player (Smitty, 76561199121199012)(<11469.097656, 221.419113, 7487.757813>) quick accessed a lock!
[13:08:53] Player (Smitty, 76561199121199012)(<11472.512695, 221.419098, 7484.933105>) quick accessed a lock!
[13:09:02] Player (Smitty, 76561199121199012)(<11471.546875, 222.631226, 7473.388672>) quick accessed a lock!
[13:09:07] Player (Smitty, 76561199121199012)(<11458.455078, 222.631271, 7471.033203>) quick accessed a lock!
[13:12:29] Player (LordOfTheRams, 76561198128005053)(<5710.237305, 475.868073, 15225.408203>) quick accessed a lock!
[13:12:40] Player (LordOfTheRams, 76561198128005053)(<5710.237305, 475.868073, 15225.408203>) quick accessed a lock!
[13:28:49] Player (Smitty, 76561199121199012)(<11458.455078, 222.631271, 7471.033203>) quick accessed a lock!
[13:28:55] Player (Smitty, 76561199121199012)(<11471.546875, 222.631226, 7473.388672>) quick accessed a lock!
[13:29:00] Player (Smitty, 76561199121199012)(<11472.512695, 221.419098, 7484.933105>) quick accessed a lock!
[13:29:09] Player (Smitty, 76561199121199012)(<11469.097656, 221.419113, 7487.757813>) quick accessed a lock!
[13:29:19] Player (Smitty, 76561199121199012)(<11463.835938, 222.631287, 7488.095703>) quick accessed a lock!
[13:29:23] Player (Smitty, 76561199121199012)(<11459.315430, 222.631302, 7489.286133>) quick accessed a lock!
[13:29:27] Player (Smitty, 76561199121199012)(<11455.375000, 222.631317, 7490.589844>) quick accessed a lock!
[13:29:33] Player (Smitty, 76561199121199012)(<11452.166992, 221.419189, 7494.625000>) quick accessed a lock!
[13:29:37] Player (Smitty, 76561199121199012)(<11449.552734, 222.631348, 7492.176758>) quick accessed a lock!
[13:29:43] Player (Smitty, 76561199121199012)(<11450.410156, 221.419189, 7488.938965>) quick accessed a lock!
[13:29:48] Player (Smitty, 76561199121199012)(<11448.582031, 221.419189, 7483.230957>) quick accessed a lock!
[13:29:53] Player (Smitty, 76561199121199012)(<11444.603516, 221.419205, 7481.268066>) quick accessed a lock!
[13:29:59] Player (Smitty, 76561199121199012)(<11446.819336, 221.419189, 7477.540039>) quick accessed a lock!
[13:30:03] Player (Smitty, 76561199121199012)(<11449.751953, 222.629501, 7473.265625>) quick accessed a lock!
[13:30:10] Player (Smitty, 76561199121199012)(<11446.583984, 222.631226, 7470.957520>) quick accessed a lock!
[13:30:17] Player (Smitty, 76561199121199012)(<11442.928711, 230.643738, 7467.727051>) quick accessed a lock!
[13:30:21] Player (Smitty, 76561199121199012)(<11443.836914, 229.431595, 7471.615723>) quick accessed a lock!
[13:30:31] Player (Smitty, 76561199121199012)(<11444.552734, 230.644073, 7475.515137>) quick accessed a lock!
[13:30:49] Player (Smitty, 76561199121199012)(<11455.667969, 229.431931, 7475.112793>) quick accessed a lock!
[13:33:03] Player (Smitty, 76561199121199012)(<11449.296875, 229.431931, 7495.300781>) quick accessed a lock!
[13:34:23] Player (Smitty, 76561199121199012)(<11447.323242, 229.500183, 7495.606445>) quick accessed a lock!
[13:38:12] Player (Smitty, 76561199121199012)(<11451.157227, 229.431931, 7476.546875>) quick accessed a lock!
[13:39:16] Player (Smitty, 76561199121199012)(<11460.005859, 229.423050, 7492.184082>) quick accessed a lock!
[13:44:39] Player (Smitty, 76561199121199012)(<11455.667969, 229.431931, 7475.112793>) quick accessed a lock!
[13:45:28] Player (Smitty, 76561199121199012)(<11449.296875, 229.431931, 7495.300781>) quick accessed a lock!
[14:03:11] Player (caleb, 76561199135214219)(<11564.338867, 89.243744, 14743.139648>) quick accessed a lock!
[14:03:23] Player (caleb, 76561199135214219)(<11564.402344, 90.455879, 14746.175781>) quick accessed a lock!
[14:03:26] Player (caleb, 76561199135214219)(<11564.402344, 90.455879, 14746.175781>) quick accessed a lock!
[14:03:27] Player (caleb, 76561199135214219)(<11563.571289, 90.455879, 14747.439453>) quick accessed a lock!
[14:03:30] Player (caleb, 76561199135214219)(<11563.440430, 86.826378, 14747.558594>) quick accessed a lock!
[14:03:35] Player (caleb, 76561199135214219)(<11564.690430, 86.826378, 14746.343750>) quick accessed a lock!
[14:03:40] Player (caleb, 76561199135214219)(<11563.428711, 83.196976, 14747.548828>) quick accessed a lock!
[14:03:45] Player (caleb, 76561199135214219)(<11564.688477, 83.196976, 14746.354492>) quick accessed a lock!
[14:05:00] Player (caleb, 76561199135214219)(<11567.834961, 85.614243, 14738.692383>) quick accessed a lock!
[14:15:43] Player (caleb, 76561199135214219)(<11564.338867, 89.243744, 14743.139648>) quick accessed a lock!
[14:16:25] Player (caleb, 76561199135214219)(<11564.338867, 89.243744, 14743.139648>) quick accessed a lock!
[14:16:55] Player (caleb, 76561199135214219)(<11564.402344, 90.455879, 14746.175781>) quick accessed a lock!
[14:16:56] Player (caleb, 76561199135214219)(<11563.571289, 90.455879, 14747.439453>) quick accessed a lock!
[14:16:59] Player (caleb, 76561199135214219)(<11563.440430, 86.826378, 14747.558594>) quick accessed a lock!
[14:17:02] Player (caleb, 76561199135214219)(<11564.690430, 86.826378, 14746.343750>) quick accessed a lock!
[14:17:08] Player (caleb, 76561199135214219)(<11563.428711, 83.196976, 14747.548828>) quick accessed a lock!
[14:17:15] Player (caleb, 76561199135214219)(<11564.688477, 83.196976, 14746.354492>) quick accessed a lock!
[14:26:05] Player (Skynyrd, 76561198033204425)(<11470.743164, 229.417755, 7484.036621>) quick accessed a lock!
[14:26:17] Player (Skynyrd, 76561198033204425)(<11473.053711, 229.485870, 7484.680664>) quick accessed a lock!
[14:26:58] Player (Skynyrd, 76561198033204425)(<11444.552734, 230.644073, 7475.515137>) quick accessed a lock!
[14:28:22] Player (rvxvii, 76561198225084544)(<3581.340332, 7.212138, 2203.821045>) quick accessed a lock!
[14:28:26] Player (rvxvii, 76561198225084544)(<3585.372314, 7.212136, 2203.230957>) quick accessed a lock!
[14:28:54] Player (Skynyrd, 76561198033204425)(<11443.836914, 229.431595, 7471.615723>) quick accessed a lock!
[14:28:59] Player (Skynyrd, 76561198033204425)(<11442.928711, 230.643738, 7467.727051>) quick accessed a lock!
[14:29:10] Player (rvxvii, 76561198225084544)(<3588.261719, 7.212138, 2193.646729>) quick accessed a lock!
[14:29:15] Player (rvxvii, 76561198225084544)(<3592.800293, 7.212132, 2184.163574>) quick accessed a lock!
[14:29:30] Player (Skynyrd, 76561198033204425)(<11446.583984, 222.631226, 7470.957520>) quick accessed a lock!
[14:29:35] Player (Skynyrd, 76561198033204425)(<11449.751953, 222.629501, 7473.265625>) quick accessed a lock!
[14:29:40] Player (Skynyrd, 76561198033204425)(<11446.819336, 221.419189, 7477.540039>) quick accessed a lock!
[14:29:45] Player (Skynyrd, 76561198033204425)(<11444.603516, 221.419205, 7481.268066>) quick accessed a lock!
[14:29:50] Player (Skynyrd, 76561198033204425)(<11448.582031, 221.419189, 7483.230957>) quick accessed a lock!
[14:29:55] Player (Skynyrd, 76561198033204425)(<11450.410156, 221.419189, 7488.938965>) quick accessed a lock!
[14:30:00] Player (Skynyrd, 76561198033204425)(<11449.552734, 222.631348, 7492.176758>) quick accessed a lock!
[14:30:05] Player (Skynyrd, 76561198033204425)(<11452.166992, 221.419189, 7494.625000>) quick accessed a lock!
[14:30:07] Player (rvxvii, 76561198225084544)(<3595.760010, 7.810638, 2160.139648>) quick accessed a lock!
[14:30:10] Player (Skynyrd, 76561198033204425)(<11455.375000, 222.631317, 7490.589844>) quick accessed a lock!
[14:30:15] Player (Skynyrd, 76561198033204425)(<11459.315430, 222.631302, 7489.286133>) quick accessed a lock!
[14:30:21] Player (Skynyrd, 76561198033204425)(<11463.835938, 222.631287, 7488.095703>) quick accessed a lock!
[14:30:25] Player (Skynyrd, 76561198033204425)(<11469.097656, 221.419113, 7487.757813>) quick accessed a lock!
[14:30:30] Player (Skynyrd, 76561198033204425)(<11472.512695, 221.419098, 7484.933105>) quick accessed a lock!
[14:31:37] Player (rvxvii, 76561198225084544)(<3592.800293, 7.212132, 2184.163574>) quick accessed a lock!
[14:31:42] Player (rvxvii, 76561198225084544)(<3585.732422, 6.000000, 2185.414795>) quick accessed a lock!
[14:31:51] Player (rvxvii, 76561198225084544)(<3586.282715, 7.637123, 2183.565918>) quick accessed a lock!
[14:32:01] Player (rvxvii, 76561198225084544)(<3585.886719, 7.637123, 2178.851807>) quick accessed a lock!
[14:32:05] Player (rvxvii, 76561198225084544)(<3583.635742, 7.637123, 2177.062256>) quick accessed a lock!
[14:32:08] Player (rvxvii, 76561198225084544)(<3583.635742, 7.637123, 2177.062256>) quick accessed a lock!
[14:32:13] Player (rvxvii, 76561198225084544)(<3581.083984, 7.637123, 2175.466797>) quick accessed a lock!
[14:32:27] Player (rvxvii, 76561198225084544)(<3578.812988, 6.424985, 2169.052490>) quick accessed a lock!
[14:35:33] Player (rvxvii, 76561198225084544)(<3579.157715, 6.424985, 2166.071045>) quick accessed a lock!
[14:36:53] Player (Skynyrd, 76561198033204425)(<11458.455078, 222.631271, 7471.033203>) quick accessed a lock!
[14:36:59] Player (Skynyrd, 76561198033204425)(<11471.546875, 222.631226, 7473.388672>) quick accessed a lock!
[14:37:37] Player (Skynyrd, 76561198033204425)(<11472.512695, 221.419098, 7484.933105>) quick accessed a lock!
[14:37:41] Player (Skynyrd, 76561198033204425)(<11469.097656, 221.419113, 7487.757813>) quick accessed a lock!
[14:37:44] Player (Skynyrd, 76561198033204425)(<11463.835938, 222.631287, 7488.095703>) quick accessed a lock!
[14:37:47] Player (Skynyrd, 76561198033204425)(<11459.315430, 222.631302, 7489.286133>) quick accessed a lock!
[14:37:49] Player (Skynyrd, 76561198033204425)(<11455.375000, 222.631317, 7490.589844>) quick accessed a lock!
[14:38:11] Player (Skynyrd, 76561198033204425)(<11446.819336, 221.419189, 7477.540039>) quick accessed a lock!
[14:38:15] Player (Skynyrd, 76561198033204425)(<11449.751953, 222.629501, 7473.265625>) quick accessed a lock!
[14:38:21] Player (Skynyrd, 76561198033204425)(<11446.583984, 222.631226, 7470.957520>) quick accessed a lock!
[14:38:30] Player (Skynyrd, 76561198033204425)(<11442.928711, 230.643738, 7467.727051>) quick accessed a lock!
[14:39:03] Player (Skynyrd, 76561198033204425)(<11444.552734, 230.644073, 7475.515137>) quick accessed a lock!
[14:39:13] Player (Skynyrd, 76561198033204425)(<11470.743164, 229.417755, 7484.036621>) quick accessed a lock!
[14:39:15] Player (Skynyrd, 76561198033204425)(<11473.053711, 229.485870, 7484.680664>) quick accessed a lock!
[14:40:27] Player (rvxvii, 76561198225084544)(<3579.157715, 6.424985, 2166.071045>) quick accessed a lock!
[14:40:42] Player (Skynyrd, 76561198033204425)(<11472.455078, 229.431061, 7469.332031>) quick accessed a lock!
[14:41:11] Player (Skynyrd, 76561198033204425)(<11449.296875, 229.431931, 7495.300781>) quick accessed a lock!
[14:42:06] Player (Skynyrd, 76561198033204425)(<11455.519531, 229.427368, 7493.589844>) quick accessed a lock!
[14:44:01] Player (caleb, 76561199135214219)(<11564.688477, 83.196976, 14746.354492>) quick accessed a lock!
[14:44:28] Player (caleb, 76561199135214219)(<11563.380859, 71.802475, 14747.577148>) quick accessed a lock!
[14:44:36] Player (caleb, 76561199135214219)(<11563.380859, 71.802475, 14747.577148>) quick accessed a lock!
[14:46:59] Player (Skynyrd, 76561198033204425)(<11455.519531, 229.427368, 7493.589844>) quick accessed a lock!
[14:47:11] Player (Mario, 76561199075572610)(<11458.455078, 222.631271, 7471.033203>) quick accessed a lock!
[14:47:17] Player (Mario, 76561199075572610)(<11471.546875, 222.631226, 7473.388672>) quick accessed a lock!
[14:47:23] Player (Mario, 76561199075572610)(<11472.512695, 221.419098, 7484.933105>) quick accessed a lock!
[14:47:37] Player (Mario, 76561199075572610)(<11469.097656, 221.419113, 7487.757813>) quick accessed a lock!
[14:47:48] Player (Mario, 76561199075572610)(<11472.512695, 221.419098, 7484.933105>) quick accessed a lock!
[14:47:51] Player (Mario, 76561199075572610)(<11471.546875, 222.631226, 7473.388672>) quick accessed a lock!
[14:47:56] Player (Mario, 76561199075572610)(<11458.455078, 222.631271, 7471.033203>) quick accessed a lock!
[14:48:35] Player (Mario, 76561199075572610)(<11458.455078, 222.631271, 7471.033203>) quick accessed a lock!
[14:48:40] Player (Mario, 76561199075572610)(<11471.546875, 222.631226, 7473.388672>) quick accessed a lock!
[14:48:49] Player (Mario, 76561199075572610)(<11463.835938, 222.631287, 7488.095703>) quick accessed a lock!
[14:48:54] Player (Mario, 76561199075572610)(<11459.315430, 222.631302, 7489.286133>) quick accessed a lock!
[14:48:59] Player (Mario, 76561199075572610)(<11455.375000, 222.631317, 7490.589844>) quick accessed a lock!
[14:49:04] Player (Mario, 76561199075572610)(<11452.166992, 221.419189, 7494.625000>) quick accessed a lock!
[14:49:09] Player (Mario, 76561199075572610)(<11449.552734, 222.631348, 7492.176758>) quick accessed a lock!
[14:49:10] Player (caleb, 76561199135214219)(<11563.380859, 71.802475, 14747.577148>) quick accessed a lock!
[14:49:11] Player (Mario, 76561199075572610)(<11449.552734, 222.631348, 7492.176758>) quick accessed a lock!
[14:49:14] Player (Mario, 76561199075572610)(<11450.410156, 221.419189, 7488.938965>) quick accessed a lock!
[14:49:19] Player (Mario, 76561199075572610)(<11448.582031, 221.419189, 7483.230957>) quick accessed a lock!
[14:49:22] Player (caleb, 76561199135214219)(<11563.428711, 83.196976, 14747.548828>) quick accessed a lock!
[14:49:24] Player (Mario, 76561199075572610)(<11444.603516, 221.419205, 7481.268066>) quick accessed a lock!
[14:49:27] Player (caleb, 76561199135214219)(<11563.440430, 86.826378, 14747.558594>) quick accessed a lock!
[14:49:28] Player (Mario, 76561199075572610)(<11446.819336, 221.419189, 7477.540039>) quick accessed a lock!
[14:49:31] Player (caleb, 76561199135214219)(<11563.571289, 90.455879, 14747.439453>) quick accessed a lock!
[14:49:34] Player (Mario, 76561199075572610)(<11449.751953, 222.629501, 7473.265625>) quick accessed a lock!
[14:49:39] Player (Mario, 76561199075572610)(<11446.583984, 222.631226, 7470.957520>) quick accessed a lock!
[14:49:40] Player (caleb, 76561199135214219)(<11564.690430, 86.826378, 14746.343750>) quick accessed a lock!
[14:49:45] Player (Mario, 76561199075572610)(<11442.928711, 230.643738, 7467.727051>) quick accessed a lock!
[14:49:51] Player (Mario, 76561199075572610)(<11443.836914, 229.431595, 7471.615723>) quick accessed a lock!
[14:49:56] Player (Mario, 76561199075572610)(<11444.552734, 230.644073, 7475.515137>) quick accessed a lock!
[14:50:11] Player (caleb, 76561199135214219)(<11564.402344, 90.455879, 14746.175781>) quick accessed a lock!
[14:50:24] Player (caleb, 76561199135214219)(<11564.338867, 89.243744, 14743.139648>) quick accessed a lock!
[14:50:53] Player (Mario, 76561199075572610)(<11467.978516, 229.431107, 7474.770996>) quick accessed a lock!
[14:51:56] Player (Skynyrd, 76561198033204425)(<11470.743164, 229.417755, 7484.036621>) quick accessed a lock!
[14:52:02] Player (Skynyrd, 76561198033204425)(<11472.455078, 229.431061, 7469.332031>) quick accessed a lock!
[14:52:41] Player (Skynyrd, 76561198033204425)(<11473.053711, 229.485870, 7484.680664>) quick accessed a lock!
[14:52:57] Player (rvxvii, 76561198225084544)(<3581.083984, 7.637123, 2175.466797>) quick accessed a lock!
[14:53:02] Player (rvxvii, 76561198225084544)(<3583.384277, 10.904982, 2175.784180>) quick accessed a lock!
[14:53:24] Player (rvxvii, 76561198225084544)(<3583.635742, 7.637123, 2177.062256>) quick accessed a lock!
[14:53:26] Player (rvxvii, 76561198225084544)(<3585.886719, 7.637123, 2178.851807>) quick accessed a lock!
[14:53:41] Player (rvxvii, 76561198225084544)(<3583.635742, 7.637123, 2177.062256>) quick accessed a lock!
[14:53:47] Player (rvxvii, 76561198225084544)(<3586.282715, 7.637123, 2183.565918>) quick accessed a lock!
[14:53:50] Player (rvxvii, 76561198225084544)(<3585.732422, 6.000000, 2185.414795>) quick accessed a lock!
[14:54:02] Player (rvxvii, 76561198225084544)(<3588.261719, 7.212138, 2193.646729>) quick accessed a lock!
[14:56:01] Player (rvxvii, 76561198225084544)(<3585.372314, 7.212136, 2203.230957>) quick accessed a lock!
[14:56:05] Player (rvxvii, 76561198225084544)(<3581.340332, 7.212138, 2203.821045>) quick accessed a lock!
[14:59:15] Player (caleb, 76561199135214219)(<11564.688477, 83.196976, 14746.354492>) quick accessed a lock!
[15:04:39] Player (caleb, 76561199135214219)(<11567.834961, 85.614243, 14738.692383>) quick accessed a lock!
[15:05:30] Player (Sarnt_T, 76561199192268635)(<5957.226563, 309.136719, 7899.978027>) set a new passcode on lock!
[15:05:30] Player (Sarnt_T, 76561199192268635)(<5957.226563, 309.136719, 7899.978027>) claimed ownership of a lock!
[15:05:37] Player (Sarnt_T, 76561199192268635)(<5957.226563, 309.136719, 7899.978027>) quick accessed a lock!
[15:05:45] Player (Greeneyedgirl, 76561198322574474)(<5957.226563, 309.136719, 7899.978027>) accessed a lock!
[15:05:45] Player (Greeneyedgirl, 76561198322574474)(<5957.226563, 309.136719, 7899.978027>) was added as a guest of a lock!
[15:05:50] Player (Greeneyedgirl, 76561198322574474)(<5957.226563, 309.136719, 7899.978027>) quick accessed a lock!
[15:19:28] Player (FN, 76561197968480277)(<11444.562500, 229.431931, 7481.314941>) quick accessed a lock!
[15:20:51] Player (FN, 76561197968480277)(<11460.005859, 229.423050, 7492.184082>) quick accessed a lock!
[15:24:22] Player (FN, 76561197968480277)(<11451.157227, 229.431931, 7476.546875>) quick accessed a lock!
[15:24:59] Player (FN, 76561197968480277)(<11455.667969, 229.431931, 7475.112793>) quick accessed a lock!
[15:25:51] Player (FN, 76561197968480277)(<11444.562500, 229.431931, 7481.314941>) quick accessed a lock!
[15:29:22] Player (FN, 76561197968480277)(<11455.519531, 229.427368, 7493.589844>) quick accessed a lock!
[15:31:20] Player (FN, 76561197968480277)(<11444.552734, 230.644073, 7475.515137>) quick accessed a lock!
[15:31:26] Player (FN, 76561197968480277)(<11443.836914, 229.431595, 7471.615723>) quick accessed a lock!
[15:31:41] Player (FN, 76561197968480277)(<11442.928711, 230.643738, 7467.727051>) quick accessed a lock!
[15:32:02] Player (FN, 76561197968480277)(<11446.583984, 222.631226, 7470.957520>) quick accessed a lock!
[15:32:07] Player (FN, 76561197968480277)(<11449.751953, 222.629501, 7473.265625>) quick accessed a lock!
[15:32:13] Player (FN, 76561197968480277)(<11446.819336, 221.419189, 7477.540039>) quick accessed a lock!
[15:32:17] Player (FN, 76561197968480277)(<11444.603516, 221.419205, 7481.268066>) quick accessed a lock!
[15:32:22] Player (FN, 76561197968480277)(<11448.582031, 221.419189, 7483.230957>) quick accessed a lock!
[15:32:27] Player (FN, 76561197968480277)(<11450.410156, 221.419189, 7488.938965>) quick accessed a lock!
[15:32:32] Player (FN, 76561197968480277)(<11449.552734, 222.631348, 7492.176758>) quick accessed a lock!
[15:32:37] Player (FN, 76561197968480277)(<11452.166992, 221.419189, 7494.625000>) quick accessed a lock!
[15:32:41] Player (FN, 76561197968480277)(<11455.375000, 222.631317, 7490.589844>) quick accessed a lock!
[15:32:47] Player (FN, 76561197968480277)(<11459.315430, 222.631302, 7489.286133>) quick accessed a lock!
[15:32:52] Player (FN, 76561197968480277)(<11463.835938, 222.631287, 7488.095703>) quick accessed a lock!
[15:32:57] Player (FN, 76561197968480277)(<11469.097656, 221.419113, 7487.757813>) quick accessed a lock!
[15:33:02] Player (FN, 76561197968480277)(<11472.512695, 221.419098, 7484.933105>) quick accessed a lock!
[15:33:07] Player (FN, 76561197968480277)(<11471.546875, 222.631226, 7473.388672>) quick accessed a lock!
[15:33:21] Player (FN, 76561197968480277)(<11458.455078, 222.631271, 7471.033203>) quick accessed a lock!
[16:18:39] Player (rvxvii, 76561198225084544)(<3581.340332, 7.212138, 2203.821045>) quick accessed a lock!
[16:18:45] Player (rvxvii, 76561198225084544)(<3585.372314, 7.212136, 2203.230957>) quick accessed a lock!
[16:19:16] Player (rvxvii, 76561198225084544)(<3588.261719, 7.212138, 2193.646729>) quick accessed a lock!
[16:19:22] Player (rvxvii, 76561198225084544)(<3585.732422, 6.000000, 2185.414795>) quick accessed a lock!
[16:19:48] Player (rvxvii, 76561198225084544)(<3585.886719, 7.637123, 2178.851807>) quick accessed a lock!
[16:19:52] Player (rvxvii, 76561198225084544)(<3583.635742, 7.637123, 2177.062256>) quick accessed a lock!
[16:20:01] Player (rvxvii, 76561198225084544)(<3581.083984, 7.637123, 2175.466797>) quick accessed a lock!
[16:22:24] Player (rvxvii, 76561198225084544)(<3578.812988, 6.424985, 2169.052490>) quick accessed a lock!
[09-29-2021][16.35.03] Log file reloaded ( Server Restart )
[17:12:04] Player (Biglazy, 76561198036090868)(<6883.799805, 76.110809, 3429.164551>) quick accessed a lock!
[17:14:39] Player (Biglazy, 76561198036090868)(<6883.799805, 76.110809, 3429.164551>) quick accessed a lock!
[17:14:58] Player (MrsBLazy, 76561199124588882)(<6883.799805, 76.110809, 3429.164551>) quick accessed a lock!
[17:15:22] Player (Biglazy, 76561198036090868)(<6886.582031, 75.997833, 3424.988037>) quick accessed a lock!
[17:16:53] Player (MrsBLazy, 76561199124588882)(<6883.799805, 76.110809, 3429.164551>) quick accessed a lock!
[17:17:44] Player (MrsBLazy, 76561199124588882)(<6886.582031, 75.997833, 3424.988037>) quick accessed a lock!
[17:36:06] Player (hitman0220, 76561197974495888)(<11446.161133, 229.431931, 7486.025391>) quick accessed a lock!
[17:38:37] Player (hitman0220, 76561197974495888)(<11446.161133, 229.431931, 7486.025391>) quick accessed a lock!
[17:39:22] Player (hitman0220, 76561197974495888)(<11451.157227, 229.431931, 7476.546875>) accessed a lock!
[17:39:22] Player (hitman0220, 76561197974495888)(<11451.157227, 229.431931, 7476.546875>) was added as a guest of a lock!
[17:41:02] Player (hitman0220, 76561197974495888)(<11455.667969, 229.431931, 7475.112793>) accessed a lock!
[17:41:02] Player (hitman0220, 76561197974495888)(<11455.667969, 229.431931, 7475.112793>) was added as a guest of a lock!
[17:58:34] Player (aerology, 76561198166930831)(<1984.679810, 259.327667, 7387.288574>) set a new passcode on lock!
[17:58:34] Player (aerology, 76561198166930831)(<1984.679810, 259.327667, 7387.288574>) claimed ownership of a lock!
[17:58:52] Player (profuse jew, 76561198202037207)(<1984.679810, 259.327667, 7387.288574>) accessed a lock!
[17:58:52] Player (profuse jew, 76561198202037207)(<1984.679810, 259.327667, 7387.288574>) was added as a guest of a lock!
[17:58:59] Player (profuse jew, 76561198202037207)(<1984.679810, 259.327667, 7387.288574>) quick accessed a lock!
[17:59:11] Player (aerology, 76561198166930831)(<1984.679810, 259.327667, 7387.288574>) quick accessed a lock!
[17:59:24] Player (aerology, 76561198166930831)(<1984.679810, 259.327667, 7387.288574>) quick accessed a lock!
[17:59:45] Player (aerology, 76561198166930831)(<1984.679810, 259.327667, 7387.288574>) quick accessed a lock!
[18:00:20] Player (profuse jew, 76561198202037207)(<1984.679810, 259.327667, 7387.288574>) quick accessed a lock!
[18:00:42] Player (aerology, 76561198166930831)(<1984.679810, 259.327667, 7387.288574>) quick accessed a lock!
[18:01:05] Player (aerology, 76561198166930831)(<1984.679810, 259.327667, 7387.288574>) quick accessed a lock!
[18:01:27] Player (profuse jew, 76561198202037207)(<1984.679810, 259.327667, 7387.288574>) quick accessed a lock!
[18:01:32] Player (aerology, 76561198166930831)(<1984.679810, 259.327667, 7387.288574>) quick accessed a lock!
[18:01:33] Player (aerology, 76561198166930831)(<1984.679810, 259.327667, 7387.288574>) quick accessed a lock!
[18:02:13] Player (aerology, 76561198166930831)(<1984.679810, 259.327667, 7387.288574>) quick accessed a lock!
[18:02:41] Player (aerology, 76561198166930831)(<1984.679810, 259.327667, 7387.288574>) quick accessed a lock!
[18:04:34] Player (aerology, 76561198166930831)(<1983.817749, 260.781006, 7371.600586>) set a new passcode on lock!
[18:04:34] Player (aerology, 76561198166930831)(<1983.817749, 260.781006, 7371.600586>) claimed ownership of a lock!
[18:04:36] Player (aerology, 76561198166930831)(<1983.817749, 260.781006, 7371.600586>) quick accessed a lock!
[18:04:45] Player (aerology, 76561198166930831)(<1983.817749, 260.781006, 7371.600586>) quick accessed a lock!
[18:04:52] Player (aerology, 76561198166930831)(<1983.817749, 260.781006, 7371.600586>) quick accessed a lock!
[18:05:16] Player (aerology, 76561198166930831)(<1983.817749, 260.781006, 7371.600586>) quick accessed a lock!
[18:06:28] Player (aerology, 76561198166930831)(<1983.817749, 260.781006, 7371.600586>) quick accessed a lock!
[18:06:38] Player (aerology, 76561198166930831)(<1984.679810, 259.327667, 7387.288574>) quick accessed a lock!
[18:07:34] Player (aerology, 76561198166930831)(<1984.679810, 259.327667, 7387.288574>) quick accessed a lock!
[18:07:43] Player (aerology, 76561198166930831)(<1983.817749, 260.781006, 7371.600586>) quick accessed a lock!
[18:07:44] Player (aerology, 76561198166930831)(<1983.817749, 260.781006, 7371.600586>) quick accessed a lock!
[18:09:51] Player (aerology, 76561198166930831)(<1983.817749, 260.781006, 7371.600586>) quick accessed a lock!
[18:10:14] Player (aerology, 76561198166930831)(<1984.679810, 259.327667, 7387.288574>) quick accessed a lock!
[18:10:19] Player (aerology, 76561198166930831)(<1984.679810, 259.327667, 7387.288574>) quick accessed a lock!
[18:10:44] Player (aerology, 76561198166930831)(<1984.679810, 259.327667, 7387.288574>) quick accessed a lock!
[18:12:21] Player (Biglazy, 76561198036090868)(<6886.613281, 59.285957, 3424.983643>) quick accessed a lock!
[18:12:39] Player (Biglazy, 76561198036090868)(<6886.582031, 75.997833, 3424.988037>) quick accessed a lock!
[18:12:51] Player (Biglazy, 76561198036090868)(<6883.799805, 76.110809, 3429.164551>) quick accessed a lock!
[18:13:58] Player (aerology, 76561198166930831)(<1984.679810, 259.327667, 7387.288574>) quick accessed a lock!
[18:14:22] Player (aerology, 76561198166930831)(<1984.679810, 259.327667, 7387.288574>) quick accessed a lock!
[18:15:16] Player (aerology, 76561198166930831)(<1984.679810, 259.327667, 7387.288574>) quick accessed a lock!
[18:15:25] Player (aerology, 76561198166930831)(<1984.679810, 259.327667, 7387.288574>) quick accessed a lock!
[18:15:30] Player (aerology, 76561198166930831)(<1984.679810, 259.327667, 7387.288574>) quick accessed a lock!
[18:15:34] Player (aerology, 76561198166930831)(<1984.679810, 259.327667, 7387.288574>) quick accessed a lock!
[18:15:56] Player (aerology, 76561198166930831)(<1984.679810, 259.327667, 7387.288574>) quick accessed a lock!
[18:16:03] Player (aerology, 76561198166930831)(<1984.679810, 259.327667, 7387.288574>) quick accessed a lock!
[18:21:07] Player (STIXS, 76561198281115814)(<11469.342773, 229.424316, 7479.530273>) quick accessed a lock!
[18:22:48] Player (aerology, 76561198166930831)(<1984.679810, 259.327667, 7387.288574>) quick accessed a lock!
[18:26:58] Player (STIXS, 76561198281115814)(<11469.342773, 229.424316, 7479.530273>) quick accessed a lock!
[18:29:49] Player (STIXS, 76561198281115814)(<11464.910156, 229.419144, 7489.862793>) quick accessed a lock!
[18:30:01] Player (STIXS, 76561198281115814)(<11460.005859, 229.423050, 7492.184082>) quick accessed a lock!
[18:30:32] Player (profuse jew, 76561198202037207)(<1984.679810, 259.327667, 7387.288574>) quick accessed a lock!
[18:31:29] Player (STIXS, 76561198281115814)(<11451.157227, 229.431931, 7476.546875>) quick accessed a lock!
[18:31:51] Player (aerology, 76561198166930831)(<1984.679810, 259.327667, 7387.288574>) quick accessed a lock!
[18:31:58] Player (aerology, 76561198166930831)(<1984.679810, 259.327667, 7387.288574>) quick accessed a lock!
[18:32:30] Player (profuse jew, 76561198202037207)(<1983.817749, 260.781006, 7371.600586>) accessed a lock!
[18:32:30] Player (profuse jew, 76561198202037207)(<1983.817749, 260.781006, 7371.600586>) was added as a guest of a lock!
[18:32:46] Player (STIXS, 76561198281115814)(<11455.667969, 229.431931, 7475.112793>) quick accessed a lock!
[18:32:47] Player (aerology, 76561198166930831)(<1983.817749, 260.781006, 7371.600586>) quick accessed a lock!
[18:32:59] Player (aerology, 76561198166930831)(<1983.817749, 260.781006, 7371.600586>) quick accessed a lock!
[18:33:15] Player (aerology, 76561198166930831)(<1983.817749, 260.781006, 7371.600586>) quick accessed a lock!
[18:33:29] Player (profuse jew, 76561198202037207)(<1983.817749, 260.781006, 7371.600586>) quick accessed a lock!
[18:34:03] Player (aerology, 76561198166930831)(<1983.817749, 260.781006, 7371.600586>) quick accessed a lock!
[18:34:18] Player (aerology, 76561198166930831)(<1984.679810, 259.327667, 7387.288574>) quick accessed a lock!
[18:36:45] Player (aerology, 76561198166930831)(<1984.679810, 259.327667, 7387.288574>) quick accessed a lock!
[18:36:51] Player (aerology, 76561198166930831)(<1984.679810, 259.327667, 7387.288574>) quick accessed a lock!
[18:46:12] Player (STIXS, 76561198281115814)(<11471.516602, 229.492493, 7479.980957>) quick accessed a lock!
[18:48:24] Player (Biglazy, 76561198036090868)(<6886.582031, 75.997833, 3424.988037>) quick accessed a lock!
[18:48:45] Player (Biglazy, 76561198036090868)(<6886.613281, 59.285957, 3424.983643>) quick accessed a lock!
[18:54:42] Player (STIXS, 76561198281115814)(<11455.519531, 229.427368, 7493.589844>) quick accessed a lock!
[18:55:50] Player (LordofCereal, 76561198120957192)(<7813.257813, 215.168579, 5116.685547>) quick accessed a lock!
[18:57:11] Player (STIXS, 76561198281115814)(<11471.516602, 229.492493, 7479.980957>) quick accessed a lock!
[18:57:18] Player (Survivor, 76561199097922005)(<176.991684, 210.363159, 5638.885254>) accessed a lock!
[18:57:18] Player (Survivor, 76561199097922005)(<176.991684, 210.363159, 5638.885254>) was added as a guest of a lock!
[18:57:33] Player (Survivor, 76561199097922005)(<176.991684, 210.363159, 5638.885254>) quick accessed a lock!
[18:59:03] Player (Survivor, 76561199097922005)(<176.097336, 210.656967, 5640.968750>) accessed a lock!
[18:59:03] Player (Survivor, 76561199097922005)(<176.097336, 210.656967, 5640.968750>) was added as a guest of a lock!
[19:00:29] Player (STIXS, 76561198281115814)(<11471.516602, 229.492493, 7479.980957>) quick accessed a lock!
[19:01:00] Player (STIXS, 76561198281115814)(<11469.342773, 229.424316, 7479.530273>) quick accessed a lock!
[19:01:04] Player (STIXS, 76561198281115814)(<11455.519531, 229.427368, 7493.589844>) quick accessed a lock!
[19:14:19] Player (STIXS, 76561198281115814)(<11471.516602, 229.492493, 7479.980957>) quick accessed a lock!
[19:14:28] Player (Biglazy, 76561198036090868)(<6886.613281, 59.285957, 3424.983643>) quick accessed a lock!
[19:14:50] Player (Biglazy, 76561198036090868)(<6886.582031, 75.997833, 3424.988037>) quick accessed a lock!
[19:15:19] Player (caleb, 76561199135214219)(<11564.338867, 89.243744, 14743.139648>) quick accessed a lock!
[19:15:23] Player (Biglazy, 76561198036090868)(<6883.799805, 76.110809, 3429.164551>) quick accessed a lock!
[19:15:37] Player (caleb, 76561199135214219)(<11564.402344, 90.455879, 14746.175781>) quick accessed a lock!
[19:15:39] Player (caleb, 76561199135214219)(<11564.402344, 90.455879, 14746.175781>) quick accessed a lock!
[19:15:42] Player (caleb, 76561199135214219)(<11563.571289, 90.455879, 14747.439453>) quick accessed a lock!
[19:15:44] Player (caleb, 76561199135214219)(<11564.402344, 90.455879, 14746.175781>) quick accessed a lock!
[19:16:08] Player (Biglazy, 76561198036090868)(<6883.799805, 76.110809, 3429.164551>) quick accessed a lock!
[19:16:11] Player (Biglazy, 76561198036090868)(<6886.582031, 75.997833, 3424.988037>) quick accessed a lock!
[19:16:15] Player (caleb, 76561199135214219)(<11563.440430, 86.826378, 14747.558594>) quick accessed a lock!
[19:16:25] Player (caleb, 76561199135214219)(<11563.428711, 83.196976, 14747.548828>) quick accessed a lock!
[19:16:36] Player (caleb, 76561199135214219)(<11563.380859, 71.802475, 14747.577148>) quick accessed a lock!
[19:27:16] Player (STIXS, 76561198281115814)(<11444.552734, 230.644073, 7475.515137>) quick accessed a lock!
[19:27:23] Player (STIXS, 76561198281115814)(<11443.836914, 229.431595, 7471.615723>) quick accessed a lock!
[19:27:26] Player (STIXS, 76561198281115814)(<11442.928711, 230.643738, 7467.727051>) quick accessed a lock!
[19:29:09] Player (STIXS, 76561198281115814)(<11444.552734, 230.644073, 7475.515137>) quick accessed a lock!
[19:29:15] Player (Kaleb, 76561198892748368)(<11150.725586, 200.712891, 12301.879883>) quick accessed a lock!
[19:29:22] Player (Kaleb, 76561198892748368)(<11152.964844, 199.586151, 12301.857422>) quick accessed a lock!
[19:29:29] Player (Kaleb, 76561198892748368)(<11153.391602, 200.794144, 12304.242188>) quick accessed a lock!
[19:29:33] Player (Kaleb, 76561198892748368)(<11154.296875, 200.796143, 12305.547852>) quick accessed a lock!
[19:29:38] Player (Kaleb, 76561198892748368)(<11154.633789, 200.798141, 12305.773438>) quick accessed a lock!
[19:29:43] Player (Kaleb, 76561198892748368)(<11154.591797, 200.800140, 12305.971680>) quick accessed a lock!
[19:29:53] Player (Kaleb, 76561198892748368)(<11154.813477, 200.851807, 12305.997070>) quick accessed a lock!
[19:29:57] Player (Kaleb, 76561198892748368)(<11157.393555, 204.045959, 12310.053711>) quick accessed a lock!
[19:30:02] Player (Kaleb, 76561198892748368)(<11157.793945, 204.047958, 12310.179688>) quick accessed a lock!
[19:30:07] Player (Kaleb, 76561198892748368)(<11161.260742, 204.043015, 12307.696289>) quick accessed a lock!
[19:30:45] Player (caleb, 76561199135214219)(<11563.380859, 71.802475, 14747.577148>) quick accessed a lock!
[19:30:57] Player (caleb, 76561199135214219)(<11563.428711, 83.196976, 14747.548828>) quick accessed a lock!
[19:31:04] Player (caleb, 76561199135214219)(<11563.440430, 86.826378, 14747.558594>) quick accessed a lock!
[19:31:10] Player (caleb, 76561199135214219)(<11563.571289, 90.455879, 14747.439453>) quick accessed a lock!
[19:31:12] Player (caleb, 76561199135214219)(<11564.402344, 90.455879, 14746.175781>) quick accessed a lock!
[19:31:16] Player (caleb, 76561199135214219)(<11564.338867, 89.243744, 14743.139648>) quick accessed a lock!
[19:31:34] Player (caleb, 76561199135214219)(<11564.338867, 89.243744, 14743.139648>) quick accessed a lock!
[19:31:48] Player (Kaleb, 76561198892748368)(<11166.286133, 202.826096, 12301.839844>) set a new passcode on lock!
[19:31:48] Player (Kaleb, 76561198892748368)(<11166.286133, 202.826096, 12301.839844>) claimed ownership of a lock!
[19:31:54] Player (Kaleb, 76561198892748368)(<11165.736328, 202.826523, 12304.736328>) quick accessed a lock!
[09-29-2021][19.33.24] Log file reloaded ( Server Restart )
[20:13:10] Player (Skynyrd, 76561198033204425)(<11454.248047, 221.419174, 7487.890137>) set a new passcode on lock!
[20:13:10] Player (Skynyrd, 76561198033204425)(<11454.248047, 221.419174, 7487.890137>) claimed ownership of a lock!
[20:28:27] Player (Skynyrd, 76561198033204425)(<11454.248047, 221.419174, 7487.890137>) quick accessed a lock!
[20:49:08] Player (SonJd, 76561198214438271)(<3594.468018, 7.412386, 2168.896729>) set a new passcode on lock!
[20:49:08] Player (SonJd, 76561198214438271)(<3594.468018, 7.412386, 2168.896729>) claimed ownership of a lock!
[20:49:09] Player (SonJd, 76561198214438271)(<3594.468018, 7.412386, 2168.896729>) quick accessed a lock!
[20:49:41] Player (SonJd, 76561198214438271)(<3594.468018, 7.412386, 2168.896729>) quick accessed a lock!
[20:52:49] Player (Skynyrd, 76561198033204425)(<11454.248047, 221.419174, 7487.890137>) quick accessed a lock!
[20:53:12] Player (Skynyrd, 76561198033204425)(<11454.248047, 221.419174, 7487.890137>) quick accessed a lock!
[20:56:59] Player (STIXS, 76561198281115814)(<11454.248047, 221.419174, 7487.890137>) accessed a lock!
[20:56:59] Player (STIXS, 76561198281115814)(<11454.248047, 221.419174, 7487.890137>) was added as a guest of a lock!
[20:57:47] Player (SonJd, 76561198214438271)(<3594.468018, 7.412386, 2168.896729>) quick accessed a lock!
[20:58:00] Player (SonJd, 76561198214438271)(<3594.468018, 7.412386, 2168.896729>) quick accessed a lock!
[21:00:30] Player (SonJd, 76561198214438271)(<3594.468018, 7.412386, 2168.896729>) quick accessed a lock!
[21:01:26] Player (iNSANE, 76561198167062860)(<3594.468018, 7.412386, 2168.896729>) accessed a lock!
[21:01:26] Player (iNSANE, 76561198167062860)(<3594.468018, 7.412386, 2168.896729>) was added as a guest of a lock!
[21:08:15] Player (Skynyrd, 76561198033204425)(<11454.248047, 221.419174, 7487.890137>) quick accessed a lock!
[21:13:01] Player (KillSwitch68, 76561198041952552)(<3589.950195, 6.424985, 2181.035156>) set a new passcode on lock!
[21:13:01] Player (KillSwitch68, 76561198041952552)(<3589.950195, 6.424985, 2181.035156>) claimed ownership of a lock!
[21:13:05] Player (KillSwitch68, 76561198041952552)(<3589.950195, 6.424985, 2181.035156>) quick accessed a lock!
[21:13:45] Player (KillSwitch68, 76561198041952552)(<3589.950195, 6.424985, 2181.035156>) quick accessed a lock!
[21:14:38] Player (KillSwitch68, 76561198041952552)(<3589.950195, 6.424985, 2181.035156>) quick accessed a lock!
[21:15:46] Player (KillSwitch68, 76561198041952552)(<3589.950195, 6.424985, 2181.035156>) quick accessed a lock!
[21:26:06] Player (SonJd, 76561198214438271)(<3594.468018, 7.412386, 2168.896729>) quick accessed a lock!
[21:27:03] Player (SonJd, 76561198214438271)(<3594.468018, 7.412386, 2168.896729>) quick accessed a lock!
[21:31:20] Player (iNSANE, 76561198167062860)(<3594.468018, 7.412386, 2168.896729>) quick accessed a lock!
[21:31:29] Player (iNSANE, 76561198167062860)(<3594.468018, 7.412386, 2168.896729>) quick accessed a lock!
[21:38:42] Player (Skynyrd, 76561198033204425)(<11454.248047, 221.419174, 7487.890137>) quick accessed a lock!
[21:39:57] Player (Skynyrd, 76561198033204425)(<11454.248047, 221.419174, 7487.890137>) quick accessed a lock!
[21:41:27] Player (Skynyrd, 76561198033204425)(<11454.248047, 221.419174, 7487.890137>) quick accessed a lock!
[21:44:59] Player (Skynyrd, 76561198033204425)(<11454.248047, 221.419174, 7487.890137>) quick accessed a lock!
[21:45:22] Player (Skynyrd, 76561198033204425)(<11463.396484, 221.419128, 7484.758301>) set a new passcode on lock!
[21:45:22] Player (Skynyrd, 76561198033204425)(<11463.396484, 221.419128, 7484.758301>) claimed ownership of a lock!
[21:45:28] Player (Skynyrd, 76561198033204425)(<11454.248047, 221.419174, 7487.890137>) quick accessed a lock!
[21:49:44] Player (Storm, 76561198033243208)(<11463.396484, 221.419128, 7484.758301>) accessed a lock!
[21:49:44] Player (Storm, 76561198033243208)(<11463.396484, 221.419128, 7484.758301>) was added as a guest of a lock!
[21:50:15] Player (KillSwitch68, 76561198041952552)(<3589.950195, 6.424985, 2181.035156>) quick accessed a lock!
[21:52:45] Player (STIXS, 76561198281115814)(<11463.396484, 221.419128, 7484.758301>) accessed a lock!
[21:52:45] Player (STIXS, 76561198281115814)(<11463.396484, 221.419128, 7484.758301>) was added as a guest of a lock!
[21:52:53] Player (STIXS, 76561198281115814)(<11463.396484, 221.419128, 7484.758301>) quick accessed a lock!
[21:55:19] Player (KillSwitch68, 76561198041952552)(<3589.950195, 6.424985, 2181.035156>) quick accessed a lock!
[21:58:38] Player (SonJd, 76561198214438271)(<3594.468018, 7.412386, 2168.896729>) quick accessed a lock!
[22:02:00] Player (Skynyrd, 76561198033204425)(<11454.248047, 221.419174, 7487.890137>) quick accessed a lock!
[22:03:15] Player (Skynyrd, 76561198033204425)(<11454.248047, 221.419174, 7487.890137>) quick accessed a lock!
[22:03:18] Player (Storm, 76561198033243208)(<11463.396484, 221.419128, 7484.758301>) quick accessed a lock!
[22:12:22] Player (STIXS, 76561198281115814)(<11463.396484, 221.419128, 7484.758301>) quick accessed a lock!
[22:13:08] Player (iNSANE, 76561198167062860)(<3589.950195, 6.424985, 2181.035156>) accessed a lock!
[22:13:08] Player (iNSANE, 76561198167062860)(<3589.950195, 6.424985, 2181.035156>) was added as a guest of a lock!
[22:15:22] Player (Storm, 76561198033243208)(<11463.396484, 221.419128, 7484.758301>) quick accessed a lock!
[22:16:22] Player (Skynyrd, 76561198033204425)(<11454.248047, 221.419174, 7487.890137>) quick accessed a lock!
[22:20:46] Player (Survivor (2), 76561199121199012)(<11463.396484, 221.419128, 7484.758301>) accessed a lock!
[22:20:46] Player (Survivor (2), 76561199121199012)(<11463.396484, 221.419128, 7484.758301>) was added as a guest of a lock!
[22:26:34] Player (Skynyrd, 76561198033204425)(<11454.248047, 221.419174, 7487.890137>) quick accessed a lock!
[22:26:49] Player (Skynyrd, 76561198033204425)(<11463.396484, 221.419128, 7484.758301>) quick accessed a lock!
[22:29:02] Player (SonJd, 76561198214438271)(<3594.468018, 7.412386, 2168.896729>) quick accessed a lock!
[22:29:12] Player (SonJd, 76561198214438271)(<3594.468018, 7.412386, 2168.896729>) quick accessed a lock!
[22:29:45] Player (SonJd, 76561198214438271)(<3594.468018, 7.412386, 2168.896729>) quick accessed a lock!
[22:32:13] Player (hitman0220, 76561197974495888)(<11463.396484, 221.419128, 7484.758301>) accessed a lock!
[22:32:13] Player (hitman0220, 76561197974495888)(<11463.396484, 221.419128, 7484.758301>) was added as a guest of a lock!
[22:32:47] Player (hitman0220, 76561197974495888)(<11454.248047, 221.419174, 7487.890137>) accessed a lock!
[22:32:47] Player (hitman0220, 76561197974495888)(<11454.248047, 221.419174, 7487.890137>) was added as a guest of a lock!
[22:33:20] Player (SonJd, 76561198214438271)(<3594.468018, 7.412386, 2168.896729>) quick accessed a lock!
[22:34:06] Player (hitman0220, 76561197974495888)(<11463.396484, 221.419128, 7484.758301>) quick accessed a lock!
[22:34:39] Player (SonJd, 76561198214438271)(<3589.950195, 6.424985, 2181.035156>) accessed a lock!
[22:34:39] Player (SonJd, 76561198214438271)(<3589.950195, 6.424985, 2181.035156>) was added as a guest of a lock!
[22:34:40] Player (HAUNTxURxDREAMS, 76561199166899329)(<3578.356445, 6.424985, 2167.843506>) set a new passcode on lock!
[22:34:40] Player (HAUNTxURxDREAMS, 76561199166899329)(<3578.356445, 6.424985, 2167.843506>) claimed ownership of a lock!
[22:34:42] Player (HAUNTxURxDREAMS, 76561199166899329)(<3578.356445, 6.424985, 2167.843506>) quick accessed a lock!
[22:35:26] Player (SonJd, 76561198214438271)(<3594.468018, 7.412386, 2168.896729>) quick accessed a lock!
[22:36:36] Player (HAUNTxURxDREAMS, 76561199166899329)(<3578.356445, 6.424985, 2167.843506>) quick accessed a lock!
[22:38:02] Player (HAUNTxURxDREAMS, 76561199166899329)(<3586.320313, 7.637123, 2183.474121>) set a new passcode on lock!
[22:38:02] Player (HAUNTxURxDREAMS, 76561199166899329)(<3586.320313, 7.637123, 2183.474121>) claimed ownership of a lock!
[22:38:03] Player (HAUNTxURxDREAMS, 76561199166899329)(<3586.320313, 7.637123, 2183.474121>) quick accessed a lock!
[22:39:07] Player (SonJd, 76561198214438271)(<3594.468018, 7.412386, 2168.896729>) removed a lock!
[22:41:50] Player (STIXS, 76561198281115814)(<11463.396484, 221.419128, 7484.758301>) quick accessed a lock!
[22:42:38] Player (DarthErrina, 76561199134542915)(<3586.320313, 7.637123, 2183.474121>) accessed a lock!
[22:42:38] Player (DarthErrina, 76561199134542915)(<3586.320313, 7.637123, 2183.474121>) was added as a guest of a lock!
[22:44:06] Player (Storm, 76561198033243208)(<11454.248047, 221.419174, 7487.890137>) accessed a lock!
[22:44:06] Player (Storm, 76561198033243208)(<11454.248047, 221.419174, 7487.890137>) was added as a guest of a lock!
[22:44:15] Player (SonJd, 76561198214438271)(<3589.950195, 6.424985, 2181.035156>) quick accessed a lock!
[22:45:59] Player (DarthErrina, 76561199134542915)(<3586.320313, 7.637123, 2183.474121>) quick accessed a lock!
[22:58:49] Player (DarthErrina, 76561199134542915)(<3586.320313, 7.637123, 2183.474121>) quick accessed a lock!
[23:00:27] Player (Storm, 76561198033243208)(<11463.396484, 221.419128, 7484.758301>) quick accessed a lock!
[23:02:34] Player (DarthErrina, 76561199134542915)(<3586.320313, 7.637123, 2183.474121>) quick accessed a lock!
[23:04:07] Player (SonJd, 76561198214438271)(<3589.950195, 6.424985, 2181.035156>) quick accessed a lock!
[23:04:52] Player (STIXS, 76561198281115814)(<11463.396484, 221.419128, 7484.758301>) quick accessed a lock!
[23:05:01] Player (STIXS, 76561198281115814)(<11454.248047, 221.419174, 7487.890137>) quick accessed a lock!
[23:05:32] Player (DarthErrina, 76561199134542915)(<3586.320313, 7.637123, 2183.474121>) quick accessed a lock!
[23:05:38] Player (DarthErrina, 76561199134542915)(<3586.320313, 7.637123, 2183.474121>) quick accessed a lock!
[23:06:18] Player (DarthErrina, 76561199134542915)(<3586.320313, 7.637123, 2183.474121>) quick accessed a lock!
[23:06:24] Player (STIXS, 76561198281115814)(<11463.396484, 221.419128, 7484.758301>) quick accessed a lock!
[23:06:59] Player (HAUNTxURxDREAMS, 76561199166899329)(<3586.320313, 7.637123, 2183.474121>) quick accessed a lock!
[23:07:37] Player (STIXS, 76561198281115814)(<11463.396484, 221.419128, 7484.758301>) quick accessed a lock!
[23:09:25] Player (SonJd, 76561198214438271)(<3586.320313, 7.637123, 2183.474121>) accessed a lock!
[23:09:25] Player (SonJd, 76561198214438271)(<3586.320313, 7.637123, 2183.474121>) was added as a guest of a lock!
[23:10:26] Player (SonJd, 76561198214438271)(<3586.320313, 7.637123, 2183.474121>) quick accessed a lock!
[23:10:37] Player (STIXS, 76561198281115814)(<11454.248047, 221.419174, 7487.890137>) quick accessed a lock!
[23:10:57] Player (SonJd, 76561198214438271)(<3586.320313, 7.637123, 2183.474121>) quick accessed a lock!
[23:11:19] Player (Skynyrd, 76561198033204425)(<11454.248047, 221.419174, 7487.890137>) quick accessed a lock!
[23:11:58] Player (Skynyrd, 76561198033204425)(<11463.396484, 221.419128, 7484.758301>) quick accessed a lock!
[23:12:41] Player (Skynyrd, 76561198033204425)(<11454.248047, 221.419174, 7487.890137>) quick accessed a lock!
[23:13:52] Player (hitman0220, 76561197974495888)(<11463.396484, 221.419128, 7484.758301>) quick accessed a lock!
[23:14:15] Player (Skynyrd, 76561198033204425)(<11454.248047, 221.419174, 7487.890137>) quick accessed a lock!
[23:17:10] Player (Skynyrd, 76561198033204425)(<11454.248047, 221.419174, 7487.890137>) quick accessed a lock!
[23:17:12] Player (SonJd, 76561198214438271)(<3586.320313, 7.637123, 2183.474121>) quick accessed a lock!
[23:17:52] Player (SonJd, 76561198214438271)(<3589.950195, 6.424985, 2181.035156>) quick accessed a lock!
[23:18:07] Player (MRJOKER1570, 76561198132106256)(<11454.248047, 221.419174, 7487.890137>) accessed a lock!
[23:18:07] Player (MRJOKER1570, 76561198132106256)(<11454.248047, 221.419174, 7487.890137>) was added as a guest of a lock!
[23:18:16] Player (Skynyrd, 76561198033204425)(<11463.396484, 221.419128, 7484.758301>) quick accessed a lock!
[23:18:51] Player (MRJOKER1570, 76561198132106256)(<11463.396484, 221.419128, 7484.758301>) accessed a lock!
[23:18:51] Player (MRJOKER1570, 76561198132106256)(<11463.396484, 221.419128, 7484.758301>) was added as a guest of a lock!
[23:18:53] Player (SonJd, 76561198214438271)(<3589.950195, 6.424985, 2181.035156>) quick accessed a lock!
[23:18:53] Player (HAUNTxURxDREAMS, 76561199166899329)(<3586.320313, 7.637123, 2183.474121>) quick accessed a lock!
[23:19:31] Player (HAUNTxURxDREAMS, 76561199166899329)(<3586.320313, 7.637123, 2183.474121>) quick accessed a lock!
[23:19:35] Player (SonJd, 76561198214438271)(<3578.356445, 6.424985, 2167.843506>) accessed a lock!
[23:19:35] Player (SonJd, 76561198214438271)(<3578.356445, 6.424985, 2167.843506>) was added as a guest of a lock!
[23:19:57] Player (DarthErrina, 76561199134542915)(<3586.320313, 7.637123, 2183.474121>) quick accessed a lock!
[23:20:12] Player (HAUNTxURxDREAMS, 76561199166899329)(<3578.356445, 6.424985, 2167.843506>) quick accessed a lock!
[23:22:10] Player (Skynyrd, 76561198033204425)(<11463.396484, 221.419128, 7484.758301>) quick accessed a lock!
[23:22:45] Player (Skynyrd, 76561198033204425)(<11463.396484, 221.419128, 7484.758301>) quick accessed a lock!
[23:32:06] Player (Skynyrd, 76561198033204425)(<11463.396484, 221.419128, 7484.758301>) quick accessed a lock!
[23:33:31] Player (Skynyrd, 76561198033204425)(<11463.396484, 221.419128, 7484.758301>) quick accessed a lock!
[09-29-2021][23.35.37] Log file reloaded ( Server Restart )
[23:40:05] Player (Skynyrd, 76561198033204425)(<11463.396484, 221.419128, 7484.758301>) quick accessed a lock!
[23:43:16] Player (Skynyrd, 76561198033204425)(<11463.396484, 221.419128, 7484.758301>) quick accessed a lock!
[23:47:01] Player (Skynyrd, 76561198033204425)(<11463.396484, 221.419128, 7484.758301>) quick accessed a lock!
[23:51:29] Player (FN, 76561197968480277)(<11463.396484, 221.419128, 7484.758301>) accessed a lock!
[23:51:29] Player (FN, 76561197968480277)(<11463.396484, 221.419128, 7484.758301>) was added as a guest of a lock!
[23:51:37] Player (FN, 76561197968480277)(<11463.396484, 221.419128, 7484.758301>) quick accessed a lock!
[23:52:08] Player (FN, 76561197968480277)(<11463.396484, 221.419128, 7484.758301>) quick accessed a lock!
[23:52:24] Player (FN, 76561197968480277)(<11463.396484, 221.419128, 7484.758301>) quick accessed a lock!
[23:52:45] Player (FN, 76561197968480277)(<11463.396484, 221.419128, 7484.758301>) quick accessed a lock!
[23:53:05] Player (FN, 76561197968480277)(<11454.248047, 221.419174, 7487.890137>) accessed a lock!
[23:53:05] Player (FN, 76561197968480277)(<11454.248047, 221.419174, 7487.890137>) was added as a guest of a lock!
[23:53:46] Player (MrsBLazy, 76561199124588882)(<6856.226563, 81.163765, 3498.498779>) set a new passcode on lock!
[23:53:46] Player (MrsBLazy, 76561199124588882)(<6856.226563, 81.163765, 3498.498779>) claimed ownership of a lock!
[23:53:56] Player (MrsBLazy, 76561199124588882)(<6856.226563, 81.163765, 3498.498779>) quick accessed a lock!
[23:54:15] Player (FN, 76561197968480277)(<11463.396484, 221.419128, 7484.758301>) quick accessed a lock!
[23:54:19] Player (FN, 76561197968480277)(<11463.396484, 221.419128, 7484.758301>) quick accessed a lock!
[23:57:49] Player (MrsBLazy, 76561199124588882)(<6856.226563, 81.163765, 3498.498779>) quick accessed a lock!
[00:00:35] Player (Biglazy, 76561198036090868)(<6856.226563, 81.163765, 3498.498779>) accessed a lock!
[00:00:35] Player (Biglazy, 76561198036090868)(<6856.226563, 81.163765, 3498.498779>) was added as a guest of a lock!
[00:01:37] Player (Skynyrd, 76561198033204425)(<11463.396484, 221.419128, 7484.758301>) quick accessed a lock!
[00:02:20] Player (Skynyrd, 76561198033204425)(<11463.396484, 221.419128, 7484.758301>) quick accessed a lock!
[00:02:54] Player (MrsBLazy, 76561199124588882)(<6856.226563, 81.163765, 3498.498779>) quick accessed a lock!
[00:04:59] Player (hitman0220, 76561197974495888)(<11454.248047, 221.419174, 7487.890137>) quick accessed a lock!
[00:05:33] Player (hitman0220, 76561197974495888)(<11463.396484, 221.419128, 7484.758301>) quick accessed a lock!
[00:21:30] Player (STIXS, 76561198281115814)(<11463.396484, 221.419128, 7484.758301>) quick accessed a lock!
[00:27:12] Player (Creepy Joe, 76561198045458963)(<11463.396484, 221.419128, 7484.758301>) accessed a lock!
[00:27:12] Player (Creepy Joe, 76561198045458963)(<11463.396484, 221.419128, 7484.758301>) was added as a guest of a lock!
[00:36:11] Player (Skynyrd, 76561198033204425)(<11454.248047, 221.419174, 7487.890137>) quick accessed a lock!
[00:40:25] Player (Skynyrd, 76561198033204425)(<11458.535156, 222.631287, 7477.558105>) set a new passcode on lock!
[00:40:25] Player (Skynyrd, 76561198033204425)(<11458.535156, 222.631287, 7477.558105>) claimed ownership of a lock!
[00:43:59] Player (Skynyrd, 76561198033204425)(<11458.535156, 222.631287, 7477.558105>) quick accessed a lock!
[00:44:06] Player (Skynyrd, 76561198033204425)(<11463.396484, 221.419128, 7484.758301>) quick accessed a lock!
[00:47:17] Player (Skynyrd, 76561198033204425)(<11458.535156, 222.631287, 7477.558105>) quick accessed a lock!
[00:47:50] Player (Skynyrd, 76561198033204425)(<11458.535156, 222.631287, 7477.558105>) quick accessed a lock!
[00:47:54] Player (Skynyrd, 76561198033204425)(<11463.396484, 221.419128, 7484.758301>) quick accessed a lock!
[00:50:05] Player (Skynyrd, 76561198033204425)(<11463.396484, 221.419128, 7484.758301>) quick accessed a lock!
[00:50:54] Player (Skynyrd, 76561198033204425)(<11454.248047, 221.419174, 7487.890137>) quick accessed a lock!
[00:51:17] Player (Skynyrd, 76561198033204425)(<11458.535156, 222.631287, 7477.558105>) quick accessed a lock!
[00:51:48] Player (Skynyrd, 76561198033204425)(<11458.535156, 222.631287, 7477.558105>) quick accessed a lock!
[00:52:30] Player (Skynyrd, 76561198033204425)(<11458.535156, 222.631287, 7477.558105>) quick accessed a lock!
[00:53:45] Player (Skynyrd, 76561198033204425)(<11458.535156, 222.631287, 7477.558105>) quick accessed a lock!
[00:54:19] Player (STIXS, 76561198281115814)(<11463.396484, 221.419128, 7484.758301>) quick accessed a lock!
[00:54:51] Player (Skynyrd, 76561198033204425)(<11463.396484, 221.419128, 7484.758301>) quick accessed a lock!
[00:56:41] Player (Skynyrd, 76561198033204425)(<11463.396484, 221.419128, 7484.758301>) quick accessed a lock!
[00:57:40] Player (Skynyrd, 76561198033204425)(<11463.396484, 221.419128, 7484.758301>) quick accessed a lock!
[00:57:51] Player (STIXS, 76561198281115814)(<11463.396484, 221.419128, 7484.758301>) quick accessed a lock!
[00:58:00] Player (STIXS, 76561198281115814)(<11458.535156, 222.631287, 7477.558105>) accessed a lock!
[00:58:00] Player (STIXS, 76561198281115814)(<11458.535156, 222.631287, 7477.558105>) was added as a guest of a lock!
[00:58:09] Player (STIXS, 76561198281115814)(<11458.535156, 222.631287, 7477.558105>) quick accessed a lock!
[00:58:13] Player (STIXS, 76561198281115814)(<11463.396484, 221.419128, 7484.758301>) quick accessed a lock!
[00:58:25] Player (STIXS, 76561198281115814)(<11463.396484, 221.419128, 7484.758301>) quick accessed a lock!
[00:58:33] Player (Skynyrd, 76561198033204425)(<11463.396484, 221.419128, 7484.758301>) quick accessed a lock!
[00:58:38] Player (STIXS, 76561198281115814)(<11458.535156, 222.631287, 7477.558105>) quick accessed a lock!
[00:59:21] Player (Skynyrd, 76561198033204425)(<11463.396484, 221.419128, 7484.758301>) quick accessed a lock!
[01:01:06] Player (Skynyrd, 76561198033204425)(<11454.248047, 221.419174, 7487.890137>) quick accessed a lock!
[01:03:27] Player (Doc Holiday, 76561199121199012)(<11463.396484, 221.419128, 7484.758301>) quick accessed a lock!
[01:04:16] Player (Storm, 76561198033243208)(<11454.248047, 221.419174, 7487.890137>) quick accessed a lock!
[01:04:34] Player (Storm, 76561198033243208)(<11463.396484, 221.419128, 7484.758301>) quick accessed a lock!
[01:04:56] Player (Skynyrd, 76561198033204425)(<11458.535156, 222.631287, 7477.558105>) quick accessed a lock!
[01:05:11] Player (Skynyrd, 76561198033204425)(<11458.535156, 222.631287, 7477.558105>) quick accessed a lock!
[01:05:13] Player (STIXS, 76561198281115814)(<11458.535156, 222.631287, 7477.558105>) quick accessed a lock!
[01:05:16] Player (Skynyrd, 76561198033204425)(<11463.396484, 221.419128, 7484.758301>) quick accessed a lock!
[01:05:42] Player (Skynyrd, 76561198033204425)(<11463.396484, 221.419128, 7484.758301>) quick accessed a lock!
[01:05:50] Player (Skynyrd, 76561198033204425)(<11454.248047, 221.419174, 7487.890137>) quick accessed a lock!
[01:06:08] Player (Skynyrd, 76561198033204425)(<11463.396484, 221.419128, 7484.758301>) quick accessed a lock!
[01:06:22] Player (Skynyrd, 76561198033204425)(<11463.396484, 221.419128, 7484.758301>) quick accessed a lock!
[01:11:56] Player (Skynyrd, 76561198033204425)(<11458.535156, 222.631287, 7477.558105>) quick accessed a lock!
[01:12:31] Player (Skynyrd, 76561198033204425)(<11458.535156, 222.631287, 7477.558105>) quick accessed a lock!
[01:12:39] Player (Skynyrd, 76561198033204425)(<11454.248047, 221.419174, 7487.890137>) quick accessed a lock!
[01:13:34] Player (Skynyrd, 76561198033204425)(<11458.535156, 222.631287, 7477.558105>) quick accessed a lock!
[01:13:46] Player (Skynyrd, 76561198033204425)(<11458.535156, 222.631287, 7477.558105>) quick accessed a lock!
[01:14:15] Player (Skynyrd, 76561198033204425)(<11454.248047, 221.419174, 7487.890137>) quick accessed a lock!
[01:14:40] Player (Skynyrd, 76561198033204425)(<11458.535156, 222.631287, 7477.558105>) quick accessed a lock!
[01:14:45] Player (Skynyrd, 76561198033204425)(<11458.535156, 222.631287, 7477.558105>) quick accessed a lock!
[01:15:12] Player (Skynyrd, 76561198033204425)(<11458.535156, 222.631287, 7477.558105>) quick accessed a lock!
[01:15:17] Player (Skynyrd, 76561198033204425)(<11454.248047, 221.419174, 7487.890137>) quick accessed a lock!
[01:17:19] Player (Skynyrd, 76561198033204425)(<11458.535156, 222.631287, 7477.558105>) quick accessed a lock!
[01:33:02] Player (hitman0220, 76561197974495888)(<11463.396484, 221.419128, 7484.758301>) quick accessed a lock!
[01:33:12] Player (hitman0220, 76561197974495888)(<11454.248047, 221.419174, 7487.890137>) quick accessed a lock!
[01:34:34] Player (STIXS, 76561198281115814)(<11463.396484, 221.419128, 7484.758301>) quick accessed a lock!
[01:34:39] Player (STIXS, 76561198281115814)(<11458.535156, 222.631287, 7477.558105>) quick accessed a lock!
[01:34:47] Player (STIXS, 76561198281115814)(<11458.535156, 222.631287, 7477.558105>) quick accessed a lock!
[01:37:55] Player (hitman0220, 76561197974495888)(<11458.535156, 222.631287, 7477.558105>) accessed a lock!
[01:37:55] Player (hitman0220, 76561197974495888)(<11458.535156, 222.631287, 7477.558105>) was added as a guest of a lock!
[01:49:22] Player (Creepy Joe, 76561198045458963)(<11463.396484, 221.419128, 7484.758301>) quick accessed a lock!
[03:31:22] Player ([N.E.M] PoGo Sticks, 76561199165939621)(<8781.728516, 142.020447, 2914.843262>) set a new passcode on lock!
[03:31:22] Player ([N.E.M] PoGo Sticks, 76561199165939621)(<8781.728516, 142.020447, 2914.843262>) claimed ownership of a lock!
[03:32:46] Player ([N.E.M] PoGo Sticks, 76561199165939621)(<8781.728516, 142.020447, 2914.843262>) quick accessed a lock!
[03:34:58] Player ([N.E.M] PoGo Sticks, 76561199165939621)(<8781.728516, 142.020447, 2914.843262>) quick accessed a lock!
