[09-02-2021][02.27.51] New Access Log File Created!
[02:29:22] Player (^DBD^ Maxo, 76561198148661627)(<1189.157593, 344.580933, 9985.374023>) quick accessed a lock!
[02:29:36] Player (^DBD^ Maxo, 76561198148661627)(<1186.750732, 344.556030, 9985.829102>) quick accessed a lock!
[02:29:40] Player (^DBD^ Maxo, 76561198148661627)(<1180.172852, 344.556030, 9987.970703>) quick accessed a lock!
[02:30:51] Player (^DBD^ Maxo, 76561198148661627)(<1180.172852, 344.556030, 9987.970703>) quick accessed a lock!
[02:30:58] Player (^DBD^ Maxo, 76561198148661627)(<1180.172852, 344.556030, 9987.970703>) quick accessed a lock!
[02:32:57] Player (^DBD^ Maxo, 76561198148661627)(<1184.751831, 344.556030, 9983.866211>) quick accessed a lock!
[02:33:03] Player (^DBD^ Maxo, 76561198148661627)(<1182.824463, 344.556030, 9978.469727>) quick accessed a lock!
[02:35:10] Player (^DBD^ Maxo, 76561198148661627)(<1181.235474, 344.556030, 9979.996094>) quick accessed a lock!
[02:35:37] Player (^DBD^ Maxo, 76561198148661627)(<1182.824463, 344.556030, 9978.469727>) quick accessed a lock!
[02:35:56] Player (^DBD^ Maxo, 76561198148661627)(<1189.157593, 344.580933, 9985.374023>) quick accessed a lock!
[02:39:58] Player (^DBD^ Maxo, 76561198148661627)(<1189.157593, 344.580933, 9985.374023>) quick accessed a lock!
[02:40:54] Player (^DBD^ Maxo, 76561198148661627)(<1166.893311, 345.748413, 9984.816406>) quick accessed a lock!
[03:00:08] Player (^DBD^ Maxo, 76561198148661627)(<1189.157593, 344.580933, 9985.374023>) quick accessed a lock!
[03:06:44] Player (^DBD^ Maxo, 76561198148661627)(<1189.157593, 344.580933, 9985.374023>) quick accessed a lock!
[03:06:53] Player (^DBD^ Maxo, 76561198148661627)(<1186.750732, 344.556030, 9985.829102>) quick accessed a lock!
[03:08:02] Player (^DBD^ Maxo, 76561198148661627)(<1184.751831, 344.556030, 9983.866211>) quick accessed a lock!
[03:08:07] Player (^DBD^ Maxo, 76561198148661627)(<1181.235474, 344.556030, 9979.996094>) quick accessed a lock!
[03:08:29] Player (^DBD^ Maxo, 76561198148661627)(<1186.966064, 344.556030, 9980.056641>) quick accessed a lock!
[03:09:09] Player (^DBD^ Maxo, 76561198148661627)(<1182.824463, 344.556030, 9978.469727>) quick accessed a lock!
[03:09:30] Player (^DBD^ Maxo, 76561198148661627)(<1186.966064, 344.556030, 9980.056641>) removed a lock!
[03:11:20] Player (^DBD^ Maxo, 76561198148661627)(<1189.157593, 344.580933, 9985.374023>) quick accessed a lock!
[03:11:40] Player (^DBD^ Maxo, 76561198148661627)(<1188.573730, 345.459076, 9981.229492>) set a new passcode on lock!
[03:11:40] Player (^DBD^ Maxo, 76561198148661627)(<1188.573730, 345.459076, 9981.229492>) claimed ownership of a lock!
[03:12:27] Player (^DBD^ Maxo, 76561198148661627)(<1189.157593, 344.580933, 9985.374023>) quick accessed a lock!
[03:12:54] Player (^DBD^ Maxo, 76561198148661627)(<1186.750732, 344.556030, 9985.829102>) quick accessed a lock!
[03:13:24] Player (^DBD^ Maxo, 76561198148661627)(<1184.278076, 344.556030, 9987.071289>) quick accessed a lock!
[03:14:11] Player (^DBD^ Maxo, 76561198148661627)(<1184.751831, 344.556030, 9983.866211>) quick accessed a lock!
[03:14:15] Player (^DBD^ Maxo, 76561198148661627)(<1181.235474, 344.556030, 9979.996094>) quick accessed a lock!
[03:15:22] Player (^DBD^ Maxo, 76561198148661627)(<1181.235474, 344.556030, 9979.996094>) quick accessed a lock!
[04:01:36] Player (Sauce, 76561199194857204)(<7801.914551, 315.043640, 6893.657715>) quick accessed a lock!
[09-02-2021][06.29.34] Log file reloaded ( Server Restart )
[09:47:35] Player (Kenneth, 76561198028069914)(<8240.283203, 181.640930, 11618.155273>) set a new passcode on lock!
[09:47:35] Player (Kenneth, 76561198028069914)(<8240.283203, 181.640930, 11618.155273>) claimed ownership of a lock!
[09:47:38] Player (Kenneth, 76561198028069914)(<8240.283203, 181.640930, 11618.155273>) quick accessed a lock!
[09:49:33] Player (Kenneth, 76561198028069914)(<8240.283203, 181.640930, 11618.155273>) quick accessed a lock!
[09:51:55] Player (Kenneth, 76561198028069914)(<8240.283203, 181.640930, 11618.155273>) quick accessed a lock!
[09:55:31] Player (Kenneth, 76561198028069914)(<8240.283203, 181.640930, 11618.155273>) quick accessed a lock!
[09:55:52] Player (Kenneth, 76561198028069914)(<8240.283203, 181.640930, 11618.155273>) quick accessed a lock!
[09:57:10] Player (Kenneth, 76561198028069914)(<8240.283203, 181.640930, 11618.155273>) quick accessed a lock!
[09:58:36] Player (Kenneth, 76561198028069914)(<8240.283203, 181.640930, 11618.155273>) quick accessed a lock!
[10:02:01] Player (Kenneth, 76561198028069914)(<8240.283203, 181.640930, 11618.155273>) quick accessed a lock!
[10:03:47] Player (Kenneth, 76561198028069914)(<8240.283203, 181.640930, 11618.155273>) quick accessed a lock!
[10:04:21] Player (Kenneth, 76561198028069914)(<8240.283203, 181.640930, 11618.155273>) quick accessed a lock!
[10:05:41] Player (Kenneth, 76561198028069914)(<8240.283203, 181.640930, 11618.155273>) quick accessed a lock!
[10:29:10] Player (Kenneth, 76561198028069914)(<8240.283203, 181.640930, 11618.155273>) quick accessed a lock!
[09-02-2021][10.31.15] Log file reloaded ( Server Restart )
[10:48:44] Player (Kenneth, 76561198028069914)(<8240.283203, 181.640930, 11618.155273>) quick accessed a lock!
[10:50:11] Player (Kenneth, 76561198028069914)(<8240.283203, 181.640930, 11618.155273>) quick accessed a lock!
[10:50:50] Player (Kenneth, 76561198028069914)(<8240.283203, 181.640930, 11618.155273>) quick accessed a lock!
[10:51:57] Player (Kenneth, 76561198028069914)(<8240.283203, 181.640930, 11618.155273>) quick accessed a lock!
[10:52:36] Player (Kenneth, 76561198028069914)(<8240.283203, 181.640930, 11618.155273>) quick accessed a lock!
[10:55:44] Player (Kenneth, 76561198028069914)(<8240.283203, 181.640930, 11618.155273>) quick accessed a lock!
[10:57:17] Player (Kenneth, 76561198028069914)(<8240.283203, 181.640930, 11618.155273>) quick accessed a lock!
[11:00:19] Player (Kenneth, 76561198028069914)(<8240.283203, 181.640930, 11618.155273>) quick accessed a lock!
[11:04:23] Player (Kenneth, 76561198028069914)(<8240.283203, 181.640930, 11618.155273>) quick accessed a lock!
[11:06:08] Player (Kenneth, 76561198028069914)(<8240.283203, 181.640930, 11618.155273>) quick accessed a lock!
[09-02-2021][11.41.14] Log file reloaded ( Server Restart )
[13:12:48] Player (^DBD^ Maxo, 76561198148661627)(<1182.824463, 344.556030, 9978.469727>) quick accessed a lock!
[13:13:09] Player (^DBD^ Maxo, 76561198148661627)(<1185.200195, 344.556030, 9979.226563>) quick accessed a lock!
[13:14:46] Player (^DBD^ Maxo, 76561198148661627)(<1184.751831, 344.556030, 9983.866211>) quick accessed a lock!
[13:14:55] Player (^DBD^ Maxo, 76561198148661627)(<1186.750732, 344.556030, 9985.829102>) quick accessed a lock!
[13:15:14] Player (^DBD^ Maxo, 76561198148661627)(<1189.157593, 344.580933, 9985.374023>) quick accessed a lock!
[13:15:31] Player (^DBD^ Maxo, 76561198148661627)(<1188.573730, 345.459076, 9981.229492>) quick accessed a lock!
[14:26:56] Player (^DBD^ Maxo, 76561198148661627)(<1166.893311, 345.748413, 9984.816406>) quick accessed a lock!
[14:48:00] Player (Kenneth, 76561198028069914)(<8240.283203, 181.640930, 11618.155273>) quick accessed a lock!
[15:17:04] Player (Kenneth, 76561198028069914)(<8240.283203, 181.640930, 11618.155273>) quick accessed a lock!
[15:18:19] Player (Kenneth, 76561198028069914)(<8240.283203, 181.640930, 11618.155273>) quick accessed a lock!
[15:18:53] Player (Kenneth, 76561198028069914)(<8240.283203, 181.640930, 11618.155273>) quick accessed a lock!
[15:20:29] Player (Kenneth, 76561198028069914)(<8240.283203, 181.640930, 11618.155273>) quick accessed a lock!
[09-02-2021][15.42.58] Log file reloaded ( Server Restart )
[16:12:50] Player (^DBD^ Maxo, 76561198148661627)(<1188.573730, 345.459076, 9981.229492>) quick accessed a lock!
[16:12:55] Player (^DBD^ Maxo, 76561198148661627)(<1189.157593, 344.580933, 9985.374023>) quick accessed a lock!
[16:13:14] Player (^DBD^ Maxo, 76561198148661627)(<1187.540894, 344.556030, 9991.790039>) set a new passcode on lock!
[16:13:14] Player (^DBD^ Maxo, 76561198148661627)(<1187.540894, 344.556030, 9991.790039>) claimed ownership of a lock!
[16:13:23] Player (^DBD^ Maxo, 76561198148661627)(<1186.750732, 344.556030, 9985.829102>) quick accessed a lock!
[16:13:29] Player (^DBD^ Maxo, 76561198148661627)(<1184.751831, 344.556030, 9983.866211>) quick accessed a lock!
[16:13:37] Player (^DBD^ Maxo, 76561198148661627)(<1184.278076, 344.556030, 9987.071289>) quick accessed a lock!
[16:14:21] Player (^DBD^ Maxo, 76561198148661627)(<1181.235474, 344.556030, 9979.996094>) quick accessed a lock!
[16:17:11] Player (^DBD^ Maxo, 76561198148661627)(<1185.200195, 344.556030, 9979.226563>) quick accessed a lock!
[16:17:13] Player (^DBD^ Maxo, 76561198148661627)(<1182.824463, 344.556030, 9978.469727>) quick accessed a lock!
[16:24:58] Player (^DBD^ Maxo, 76561198148661627)(<1187.540894, 344.556030, 9991.790039>) quick accessed a lock!
[16:25:21] Player (^DBD^ Maxo, 76561198148661627)(<1187.540894, 344.556030, 9991.790039>) quick accessed a lock!
[16:27:10] Player (^DBD^ Maxo, 76561198148661627)(<1189.157593, 344.580933, 9985.374023>) quick accessed a lock!
[16:27:34] Player (^DBD^ Maxo, 76561198148661627)(<1166.893311, 345.748413, 9984.816406>) quick accessed a lock!
[16:28:24] Player (^DBD^ Maxo, 76561198148661627)(<1186.750732, 344.556030, 9985.829102>) quick accessed a lock!
[16:28:28] Player (^DBD^ Maxo, 76561198148661627)(<1184.751831, 344.556030, 9983.866211>) quick accessed a lock!
[16:28:39] Player (^DBD^ Maxo, 76561198148661627)(<1182.824463, 344.556030, 9978.469727>) quick accessed a lock!
[16:29:00] Player (^DBD^ Maxo, 76561198148661627)(<1186.750732, 344.556030, 9985.829102>) quick accessed a lock!
[16:29:06] Player (^DBD^ Maxo, 76561198148661627)(<1187.540894, 344.556030, 9991.790039>) quick accessed a lock!
[16:29:28] Player (^DBD^ Maxo, 76561198148661627)(<1189.157593, 344.580933, 9985.374023>) quick accessed a lock!
[16:35:52] Player (^DBD^ Maxo, 76561198148661627)(<1188.573730, 345.459076, 9981.229492>) quick accessed a lock!
[16:36:01] Player (^DBD^ Maxo, 76561198148661627)(<1189.157593, 344.580933, 9985.374023>) quick accessed a lock!
[16:36:04] Player (^DBD^ Maxo, 76561198148661627)(<1184.751831, 344.556030, 9983.866211>) quick accessed a lock!
[16:36:08] Player (^DBD^ Maxo, 76561198148661627)(<1182.824463, 344.556030, 9978.469727>) quick accessed a lock!
[16:37:15] Player (^DBD^ Maxo, 76561198148661627)(<1188.573730, 345.459076, 9981.229492>) quick accessed a lock!
[16:49:17] Player (NOTxYAMAS, 76561199053059208)(<3283.597900, 236.520721, 4945.716797>) quick accessed a lock!
[16:49:56] Player (NOTxYAMAS, 76561199053059208)(<3283.597900, 236.520721, 4945.716797>) quick accessed a lock!
[16:50:06] Player (NOTxYAMAS, 76561199053059208)(<3285.387451, 237.664749, 4937.027344>) quick accessed a lock!
[16:52:12] Player (NOTxYAMAS, 76561199053059208)(<3285.387451, 237.664749, 4937.027344>) quick accessed a lock!
[16:52:26] Player (NOTxYAMAS, 76561199053059208)(<3283.597900, 236.520721, 4945.716797>) quick accessed a lock!
[16:54:36] Player (NOTxYAMAS, 76561199053059208)(<3285.387451, 237.664749, 4937.027344>) quick accessed a lock!
[17:05:25] Player (^DBD^ Maxo, 76561198148661627)(<1179.052612, 344.556030, 9989.350586>) quick accessed a lock!
[17:05:30] Player (^DBD^ Maxo, 76561198148661627)(<1180.172852, 344.556030, 9987.970703>) quick accessed a lock!
[17:05:38] Player (^DBD^ Maxo, 76561198148661627)(<1182.824463, 344.556030, 9978.469727>) quick accessed a lock!
[17:06:33] Player (^DBD^ Maxo, 76561198148661627)(<1179.052612, 344.556030, 9989.350586>) quick accessed a lock!
[17:06:35] Player (^DBD^ Maxo, 76561198148661627)(<1179.052612, 344.556030, 9989.350586>) quick accessed a lock!
[17:12:13] Player (^DBD^ Maxo, 76561198148661627)(<1179.052612, 344.556030, 9989.350586>) quick accessed a lock!
[17:12:16] Player (^DBD^ Maxo, 76561198148661627)(<1180.172852, 344.556030, 9987.970703>) quick accessed a lock!
[17:13:02] Player (^DBD^ Maxo, 76561198148661627)(<1187.540894, 344.556030, 9991.790039>) quick accessed a lock!
[17:15:22] Player (^DBD^ Maxo, 76561198148661627)(<1189.157593, 344.580933, 9985.374023>) quick accessed a lock!
[17:15:25] Player (^DBD^ Maxo, 76561198148661627)(<1189.157593, 344.580933, 9985.374023>) quick accessed a lock!
[17:18:47] Player (^DBD^ Maxo, 76561198148661627)(<1189.157593, 344.580933, 9985.374023>) quick accessed a lock!
[17:18:52] Player (^DBD^ Maxo, 76561198148661627)(<1186.750732, 344.556030, 9985.829102>) quick accessed a lock!
[17:18:57] Player (^DBD^ Maxo, 76561198148661627)(<1180.172852, 344.556030, 9987.970703>) quick accessed a lock!
[17:19:06] Player (^DBD^ Maxo, 76561198148661627)(<1179.052612, 344.556030, 9989.350586>) quick accessed a lock!
[17:19:26] Player (NOTxYAMAS, 76561199053059208)(<3285.387451, 237.664749, 4937.027344>) quick accessed a lock!
[17:27:46] Player (NOTxYAMAS, 76561199053059208)(<3283.597900, 236.520721, 4945.716797>) quick accessed a lock!
[17:30:31] Player (^DBD^ Maxo, 76561198148661627)(<1179.052612, 344.556030, 9989.350586>) quick accessed a lock!
[17:30:38] Player (^DBD^ Maxo, 76561198148661627)(<1180.172852, 344.556030, 9987.970703>) quick accessed a lock!
[17:31:54] Player (NOTxYAMAS, 76561199053059208)(<3285.387451, 237.664749, 4937.027344>) quick accessed a lock!
[09-02-2021][19.44.41] Log file reloaded ( Server Restart )
[21:18:54] Player (Sauce, 76561199194857204)(<7801.914551, 315.043640, 6893.657715>) quick accessed a lock!
[21:21:38] Player (Sauce, 76561199194857204)(<7801.914551, 315.043640, 6893.657715>) quick accessed a lock!
[21:21:53] Player (Sauce, 76561199194857204)(<7801.914551, 315.043640, 6893.657715>) quick accessed a lock!
[21:22:43] Player (Sauce, 76561199194857204)(<7802.306641, 314.866455, 6893.690918>) quick accessed a lock!
[21:23:00] Player (Sauce, 76561199194857204)(<7802.306641, 314.866455, 6893.690918>) quick accessed a lock!
[21:24:17] Player (Sauce, 76561199194857204)(<7801.914551, 315.043640, 6893.657715>) quick accessed a lock!
[21:24:22] Player (Sauce, 76561199194857204)(<7792.361328, 313.654327, 6894.910645>) quick accessed a lock!
[21:58:49] Player (Aaron, 76561199083883076)(<1136.275024, 344.882324, 9965.555664>) quick accessed a lock!
[22:00:42] Player (Aaron, 76561199083883076)(<1136.275024, 344.882324, 9965.555664>) changed the passcode on a lock! Clearing all guests...
[22:01:39] Player (Aaron, 76561199083883076)(<1136.275024, 344.882324, 9965.555664>) quick accessed a lock!
[22:02:12] Player (Aaron, 76561199083883076)(<1133.712769, 344.882324, 9966.475586>) quick accessed a lock!
[22:02:26] Player (Aaron, 76561199083883076)(<1132.735107, 344.874054, 9969.252930>) quick accessed a lock!
[22:07:43] Player (Aaron, 76561199083883076)(<1188.573730, 345.459076, 9981.229492>) accessed a lock!
[22:07:43] Player (Aaron, 76561199083883076)(<1188.573730, 345.459076, 9981.229492>) was added as a guest of a lock!
[22:07:59] Player (Aaron, 76561199083883076)(<1189.157593, 344.580933, 9985.374023>) accessed a lock!
[22:07:59] Player (Aaron, 76561199083883076)(<1189.157593, 344.580933, 9985.374023>) was added as a guest of a lock!
[22:08:41] Player (Aaron, 76561199083883076)(<1187.540894, 344.556030, 9991.790039>) accessed a lock!
[22:08:41] Player (Aaron, 76561199083883076)(<1187.540894, 344.556030, 9991.790039>) was added as a guest of a lock!
[22:11:05] Player (Aaron, 76561199083883076)(<1136.275024, 344.882324, 9965.555664>) quick accessed a lock!
[22:11:10] Player (Aaron, 76561199083883076)(<1141.110718, 344.882324, 9964.958984>) quick accessed a lock!
[22:11:59] Player (^DBD^ Maxo, 76561198148661627)(<1186.750732, 344.556030, 9985.829102>) quick accessed a lock!
[22:12:04] Player (^DBD^ Maxo, 76561198148661627)(<1189.157593, 344.580933, 9985.374023>) quick accessed a lock!
[22:12:11] Player (^DBD^ Maxo, 76561198148661627)(<1188.573730, 345.459076, 9981.229492>) quick accessed a lock!
[22:13:00] Player (Aaron, 76561199083883076)(<1136.275024, 344.882324, 9965.555664>) quick accessed a lock!
[22:13:46] Player (Aaron, 76561199083883076)(<1136.275024, 344.882324, 9965.555664>) quick accessed a lock!
[22:15:01] Player (Aaron, 76561199083883076)(<1136.275024, 344.882324, 9965.555664>) quick accessed a lock!
[22:17:30] Player (Aaron, 76561199083883076)(<1136.275024, 344.882324, 9965.555664>) quick accessed a lock!
[22:19:24] Player (Aaron, 76561199083883076)(<1136.275024, 344.882324, 9965.555664>) quick accessed a lock!
[22:19:53] Player (Aaron, 76561199083883076)(<1135.836792, 346.094452, 9966.250000>) set a new passcode on lock!
[22:19:53] Player (Aaron, 76561199083883076)(<1135.836792, 346.094452, 9966.250000>) claimed ownership of a lock!
[22:19:54] Player (Aaron, 76561199083883076)(<1135.836792, 346.094452, 9966.250000>) quick accessed a lock!
[22:20:37] Player (Aaron, 76561199083883076)(<1135.836792, 346.094452, 9966.250000>) quick accessed a lock!
[22:20:38] Player (^DBD^ Maxo, 76561198148661627)(<1184.751831, 344.556030, 9983.866211>) quick accessed a lock!
[22:20:44] Player (Aaron, 76561199083883076)(<1135.836792, 346.094452, 9966.250000>) quick accessed a lock!
[22:21:02] Player (^DBD^ Maxo, 76561198148661627)(<1187.540894, 344.556030, 9991.790039>) quick accessed a lock!
[22:22:30] Player (Aaron, 76561199083883076)(<1133.712769, 344.882324, 9966.475586>) quick accessed a lock!
[22:22:38] Player (Aaron, 76561199083883076)(<1135.836792, 346.094452, 9966.250000>) quick accessed a lock!
[22:22:42] Player (Aaron, 76561199083883076)(<1136.275024, 344.882324, 9965.555664>) quick accessed a lock!
[22:27:17] Player (Sauce, 76561199194857204)(<7801.914551, 315.043640, 6893.657715>) quick accessed a lock!
[22:29:53] Player (^DBD^ Maxo, 76561198148661627)(<1185.200195, 344.556030, 9979.226563>) quick accessed a lock!
[22:31:13] Player (^DBD^ Maxo, 76561198148661627)(<1187.540894, 344.556030, 9991.790039>) quick accessed a lock!
[22:33:52] Player (Aaron, 76561199083883076)(<1133.712769, 344.882324, 9966.475586>) quick accessed a lock!
[22:33:55] Player (Aaron, 76561199083883076)(<1136.275024, 344.882324, 9965.555664>) quick accessed a lock!
[22:34:07] Player (Aaron, 76561199083883076)(<1136.275024, 344.882324, 9965.555664>) quick accessed a lock!
[22:34:13] Player (^DBD^ Maxo, 76561198148661627)(<1179.052612, 344.556030, 9989.350586>) quick accessed a lock!
[22:34:14] Player (^DBD^ Maxo, 76561198148661627)(<1180.172852, 344.556030, 9987.970703>) quick accessed a lock!
[22:34:16] Player (^DBD^ Maxo, 76561198148661627)(<1184.751831, 344.556030, 9983.866211>) quick accessed a lock!
[22:34:18] Player (^DBD^ Maxo, 76561198148661627)(<1185.200195, 344.556030, 9979.226563>) quick accessed a lock!
[22:37:27] Player (Sauce, 76561199194857204)(<7802.306641, 314.866455, 6893.690918>) quick accessed a lock!
[23:08:13] Player (Aaron, 76561199083883076)(<1188.573730, 345.459076, 9981.229492>) quick accessed a lock!
[23:08:19] Player (Aaron, 76561199083883076)(<1189.157593, 344.580933, 9985.374023>) quick accessed a lock!
[23:08:26] Player (Aaron, 76561199083883076)(<1187.540894, 344.556030, 9991.790039>) quick accessed a lock!
[23:08:50] Player (^DBD^ Maxo, 76561198148661627)(<1186.750732, 344.556030, 9985.829102>) quick accessed a lock!
[23:09:17] Player (^DBD^ Maxo, 76561198148661627)(<1184.278076, 344.556030, 9987.071289>) removed a lock!
[23:09:21] Player (^DBD^ Maxo, 76561198148661627)(<1184.751831, 344.556030, 9983.866211>) quick accessed a lock!
[23:10:12] Player (Aaron, 76561199083883076)(<1132.735107, 344.874054, 9969.252930>) quick accessed a lock!
[23:10:17] Player (Aaron, 76561199083883076)(<1133.712769, 344.882324, 9966.475586>) quick accessed a lock!
[23:10:21] Player (^DBD^ Maxo, 76561198148661627)(<1189.157593, 344.580933, 9985.374023>) quick accessed a lock!
[23:10:22] Player (Aaron, 76561199083883076)(<1135.836792, 346.094452, 9966.250000>) quick accessed a lock!
[23:10:27] Player (Aaron, 76561199083883076)(<1136.275024, 344.882324, 9965.555664>) quick accessed a lock!
[23:11:12] Player (^DBD^ Maxo, 76561198148661627)(<1179.052612, 344.556030, 9989.350586>) quick accessed a lock!
[23:11:16] Player (^DBD^ Maxo, 76561198148661627)(<1180.172852, 344.556030, 9987.970703>) quick accessed a lock!
[23:11:23] Player (Aaron, 76561199083883076)(<1136.275024, 344.882324, 9965.555664>) quick accessed a lock!
[23:11:27] Player (^DBD^ Maxo, 76561198148661627)(<1186.750732, 344.556030, 9985.829102>) quick accessed a lock!
[23:11:45] Player (^DBD^ Maxo, 76561198148661627)(<1189.157593, 344.580933, 9985.374023>) quick accessed a lock!
[23:12:09] Player (Aaron, 76561199083883076)(<1125.932373, 344.339203, 9971.625000>) quick accessed a lock!
[23:12:32] Player (Aaron, 76561199083883076)(<1136.275024, 344.882324, 9965.555664>) quick accessed a lock!
[23:21:45] Player (^DBD^ Maxo, 76561198148661627)(<1188.573730, 345.459076, 9981.229492>) quick accessed a lock!
[23:21:48] Player (^DBD^ Maxo, 76561198148661627)(<1189.157593, 344.580933, 9985.374023>) quick accessed a lock!
[23:22:37] Player (^DBD^ Maxo, 76561198148661627)(<1184.751831, 344.556030, 9983.866211>) quick accessed a lock!
[23:22:52] Player (^DBD^ Maxo, 76561198148661627)(<1181.235474, 344.556030, 9979.996094>) quick accessed a lock!
[23:23:14] Player (^DBD^ Maxo, 76561198148661627)(<1182.824463, 344.556030, 9978.469727>) quick accessed a lock!
[23:23:40] Player (^DBD^ Maxo, 76561198148661627)(<1182.824463, 344.556030, 9978.469727>) quick accessed a lock!
[23:23:44] Player (^DBD^ Maxo, 76561198148661627)(<1185.200195, 344.556030, 9979.226563>) quick accessed a lock!
[23:26:28] Player (Aaron, 76561199083883076)(<1141.110718, 344.882324, 9964.958984>) quick accessed a lock!
[23:32:05] Player (Aaron, 76561199083883076)(<1135.836792, 346.094452, 9966.250000>) quick accessed a lock!
[23:35:11] Player (Aaron, 76561199083883076)(<1125.932373, 344.339203, 9971.625000>) quick accessed a lock!
[23:35:15] Player (Aaron, 76561199083883076)(<1125.932373, 344.339203, 9971.625000>) quick accessed a lock!
[23:35:21] Player (Aaron, 76561199083883076)(<1125.932373, 344.339203, 9971.625000>) accessed a lock!
[23:35:21] Player (Aaron, 76561199083883076)(<1125.932373, 344.339203, 9971.625000>) was added as a guest of a lock!
[23:35:37] Player (Aaron, 76561199083883076)(<1125.932373, 344.339203, 9971.625000>) changed the passcode on a lock! Clearing all guests...
[23:37:26] Player (Aaron, 76561199083883076)(<1136.275024, 344.882324, 9965.555664>) quick accessed a lock!
[23:39:21] Player (Aaron, 76561199083883076)(<1135.836792, 346.094452, 9966.250000>) quick accessed a lock!
[23:40:07] Player (Aaron, 76561199083883076)(<1133.712769, 344.882324, 9966.475586>) quick accessed a lock!
[23:40:09] Player (Aaron, 76561199083883076)(<1135.836792, 346.094452, 9966.250000>) quick accessed a lock!
[23:40:12] Player (Aaron, 76561199083883076)(<1136.275024, 344.882324, 9965.555664>) quick accessed a lock!
[23:40:26] Player (Aaron, 76561199083883076)(<1141.110718, 344.882324, 9964.958984>) quick accessed a lock!
[23:40:49] Player (Aaron, 76561199083883076)(<1135.836792, 346.094452, 9966.250000>) quick accessed a lock!
[23:41:34] Player (Aaron, 76561199083883076)(<1143.002197, 344.374542, 9969.393555>) set a new passcode on lock!
[23:41:34] Player (Aaron, 76561199083883076)(<1143.002197, 344.374542, 9969.393555>) claimed ownership of a lock!
[23:41:36] Player (Aaron, 76561199083883076)(<1143.002197, 344.374542, 9969.393555>) quick accessed a lock!
[23:42:55] Player (Aaron, 76561199083883076)(<1143.002197, 344.374542, 9969.393555>) quick accessed a lock!
[23:44:45] Player (Aaron, 76561199083883076)(<1132.735107, 344.874054, 9969.252930>) quick accessed a lock!
[09-02-2021][23.46.26] Log file reloaded ( Server Restart )
[23:51:57] Player (^DBD^ Maxo, 76561198148661627)(<1188.573730, 345.459076, 9981.229492>) quick accessed a lock!
[23:52:01] Player (^DBD^ Maxo, 76561198148661627)(<1189.157593, 344.580933, 9985.374023>) quick accessed a lock!
[23:52:30] Player (^DBD^ Maxo, 76561198148661627)(<1166.893311, 345.748413, 9984.816406>) quick accessed a lock!
[23:55:12] Player (Aaron, 76561199083883076)(<1132.735107, 344.874054, 9969.252930>) quick accessed a lock!
[23:55:18] Player (Aaron, 76561199083883076)(<1133.712769, 344.882324, 9966.475586>) quick accessed a lock!
[23:55:30] Player (Aaron, 76561199083883076)(<1135.836792, 346.094452, 9966.250000>) quick accessed a lock!
[23:55:31] Player (Aaron, 76561199083883076)(<1136.275024, 344.882324, 9965.555664>) quick accessed a lock!
[23:57:02] Player (^DBD^ Maxo, 76561198148661627)(<1188.573730, 345.459076, 9981.229492>) quick accessed a lock!
[23:57:06] Player (^DBD^ Maxo, 76561198148661627)(<1189.157593, 344.580933, 9985.374023>) quick accessed a lock!
[23:57:09] Player (^DBD^ Maxo, 76561198148661627)(<1186.750732, 344.556030, 9985.829102>) quick accessed a lock!
[23:57:14] Player (^DBD^ Maxo, 76561198148661627)(<1184.751831, 344.556030, 9983.866211>) quick accessed a lock!
[23:57:40] Player (^DBD^ Maxo, 76561198148661627)(<1186.966064, 344.556030, 9980.056641>) set a new passcode on lock!
[23:57:40] Player (^DBD^ Maxo, 76561198148661627)(<1186.966064, 344.556030, 9980.056641>) claimed ownership of a lock!
[23:57:45] Player (^DBD^ Maxo, 76561198148661627)(<1181.235474, 344.556030, 9979.996094>) quick accessed a lock!
[23:58:06] Player (^DBD^ Maxo, 76561198148661627)(<1186.966064, 344.556030, 9980.056641>) quick accessed a lock!
[23:58:13] Player (^DBD^ Maxo, 76561198148661627)(<1184.751831, 344.556030, 9983.866211>) quick accessed a lock!
[23:58:36] Player (^DBD^ Maxo, 76561198148661627)(<1188.573730, 345.459076, 9981.229492>) quick accessed a lock!
[23:59:56] Player (Aaron, 76561199083883076)(<1125.932373, 344.339203, 9971.625000>) accessed a lock!
[23:59:56] Player (Aaron, 76561199083883076)(<1125.932373, 344.339203, 9971.625000>) was added as a guest of a lock!
[00:00:43] Player (Aaron, 76561199083883076)(<1125.932373, 344.339203, 9971.625000>) removed a lock!
[00:01:03] Player (Aaron, 76561199083883076)(<1132.763794, 345.573212, 9973.032227>) set a new passcode on lock!
[00:01:03] Player (Aaron, 76561199083883076)(<1132.763794, 345.573212, 9973.032227>) claimed ownership of a lock!
[00:01:04] Player (Aaron, 76561199083883076)(<1132.763794, 345.573212, 9973.032227>) quick accessed a lock!
[00:01:50] Player (Aaron, 76561199083883076)(<1132.763794, 345.573212, 9973.032227>) quick accessed a lock!
[00:02:54] Player (Aaron, 76561199083883076)(<1143.002197, 344.374542, 9969.393555>) quick accessed a lock!
[00:03:39] Player (Aaron, 76561199083883076)(<1132.763794, 345.573212, 9973.032227>) quick accessed a lock!
[00:05:27] Player (^DBD^ Maxo, 76561198148661627)(<1188.573730, 345.459076, 9981.229492>) quick accessed a lock!
[00:05:27] Player (Aaron, 76561199083883076)(<1141.110718, 344.882324, 9964.958984>) quick accessed a lock!
[00:05:30] Player (^DBD^ Maxo, 76561198148661627)(<1189.157593, 344.580933, 9985.374023>) quick accessed a lock!
[00:05:31] Player (^DBD^ Maxo, 76561198148661627)(<1186.750732, 344.556030, 9985.829102>) quick accessed a lock!
[00:12:14] Player (Aaron, 76561199083883076)(<1132.763794, 345.573212, 9973.032227>) quick accessed a lock!
