[09-01-2021][03.08.23] New Access Log File Created!
[03:48:12] Player (^DBD^ Maxo, 76561198148661627)(<1189.316284, 344.580933, 9985.106445>) quick accessed a lock!
[03:48:17] Player (^DBD^ Maxo, 76561198148661627)(<1186.750732, 344.556030, 9985.829102>) quick accessed a lock!
[03:48:18] Player (^DBD^ Maxo, 76561198148661627)(<1186.750732, 344.556030, 9985.829102>) quick accessed a lock!
[03:48:22] Player (^DBD^ Maxo, 76561198148661627)(<1184.751831, 344.556030, 9983.866211>) quick accessed a lock!
[03:48:23] Player (^DBD^ Maxo, 76561198148661627)(<1184.751831, 344.556030, 9983.866211>) quick accessed a lock!
[03:48:30] Player (^DBD^ Maxo, 76561198148661627)(<1186.966064, 344.556030, 9980.056641>) quick accessed a lock!
[03:48:42] Player (^DBD^ Maxo, 76561198148661627)(<1181.235474, 344.556030, 9979.996094>) quick accessed a lock!
[03:49:10] Player (^DBD^ Maxo, 76561198148661627)(<1166.893311, 345.748413, 9984.816406>) quick accessed a lock!
[03:51:26] Player (^DBD^ zsobjack, 76561198387728549)(<1189.316284, 344.580933, 9985.106445>) accessed a lock!
[03:51:26] Player (^DBD^ zsobjack, 76561198387728549)(<1189.316284, 344.580933, 9985.106445>) was added as a guest of a lock!
[03:52:01] Player (^DBD^ zsobjack, 76561198387728549)(<1187.540894, 344.556030, 9991.790039>) accessed a lock!
[03:52:01] Player (^DBD^ zsobjack, 76561198387728549)(<1187.540894, 344.556030, 9991.790039>) was added as a guest of a lock!
[03:54:15] Player (^DBD^ Maxo, 76561198148661627)(<1186.750732, 344.556030, 9985.829102>) quick accessed a lock!
[03:54:20] Player (^DBD^ Maxo, 76561198148661627)(<1184.751831, 344.556030, 9983.866211>) quick accessed a lock!
[03:54:31] Player (^DBD^ Maxo, 76561198148661627)(<1182.824463, 344.556030, 9978.469727>) quick accessed a lock!
[03:55:20] Player (^DBD^ Maxo, 76561198148661627)(<1181.235474, 344.556030, 9979.996094>) quick accessed a lock!
[03:56:07] Player (^DBD^ Maxo, 76561198148661627)(<1186.966064, 344.556030, 9980.056641>) quick accessed a lock!
[03:56:12] Player (^DBD^ Maxo, 76561198148661627)(<1181.235474, 344.556030, 9979.996094>) quick accessed a lock!
[03:56:40] Player (^DBD^ Maxo, 76561198148661627)(<1184.278076, 344.556030, 9987.071289>) quick accessed a lock!
[03:57:24] Player (^DBD^ Maxo, 76561198148661627)(<1189.316284, 344.580933, 9985.106445>) quick accessed a lock!
[03:58:05] Player (^DBD^ Maxo, 76561198148661627)(<1187.540894, 344.556030, 9991.790039>) quick accessed a lock!
[03:58:33] Player (^DBD^ Maxo, 76561198148661627)(<1189.316284, 344.580933, 9985.106445>) quick accessed a lock!
[03:58:50] Player (^DBD^ zsobjack, 76561198387728549)(<1187.540894, 344.556030, 9991.790039>) quick accessed a lock!
[03:59:29] Player (^DBD^ Maxo, 76561198148661627)(<1189.316284, 344.580933, 9985.106445>) quick accessed a lock!
[04:25:04] Player (Sauce, 76561199194857204)(<7802.306641, 314.866455, 6893.690918>) quick accessed a lock!
[04:25:25] Player (Sauce, 76561199194857204)(<7802.306641, 314.866455, 6893.690918>) quick accessed a lock!
[04:26:07] Player (Sauce, 76561199194857204)(<7801.914551, 315.043640, 6893.657715>) quick accessed a lock!
[09-01-2021][09.10.30] Log file reloaded ( Server Restart )
[09-01-2021][10.21.25] Log file reloaded ( Server Restart )
[13:53:12] Player (^DBD^ Maxo, 76561198148661627)(<1189.316284, 344.580933, 9985.106445>) quick accessed a lock!
[13:53:27] Player (^DBD^ Maxo, 76561198148661627)(<1186.750732, 344.556030, 9985.829102>) quick accessed a lock!
[13:53:33] Player (^DBD^ Maxo, 76561198148661627)(<1184.278076, 344.556030, 9987.071289>) quick accessed a lock!
[13:54:43] Player (^DBD^ Maxo, 76561198148661627)(<1184.751831, 344.556030, 9983.866211>) quick accessed a lock!
[14:09:35] Player (^DBD^ Maxo, 76561198148661627)(<1181.235474, 344.556030, 9979.996094>) quick accessed a lock!
[14:10:48] Player (^DBD^ Maxo, 76561198148661627)(<1186.750732, 344.556030, 9985.829102>) quick accessed a lock!
[14:11:01] Player (^DBD^ Maxo, 76561198148661627)(<1189.316284, 344.580933, 9985.106445>) quick accessed a lock!
[14:11:54] Player (^DBD^ Maxo, 76561198148661627)(<1166.893311, 345.748413, 9984.816406>) quick accessed a lock!
[14:47:12] Player (^DBD^ Maxo, 76561198148661627)(<1189.316284, 344.580933, 9985.106445>) quick accessed a lock!
[14:47:17] Player (^DBD^ Maxo, 76561198148661627)(<1186.750732, 344.556030, 9985.829102>) quick accessed a lock!
[14:47:23] Player (^DBD^ Maxo, 76561198148661627)(<1184.751831, 344.556030, 9983.866211>) quick accessed a lock!
[14:48:29] Player (^DBD^ Maxo, 76561198148661627)(<1184.278076, 344.556030, 9987.071289>) quick accessed a lock!
[14:48:50] Player (^DBD^ Maxo, 76561198148661627)(<1184.278076, 344.556030, 9987.071289>) quick accessed a lock!
[14:49:29] Player (^DBD^ Maxo, 76561198148661627)(<1184.278076, 344.556030, 9987.071289>) quick accessed a lock!
[14:50:51] Player (^DBD^ Maxo, 76561198148661627)(<1180.172852, 344.556030, 9987.970703>) quick accessed a lock!
[14:58:53] Player (^DBD^ Maxo, 76561198148661627)(<1178.932983, 344.707672, 9989.684570>) quick accessed a lock!
[15:51:26] Player (^DBD^ Maxo, 76561198148661627)(<1189.316284, 344.580933, 9985.106445>) quick accessed a lock!
[15:51:32] Player (^DBD^ Maxo, 76561198148661627)(<1186.750732, 344.556030, 9985.829102>) quick accessed a lock!
[15:51:36] Player (^DBD^ Maxo, 76561198148661627)(<1184.751831, 344.556030, 9983.866211>) quick accessed a lock!
[15:51:42] Player (^DBD^ Maxo, 76561198148661627)(<1181.235474, 344.556030, 9979.996094>) quick accessed a lock!
[15:53:42] Player (^DBD^ Maxo, 76561198148661627)(<1182.824463, 344.556030, 9978.469727>) quick accessed a lock!
[15:54:02] Player (^DBD^ Maxo, 76561198148661627)(<1186.966064, 344.556030, 9980.056641>) quick accessed a lock!
[15:54:33] Player (^DBD^ Maxo, 76561198148661627)(<1166.893311, 345.748413, 9984.816406>) quick accessed a lock!
[15:59:25] Player (^DBD^ Maxo, 76561198148661627)(<1166.893311, 345.748413, 9984.816406>) quick accessed a lock!
[16:00:57] Player (^DBD^ Maxo, 76561198148661627)(<1181.235474, 344.556030, 9979.996094>) quick accessed a lock!
[16:01:13] Player (^DBD^ Maxo, 76561198148661627)(<1186.966064, 344.556030, 9980.056641>) quick accessed a lock!
[16:01:33] Player (^DBD^ Maxo, 76561198148661627)(<1187.540894, 344.556030, 9991.790039>) quick accessed a lock!
[16:01:57] Player (^DBD^ Maxo, 76561198148661627)(<1184.278076, 344.556030, 9987.071289>) quick accessed a lock!
[16:02:21] Player (^DBD^ Maxo, 76561198148661627)(<1182.824463, 344.556030, 9978.469727>) quick accessed a lock!
[16:02:33] Player (^DBD^ Maxo, 76561198148661627)(<1186.966064, 344.556030, 9980.056641>) quick accessed a lock!
[16:02:44] Player (^DBD^ Maxo, 76561198148661627)(<1185.200195, 344.556030, 9979.226563>) quick accessed a lock!
[16:04:04] Player (^DBD^ Maxo, 76561198148661627)(<1184.278076, 344.556030, 9987.071289>) quick accessed a lock!
[16:07:04] Player (^DBD^ Maxo, 76561198148661627)(<1181.235474, 344.556030, 9979.996094>) quick accessed a lock!
[16:07:59] Player (^DBD^ Maxo, 76561198148661627)(<1184.751831, 344.556030, 9983.866211>) quick accessed a lock!
[16:08:19] Player (^DBD^ Maxo, 76561198148661627)(<1186.750732, 344.556030, 9985.829102>) quick accessed a lock!
[16:08:35] Player (^DBD^ Maxo, 76561198148661627)(<1186.750732, 344.556030, 9985.829102>) quick accessed a lock!
[16:09:11] Player (^DBD^ Maxo, 76561198148661627)(<1187.540894, 344.556030, 9991.790039>) quick accessed a lock!
[16:10:18] Player (^DBD^ Maxo, 76561198148661627)(<1189.316284, 344.580933, 9985.106445>) quick accessed a lock!
[16:12:53] Player (^DBD^ Maxo, 76561198148661627)(<1189.316284, 344.580933, 9985.106445>) quick accessed a lock!
[16:13:53] Player (^DBD^ Maxo, 76561198148661627)(<1189.316284, 344.580933, 9985.106445>) quick accessed a lock!
[16:14:08] Player (^DBD^ Maxo, 76561198148661627)(<1166.893311, 345.748413, 9984.816406>) quick accessed a lock!
[16:14:18] Player (^DBD^ Maxo, 76561198148661627)(<1166.893311, 345.748413, 9984.816406>) quick accessed a lock!
[16:14:32] Player (^DBD^ Maxo, 76561198148661627)(<1166.893311, 345.748413, 9984.816406>) quick accessed a lock!
[16:15:15] Player (^DBD^ Maxo, 76561198148661627)(<1166.893311, 345.748413, 9984.816406>) quick accessed a lock!
[16:15:30] Player (^DBD^ Maxo, 76561198148661627)(<1189.316284, 344.580933, 9985.106445>) quick accessed a lock!
[16:16:45] Player (^DBD^ Maxo, 76561198148661627)(<1186.750732, 344.556030, 9985.829102>) quick accessed a lock!
[09-01-2021][16.23.54] Log file reloaded ( Server Restart )
[17:39:28] Player (^DBD^ Maxo, 76561198148661627)(<1186.750732, 344.556030, 9985.829102>) quick accessed a lock!
[17:40:32] Player (^DBD^ Maxo, 76561198148661627)(<1187.540894, 344.556030, 9991.790039>) quick accessed a lock!
[17:42:27] Player (^DBD^ Maxo, 76561198148661627)(<1189.316284, 344.580933, 9985.106445>) quick accessed a lock!
[17:44:29] Player (^DBD^ Maxo, 76561198148661627)(<1186.750732, 344.556030, 9985.829102>) quick accessed a lock!
[17:44:30] Player (^DBD^ Maxo, 76561198148661627)(<1184.751831, 344.556030, 9983.866211>) quick accessed a lock!
[17:44:37] Player (^DBD^ Maxo, 76561198148661627)(<1182.824463, 344.556030, 9978.469727>) quick accessed a lock!
[19:12:39] Player (^DBD^ Maxo, 76561198148661627)(<1186.750732, 344.556030, 9985.829102>) quick accessed a lock!
[19:12:47] Player (^DBD^ Maxo, 76561198148661627)(<1180.172852, 344.556030, 9987.970703>) quick accessed a lock!
[19:15:15] Player (^DBD^ Maxo, 76561198148661627)(<1186.750732, 344.556030, 9985.829102>) quick accessed a lock!
[19:15:20] Player (^DBD^ Maxo, 76561198148661627)(<1184.751831, 344.556030, 9983.866211>) quick accessed a lock!
[19:15:41] Player (^DBD^ Maxo, 76561198148661627)(<1186.966064, 344.556030, 9980.056641>) quick accessed a lock!
[19:15:43] Player (^DBD^ Maxo, 76561198148661627)(<1186.966064, 344.556030, 9980.056641>) quick accessed a lock!
[19:16:16] Player (^DBD^ Maxo, 76561198148661627)(<1186.966064, 344.556030, 9980.056641>) quick accessed a lock!
[19:16:24] Player (^DBD^ Maxo, 76561198148661627)(<1181.235474, 344.556030, 9979.996094>) quick accessed a lock!
[19:16:55] Player (^DBD^ Maxo, 76561198148661627)(<1187.540894, 344.556030, 9991.790039>) quick accessed a lock!
[19:18:32] Player (^DBD^ Maxo, 76561198148661627)(<1186.750732, 344.556030, 9985.829102>) quick accessed a lock!
[19:22:06] Player (^DBD^ Maxo, 76561198148661627)(<1186.750732, 344.556030, 9985.829102>) quick accessed a lock!
[19:22:26] Player (^DBD^ Maxo, 76561198148661627)(<1184.751831, 344.556030, 9983.866211>) quick accessed a lock!
[19:22:28] Player (^DBD^ Maxo, 76561198148661627)(<1186.750732, 344.556030, 9985.829102>) quick accessed a lock!
[19:25:36] Player (^DBD^ Maxo, 76561198148661627)(<1187.540894, 344.556030, 9991.790039>) quick accessed a lock!
[19:25:55] Player (^DBD^ Maxo, 76561198148661627)(<1187.540894, 344.556030, 9991.790039>) removed a lock!
[19:26:12] Player (^DBD^ Maxo, 76561198148661627)(<1189.157593, 344.580933, 9985.374023>) set a new passcode on lock!
[19:26:12] Player (^DBD^ Maxo, 76561198148661627)(<1189.157593, 344.580933, 9985.374023>) claimed ownership of a lock!
[19:29:41] Player (^DBD^ Maxo, 76561198148661627)(<1189.157593, 344.580933, 9985.374023>) quick accessed a lock!
[19:33:27] Player (^DBD^ Maxo, 76561198148661627)(<1189.157593, 344.580933, 9985.374023>) quick accessed a lock!
[19:38:44] Player (^DBD^ Maxo, 76561198148661627)(<1189.157593, 344.580933, 9985.374023>) quick accessed a lock!
[19:41:15] Player (^DBD^ Maxo, 76561198148661627)(<1186.750732, 344.556030, 9985.829102>) quick accessed a lock!
[19:41:20] Player (^DBD^ Maxo, 76561198148661627)(<1186.750732, 344.556030, 9985.829102>) quick accessed a lock!
[19:48:18] Player (^DBD^ Maxo, 76561198148661627)(<1180.172852, 344.556030, 9987.970703>) quick accessed a lock!
[19:48:32] Player (^DBD^ Maxo, 76561198148661627)(<1178.932983, 344.707672, 9989.684570>) removed a lock!
[19:49:36] Player (^DBD^ Maxo, 76561198148661627)(<1180.172852, 344.556030, 9987.970703>) quick accessed a lock!
[19:50:58] Player (^DBD^ Maxo, 76561198148661627)(<1180.172852, 344.556030, 9987.970703>) quick accessed a lock!
[19:51:24] Player (^DBD^ Maxo, 76561198148661627)(<1180.172852, 344.556030, 9987.970703>) quick accessed a lock!
[19:52:07] Player (^DBD^ Maxo, 76561198148661627)(<1182.824463, 344.556030, 9978.469727>) quick accessed a lock!
[19:54:11] Player (^DBD^ Maxo, 76561198148661627)(<1179.052612, 344.556030, 9989.350586>) set a new passcode on lock!
[19:54:11] Player (^DBD^ Maxo, 76561198148661627)(<1179.052612, 344.556030, 9989.350586>) claimed ownership of a lock!
[19:54:54] Player (^DBD^ Maxo, 76561198148661627)(<1180.172852, 344.556030, 9987.970703>) quick accessed a lock!
[19:55:00] Player (^DBD^ Maxo, 76561198148661627)(<1180.172852, 344.556030, 9987.970703>) quick accessed a lock!
[19:55:44] Player (^DBD^ Maxo, 76561198148661627)(<1189.157593, 344.580933, 9985.374023>) quick accessed a lock!
[19:56:13] Player (^DBD^ Maxo, 76561198148661627)(<1189.157593, 344.580933, 9985.374023>) quick accessed a lock!
[19:58:14] Player (^DBD^ Maxo, 76561198148661627)(<1189.157593, 344.580933, 9985.374023>) quick accessed a lock!
[19:58:32] Player (^DBD^ Maxo, 76561198148661627)(<1189.157593, 344.580933, 9985.374023>) quick accessed a lock!
[19:58:48] Player (^DBD^ Maxo, 76561198148661627)(<1186.750732, 344.556030, 9985.829102>) quick accessed a lock!
[19:59:03] Player (^DBD^ Maxo, 76561198148661627)(<1184.751831, 344.556030, 9983.866211>) quick accessed a lock!
[19:59:55] Player (KingHotDog, 76561199068832255)(<1385.540894, 314.510406, 9256.167969>) set a new passcode on lock!
[19:59:55] Player (KingHotDog, 76561199068832255)(<1385.540894, 314.510406, 9256.167969>) claimed ownership of a lock!
[20:02:06] Player (KingHotDog, 76561199068832255)(<1385.540894, 314.510406, 9256.167969>) quick accessed a lock!
[20:08:31] Player (KingHotDog, 76561199068832255)(<1384.471069, 315.600464, 9256.008789>) set a new passcode on lock!
[20:08:31] Player (KingHotDog, 76561199068832255)(<1384.471069, 315.600464, 9256.008789>) claimed ownership of a lock!
[20:09:04] Player (KingHotDog, 76561199068832255)(<1380.776733, 319.050842, 9260.388672>) set a new passcode on lock!
[20:09:04] Player (KingHotDog, 76561199068832255)(<1380.776733, 319.050842, 9260.388672>) claimed ownership of a lock!
[20:09:05] Player (KingHotDog, 76561199068832255)(<1380.776733, 319.050842, 9260.388672>) quick accessed a lock!
[20:09:35] Player (KingHotDog, 76561199068832255)(<1378.942871, 327.203766, 9256.191406>) set a new passcode on lock!
[20:09:35] Player (KingHotDog, 76561199068832255)(<1378.942871, 327.203766, 9256.191406>) claimed ownership of a lock!
[20:30:34] Player (RaginCajun, 76561198008597711)(<6611.542969, 15.929601, 2308.030029>) quick accessed a lock!
[20:30:48] Player (RaginCajun, 76561198008597711)(<6615.646484, 15.929601, 2307.061279>) quick accessed a lock!
[20:40:36] Player (RaginCajun, 76561198008597711)(<6611.542969, 15.929601, 2308.030029>) quick accessed a lock!
[09-01-2021][22.26.09] Log file reloaded ( Server Restart )
[02:12:27] Player (^DBD^ Maxo, 76561198148661627)(<1184.751831, 344.556030, 9983.866211>) quick accessed a lock!
[02:12:37] Player (^DBD^ Maxo, 76561198148661627)(<1186.750732, 344.556030, 9985.829102>) quick accessed a lock!
[02:12:43] Player (^DBD^ Maxo, 76561198148661627)(<1189.157593, 344.580933, 9985.374023>) quick accessed a lock!
[02:16:34] Player (^DBD^ Maxo, 76561198148661627)(<1189.157593, 344.580933, 9985.374023>) quick accessed a lock!
[02:20:41] Player (^DBD^ Maxo, 76561198148661627)(<1186.750732, 344.556030, 9985.829102>) quick accessed a lock!
[02:20:42] Player (^DBD^ Maxo, 76561198148661627)(<1184.751831, 344.556030, 9983.866211>) quick accessed a lock!
[02:20:46] Player (^DBD^ Maxo, 76561198148661627)(<1182.824463, 344.556030, 9978.469727>) quick accessed a lock!
