[09-03-2021][03.48.06] New Access Log File Created!
[09-03-2021][07.49.46] Log file reloaded ( Server Restart )
[09-03-2021][11.51.30] Log file reloaded ( Server Restart )
[14:15:44] Player (^DBD^ Maxo, 76561198148661627)(<1166.893311, 345.748413, 9984.816406>) quick accessed a lock!
[14:15:46] Player (^DBD^ Maxo, 76561198148661627)(<1166.893311, 345.748413, 9984.816406>) quick accessed a lock!
[14:17:35] Player (^DBD^ Maxo, 76561198148661627)(<1189.157593, 344.580933, 9985.374023>) quick accessed a lock!
[14:18:21] Player (^DBD^ Maxo, 76561198148661627)(<1187.540894, 344.556030, 9991.790039>) quick accessed a lock!
[14:20:42] Player (^DBD^ Maxo, 76561198148661627)(<1186.750732, 344.556030, 9985.829102>) quick accessed a lock!
[14:22:14] Player (^DBD^ Maxo, 76561198148661627)(<1189.157593, 344.580933, 9985.374023>) quick accessed a lock!
[14:22:22] Player (^DBD^ Maxo, 76561198148661627)(<1188.573730, 345.459076, 9981.229492>) quick accessed a lock!
[14:24:25] Player (^DBD^ Maxo, 76561198148661627)(<1188.573730, 345.459076, 9981.229492>) quick accessed a lock!
[14:24:27] Player (^DBD^ Maxo, 76561198148661627)(<1189.157593, 344.580933, 9985.374023>) quick accessed a lock!
[14:29:17] Player (^DBD^ Maxo, 76561198148661627)(<1188.573730, 345.459076, 9981.229492>) quick accessed a lock!
[09-03-2021][15.53.12] Log file reloaded ( Server Restart )
[09-03-2021][16.52.01] Log file reloaded ( Server Restart )
[16:54:57] Player (KingHotDog, 76561199068832255)(<1386.598633, 334.096039, 9260.309570>) set a new passcode on lock!
[16:54:57] Player (KingHotDog, 76561199068832255)(<1386.598633, 334.096039, 9260.309570>) claimed ownership of a lock!
[16:54:58] Player (KingHotDog, 76561199068832255)(<1386.598633, 334.096039, 9260.309570>) quick accessed a lock!
[17:46:51] Player (^DBD^ Maxo, 76561198148661627)(<1189.157593, 344.580933, 9985.374023>) quick accessed a lock!
[17:47:06] Player (^DBD^ Maxo, 76561198148661627)(<1189.157593, 344.580933, 9985.374023>) quick accessed a lock!
[17:47:11] Player (^DBD^ Maxo, 76561198148661627)(<1188.573730, 345.459076, 9981.229492>) quick accessed a lock!
[17:47:37] Player (^DBD^ Maxo, 76561198148661627)(<1186.750732, 344.556030, 9985.829102>) quick accessed a lock!
[17:50:21] Player (^DBD^ Maxo, 76561198148661627)(<1187.540894, 344.556030, 9991.790039>) quick accessed a lock!
[17:50:37] Player (^DBD^ Maxo, 76561198148661627)(<1187.540894, 344.556030, 9991.790039>) quick accessed a lock!
[17:54:45] Player (^DBD^ Maxo, 76561198148661627)(<1184.751831, 344.556030, 9983.866211>) quick accessed a lock!
[17:57:51] Player (^DBD^ Maxo, 76561198148661627)(<1181.235474, 344.556030, 9979.996094>) quick accessed a lock!
[17:59:05] Player (^DBD^ Maxo, 76561198148661627)(<1186.966064, 344.556030, 9980.056641>) quick accessed a lock!
[17:59:26] Player (^DBD^ Maxo, 76561198148661627)(<1184.751831, 344.556030, 9983.866211>) quick accessed a lock!
[17:59:30] Player (^DBD^ Maxo, 76561198148661627)(<1186.750732, 344.556030, 9985.829102>) quick accessed a lock!
[17:59:31] Player (^DBD^ Maxo, 76561198148661627)(<1189.157593, 344.580933, 9985.374023>) quick accessed a lock!
[18:03:29] Player (^DBD^ Maxo, 76561198148661627)(<1188.573730, 345.459076, 9981.229492>) quick accessed a lock!
[18:03:31] Player (^DBD^ Maxo, 76561198148661627)(<1189.157593, 344.580933, 9985.374023>) quick accessed a lock!
[18:06:00] Player (^DBD^ Maxo, 76561198148661627)(<1189.157593, 344.580933, 9985.374023>) quick accessed a lock!
[18:06:02] Player (^DBD^ Maxo, 76561198148661627)(<1186.750732, 344.556030, 9985.829102>) quick accessed a lock!
[18:06:05] Player (^DBD^ Maxo, 76561198148661627)(<1184.751831, 344.556030, 9983.866211>) quick accessed a lock!
[18:06:10] Player (^DBD^ Maxo, 76561198148661627)(<1187.540894, 344.556030, 9991.790039>) quick accessed a lock!
[18:06:50] Player (^DBD^ Maxo, 76561198148661627)(<1181.235474, 344.556030, 9979.996094>) quick accessed a lock!
[18:08:35] Player (^DBD^ Maxo, 76561198148661627)(<1186.966064, 344.556030, 9980.056641>) quick accessed a lock!
[18:30:40] Player (^DBD^ Maxo, 76561198148661627)(<1189.157593, 344.580933, 9985.374023>) quick accessed a lock!
[18:30:42] Player (^DBD^ Maxo, 76561198148661627)(<1188.573730, 345.459076, 9981.229492>) quick accessed a lock!
[18:30:51] Player (^DBD^ Maxo, 76561198148661627)(<1166.893311, 345.748413, 9984.816406>) quick accessed a lock!
[18:31:27] Player (^DBD^ Maxo, 76561198148661627)(<1188.573730, 345.459076, 9981.229492>) quick accessed a lock!
[18:31:34] Player (^DBD^ Maxo, 76561198148661627)(<1184.751831, 344.556030, 9983.866211>) quick accessed a lock!
[18:31:37] Player (^DBD^ Maxo, 76561198148661627)(<1182.824463, 344.556030, 9978.469727>) quick accessed a lock!
[18:32:25] Player (^DBD^ Maxo, 76561198148661627)(<1188.573730, 345.459076, 9981.229492>) quick accessed a lock!
[18:33:55] Player (^DBD^ Maxo, 76561198148661627)(<1188.573730, 345.459076, 9981.229492>) quick accessed a lock!
[18:34:21] Player (^DBD^ Maxo, 76561198148661627)(<1186.750732, 344.556030, 9985.829102>) quick accessed a lock!
[18:34:43] Player (^DBD^ Maxo, 76561198148661627)(<1184.751831, 344.556030, 9983.866211>) quick accessed a lock!
[18:35:22] Player (^DBD^ Maxo, 76561198148661627)(<1184.751831, 344.556030, 9983.866211>) quick accessed a lock!
[18:35:25] Player (^DBD^ Maxo, 76561198148661627)(<1186.750732, 344.556030, 9985.829102>) quick accessed a lock!
[18:37:18] Player (^DBD^ Maxo, 76561198148661627)(<1180.172852, 344.556030, 9987.970703>) quick accessed a lock!
[18:37:24] Player (^DBD^ Maxo, 76561198148661627)(<1179.052612, 344.556030, 9989.350586>) quick accessed a lock!
[19:36:14] Player (^DBD^ Maxo, 76561198148661627)(<1166.893311, 345.748413, 9984.816406>) quick accessed a lock!
[20:23:57] Player (^DBD^ Maxo, 76561198148661627)(<1166.893311, 345.748413, 9984.816406>) quick accessed a lock!
[20:25:11] Player (^DBD^ Maxo, 76561198148661627)(<1188.573730, 345.459076, 9981.229492>) quick accessed a lock!
[20:25:16] Player (^DBD^ Maxo, 76561198148661627)(<1189.157593, 344.580933, 9985.374023>) quick accessed a lock!
[20:25:48] Player (^DBD^ Maxo, 76561198148661627)(<1186.750732, 344.556030, 9985.829102>) quick accessed a lock!
[20:26:09] Player (^DBD^ Maxo, 76561198148661627)(<1184.751831, 344.556030, 9983.866211>) quick accessed a lock!
[20:26:33] Player (^DBD^ Maxo, 76561198148661627)(<1189.157593, 344.580933, 9985.374023>) quick accessed a lock!
[20:43:07] Player (^DBD^ Maxo, 76561198148661627)(<1166.893311, 345.748413, 9984.816406>) quick accessed a lock!
[20:43:41] Player (^DBD^ Maxo, 76561198148661627)(<1189.157593, 344.580933, 9985.374023>) quick accessed a lock!
[20:43:44] Player (^DBD^ Maxo, 76561198148661627)(<1186.750732, 344.556030, 9985.829102>) quick accessed a lock!
[20:43:45] Player (^DBD^ Maxo, 76561198148661627)(<1184.751831, 344.556030, 9983.866211>) quick accessed a lock!
[20:44:30] Player (^DBD^ Maxo, 76561198148661627)(<1182.824463, 344.556030, 9978.469727>) quick accessed a lock!
[20:49:41] Player (^DBD^ Maxo, 76561198148661627)(<1186.750732, 344.556030, 9985.829102>) quick accessed a lock!
[20:49:51] Player (^DBD^ Maxo, 76561198148661627)(<1184.751831, 344.556030, 9983.866211>) quick accessed a lock!
[20:49:57] Player (^DBD^ Maxo, 76561198148661627)(<1181.235474, 344.556030, 9979.996094>) quick accessed a lock!
[20:50:13] Player (^DBD^ Maxo, 76561198148661627)(<1186.966064, 344.556030, 9980.056641>) quick accessed a lock!
[20:50:15] Player (^DBD^ Maxo, 76561198148661627)(<1186.966064, 344.556030, 9980.056641>) quick accessed a lock!
[20:50:38] Player (^DBD^ Maxo, 76561198148661627)(<1184.751831, 344.556030, 9983.866211>) quick accessed a lock!
[09-03-2021][20.53.43] Log file reloaded ( Server Restart )
[22:09:46] Player (Aaron, 76561199083883076)(<1188.573730, 345.459076, 9981.229492>) quick accessed a lock!
[22:09:52] Player (Aaron, 76561199083883076)(<1189.157593, 344.580933, 9985.374023>) quick accessed a lock!
[22:10:18] Player (Aaron, 76561199083883076)(<1187.540894, 344.556030, 9991.790039>) quick accessed a lock!
[22:12:12] Player (Aaron, 76561199083883076)(<1132.763794, 345.573212, 9973.032227>) quick accessed a lock!
[22:12:17] Player (Aaron, 76561199083883076)(<1132.735107, 344.874054, 9969.252930>) quick accessed a lock!
[22:12:23] Player (Aaron, 76561199083883076)(<1133.712769, 344.882324, 9966.475586>) quick accessed a lock!
[22:12:28] Player (Aaron, 76561199083883076)(<1135.836792, 346.094452, 9966.250000>) quick accessed a lock!
[22:12:35] Player (Aaron, 76561199083883076)(<1136.275024, 344.882324, 9965.555664>) quick accessed a lock!
[22:13:02] Player (Aaron, 76561199083883076)(<1141.110718, 344.882324, 9964.958984>) quick accessed a lock!
[22:18:00] Player (Aaron, 76561199083883076)(<1132.735107, 344.874054, 9969.252930>) quick accessed a lock!
[22:18:19] Player (Aaron, 76561199083883076)(<1132.763794, 345.573212, 9973.032227>) quick accessed a lock!
[22:25:16] Player (Aaron, 76561199083883076)(<1132.763794, 345.573212, 9973.032227>) quick accessed a lock!
[22:25:38] Player (Aaron, 76561199083883076)(<1132.763794, 345.573212, 9973.032227>) quick accessed a lock!
[22:26:16] Player (Aaron, 76561199083883076)(<1132.735107, 344.874054, 9969.252930>) quick accessed a lock!
[22:28:35] Player (Aaron, 76561199083883076)(<1132.763794, 345.573212, 9973.032227>) quick accessed a lock!
[22:30:49] Player (Aaron, 76561199083883076)(<1143.002197, 344.374542, 9969.393555>) quick accessed a lock!
[22:34:26] Player (Aaron, 76561199083883076)(<1188.573730, 345.459076, 9981.229492>) quick accessed a lock!
[22:34:29] Player (Aaron, 76561199083883076)(<1189.157593, 344.580933, 9985.374023>) quick accessed a lock!
[22:34:58] Player (Aaron, 76561199083883076)(<1187.540894, 344.556030, 9991.790039>) quick accessed a lock!
[22:36:24] Player (Aaron, 76561199083883076)(<1143.002197, 344.374542, 9969.393555>) quick accessed a lock!
[22:36:29] Player (Aaron, 76561199083883076)(<1132.763794, 345.573212, 9973.032227>) quick accessed a lock!
[22:36:32] Player (Aaron, 76561199083883076)(<1132.735107, 344.874054, 9969.252930>) quick accessed a lock!
[22:36:34] Player (Aaron, 76561199083883076)(<1133.712769, 344.882324, 9966.475586>) quick accessed a lock!
[22:36:55] Player (Aaron, 76561199083883076)(<1136.275024, 344.882324, 9965.555664>) quick accessed a lock!
[22:38:13] Player (Aaron, 76561199083883076)(<1135.836792, 346.094452, 9966.250000>) quick accessed a lock!
[22:43:28] Player (Aaron, 76561199083883076)(<1143.002197, 344.374542, 9969.393555>) quick accessed a lock!
[22:45:45] Player (Aaron, 76561199083883076)(<1132.763794, 345.573212, 9973.032227>) quick accessed a lock!
[22:45:47] Player (Aaron, 76561199083883076)(<1132.735107, 344.874054, 9969.252930>) quick accessed a lock!
[22:45:49] Player (Aaron, 76561199083883076)(<1133.712769, 344.882324, 9966.475586>) quick accessed a lock!
[22:45:51] Player (Aaron, 76561199083883076)(<1135.836792, 346.094452, 9966.250000>) quick accessed a lock!
[22:45:57] Player (Aaron, 76561199083883076)(<1136.275024, 344.882324, 9965.555664>) quick accessed a lock!
[22:55:46] Player (Aaron, 76561199083883076)(<1141.110718, 344.882324, 9964.958984>) removed a lock!
[22:58:07] Player (Aaron, 76561199083883076)(<1141.810303, 344.882324, 9962.911133>) set a new passcode on lock!
[22:58:07] Player (Aaron, 76561199083883076)(<1141.810303, 344.882324, 9962.911133>) claimed ownership of a lock!
[09-03-2021][23.13.39] Log file reloaded ( Server Restart )
[23:15:25] Player (Aaron, 76561199083883076)(<1136.275024, 344.882324, 9965.555664>) quick accessed a lock!
[23:30:29] Player (^DBD^ Maxo, 76561198148661627)(<1184.751831, 344.556030, 9983.866211>) quick accessed a lock!
[23:30:46] Player (^DBD^ Maxo, 76561198148661627)(<1186.750732, 344.556030, 9985.829102>) quick accessed a lock!
[23:31:00] Player (^DBD^ Maxo, 76561198148661627)(<1189.157593, 344.580933, 9985.374023>) quick accessed a lock!
[23:31:26] Player (^DBD^ Maxo, 76561198148661627)(<1188.573730, 345.459076, 9981.229492>) quick accessed a lock!
[00:09:10] Player (^DBD^ Maxo, 76561198148661627)(<1165.940674, 345.612946, 9990.236328>) set a new passcode on lock!
[00:09:10] Player (^DBD^ Maxo, 76561198148661627)(<1165.940674, 345.612946, 9990.236328>) claimed ownership of a lock!
[00:09:47] Player (^DBD^ Maxo, 76561198148661627)(<1166.893311, 345.748413, 9984.816406>) quick accessed a lock!
[00:10:36] Player (^DBD^ Maxo, 76561198148661627)(<1188.573730, 345.459076, 9981.229492>) quick accessed a lock!
[00:10:41] Player (^DBD^ Maxo, 76561198148661627)(<1189.157593, 344.580933, 9985.374023>) quick accessed a lock!
[00:11:01] Player (^DBD^ Maxo, 76561198148661627)(<1187.540894, 344.556030, 9991.790039>) quick accessed a lock!
[00:11:54] Player (^DBD^ Maxo, 76561198148661627)(<1186.750732, 344.556030, 9985.829102>) quick accessed a lock!
[00:13:02] Player (^DBD^ Maxo, 76561198148661627)(<1187.540894, 344.556030, 9991.790039>) quick accessed a lock!
[00:13:17] Player (^DBD^ Maxo, 76561198148661627)(<1187.540894, 344.556030, 9991.790039>) quick accessed a lock!
[00:16:06] Player (^DBD^ Maxo, 76561198148661627)(<1184.751831, 344.556030, 9983.866211>) quick accessed a lock!
[00:19:33] Player (^DBD^ Maxo, 76561198148661627)(<1189.157593, 344.580933, 9985.374023>) quick accessed a lock!
[00:19:37] Player (^DBD^ Maxo, 76561198148661627)(<1188.573730, 345.459076, 9981.229492>) quick accessed a lock!
[00:19:42] Player (^DBD^ Maxo, 76561198148661627)(<1188.573730, 345.459076, 9981.229492>) quick accessed a lock!
[00:19:47] Player (^DBD^ Maxo, 76561198148661627)(<1189.157593, 344.580933, 9985.374023>) quick accessed a lock!
[00:20:30] Player (^DBD^ Maxo, 76561198148661627)(<1186.750732, 344.556030, 9985.829102>) quick accessed a lock!
[00:21:28] Player (^DBD^ Maxo, 76561198148661627)(<1187.540894, 344.556030, 9991.790039>) quick accessed a lock!
[00:22:35] Player (Aaron, 76561199083883076)(<1136.275024, 344.882324, 9965.555664>) quick accessed a lock!
[00:22:42] Player (Aaron, 76561199083883076)(<1135.836792, 346.094452, 9966.250000>) quick accessed a lock!
[00:22:46] Player (Aaron, 76561199083883076)(<1133.712769, 344.882324, 9966.475586>) quick accessed a lock!
[00:22:51] Player (Aaron, 76561199083883076)(<1132.735107, 344.874054, 9969.252930>) quick accessed a lock!
[00:22:56] Player (Aaron, 76561199083883076)(<1132.763794, 345.573212, 9973.032227>) quick accessed a lock!
[00:24:02] Player (^DBD^ Maxo, 76561198148661627)(<1188.573730, 345.459076, 9981.229492>) quick accessed a lock!
[00:24:12] Player (Aaron, 76561199083883076)(<1143.002197, 344.374542, 9969.393555>) quick accessed a lock!
[00:24:26] Player (^DBD^ Maxo, 76561198148661627)(<1188.573730, 345.459076, 9981.229492>) quick accessed a lock!
[00:24:43] Player (^DBD^ Maxo, 76561198148661627)(<1165.940674, 345.612946, 9990.236328>) quick accessed a lock!
[00:24:57] Player (Aaron, 76561199083883076)(<1132.763794, 345.573212, 9973.032227>) quick accessed a lock!
[00:25:28] Player (Aaron, 76561199083883076)(<1132.735107, 344.874054, 9969.252930>) quick accessed a lock!
[00:25:29] Player (Aaron, 76561199083883076)(<1133.712769, 344.882324, 9966.475586>) quick accessed a lock!
[00:25:32] Player (Aaron, 76561199083883076)(<1136.275024, 344.882324, 9965.555664>) quick accessed a lock!
[00:27:31] Player (Aaron, 76561199083883076)(<1132.763794, 345.573212, 9973.032227>) quick accessed a lock!
[00:27:41] Player (Aaron, 76561199083883076)(<1132.763794, 345.573212, 9973.032227>) quick accessed a lock!
[00:27:53] Player (Aaron, 76561199083883076)(<1132.763794, 345.573212, 9973.032227>) quick accessed a lock!
[00:28:24] Player (^DBD^ Maxo, 76561198148661627)(<1165.940674, 345.612946, 9990.236328>) quick accessed a lock!
[00:28:32] Player (Aaron, 76561199083883076)(<1189.157593, 344.580933, 9985.374023>) quick accessed a lock!
[00:29:03] Player (Aaron, 76561199083883076)(<1165.940674, 345.612946, 9990.236328>) accessed a lock!
[00:29:03] Player (Aaron, 76561199083883076)(<1165.940674, 345.612946, 9990.236328>) was added as a guest of a lock!
[00:31:36] Player (Aaron, 76561199083883076)(<1132.763794, 345.573212, 9973.032227>) quick accessed a lock!
[00:31:38] Player (Aaron, 76561199083883076)(<1132.735107, 344.874054, 9969.252930>) quick accessed a lock!
[00:31:39] Player (Aaron, 76561199083883076)(<1133.712769, 344.882324, 9966.475586>) quick accessed a lock!
[00:31:42] Player (Aaron, 76561199083883076)(<1135.836792, 346.094452, 9966.250000>) quick accessed a lock!
[00:31:59] Player (Aaron, 76561199083883076)(<1132.763794, 345.573212, 9973.032227>) quick accessed a lock!
[00:32:31] Player (^DBD^ Maxo, 76561198148661627)(<1165.940674, 345.612946, 9990.236328>) quick accessed a lock!
[00:32:40] Player (^DBD^ Maxo, 76561198148661627)(<1188.573730, 345.459076, 9981.229492>) quick accessed a lock!
[00:33:17] Player (^DBD^ Maxo, 76561198148661627)(<1184.751831, 344.556030, 9983.866211>) quick accessed a lock!
[00:33:23] Player (^DBD^ Maxo, 76561198148661627)(<1182.824463, 344.556030, 9978.469727>) quick accessed a lock!
[00:33:37] Player (^DBD^ Maxo, 76561198148661627)(<1189.157593, 344.580933, 9985.374023>) quick accessed a lock!
[00:33:39] Player (Aaron, 76561199083883076)(<1143.002197, 344.374542, 9969.393555>) quick accessed a lock!
[00:33:53] Player (Aaron, 76561199083883076)(<1132.763794, 345.573212, 9973.032227>) quick accessed a lock!
[00:33:54] Player (Aaron, 76561199083883076)(<1132.735107, 344.874054, 9969.252930>) quick accessed a lock!
[00:33:56] Player (Aaron, 76561199083883076)(<1133.712769, 344.882324, 9966.475586>) quick accessed a lock!
[00:34:00] Player (Aaron, 76561199083883076)(<1135.836792, 346.094452, 9966.250000>) quick accessed a lock!
[00:34:01] Player (Aaron, 76561199083883076)(<1136.275024, 344.882324, 9965.555664>) quick accessed a lock!
[00:34:58] Player (Aaron, 76561199083883076)(<1135.836792, 346.094452, 9966.250000>) quick accessed a lock!
[00:35:07] Player (^DBD^ Maxo, 76561198148661627)(<1165.940674, 345.612946, 9990.236328>) quick accessed a lock!
[00:36:41] Player (^DBD^ Maxo, 76561198148661627)(<1165.940674, 345.612946, 9990.236328>) quick accessed a lock!
[00:37:38] Player (^DBD^ Maxo, 76561198148661627)(<1165.940674, 345.612946, 9990.236328>) quick accessed a lock!
[00:37:46] Player (^DBD^ Maxo, 76561198148661627)(<1188.573730, 345.459076, 9981.229492>) quick accessed a lock!
[00:37:48] Player (^DBD^ Maxo, 76561198148661627)(<1189.157593, 344.580933, 9985.374023>) quick accessed a lock!
[00:38:05] Player (^DBD^ Maxo, 76561198148661627)(<1165.940674, 345.612946, 9990.236328>) quick accessed a lock!
[00:41:26] Player (Aaron, 76561199083883076)(<1132.763794, 345.573212, 9973.032227>) quick accessed a lock!
[00:41:37] Player (Aaron, 76561199083883076)(<1132.763794, 345.573212, 9973.032227>) quick accessed a lock!
[00:45:48] Player (Aaron, 76561199083883076)(<1165.940674, 345.612946, 9990.236328>) quick accessed a lock!
[00:46:02] Player (Aaron, 76561199083883076)(<1188.573730, 345.459076, 9981.229492>) quick accessed a lock!
[00:46:05] Player (Aaron, 76561199083883076)(<1188.573730, 345.459076, 9981.229492>) quick accessed a lock!
[00:46:09] Player (Aaron, 76561199083883076)(<1189.157593, 344.580933, 9985.374023>) quick accessed a lock!
[00:46:11] Player (Aaron, 76561199083883076)(<1189.157593, 344.580933, 9985.374023>) quick accessed a lock!
[00:52:30] Player (^DBD^ Maxo, 76561198148661627)(<1165.940674, 345.612946, 9990.236328>) quick accessed a lock!
[00:53:08] Player (^DBD^ Maxo, 76561198148661627)(<1165.940674, 345.612946, 9990.236328>) quick accessed a lock!
[00:53:24] Player (^DBD^ Maxo, 76561198148661627)(<1165.940674, 345.612946, 9990.236328>) quick accessed a lock!
[00:53:33] Player (^DBD^ Maxo, 76561198148661627)(<1188.573730, 345.459076, 9981.229492>) quick accessed a lock!
[00:53:52] Player (Aaron, 76561199083883076)(<1132.763794, 345.573212, 9973.032227>) quick accessed a lock!
[00:53:58] Player (Aaron, 76561199083883076)(<1132.735107, 344.874054, 9969.252930>) quick accessed a lock!
[00:53:59] Player (Aaron, 76561199083883076)(<1133.712769, 344.882324, 9966.475586>) quick accessed a lock!
[00:54:07] Player (Aaron, 76561199083883076)(<1135.836792, 346.094452, 9966.250000>) quick accessed a lock!
[00:54:23] Player (Aaron, 76561199083883076)(<1136.275024, 344.882324, 9965.555664>) quick accessed a lock!
[01:03:40] Player (^DBD^ Maxo, 76561198148661627)(<1188.573730, 345.459076, 9981.229492>) quick accessed a lock!
[01:04:00] Player (^DBD^ Maxo, 76561198148661627)(<1188.573730, 345.459076, 9981.229492>) quick accessed a lock!
[01:04:34] Player (^DBD^ Maxo, 76561198148661627)(<1166.893311, 345.748413, 9984.816406>) quick accessed a lock!
[01:06:03] Player (^DBD^ Maxo, 76561198148661627)(<1166.893311, 345.748413, 9984.816406>) quick accessed a lock!
[01:12:01] Player (^DBD^ Maxo, 76561198148661627)(<1165.940674, 345.612946, 9990.236328>) quick accessed a lock!
[01:27:18] Player (Aaron, 76561199083883076)(<1141.810303, 344.882324, 9962.911133>) quick accessed a lock!
[01:31:24] Player (Aaron, 76561199083883076)(<1136.275024, 344.882324, 9965.555664>) quick accessed a lock!
[01:31:49] Player (^DBD^ Maxo, 76561198148661627)(<1165.940674, 345.612946, 9990.236328>) quick accessed a lock!
[01:32:29] Player (^DBD^ Maxo, 76561198148661627)(<1188.573730, 345.459076, 9981.229492>) quick accessed a lock!
[01:32:34] Player (^DBD^ Maxo, 76561198148661627)(<1189.157593, 344.580933, 9985.374023>) quick accessed a lock!
[01:32:35] Player (^DBD^ Maxo, 76561198148661627)(<1189.157593, 344.580933, 9985.374023>) quick accessed a lock!
[01:32:39] Player (Aaron, 76561199083883076)(<1135.836792, 346.094452, 9966.250000>) quick accessed a lock!
[01:32:39] Player (^DBD^ Maxo, 76561198148661627)(<1186.750732, 344.556030, 9985.829102>) quick accessed a lock!
[01:32:48] Player (^DBD^ Maxo, 76561198148661627)(<1184.751831, 344.556030, 9983.866211>) quick accessed a lock!
[01:32:54] Player (^DBD^ Maxo, 76561198148661627)(<1181.235474, 344.556030, 9979.996094>) quick accessed a lock!
[01:33:02] Player (^DBD^ Maxo, 76561198148661627)(<1186.966064, 344.556030, 9980.056641>) quick accessed a lock!
[01:33:10] Player (^DBD^ Maxo, 76561198148661627)(<1186.966064, 344.556030, 9980.056641>) quick accessed a lock!
[01:33:12] Player (Aaron, 76561199083883076)(<1133.712769, 344.882324, 9966.475586>) quick accessed a lock!
[01:33:25] Player (Aaron, 76561199083883076)(<1132.735107, 344.874054, 9969.252930>) quick accessed a lock!
[01:33:30] Player (Aaron, 76561199083883076)(<1132.763794, 345.573212, 9973.032227>) quick accessed a lock!
[01:35:34] Player (^DBD^ Maxo, 76561198148661627)(<1165.940674, 345.612946, 9990.236328>) quick accessed a lock!
[01:35:53] Player (Aaron, 76561199083883076)(<1143.002197, 344.374542, 9969.393555>) quick accessed a lock!
[01:36:09] Player (Aaron, 76561199083883076)(<1132.735107, 344.874054, 9969.252930>) quick accessed a lock!
[01:36:10] Player (Aaron, 76561199083883076)(<1133.712769, 344.882324, 9966.475586>) quick accessed a lock!
[01:36:13] Player (Aaron, 76561199083883076)(<1135.836792, 346.094452, 9966.250000>) quick accessed a lock!
[01:40:46] Player (Aaron, 76561199083883076)(<1132.763794, 345.573212, 9973.032227>) quick accessed a lock!
[01:40:47] Player (Aaron, 76561199083883076)(<1132.735107, 344.874054, 9969.252930>) quick accessed a lock!
[01:40:49] Player (Aaron, 76561199083883076)(<1133.712769, 344.882324, 9966.475586>) quick accessed a lock!
[01:40:52] Player (Aaron, 76561199083883076)(<1135.836792, 346.094452, 9966.250000>) quick accessed a lock!
[01:41:02] Player (Aaron, 76561199083883076)(<1136.275024, 344.882324, 9965.555664>) quick accessed a lock!
[01:41:26] Player (^DBD^ Maxo, 76561198148661627)(<1165.940674, 345.612946, 9990.236328>) quick accessed a lock!
[01:41:32] Player (^DBD^ Maxo, 76561198148661627)(<1166.893311, 345.748413, 9984.816406>) quick accessed a lock!
[01:49:54] Player (SonJd, 76561198214438271)(<3586.307373, 19.553514, 2172.341064>) set a new passcode on lock!
[01:49:54] Player (SonJd, 76561198214438271)(<3586.307373, 19.553514, 2172.341064>) claimed ownership of a lock!
[01:50:00] Player (SonJd, 76561198214438271)(<3586.307373, 19.553514, 2172.341064>) quick accessed a lock!
[01:50:36] Player (DarthErrina, 76561199134542915)(<3586.307373, 19.553514, 2172.341064>) accessed a lock!
[01:50:36] Player (DarthErrina, 76561199134542915)(<3586.307373, 19.553514, 2172.341064>) was added as a guest of a lock!
[01:51:08] Player (SonJd, 76561198214438271)(<3586.307373, 19.553514, 2172.341064>) quick accessed a lock!
[01:55:09] Player (SonJd, 76561198214438271)(<3586.307373, 19.553514, 2172.341064>) quick accessed a lock!
[01:55:38] Player (SonJd, 76561198214438271)(<3586.307373, 19.553514, 2172.341064>) quick accessed a lock!
[01:56:59] Player (SonJd, 76561198214438271)(<3586.348877, 19.546085, 2175.481201>) set a new passcode on lock!
[01:56:59] Player (SonJd, 76561198214438271)(<3586.348877, 19.546085, 2175.481201>) claimed ownership of a lock!
[01:57:04] Player (SonJd, 76561198214438271)(<3586.307373, 19.553514, 2172.341064>) quick accessed a lock!
[01:57:26] Player (DarthErrina, 76561199134542915)(<3586.348877, 19.546085, 2175.481201>) accessed a lock!
[01:57:26] Player (DarthErrina, 76561199134542915)(<3586.348877, 19.546085, 2175.481201>) was added as a guest of a lock!
[01:57:35] Player (DarthErrina, 76561199134542915)(<3586.307373, 19.553514, 2172.341064>) quick accessed a lock!
[01:57:38] Player (DarthErrina, 76561199134542915)(<3586.348877, 19.546085, 2175.481201>) quick accessed a lock!
[01:58:49] Player (SonJd, 76561198214438271)(<3586.307373, 19.553514, 2172.341064>) quick accessed a lock!
[01:59:38] Player (SonJd, 76561198214438271)(<3586.348877, 19.546085, 2175.481201>) quick accessed a lock!
[02:01:20] Player (SonJd, 76561198214438271)(<3586.307373, 19.553514, 2172.341064>) quick accessed a lock!
[02:05:12] Player (SonJd, 76561198214438271)(<3586.307373, 19.553514, 2172.341064>) quick accessed a lock!
[02:05:58] Player (SonJd, 76561198214438271)(<3586.348877, 19.546085, 2175.481201>) quick accessed a lock!
[02:06:04] Player (SonJd, 76561198214438271)(<3586.348877, 19.546085, 2175.481201>) quick accessed a lock!
[02:06:45] Player (SonJd, 76561198214438271)(<3586.307373, 19.553514, 2172.341064>) quick accessed a lock!
[02:26:39] Player (Sauce, 76561199194857204)(<7802.306641, 314.866455, 6893.690918>) quick accessed a lock!
[02:27:21] Player (Sauce, 76561199194857204)(<7801.914551, 315.043640, 6893.657715>) quick accessed a lock!
[02:35:26] Player (Sauce, 76561199194857204)(<7801.914551, 315.043640, 6893.657715>) quick accessed a lock!
[02:35:35] Player (Sauce, 76561199194857204)(<7801.914551, 315.043640, 6893.657715>) quick accessed a lock!
[02:35:40] Player (Sauce, 76561199194857204)(<7792.361328, 313.654327, 6894.910645>) quick accessed a lock!
[02:41:51] Player (Sauce, 76561199194857204)(<7801.914551, 315.043640, 6893.657715>) quick accessed a lock!
[02:43:14] Player (Sauce, 76561199194857204)(<7801.914551, 315.043640, 6893.657715>) quick accessed a lock!
[02:45:47] Player (Sauce, 76561199194857204)(<7801.914551, 315.043640, 6893.657715>) quick accessed a lock!
[02:48:08] Player (Sauce, 76561199194857204)(<7802.306641, 314.866455, 6893.690918>) quick accessed a lock!
[02:49:12] Player (Sauce, 76561199194857204)(<7802.306641, 314.866455, 6893.690918>) quick accessed a lock!
[02:49:17] Player (Sauce, 76561199194857204)(<7802.306641, 314.866455, 6893.690918>) quick accessed a lock!
[02:49:39] Player (Sauce, 76561199194857204)(<7801.914551, 315.043640, 6893.657715>) quick accessed a lock!
[02:51:04] Player (Sauce, 76561199194857204)(<7801.914551, 315.043640, 6893.657715>) quick accessed a lock!
[02:56:20] Player (Sauce, 76561199194857204)(<7801.914551, 315.043640, 6893.657715>) quick accessed a lock!
[02:59:47] Player (Sauce, 76561199194857204)(<7801.914551, 315.043640, 6893.657715>) quick accessed a lock!
[03:01:55] Player (Sauce, 76561199194857204)(<7801.914551, 315.043640, 6893.657715>) quick accessed a lock!
[03:02:41] Player (Sauce, 76561199194857204)(<7801.914551, 315.043640, 6893.657715>) quick accessed a lock!
