[09-07-2021][02.02.52] New Access Log File Created!
[04:16:59] Player (Knee Greaux, 76561198420720986)(<1370.091675, 433.835968, 12903.194336>) quick accessed a lock!
[04:17:17] Player (Knee Greaux, 76561198420720986)(<1370.091675, 433.835968, 12903.194336>) quick accessed a lock!
[04:36:56] Player (Knee Greaux, 76561198420720986)(<1370.091675, 433.835968, 12903.194336>) quick accessed a lock!
[04:46:59] Player (Knee Greaux, 76561198420720986)(<1370.091675, 433.835968, 12903.194336>) quick accessed a lock!
[04:48:46] Player (Knee Greaux, 76561198420720986)(<1370.091675, 433.835968, 12903.194336>) quick accessed a lock!
[04:51:44] Player (Knee Greaux, 76561198420720986)(<1370.091675, 433.835968, 12903.194336>) quick accessed a lock!
[04:56:48] Player (Knee Greaux, 76561198420720986)(<1370.091675, 433.835968, 12903.194336>) quick accessed a lock!
[04:59:22] Player (Knee Greaux, 76561198420720986)(<1370.091675, 433.835968, 12903.194336>) quick accessed a lock!
[05:03:19] Player (Knee Greaux, 76561198420720986)(<1370.091675, 433.835968, 12903.194336>) quick accessed a lock!
[09-07-2021][05.59.28] Log file reloaded ( Server Restart )
[09-07-2021][09.17.36] Log file reloaded ( Server Restart )
[11:27:13] Player (DarthErrina, 76561199134542915)(<3590.384033, 18.611160, 2181.462402>) quick accessed a lock!
[11:27:21] Player (DarthErrina, 76561199134542915)(<3581.361572, 19.823298, 2170.142090>) quick accessed a lock!
[11:27:29] Player (DarthErrina, 76561199134542915)(<3586.307373, 19.553514, 2172.341064>) quick accessed a lock!
[11:27:33] Player (DarthErrina, 76561199134542915)(<3586.348877, 19.546085, 2175.481201>) quick accessed a lock!
[11:27:52] Player (DarthErrina, 76561199134542915)(<3584.327637, 10.588430, 2175.568848>) quick accessed a lock!
[11:28:06] Player (DarthErrina, 76561199134542915)(<3583.635742, 7.637123, 2177.062256>) quick accessed a lock!
[11:28:50] Player (DarthErrina, 76561199134542915)(<3583.635742, 7.637123, 2177.062256>) quick accessed a lock!
[11:28:56] Player (DarthErrina, 76561199134542915)(<3585.886719, 7.637123, 2178.851807>) quick accessed a lock!
[11:29:29] Player (DarthErrina, 76561199134542915)(<3586.282715, 7.637123, 2183.565918>) quick accessed a lock!
[11:29:38] Player (DarthErrina, 76561199134542915)(<3585.886719, 7.637123, 2178.851807>) quick accessed a lock!
[11:29:47] Player (DarthErrina, 76561199134542915)(<3583.635742, 7.637123, 2177.062256>) quick accessed a lock!
[11:29:54] Player (DarthErrina, 76561199134542915)(<3584.327637, 10.588430, 2175.568848>) quick accessed a lock!
[11:30:08] Player (DarthErrina, 76561199134542915)(<3584.327637, 10.588430, 2175.568848>) quick accessed a lock!
[11:40:34] Player (^DBD^ Maxo, 76561198148661627)(<1188.573730, 345.459076, 9981.229492>) quick accessed a lock!
[11:40:38] Player (^DBD^ Maxo, 76561198148661627)(<1189.157593, 344.580933, 9985.374023>) quick accessed a lock!
[11:42:01] Player (^DBD^ Maxo, 76561198148661627)(<1186.750732, 344.556030, 9985.829102>) quick accessed a lock!
[11:42:05] Player (^DBD^ Maxo, 76561198148661627)(<1184.751831, 344.556030, 9983.866211>) quick accessed a lock!
[11:43:24] Player (^DBD^ Maxo, 76561198148661627)(<1181.235474, 344.556030, 9979.996094>) quick accessed a lock!
[11:43:50] Player (^DBD^ Maxo, 76561198148661627)(<1184.278076, 344.556030, 9987.071289>) quick accessed a lock!
[11:44:11] Player (^DBD^ Maxo, 76561198148661627)(<1186.750732, 344.556030, 9985.829102>) quick accessed a lock!
[11:44:15] Player (^DBD^ Maxo, 76561198148661627)(<1187.540894, 344.556030, 9991.790039>) quick accessed a lock!
[11:45:00] Player (^DBD^ Maxo, 76561198148661627)(<1184.751831, 344.556030, 9983.866211>) quick accessed a lock!
[11:45:02] Player (^DBD^ Maxo, 76561198148661627)(<1181.235474, 344.556030, 9979.996094>) quick accessed a lock!
[11:45:09] Player (^DBD^ Maxo, 76561198148661627)(<1182.824463, 344.556030, 9978.469727>) quick accessed a lock!
[11:46:22] Player (^DBD^ Maxo, 76561198148661627)(<1184.278076, 344.556030, 9987.071289>) quick accessed a lock!
[11:46:39] Player (^DBD^ Maxo, 76561198148661627)(<1189.157593, 344.580933, 9985.374023>) quick accessed a lock!
[11:46:42] Player (^DBD^ Maxo, 76561198148661627)(<1188.573730, 345.459076, 9981.229492>) quick accessed a lock!
[11:47:07] Player (^DBD^ Maxo, 76561198148661627)(<1166.893311, 345.748413, 9984.816406>) quick accessed a lock!
[11:47:44] Player (^DBD^ Maxo, 76561198148661627)(<1165.940674, 345.612946, 9990.236328>) quick accessed a lock!
[11:49:05] Player (^DBD^ Maxo, 76561198148661627)(<1165.940674, 345.612946, 9990.236328>) quick accessed a lock!
[11:49:21] Player (^DBD^ Maxo, 76561198148661627)(<1163.191528, 345.489899, 9971.607422>) quick accessed a lock!
[11:49:38] Player (^DBD^ Maxo, 76561198148661627)(<1137.406128, 345.582153, 9980.600586>) quick accessed a lock!
[12:45:37] Player (Knee Greaux, 76561198420720986)(<1370.091675, 433.835968, 12903.194336>) quick accessed a lock!
[12:49:17] Player (Knee Greaux, 76561198420720986)(<1370.091675, 433.835968, 12903.194336>) quick accessed a lock!
[12:59:22] Player (Knee Greaux, 76561198420720986)(<1370.091675, 433.835968, 12903.194336>) quick accessed a lock!
[09-07-2021][13.19.25] Log file reloaded ( Server Restart )
[13:22:44] Player (^DBD^ Maxo, 76561198148661627)(<1163.191528, 345.489899, 9971.607422>) quick accessed a lock!
[13:22:58] Player (^DBD^ Maxo, 76561198148661627)(<1188.573730, 345.459076, 9981.229492>) quick accessed a lock!
[13:23:03] Player (^DBD^ Maxo, 76561198148661627)(<1189.157593, 344.580933, 9985.374023>) quick accessed a lock!
[13:23:07] Player (^DBD^ Maxo, 76561198148661627)(<1186.750732, 344.556030, 9985.829102>) quick accessed a lock!
[13:23:12] Player (^DBD^ Maxo, 76561198148661627)(<1184.751831, 344.556030, 9983.866211>) quick accessed a lock!
[13:23:18] Player (^DBD^ Maxo, 76561198148661627)(<1182.824463, 344.556030, 9978.469727>) quick accessed a lock!
[13:23:57] Player (^DBD^ Maxo, 76561198148661627)(<1185.200195, 344.556030, 9979.226563>) quick accessed a lock!
[13:25:38] Player (^DBD^ Maxo, 76561198148661627)(<1189.157593, 344.580933, 9985.374023>) quick accessed a lock!
[13:25:46] Player (^DBD^ Maxo, 76561198148661627)(<1188.573730, 345.459076, 9981.229492>) quick accessed a lock!
[13:26:34] Player (^DBD^ Maxo, 76561198148661627)(<1165.940674, 345.612946, 9990.236328>) quick accessed a lock!
[13:35:38] Player (^DBD^ Maxo, 76561198148661627)(<1163.191528, 345.489899, 9971.607422>) quick accessed a lock!
[13:36:09] Player (^DBD^ Maxo, 76561198148661627)(<1188.573730, 345.459076, 9981.229492>) quick accessed a lock!
[13:36:14] Player (^DBD^ Maxo, 76561198148661627)(<1189.157593, 344.580933, 9985.374023>) quick accessed a lock!
[13:36:38] Player (^DBD^ Maxo, 76561198148661627)(<1186.750732, 344.556030, 9985.829102>) quick accessed a lock!
[13:36:42] Player (^DBD^ Maxo, 76561198148661627)(<1184.751831, 344.556030, 9983.866211>) quick accessed a lock!
[13:36:48] Player (^DBD^ Maxo, 76561198148661627)(<1181.235474, 344.556030, 9979.996094>) quick accessed a lock!
[13:37:51] Player (^DBD^ Maxo, 76561198148661627)(<1182.824463, 344.556030, 9978.469727>) quick accessed a lock!
[13:40:18] Player (^DBD^ Maxo, 76561198148661627)(<1184.751831, 344.556030, 9983.866211>) quick accessed a lock!
[13:41:45] Player (^DBD^ Maxo, 76561198148661627)(<1186.750732, 344.556030, 9985.829102>) quick accessed a lock!
[13:41:54] Player (^DBD^ Maxo, 76561198148661627)(<1187.540894, 344.556030, 9991.790039>) quick accessed a lock!
[13:42:45] Player (^DBD^ Maxo, 76561198148661627)(<1184.751831, 344.556030, 9983.866211>) quick accessed a lock!
[13:42:47] Player (^DBD^ Maxo, 76561198148661627)(<1181.235474, 344.556030, 9979.996094>) quick accessed a lock!
[14:46:44] Player (Mad__Maxx, 76561198058108972)(<11613.293945, 110.121780, 15094.700195>) set a new passcode on lock!
[14:46:44] Player (Mad__Maxx, 76561198058108972)(<11613.293945, 110.121780, 15094.700195>) claimed ownership of a lock!
[14:47:04] Player (Mad__Maxx, 76561198058108972)(<11613.293945, 110.121780, 15094.700195>) quick accessed a lock!
[14:47:25] Player (Mad__Maxx, 76561198058108972)(<11613.293945, 110.121780, 15094.700195>) quick accessed a lock!
[14:47:48] Player (Mad__Maxx, 76561198058108972)(<11613.293945, 110.121780, 15094.700195>) quick accessed a lock!
[14:49:35] Player (Mad__Maxx, 76561198058108972)(<11613.293945, 110.121780, 15094.700195>) quick accessed a lock!
[14:53:01] Player (Mad__Maxx, 76561198058108972)(<11613.293945, 110.121780, 15094.700195>) quick accessed a lock!
[15:06:45] Player (^DBD^ Maxo, 76561198148661627)(<1186.750732, 344.556030, 9985.829102>) quick accessed a lock!
[15:06:52] Player (^DBD^ Maxo, 76561198148661627)(<1189.157593, 344.580933, 9985.374023>) quick accessed a lock!
[15:07:54] Player (^DBD^ Maxo, 76561198148661627)(<1188.573730, 345.459076, 9981.229492>) quick accessed a lock!
[15:08:06] Player (^DBD^ Maxo, 76561198148661627)(<1165.940674, 345.612946, 9990.236328>) quick accessed a lock!
[15:22:19] Player (tal, 76561197977321712)(<6099.726563, 47.118248, 2994.738281>) quick accessed a lock!
[15:23:19] Player (tal, 76561197977321712)(<6100.087891, 42.471760, 2992.743896>) quick accessed a lock!
[15:23:35] Player (tal, 76561197977321712)(<6098.472168, 42.487755, 2999.369141>) quick accessed a lock!
[15:30:02] Player (tal, 76561197977321712)(<6098.472168, 42.487755, 2999.369141>) quick accessed a lock!
[15:30:18] Player (tal, 76561197977321712)(<6100.087891, 42.471760, 2992.743896>) quick accessed a lock!
[15:30:22] Player (tal, 76561197977321712)(<6099.726563, 47.118248, 2994.738281>) quick accessed a lock!
[15:31:16] Player (tal, 76561197977321712)(<6100.087891, 42.471760, 2992.743896>) quick accessed a lock!
[15:31:42] Player (tal, 76561197977321712)(<6102.500488, 42.471760, 2997.999268>) set a new passcode on lock!
[15:31:42] Player (tal, 76561197977321712)(<6102.500488, 42.471760, 2997.999268>) claimed ownership of a lock!
[15:32:07] Player (tal, 76561197977321712)(<6100.087891, 42.471760, 2992.743896>) quick accessed a lock!
[15:32:27] Player (tal, 76561197977321712)(<6100.087891, 42.471760, 2992.743896>) quick accessed a lock!
[15:32:30] Player (tal, 76561197977321712)(<6098.472168, 42.487755, 2999.369141>) quick accessed a lock!
[15:35:31] Player (tal, 76561197977321712)(<6098.472168, 42.487755, 2999.369141>) quick accessed a lock!
[15:35:38] Player (tal, 76561197977321712)(<6100.087891, 42.471760, 2992.743896>) quick accessed a lock!
[15:37:17] Player (tal, 76561197977321712)(<6100.087891, 42.471760, 2992.743896>) quick accessed a lock!
[15:37:20] Player (tal, 76561197977321712)(<6100.087891, 42.471760, 2992.743896>) quick accessed a lock!
[15:37:27] Player (tal, 76561197977321712)(<6098.472168, 42.487755, 2999.369141>) quick accessed a lock!
[15:52:12] Player (tal, 76561197977321712)(<6098.472168, 42.487755, 2999.369141>) quick accessed a lock!
[15:52:17] Player (tal, 76561197977321712)(<6100.087891, 42.471760, 2992.743896>) quick accessed a lock!
[15:52:25] Player (tal, 76561197977321712)(<6099.726563, 47.118248, 2994.738281>) quick accessed a lock!
[16:19:31] Player (tal, 76561197977321712)(<6100.087891, 42.471760, 2992.743896>) quick accessed a lock!
[16:19:41] Player (tal, 76561197977321712)(<6102.500488, 42.471760, 2997.999268>) quick accessed a lock!
[16:20:03] Player (tal, 76561197977321712)(<6102.500488, 42.471760, 2997.999268>) quick accessed a lock!
[16:20:06] Player (tal, 76561197977321712)(<6098.472168, 42.487755, 2999.369141>) quick accessed a lock!
[17:04:57] Player (tal, 76561197977321712)(<6098.472168, 42.487755, 2999.369141>) quick accessed a lock!
[17:05:03] Player (tal, 76561197977321712)(<6100.087891, 42.471760, 2992.743896>) quick accessed a lock!
[17:05:08] Player (tal, 76561197977321712)(<6099.726563, 47.118248, 2994.738281>) quick accessed a lock!
[17:07:01] Player (tal, 76561197977321712)(<6098.647949, 45.610924, 2998.635254>) set a new passcode on lock!
[17:07:01] Player (tal, 76561197977321712)(<6098.647949, 45.610924, 2998.635254>) claimed ownership of a lock!
[17:07:02] Player (tal, 76561197977321712)(<6098.647949, 45.610924, 2998.635254>) quick accessed a lock!
[17:08:16] Player (Mad__Maxx, 76561198058108972)(<11613.293945, 110.121780, 15094.700195>) quick accessed a lock!
[17:08:50] Player (Mad__Maxx, 76561198058108972)(<11613.293945, 110.121780, 15094.700195>) quick accessed a lock!
[17:09:38] Player (tal, 76561197977321712)(<6099.726563, 47.118248, 2994.738281>) quick accessed a lock!
[17:13:30] Player (Mad__Maxx, 76561198058108972)(<11613.293945, 110.121780, 15094.700195>) quick accessed a lock!
[09-07-2021][17.21.17] Log file reloaded ( Server Restart )
[17:32:41] Player (Mad__Maxx, 76561198058108972)(<11613.293945, 110.121780, 15094.700195>) quick accessed a lock!
[17:44:02] Player (Barry McCockiner, 76561198858404418)(<1370.091675, 433.835968, 12903.194336>) quick accessed a lock!
[17:45:16] Player (Barry McCockiner, 76561198858404418)(<1370.091675, 433.835968, 12903.194336>) quick accessed a lock!
[17:46:23] Player (Barry McCockiner, 76561198858404418)(<1370.091675, 433.835968, 12903.194336>) quick accessed a lock!
[18:21:13] Player (Barry McCockiner, 76561198858404418)(<1370.091675, 433.835968, 12903.194336>) quick accessed a lock!
[18:21:41] Player (Barry McCockiner, 76561198858404418)(<1370.091675, 433.835968, 12903.194336>) quick accessed a lock!
[18:23:03] Player (Barry McCockiner, 76561198858404418)(<1370.091675, 433.835968, 12903.194336>) quick accessed a lock!
[18:30:34] Player (Barry McCockiner, 76561198858404418)(<1370.091675, 433.835968, 12903.194336>) quick accessed a lock!
[18:32:55] Player (Barry McCockiner, 76561198858404418)(<1370.091675, 433.835968, 12903.194336>) quick accessed a lock!
[18:33:21] Player (Mad__Maxx, 76561198058108972)(<11613.293945, 110.121780, 15094.700195>) quick accessed a lock!
[18:37:18] Player (Mad__Maxx, 76561198058108972)(<11627.277344, 111.333916, 15099.145508>) set a new passcode on lock!
[18:37:18] Player (Mad__Maxx, 76561198058108972)(<11627.277344, 111.333916, 15099.145508>) claimed ownership of a lock!
[18:37:28] Player (Com_A, 76561198074577046)(<11627.277344, 111.333916, 15099.145508>) accessed a lock!
[18:37:28] Player (Com_A, 76561198074577046)(<11627.277344, 111.333916, 15099.145508>) was added as a guest of a lock!
[18:38:37] Player (Hurf Jones, 76561198007731983)(<11627.277344, 111.333916, 15099.145508>) accessed a lock!
[18:38:37] Player (Hurf Jones, 76561198007731983)(<11627.277344, 111.333916, 15099.145508>) was added as a guest of a lock!
[18:38:39] Player (Red, 76561199006391731)(<11627.277344, 111.333916, 15099.145508>) accessed a lock!
[18:38:39] Player (Red, 76561199006391731)(<11627.277344, 111.333916, 15099.145508>) was added as a guest of a lock!
[18:38:42] Player (Red, 76561199006391731)(<11627.277344, 111.333916, 15099.145508>) quick accessed a lock!
[18:38:44] Player (Red, 76561199006391731)(<11627.277344, 111.333916, 15099.145508>) quick accessed a lock!
[18:40:25] Player (Red, 76561199006391731)(<11627.277344, 111.333916, 15099.145508>) quick accessed a lock!
[18:41:16] Player (Red, 76561199006391731)(<11627.277344, 111.333916, 15099.145508>) quick accessed a lock!
[18:42:17] Player (Red, 76561199006391731)(<11627.277344, 111.333916, 15099.145508>) quick accessed a lock!
[18:42:23] Player (Red, 76561199006391731)(<11627.277344, 111.333916, 15099.145508>) quick accessed a lock!
[18:43:24] Player (Com_A, 76561198074577046)(<11627.277344, 111.333916, 15099.145508>) quick accessed a lock!
[18:43:40] Player (Com_A, 76561198074577046)(<11627.277344, 111.333916, 15099.145508>) quick accessed a lock!
[18:43:57] Player (Mad__Maxx, 76561198058108972)(<11627.277344, 111.333916, 15099.145508>) quick accessed a lock!
[18:45:10] Player (^DBD^ Maxo, 76561198148661627)(<1163.191528, 345.489899, 9971.607422>) quick accessed a lock!
[18:45:11] Player (Mad__Maxx, 76561198058108972)(<11627.277344, 111.333916, 15099.145508>) quick accessed a lock!
[18:45:36] Player (^DBD^ Maxo, 76561198148661627)(<1188.573730, 345.459076, 9981.229492>) quick accessed a lock!
[18:45:41] Player (^DBD^ Maxo, 76561198148661627)(<1189.157593, 344.580933, 9985.374023>) quick accessed a lock!
[18:46:01] Player (Mad__Maxx, 76561198058108972)(<11613.293945, 110.121780, 15094.700195>) quick accessed a lock!
[18:46:02] Player (Hurf Jones, 76561198007731983)(<11615.603516, 113.348068, 15086.084961>) set a new passcode on lock!
[18:46:02] Player (Hurf Jones, 76561198007731983)(<11615.603516, 113.348068, 15086.084961>) claimed ownership of a lock!
[18:46:06] Player (Hurf Jones, 76561198007731983)(<11615.603516, 113.348068, 15086.084961>) quick accessed a lock!
[18:46:18] Player (^DBD^ Maxo, 76561198148661627)(<1189.157593, 344.580933, 9985.374023>) quick accessed a lock!
[18:46:20] Player (Hurf Jones, 76561198007731983)(<11615.603516, 113.348068, 15086.084961>) accessed a lock!
[18:46:20] Player (Hurf Jones, 76561198007731983)(<11615.603516, 113.348068, 15086.084961>) was added as a guest of a lock!
[18:46:21] Player (^DBD^ Maxo, 76561198148661627)(<1188.573730, 345.459076, 9981.229492>) quick accessed a lock!
[18:46:43] Player (Hurf Jones, 76561198007731983)(<11615.603516, 113.348068, 15086.084961>) quick accessed a lock!
[18:47:12] Player (^DBD^ Maxo, 76561198148661627)(<1188.573730, 345.459076, 9981.229492>) quick accessed a lock!
[18:47:15] Player (^DBD^ Maxo, 76561198148661627)(<1189.157593, 344.580933, 9985.374023>) quick accessed a lock!
[18:47:22] Player (^DBD^ Maxo, 76561198148661627)(<1186.750732, 344.556030, 9985.829102>) quick accessed a lock!
[18:47:28] Player (^DBD^ Maxo, 76561198148661627)(<1184.751831, 344.556030, 9983.866211>) quick accessed a lock!
[18:47:32] Player (^DBD^ Maxo, 76561198148661627)(<1185.200195, 344.556030, 9979.226563>) quick accessed a lock!
[18:47:38] Player (^DBD^ Maxo, 76561198148661627)(<1182.824463, 344.556030, 9978.469727>) quick accessed a lock!
[18:48:06] Player (^DBD^ Maxo, 76561198148661627)(<1185.200195, 344.556030, 9979.226563>) quick accessed a lock!
[18:48:27] Player (^DBD^ Maxo, 76561198148661627)(<1185.200195, 344.556030, 9979.226563>) quick accessed a lock!
[18:48:30] Player (Barry McCockiner, 76561198858404418)(<1370.091675, 433.835968, 12903.194336>) quick accessed a lock!
[18:48:55] Player (Barry McCockiner, 76561198858404418)(<1370.091675, 433.835968, 12903.194336>) quick accessed a lock!
[18:49:44] Player (^DBD^ Maxo, 76561198148661627)(<1185.200195, 344.556030, 9979.226563>) quick accessed a lock!
[18:50:50] Player (^DBD^ Maxo, 76561198148661627)(<1181.235474, 344.556030, 9979.996094>) quick accessed a lock!
[18:51:46] Player (Com_A, 76561198074577046)(<11627.277344, 111.333916, 15099.145508>) quick accessed a lock!
[18:53:00] Player (Com_A, 76561198074577046)(<11627.277344, 111.333916, 15099.145508>) quick accessed a lock!
[18:53:47] Player (^DBD^ Maxo, 76561198148661627)(<1186.966064, 344.556030, 9980.056641>) quick accessed a lock!
[18:54:33] Player (^DBD^ Maxo, 76561198148661627)(<1186.966064, 344.556030, 9980.056641>) quick accessed a lock!
[18:54:55] Player (Com_A, 76561198074577046)(<11627.277344, 111.333916, 15099.145508>) quick accessed a lock!
[18:55:08] Player (Barry McCockiner, 76561198858404418)(<1370.091675, 433.835968, 12903.194336>) quick accessed a lock!
[18:56:08] Player (Com_A, 76561198074577046)(<11627.277344, 111.333916, 15099.145508>) quick accessed a lock!
[18:57:48] Player (^DBD^ Maxo, 76561198148661627)(<1181.235474, 344.556030, 9979.996094>) quick accessed a lock!
[18:58:05] Player (^DBD^ Maxo, 76561198148661627)(<1184.278076, 344.556030, 9987.071289>) quick accessed a lock!
[18:58:16] Player (Barry McCockiner, 76561198858404418)(<1370.091675, 433.835968, 12903.194336>) quick accessed a lock!
[18:59:31] Player (^DBD^ Maxo, 76561198148661627)(<1186.750732, 344.556030, 9985.829102>) quick accessed a lock!
[18:59:40] Player (^DBD^ Maxo, 76561198148661627)(<1189.157593, 344.580933, 9985.374023>) quick accessed a lock!
[18:59:46] Player (^DBD^ Maxo, 76561198148661627)(<1188.573730, 345.459076, 9981.229492>) quick accessed a lock!
[19:00:31] Player (^DBD^ Maxo, 76561198148661627)(<1166.893311, 345.748413, 9984.816406>) quick accessed a lock!
[19:01:09] Player (^DBD^ Maxo, 76561198148661627)(<1165.940674, 345.612946, 9990.236328>) quick accessed a lock!
[19:03:39] Player (Com_A, 76561198074577046)(<11627.277344, 111.333916, 15099.145508>) quick accessed a lock!
[19:06:46] Player (Com_A, 76561198074577046)(<11627.277344, 111.333916, 15099.145508>) quick accessed a lock!
[19:06:59] Player (Barry McCockiner, 76561198858404418)(<1370.091675, 433.835968, 12903.194336>) quick accessed a lock!
[19:07:13] Player (Barry McCockiner, 76561198858404418)(<1370.091675, 433.835968, 12903.194336>) quick accessed a lock!
[19:09:18] Player (Barry McCockiner, 76561198858404418)(<1370.091675, 433.835968, 12903.194336>) quick accessed a lock!
[19:11:17] Player (Barry McCockiner, 76561198858404418)(<1370.091675, 433.835968, 12903.194336>) quick accessed a lock!
[19:16:25] Player (Red, 76561199006391731)(<11627.277344, 111.333916, 15099.145508>) quick accessed a lock!
[19:16:30] Player (Red, 76561199006391731)(<11627.277344, 111.333916, 15099.145508>) quick accessed a lock!
[19:16:35] Player (Barry McCockiner, 76561198858404418)(<1370.091675, 433.835968, 12903.194336>) quick accessed a lock!
[19:17:30] Player (Mad__Maxx, 76561198058108972)(<11613.293945, 110.121780, 15094.700195>) quick accessed a lock!
[19:17:45] Player (Mad__Maxx, 76561198058108972)(<11613.293945, 110.121780, 15094.700195>) quick accessed a lock!
[19:18:19] Player (Com_A, 76561198074577046)(<11627.277344, 111.333916, 15099.145508>) quick accessed a lock!
[19:19:09] Player (LethaL BaCoN, 76561198416514631)(<11627.277344, 111.333916, 15099.145508>) accessed a lock!
[19:19:09] Player (LethaL BaCoN, 76561198416514631)(<11627.277344, 111.333916, 15099.145508>) was added as a guest of a lock!
[19:19:29] Player (Mad__Maxx, 76561198058108972)(<11613.293945, 110.121780, 15094.700195>) quick accessed a lock!
[19:19:34] Player (Com_A, 76561198074577046)(<11627.277344, 111.333916, 15099.145508>) quick accessed a lock!
[19:19:50] Player (hitch, 76561199174069079)(<3584.327637, 10.588430, 2175.568848>) quick accessed a lock!
[19:20:18] Player (hitch, 76561199174069079)(<3583.635742, 7.637123, 2177.062256>) accessed a lock!
[19:20:18] Player (hitch, 76561199174069079)(<3583.635742, 7.637123, 2177.062256>) was added as a guest of a lock!
[19:20:18] Player (Red, 76561199006391731)(<11627.277344, 111.333916, 15099.145508>) quick accessed a lock!
[19:20:48] Player (hitch, 76561199174069079)(<3583.635742, 7.637123, 2177.062256>) quick accessed a lock!
[19:20:53] Player (hitch, 76561199174069079)(<3585.886719, 7.637123, 2178.851807>) quick accessed a lock!
[19:21:07] Player (Com_A, 76561198074577046)(<11627.277344, 111.333916, 15099.145508>) quick accessed a lock!
[19:21:17] Player (hitch, 76561199174069079)(<3586.282715, 7.637123, 2183.565918>) quick accessed a lock!
[19:21:35] Player (hitch, 76561199174069079)(<3586.255127, 7.212138, 2188.215820>) quick accessed a lock!
[19:22:17] Player (hitch, 76561199174069079)(<3586.255127, 7.212138, 2188.215820>) quick accessed a lock!
[19:22:21] Player (hitch, 76561199174069079)(<3586.282715, 7.637123, 2183.565918>) quick accessed a lock!
[19:22:27] Player (hitch, 76561199174069079)(<3585.886719, 7.637123, 2178.851807>) quick accessed a lock!
[19:22:30] Player (hitch, 76561199174069079)(<3583.635742, 7.637123, 2177.062256>) quick accessed a lock!
[19:23:46] Player (hitch, 76561199174069079)(<3586.348877, 19.546085, 2175.481201>) quick accessed a lock!
[19:40:06] Player (iNSANE, 76561198167062860)(<3590.343994, 18.611160, 2167.448486>) quick accessed a lock!
[19:44:42] Player (iNSANE, 76561198167062860)(<3581.361572, 19.823298, 2170.142090>) quick accessed a lock!
[19:46:12] Player (iNSANE, 76561198167062860)(<3586.307373, 19.553514, 2172.341064>) quick accessed a lock!
[19:46:29] Player (iNSANE, 76561198167062860)(<3586.307373, 19.553514, 2172.341064>) quick accessed a lock!
[19:46:31] Player (IDONTKNOWYOU, 76561198151743175)(<3581.361572, 19.823298, 2170.142090>) quick accessed a lock!
[19:46:36] Player (iNSANE, 76561198167062860)(<3581.361572, 19.823298, 2170.142090>) quick accessed a lock!
[19:46:58] Player (iNSANE, 76561198167062860)(<3590.343994, 18.611160, 2167.448486>) quick accessed a lock!
[19:47:07] Player (iNSANE, 76561198167062860)(<3592.089600, 18.693920, 2168.095703>) quick accessed a lock!
[19:48:59] Player (Hurf Jones, 76561198007731983)(<11615.603516, 113.348068, 15086.084961>) quick accessed a lock!
[19:56:42] Player (hitch, 76561199174069079)(<3586.255127, 7.212138, 2188.215820>) quick accessed a lock!
[19:56:47] Player (hitch, 76561199174069079)(<3586.282715, 7.637123, 2183.565918>) quick accessed a lock!
[19:56:53] Player (hitch, 76561199174069079)(<3585.886719, 7.637123, 2178.851807>) quick accessed a lock!
[19:56:58] Player (hitch, 76561199174069079)(<3583.635742, 7.637123, 2177.062256>) quick accessed a lock!
[19:59:15] Player (Jrock, 76561199201737084)(<3586.255127, 7.212138, 2188.215820>) accessed a lock!
[19:59:15] Player (Jrock, 76561199201737084)(<3586.255127, 7.212138, 2188.215820>) was added as a guest of a lock!
[19:59:52] Player (Jrock, 76561199201737084)(<3586.282715, 7.637123, 2183.565918>) accessed a lock!
[19:59:52] Player (Jrock, 76561199201737084)(<3586.282715, 7.637123, 2183.565918>) was added as a guest of a lock!
[19:59:55] Player (iNSANE, 76561198167062860)(<3581.361572, 19.823298, 2170.142090>) quick accessed a lock!
[20:00:02] Player (Jrock, 76561199201737084)(<3585.886719, 7.637123, 2178.851807>) accessed a lock!
[20:00:02] Player (Jrock, 76561199201737084)(<3585.886719, 7.637123, 2178.851807>) was added as a guest of a lock!
[20:00:19] Player (Jrock, 76561199201737084)(<3583.635742, 7.637123, 2177.062256>) accessed a lock!
[20:00:19] Player (Jrock, 76561199201737084)(<3583.635742, 7.637123, 2177.062256>) was added as a guest of a lock!
[20:00:31] Player (iNSANE, 76561198167062860)(<3581.361572, 19.823298, 2170.142090>) quick accessed a lock!
[20:00:58] Player (iNSANE, 76561198167062860)(<3581.361572, 19.823298, 2170.142090>) quick accessed a lock!
[20:01:30] Player (Jrock, 76561199201737084)(<3590.384033, 18.611160, 2181.462402>) accessed a lock!
[20:01:30] Player (Jrock, 76561199201737084)(<3590.384033, 18.611160, 2181.462402>) was added as a guest of a lock!
[20:02:04] Player (Jrock, 76561199201737084)(<3590.384033, 18.611160, 2181.462402>) quick accessed a lock!
[20:02:41] Player (iNSANE, 76561198167062860)(<3581.361572, 19.823298, 2170.142090>) quick accessed a lock!
[20:03:06] Player (Jrock, 76561199201737084)(<3590.384033, 18.611160, 2181.462402>) quick accessed a lock!
[20:03:27] Player (hitch, 76561199174069079)(<3581.361572, 19.823298, 2170.142090>) quick accessed a lock!
[20:03:44] Player (iNSANE, 76561198167062860)(<3590.343994, 18.611160, 2167.448486>) quick accessed a lock!
[20:04:46] Player (Com_A, 76561198074577046)(<11627.277344, 111.333916, 15099.145508>) quick accessed a lock!
[20:07:51] Player (iNSANE, 76561198167062860)(<3590.343994, 18.611160, 2167.448486>) quick accessed a lock!
[20:08:35] Player (iNSANE, 76561198167062860)(<3590.343994, 18.611160, 2167.448486>) quick accessed a lock!
[20:09:04] Player (hitch, 76561199174069079)(<3581.361572, 19.823298, 2170.142090>) quick accessed a lock!
[20:09:25] Player (hitch, 76561199174069079)(<3586.348877, 19.546085, 2175.481201>) quick accessed a lock!
[20:12:44] Player (SonJd, 76561198214438271)(<3590.384033, 18.611160, 2181.462402>) quick accessed a lock!
[20:13:25] Player (iNSANE, 76561198167062860)(<3590.343994, 18.611160, 2167.448486>) quick accessed a lock!
[20:14:30] Player (iNSANE, 76561198167062860)(<3581.361572, 19.823298, 2170.142090>) quick accessed a lock!
[20:15:09] Player (hitch, 76561199174069079)(<3586.307373, 19.553514, 2172.341064>) quick accessed a lock!
[20:16:27] Player (hitch, 76561199174069079)(<3581.361572, 19.823298, 2170.142090>) quick accessed a lock!
[20:16:37] Player (SonJd, 76561198214438271)(<3586.348877, 19.546085, 2175.481201>) quick accessed a lock!
[20:16:41] Player (IDONTKNOWYOU, 76561198151743175)(<3586.348877, 19.546085, 2175.481201>) accessed a lock!
[20:16:41] Player (IDONTKNOWYOU, 76561198151743175)(<3586.348877, 19.546085, 2175.481201>) was added as a guest of a lock!
[20:16:45] Player (hitch, 76561199174069079)(<3581.361572, 19.823298, 2170.142090>) quick accessed a lock!
[20:17:27] Player (Hurf Jones, 76561198007731983)(<11627.277344, 111.333916, 15099.145508>) quick accessed a lock!
[20:17:32] Player (hitch, 76561199174069079)(<3586.348877, 19.546085, 2175.481201>) quick accessed a lock!
[20:17:49] Player (Red, 76561199006391731)(<11627.277344, 111.333916, 15099.145508>) quick accessed a lock!
[20:18:18] Player (Red, 76561199006391731)(<11627.277344, 111.333916, 15099.145508>) quick accessed a lock!
[20:19:33] Player (iNSANE, 76561198167062860)(<3581.361572, 19.823298, 2170.142090>) quick accessed a lock!
[20:19:36] Player (iNSANE, 76561198167062860)(<3590.343994, 18.611160, 2167.448486>) quick accessed a lock!
[20:19:38] Player (iNSANE, 76561198167062860)(<3592.089600, 18.693920, 2168.095703>) quick accessed a lock!
[20:19:44] Player (Hurf Jones, 76561198007731983)(<11615.603516, 113.348068, 15086.084961>) quick accessed a lock!
[20:19:52] Player (iNSANE, 76561198167062860)(<3581.361572, 19.823298, 2170.142090>) quick accessed a lock!
[20:19:57] Player (iNSANE, 76561198167062860)(<3581.361572, 19.823298, 2170.142090>) quick accessed a lock!
[20:20:21] Player (iNSANE, 76561198167062860)(<3586.348877, 19.546085, 2175.481201>) quick accessed a lock!
[20:20:25] Player (iNSANE, 76561198167062860)(<3586.348877, 19.546085, 2175.481201>) quick accessed a lock!
[20:20:31] Player (iNSANE, 76561198167062860)(<3586.348877, 19.546085, 2175.481201>) quick accessed a lock!
[20:22:48] Player (Hurf Jones, 76561198007731983)(<11615.603516, 113.348068, 15086.084961>) quick accessed a lock!
[20:23:08] Player (Hurf Jones, 76561198007731983)(<11627.277344, 111.333916, 15099.145508>) quick accessed a lock!
[20:24:25] Player (DarthErrina, 76561199134542915)(<3581.361572, 19.823298, 2170.142090>) quick accessed a lock!
[20:24:31] Player (DarthErrina, 76561199134542915)(<3590.384033, 18.611160, 2181.462402>) quick accessed a lock!
[20:25:01] Player (Hurf Jones, 76561198007731983)(<11627.277344, 111.333916, 15099.145508>) quick accessed a lock!
[20:25:08] Player (SonJd, 76561198214438271)(<3583.635742, 7.637123, 2177.062256>) quick accessed a lock!
[20:25:12] Player (SonJd, 76561198214438271)(<3585.886719, 7.637123, 2178.851807>) quick accessed a lock!
[20:25:19] Player (Hurf Jones, 76561198007731983)(<11615.603516, 113.348068, 15086.084961>) quick accessed a lock!
[20:27:08] Player (IDONTKNOWYOU, 76561198151743175)(<3585.886719, 7.637123, 2178.851807>) quick accessed a lock!
[20:27:13] Player (SonJd, 76561198214438271)(<3586.282715, 7.637123, 2183.565918>) quick accessed a lock!
[20:27:24] Player (SonJd, 76561198214438271)(<3586.255127, 7.212138, 2188.215820>) quick accessed a lock!
[20:27:36] Player (SonJd, 76561198214438271)(<3595.760010, 7.810638, 2160.139648>) quick accessed a lock!
[20:27:41] Player (SonJd, 76561198214438271)(<3595.760010, 7.810638, 2160.139648>) quick accessed a lock!
[20:27:42] Player (iNSANE, 76561198167062860)(<3583.635742, 7.637123, 2177.062256>) quick accessed a lock!
[20:27:45] Player (iNSANE, 76561198167062860)(<3585.886719, 7.637123, 2178.851807>) quick accessed a lock!
[20:27:49] Player (DarthErrina, 76561199134542915)(<3581.361572, 19.823298, 2170.142090>) quick accessed a lock!
[20:27:52] Player (iNSANE, 76561198167062860)(<3586.282715, 7.637123, 2183.565918>) quick accessed a lock!
[20:27:56] Player (iNSANE, 76561198167062860)(<3586.255127, 7.212138, 2188.215820>) quick accessed a lock!
[20:28:10] Player (iNSANE, 76561198167062860)(<3595.760010, 7.810638, 2160.139648>) quick accessed a lock!
[20:31:42] Player (tal, 76561197977321712)(<6099.726563, 47.118248, 2994.738281>) quick accessed a lock!
[20:31:47] Player (tal, 76561197977321712)(<6100.087891, 42.471760, 2992.743896>) quick accessed a lock!
[20:31:59] Player (tal, 76561197977321712)(<6098.472168, 42.487755, 2999.369141>) quick accessed a lock!
[20:32:49] Player (tal, 76561197977321712)(<6098.472168, 42.487755, 2999.369141>) quick accessed a lock!
[20:32:58] Player (tal, 76561197977321712)(<6100.087891, 42.471760, 2992.743896>) quick accessed a lock!
[20:33:01] Player (tal, 76561197977321712)(<6099.726563, 47.118248, 2994.738281>) quick accessed a lock!
[20:33:09] Player (tal, 76561197977321712)(<6100.087891, 42.471760, 2992.743896>) quick accessed a lock!
[20:33:12] Player (Barry McCockiner, 76561198858404418)(<1370.091675, 433.835968, 12903.194336>) quick accessed a lock!
[20:34:10] Player (hitch, 76561199174069079)(<3583.635742, 7.637123, 2177.062256>) quick accessed a lock!
[20:34:12] Player (hitch, 76561199174069079)(<3585.886719, 7.637123, 2178.851807>) quick accessed a lock!
[20:34:23] Player (hitch, 76561199174069079)(<3586.282715, 7.637123, 2183.565918>) quick accessed a lock!
[20:34:35] Player (hitch, 76561199174069079)(<3586.255127, 7.212138, 2188.215820>) quick accessed a lock!
[20:37:09] Player (DarthErrina, 76561199134542915)(<3586.307373, 19.553514, 2172.341064>) quick accessed a lock!
[20:37:10] Player (DarthErrina, 76561199134542915)(<3586.348877, 19.546085, 2175.481201>) quick accessed a lock!
[20:37:47] Player (DarthErrina, 76561199134542915)(<3581.361572, 19.823298, 2170.142090>) quick accessed a lock!
[20:37:54] Player (DarthErrina, 76561199134542915)(<3590.384033, 18.611160, 2181.462402>) quick accessed a lock!
[20:40:22] Player (DarthErrina, 76561199134542915)(<3581.361572, 19.823298, 2170.142090>) quick accessed a lock!
[20:40:29] Player (DarthErrina, 76561199134542915)(<3581.361572, 19.823298, 2170.142090>) quick accessed a lock!
[20:45:44] Player (DarthErrina, 76561199134542915)(<3586.307373, 19.553514, 2172.341064>) quick accessed a lock!
[20:49:31] Player (Barry McCockiner, 76561198858404418)(<1370.091675, 433.835968, 12903.194336>) quick accessed a lock!
[20:52:33] Player (Barry McCockiner, 76561198858404418)(<1370.091675, 433.835968, 12903.194336>) quick accessed a lock!
[21:00:31] Player (DarthErrina, 76561199134542915)(<3586.307373, 19.553514, 2172.341064>) quick accessed a lock!
[21:02:06] Player (DarthErrina, 76561199134542915)(<3584.327637, 10.588430, 2175.568848>) quick accessed a lock!
[21:02:23] Player (DarthErrina, 76561199134542915)(<3583.635742, 7.637123, 2177.062256>) quick accessed a lock!
[21:02:31] Player (DarthErrina, 76561199134542915)(<3585.886719, 7.637123, 2178.851807>) quick accessed a lock!
[21:02:40] Player (DarthErrina, 76561199134542915)(<3585.886719, 7.637123, 2178.851807>) quick accessed a lock!
[21:10:13] Player (DarthErrina, 76561199134542915)(<3584.327637, 10.588430, 2175.568848>) quick accessed a lock!
[21:10:21] Player (DarthErrina, 76561199134542915)(<3584.327637, 10.588430, 2175.568848>) quick accessed a lock!
[21:10:55] Player (DarthErrina, 76561199134542915)(<3584.327637, 10.588430, 2175.568848>) quick accessed a lock!
[21:11:00] Player (LethaL BaCoN, 76561198416514631)(<11627.277344, 111.333916, 15099.145508>) quick accessed a lock!
[21:11:20] Player (DarthErrina, 76561199134542915)(<3586.307373, 19.553514, 2172.341064>) quick accessed a lock!
[21:11:22] Player (DarthErrina, 76561199134542915)(<3586.307373, 19.553514, 2172.341064>) quick accessed a lock!
[21:11:53] Player (Barry McCockiner, 76561198858404418)(<1370.091675, 433.835968, 12903.194336>) quick accessed a lock!
[21:11:54] Player (DarthErrina, 76561199134542915)(<3581.361572, 19.823298, 2170.142090>) quick accessed a lock!
[21:12:03] Player (DarthErrina, 76561199134542915)(<3590.384033, 18.611160, 2181.462402>) quick accessed a lock!
[21:12:25] Player (DarthErrina, 76561199134542915)(<3581.361572, 19.823298, 2170.142090>) quick accessed a lock!
[21:13:11] Player (DarthErrina, 76561199134542915)(<3584.327637, 10.588430, 2175.568848>) quick accessed a lock!
[21:13:38] Player (DarthErrina, 76561199134542915)(<3581.361572, 19.823298, 2170.142090>) quick accessed a lock!
[21:14:17] Player (DarthErrina, 76561199134542915)(<3581.361572, 19.823298, 2170.142090>) quick accessed a lock!
[21:14:25] Player (DarthErrina, 76561199134542915)(<3586.348877, 19.546085, 2175.481201>) quick accessed a lock!
[21:15:12] Player (Barry McCockiner, 76561198858404418)(<1370.091675, 433.835968, 12903.194336>) quick accessed a lock!
[21:15:22] Player (DarthErrina, 76561199134542915)(<3584.327637, 10.588430, 2175.568848>) quick accessed a lock!
[21:15:37] Player (DarthErrina, 76561199134542915)(<3581.361572, 19.823298, 2170.142090>) quick accessed a lock!
[21:17:00] Player (Com_A, 76561198074577046)(<11627.277344, 111.333916, 15099.145508>) quick accessed a lock!
[21:17:03] Player (DarthErrina, 76561199134542915)(<3581.361572, 19.823298, 2170.142090>) quick accessed a lock!
[21:17:09] Player (DarthErrina, 76561199134542915)(<3586.307373, 19.553514, 2172.341064>) quick accessed a lock!
[21:17:39] Player (LethaL BaCoN, 76561198416514631)(<11627.277344, 111.333916, 15099.145508>) quick accessed a lock!
[09-07-2021][21.23.14] Log file reloaded ( Server Restart )
[21:27:42] Player (DarthErrina, 76561199134542915)(<3586.348877, 19.546085, 2175.481201>) quick accessed a lock!
[21:27:55] Player (DarthErrina, 76561199134542915)(<3583.635742, 7.637123, 2177.062256>) quick accessed a lock!
[21:27:59] Player (DarthErrina, 76561199134542915)(<3585.886719, 7.637123, 2178.851807>) quick accessed a lock!
[21:28:00] Player (DarthErrina, 76561199134542915)(<3585.886719, 7.637123, 2178.851807>) quick accessed a lock!
[21:28:04] Player (DarthErrina, 76561199134542915)(<3586.282715, 7.637123, 2183.565918>) quick accessed a lock!
[21:28:13] Player (DarthErrina, 76561199134542915)(<3586.255127, 7.212138, 2188.215820>) quick accessed a lock!
[21:35:00] Player (^DBD^ Maxo, 76561198148661627)(<1165.940674, 345.612946, 9990.236328>) quick accessed a lock!
[21:35:02] Player (IDONTKNOWYOU, 76561198151743175)(<3595.760010, 7.810638, 2160.139648>) accessed a lock!
[21:35:02] Player (IDONTKNOWYOU, 76561198151743175)(<3595.760010, 7.810638, 2160.139648>) was added as a guest of a lock!
[21:35:38] Player (iNSANE, 76561198167062860)(<3586.255127, 7.212138, 2188.215820>) quick accessed a lock!
[21:35:43] Player (iNSANE, 76561198167062860)(<3586.282715, 7.637123, 2183.565918>) quick accessed a lock!
[21:35:52] Player (^DBD^ Maxo, 76561198148661627)(<1188.573730, 345.459076, 9981.229492>) quick accessed a lock!
[21:35:53] Player (iNSANE, 76561198167062860)(<3585.886719, 7.637123, 2178.851807>) quick accessed a lock!
[21:35:58] Player (^DBD^ Maxo, 76561198148661627)(<1189.157593, 344.580933, 9985.374023>) quick accessed a lock!
[21:35:58] Player (iNSANE, 76561198167062860)(<3583.635742, 7.637123, 2177.062256>) quick accessed a lock!
[21:36:19] Player (iNSANE, 76561198167062860)(<3581.361572, 19.823298, 2170.142090>) quick accessed a lock!
[21:36:23] Player (^DBD^ Maxo, 76561198148661627)(<1186.750732, 344.556030, 9985.829102>) quick accessed a lock!
[21:36:25] Player (IDONTKNOWYOU, 76561198151743175)(<3595.760010, 7.810638, 2160.139648>) quick accessed a lock!
[21:36:30] Player (^DBD^ Maxo, 76561198148661627)(<1184.278076, 344.556030, 9987.071289>) quick accessed a lock!
[21:36:35] Player (iNSANE, 76561198167062860)(<3590.343994, 18.611160, 2167.448486>) quick accessed a lock!
[21:36:35] Player (SonJd, 76561198214438271)(<3586.255127, 7.212138, 2188.215820>) quick accessed a lock!
[21:36:41] Player (^DBD^ Maxo, 76561198148661627)(<1184.751831, 344.556030, 9983.866211>) quick accessed a lock!
[21:36:46] Player (SonJd, 76561198214438271)(<3586.282715, 7.637123, 2183.565918>) quick accessed a lock!
[21:36:48] Player (SonJd, 76561198214438271)(<3586.282715, 7.637123, 2183.565918>) quick accessed a lock!
[21:36:48] Player (Barry McCockiner, 76561198858404418)(<1370.091675, 433.835968, 12903.194336>) quick accessed a lock!
[21:37:04] Player (SonJd, 76561198214438271)(<3585.886719, 7.637123, 2178.851807>) quick accessed a lock!
[21:37:05] Player (^DBD^ Maxo, 76561198148661627)(<1182.824463, 344.556030, 9978.469727>) quick accessed a lock!
[21:37:13] Player (SonJd, 76561198214438271)(<3583.635742, 7.637123, 2177.062256>) quick accessed a lock!
[21:37:22] Player (^DBD^ Maxo, 76561198148661627)(<1185.200195, 344.556030, 9979.226563>) quick accessed a lock!
[21:38:53] Player (^DBD^ Maxo, 76561198148661627)(<1186.750732, 344.556030, 9985.829102>) quick accessed a lock!
[21:38:56] Player (^DBD^ Maxo, 76561198148661627)(<1189.157593, 344.580933, 9985.374023>) quick accessed a lock!
[21:38:59] Player (^DBD^ Maxo, 76561198148661627)(<1188.573730, 345.459076, 9981.229492>) quick accessed a lock!
[21:39:04] Player (Com_A, 76561198074577046)(<11627.277344, 111.333916, 15099.145508>) quick accessed a lock!
[21:39:29] Player (^DBD^ Maxo, 76561198148661627)(<1189.157593, 344.580933, 9985.374023>) quick accessed a lock!
[21:39:34] Player (^DBD^ Maxo, 76561198148661627)(<1186.750732, 344.556030, 9985.829102>) quick accessed a lock!
[21:39:47] Player (SonJd, 76561198214438271)(<3581.361572, 19.823298, 2170.142090>) quick accessed a lock!
[21:39:54] Player (SonJd, 76561198214438271)(<3590.384033, 18.611160, 2181.462402>) quick accessed a lock!
[21:40:19] Player (^DBD^ Maxo, 76561198148661627)(<1180.172852, 344.556030, 9987.970703>) quick accessed a lock!
[21:40:25] Player (^DBD^ Maxo, 76561198148661627)(<1179.052612, 344.556030, 9989.350586>) quick accessed a lock!
[21:40:32] Player (^DBD^ Maxo, 76561198148661627)(<1165.940674, 345.612946, 9990.236328>) quick accessed a lock!
[21:40:57] Player (^DBD^ Maxo, 76561198148661627)(<1166.893311, 345.748413, 9984.816406>) quick accessed a lock!
[21:41:55] Player (IDONTKNOWYOU, 76561198151743175)(<3586.255127, 7.212138, 2188.215820>) quick accessed a lock!
[21:42:00] Player (IDONTKNOWYOU, 76561198151743175)(<3586.282715, 7.637123, 2183.565918>) quick accessed a lock!
[21:42:10] Player (IDONTKNOWYOU, 76561198151743175)(<3585.886719, 7.637123, 2178.851807>) quick accessed a lock!
[21:42:11] Player (tal, 76561197977321712)(<6096.192871, 45.778332, 2994.175781>) set a new passcode on lock!
[21:42:11] Player (tal, 76561197977321712)(<6096.192871, 45.778332, 2994.175781>) claimed ownership of a lock!
[21:42:20] Player (IDONTKNOWYOU, 76561198151743175)(<3583.635742, 7.637123, 2177.062256>) quick accessed a lock!
[21:42:22] Player (IDONTKNOWYOU, 76561198151743175)(<3585.886719, 7.637123, 2178.851807>) quick accessed a lock!
[21:42:26] Player (iNSANE, 76561198167062860)(<3590.343994, 18.611160, 2167.448486>) quick accessed a lock!
[21:42:28] Player (IDONTKNOWYOU, 76561198151743175)(<3583.635742, 7.637123, 2177.062256>) quick accessed a lock!
[21:42:39] Player (tal, 76561197977321712)(<6098.647949, 45.610924, 2998.635254>) quick accessed a lock!
[21:42:54] Player (IDONTKNOWYOU, 76561198151743175)(<3584.327637, 10.588430, 2175.568848>) quick accessed a lock!
[21:43:17] Player (tal, 76561197977321712)(<6096.192871, 45.778332, 2994.175781>) quick accessed a lock!
[21:43:25] Player (IDONTKNOWYOU, 76561198151743175)(<3581.361572, 19.823298, 2170.142090>) quick accessed a lock!
[21:45:31] Player (tal, 76561197977321712)(<6096.196289, 45.610924, 2992.917236>) set a new passcode on lock!
[21:45:31] Player (tal, 76561197977321712)(<6096.196289, 45.610924, 2992.917236>) claimed ownership of a lock!
[21:46:05] Player (tal, 76561197977321712)(<6098.647949, 45.610924, 2998.635254>) quick accessed a lock!
[21:47:13] Player (Com_A, 76561198074577046)(<11627.277344, 111.333916, 15099.145508>) quick accessed a lock!
[21:47:35] Player (Com_A, 76561198074577046)(<11627.277344, 111.333916, 15099.145508>) quick accessed a lock!
[21:48:07] Player (iNSANE, 76561198167062860)(<3581.361572, 19.823298, 2170.142090>) quick accessed a lock!
[21:48:27] Player (iNSANE, 76561198167062860)(<3590.343994, 18.611160, 2167.448486>) quick accessed a lock!
[21:48:29] Player (SonJd, 76561198214438271)(<3581.361572, 19.823298, 2170.142090>) quick accessed a lock!
[21:48:53] Player (tal, 76561197977321712)(<6096.192871, 45.778332, 2994.175781>) quick accessed a lock!
[21:49:06] Player (iNSANE, 76561198167062860)(<3581.361572, 19.823298, 2170.142090>) quick accessed a lock!
[21:49:14] Player (SonJd, 76561198214438271)(<3581.361572, 19.823298, 2170.142090>) quick accessed a lock!
[21:49:26] Player (SonJd, 76561198214438271)(<3586.307373, 19.553514, 2172.341064>) quick accessed a lock!
[21:49:30] Player (iNSANE, 76561198167062860)(<3584.327637, 10.588430, 2175.568848>) quick accessed a lock!
[21:49:45] Player (SonJd, 76561198214438271)(<3583.635742, 7.637123, 2177.062256>) quick accessed a lock!
[21:49:46] Player (SonJd, 76561198214438271)(<3585.886719, 7.637123, 2178.851807>) quick accessed a lock!
[21:50:06] Player (SonJd, 76561198214438271)(<3586.282715, 7.637123, 2183.565918>) quick accessed a lock!
[21:50:17] Player (SonJd, 76561198214438271)(<3586.255127, 7.212138, 2188.215820>) quick accessed a lock!
[21:50:28] Player (tal, 76561197977321712)(<6096.192871, 45.778332, 2994.175781>) quick accessed a lock!
[21:50:43] Player (DarthErrina, 76561199134542915)(<3586.255127, 7.212138, 2188.215820>) quick accessed a lock!
[21:50:46] Player (DarthErrina, 76561199134542915)(<3586.255127, 7.212138, 2188.215820>) quick accessed a lock!
[21:50:51] Player (DarthErrina, 76561199134542915)(<3586.282715, 7.637123, 2183.565918>) quick accessed a lock!
[21:51:00] Player (DarthErrina, 76561199134542915)(<3585.886719, 7.637123, 2178.851807>) quick accessed a lock!
[21:51:04] Player (DarthErrina, 76561199134542915)(<3583.635742, 7.637123, 2177.062256>) quick accessed a lock!
[21:51:07] Player (tal, 76561197977321712)(<6102.500488, 42.471760, 2997.999268>) quick accessed a lock!
[21:51:12] Player (DarthErrina, 76561199134542915)(<3584.327637, 10.588430, 2175.568848>) quick accessed a lock!
[21:53:32] Player (tal, 76561197977321712)(<6102.500488, 42.471760, 2997.999268>) quick accessed a lock!
[21:53:42] Player (tal, 76561197977321712)(<6096.192871, 45.778332, 2994.175781>) quick accessed a lock!
[21:54:00] Player (tal, 76561197977321712)(<6102.500488, 42.471760, 2997.999268>) quick accessed a lock!
[21:54:12] Player (tal, 76561197977321712)(<6102.500488, 42.471760, 2997.999268>) quick accessed a lock!
[21:55:58] Player (tal, 76561197977321712)(<6102.500488, 42.471760, 2997.999268>) quick accessed a lock!
[21:56:46] Player (DarthErrina, 76561199134542915)(<3586.307373, 19.553514, 2172.341064>) quick accessed a lock!
[21:56:49] Player (DarthErrina, 76561199134542915)(<3586.307373, 19.553514, 2172.341064>) quick accessed a lock!
[21:57:14] Player (DarthErrina, 76561199134542915)(<3581.361572, 19.823298, 2170.142090>) quick accessed a lock!
[21:57:20] Player (DarthErrina, 76561199134542915)(<3590.384033, 18.611160, 2181.462402>) quick accessed a lock!
[21:57:24] Player (tal, 76561197977321712)(<6102.500488, 42.471760, 2997.999268>) quick accessed a lock!
[21:59:22] Player (tal, 76561197977321712)(<6096.192871, 45.778332, 2994.175781>) quick accessed a lock!
[21:59:43] Player (tal, 76561197977321712)(<6098.647949, 45.610924, 2998.635254>) quick accessed a lock!
[21:59:51] Player (DarthErrina, 76561199134542915)(<3581.361572, 19.823298, 2170.142090>) quick accessed a lock!
[22:00:58] Player (DarthErrina, 76561199134542915)(<3583.635742, 7.637123, 2177.062256>) quick accessed a lock!
[22:01:03] Player (DarthErrina, 76561199134542915)(<3585.886719, 7.637123, 2178.851807>) quick accessed a lock!
[22:01:07] Player (DarthErrina, 76561199134542915)(<3586.282715, 7.637123, 2183.565918>) quick accessed a lock!
[22:01:32] Player (DarthErrina, 76561199134542915)(<3586.255127, 7.212138, 2188.215820>) quick accessed a lock!
[22:01:49] Player (DarthErrina, 76561199134542915)(<3595.760010, 7.810638, 2160.139648>) quick accessed a lock!
[22:06:15] Player (DarthErrina, 76561199134542915)(<3595.760010, 7.810638, 2160.139648>) quick accessed a lock!
[22:06:42] Player (DarthErrina, 76561199134542915)(<3586.255127, 7.212138, 2188.215820>) quick accessed a lock!
[22:06:46] Player (DarthErrina, 76561199134542915)(<3586.282715, 7.637123, 2183.565918>) quick accessed a lock!
[22:06:55] Player (DarthErrina, 76561199134542915)(<3585.886719, 7.637123, 2178.851807>) quick accessed a lock!
[22:06:58] Player (DarthErrina, 76561199134542915)(<3583.635742, 7.637123, 2177.062256>) quick accessed a lock!
[22:07:01] Player (DarthErrina, 76561199134542915)(<3585.886719, 7.637123, 2178.851807>) quick accessed a lock!
[22:07:22] Player (DarthErrina, 76561199134542915)(<3581.361572, 19.823298, 2170.142090>) quick accessed a lock!
[22:07:36] Player (Barry McCockiner, 76561198858404418)(<1370.091675, 433.835968, 12903.194336>) quick accessed a lock!
[22:09:40] Player (DarthErrina, 76561199134542915)(<3590.384033, 18.611160, 2181.462402>) quick accessed a lock!
[22:09:57] Player (DarthErrina, 76561199134542915)(<3581.361572, 19.823298, 2170.142090>) quick accessed a lock!
[22:11:35] Player (DarthErrina, 76561199134542915)(<3585.886719, 7.637123, 2178.851807>) quick accessed a lock!
[22:11:37] Player (DarthErrina, 76561199134542915)(<3583.635742, 7.637123, 2177.062256>) quick accessed a lock!
[22:11:45] Player (DarthErrina, 76561199134542915)(<3586.282715, 7.637123, 2183.565918>) quick accessed a lock!
[22:11:52] Player (DarthErrina, 76561199134542915)(<3586.255127, 7.212138, 2188.215820>) quick accessed a lock!
[22:22:36] Player ([PROT]Mr.Nobody, 76561198328178399)(<11627.277344, 111.333916, 15099.145508>) accessed a lock!
[22:22:36] Player ([PROT]Mr.Nobody, 76561198328178399)(<11627.277344, 111.333916, 15099.145508>) was added as a guest of a lock!
[22:22:44] Player ([PROT]Mr.Nobody, 76561198328178399)(<11627.277344, 111.333916, 15099.145508>) quick accessed a lock!
[22:22:51] Player ([PROT]Mr.Nobody, 76561198328178399)(<11627.277344, 111.333916, 15099.145508>) quick accessed a lock!
[22:23:43] Player ([PROT]Mr.Nobody, 76561198328178399)(<11627.277344, 111.333916, 15099.145508>) quick accessed a lock!
[22:26:00] Player (LethaL BaCoN, 76561198416514631)(<11627.277344, 111.333916, 15099.145508>) quick accessed a lock!
[22:27:37] Player (DarthErrina, 76561199134542915)(<3586.255127, 7.212138, 2188.215820>) quick accessed a lock!
[22:27:42] Player (DarthErrina, 76561199134542915)(<3586.282715, 7.637123, 2183.565918>) quick accessed a lock!
[22:27:46] Player (DarthErrina, 76561199134542915)(<3585.886719, 7.637123, 2178.851807>) quick accessed a lock!
[22:27:50] Player (DarthErrina, 76561199134542915)(<3583.635742, 7.637123, 2177.062256>) quick accessed a lock!
[22:28:05] Player (DarthErrina, 76561199134542915)(<3586.307373, 19.553514, 2172.341064>) quick accessed a lock!
[22:28:24] Player ([PROT]Mr.Nobody, 76561198328178399)(<11627.277344, 111.333916, 15099.145508>) quick accessed a lock!
[22:28:27] Player (DarthErrina, 76561199134542915)(<3581.361572, 19.823298, 2170.142090>) quick accessed a lock!
[22:28:33] Player (DarthErrina, 76561199134542915)(<3590.384033, 18.611160, 2181.462402>) quick accessed a lock!
[22:30:41] Player (DarthErrina, 76561199134542915)(<3581.361572, 19.823298, 2170.142090>) quick accessed a lock!
[22:30:59] Player (DarthErrina, 76561199134542915)(<3583.635742, 7.637123, 2177.062256>) quick accessed a lock!
[22:31:00] Player (DarthErrina, 76561199134542915)(<3585.886719, 7.637123, 2178.851807>) quick accessed a lock!
[22:31:05] Player (DarthErrina, 76561199134542915)(<3586.282715, 7.637123, 2183.565918>) quick accessed a lock!
[22:31:10] Player (DarthErrina, 76561199134542915)(<3586.255127, 7.212138, 2188.215820>) quick accessed a lock!
[22:32:09] Player (DarthErrina, 76561199134542915)(<3586.255127, 7.212138, 2188.215820>) quick accessed a lock!
[22:32:13] Player (DarthErrina, 76561199134542915)(<3586.282715, 7.637123, 2183.565918>) quick accessed a lock!
[22:32:18] Player ([PROT]Mr.Nobody, 76561198328178399)(<11627.277344, 111.333916, 15099.145508>) quick accessed a lock!
[22:32:22] Player (DarthErrina, 76561199134542915)(<3585.886719, 7.637123, 2178.851807>) quick accessed a lock!
[22:35:18] Player (SonJd, 76561198214438271)(<3586.255127, 7.212138, 2188.215820>) quick accessed a lock!
[22:35:27] Player (iNSANE, 76561198167062860)(<3586.282715, 7.637123, 2183.565918>) quick accessed a lock!
[22:35:34] Player (iNSANE, 76561198167062860)(<3585.886719, 7.637123, 2178.851807>) quick accessed a lock!
[22:35:38] Player (iNSANE, 76561198167062860)(<3583.635742, 7.637123, 2177.062256>) quick accessed a lock!
[22:35:41] Player (iNSANE, 76561198167062860)(<3583.635742, 7.637123, 2177.062256>) quick accessed a lock!
[22:35:54] Player (SonJd, 76561198214438271)(<3584.327637, 10.588430, 2175.568848>) quick accessed a lock!
[22:36:09] Player (SonJd, 76561198214438271)(<3581.361572, 19.823298, 2170.142090>) quick accessed a lock!
[22:36:31] Player (iNSANE, 76561198167062860)(<3581.361572, 19.823298, 2170.142090>) quick accessed a lock!
[22:36:58] Player (DarthErrina, 76561199134542915)(<3586.307373, 19.553514, 2172.341064>) quick accessed a lock!
[22:37:39] Player (iNSANE, 76561198167062860)(<3581.361572, 19.823298, 2170.142090>) quick accessed a lock!
[22:39:35] Player (iNSANE, 76561198167062860)(<3581.361572, 19.823298, 2170.142090>) quick accessed a lock!
[22:40:54] Player (iNSANE, 76561198167062860)(<3590.343994, 18.611160, 2167.448486>) quick accessed a lock!
[22:40:58] Player (SonJd, 76561198214438271)(<3590.384033, 18.611160, 2181.462402>) quick accessed a lock!
[22:45:57] Player (iNSANE, 76561198167062860)(<3590.343994, 18.611160, 2167.448486>) quick accessed a lock!
[22:45:59] Player (iNSANE, 76561198167062860)(<3581.361572, 19.823298, 2170.142090>) quick accessed a lock!
[22:50:19] Player (SonJd, 76561198214438271)(<3592.227295, 18.679232, 2179.891602>) set a new passcode on lock!
[22:50:19] Player (SonJd, 76561198214438271)(<3592.227295, 18.679232, 2179.891602>) claimed ownership of a lock!
[22:51:02] Player (SonJd, 76561198214438271)(<3592.227295, 18.679232, 2179.891602>) quick accessed a lock!
[22:51:52] Player (SonJd, 76561198214438271)(<3592.142578, 18.679281, 2181.414551>) set a new passcode on lock!
[22:51:52] Player (SonJd, 76561198214438271)(<3592.142578, 18.679281, 2181.414551>) claimed ownership of a lock!
[23:11:29] Player (Glazed&Confused, 76561198007338243)(<3907.665039, 227.352814, 14168.563477>) quick accessed a lock!
[23:17:06] Player (Knee Greaux, 76561198420720986)(<1370.091675, 433.835968, 12903.194336>) quick accessed a lock!
[23:28:37] Player (Glazed&Confused, 76561198007338243)(<3907.628174, 227.352814, 14169.290039>) set a new passcode on lock!
[23:28:37] Player (Glazed&Confused, 76561198007338243)(<3907.628174, 227.352814, 14169.290039>) claimed ownership of a lock!
[23:35:33] Player (RaginCajun, 76561198008597711)(<6611.538086, 15.929601, 2307.941895>) set a new passcode on lock!
[23:35:33] Player (RaginCajun, 76561198008597711)(<6611.538086, 15.929601, 2307.941895>) claimed ownership of a lock!
[23:35:36] Player (RaginCajun, 76561198008597711)(<6611.538086, 15.929601, 2307.941895>) quick accessed a lock!
[23:35:55] Player (RaginCajun, 76561198008597711)(<6611.538086, 15.929601, 2307.941895>) quick accessed a lock!
[00:10:17] Player (Knee Greaux, 76561198420720986)(<1370.091675, 433.835968, 12903.194336>) quick accessed a lock!
[00:10:33] Player (Knee Greaux, 76561198420720986)(<1370.091675, 433.835968, 12903.194336>) quick accessed a lock!
[00:11:02] Player (Knee Greaux, 76561198420720986)(<1370.091675, 433.835968, 12903.194336>) quick accessed a lock!
[00:15:15] Player (^DBD^ Maxo, 76561198148661627)(<1165.940674, 345.612946, 9990.236328>) quick accessed a lock!
[00:15:20] Player (^DBD^ Maxo, 76561198148661627)(<1166.893311, 345.748413, 9984.816406>) quick accessed a lock!
[00:15:22] Player (^DBD^ Maxo, 76561198148661627)(<1166.893311, 345.748413, 9984.816406>) quick accessed a lock!
[00:16:17] Player (^DBD^ Maxo, 76561198148661627)(<1189.157593, 344.580933, 9985.374023>) quick accessed a lock!
[00:16:24] Player (^DBD^ Maxo, 76561198148661627)(<1186.750732, 344.556030, 9985.829102>) quick accessed a lock!
[00:16:29] Player (^DBD^ Maxo, 76561198148661627)(<1184.751831, 344.556030, 9983.866211>) quick accessed a lock!
[00:16:36] Player (^DBD^ Maxo, 76561198148661627)(<1185.200195, 344.556030, 9979.226563>) quick accessed a lock!
[00:31:44] Player ([PROT]Mr.Nobody, 76561198328178399)(<11627.277344, 111.333916, 15099.145508>) quick accessed a lock!
[00:58:28] Player (Com_A, 76561198074577046)(<11627.277344, 111.333916, 15099.145508>) quick accessed a lock!
[01:05:13] Player (Com_A, 76561198074577046)(<11627.277344, 111.333916, 15099.145508>) quick accessed a lock!
[01:05:41] Player (Com_A, 76561198074577046)(<11627.277344, 111.333916, 15099.145508>) quick accessed a lock!
[01:08:16] Player (LethaL BaCoN, 76561198416514631)(<11627.277344, 111.333916, 15099.145508>) quick accessed a lock!
[01:08:45] Player (LethaL BaCoN, 76561198416514631)(<11627.277344, 111.333916, 15099.145508>) quick accessed a lock!
[01:14:35] Player (Skynyrd, 76561198033204425)(<12300.369141, 91.356270, 5570.434082>) set a new passcode on lock!
[01:14:35] Player (Skynyrd, 76561198033204425)(<12300.369141, 91.356270, 5570.434082>) claimed ownership of a lock!
[01:14:37] Player (Skynyrd, 76561198033204425)(<12300.369141, 91.356270, 5570.434082>) quick accessed a lock!
[01:14:49] Player (FN, 76561197968480277)(<12300.369141, 91.356270, 5570.434082>) accessed a lock!
[01:14:49] Player (FN, 76561197968480277)(<12300.369141, 91.356270, 5570.434082>) was added as a guest of a lock!
[01:20:03] Player (VonPinch, 76561198045458963)(<12300.369141, 91.356270, 5570.434082>) accessed a lock!
[01:20:03] Player (VonPinch, 76561198045458963)(<12300.369141, 91.356270, 5570.434082>) was added as a guest of a lock!
[01:22:42] Player (STIXS, 76561198281115814)(<12300.369141, 91.356270, 5570.434082>) accessed a lock!
[01:22:42] Player (STIXS, 76561198281115814)(<12300.369141, 91.356270, 5570.434082>) was added as a guest of a lock!
