[10-25-2021][02.30.18] New Access Log File Created!
[02:33:54] Player (ItsToXiiiic, 76561198138907923)(<13297.052734, 70.431358, 12132.937500>) quick accessed a lock!
[02:33:58] Player (ItsToXiiiic, 76561198138907923)(<13297.113281, 70.431358, 12134.742188>) quick accessed a lock!
[02:34:04] Player (ItsToXiiiic, 76561198138907923)(<13310.335938, 70.417130, 12134.630859>) quick accessed a lock!
[02:34:09] Player (ItsToXiiiic, 76561198138907923)(<13309.600586, 71.606522, 12122.875977>) quick accessed a lock!
[02:34:15] Player (ItsToXiiiic, 76561198138907923)(<13286.351563, 71.661919, 12113.443359>) quick accessed a lock!
[02:37:15] Player ([Habeek]Fry, 76561198066519971)(<6592.813477, 96.589233, 3555.797852>) quick accessed a lock!
[02:37:22] Player ([Habeek]Fry, 76561198066519971)(<6592.699707, 93.189285, 3555.813232>) quick accessed a lock!
[02:37:28] Player ([Habeek]Fry, 76561198066519971)(<6592.813965, 89.789230, 3555.799316>) quick accessed a lock!
[02:37:36] Player ([Habeek]Fry, 76561198066519971)(<6592.718750, 86.389275, 3555.791016>) quick accessed a lock!
[02:37:46] Player ([Habeek]Fry, 76561198066519971)(<6592.722168, 79.589279, 3555.801758>) quick accessed a lock!
[02:39:00] Player ([Habeek]Fry, 76561198066519971)(<6592.781738, 76.189247, 3555.786377>) quick accessed a lock!
[02:42:30] Player ([PROT]Mr.Nobody, 76561198328178399)(<8078.467285, 345.905853, 10464.587891>) quick accessed a lock!
[02:42:53] Player ([PROT]Mr.Nobody, 76561198328178399)(<8080.311523, 346.035095, 10467.541016>) quick accessed a lock!
[02:43:40] Player ([Habeek]Fry, 76561198066519971)(<6592.781738, 76.189247, 3555.786377>) quick accessed a lock!
[02:43:49] Player ([Habeek]Fry, 76561198066519971)(<6592.722168, 79.589279, 3555.801758>) quick accessed a lock!
[02:44:00] Player ([Habeek]Fry, 76561198066519971)(<6592.718750, 86.389275, 3555.791016>) quick accessed a lock!
[02:44:08] Player ([Habeek]Fry, 76561198066519971)(<6592.813965, 89.789230, 3555.799316>) quick accessed a lock!
[02:44:16] Player ([Habeek]Fry, 76561198066519971)(<6592.699707, 93.189285, 3555.813232>) quick accessed a lock!
[02:44:22] Player ([Habeek]Fry, 76561198066519971)(<6592.813477, 96.589233, 3555.797852>) quick accessed a lock!
[02:49:56] Player ([Habeek]Fry, 76561198066519971)(<6592.813477, 96.589233, 3555.797852>) quick accessed a lock!
[02:50:04] Player ([Habeek]Fry, 76561198066519971)(<6592.699707, 93.189285, 3555.813232>) quick accessed a lock!
[02:50:09] Player ([Habeek]Fry, 76561198066519971)(<6592.813965, 89.789230, 3555.799316>) quick accessed a lock!
[02:50:19] Player ([Habeek]Fry, 76561198066519971)(<6592.718750, 86.389275, 3555.791016>) quick accessed a lock!
[02:50:36] Player ([Habeek]Fry, 76561198066519971)(<6592.781738, 76.189247, 3555.786377>) quick accessed a lock!
[02:52:16] Player ([Habeek]Fry, 76561198066519971)(<6592.781738, 76.189247, 3555.786377>) quick accessed a lock!
[02:52:25] Player ([Habeek]Fry, 76561198066519971)(<6592.722168, 79.589279, 3555.801758>) quick accessed a lock!
[02:52:40] Player ([Habeek]Fry, 76561198066519971)(<6592.718750, 86.389275, 3555.791016>) quick accessed a lock!
[02:52:49] Player ([Habeek]Fry, 76561198066519971)(<6592.813965, 89.789230, 3555.799316>) quick accessed a lock!
[02:52:58] Player ([Habeek]Fry, 76561198066519971)(<6592.699707, 93.189285, 3555.813232>) quick accessed a lock!
[02:53:11] Player ([Habeek]Fry, 76561198066519971)(<6592.813477, 96.589233, 3555.797852>) quick accessed a lock!
[02:53:54] Player (Com_A, 76561198074577046)(<8078.467285, 345.905853, 10464.587891>) quick accessed a lock!
[02:54:44] Player ([Habeek]Fry, 76561198066519971)(<6592.813477, 96.589233, 3555.797852>) quick accessed a lock!
[02:54:57] Player ([Habeek] Kush, 76561198240898404)(<6592.813477, 96.589233, 3555.797852>) quick accessed a lock!
[02:55:11] Player ([Habeek] Kush, 76561198240898404)(<6592.699707, 93.189285, 3555.813232>) quick accessed a lock!
[02:55:29] Player ([Habeek]Fry, 76561198066519971)(<6592.699707, 93.189285, 3555.813232>) quick accessed a lock!
[02:55:33] Player ([Habeek] Kush, 76561198240898404)(<6592.813477, 96.589233, 3555.797852>) quick accessed a lock!
[02:55:34] Player ([Habeek]Fry, 76561198066519971)(<6592.813965, 89.789230, 3555.799316>) quick accessed a lock!
[02:55:42] Player ([Habeek]Fry, 76561198066519971)(<6592.718750, 86.389275, 3555.791016>) quick accessed a lock!
[02:55:55] Player ([Habeek]Fry, 76561198066519971)(<6592.722168, 79.589279, 3555.801758>) quick accessed a lock!
[02:56:01] Player ([Habeek]Fry, 76561198066519971)(<6592.781738, 76.189247, 3555.786377>) quick accessed a lock!
[02:56:12] Player ([Habeek] Kush, 76561198240898404)(<6592.813477, 96.589233, 3555.797852>) quick accessed a lock!
[02:56:33] Player (Com_A, 76561198074577046)(<8080.736328, 346.035095, 10468.139648>) quick accessed a lock!
[02:56:37] Player (Com_A, 76561198074577046)(<8080.311523, 346.035095, 10467.541016>) quick accessed a lock!
[02:56:38] Player (Com_A, 76561198074577046)(<8080.736328, 346.035095, 10468.139648>) quick accessed a lock!
[02:56:46] Player (Com_A, 76561198074577046)(<8079.921875, 346.035095, 10467.006836>) quick accessed a lock!
[02:58:39] Player (rvxvii, 76561198225084544)(<3590.033691, 21.644825, 2181.829590>) quick accessed a lock!
[03:00:27] Player (rvxvii, 76561198225084544)(<3590.033691, 21.644825, 2181.829590>) quick accessed a lock!
[03:01:26] Player ([Habeek]Fry, 76561198066519971)(<6592.781738, 76.189247, 3555.786377>) quick accessed a lock!
[03:01:33] Player ([Habeek]Fry, 76561198066519971)(<6592.722168, 79.589279, 3555.801758>) quick accessed a lock!
[03:01:42] Player ([Habeek]Fry, 76561198066519971)(<6592.718750, 86.389275, 3555.791016>) quick accessed a lock!
[03:01:47] Player ([Habeek]Fry, 76561198066519971)(<6592.813965, 89.789230, 3555.799316>) quick accessed a lock!
[03:01:54] Player ([Habeek]Fry, 76561198066519971)(<6592.699707, 93.189285, 3555.813232>) quick accessed a lock!
[03:04:23] Player ([Habeek]Fry, 76561198066519971)(<6592.813477, 96.589233, 3555.797852>) quick accessed a lock!
[03:04:37] Player ([Habeek]Fry, 76561198066519971)(<6592.699707, 93.189285, 3555.813232>) quick accessed a lock!
[03:04:52] Player ([Habeek]Fry, 76561198066519971)(<6592.813965, 89.789230, 3555.799316>) quick accessed a lock!
[03:04:57] Player ([Habeek]Fry, 76561198066519971)(<6592.718750, 86.389275, 3555.791016>) quick accessed a lock!
[03:05:05] Player ([Habeek]Fry, 76561198066519971)(<6592.722168, 79.589279, 3555.801758>) quick accessed a lock!
[03:05:11] Player ([Habeek]Fry, 76561198066519971)(<6592.781738, 76.189247, 3555.786377>) quick accessed a lock!
[03:08:20] Player ([Habeek]Fry, 76561198066519971)(<6592.781738, 76.189247, 3555.786377>) quick accessed a lock!
[03:08:29] Player ([Habeek]Fry, 76561198066519971)(<6592.722168, 79.589279, 3555.801758>) quick accessed a lock!
[03:08:40] Player ([Habeek]Fry, 76561198066519971)(<6592.718750, 86.389275, 3555.791016>) quick accessed a lock!
[03:08:46] Player ([Habeek]Fry, 76561198066519971)(<6592.813965, 89.789230, 3555.799316>) quick accessed a lock!
[03:08:52] Player ([Habeek]Fry, 76561198066519971)(<6592.699707, 93.189285, 3555.813232>) quick accessed a lock!
[03:09:43] Player ([PROT]Mr.Nobody, 76561198328178399)(<8078.467285, 345.905853, 10464.587891>) quick accessed a lock!
[03:10:01] Player ([PROT]Mr.Nobody, 76561198328178399)(<8037.468262, 356.023560, 10386.864258>) quick accessed a lock!
[03:10:23] Player ([Habeek]Fry, 76561198066519971)(<6592.699707, 93.189285, 3555.813232>) quick accessed a lock!
[03:10:27] Player ([Habeek]Fry, 76561198066519971)(<6592.699707, 93.189285, 3555.813232>) quick accessed a lock!
[03:10:31] Player ([Habeek]Fry, 76561198066519971)(<6592.813477, 96.589233, 3555.797852>) quick accessed a lock!
[03:11:19] Player ([Habeek]Fry, 76561198066519971)(<6592.813477, 96.589233, 3555.797852>) quick accessed a lock!
[03:11:34] Player ([Habeek]Fry, 76561198066519971)(<6592.813965, 89.789230, 3555.799316>) quick accessed a lock!
[03:11:41] Player ([Habeek]Fry, 76561198066519971)(<6592.718750, 86.389275, 3555.791016>) quick accessed a lock!
[03:11:54] Player ([Habeek]Fry, 76561198066519971)(<6592.722168, 79.589279, 3555.801758>) quick accessed a lock!
[03:12:02] Player ([Habeek]Fry, 76561198066519971)(<6592.781738, 76.189247, 3555.786377>) quick accessed a lock!
[03:12:11] Player ([PROT]Mr.Nobody, 76561198328178399)(<8078.467285, 345.905853, 10464.587891>) quick accessed a lock!
[03:14:24] Player ([Habeek]Fry, 76561198066519971)(<6592.781738, 76.189247, 3555.786377>) quick accessed a lock!
[03:14:31] Player ([Habeek]Fry, 76561198066519971)(<6592.722168, 79.589279, 3555.801758>) quick accessed a lock!
[03:14:44] Player ([Habeek]Fry, 76561198066519971)(<6592.718750, 86.389275, 3555.791016>) quick accessed a lock!
[03:14:50] Player ([Habeek]Fry, 76561198066519971)(<6592.813965, 89.789230, 3555.799316>) quick accessed a lock!
[03:14:58] Player ([Habeek]Fry, 76561198066519971)(<6592.699707, 93.189285, 3555.813232>) quick accessed a lock!
[03:15:12] Player ([Habeek]Fry, 76561198066519971)(<6592.813477, 96.589233, 3555.797852>) quick accessed a lock!
[03:15:25] Player ([Habeek]Fry, 76561198066519971)(<6592.813477, 96.589233, 3555.797852>) quick accessed a lock!
[03:16:12] Player ([Habeek]Fry, 76561198066519971)(<6592.813477, 96.589233, 3555.797852>) quick accessed a lock!
[03:16:19] Player ([Habeek]Fry, 76561198066519971)(<6592.699707, 93.189285, 3555.813232>) quick accessed a lock!
[03:16:25] Player ([Habeek]Fry, 76561198066519971)(<6592.699707, 93.189285, 3555.813232>) quick accessed a lock!
[03:17:10] Player ([Habeek]Fry, 76561198066519971)(<6592.813477, 96.589233, 3555.797852>) quick accessed a lock!
[03:17:48] Player ([Habeek]Fry, 76561198066519971)(<6592.813477, 96.589233, 3555.797852>) quick accessed a lock!
[03:18:02] Player ([Habeek]Fry, 76561198066519971)(<6592.813965, 89.789230, 3555.799316>) quick accessed a lock!
[03:18:07] Player ([Habeek]Fry, 76561198066519971)(<6592.718750, 86.389275, 3555.791016>) quick accessed a lock!
[03:18:16] Player ([Habeek]Fry, 76561198066519971)(<6592.722168, 79.589279, 3555.801758>) quick accessed a lock!
[03:18:21] Player ([Habeek]Fry, 76561198066519971)(<6592.781738, 76.189247, 3555.786377>) quick accessed a lock!
[03:19:20] Player ([Habeek]Fry, 76561198066519971)(<6592.781738, 76.189247, 3555.786377>) quick accessed a lock!
[03:19:27] Player ([Habeek]Fry, 76561198066519971)(<6592.722168, 79.589279, 3555.801758>) quick accessed a lock!
[03:19:36] Player ([Habeek]Fry, 76561198066519971)(<6592.718750, 86.389275, 3555.791016>) quick accessed a lock!
[03:19:42] Player ([Habeek]Fry, 76561198066519971)(<6592.813965, 89.789230, 3555.799316>) quick accessed a lock!
[03:19:49] Player ([Habeek]Fry, 76561198066519971)(<6592.699707, 93.189285, 3555.813232>) quick accessed a lock!
[03:21:37] Player ([Habeek] Kush, 76561198240898404)(<6592.813477, 96.589233, 3555.797852>) quick accessed a lock!
[03:22:14] Player ([Habeek]Fry, 76561198066519971)(<6592.813477, 96.589233, 3555.797852>) quick accessed a lock!
[03:24:45] Player (rvxvii, 76561198225084544)(<3590.033691, 21.644825, 2181.829590>) quick accessed a lock!
[03:25:21] Player (rvxvii, 76561198225084544)(<3590.033691, 21.644825, 2181.829590>) quick accessed a lock!
[03:28:53] Player ([Habeek]Fry, 76561198066519971)(<6592.813477, 96.589233, 3555.797852>) quick accessed a lock!
[03:29:01] Player ([Habeek]Fry, 76561198066519971)(<6592.813477, 96.589233, 3555.797852>) quick accessed a lock!
[03:29:46] Player ([Habeek]Fry, 76561198066519971)(<6592.699707, 93.189285, 3555.813232>) quick accessed a lock!
[03:29:49] Player ([Habeek] Kush, 76561198240898404)(<6592.699707, 93.189285, 3555.813232>) quick accessed a lock!
[03:29:52] Player ([Habeek]Fry, 76561198066519971)(<6592.813965, 89.789230, 3555.799316>) quick accessed a lock!
[03:30:02] Player ([Habeek]Fry, 76561198066519971)(<6592.718750, 86.389275, 3555.791016>) quick accessed a lock!
[03:30:13] Player ([Habeek] Kush, 76561198240898404)(<6592.722168, 79.589279, 3555.801758>) quick accessed a lock!
[03:30:24] Player ([Habeek] Kush, 76561198240898404)(<6592.781738, 76.189247, 3555.786377>) quick accessed a lock!
[03:54:30] Player ([Habeek]Fry, 76561198066519971)(<6592.781738, 76.189247, 3555.786377>) quick accessed a lock!
[03:54:39] Player ([Habeek]Fry, 76561198066519971)(<6592.722168, 79.589279, 3555.801758>) quick accessed a lock!
[03:54:48] Player ([Habeek]Fry, 76561198066519971)(<6592.718750, 86.389275, 3555.791016>) quick accessed a lock!
[03:54:58] Player ([Habeek]Fry, 76561198066519971)(<6592.813965, 89.789230, 3555.799316>) quick accessed a lock!
[03:55:04] Player ([Habeek]Fry, 76561198066519971)(<6592.699707, 93.189285, 3555.813232>) quick accessed a lock!
[03:55:09] Player ([Habeek]Fry, 76561198066519971)(<6592.813477, 96.589233, 3555.797852>) quick accessed a lock!
[03:56:26] Player ([Habeek]Fry, 76561198066519971)(<6592.813477, 96.589233, 3555.797852>) quick accessed a lock!
[03:58:09] Player ([Habeek]Fry, 76561198066519971)(<6592.813477, 96.589233, 3555.797852>) quick accessed a lock!
[03:58:37] Player ([Habeek]Fry, 76561198066519971)(<6592.813477, 96.589233, 3555.797852>) quick accessed a lock!
[03:58:44] Player ([Habeek]Fry, 76561198066519971)(<6592.699707, 93.189285, 3555.813232>) quick accessed a lock!
[03:58:57] Player ([Habeek]Fry, 76561198066519971)(<6592.699707, 93.189285, 3555.813232>) quick accessed a lock!
[03:59:02] Player ([Habeek]Fry, 76561198066519971)(<6592.813477, 96.589233, 3555.797852>) quick accessed a lock!
[03:59:20] Player ([Habeek]Fry, 76561198066519971)(<6592.813477, 96.589233, 3555.797852>) quick accessed a lock!
[03:59:31] Player ([Habeek]Fry, 76561198066519971)(<6592.699707, 93.189285, 3555.813232>) quick accessed a lock!
[03:59:40] Player ([Habeek]Fry, 76561198066519971)(<6592.718750, 86.389275, 3555.791016>) quick accessed a lock!
[03:59:50] Player ([Habeek]Fry, 76561198066519971)(<6592.722168, 79.589279, 3555.801758>) quick accessed a lock!
[03:59:56] Player ([Habeek]Fry, 76561198066519971)(<6592.781738, 76.189247, 3555.786377>) quick accessed a lock!
[04:22:26] Player ([Habeek]Fry, 76561198066519971)(<6592.781738, 76.189247, 3555.786377>) quick accessed a lock!
[04:22:38] Player ([Habeek]Fry, 76561198066519971)(<6592.722168, 79.589279, 3555.801758>) quick accessed a lock!
[04:22:48] Player ([Habeek]Fry, 76561198066519971)(<6592.718750, 86.389275, 3555.791016>) quick accessed a lock!
[04:22:51] Player ([Habeek] Kush, 76561198240898404)(<6592.781738, 76.189247, 3555.786377>) quick accessed a lock!
[04:22:57] Player ([Habeek] Kush, 76561198240898404)(<6592.722168, 79.589279, 3555.801758>) quick accessed a lock!
[04:22:59] Player ([Habeek]Fry, 76561198066519971)(<6592.813965, 89.789230, 3555.799316>) quick accessed a lock!
[04:23:06] Player ([Habeek] Kush, 76561198240898404)(<6592.718750, 86.389275, 3555.791016>) quick accessed a lock!
[04:23:11] Player ([Habeek]Fry, 76561198066519971)(<6592.699707, 93.189285, 3555.813232>) quick accessed a lock!
[04:23:14] Player ([Habeek] Kush, 76561198240898404)(<6592.813965, 89.789230, 3555.799316>) quick accessed a lock!
[04:23:18] Player ([Habeek]Fry, 76561198066519971)(<6592.813477, 96.589233, 3555.797852>) quick accessed a lock!
[04:28:41] Player (rvxvii, 76561198225084544)(<3590.033691, 21.644825, 2181.829590>) quick accessed a lock!
[04:30:38] Player ([Habeek] Kush, 76561198240898404)(<6592.813477, 96.589233, 3555.797852>) quick accessed a lock!
[04:30:57] Player (rvxvii, 76561198225084544)(<3590.033691, 21.644825, 2181.829590>) quick accessed a lock!
[04:31:19] Player (rvxvii, 76561198225084544)(<3590.967773, 21.712994, 2183.731445>) quick accessed a lock!
[04:31:29] Player (rvxvii, 76561198225084544)(<3588.751953, 21.713140, 2183.769287>) quick accessed a lock!
[04:31:31] Player (rvxvii, 76561198225084544)(<3588.751953, 21.713140, 2183.769287>) quick accessed a lock!
[04:31:34] Player ([Habeek] Kush, 76561198240898404)(<6592.813477, 96.589233, 3555.797852>) quick accessed a lock!
[04:32:14] Player (rvxvii, 76561198225084544)(<3590.033691, 21.644825, 2181.829590>) quick accessed a lock!
[04:33:13] Player (rvxvii, 76561198225084544)(<3590.033691, 21.644825, 2181.829590>) quick accessed a lock!
[04:34:33] Player (rvxvii, 76561198225084544)(<3590.967773, 21.712994, 2183.731445>) quick accessed a lock!
[04:34:53] Player ([Habeek] Kush, 76561198240898404)(<6592.813477, 96.589233, 3555.797852>) quick accessed a lock!
[04:39:26] Player ([Habeek] Kush, 76561198240898404)(<6592.813477, 96.589233, 3555.797852>) quick accessed a lock!
[04:39:31] Player ([Habeek] Kush, 76561198240898404)(<6592.699707, 93.189285, 3555.813232>) quick accessed a lock!
[04:39:35] Player ([Habeek] Kush, 76561198240898404)(<6592.813965, 89.789230, 3555.799316>) quick accessed a lock!
[04:39:40] Player ([Habeek] Kush, 76561198240898404)(<6592.718750, 86.389275, 3555.791016>) quick accessed a lock!
[04:39:48] Player ([Habeek] Kush, 76561198240898404)(<6592.722168, 79.589279, 3555.801758>) quick accessed a lock!
[04:39:55] Player ([Habeek] Kush, 76561198240898404)(<6592.781738, 76.189247, 3555.786377>) quick accessed a lock!
[04:49:04] Player (Com_A, 76561198074577046)(<8078.467285, 345.905853, 10464.587891>) quick accessed a lock!
[04:54:45] Player ([PROT]Mr.Nobody, 76561198328178399)(<8080.736328, 346.035095, 10468.139648>) quick accessed a lock!
[04:54:51] Player ([PROT]Mr.Nobody, 76561198328178399)(<8080.311523, 346.035095, 10467.541016>) quick accessed a lock!
[04:54:56] Player ([PROT]Mr.Nobody, 76561198328178399)(<8079.921875, 346.035095, 10467.006836>) quick accessed a lock!
[04:55:32] Player ([PROT]Mr.Nobody, 76561198328178399)(<8078.467285, 345.905853, 10464.587891>) quick accessed a lock!
[10-25-2021][05.01.05] Log file reloaded ( Server Restart )
[05:19:51] Player (sCiEnCe, 76561198060968149)(<5297.000488, 269.986694, 14206.136719>) quick accessed a lock!
[05:21:29] Player (sCiEnCe, 76561198060968149)(<5311.952637, 271.749512, 14210.274414>) quick accessed a lock!
[05:21:51] Player (sCiEnCe, 76561198060968149)(<5307.378418, 271.359833, 14210.110352>) quick accessed a lock!
[05:21:58] Player (sCiEnCe, 76561198060968149)(<5302.768555, 270.490692, 14206.542969>) quick accessed a lock!
[05:22:21] Player (sCiEnCe, 76561198060968149)(<5291.890137, 269.672699, 14206.780273>) quick accessed a lock!
[05:22:21] Player (sCiEnCe, 76561198060968149)(<5291.890137, 269.672699, 14206.780273>) quick accessed a lock!
[05:22:22] Player (sCiEnCe, 76561198060968149)(<5291.890137, 269.672699, 14206.780273>) quick accessed a lock!
[05:22:52] Player (sCiEnCe, 76561198060968149)(<5287.268066, 269.192108, 14205.989258>) quick accessed a lock!
[05:22:59] Player (sCiEnCe, 76561198060968149)(<5279.561523, 267.851440, 14201.060547>) quick accessed a lock!
[05:25:18] Player (sCiEnCe, 76561198060968149)(<5302.768555, 270.490692, 14206.542969>) quick accessed a lock!
[05:29:41] Player (sCiEnCe, 76561198060968149)(<5279.561523, 267.851440, 14201.060547>) quick accessed a lock!
[05:30:54] Player (sCiEnCe, 76561198060968149)(<5311.952637, 271.749512, 14210.274414>) quick accessed a lock!
[05:32:03] Player (sCiEnCe, 76561198060968149)(<5300.672852, 270.820465, 14200.325195>) quick accessed a lock!
[05:32:12] Player (sCiEnCe, 76561198060968149)(<5300.794922, 270.287537, 14196.186523>) quick accessed a lock!
[05:39:19] Player ([Habeek] Kush, 76561198240898404)(<6592.781738, 76.189247, 3555.786377>) quick accessed a lock!
[05:39:27] Player ([Habeek] Kush, 76561198240898404)(<6592.722168, 79.589279, 3555.801758>) quick accessed a lock!
[05:39:36] Player ([Habeek] Kush, 76561198240898404)(<6592.718750, 86.389275, 3555.791016>) quick accessed a lock!
[05:39:43] Player ([Habeek] Kush, 76561198240898404)(<6592.813965, 89.789230, 3555.799316>) quick accessed a lock!
[05:39:55] Player ([Habeek] Kush, 76561198240898404)(<6592.699707, 93.189285, 3555.813232>) quick accessed a lock!
[05:40:00] Player ([Habeek] Kush, 76561198240898404)(<6592.813477, 96.589233, 3555.797852>) quick accessed a lock!
[05:41:54] Player ([Habeek] Kush, 76561198240898404)(<6596.198730, 96.587578, 3549.617432>) quick accessed a lock!
[05:43:34] Player ([Habeek] Kush, 76561198240898404)(<6596.198730, 96.587578, 3549.617432>) quick accessed a lock!
[05:44:37] Player ([Habeek] Kush, 76561198240898404)(<6596.198730, 96.587578, 3549.617432>) quick accessed a lock!
[05:46:35] Player (Com_A, 76561198074577046)(<8078.467285, 345.905853, 10464.587891>) quick accessed a lock!
[05:50:36] Player ([PROT]Mr.Nobody, 76561198328178399)(<8078.467285, 345.905853, 10464.587891>) quick accessed a lock!
[05:50:54] Player ([PROT]Mr.Nobody, 76561198328178399)(<8084.374512, 371.926086, 10357.183594>) quick accessed a lock!
[05:51:08] Player ([Habeek] Kush, 76561198240898404)(<6592.813477, 96.589233, 3555.797852>) quick accessed a lock!
[05:51:46] Player (Com_A, 76561198074577046)(<8078.467285, 345.905853, 10464.587891>) quick accessed a lock!
[05:51:49] Player ([PROT]Mr.Nobody, 76561198328178399)(<8037.468262, 356.023560, 10386.864258>) quick accessed a lock!
[05:52:01] Player (Com_A, 76561198074577046)(<8078.467285, 345.905853, 10464.587891>) quick accessed a lock!
[05:52:17] Player (Com_A, 76561198074577046)(<8037.468262, 356.023560, 10386.864258>) quick accessed a lock!
[05:53:23] Player (Com_A, 76561198074577046)(<8037.468262, 356.023560, 10386.864258>) quick accessed a lock!
[05:54:00] Player (Com_A, 76561198074577046)(<8037.468262, 356.023560, 10386.864258>) quick accessed a lock!
[05:54:09] Player ([PROT]Mr.Nobody, 76561198328178399)(<8078.467285, 345.905853, 10464.587891>) quick accessed a lock!
[05:55:05] Player ([PROT]Mr.Nobody, 76561198328178399)(<8078.467285, 345.905853, 10464.587891>) quick accessed a lock!
[05:55:12] Player ([PROT]Mr.Nobody, 76561198328178399)(<8078.467285, 345.905853, 10464.587891>) quick accessed a lock!
[05:55:22] Player ([PROT]Mr.Nobody, 76561198328178399)(<8079.921875, 346.035095, 10467.006836>) quick accessed a lock!
[05:55:36] Player ([PROT]Mr.Nobody, 76561198328178399)(<8078.467285, 345.905853, 10464.587891>) quick accessed a lock!
[06:02:17] Player ([Habeek] Kush, 76561198240898404)(<6596.198730, 96.587578, 3549.617432>) quick accessed a lock!
[06:07:21] Player ([Habeek] Kush, 76561198240898404)(<6592.813477, 96.589233, 3555.797852>) quick accessed a lock!
[06:07:38] Player ([Habeek] Kush, 76561198240898404)(<6592.699707, 93.189285, 3555.813232>) quick accessed a lock!
[06:07:52] Player ([Habeek] Kush, 76561198240898404)(<6592.813965, 89.789230, 3555.799316>) quick accessed a lock!
[06:07:58] Player ([Habeek] Kush, 76561198240898404)(<6592.718750, 86.389275, 3555.791016>) quick accessed a lock!
[06:08:06] Player ([Habeek] Kush, 76561198240898404)(<6592.722168, 79.589279, 3555.801758>) quick accessed a lock!
[06:08:12] Player ([Habeek] Kush, 76561198240898404)(<6592.781738, 76.189247, 3555.786377>) quick accessed a lock!
[06:10:50] Player (sCiEnCe, 76561198060968149)(<5300.794922, 270.287537, 14196.186523>) quick accessed a lock!
[06:10:56] Player (sCiEnCe, 76561198060968149)(<5300.672852, 270.820465, 14200.325195>) quick accessed a lock!
[06:11:30] Player (sCiEnCe, 76561198060968149)(<5302.768555, 270.490692, 14206.542969>) quick accessed a lock!
[06:13:53] Player (iNSANE, 76561198167062860)(<3575.862549, 24.849482, 2177.398193>) quick accessed a lock!
[06:45:29] Player (rvxvii, 76561198225084544)(<3590.033691, 21.644825, 2181.829590>) quick accessed a lock!
[06:52:55] Player (rvxvii, 76561198225084544)(<3590.033691, 21.644825, 2181.829590>) quick accessed a lock!
[07:24:21] Player ([Habeek] Kush, 76561198240898404)(<6592.781738, 76.189247, 3555.786377>) quick accessed a lock!
[07:24:28] Player ([Habeek] Kush, 76561198240898404)(<6592.722168, 79.589279, 3555.801758>) quick accessed a lock!
[07:24:35] Player ([Habeek] Kush, 76561198240898404)(<6592.718750, 86.389275, 3555.791016>) quick accessed a lock!
[07:24:41] Player ([Habeek] Kush, 76561198240898404)(<6592.813965, 89.789230, 3555.799316>) quick accessed a lock!
[07:24:47] Player ([Habeek] Kush, 76561198240898404)(<6592.699707, 93.189285, 3555.813232>) quick accessed a lock!
[07:25:45] Player ([Habeek] Kush, 76561198240898404)(<6592.813477, 96.589233, 3555.797852>) quick accessed a lock!
[10-25-2021][07.31.52] Log file reloaded ( Server Restart )
[07:42:48] Player ([Habeek] Kush, 76561198240898404)(<6592.813477, 96.589233, 3555.797852>) quick accessed a lock!
[07:42:54] Player ([Habeek] Kush, 76561198240898404)(<6592.699707, 93.189285, 3555.813232>) quick accessed a lock!
[07:42:57] Player ([Habeek] Kush, 76561198240898404)(<6592.699707, 93.189285, 3555.813232>) quick accessed a lock!
[07:43:04] Player ([Habeek] Kush, 76561198240898404)(<6592.813965, 89.789230, 3555.799316>) quick accessed a lock!
[07:43:10] Player ([Habeek] Kush, 76561198240898404)(<6592.718750, 86.389275, 3555.791016>) quick accessed a lock!
[07:43:17] Player ([Habeek] Kush, 76561198240898404)(<6592.722168, 79.589279, 3555.801758>) quick accessed a lock!
[07:43:23] Player ([Habeek] Kush, 76561198240898404)(<6592.781738, 76.189247, 3555.786377>) quick accessed a lock!
[07:53:28] Player (STIXS, 76561198281115814)(<11447.452148, 230.628845, 7474.233398>) quick accessed a lock!
[07:53:34] Player (STIXS, 76561198281115814)(<11443.868164, 229.431595, 7471.581055>) quick accessed a lock!
[07:53:56] Player (STIXS, 76561198281115814)(<11443.847656, 225.418076, 7471.520508>) quick accessed a lock!
[07:54:01] Player (STIXS, 76561198281115814)(<11447.278320, 225.431274, 7474.197266>) quick accessed a lock!
[07:54:05] Player (STIXS, 76561198281115814)(<11446.775391, 225.419174, 7477.538574>) quick accessed a lock!
[07:54:13] Player (STIXS, 76561198281115814)(<11446.103516, 226.631317, 7481.023438>) quick accessed a lock!
[07:54:20] Player (STIXS, 76561198281115814)(<11447.631836, 226.631317, 7486.429688>) quick accessed a lock!
[07:54:23] Player (STIXS, 76561198281115814)(<11450.246094, 225.419174, 7488.957031>) quick accessed a lock!
[07:54:29] Player (STIXS, 76561198281115814)(<11451.950195, 225.419174, 7491.246094>) quick accessed a lock!
[07:55:01] Player (STIXS, 76561198281115814)(<11478.543945, 222.631195, 7471.254883>) quick accessed a lock!
[07:55:06] Player (STIXS, 76561198281115814)(<11475.989258, 222.631210, 7470.727539>) quick accessed a lock!
[07:55:10] Player (STIXS, 76561198281115814)(<11470.312500, 222.631241, 7472.535156>) quick accessed a lock!
[08:01:55] Player ([Habeek] Kush, 76561198240898404)(<6592.781738, 76.189247, 3555.786377>) quick accessed a lock!
[08:02:01] Player ([Habeek] Kush, 76561198240898404)(<6592.722168, 79.589279, 3555.801758>) quick accessed a lock!
[08:02:02] Player ([Habeek] Kush, 76561198240898404)(<6592.722168, 79.589279, 3555.801758>) quick accessed a lock!
[08:02:14] Player ([Habeek] Kush, 76561198240898404)(<6592.718750, 86.389275, 3555.791016>) quick accessed a lock!
[08:02:19] Player ([Habeek] Kush, 76561198240898404)(<6592.813965, 89.789230, 3555.799316>) quick accessed a lock!
[08:02:24] Player ([Habeek] Kush, 76561198240898404)(<6592.699707, 93.189285, 3555.813232>) quick accessed a lock!
[08:02:26] Player ([Habeek] Kush, 76561198240898404)(<6592.699707, 93.189285, 3555.813232>) quick accessed a lock!
[08:02:27] Player ([Habeek] Kush, 76561198240898404)(<6592.699707, 93.189285, 3555.813232>) quick accessed a lock!
[08:02:35] Player ([Habeek] Kush, 76561198240898404)(<6592.813477, 96.589233, 3555.797852>) quick accessed a lock!
[08:02:37] Player ([Habeek] Kush, 76561198240898404)(<6592.813477, 96.589233, 3555.797852>) quick accessed a lock!
[08:02:38] Player ([Habeek] Kush, 76561198240898404)(<6592.813477, 96.589233, 3555.797852>) quick accessed a lock!
[09:05:48] Player (Survivor, 76561198051150159)(<6592.781738, 76.189247, 3555.786377>) quick accessed a lock!
[09:06:00] Player (Survivor, 76561198051150159)(<6592.722168, 79.589279, 3555.801758>) quick accessed a lock!
[09:06:04] Player (Survivor, 76561198051150159)(<6592.722168, 79.589279, 3555.801758>) quick accessed a lock!
[09:06:13] Player (Survivor, 76561198051150159)(<6592.718750, 86.389275, 3555.791016>) quick accessed a lock!
[09:06:19] Player (Survivor, 76561198051150159)(<6592.813965, 89.789230, 3555.799316>) quick accessed a lock!
[09:06:25] Player (Survivor, 76561198051150159)(<6592.699707, 93.189285, 3555.813232>) quick accessed a lock!
[09:06:31] Player (Survivor, 76561198051150159)(<6592.813477, 96.589233, 3555.797852>) quick accessed a lock!
[09:09:52] Player (Survivor, 76561198051150159)(<6592.813477, 96.589233, 3555.797852>) quick accessed a lock!
[09:11:02] Player ([Habeek] Kush, 76561198240898404)(<6592.813477, 96.589233, 3555.797852>) quick accessed a lock!
[09:11:09] Player (Survivor, 76561198051150159)(<6592.813477, 96.589233, 3555.797852>) quick accessed a lock!
[09:17:58] Player ([Habeek] Kush, 76561198240898404)(<6592.813477, 96.589233, 3555.797852>) quick accessed a lock!
[09:18:10] Player (Survivor, 76561198051150159)(<6592.699707, 93.189285, 3555.813232>) quick accessed a lock!
[09:18:15] Player (Survivor, 76561198051150159)(<6592.699707, 93.189285, 3555.813232>) quick accessed a lock!
[09:18:23] Player (Survivor, 76561198051150159)(<6592.813965, 89.789230, 3555.799316>) quick accessed a lock!
[09:18:30] Player (Survivor, 76561198051150159)(<6592.718750, 86.389275, 3555.791016>) quick accessed a lock!
[09:18:41] Player (Survivor, 76561198051150159)(<6592.722168, 79.589279, 3555.801758>) quick accessed a lock!
[09:18:51] Player (Survivor, 76561198051150159)(<6592.781738, 76.189247, 3555.786377>) quick accessed a lock!
[09:19:02] Player (Cum Sandwich, 76561198127808181)(<13276.088867, 69.911812, 12095.497070>) quick accessed a lock!
[09:19:30] Player (Cum Sandwich, 76561198127808181)(<13297.656250, 68.591614, 12100.872070>) quick accessed a lock!
[09:20:18] Player ([Habeek] Kush, 76561198240898404)(<6592.699707, 93.189285, 3555.813232>) quick accessed a lock!
[09:20:23] Player ([Habeek] Kush, 76561198240898404)(<6592.813965, 89.789230, 3555.799316>) quick accessed a lock!
[09:20:28] Player ([Habeek] Kush, 76561198240898404)(<6592.718750, 86.389275, 3555.791016>) quick accessed a lock!
[09:20:37] Player ([Habeek] Kush, 76561198240898404)(<6592.722168, 79.589279, 3555.801758>) quick accessed a lock!
[09:20:45] Player ([Habeek] Kush, 76561198240898404)(<6592.781738, 76.189247, 3555.786377>) quick accessed a lock!
[09:25:16] Player (Bl0ndeAmbiti0n, 76561198122631918)(<13299.415039, 70.499588, 12140.219727>) quick accessed a lock!
[09:25:47] Player (Bl0ndeAmbiti0n, 76561198122631918)(<13301.255859, 70.431358, 12140.725586>) quick accessed a lock!
[09:25:56] Player (Bl0ndeAmbiti0n, 76561198122631918)(<13310.335938, 70.417130, 12134.630859>) quick accessed a lock!
[09:26:08] Player (Bl0ndeAmbiti0n, 76561198122631918)(<13309.600586, 71.606522, 12122.875977>) quick accessed a lock!
[09:27:00] Player (Bl0ndeAmbiti0n, 76561198122631918)(<13294.268555, 71.642944, 12123.586914>) quick accessed a lock!
[09:27:06] Player (Bl0ndeAmbiti0n, 76561198122631918)(<13286.397461, 71.661919, 12118.354492>) quick accessed a lock!
[09:27:12] Player (Bl0ndeAmbiti0n, 76561198122631918)(<13286.351563, 71.661919, 12113.443359>) quick accessed a lock!
[09:27:27] Player (Bl0ndeAmbiti0n, 76561198122631918)(<13276.088867, 69.911812, 12095.497070>) quick accessed a lock!
[09:28:23] Player (Bl0ndeAmbiti0n, 76561198122631918)(<13297.656250, 68.591614, 12100.872070>) quick accessed a lock!
[09:30:01] Player (Bl0ndeAmbiti0n, 76561198122631918)(<13297.656250, 68.591614, 12100.872070>) quick accessed a lock!
[09:30:18] Player (Bl0ndeAmbiti0n, 76561198122631918)(<13286.351563, 71.661919, 12113.443359>) quick accessed a lock!
[09:30:22] Player (Bl0ndeAmbiti0n, 76561198122631918)(<13286.397461, 71.661919, 12118.354492>) quick accessed a lock!
[09:30:28] Player (Bl0ndeAmbiti0n, 76561198122631918)(<13294.268555, 71.642944, 12123.586914>) quick accessed a lock!
[09:30:35] Player (Bl0ndeAmbiti0n, 76561198122631918)(<13309.600586, 71.606522, 12122.875977>) quick accessed a lock!
[09:30:40] Player (Bl0ndeAmbiti0n, 76561198122631918)(<13310.335938, 70.417130, 12134.630859>) quick accessed a lock!
[09:30:49] Player (Bl0ndeAmbiti0n, 76561198122631918)(<13295.027344, 73.997688, 12145.855469>) quick accessed a lock!
[09:30:55] Player (Bl0ndeAmbiti0n, 76561198122631918)(<13294.842773, 77.475983, 12135.493164>) quick accessed a lock!
[09:31:36] Player (Bl0ndeAmbiti0n, 76561198122631918)(<13298.706055, 77.503891, 12134.142578>) accessed a lock!
[09:31:36] Player (Bl0ndeAmbiti0n, 76561198122631918)(<13298.706055, 77.503891, 12134.142578>) was added as a guest of a lock!
[09:32:50] Player (Bl0ndeAmbiti0n, 76561198122631918)(<13301.255859, 70.431358, 12140.725586>) quick accessed a lock!
[09:35:00] Player (Bl0ndeAmbiti0n, 76561198122631918)(<13310.335938, 70.417130, 12134.630859>) quick accessed a lock!
[09:35:06] Player (Bl0ndeAmbiti0n, 76561198122631918)(<13309.600586, 71.606522, 12122.875977>) quick accessed a lock!
[09:35:17] Player (Bl0ndeAmbiti0n, 76561198122631918)(<13297.397461, 70.372047, 12125.258789>) quick accessed a lock!
[09:35:52] Player (Bl0ndeAmbiti0n, 76561198122631918)(<13294.268555, 71.642944, 12123.586914>) quick accessed a lock!
[09:35:57] Player (Bl0ndeAmbiti0n, 76561198122631918)(<13286.397461, 71.661919, 12118.354492>) quick accessed a lock!
[09:36:02] Player (Bl0ndeAmbiti0n, 76561198122631918)(<13286.351563, 71.661919, 12113.443359>) quick accessed a lock!
[09:36:09] Player (Bl0ndeAmbiti0n, 76561198122631918)(<13297.656250, 68.591614, 12100.872070>) quick accessed a lock!
[09:46:17] Player (Bl0ndeAmbiti0n, 76561198122631918)(<13297.656250, 68.591614, 12100.872070>) quick accessed a lock!
[09:53:30] Player (Bl0ndeAmbiti0n, 76561198122631918)(<13286.351563, 71.661919, 12113.443359>) quick accessed a lock!
[09:53:36] Player (Bl0ndeAmbiti0n, 76561198122631918)(<13286.397461, 71.661919, 12118.354492>) quick accessed a lock!
[09:53:43] Player (Bl0ndeAmbiti0n, 76561198122631918)(<13294.268555, 71.642944, 12123.586914>) quick accessed a lock!
[09:53:51] Player (Bl0ndeAmbiti0n, 76561198122631918)(<13309.600586, 71.606522, 12122.875977>) quick accessed a lock!
[09:53:56] Player (Bl0ndeAmbiti0n, 76561198122631918)(<13310.335938, 70.417130, 12134.630859>) quick accessed a lock!
[09:54:05] Player (Bl0ndeAmbiti0n, 76561198122631918)(<13301.255859, 70.431358, 12140.725586>) quick accessed a lock!
[09:54:25] Player (kiaser, 76561198930183577)(<316.012482, 287.512939, 8564.675781>) quick accessed a lock!
[09:54:31] Player (kiaser, 76561198930183577)(<316.891998, 288.725098, 8562.648438>) quick accessed a lock!
[09:55:42] Player (kiaser, 76561198930183577)(<317.875702, 288.725098, 8562.196289>) quick accessed a lock!
[09:56:19] Player (Survivor, 76561198051150159)(<6592.781738, 76.189247, 3555.786377>) quick accessed a lock!
[09:56:27] Player (Survivor, 76561198051150159)(<6592.722168, 79.589279, 3555.801758>) quick accessed a lock!
[09:56:37] Player (Survivor, 76561198051150159)(<6592.718750, 86.389275, 3555.791016>) quick accessed a lock!
[09:56:42] Player (Survivor, 76561198051150159)(<6592.813965, 89.789230, 3555.799316>) quick accessed a lock!
[09:56:48] Player ([Habeek] Kush, 76561198240898404)(<6592.781738, 76.189247, 3555.786377>) quick accessed a lock!
[09:56:48] Player (Survivor, 76561198051150159)(<6592.699707, 93.189285, 3555.813232>) quick accessed a lock!
[09:57:15] Player (Survivor, 76561198051150159)(<6592.813477, 96.589233, 3555.797852>) quick accessed a lock!
[09:59:44] Player (kiaser, 76561198930183577)(<316.012482, 287.512939, 8564.675781>) quick accessed a lock!
[10-25-2021][10.02.40] Log file reloaded ( Server Restart )
[10:04:49] Player (kiaser, 76561198930183577)(<316.891998, 288.725098, 8562.648438>) quick accessed a lock!
[10:04:52] Player (kiaser, 76561198930183577)(<316.012482, 287.512939, 8564.675781>) quick accessed a lock!
[10:04:53] Player (kiaser, 76561198930183577)(<316.012482, 287.512939, 8564.675781>) quick accessed a lock!
[10:05:40] Player (kiaser, 76561198930183577)(<317.875702, 288.725098, 8562.196289>) quick accessed a lock!
[10:05:49] Player (kiaser, 76561198930183577)(<318.833740, 287.513000, 8562.637695>) quick accessed a lock!
[10:07:37] Player (kiaser, 76561198930183577)(<316.891998, 288.725098, 8562.648438>) quick accessed a lock!
[10:09:10] Player (kiaser, 76561198930183577)(<317.875702, 288.725098, 8562.196289>) quick accessed a lock!
[10:09:12] Player (kiaser, 76561198930183577)(<316.891998, 288.725098, 8562.648438>) quick accessed a lock!
[10:09:21] Player (kiaser, 76561198930183577)(<316.012482, 287.512939, 8564.675781>) quick accessed a lock!
[10:10:15] Player (kiaser, 76561198930183577)(<318.052795, 287.501495, 8560.459961>) quick accessed a lock!
[10:10:30] Player (kiaser, 76561198930183577)(<317.750000, 287.503204, 8561.343750>) quick accessed a lock!
[10:14:23] Player (Wraith, 76561198353469233)(<4890.867676, 311.283875, 5870.435059>) quick accessed a lock!
[10:14:28] Player (Wraith, 76561198353469233)(<4897.096191, 311.878235, 5870.492676>) quick accessed a lock!
[10:14:39] Player (Wraith, 76561198353469233)(<4889.045410, 308.394684, 5866.184082>) quick accessed a lock!
[10:14:45] Player (Wraith, 76561198353469233)(<4889.638184, 307.182556, 5863.937988>) quick accessed a lock!
[10:15:29] Player (kiaser, 76561198930183577)(<316.012482, 287.512939, 8564.675781>) quick accessed a lock!
[10:15:33] Player (kiaser, 76561198930183577)(<317.875702, 288.725098, 8562.196289>) quick accessed a lock!
[10:15:39] Player (kiaser, 76561198930183577)(<318.833740, 287.513000, 8562.637695>) quick accessed a lock!
[10:16:00] Player (kiaser, 76561198930183577)(<316.891998, 288.725098, 8562.648438>) quick accessed a lock!
[10:16:05] Player (kiaser, 76561198930183577)(<316.012482, 287.512939, 8564.675781>) quick accessed a lock!
[10:16:06] Player (kiaser, 76561198930183577)(<316.012482, 287.512939, 8564.675781>) quick accessed a lock!
[10:16:11] Player (kiaser, 76561198930183577)(<316.891998, 288.725098, 8562.648438>) quick accessed a lock!
[10:22:27] Player (Stone, 76561198028728309)(<9450.969727, 213.058304, 14408.000977>) quick accessed a lock!
[10:24:34] Player (Stone, 76561198028728309)(<9450.969727, 213.058304, 14408.000977>) quick accessed a lock!
[10:26:33] Player (kiaser, 76561198930183577)(<317.875702, 288.725098, 8562.196289>) quick accessed a lock!
[10:26:35] Player (kiaser, 76561198930183577)(<318.833740, 287.513000, 8562.637695>) quick accessed a lock!
[10-25-2021][10.28.25] Log file reloaded ( Server Restart )
[10:34:36] Player (kiaser, 76561198930183577)(<316.012482, 287.512939, 8564.675781>) quick accessed a lock!
[10:34:41] Player (kiaser, 76561198930183577)(<316.891998, 288.725098, 8562.648438>) quick accessed a lock!
[10:34:47] Player (kiaser, 76561198930183577)(<317.875702, 288.725098, 8562.196289>) quick accessed a lock!
[10:34:51] Player (kiaser, 76561198930183577)(<318.833740, 287.513000, 8562.637695>) quick accessed a lock!
[10:35:32] Player (Raven, 76561199156615211)(<318.833740, 287.513000, 8562.637695>) quick accessed a lock!
[10:35:35] Player (Raven, 76561199156615211)(<316.012482, 287.512939, 8564.675781>) quick accessed a lock!
[10:40:55] Player (Zack, 76561198046475450)(<6365.046387, 324.233032, 14124.899414>) quick accessed a lock!
[10:41:28] Player ([Habeek] Kush, 76561198240898404)(<6592.813477, 96.589233, 3555.797852>) quick accessed a lock!
[10:43:57] Player (Zack, 76561198046475450)(<6370.734863, 323.628601, 14127.785156>) quick accessed a lock!
[10:44:51] Player (Zack, 76561198046475450)(<6370.734863, 323.628601, 14127.785156>) quick accessed a lock!
[10:45:25] Player (Zack, 76561198046475450)(<6370.734863, 323.628601, 14127.785156>) quick accessed a lock!
[10:46:21] Player (Zack, 76561198046475450)(<6365.046387, 324.233032, 14124.899414>) quick accessed a lock!
[10:48:30] Player (Zack, 76561198046475450)(<6365.046387, 324.233032, 14124.899414>) quick accessed a lock!
[10:49:13] Player (kiaser, 76561198930183577)(<317.875702, 288.725098, 8562.196289>) quick accessed a lock!
[10:49:14] Player (kiaser, 76561198930183577)(<318.833740, 287.513000, 8562.637695>) quick accessed a lock!
[10:49:21] Player (Zack, 76561198046475450)(<6365.046387, 324.233032, 14124.899414>) quick accessed a lock!
[10:49:32] Player (kiaser, 76561198930183577)(<317.875702, 288.725098, 8562.196289>) quick accessed a lock!
[10:50:24] Player (Zack, 76561198046475450)(<6365.046387, 324.233032, 14124.899414>) quick accessed a lock!
[10:53:45] Player (kiaser, 76561198930183577)(<316.891998, 288.725098, 8562.648438>) quick accessed a lock!
[10:53:49] Player (kiaser, 76561198930183577)(<318.833740, 287.513000, 8562.637695>) quick accessed a lock!
[10:54:11] Player (kiaser, 76561198930183577)(<318.833740, 287.513000, 8562.637695>) quick accessed a lock!
[10:55:25] Player (kiaser, 76561198930183577)(<318.833740, 287.513000, 8562.637695>) quick accessed a lock!
[10:55:52] Player (kiaser, 76561198930183577)(<318.833740, 287.513000, 8562.637695>) quick accessed a lock!
[11:02:51] Player (Zack, 76561198046475450)(<6365.046387, 324.233032, 14124.899414>) quick accessed a lock!
[11:05:01] Player (Raven, 76561199156615211)(<318.052795, 287.501495, 8560.459961>) quick accessed a lock!
[11:05:24] Player (Zack, 76561198046475450)(<6372.607422, 323.979401, 14130.438477>) quick accessed a lock!
[11:08:35] Player ([Habeek] Kush, 76561198240898404)(<6596.198730, 96.587578, 3549.617432>) quick accessed a lock!
[11:11:28] Player (kiaser, 76561198930183577)(<317.875702, 288.725098, 8562.196289>) quick accessed a lock!
[11:11:29] Player (kiaser, 76561198930183577)(<318.833740, 287.513000, 8562.637695>) quick accessed a lock!
[11:11:51] Player (Zack, 76561198046475450)(<6370.734863, 323.628601, 14127.785156>) quick accessed a lock!
[11:12:19] Player (Raven, 76561199156615211)(<317.875702, 288.725098, 8562.196289>) quick accessed a lock!
[11:13:34] Player (Zack, 76561198046475450)(<6365.046387, 324.233032, 14124.899414>) quick accessed a lock!
[11:15:44] Player (kiaser, 76561198930183577)(<316.012482, 287.512939, 8564.675781>) quick accessed a lock!
[11:17:43] Player ([Habeek] Kush, 76561198240898404)(<6592.813477, 96.589233, 3555.797852>) quick accessed a lock!
[11:17:54] Player ([Habeek] Kush, 76561198240898404)(<6592.813965, 89.789230, 3555.799316>) quick accessed a lock!
[11:18:00] Player ([Habeek] Kush, 76561198240898404)(<6592.718750, 86.389275, 3555.791016>) quick accessed a lock!
[11:18:10] Player ([Habeek] Kush, 76561198240898404)(<6592.722168, 79.589279, 3555.801758>) quick accessed a lock!
[11:18:17] Player ([Habeek] Kush, 76561198240898404)(<6592.781738, 76.189247, 3555.786377>) quick accessed a lock!
[11:20:58] Player ([Habeek] Kush, 76561198240898404)(<6592.781738, 76.189247, 3555.786377>) quick accessed a lock!
[11:21:04] Player ([Habeek] Kush, 76561198240898404)(<6592.722168, 79.589279, 3555.801758>) quick accessed a lock!
[11:21:12] Player ([Habeek] Kush, 76561198240898404)(<6592.718750, 86.389275, 3555.791016>) quick accessed a lock!
[11:21:23] Player ([Habeek] Kush, 76561198240898404)(<6592.813965, 89.789230, 3555.799316>) quick accessed a lock!
[11:21:31] Player ([Habeek] Kush, 76561198240898404)(<6592.699707, 93.189285, 3555.813232>) quick accessed a lock!
[11:21:39] Player ([Habeek] Kush, 76561198240898404)(<6592.813477, 96.589233, 3555.797852>) quick accessed a lock!
[11:23:37] Player ([Habeek] Kush, 76561198240898404)(<6592.813477, 96.589233, 3555.797852>) quick accessed a lock!
[11:23:41] Player ([Habeek] Kush, 76561198240898404)(<6592.699707, 93.189285, 3555.813232>) quick accessed a lock!
[11:23:45] Player ([Habeek] Kush, 76561198240898404)(<6592.813965, 89.789230, 3555.799316>) quick accessed a lock!
[11:23:50] Player ([Habeek] Kush, 76561198240898404)(<6592.718750, 86.389275, 3555.791016>) quick accessed a lock!
[11:23:58] Player ([Habeek] Kush, 76561198240898404)(<6592.722168, 79.589279, 3555.801758>) quick accessed a lock!
[11:24:02] Player ([Habeek] Kush, 76561198240898404)(<6592.781738, 76.189247, 3555.786377>) quick accessed a lock!
[11:26:05] Player ([Habeek] Kush, 76561198240898404)(<6592.781738, 76.189247, 3555.786377>) quick accessed a lock!
[11:27:39] Player (Raven, 76561199156615211)(<317.875702, 288.725098, 8562.196289>) quick accessed a lock!
[11:27:40] Player (Raven, 76561199156615211)(<318.833740, 287.513000, 8562.637695>) quick accessed a lock!
[11:28:19] Player (kiaser, 76561198930183577)(<318.833740, 287.513000, 8562.637695>) quick accessed a lock!
[11:28:20] Player (kiaser, 76561198930183577)(<317.875702, 288.725098, 8562.196289>) quick accessed a lock!
[11:28:22] Player (kiaser, 76561198930183577)(<316.891998, 288.725098, 8562.648438>) quick accessed a lock!
[11:28:26] Player (kiaser, 76561198930183577)(<316.012482, 287.512939, 8564.675781>) quick accessed a lock!
[11:31:41] Player (kiaser, 76561198930183577)(<318.833740, 287.513000, 8562.637695>) quick accessed a lock!
[11:31:42] Player (kiaser, 76561198930183577)(<317.875702, 288.725098, 8562.196289>) quick accessed a lock!
[11:31:43] Player (kiaser, 76561198930183577)(<316.891998, 288.725098, 8562.648438>) quick accessed a lock!
[11:31:47] Player (kiaser, 76561198930183577)(<316.012482, 287.512939, 8564.675781>) quick accessed a lock!
[11:32:34] Player (Raven, 76561199156615211)(<318.833740, 287.513000, 8562.637695>) quick accessed a lock!
[11:35:01] Player ([Habeek] Kush, 76561198240898404)(<6592.813477, 96.589233, 3555.797852>) quick accessed a lock!
[11:36:13] Player ([Habeek] Kush, 76561198240898404)(<6592.813477, 96.589233, 3555.797852>) quick accessed a lock!
[11:36:33] Player ([Habeek] Kush, 76561198240898404)(<6592.813477, 96.589233, 3555.797852>) quick accessed a lock!
[11:36:40] Player ([Habeek] Kush, 76561198240898404)(<6592.813477, 96.589233, 3555.797852>) quick accessed a lock!
[11:37:31] Player ([Habeek] Kush, 76561198240898404)(<6592.813477, 96.589233, 3555.797852>) quick accessed a lock!
[11:37:46] Player ([Habeek] Kush, 76561198240898404)(<6592.813477, 96.589233, 3555.797852>) quick accessed a lock!
[11:38:54] Player ([Habeek] Kush, 76561198240898404)(<6592.813965, 89.789230, 3555.799316>) quick accessed a lock!
[11:42:37] Player ([Habeek] Kush, 76561198240898404)(<6592.813477, 96.589233, 3555.797852>) quick accessed a lock!
[11:43:50] Player ([Habeek] Kush, 76561198240898404)(<6592.813477, 96.589233, 3555.797852>) quick accessed a lock!
[11:44:48] Player ([Habeek] Kush, 76561198240898404)(<6592.813965, 89.789230, 3555.799316>) quick accessed a lock!
[11:50:11] Player ([Habeek] Kush, 76561198240898404)(<6592.813477, 96.589233, 3555.797852>) quick accessed a lock!
[11:51:47] Player ([Habeek] Kush, 76561198240898404)(<6592.813965, 89.789230, 3555.799316>) quick accessed a lock!
[11:51:51] Player ([Habeek] Kush, 76561198240898404)(<6592.718750, 86.389275, 3555.791016>) quick accessed a lock!
[11:52:28] Player (DarthErrina, 76561199134542915)(<3575.855957, 24.798967, 2172.560791>) quick accessed a lock!
[11:54:37] Player (DarthErrina, 76561199134542915)(<3583.153076, 25.985949, 2180.239502>) accessed a lock!
[11:54:37] Player (DarthErrina, 76561199134542915)(<3583.153076, 25.985949, 2180.239502>) was added as a guest of a lock!
[11:54:46] Player (DarthErrina, 76561199134542915)(<3585.198730, 26.149658, 2180.091064>) quick accessed a lock!
[11:55:17] Player (DarthErrina, 76561199134542915)(<3587.005859, 19.823298, 2173.483398>) quick accessed a lock!
[11:55:22] Player (DarthErrina, 76561199134542915)(<3584.351807, 19.823298, 2170.047607>) quick accessed a lock!
[11:55:27] Player (DarthErrina, 76561199134542915)(<3584.351807, 19.823298, 2170.047607>) quick accessed a lock!
[11:56:00] Player (DarthErrina, 76561199134542915)(<3582.869141, 18.611160, 2170.283691>) accessed a lock!
[11:56:00] Player (DarthErrina, 76561199134542915)(<3582.869141, 18.611160, 2170.283691>) was added as a guest of a lock!
[11:56:06] Player (DarthErrina, 76561199134542915)(<3586.593018, 19.548012, 2172.483887>) quick accessed a lock!
[11:56:11] Player (DarthErrina, 76561199134542915)(<3586.404785, 19.405226, 2175.618652>) quick accessed a lock!
[11:56:17] Player (DarthErrina, 76561199134542915)(<3585.058350, 16.147451, 2178.621094>) quick accessed a lock!
[11:57:22] Player (DarthErrina, 76561199134542915)(<3582.869141, 18.611160, 2170.283691>) quick accessed a lock!
[11:57:28] Player (DarthErrina, 76561199134542915)(<3584.351807, 19.823298, 2170.047607>) quick accessed a lock!
[11:57:36] Player (DarthErrina, 76561199134542915)(<3587.005859, 19.823298, 2173.483398>) quick accessed a lock!
[11:57:54] Player (DarthErrina, 76561199134542915)(<3585.198730, 26.149658, 2180.091064>) quick accessed a lock!
[11:58:03] Player (DarthErrina, 76561199134542915)(<3583.153076, 25.985949, 2180.239502>) quick accessed a lock!
[11:58:18] Player (DarthErrina, 76561199134542915)(<3575.855957, 24.798967, 2172.560791>) quick accessed a lock!
[11:59:36] Player (DarthErrina, 76561199134542915)(<3574.123047, 24.867165, 2170.980957>) quick accessed a lock!
[11:59:49] Player (kiaser, 76561198930183577)(<318.833740, 287.513000, 8562.637695>) quick accessed a lock!
[11:59:54] Player (kiaser, 76561198930183577)(<317.875702, 288.725098, 8562.196289>) quick accessed a lock!
[12:00:05] Player (kiaser, 76561198930183577)(<316.012482, 287.512939, 8564.675781>) quick accessed a lock!
[12:00:07] Player (Bl0ndeAmbiti0n, 76561198122631918)(<13301.255859, 70.431358, 12140.725586>) quick accessed a lock!
[12:00:14] Player (Bl0ndeAmbiti0n, 76561198122631918)(<13310.335938, 70.417130, 12134.630859>) quick accessed a lock!
[12:00:20] Player (Bl0ndeAmbiti0n, 76561198122631918)(<13309.600586, 71.606522, 12122.875977>) quick accessed a lock!
[12:01:11] Player (kiaser, 76561198930183577)(<318.833740, 287.513000, 8562.637695>) quick accessed a lock!
[12:01:16] Player (kiaser, 76561198930183577)(<316.012482, 287.512939, 8564.675781>) quick accessed a lock!
[12:01:21] Player (Bl0ndeAmbiti0n, 76561198122631918)(<13294.268555, 71.642944, 12123.586914>) quick accessed a lock!
[12:01:26] Player (kiaser, 76561198930183577)(<318.833740, 287.513000, 8562.637695>) quick accessed a lock!
[12:01:27] Player (Bl0ndeAmbiti0n, 76561198122631918)(<13286.397461, 71.661919, 12118.354492>) quick accessed a lock!
[12:01:32] Player (Bl0ndeAmbiti0n, 76561198122631918)(<13286.351563, 71.661919, 12113.443359>) quick accessed a lock!
[12:01:39] Player (DarthErrina, 76561199134542915)(<3574.123047, 24.867165, 2170.980957>) quick accessed a lock!
[12:01:50] Player (Bl0ndeAmbiti0n, 76561198122631918)(<13297.656250, 68.591614, 12100.872070>) quick accessed a lock!
[12:03:16] Player (DarthErrina, 76561199134542915)(<3574.123047, 24.867165, 2170.980957>) quick accessed a lock!
[12:04:23] Player (kiaser, 76561198930183577)(<318.833740, 287.513000, 8562.637695>) quick accessed a lock!
[12:04:27] Player (kiaser, 76561198930183577)(<316.012482, 287.512939, 8564.675781>) quick accessed a lock!
[12:04:43] Player (Bl0ndeAmbiti0n, 76561198122631918)(<13297.656250, 68.591614, 12100.872070>) quick accessed a lock!
[12:04:48] Player (kiaser, 76561198930183577)(<318.833740, 287.513000, 8562.637695>) quick accessed a lock!
[12:05:12] Player (Bl0ndeAmbiti0n, 76561198122631918)(<13286.351563, 71.661919, 12113.443359>) quick accessed a lock!
[12:05:23] Player (DarthErrina, 76561199134542915)(<3574.123047, 24.867165, 2170.980957>) quick accessed a lock!
[12:05:53] Player (Bl0ndeAmbiti0n, 76561198122631918)(<13286.397461, 71.661919, 12118.354492>) quick accessed a lock!
[12:06:02] Player (Bl0ndeAmbiti0n, 76561198122631918)(<13294.268555, 71.642944, 12123.586914>) quick accessed a lock!
[12:06:09] Player (Bl0ndeAmbiti0n, 76561198122631918)(<13309.600586, 71.606522, 12122.875977>) quick accessed a lock!
[12:06:14] Player (Bl0ndeAmbiti0n, 76561198122631918)(<13310.335938, 70.417130, 12134.630859>) quick accessed a lock!
[12:06:24] Player (Bl0ndeAmbiti0n, 76561198122631918)(<13301.255859, 70.431358, 12140.725586>) quick accessed a lock!
[12:08:16] Player (DarthErrina, 76561199134542915)(<3574.123047, 24.867165, 2170.980957>) quick accessed a lock!
[12:09:22] Player (Bl0ndeAmbiti0n, 76561198122631918)(<13299.415039, 70.499588, 12140.219727>) quick accessed a lock!
[12:10:34] Player (Bl0ndeAmbiti0n, 76561198122631918)(<13299.415039, 70.499588, 12140.219727>) quick accessed a lock!
[12:11:10] Player (DarthErrina, 76561199134542915)(<3575.855957, 24.798967, 2172.560791>) quick accessed a lock!
[12:11:25] Player (Bl0ndeAmbiti0n, 76561198122631918)(<13299.415039, 70.499588, 12140.219727>) quick accessed a lock!
[12:11:26] Player (Raven, 76561199156615211)(<318.833740, 287.513000, 8562.637695>) quick accessed a lock!
[12:11:45] Player (Bl0ndeAmbiti0n, 76561198122631918)(<13299.415039, 70.499588, 12140.219727>) quick accessed a lock!
[12:15:45] Player (Bl0ndeAmbiti0n, 76561198122631918)(<13295.027344, 73.997688, 12145.855469>) quick accessed a lock!
[12:15:50] Player (Bl0ndeAmbiti0n, 76561198122631918)(<13294.842773, 77.475983, 12135.493164>) quick accessed a lock!
[12:16:24] Player (Raven, 76561199156615211)(<317.750000, 287.503204, 8561.343750>) quick accessed a lock!
[12:16:35] Player (Raven, 76561199156615211)(<318.052795, 287.501495, 8560.459961>) quick accessed a lock!
[12:16:48] Player (Bl0ndeAmbiti0n, 76561198122631918)(<13298.706055, 77.503891, 12134.142578>) quick accessed a lock!
[12:18:13] Player (Bl0ndeAmbiti0n, 76561198122631918)(<13295.027344, 73.997688, 12145.855469>) quick accessed a lock!
[12:18:17] Player (Raven, 76561199156615211)(<316.891998, 288.725098, 8562.648438>) quick accessed a lock!
[12:18:22] Player (Bl0ndeAmbiti0n, 76561198122631918)(<13301.255859, 70.431358, 12140.725586>) quick accessed a lock!
[12:18:25] Player (Bl0ndeAmbiti0n, 76561198122631918)(<13299.415039, 70.499588, 12140.219727>) quick accessed a lock!
[10-25-2021][12.20.13] Log file reloaded ( Server Restart )
[12:23:38] Player (Raven, 76561199156615211)(<317.875702, 288.725098, 8562.196289>) quick accessed a lock!
[12:23:40] Player (Raven, 76561199156615211)(<316.891998, 288.725098, 8562.648438>) quick accessed a lock!
[12:23:46] Player (Raven, 76561199156615211)(<316.012482, 287.512939, 8564.675781>) quick accessed a lock!
[12:23:47] Player (Raven, 76561199156615211)(<316.012482, 287.512939, 8564.675781>) quick accessed a lock!
[12:25:19] Player (Raven, 76561199156615211)(<318.833740, 287.513000, 8562.637695>) quick accessed a lock!
[12:37:58] Player (Bl0ndeAmbiti0n, 76561198122631918)(<13301.255859, 70.431358, 12140.725586>) quick accessed a lock!
[12:38:03] Player (Bl0ndeAmbiti0n, 76561198122631918)(<13310.335938, 70.417130, 12134.630859>) quick accessed a lock!
[12:38:08] Player (Bl0ndeAmbiti0n, 76561198122631918)(<13309.600586, 71.606522, 12122.875977>) quick accessed a lock!
[12:38:21] Player (kiaser, 76561198930183577)(<318.833740, 287.513000, 8562.637695>) quick accessed a lock!
[12:38:27] Player (kiaser, 76561198930183577)(<317.875702, 288.725098, 8562.196289>) quick accessed a lock!
[12:41:28] Player (StephenIV, 76561198326862263)(<9673.875000, 303.978271, 8872.266602>) quick accessed a lock!
[12:41:36] Player (Bl0ndeAmbiti0n, 76561198122631918)(<13309.600586, 71.606522, 12122.875977>) quick accessed a lock!
[12:41:41] Player (Bl0ndeAmbiti0n, 76561198122631918)(<13310.335938, 70.417130, 12134.630859>) quick accessed a lock!
[12:41:47] Player (Bl0ndeAmbiti0n, 76561198122631918)(<13295.027344, 73.997688, 12145.855469>) quick accessed a lock!
[12:41:52] Player (Bl0ndeAmbiti0n, 76561198122631918)(<13294.842773, 77.475983, 12135.493164>) quick accessed a lock!
[12:41:52] Player (StephenIV, 76561198326862263)(<9673.875000, 303.978271, 8872.266602>) quick accessed a lock!
[12:41:56] Player (StephenIV, 76561198326862263)(<9673.875000, 303.978271, 8872.266602>) quick accessed a lock!
[12:42:27] Player (StephenIV, 76561198326862263)(<9673.875000, 303.978271, 8872.266602>) quick accessed a lock!
[12:42:29] Player (Bl0ndeAmbiti0n, 76561198122631918)(<13301.255859, 70.431358, 12140.725586>) quick accessed a lock!
[12:43:05] Player (StephenIV, 76561198326862263)(<9673.875000, 303.978271, 8872.266602>) quick accessed a lock!
[12:44:05] Player (Bl0ndeAmbiti0n, 76561198122631918)(<13309.600586, 71.606522, 12122.875977>) quick accessed a lock!
[12:44:11] Player (Bl0ndeAmbiti0n, 76561198122631918)(<13294.268555, 71.642944, 12123.586914>) quick accessed a lock!
[12:44:16] Player (Bl0ndeAmbiti0n, 76561198122631918)(<13286.397461, 71.661919, 12118.354492>) quick accessed a lock!
[12:44:22] Player (Bl0ndeAmbiti0n, 76561198122631918)(<13286.351563, 71.661919, 12113.443359>) quick accessed a lock!
[12:44:30] Player (Bl0ndeAmbiti0n, 76561198122631918)(<13297.656250, 68.591614, 12100.872070>) quick accessed a lock!
[12:45:03] Player (StephenIV, 76561198326862263)(<9673.875000, 303.978271, 8872.266602>) quick accessed a lock!
[12:45:18] Player (StephenIV, 76561198326862263)(<9673.875000, 303.978271, 8872.266602>) quick accessed a lock!
[12:46:07] Player (StephenIV, 76561198326862263)(<9673.875000, 303.978271, 8872.266602>) quick accessed a lock!
[12:46:15] Player (StephenIV, 76561198326862263)(<9673.875000, 303.978271, 8872.266602>) quick accessed a lock!
[12:46:39] Player (StephenIV, 76561198326862263)(<9673.875000, 303.978271, 8872.266602>) quick accessed a lock!
[12:46:59] Player (StephenIV, 76561198326862263)(<9673.875000, 303.978271, 8872.266602>) quick accessed a lock!
[12:48:51] Player (kiaser, 76561198930183577)(<318.833740, 287.513000, 8562.637695>) quick accessed a lock!
[12:48:55] Player (kiaser, 76561198930183577)(<316.012482, 287.512939, 8564.675781>) quick accessed a lock!
[12:49:17] Player (Raven, 76561199156615211)(<316.012482, 287.512939, 8564.675781>) quick accessed a lock!
[12:49:54] Player (StephenIV, 76561198326862263)(<9673.875000, 303.978271, 8872.266602>) quick accessed a lock!
[12:50:24] Player (StephenIV, 76561198326862263)(<9673.875000, 303.978271, 8872.266602>) quick accessed a lock!
[12:52:05] Player (StephenIV, 76561198326862263)(<9665.433594, 300.725739, 8863.210938>) quick accessed a lock!
[12:52:32] Player (StephenIV, 76561198326862263)(<9673.875000, 303.978271, 8872.266602>) quick accessed a lock!
[12:52:49] Player (StephenIV, 76561198326862263)(<9673.875000, 303.978271, 8872.266602>) quick accessed a lock!
[12:52:57] Player (StephenIV, 76561198326862263)(<9665.433594, 300.725739, 8863.210938>) quick accessed a lock!
[12:54:59] Player (StephenIV, 76561198326862263)(<9665.433594, 300.725739, 8863.210938>) quick accessed a lock!
[12:56:30] Player (StephenIV, 76561198326862263)(<9673.875000, 303.978271, 8872.266602>) quick accessed a lock!
[12:57:25] Player (StephenIV, 76561198326862263)(<9673.875000, 303.978271, 8872.266602>) quick accessed a lock!
[12:57:51] Player (StephenIV, 76561198326862263)(<9673.875000, 303.978271, 8872.266602>) quick accessed a lock!
[12:58:23] Player (StephenIV, 76561198326862263)(<9673.875000, 303.978271, 8872.266602>) quick accessed a lock!
[12:58:58] Player (StephenIV, 76561198326862263)(<9673.875000, 303.978271, 8872.266602>) quick accessed a lock!
[12:59:01] Player ([Habeek] Kush, 76561198240898404)(<6592.813477, 96.589233, 3555.797852>) quick accessed a lock!
[12:59:12] Player ([Habeek] Kush, 76561198240898404)(<6592.813965, 89.789230, 3555.799316>) quick accessed a lock!
[12:59:17] Player ([Habeek] Kush, 76561198240898404)(<6592.718750, 86.389275, 3555.791016>) quick accessed a lock!
[12:59:29] Player (StephenIV, 76561198326862263)(<9673.875000, 303.978271, 8872.266602>) quick accessed a lock!
[12:59:30] Player ([Habeek] Kush, 76561198240898404)(<6592.722168, 79.589279, 3555.801758>) quick accessed a lock!
[12:59:35] Player ([Habeek] Kush, 76561198240898404)(<6592.781738, 76.189247, 3555.786377>) quick accessed a lock!
[13:00:29] Player (StephenIV, 76561198326862263)(<9665.433594, 300.725739, 8863.210938>) quick accessed a lock!
[13:02:30] Player (Stone, 76561198028728309)(<9437.194336, 213.064224, 14401.942383>) quick accessed a lock!
[13:03:07] Player (StephenIV, 76561198326862263)(<9665.433594, 300.725739, 8863.210938>) quick accessed a lock!
[13:03:33] Player (StephenIV, 76561198326862263)(<9673.875000, 303.978271, 8872.266602>) quick accessed a lock!
[13:04:05] Player (StephenIV, 76561198326862263)(<9673.875000, 303.978271, 8872.266602>) quick accessed a lock!
[13:04:54] Player (StephenIV, 76561198326862263)(<9673.875000, 303.978271, 8872.266602>) quick accessed a lock!
[13:05:30] Player (StephenIV, 76561198326862263)(<9673.875000, 303.978271, 8872.266602>) quick accessed a lock!
[13:06:40] Player (Raven, 76561199156615211)(<317.875702, 288.725098, 8562.196289>) quick accessed a lock!
[13:06:42] Player (Raven, 76561199156615211)(<318.833740, 287.513000, 8562.637695>) quick accessed a lock!
[13:07:47] Player (StephenIV, 76561198326862263)(<9667.383789, 300.725739, 8867.252930>) set a new passcode on lock!
[13:07:47] Player (StephenIV, 76561198326862263)(<9667.383789, 300.725739, 8867.252930>) claimed ownership of a lock!
[13:07:48] Player (StephenIV, 76561198326862263)(<9667.383789, 300.725739, 8867.252930>) quick accessed a lock!
[13:07:49] Player (kiaser, 76561198930183577)(<318.833740, 287.513000, 8562.637695>) quick accessed a lock!
[13:07:50] Player (kiaser, 76561198930183577)(<317.875702, 288.725098, 8562.196289>) quick accessed a lock!
[13:07:52] Player (kiaser, 76561198930183577)(<316.891998, 288.725098, 8562.648438>) quick accessed a lock!
[13:07:55] Player (kiaser, 76561198930183577)(<316.012482, 287.512939, 8564.675781>) quick accessed a lock!
[13:07:58] Player (StephenIV, 76561198326862263)(<9673.875000, 303.978271, 8872.266602>) quick accessed a lock!
[13:08:47] Player (StephenIV, 76561198326862263)(<9673.875000, 303.978271, 8872.266602>) quick accessed a lock!
[13:08:49] Player (kiaser, 76561198930183577)(<318.833740, 287.513000, 8562.637695>) quick accessed a lock!
[13:09:11] Player (Stone, 76561198028728309)(<9450.969727, 213.058304, 14408.000977>) quick accessed a lock!
[13:09:54] Player (StephenIV, 76561198326862263)(<9673.875000, 303.978271, 8872.266602>) quick accessed a lock!
[13:10:01] Player (StephenIV, 76561198326862263)(<9673.875000, 303.978271, 8872.266602>) quick accessed a lock!
[13:10:15] Player (StephenIV, 76561198326862263)(<9673.875000, 303.978271, 8872.266602>) quick accessed a lock!
[13:10:22] Player (StephenIV, 76561198326862263)(<9673.875000, 303.978271, 8872.266602>) quick accessed a lock!
[13:10:47] Player (StephenIV, 76561198326862263)(<9667.383789, 300.725739, 8867.252930>) quick accessed a lock!
[13:10:56] Player (StephenIV, 76561198326862263)(<9673.875000, 303.978271, 8872.266602>) quick accessed a lock!
[13:11:29] Player (StephenIV, 76561198326862263)(<9673.875000, 303.978271, 8872.266602>) quick accessed a lock!
[13:12:29] Player (Raven, 76561199156615211)(<318.833740, 287.513000, 8562.637695>) quick accessed a lock!
[13:16:27] Player (Stone, 76561198028728309)(<9450.969727, 213.058304, 14408.000977>) quick accessed a lock!
[13:26:09] Player (Stone, 76561198028728309)(<9450.969727, 213.058304, 14408.000977>) quick accessed a lock!
[13:27:17] Player (Stone, 76561198028728309)(<9447.720703, 211.848923, 14401.230469>) quick accessed a lock!
[13:27:45] Player (Bl0ndeAmbiti0n, 76561198122631918)(<13297.656250, 68.591614, 12100.872070>) quick accessed a lock!
[13:27:55] Player (Bl0ndeAmbiti0n, 76561198122631918)(<13286.351563, 71.661919, 12113.443359>) quick accessed a lock!
[13:28:00] Player (Bl0ndeAmbiti0n, 76561198122631918)(<13286.397461, 71.661919, 12118.354492>) quick accessed a lock!
[13:28:05] Player (Bl0ndeAmbiti0n, 76561198122631918)(<13294.268555, 71.642944, 12123.586914>) quick accessed a lock!
[13:28:16] Player (Bl0ndeAmbiti0n, 76561198122631918)(<13309.600586, 71.606522, 12122.875977>) quick accessed a lock!
[13:28:20] Player (Bl0ndeAmbiti0n, 76561198122631918)(<13310.335938, 70.417130, 12134.630859>) quick accessed a lock!
[13:28:26] Player (Bl0ndeAmbiti0n, 76561198122631918)(<13301.255859, 70.431358, 12140.725586>) quick accessed a lock!
[13:28:53] Player (Stone, 76561198028728309)(<9446.571289, 211.846283, 14412.964844>) quick accessed a lock!
[13:36:19] Player (Stone, 76561198028728309)(<9450.969727, 213.058304, 14408.000977>) quick accessed a lock!
[13:37:50] Player (Joanna Olive, 76561198051150159)(<6592.781738, 76.189247, 3555.786377>) quick accessed a lock!
[13:37:56] Player (Joanna Olive, 76561198051150159)(<6592.722168, 79.589279, 3555.801758>) quick accessed a lock!
[13:38:10] Player (Joanna Olive, 76561198051150159)(<6592.718750, 86.389275, 3555.791016>) quick accessed a lock!
[13:38:18] Player (Joanna Olive, 76561198051150159)(<6592.813965, 89.789230, 3555.799316>) quick accessed a lock!
[13:38:28] Player (Joanna Olive, 76561198051150159)(<6592.813477, 96.589233, 3555.797852>) quick accessed a lock!
[13:40:22] Player (Hurf Jones, 76561198007731983)(<8078.467285, 345.905853, 10464.587891>) quick accessed a lock!
[13:41:06] Player (Mad__Maxx, 76561198058108972)(<8078.467285, 345.905853, 10464.587891>) quick accessed a lock!
[13:42:43] Player (Bl0ndeAmbiti0n, 76561198122631918)(<13301.255859, 70.431358, 12140.725586>) quick accessed a lock!
[13:43:39] Player (Hurf Jones, 76561198007731983)(<8078.467285, 345.905853, 10464.587891>) quick accessed a lock!
[13:44:25] Player (Bl0ndeAmbiti0n, 76561198122631918)(<13310.335938, 70.417130, 12134.630859>) quick accessed a lock!
[13:45:59] Player (Mad__Maxx, 76561198058108972)(<8079.921875, 346.035095, 10467.006836>) quick accessed a lock!
[13:46:17] Player (Mad__Maxx, 76561198058108972)(<8080.311523, 346.035095, 10467.541016>) quick accessed a lock!
[13:46:18] Player (Mad__Maxx, 76561198058108972)(<8080.311523, 346.035095, 10467.541016>) quick accessed a lock!
[13:46:22] Player (Bl0ndeAmbiti0n, 76561198122631918)(<13310.335938, 70.417130, 12134.630859>) quick accessed a lock!
[13:46:29] Player (Raven, 76561199156615211)(<318.833740, 287.513000, 8562.637695>) quick accessed a lock!
[13:46:35] Player (Raven, 76561199156615211)(<318.833740, 287.513000, 8562.637695>) quick accessed a lock!
[13:46:41] Player (Raven, 76561199156615211)(<317.875702, 288.725098, 8562.196289>) quick accessed a lock!
[13:47:15] Player (Raven, 76561199156615211)(<316.891998, 288.725098, 8562.648438>) quick accessed a lock!
[13:47:17] Player (Raven, 76561199156615211)(<316.012482, 287.512939, 8564.675781>) quick accessed a lock!
[13:47:51] Player (Bl0ndeAmbiti0n, 76561198122631918)(<13299.415039, 70.499588, 12140.219727>) quick accessed a lock!
[13:47:55] Player (kiaser, 76561198930183577)(<318.052795, 287.501495, 8560.459961>) quick accessed a lock!
[13:48:29] Player (Hurf Jones, 76561198007731983)(<8078.467285, 345.905853, 10464.587891>) quick accessed a lock!
[13:49:16] Player (kiaser, 76561198930183577)(<316.891998, 288.725098, 8562.648438>) quick accessed a lock!
[13:49:19] Player (Mad__Maxx, 76561198058108972)(<8080.736328, 346.035095, 10468.139648>) quick accessed a lock!
[13:49:37] Player (Wireless, 76561198040858373)(<6592.781738, 76.189247, 3555.786377>) quick accessed a lock!
[13:49:53] Player (Wireless, 76561198040858373)(<6592.722168, 79.589279, 3555.801758>) quick accessed a lock!
[13:50:27] Player (Wireless, 76561198040858373)(<6592.718750, 86.389275, 3555.791016>) accessed a lock!
[13:50:27] Player (Wireless, 76561198040858373)(<6592.718750, 86.389275, 3555.791016>) was added as a guest of a lock!
[13:50:43] Player (Wireless, 76561198040858373)(<6592.813965, 89.789230, 3555.799316>) quick accessed a lock!
[13:50:50] Player (kiaser, 76561198930183577)(<316.891998, 288.725098, 8562.648438>) quick accessed a lock!
[13:50:59] Player (Wireless, 76561198040858373)(<6592.813477, 96.589233, 3555.797852>) quick accessed a lock!
[13:50:59] Player (kiaser, 76561198930183577)(<318.833740, 287.513000, 8562.637695>) quick accessed a lock!
[13:51:16] Player (Mad__Maxx, 76561198058108972)(<8078.467285, 345.905853, 10464.587891>) quick accessed a lock!
[13:51:29] Player (kiaser, 76561198930183577)(<318.833740, 287.513000, 8562.637695>) quick accessed a lock!
[13:51:35] Player (kiaser, 76561198930183577)(<318.833740, 287.513000, 8562.637695>) quick accessed a lock!
[13:52:32] Player (Bl0ndeAmbiti0n, 76561198122631918)(<13310.335938, 70.417130, 12134.630859>) quick accessed a lock!
[13:52:58] Player ([Habeek] Kush, 76561198240898404)(<6592.781738, 76.189247, 3555.786377>) quick accessed a lock!
[13:53:03] Player ([Habeek] Kush, 76561198240898404)(<6592.722168, 79.589279, 3555.801758>) quick accessed a lock!
[13:53:38] Player (Raven, 76561199156615211)(<316.891998, 288.725098, 8562.648438>) quick accessed a lock!
[13:53:41] Player ([Habeek] Kush, 76561198240898404)(<6592.718750, 86.389275, 3555.791016>) quick accessed a lock!
[13:53:43] Player ([Habeek] Kush, 76561198240898404)(<6592.718750, 86.389275, 3555.791016>) quick accessed a lock!
[13:53:50] Player ([Habeek] Kush, 76561198240898404)(<6592.813965, 89.789230, 3555.799316>) quick accessed a lock!
[13:53:58] Player (Raven, 76561199156615211)(<317.875702, 288.725098, 8562.196289>) quick accessed a lock!
[13:53:58] Player ([Habeek] Kush, 76561198240898404)(<6592.813477, 96.589233, 3555.797852>) quick accessed a lock!
[13:53:59] Player (Raven, 76561199156615211)(<318.833740, 287.513000, 8562.637695>) quick accessed a lock!
[13:55:04] Player (Raven, 76561199156615211)(<316.891998, 288.725098, 8562.648438>) quick accessed a lock!
[13:55:26] Player (Joanna Olive, 76561198051150159)(<6592.813477, 96.589233, 3555.797852>) quick accessed a lock!
[13:56:53] Player (Raven, 76561199156615211)(<318.833740, 287.513000, 8562.637695>) quick accessed a lock!
[13:56:55] Player (Raven, 76561199156615211)(<317.875702, 288.725098, 8562.196289>) quick accessed a lock!
[13:57:14] Player (Raven, 76561199156615211)(<316.891998, 288.725098, 8562.648438>) quick accessed a lock!
[13:57:27] Player (Raven, 76561199156615211)(<316.012482, 287.512939, 8564.675781>) quick accessed a lock!
[13:58:21] Player (Raven, 76561199156615211)(<317.750000, 287.503204, 8561.343750>) quick accessed a lock!
[13:58:23] Player (Raven, 76561199156615211)(<317.750000, 287.503204, 8561.343750>) quick accessed a lock!
[13:59:34] Player (Raven, 76561199156615211)(<317.875702, 288.725098, 8562.196289>) quick accessed a lock!
[13:59:44] Player (kiaser, 76561198930183577)(<316.891998, 288.725098, 8562.648438>) quick accessed a lock!
[13:59:53] Player (kiaser, 76561198930183577)(<318.833740, 287.513000, 8562.637695>) quick accessed a lock!
[14:00:34] Player (Raven, 76561199156615211)(<317.875702, 288.725098, 8562.196289>) quick accessed a lock!
[14:00:36] Player (Raven, 76561199156615211)(<318.833740, 287.513000, 8562.637695>) quick accessed a lock!
[14:01:21] Player (kiaser, 76561198930183577)(<318.833740, 287.513000, 8562.637695>) quick accessed a lock!
[14:01:38] Player (kiaser, 76561198930183577)(<316.891998, 288.725098, 8562.648438>) quick accessed a lock!
[14:01:48] Player (Raven, 76561199156615211)(<318.833740, 287.513000, 8562.637695>) quick accessed a lock!
[14:01:50] Player (Raven, 76561199156615211)(<317.875702, 288.725098, 8562.196289>) quick accessed a lock!
[14:04:32] Player (Raven, 76561199156615211)(<318.833740, 287.513000, 8562.637695>) quick accessed a lock!
[14:05:19] Player (Mad__Maxx, 76561198058108972)(<8078.467285, 345.905853, 10464.587891>) quick accessed a lock!
[14:06:28] Player ([Habeek] Kush, 76561198240898404)(<6592.813477, 96.589233, 3555.797852>) quick accessed a lock!
[14:06:54] Player (Raven, 76561199156615211)(<316.891998, 288.725098, 8562.648438>) quick accessed a lock!
[14:08:04] Player ([Habeek] Kush, 76561198240898404)(<6592.813477, 96.589233, 3555.797852>) quick accessed a lock!
[14:08:53] Player ([Habeek] Kush, 76561198240898404)(<6592.813965, 89.789230, 3555.799316>) quick accessed a lock!
[14:08:57] Player ([Habeek] Kush, 76561198240898404)(<6592.718750, 86.389275, 3555.791016>) quick accessed a lock!
[14:09:58] Player (Bl0ndeAmbiti0n, 76561198122631918)(<13299.415039, 70.499588, 12140.219727>) quick accessed a lock!
[14:10:05] Player (kiaser, 76561198930183577)(<316.891998, 288.725098, 8562.648438>) quick accessed a lock!
[14:12:29] Player ([Habeek] Kush, 76561198240898404)(<6592.813477, 96.589233, 3555.797852>) quick accessed a lock!
[14:13:10] Player ([Habeek] Kush, 76561198240898404)(<6592.813477, 96.589233, 3555.797852>) quick accessed a lock!
[14:13:21] Player ([Habeek] Kush, 76561198240898404)(<6592.813477, 96.589233, 3555.797852>) quick accessed a lock!
[14:13:52] Player ([Habeek] Kush, 76561198240898404)(<6592.813477, 96.589233, 3555.797852>) quick accessed a lock!
[14:14:25] Player (kiaser, 76561198930183577)(<316.891998, 288.725098, 8562.648438>) quick accessed a lock!
[14:14:34] Player (kiaser, 76561198930183577)(<318.052795, 287.501495, 8560.459961>) quick accessed a lock!
[14:15:23] Player (kiaser, 76561198930183577)(<318.052795, 287.501495, 8560.459961>) quick accessed a lock!
[14:15:42] Player (Bl0ndeAmbiti0n, 76561198122631918)(<13299.415039, 70.499588, 12140.219727>) quick accessed a lock!
[14:16:17] Player (Mad__Maxx, 76561198058108972)(<8078.467285, 345.905853, 10464.587891>) quick accessed a lock!
[14:16:53] Player (CopperHead, 76561197968816608)(<6852.127441, 64.215996, 3491.750000>) quick accessed a lock!
[14:16:58] Player (CopperHead, 76561197968816608)(<6853.200684, 65.224266, 3487.707275>) quick accessed a lock!
[14:18:23] Player (Bl0ndeAmbiti0n, 76561198122631918)(<13299.415039, 70.499588, 12140.219727>) quick accessed a lock!
[14:18:41] Player (Kiwie, 76561198035500954)(<4897.096191, 311.878235, 5870.492676>) quick accessed a lock!
[14:18:45] Player (Bl0ndeAmbiti0n, 76561198122631918)(<13299.415039, 70.499588, 12140.219727>) quick accessed a lock!
[14:18:52] Player (Kiwie, 76561198035500954)(<4890.867676, 311.283875, 5870.435059>) quick accessed a lock!
[14:18:59] Player (Kiwie, 76561198035500954)(<4889.045410, 308.394684, 5866.184082>) quick accessed a lock!
[14:19:03] Player (Raven, 76561199156615211)(<316.891998, 288.725098, 8562.648438>) quick accessed a lock!
[14:19:07] Player (kiaser, 76561198930183577)(<317.875702, 288.725098, 8562.196289>) quick accessed a lock!
[14:19:08] Player (kiaser, 76561198930183577)(<318.833740, 287.513000, 8562.637695>) quick accessed a lock!
[14:19:13] Player (Kiwie, 76561198035500954)(<4897.096191, 311.878235, 5870.492676>) quick accessed a lock!
[14:20:24] Player (kiaser, 76561198930183577)(<318.833740, 287.513000, 8562.637695>) quick accessed a lock!
[14:20:25] Player (kiaser, 76561198930183577)(<317.875702, 288.725098, 8562.196289>) quick accessed a lock!
[14:20:26] Player (kiaser, 76561198930183577)(<316.891998, 288.725098, 8562.648438>) quick accessed a lock!
[14:20:29] Player (kiaser, 76561198930183577)(<316.012482, 287.512939, 8564.675781>) quick accessed a lock!
[14:22:43] Player (Bl0ndeAmbiti0n, 76561198122631918)(<13310.335938, 70.417130, 12134.630859>) quick accessed a lock!
[14:22:51] Player (Bl0ndeAmbiti0n, 76561198122631918)(<13295.027344, 73.997688, 12145.855469>) quick accessed a lock!
[14:22:57] Player (Bl0ndeAmbiti0n, 76561198122631918)(<13294.842773, 77.475983, 12135.493164>) quick accessed a lock!
[14:24:52] Player (Bl0ndeAmbiti0n, 76561198122631918)(<13310.335938, 70.417130, 12134.630859>) quick accessed a lock!
[14:24:55] Player (Bl0ndeAmbiti0n, 76561198122631918)(<13309.600586, 71.606522, 12122.875977>) quick accessed a lock!
[14:25:50] Player (Mad__Maxx, 76561198058108972)(<8078.467285, 345.905853, 10464.587891>) quick accessed a lock!
[14:26:47] Player (Mad__Maxx, 76561198058108972)(<8084.374512, 371.926086, 10357.183594>) quick accessed a lock!
[14:27:35] Player (Stone, 76561198028728309)(<9437.194336, 213.064224, 14401.942383>) quick accessed a lock!
[14:28:38] Player (Kiwie, 76561198035500954)(<4897.096191, 311.878235, 5870.492676>) quick accessed a lock!
[14:28:38] Player (Mad__Maxx, 76561198058108972)(<8084.374512, 371.926086, 10357.183594>) quick accessed a lock!
[14:28:50] Player (Bl0ndeAmbiti0n, 76561198122631918)(<13301.255859, 70.431358, 12140.725586>) quick accessed a lock!
[14:29:15] Player (Zack, 76561198046475450)(<6365.046387, 324.233032, 14124.899414>) quick accessed a lock!
[14:30:54] Player (Stone, 76561198028728309)(<9447.720703, 211.848923, 14401.230469>) quick accessed a lock!
[14:31:26] Player (Bl0ndeAmbiti0n, 76561198122631918)(<13301.255859, 70.431358, 12140.725586>) quick accessed a lock!
[14:31:35] Player (Bl0ndeAmbiti0n, 76561198122631918)(<13310.335938, 70.417130, 12134.630859>) quick accessed a lock!
[14:31:40] Player (Bl0ndeAmbiti0n, 76561198122631918)(<13309.600586, 71.606522, 12122.875977>) quick accessed a lock!
[14:31:48] Player (Bl0ndeAmbiti0n, 76561198122631918)(<13294.268555, 71.642944, 12123.586914>) quick accessed a lock!
[14:31:53] Player (Bl0ndeAmbiti0n, 76561198122631918)(<13286.397461, 71.661919, 12118.354492>) quick accessed a lock!
[14:31:58] Player (Bl0ndeAmbiti0n, 76561198122631918)(<13286.351563, 71.661919, 12113.443359>) quick accessed a lock!
[14:32:06] Player (Bl0ndeAmbiti0n, 76561198122631918)(<13297.656250, 68.591614, 12100.872070>) quick accessed a lock!
[14:33:06] Player (Mad__Maxx, 76561198058108972)(<8037.468262, 356.023560, 10386.864258>) quick accessed a lock!
[14:35:20] Player (Kiwie, 76561198035500954)(<4891.645996, 311.283875, 5862.195313>) accessed a lock!
[14:35:20] Player (Kiwie, 76561198035500954)(<4891.645996, 311.283875, 5862.195313>) was added as a guest of a lock!
[14:35:26] Player (Kiwie, 76561198035500954)(<4896.446289, 311.283875, 5862.346680>) accessed a lock!
[14:35:26] Player (Kiwie, 76561198035500954)(<4896.446289, 311.283875, 5862.346680>) was added as a guest of a lock!
[14:35:26] Player (Mad__Maxx, 76561198058108972)(<8037.468262, 356.023560, 10386.864258>) quick accessed a lock!
[14:35:43] Player (Mad__Maxx, 76561198058108972)(<8084.374512, 371.926086, 10357.183594>) quick accessed a lock!
[14:36:28] Player (Mad__Maxx, 76561198058108972)(<8084.374512, 371.926086, 10357.183594>) quick accessed a lock!
[14:37:42] Player (Stone, 76561198028728309)(<9446.571289, 211.846283, 14412.964844>) quick accessed a lock!
[14:37:47] Player (Mad__Maxx, 76561198058108972)(<8078.467285, 345.905853, 10464.587891>) quick accessed a lock!
[14:38:01] Player (Mad__Maxx, 76561198058108972)(<8078.467285, 345.905853, 10464.587891>) quick accessed a lock!
[14:40:07] Player (Stone, 76561198028728309)(<9447.720703, 211.848923, 14401.230469>) quick accessed a lock!
[14:42:31] Player (Hurf Jones, 76561198007731983)(<8078.467285, 345.905853, 10464.587891>) quick accessed a lock!
[14:42:42] Player (Biglazy, 76561198036090868)(<6846.892090, 74.363770, 3495.749756>) quick accessed a lock!
[14:42:47] Player (Wireless, 76561198040858373)(<6592.813477, 96.589233, 3555.797852>) quick accessed a lock!
[14:43:05] Player (Wireless, 76561198040858373)(<6592.722168, 79.589279, 3555.801758>) quick accessed a lock!
[14:43:09] Player (Wireless, 76561198040858373)(<6592.781738, 76.189247, 3555.786377>) quick accessed a lock!
[14:43:20] Player (Hurf Jones, 76561198007731983)(<8080.736328, 346.035095, 10468.139648>) quick accessed a lock!
[14:43:21] Player (Hurf Jones, 76561198007731983)(<8079.921875, 346.035095, 10467.006836>) quick accessed a lock!
[14:43:26] Player (Hurf Jones, 76561198007731983)(<8080.311523, 346.035095, 10467.541016>) quick accessed a lock!
[14:44:10] Player (Stone, 76561198028728309)(<9450.969727, 213.058304, 14408.000977>) quick accessed a lock!
[14:45:09] Player (Biglazy, 76561198036090868)(<6851.191406, 74.363770, 3490.628418>) quick accessed a lock!
[14:45:15] Player (Biglazy, 76561198036090868)(<6853.072266, 75.612465, 3487.685059>) quick accessed a lock!
[14:45:23] Player (Biglazy, 76561198036090868)(<6853.111816, 79.052399, 3487.699707>) quick accessed a lock!
[14:45:29] Player (Biglazy, 76561198036090868)(<6857.227539, 79.088028, 3491.572510>) quick accessed a lock!
[14:45:37] Player (Biglazy, 76561198036090868)(<6853.187988, 82.237076, 3487.673340>) quick accessed a lock!
[14:46:13] Player (Hurf Jones, 76561198007731983)(<8080.311523, 346.035095, 10467.541016>) quick accessed a lock!
[14:46:14] Player (Hurf Jones, 76561198007731983)(<8080.736328, 346.035095, 10468.139648>) quick accessed a lock!
[14:46:15] Player (Hurf Jones, 76561198007731983)(<8079.921875, 346.035095, 10467.006836>) quick accessed a lock!
[14:48:13] Player (Bl0ndeAmbiti0n, 76561198122631918)(<13297.656250, 68.591614, 12100.872070>) quick accessed a lock!
[14:48:24] Player (Bl0ndeAmbiti0n, 76561198122631918)(<13286.351563, 71.661919, 12113.443359>) quick accessed a lock!
[14:48:29] Player (Bl0ndeAmbiti0n, 76561198122631918)(<13286.397461, 71.661919, 12118.354492>) quick accessed a lock!
[14:48:34] Player (Bl0ndeAmbiti0n, 76561198122631918)(<13294.268555, 71.642944, 12123.586914>) quick accessed a lock!
[14:48:42] Player (Bl0ndeAmbiti0n, 76561198122631918)(<13309.600586, 71.606522, 12122.875977>) quick accessed a lock!
[10-25-2021][15.09.49] Log file reloaded ( Server Restart )
[15:11:36] Player (Mad__Maxx, 76561198058108972)(<8078.467285, 345.905853, 10464.587891>) quick accessed a lock!
[15:11:51] Player (kiaser, 76561198930183577)(<318.833740, 287.513000, 8562.637695>) quick accessed a lock!
[15:11:55] Player (kiaser, 76561198930183577)(<317.875702, 288.725098, 8562.196289>) quick accessed a lock!
[15:12:00] Player (MrsBlazy, 76561199124588882)(<6858.386719, 82.062714, 3498.716797>) quick accessed a lock!
[15:12:01] Player (kiaser, 76561198930183577)(<316.891998, 288.725098, 8562.648438>) quick accessed a lock!
[15:12:06] Player (kiaser, 76561198930183577)(<316.012482, 287.512939, 8564.675781>) quick accessed a lock!
[15:12:29] Player (MrsBlazy, 76561199124588882)(<6856.024902, 81.231888, 3496.564941>) quick accessed a lock!
