[08-28-2021][01.42.44] New Admin Log File Created!
[08-28-2021][07.44.50] Log file reloaded ( Server Restart )
[08-28-2021][09.19.39] Log file reloaded ( Server Restart )
[09:37:48] Admin (KingHotDog, 76561199068832255) joined the server!
[08-28-2021][10.09.36] Log file reloaded ( Server Restart )
[11:48:44] Admin (KingHotDog, 76561199068832255) joined the server!
[13:04:24] Admin (KingHotDog, 76561199068832255) joined the server!
[13:23:58] Admin (KingHotDog, 76561199068832255) joined the server!
[08-28-2021][16.11.45] Log file reloaded ( Server Restart )
[17:50:50] Admin (KingHotDog, 76561199068832255) joined the server!
[18:42:31] Admin (KingHotDog, 76561199068832255) joined the server!
[19:22:16] Admin (KingHotDog, 76561199068832255) joined the server!
[21:02:36] Admin (PussinaBush, 76561198086263481) joined the server!
[21:05:32] Admin (PussinaBush, 76561198086263481)(<12890.177734, 64.436760, 15109.198242>) opened a lock!
[21:05:37] Admin (PussinaBush, 76561198086263481)(<12888.545898, 64.531334, 15107.648438>) opened a lock!
[21:06:03] Admin (PussinaBush, 76561198086263481)(<12884.321289, 64.531334, 15105.812500>) opened a lock!
[21:15:36] Admin (PussinaBush, 76561198086263481)(<12888.545898, 64.531334, 15107.648438>) opened a lock!
[21:16:14] Admin (PussinaBush, 76561198086263481)(<12884.321289, 64.531334, 15105.812500>) opened a lock!
[21:16:21] Admin (PussinaBush, 76561198086263481)(<12884.335938, 69.317932, 15105.151367>) opened a lock!
[21:16:31] Admin (PussinaBush, 76561198086263481)(<12884.483398, 69.317932, 15105.002930>) opened a lock!
[21:18:34] Admin (PussinaBush, 76561198086263481)(<12888.545898, 64.531334, 15107.648438>) opened a lock!
[21:18:40] Admin (PussinaBush, 76561198086263481)(<12890.177734, 64.436760, 15109.198242>) opened a lock!
[21:23:57] Admin (PussinaBush, 76561198086263481)(<12890.177734, 64.436760, 15109.198242>) opened a lock!
[21:24:06] Admin (PussinaBush, 76561198086263481)(<12888.545898, 64.531334, 15107.648438>) opened a lock!
[21:24:42] Admin (PussinaBush, 76561198086263481)(<12888.545898, 64.531334, 15107.648438>) opened a lock!
[21:24:55] Admin (PussinaBush, 76561198086263481)(<12884.321289, 64.531334, 15105.812500>) opened a lock!
[21:25:42] Admin (PussinaBush, 76561198086263481)(<12884.335938, 69.317932, 15105.151367>) opened a lock!
[21:26:54] Admin (KingHotDog, 76561199068832255) joined the server!
[21:27:32] Admin (PussinaBush, 76561198086263481)(<12884.335938, 69.317932, 15105.151367>) opened a lock!
[21:28:57] Admin (PussinaBush, 76561198086263481)(<12890.177734, 64.436760, 15109.198242>) opened a lock!
[21:29:00] Admin (PussinaBush, 76561198086263481)(<12888.545898, 64.531334, 15107.648438>) opened a lock!
[21:29:12] Admin (PussinaBush, 76561198086263481)(<12884.321289, 64.531334, 15105.812500>) opened a lock!
[21:33:40] Admin (PussinaBush, 76561198086263481)(<12884.483398, 69.317932, 15105.002930>) opened a lock!
[21:36:04] Admin (KingHotDog, 76561199068832255)(<12884.321289, 64.531334, 15105.812500>) opened a lock!
[21:36:09] Admin (KingHotDog, 76561199068832255)(<12888.545898, 64.531334, 15107.648438>) opened a lock!
[21:36:16] Admin (KingHotDog, 76561199068832255)(<12890.177734, 64.436760, 15109.198242>) opened a lock!
[21:51:22] Admin (KingHotDog, 76561199068832255)(<12884.321289, 64.531334, 15105.812500>) opened a lock!
[22:11:00] Admin (KingHotDog, 76561199068832255) joined the server!
[08-28-2021][22.13.55] Log file reloaded ( Server Restart )
[22:17:17] Admin (KingHotDog, 76561199068832255) joined the server!
[22:58:10] Admin (KingHotDog, 76561199068832255) joined the server!
