[08-29-2021][04.16.13] New Admin Log File Created!
[08-29-2021][10.18.29] Log file reloaded ( Server Restart )
[11:46:41] Admin (PussinaBush, 76561198086263481) joined the server!
[12:18:49] Admin (KingHotDog, 76561199068832255) joined the server!
[12:48:29] Admin (KingHotDog, 76561199068832255) joined the server!
[15:09:43] Admin (KingHotDog, 76561199068832255) joined the server!
[08-29-2021][16.20.44] Log file reloaded ( Server Restart )
[16:40:53] Admin (KingHotDog, 76561199068832255) joined the server!
[18:30:16] Admin (KingHotDog, 76561199068832255) joined the server!
[18:32:00] Admin (KingHotDog, 76561199068832255) joined the server!
[18:37:05] Admin (KingHotDog, 76561199068832255) joined the server!
[08-29-2021][18.51.35] Log file reloaded ( Server Restart )
[18:54:16] Admin (KingHotDog, 76561199068832255) joined the server!
[08-29-2021][19.00.22] Log file reloaded ( Server Restart )
[19:01:33] Admin (KingHotDog, 76561199068832255) joined the server!
[19:20:24] Admin (KingHotDog, 76561199068832255)(<12889.368164, 68.105797, 15106.971680>) removed a lock!
[19:21:30] Admin (KingHotDog, 76561199068832255)(<12889.368164, 68.105797, 15106.971680>) removed a lock!
[23:29:06] Admin (KingHotDog, 76561199068832255) joined the server!
[08-29-2021][23.34.13] Log file reloaded ( Server Restart )
[08-29-2021][23.54.13] Log file reloaded ( Server Restart )
