[09-12-2021][00.29.58] New Admin Log File Created!
[09-12-2021][00.31.03] Log file reloaded ( Server Restart )
[00:32:52] Admin (mooimadog, 76561198086263481) joined the server!
[09-12-2021][04.32.56] Log file reloaded ( Server Restart )
[09-12-2021][08.34.44] Log file reloaded ( Server Restart )
[12:32:03] Admin (mooimadog, 76561198086263481) joined the server!
[09-12-2021][12.36.35] Log file reloaded ( Server Restart )
[12:39:11] Admin (mooimadog, 76561198086263481) joined the server!
[12:39:25] Admin (KingHotDog, 76561199068832255) joined the server!
[14:32:02] Admin (mooimadog, 76561198086263481) joined the server!
[14:53:44] Admin (KingHotDog, 76561199068832255) joined the server!
[14:57:14] Admin (mooimadog, 76561198086263481)(<13298.168945, 69.805489, 12103.271484>) opened a lock!
[14:57:20] Admin (mooimadog, 76561198086263481)(<13295.887695, 71.638863, 12122.681641>) opened a lock!
[14:57:26] Admin (mooimadog, 76561198086263481)(<13309.554688, 71.606522, 12124.805664>) opened a lock!
[14:59:27] Admin (mooimadog, 76561198086263481)(<13296.178711, 77.503891, 12135.629883>) removed a lock!
[15:08:55] Admin (KingHotDog, 76561199068832255) joined the server!
[15:20:41] Admin (mooimadog, 76561198086263481)(<3650.259766, 299.390045, 8063.603516>) opened a lock!
[15:20:53] Admin (mooimadog, 76561198086263481)(<3650.259766, 299.390045, 8063.603516>) opened a lock!
[15:42:23] Admin (mooimadog, 76561198086263481) joined the server!
[16:36:27] Admin (mooimadog, 76561198086263481)(<13298.168945, 69.805489, 12103.271484>) opened a lock!
[09-12-2021][16.38.45] Log file reloaded ( Server Restart )
[16:45:09] Admin (mooimadog, 76561198086263481) joined the server!
[16:52:56] Admin (mooimadog, 76561198086263481)(<13295.887695, 71.638863, 12122.681641>) opened a lock!
[16:54:09] Admin (mooimadog, 76561198086263481)(<13299.072266, 69.803490, 12099.144531>) opened a lock!
[09-12-2021][20.41.13] Log file reloaded ( Server Restart )
[21:48:15] Admin (WankyonPCin180p, 76561198086263481) joined the server!
[23:38:15] Admin (WankyonPCin180p, 76561198086263481)(<13298.168945, 69.805489, 12103.271484>) opened a lock!
[23:38:41] Admin (WankyonPCin180p, 76561198086263481)(<13309.554688, 71.606522, 12124.805664>) opened a lock!
