[09-26-2021][02.54.38] New Admin Log File Created!
[09-26-2021][03.05.02] Log file reloaded ( Server Restart )
[09-26-2021][07.06.54] Log file reloaded ( Server Restart )
[09-26-2021][11.08.50] Log file reloaded ( Server Restart )
[09-26-2021][11.10.34] Log file reloaded ( Server Restart )
[14:03:10] Admin (o, 76561199068832255) joined the server!
[09-26-2021][15.12.56] Log file reloaded ( Server Restart )
[16:22:48] Admin (o, 76561199068832255) joined the server!
[17:18:51] Admin (o, 76561199068832255) joined the server!
[17:21:53] Admin (o, 76561199068832255) joined the server!
[17:29:49] Admin (WankyonPCin180p, 76561198086263481) joined the server!
[17:31:07] Admin (o, 76561199068832255) joined the server!
[09-26-2021][19.15.51] Log file reloaded ( Server Restart )
[20:51:05] Admin (WankyonPCin180p, 76561198086263481) joined the server!
[20:54:53] Admin (WankyonPCin180p, 76561198086263481)(<12264.694336, 93.969795, 10631.169922>) opened a lock!
[20:55:39] Admin (WankyonPCin180p, 76561198086263481)(<12264.694336, 93.969795, 10631.169922>) opened a lock!
[21:19:06] Admin (WankyonPCin180p, 76561198086263481)(<13298.168945, 69.805489, 12103.271484>) opened a lock!
[21:19:44] Admin (WankyonPCin180p, 76561198086263481)(<13310.330078, 70.417130, 12134.539063>) opened a lock!
[21:31:01] Admin (WankyonPCin180p, 76561198086263481)(<12240.166016, 94.058250, 10628.192383>) opened a lock!
[21:32:08] Admin (WankyonPCin180p, 76561198086263481)(<12240.166016, 94.058250, 10628.192383>) opened a lock!
[09-26-2021][23.20.23] Log file reloaded ( Server Restart )
