[09-05-2021][03.26.02] New Admin Log File Created!
[09-05-2021][07.27.46] Log file reloaded ( Server Restart )
[09-05-2021][11.29.45] Log file reloaded ( Server Restart )
[12:41:13] Admin (KingHotDog, 76561199068832255) joined the server!
[14:24:17] Admin (mooimadog, 76561198086263481) joined the server!
[14:40:06] Admin (mooimadog, 76561198086263481)(<13298.168945, 69.805489, 12103.271484>) opened a lock!
[14:40:19] Admin (mooimadog, 76561198086263481)(<13309.554688, 71.606522, 12124.805664>) opened a lock!
[09-05-2021][15.31.29] Log file reloaded ( Server Restart )
[15:34:28] Admin (KingHotDog, 76561199068832255) joined the server!
[15:56:55] Admin (KingHotDog, 76561199068832255) joined the server!
[16:31:46] Admin (KingHotDog, 76561199068832255) joined the server!
[16:40:53] Admin (KingHotDog, 76561199068832255)(<6615.646484, 15.929601, 2307.061279>) opened a lock!
[19:16:17] Admin (KingHotDog, 76561199068832255) joined the server!
[19:25:30] Admin (KingHotDog, 76561199068832255) joined the server!
[09-05-2021][19.33.16] Log file reloaded ( Server Restart )
[19:35:54] Admin (KingHotDog, 76561199068832255) joined the server!
[19:48:35] Admin (KingHotDog, 76561199068832255) joined the server!
[20:39:41] Admin (KingHotDog, 76561199068832255) joined the server!
[20:53:13] Admin (mooimadog, 76561198086263481) joined the server!
[20:56:36] Admin (mooimadog, 76561198086263481)(<13299.072266, 69.803490, 12099.144531>) opened a lock!
[21:03:14] Admin (KingHotDog, 76561199068832255)(<5767.152832, 320.091370, 8675.375977>) removed a lock!
[21:49:00] Admin (KingHotDog, 76561199068832255)(<3592.089600, 18.693920, 2168.095703>) opened a lock!
[09-05-2021][23.35.01] Log file reloaded ( Server Restart )
[23:36:14] Admin (KingHotDog, 76561199068832255) joined the server!
[00:11:37] Admin (KingHotDog, 76561199068832255) joined the server!
[00:18:55] Admin (KingHotDog, 76561199068832255) joined the server!
[00:22:41] Admin (mooimadog, 76561198086263481) joined the server!
[01:24:34] Admin (mooimadog, 76561198086263481)(<13298.168945, 69.805489, 12103.271484>) opened a lock!
[01:24:45] Admin (mooimadog, 76561198086263481)(<13309.554688, 71.606522, 12124.805664>) opened a lock!
