[09-06-2021][03.36.46] New Admin Log File Created!
[09-06-2021][07.38.28] Log file reloaded ( Server Restart )
[09-06-2021][08.58.17] Log file reloaded ( Server Restart )
[09-06-2021][13.00.00] Log file reloaded ( Server Restart )
[13:05:38] Admin (mooimadog, 76561198086263481) joined the server!
[09-06-2021][13.28.36] Log file reloaded ( Server Restart )
[09-06-2021][13.35.17] Log file reloaded ( Server Restart )
[09-06-2021][13.42.00] Log file reloaded ( Server Restart )
[09-06-2021][13.48.40] Log file reloaded ( Server Restart )
[09-06-2021][13.53.19] Log file reloaded ( Server Restart )
[14:10:43] Admin (mooimadog, 76561198086263481) joined the server!
[14:40:02] Admin (KingHotDog, 76561199068832255) joined the server!
[15:44:41] Admin (KingHotDog, 76561199068832255) joined the server!
[16:03:41] Admin (KingHotDog, 76561199068832255) joined the server!
[09-06-2021][16.28.52] Log file reloaded ( Server Restart )
[16:33:17] Admin (KingHotDog, 76561199068832255) joined the server!
[16:33:36] Admin (mooimadog, 76561198086263481) joined the server!
[16:58:23] Admin (mooimadog, 76561198086263481)(<13301.398438, 70.431358, 12140.553711>) opened a lock!
[17:00:06] Admin (mooimadog, 76561198086263481)(<13306.908203, 77.495949, 12138.821289>) opened a lock!
[17:23:34] Admin (mooimadog, 76561198086263481)(<13298.168945, 69.805489, 12103.271484>) opened a lock!
[17:54:00] Admin (KingHotDog, 76561199068832255) joined the server!
[09-06-2021][17.58.52] Log file reloaded ( Server Restart )
[18:33:48] Admin (KingHotDog, 76561199068832255) joined the server!
[18:55:23] Admin (mooimadog, 76561198086263481) joined the server!
[18:58:19] Admin (mooimadog, 76561198086263481)(<13309.554688, 71.606522, 12124.805664>) opened a lock!
[19:26:44] Admin (KingHotDog, 76561199068832255) joined the server!
[19:29:33] Admin (mooimadog, 76561198086263481)(<1184.751831, 344.556030, 9983.866211>) opened a lock!
[19:41:18] Admin (mooimadog, 76561198086263481)(<1184.751831, 344.556030, 9983.866211>) opened a lock!
[19:44:55] Admin (KingHotDog, 76561199068832255) joined the server!
[19:48:43] Admin (mooimadog, 76561198086263481)(<1137.406128, 345.582153, 9980.600586>) opened a lock!
[19:49:08] Admin (KingHotDog, 76561199068832255)(<1188.573730, 345.459076, 9981.229492>) opened a lock!
[19:49:58] Admin (mooimadog, 76561198086263481)(<1132.763794, 345.573212, 9973.032227>) opened a lock!
[19:50:17] Admin (mooimadog, 76561198086263481)(<1132.735107, 344.874054, 9969.252930>) opened a lock!
[19:51:15] Admin (mooimadog, 76561198086263481)(<1132.735107, 344.874054, 9969.252930>) opened a lock!
[19:52:07] Admin (mooimadog, 76561198086263481)(<1137.406128, 345.582153, 9980.600586>) opened a lock!
[19:52:12] Admin (mooimadog, 76561198086263481)(<1132.763794, 345.573212, 9973.032227>) opened a lock!
[19:52:18] Admin (mooimadog, 76561198086263481)(<1132.735107, 344.874054, 9969.252930>) opened a lock!
[20:49:30] Admin (mooimadog, 76561198086263481) joined the server!
[20:49:53] Admin (mooimadog, 76561198086263481)(<13298.168945, 69.805489, 12103.271484>) opened a lock!
[09-06-2021][22.01.00] Log file reloaded ( Server Restart )
