[09-11-2021][08.19.14] New Admin Log File Created!
[09-11-2021][08.20.28] Log file reloaded ( Server Restart )
[09:29:25] Admin (KingHotDog, 76561199068832255) joined the server!
[09:37:54] Admin (KingHotDog, 76561199068832255) joined the server!
[09:40:28] Admin (KingHotDog, 76561199068832255) joined the server!
[11:50:32] Admin (mooimadog, 76561198086263481) joined the server!
[11:51:53] Admin (mooimadog, 76561198086263481)(<13298.168945, 69.805489, 12103.271484>) opened a lock!
[09-11-2021][12.22.09] Log file reloaded ( Server Restart )
[13:56:20] Admin (mooimadog, 76561198086263481) joined the server!
[09-11-2021][16.24.39] Log file reloaded ( Server Restart )
[19:38:14] Admin (KingHotDog, 76561199068832255) joined the server!
[20:10:58] Admin (mooimadog, 76561198086263481) joined the server!
[20:12:06] Admin (mooimadog, 76561198086263481)(<13298.168945, 69.805489, 12103.271484>) opened a lock!
[20:12:20] Admin (mooimadog, 76561198086263481)(<13309.554688, 71.606522, 12124.805664>) opened a lock!
[09-11-2021][20.26.21] Log file reloaded ( Server Restart )
[09-11-2021][20.27.58] Log file reloaded ( Server Restart )
[21:27:51] Admin (KingHotDog, 76561199068832255) joined the server!
[22:28:55] Admin (mooimadog, 76561198086263481) joined the server!
[23:10:52] Admin (mooimadog, 76561198086263481)(<3590.343994, 18.611160, 2167.448486>) opened a lock!
[23:11:12] Admin (mooimadog, 76561198086263481)(<3578.362305, 18.611160, 2167.108154>) opened a lock!
[23:14:34] Admin (mooimadog, 76561198086263481)(<3590.384033, 18.611160, 2181.462402>) opened a lock!
[23:14:48] Admin (mooimadog, 76561198086263481)(<3591.820313, 18.613161, 2177.361816>) opened a lock!
[23:42:41] Admin (mooimadog, 76561198086263481)(<3585.886719, 7.637123, 2178.851807>) opened a lock!
[23:42:46] Admin (mooimadog, 76561198086263481)(<3586.282715, 7.637123, 2183.565918>) opened a lock!
