[09-23-2021][00.02.51] New Admin Log File Created!
[09-23-2021][04.05.24] Log file reloaded ( Server Restart )
[09-23-2021][08.07.31] Log file reloaded ( Server Restart )
[09-23-2021][12.09.24] Log file reloaded ( Server Restart )
[13:27:28] Admin (o, 76561199068832255) joined the server!
[13:38:13] Admin (o, 76561199068832255) joined the server!
[13:42:43] Admin (o, 76561199068832255) joined the server!
[09-23-2021][14.18.36] Log file reloaded ( Server Restart )
[14:19:52] Admin (o, 76561199068832255) joined the server!
[14:23:17] Admin (WankyonPCin180p, 76561198086263481) joined the server!
[15:22:20] Admin (WankyonPCin180p, 76561198086263481) joined the server!
[16:00:52] Admin (WankyonPCin180p, 76561198086263481) joined the server!
[16:08:25] Admin (WankyonPCin180p, 76561198086263481)(<12240.166016, 94.058250, 10628.192383>) opened a lock!
[16:08:35] Admin (WankyonPCin180p, 76561198086263481)(<12275.247070, 94.061768, 10627.000000>) opened a lock!
[16:09:02] Admin (WankyonPCin180p, 76561198086263481)(<12275.938477, 94.941452, 10624.364258>) opened a lock!
[16:10:07] Admin (WankyonPCin180p, 76561198086263481)(<12266.634766, 93.727325, 10619.683594>) opened a lock!
[16:14:13] Admin (WankyonPCin180p, 76561198086263481)(<12271.628906, 93.727325, 10617.928711>) opened a lock!
[16:14:22] Admin (WankyonPCin180p, 76561198086263481)(<12275.247070, 94.061768, 10627.000000>) opened a lock!
[16:20:34] Admin (WankyonPCin180p, 76561198086263481)(<12240.166016, 94.058250, 10628.192383>) opened a lock!
[16:27:00] Admin (WankyonPCin180p, 76561198086263481)(<13298.168945, 69.805489, 12103.271484>) opened a lock!
[16:27:44] Admin (WankyonPCin180p, 76561198086263481)(<13309.118164, 70.394386, 12122.641602>) opened a lock!
[16:28:29] Admin (WankyonPCin180p, 76561198086263481)(<13296.178711, 77.503891, 12135.629883>) opened a lock!
[16:30:32] Admin (WankyonPCin180p, 76561198086263481)(<13312.713867, 71.629265, 12142.384766>) opened a lock!
[16:34:11] Admin (o, 76561199068832255) joined the server!
[16:49:47] Admin (WankyonPCin180p, 76561198086263481)(<12240.166016, 94.058250, 10628.192383>) opened a lock!
[17:11:16] Admin (WankyonPCin180p, 76561198086263481) joined the server!
[17:11:58] Admin (WankyonPCin180p, 76561198086263481) joined the server!
[17:12:52] Admin (WankyonPCin180p, 76561198086263481) joined the server!
[17:13:34] Admin (WankyonPCin180p, 76561198086263481) joined the server!
[17:14:27] Admin (WankyonPCin180p, 76561198086263481) joined the server!
[17:15:02] Admin (WankyonPCin180p, 76561198086263481) joined the server!
[17:43:15] Admin (WankyonPCin180p, 76561198086263481)(<12240.166016, 94.058250, 10628.192383>) opened a lock!
[09-23-2021][18.20.30] Log file reloaded ( Server Restart )
[20:16:34] Admin (o, 76561199068832255) joined the server!
[20:37:19] Admin (o, 76561199068832255) joined the server!
[21:47:40] Admin (o, 76561199068832255) joined the server!
[21:58:24] Admin (WankyonPCin180p, 76561198086263481) joined the server!
[22:01:03] Admin (WankyonPCin180p, 76561198086263481)(<12275.938477, 94.941452, 10624.364258>) opened a lock!
[22:15:22] Admin (WankyonPCin180p, 76561198086263481)(<13298.168945, 69.805489, 12103.271484>) opened a lock!
[22:16:24] Admin (WankyonPCin180p, 76561198086263481)(<13300.959961, 77.479683, 12129.615234>) opened a lock!
[09-23-2021][22.22.45] Log file reloaded ( Server Restart )
[22:28:57] Admin (WankyonPCin180p, 76561198086263481) joined the server!
[22:45:27] Admin (o, 76561199068832255) joined the server!
[22:50:45] Admin (WankyonPCin180p, 76561198086263481) joined the server!
[22:51:55] Admin (WankyonPCin180p, 76561198086263481)(<12275.938477, 94.941452, 10624.364258>) opened a lock!
[22:52:39] Admin (WankyonPCin180p, 76561198086263481)(<12240.166016, 94.058250, 10628.192383>) opened a lock!
[23:51:18] Admin (WankyonPCin180p, 76561198086263481) joined the server!
[00:09:02] Admin (o, 76561199068832255) joined the server!
[00:40:09] Admin (o, 76561199068832255)(<5721.989746, 474.655945, 15230.267578>) opened a lock!
[00:40:20] Admin (o, 76561199068832255)(<5717.458984, 474.655945, 15229.517578>) opened a lock!
[00:40:43] Admin (o, 76561199068832255)(<5712.679199, 474.655945, 15228.526367>) opened a lock!
[00:40:52] Admin (o, 76561199068832255)(<5714.634766, 474.723877, 15227.209961>) opened a lock!
[00:41:02] Admin (o, 76561199068832255)(<5714.492188, 474.723907, 15227.907227>) opened a lock!
[00:41:15] Admin (o, 76561199068832255)(<5714.634766, 474.723877, 15227.209961>) opened a lock!
