[09-08-2021][01.25.23] New Admin Log File Created!
[09-08-2021][05.27.10] Log file reloaded ( Server Restart )
[09-08-2021][09.28.54] Log file reloaded ( Server Restart )
[10:01:07] Admin (KingHotDog, 76561199068832255) joined the server!
[12:11:13] Admin (mooimadog, 76561198086263481) joined the server!
[12:15:40] Admin (mooimadog, 76561198086263481)(<13298.168945, 69.805489, 12103.271484>) opened a lock!
[09-08-2021][13.30.41] Log file reloaded ( Server Restart )
[13:32:21] Admin (KingHotDog, 76561199068832255) joined the server!
[15:57:46] Admin (KingHotDog, 76561199068832255) joined the server!
[17:26:49] Admin (KingHotDog, 76561199068832255) joined the server!
[09-08-2021][17.32.25] Log file reloaded ( Server Restart )
[17:33:36] Admin (KingHotDog, 76561199068832255) joined the server!
[18:37:42] Admin (mooimadog, 76561198086263481) joined the server!
[20:02:08] Admin (mooimadog, 76561198086263481)(<13298.168945, 69.805489, 12103.271484>) opened a lock!
[20:02:19] Admin (mooimadog, 76561198086263481)(<13309.554688, 71.606522, 12124.805664>) opened a lock!
[21:08:32] Admin (KingHotDog, 76561199068832255) joined the server!
[09-08-2021][21.34.22] Log file reloaded ( Server Restart )
[09-08-2021][21.35.28] Log file reloaded ( Server Restart )
[09-08-2021][21.36.36] Log file reloaded ( Server Restart )
[21:38:57] Admin (KingHotDog, 76561199068832255) joined the server!
[23:04:04] Admin (mooimadog, 76561198086263481) joined the server!
[23:53:42] Admin (KingHotDog, 76561199068832255)(<11458.609375, 229.430878, 7486.478027>) removed a lock!
[00:11:40] Admin (mooimadog, 76561198086263481) joined the server!
[00:38:21] Admin (KingHotDog, 76561199068832255)(<3591.820313, 18.613161, 2177.361816>) opened a lock!
[00:38:32] Admin (KingHotDog, 76561199068832255)(<3590.384033, 18.611160, 2181.462402>) opened a lock!
[00:38:50] Admin (KingHotDog, 76561199068832255)(<3592.142578, 18.679281, 2181.414551>) opened a lock!
[00:38:55] Admin (KingHotDog, 76561199068832255)(<3592.227295, 18.679232, 2179.891602>) opened a lock!
[00:39:12] Admin (KingHotDog, 76561199068832255)(<3590.343994, 18.611160, 2167.448486>) opened a lock!
[00:39:30] Admin (KingHotDog, 76561199068832255)(<3592.089600, 18.693920, 2168.095703>) opened a lock!
[00:39:57] Admin (KingHotDog, 76561199068832255)(<3578.362305, 18.611160, 2167.108154>) opened a lock!
[00:40:24] Admin (KingHotDog, 76561199068832255)(<3578.880371, 18.611160, 2181.024170>) opened a lock!
[00:40:46] Admin (KingHotDog, 76561199068832255)(<3581.361572, 19.823298, 2170.142090>) opened a lock!
[00:42:39] Admin (mooimadog, 76561198086263481) joined the server!
[01:11:35] Admin (mooimadog, 76561198086263481)(<13298.168945, 69.805489, 12103.271484>) opened a lock!
[01:11:48] Admin (mooimadog, 76561198086263481)(<13309.554688, 71.606522, 12124.805664>) opened a lock!
[01:11:57] Admin (mooimadog, 76561198086263481)(<13304.405273, 70.431358, 12137.791016>) opened a lock!
[01:12:46] Admin (mooimadog, 76561198086263481)(<13304.783203, 77.479683, 12129.791992>) opened a lock!
