[09-09-2021][01.38.55] New Admin Log File Created!
[09-09-2021][01.39.54] Log file reloaded ( Server Restart )
[09-09-2021][01.40.53] Log file reloaded ( Server Restart )
[09-09-2021][05.42.28] Log file reloaded ( Server Restart )
[09-09-2021][09.44.06] Log file reloaded ( Server Restart )
[13:11:50] Admin (mooimadog, 76561198086263481) joined the server!
[09-09-2021][13.45.44] Log file reloaded ( Server Restart )
[09-09-2021][13.46.42] Log file reloaded ( Server Restart )
[13:51:59] Admin (mooimadog, 76561198086263481) joined the server!
[17:05:41] Admin (mooimadog, 76561198086263481) joined the server!
[09-09-2021][17.48.18] Log file reloaded ( Server Restart )
[17:54:54] Admin (mooimadog, 76561198086263481) joined the server!
[20:43:49] Admin (mooimadog, 76561198086263481) joined the server!
[21:39:57] Admin (mooimadog, 76561198086263481)(<13298.168945, 69.805489, 12103.271484>) opened a lock!
[21:40:07] Admin (mooimadog, 76561198086263481)(<13309.554688, 71.606522, 12124.805664>) opened a lock!
[21:40:13] Admin (mooimadog, 76561198086263481)(<13310.330078, 70.417130, 12134.539063>) opened a lock!
[09-09-2021][21.50.00] Log file reloaded ( Server Restart )
[00:06:41] Admin (mooimadog, 76561198086263481) joined the server!
[00:59:17] Admin (mooimadog, 76561198086263481)(<12088.615234, 27.372587, 14293.693359>) removed a lock!
[01:29:53] Admin (mooimadog, 76561198086263481)(<13298.168945, 69.805489, 12103.271484>) opened a lock!
[01:30:03] Admin (mooimadog, 76561198086263481)(<13309.554688, 71.606522, 12124.805664>) opened a lock!
