[09-15-2021][01.31.14] New Admin Log File Created!
[01:34:07] Admin (WankyonPCin180p, 76561198086263481) joined the server!
[01:36:45] Admin (WankyonPCin180p, 76561198086263481)(<13304.405273, 70.431358, 12137.791016>) opened a lock!
[01:40:48] Admin (WankyonPCin180p, 76561198086263481)(<13301.398438, 70.431358, 12140.553711>) removed a lock!
[01:41:56] Admin (WankyonPCin180p, 76561198086263481)(<13304.405273, 70.431358, 12137.791016>) opened a lock!
[01:42:08] Admin (WankyonPCin180p, 76561198086263481)(<13304.783203, 77.479683, 12129.791992>) opened a lock!
[01:48:23] Admin (WankyonPCin180p, 76561198086263481) joined the server!
[09-15-2021][05.33.12] Log file reloaded ( Server Restart )
[09-15-2021][09.35.01] Log file reloaded ( Server Restart )
[09-15-2021][13.36.49] Log file reloaded ( Server Restart )
[14:14:01] Admin (WankyonPCin180p, 76561198086263481) joined the server!
[14:24:36] Admin (WankyonPCin180p, 76561198086263481)(<13298.168945, 69.805489, 12103.271484>) opened a lock!
[14:24:42] Admin (WankyonPCin180p, 76561198086263481)(<13295.887695, 71.638863, 12122.681641>) opened a lock!
[14:24:55] Admin (WankyonPCin180p, 76561198086263481)(<13304.405273, 70.431358, 12137.791016>) opened a lock!
[14:26:49] Admin (WankyonPCin180p, 76561198086263481)(<13301.398438, 70.431358, 12140.553711>) removed a lock!
[09-15-2021][14.35.07] Log file reloaded ( Server Restart )
[14:43:44] Admin (WankyonPCin180p, 76561198086263481) joined the server!
[09-15-2021][18.36.49] Log file reloaded ( Server Restart )
[19:06:44] Admin (WankyonPCin180p, 76561198086263481) joined the server!
[19:15:18] Admin (WankyonPCin180p, 76561198086263481)(<13298.168945, 69.805489, 12103.271484>) opened a lock!
[19:15:29] Admin (WankyonPCin180p, 76561198086263481)(<13309.554688, 71.606522, 12124.805664>) opened a lock!
[19:15:49] Admin (WankyonPCin180p, 76561198086263481)(<13310.330078, 70.417130, 12134.539063>) opened a lock!
[19:16:33] Admin (WankyonPCin180p, 76561198086263481)(<13309.554688, 71.606522, 12124.805664>) removed a lock!
[09-15-2021][22.39.11] Log file reloaded ( Server Restart )
[22:42:05] Admin (WankyonPCin180p, 76561198086263481) joined the server!
