[09-22-2021][01.12.14] New Admin Log File Created!
[09-22-2021][01.13.59] Log file reloaded ( Server Restart )
[09-22-2021][01.15.44] Log file reloaded ( Server Restart )
[09-22-2021][05.17.35] Log file reloaded ( Server Restart )
[09-22-2021][09.20.03] Log file reloaded ( Server Restart )
[11:08:37] Admin (o, 76561199068832255) joined the server!
[13:03:00] Admin (o, 76561199068832255) joined the server!
[09-22-2021][13.22.03] Log file reloaded ( Server Restart )
[09-22-2021][16.14.52] Log file reloaded ( Server Restart )
[09-22-2021][17.50.26] Log file reloaded ( Server Restart )
[17:54:50] Admin (o, 76561199068832255) joined the server!
[18:52:58] Admin (o, 76561199068832255) joined the server!
[19:22:28] Admin (o, 76561199068832255) joined the server!
[19:23:27] Admin (WankyonPCin180p, 76561198086263481) joined the server!
[19:38:14] Admin (WankyonPCin180p, 76561198086263481)(<13298.168945, 69.805489, 12103.271484>) opened a lock!
[09-22-2021][20.00.44] Log file reloaded ( Server Restart )
[21:46:30] Admin (WankyonPCin180p, 76561198086263481) joined the server!
[21:50:15] Admin (WankyonPCin180p, 76561198086263481) joined the server!
[21:51:14] Admin (WankyonPCin180p, 76561198086263481)(<13299.072266, 69.803490, 12099.144531>) opened a lock!
[23:51:12] Admin (WankyonPCin180p, 76561198086263481)(<12240.166016, 94.058250, 10628.192383>) opened a lock!
