[09-16-2021][02.41.19] New Admin Log File Created!
[03:54:32] Admin (WankyonPCin180p, 76561198086263481) joined the server!
[03:55:19] Admin (WankyonPCin180p, 76561198086263481)(<5747.659180, 114.649513, 2651.836182>) opened a lock!
[03:56:35] Admin (WankyonPCin180p, 76561198086263481) joined the server!
[04:00:10] Admin (WankyonPCin180p, 76561198086263481)(<5745.520996, 115.862717, 2641.188965>) opened a lock!
[09-16-2021][06.43.10] Log file reloaded ( Server Restart )
[09-16-2021][10.44.53] Log file reloaded ( Server Restart )
[12:18:37] Admin (WankyonPCin180p, 76561198086263481) joined the server!
[12:19:37] Admin (WankyonPCin180p, 76561198086263481)(<13298.168945, 69.805489, 12103.271484>) opened a lock!
[12:20:35] Admin (WankyonPCin180p, 76561198086263481)(<13304.405273, 70.431358, 12137.791016>) opened a lock!
[12:22:31] Admin (WankyonPCin180p, 76561198086263481)(<13301.398438, 70.431358, 12140.553711>) removed a lock!
[12:34:23] Admin (WankyonPCin180p, 76561198086263481) joined the server!
[12:37:51] Admin (WankyonPCin180p, 76561198086263481)(<4068.174561, 325.750549, 8925.860352>) opened a lock!
[12:38:01] Admin (WankyonPCin180p, 76561198086263481)(<4070.652832, 325.748535, 8929.960938>) opened a lock!
[12:49:40] Admin (WankyonPCin180p, 76561198086263481)(<13298.168945, 69.805489, 12103.271484>) opened a lock!
[12:49:50] Admin (WankyonPCin180p, 76561198086263481)(<13309.118164, 70.394386, 12122.641602>) opened a lock!
[13:35:42] Admin (WankyonPCin180p, 76561198086263481) joined the server!
[13:37:43] Admin (WankyonPCin180p, 76561198086263481)(<8254.417969, 354.203552, 6979.865723>) opened a lock!
[13:38:00] Admin (WankyonPCin180p, 76561198086263481)(<8254.417969, 354.203552, 6979.865723>) removed a lock!
[13:41:15] Admin (WankyonPCin180p, 76561198086263481)(<8255.607422, 354.203552, 6979.498047>) removed a lock!
[13:41:17] Admin (WankyonPCin180p, 76561198086263481)(<8255.826172, 354.203552, 6981.772949>) removed a lock!
[13:41:21] Admin (WankyonPCin180p, 76561198086263481)(<8255.956055, 354.203552, 6982.758301>) removed a lock!
[13:42:30] Admin (WankyonPCin180p, 76561198086263481)(<13298.168945, 69.805489, 12103.271484>) opened a lock!
[13:42:40] Admin (WankyonPCin180p, 76561198086263481)(<13309.118164, 70.394386, 12122.641602>) opened a lock!
[09-16-2021][14.46.43] Log file reloaded ( Server Restart )
[17:09:29] Admin (WankyonPCin180p, 76561198086263481) joined the server!
[09-16-2021][18.48.29] Log file reloaded ( Server Restart )
[20:59:46] Admin (WankyonPCin180p, 76561198086263481) joined the server!
[22:22:22] Admin (KingHotDog, 76561199068832255) joined the server!
[22:25:16] Admin (KingHotDog, 76561199068832255)(<4078.185059, 324.553680, 8894.616211>) opened a lock!
[22:25:28] Admin (KingHotDog, 76561199068832255)(<4078.244385, 324.551361, 8899.333008>) opened a lock!
[22:25:35] Admin (KingHotDog, 76561199068832255)(<4078.264648, 324.549286, 8903.612305>) opened a lock!
[22:25:45] Admin (KingHotDog, 76561199068832255)(<4078.397217, 324.546936, 8908.422852>) opened a lock!
[22:25:59] Admin (KingHotDog, 76561199068832255)(<4064.708252, 324.549530, 8903.115234>) opened a lock!
[09-16-2021][22.50.54] Log file reloaded ( Server Restart )
[22:53:59] Admin (KingHotDog, 76561199068832255) joined the server!
[22:55:04] Admin (WankyonPCin180p, 76561198086263481) joined the server!
[23:07:03] Admin (WankyonPCin180p, 76561198086263481)(<13298.168945, 69.805489, 12103.271484>) opened a lock!
[23:07:14] Admin (WankyonPCin180p, 76561198086263481)(<13309.118164, 70.394386, 12122.641602>) opened a lock!
[23:07:23] Admin (WankyonPCin180p, 76561198086263481)(<13310.330078, 70.417130, 12134.539063>) opened a lock!
[23:46:00] Admin (WankyonPCin180p, 76561198086263481)(<13309.118164, 70.394386, 12122.641602>) opened a lock!
[23:46:15] Admin (WankyonPCin180p, 76561198086263481)(<13310.330078, 70.417130, 12134.539063>) opened a lock!
[23:55:01] Admin (WankyonPCin180p, 76561198086263481)(<12941.977539, 103.865921, 12175.871094>) opened a lock!
[23:59:42] Admin (WankyonPCin180p, 76561198086263481)(<12941.836914, 103.304840, 12172.640625>) opened a lock!
[23:59:54] Admin (WankyonPCin180p, 76561198086263481)(<12941.836914, 103.304840, 12172.640625>) opened a lock!
[00:03:39] Admin (KingHotDog, 76561199068832255) joined the server!
[00:06:24] Admin (WankyonPCin180p, 76561198086263481)(<13310.330078, 70.417130, 12134.539063>) opened a lock!
[00:25:02] Admin (KingHotDog, 76561199068832255)(<12279.938477, 21.993599, 14254.106445>) opened a lock!
[00:25:08] Admin (KingHotDog, 76561199068832255)(<12282.001953, 21.993599, 14251.519531>) opened a lock!
[00:25:19] Admin (KingHotDog, 76561199068832255)(<12283.161133, 21.993599, 14254.489258>) opened a lock!
[00:30:31] Admin (KingHotDog, 76561199068832255)(<12266.317383, 21.993599, 14254.015625>) opened a lock!
[00:39:35] Admin (KingHotDog, 76561199068832255)(<12247.646484, 23.205736, 14269.311523>) opened a lock!
[00:40:58] Admin (KingHotDog, 76561199068832255)(<12247.646484, 23.205736, 14269.311523>) opened a lock!
[00:49:21] Admin (KingHotDog, 76561199068832255)(<12245.178711, 23.205736, 14270.330078>) opened a lock!
