[09-14-2021][00.37.56] New Admin Log File Created!
[09-14-2021][04.40.03] Log file reloaded ( Server Restart )
[09-14-2021][04.41.30] Log file reloaded ( Server Restart )
[09-14-2021][04.42.45] Log file reloaded ( Server Restart )
[09-14-2021][08.44.37] Log file reloaded ( Server Restart )
[09-14-2021][12.46.25] Log file reloaded ( Server Restart )
[09-14-2021][12.47.31] Log file reloaded ( Server Restart )
[13:27:53] Admin (KingHotDog, 76561199068832255) joined the server!
[13:29:10] Admin (KingHotDog, 76561199068832255)(<12244.260742, 23.205736, 14271.090820>) opened a lock!
[13:29:17] Admin (KingHotDog, 76561199068832255)(<12242.182617, 21.993599, 14269.813477>) opened a lock!
[14:21:31] Admin (KingHotDog, 76561199068832255)(<3907.665039, 227.352814, 14168.563477>) opened a lock!
[16:17:11] Admin (KingHotDog, 76561199068832255)(<3590.343994, 18.611160, 2167.448486>) opened a lock!
[16:17:50] Admin (KingHotDog, 76561199068832255)(<3590.343994, 18.611160, 2167.448486>) opened a lock!
[16:17:58] Admin (KingHotDog, 76561199068832255)(<3590.384033, 18.611160, 2181.462402>) opened a lock!
[16:19:08] Admin (KingHotDog, 76561199068832255)(<3578.880371, 18.611160, 2181.024170>) opened a lock!
[16:19:42] Admin (KingHotDog, 76561199068832255)(<3578.362305, 18.611160, 2167.108154>) opened a lock!
[16:20:13] Admin (KingHotDog, 76561199068832255)(<3582.864014, 18.613161, 2170.386475>) opened a lock!
[16:25:01] Admin (KingHotDog, 76561199068832255)(<1185.200195, 344.556030, 9979.226563>) opened a lock!
[16:25:18] Admin (KingHotDog, 76561199068832255)(<1182.824463, 344.556030, 9978.469727>) opened a lock!
[16:25:27] Admin (KingHotDog, 76561199068832255)(<1181.235474, 344.556030, 9979.996094>) opened a lock!
[16:29:38] Admin (KingHotDog, 76561199068832255)(<12283.161133, 21.993599, 14254.489258>) opened a lock!
[16:29:45] Admin (KingHotDog, 76561199068832255)(<12282.001953, 21.993599, 14251.519531>) opened a lock!
[09-14-2021][16.49.27] Log file reloaded ( Server Restart )
[16:51:43] Admin (KingHotDog, 76561199068832255) joined the server!
[17:10:28] Admin (KingHotDog, 76561199068832255) joined the server!
[09-14-2021][17.25.56] Log file reloaded ( Server Restart )
[17:28:41] Admin (KingHotDog, 76561199068832255) joined the server!
[17:37:36] Admin (KingHotDog, 76561199068832255) joined the server!
[17:47:42] Admin (KingHotDog, 76561199068832255) joined the server!
[20:38:31] Admin (WankyonPCin180p, 76561198086263481) joined the server!
[20:39:13] Admin (WankyonPCin180p, 76561198086263481)(<13298.168945, 69.805489, 12103.271484>) opened a lock!
[20:39:40] Admin (WankyonPCin180p, 76561198086263481)(<13309.554688, 71.606522, 12124.805664>) opened a lock!
[21:19:49] Admin (WankyonPCin180p, 76561198086263481)(<13298.168945, 69.805489, 12103.271484>) opened a lock!
[09-14-2021][21.28.51] Log file reloaded ( Server Restart )
[23:01:33] Admin (WankyonPCin180p, 76561198086263481) joined the server!
[23:53:37] Admin (WankyonPCin180p, 76561198086263481)(<3640.377441, 298.397888, 8060.451172>) opened a lock!
[23:54:02] Admin (WankyonPCin180p, 76561198086263481)(<3640.377441, 298.397888, 8060.451172>) opened a lock!
[00:13:53] Admin (WankyonPCin180p, 76561198086263481)(<13309.554688, 71.606522, 12124.805664>) opened a lock!
[00:14:47] Admin (WankyonPCin180p, 76561198086263481)(<13304.405273, 70.431358, 12137.791016>) opened a lock!
[00:17:25] Admin (WankyonPCin180p, 76561198086263481)(<13301.398438, 70.431358, 12140.553711>) removed a lock!
[00:18:43] Admin (WankyonPCin180p, 76561198086263481)(<13306.908203, 77.495949, 12138.821289>) opened a lock!
[01:25:47] Admin (WankyonPCin180p, 76561198086263481)(<12275.247070, 94.061768, 10627.000000>) opened a lock!
