[09-18-2021][01.10.13] New Admin Log File Created!
[01:13:08] Admin (WankyonPCin180p, 76561198086263481) joined the server!
[01:46:25] Admin (WankyonPCin180p, 76561198086263481)(<13312.713867, 71.629265, 12142.384766>) opened a lock!
[01:52:08] Admin (WankyonPCin180p, 76561198086263481)(<13300.959961, 77.479683, 12129.615234>) opened a lock!
[09-18-2021][05.12.05] Log file reloaded ( Server Restart )
[09-18-2021][09.13.51] Log file reloaded ( Server Restart )
[09-18-2021][13.15.43] Log file reloaded ( Server Restart )
[15:46:04] Admin (WankyonPCin180p, 76561198086263481) joined the server!
[09-18-2021][17.17.31] Log file reloaded ( Server Restart )
[17:41:41] Admin (WankyonPCin180p, 76561198086263481) joined the server!
[18:55:00] Admin (WankyonPCin180p, 76561198086263481) joined the server!
[20:01:06] Admin (WankyonPCin180p, 76561198086263481) joined the server!
[21:10:43] Admin (o, 76561199068832255) joined the server!
[09-18-2021][21.19.07] Log file reloaded ( Server Restart )
[09-18-2021][21.20.53] Log file reloaded ( Server Restart )
[09-18-2021][21.22.02] Log file reloaded ( Server Restart )
[09-18-2021][21.23.43] Log file reloaded ( Server Restart )
[09-18-2021][21.24.52] Log file reloaded ( Server Restart )
[21:26:31] Admin (o, 76561199068832255) joined the server!
[21:27:46] Admin (WankyonPCin180p, 76561198086263481) joined the server!
[22:09:14] Admin (o, 76561199068832255) joined the server!
[22:15:35] Admin (WankyonPCin180p, 76561198086263481) joined the server!
[22:21:49] Admin (WankyonPCin180p, 76561198086263481) joined the server!
[22:22:38] Admin (WankyonPCin180p, 76561198086263481)(<13298.168945, 69.805489, 12103.271484>) opened a lock!
[22:22:48] Admin (WankyonPCin180p, 76561198086263481)(<13309.118164, 70.394386, 12122.641602>) opened a lock!
[22:31:49] Admin (o, 76561199068832255) joined the server!
[22:33:49] Admin (o, 76561199068832255) joined the server!
