[09-17-2021][02.53.06] New Admin Log File Created!
[09-17-2021][04.40.37] Log file reloaded ( Server Restart )
[09-17-2021][08.42.22] Log file reloaded ( Server Restart )
[10:59:07] Admin (KingHotDog, 76561199068832255) joined the server!
[11:25:12] Admin (KingHotDog, 76561199068832255)(<4064.708252, 324.549530, 8903.115234>) opened a lock!
[09-17-2021][12.44.05] Log file reloaded ( Server Restart )
[09-17-2021][16.54.46] Log file reloaded ( Server Restart )
[18:14:00] Admin (WankyonPCin180p, 76561198086263481) joined the server!
[18:41:40] Admin (WankyonPCin180p, 76561198086263481)(<4076.916992, 324.558716, 8884.259766>) removed a lock!
[18:42:25] Admin (WankyonPCin180p, 76561198086263481)(<4076.916992, 324.558716, 8884.259766>) removed a lock!
[18:43:06] Admin (WankyonPCin180p, 76561198086263481)(<4076.916992, 324.558716, 8884.259766>) removed a lock!
[19:29:38] Admin (WankyonPCin180p, 76561198086263481)(<4070.677246, 325.748535, 8929.972656>) opened a lock!
[19:30:00] Admin (WankyonPCin180p, 76561198086263481)(<4070.677246, 325.748535, 8929.972656>) opened a lock!
[20:00:41] Admin (WankyonPCin180p, 76561198086263481)(<13298.168945, 69.805489, 12103.271484>) opened a lock!
[20:00:52] Admin (WankyonPCin180p, 76561198086263481)(<13309.118164, 70.394386, 12122.641602>) opened a lock!
[20:42:54] Admin (WankyonPCin180p, 76561198086263481) joined the server!
[09-17-2021][20.56.44] Log file reloaded ( Server Restart )
[09-17-2021][20.57.51] Log file reloaded ( Server Restart )
[09-17-2021][20.58.58] Log file reloaded ( Server Restart )
[09-17-2021][21.00.18] Log file reloaded ( Server Restart )
[09-17-2021][21.02.05] Log file reloaded ( Server Restart )
[09-17-2021][21.03.53] Log file reloaded ( Server Restart )
[09-17-2021][21.05.46] Log file reloaded ( Server Restart )
[09-17-2021][21.07.24] Log file reloaded ( Server Restart )
[21:09:58] Admin (KingHotDog, 76561199068832255) joined the server!
[21:37:40] Admin (KingHotDog, 76561199068832255) joined the server!
[21:47:14] Admin (KingHotDog, 76561199068832255) joined the server!
[21:52:13] Admin (KingHotDog, 76561199068832255)(<12280.497070, 93.727318, 10618.833984>) opened a lock!
[21:52:43] Admin (KingHotDog, 76561199068832255)(<12266.634766, 93.727325, 10619.683594>) opened a lock!
[21:53:02] Admin (KingHotDog, 76561199068832255)(<12264.987305, 93.795547, 10621.422852>) opened a lock!
[21:53:13] Admin (KingHotDog, 76561199068832255)(<12266.791016, 93.727318, 10624.430664>) opened a lock!
[00:15:22] Admin (WankyonPCin180p, 76561198086263481) joined the server!
[00:17:06] Admin (WankyonPCin180p, 76561198086263481)(<13298.168945, 69.805489, 12103.271484>) opened a lock!
