[10-04-2021][03.58.35] New Admin Log File Created!
[10-04-2021][08.00.11] Log file reloaded ( Server Restart )
[10-04-2021][08.55.33] Log file reloaded ( Server Restart )
[10:57:21] Admin (o, 76561199068832255) joined the server!
[11:41:41] Admin (o, 76561199068832255) joined the server!
[11:45:13] Admin (o, 76561199068832255)(<3586.593018, 19.548012, 2172.483887>) opened a lock!
[11:49:46] Admin (o, 76561199068832255)(<3586.593018, 19.548012, 2172.483887>) opened a lock!
[10-04-2021][12.57.22] Log file reloaded ( Server Restart )
[13:29:11] Admin (o, 76561199068832255) joined the server!
[10-04-2021][16.59.14] Log file reloaded ( Server Restart )
[19:03:36] Admin (o, 76561199068832255) joined the server!
[19:04:08] Admin (o, 76561199068832255)(<3587.026611, 7.212144, 2193.447510>) opened a lock!
[19:46:56] Admin (o, 76561199068832255) joined the server!
[19:49:09] Admin (o, 76561199068832255)(<3586.364258, 7.637123, 2181.251709>) opened a lock!
[19:50:00] Admin (o, 76561199068832255)(<3586.364258, 7.637123, 2181.251709>) opened a lock!
[19:55:26] Admin (o, 76561199068832255)(<3586.320313, 7.637123, 2183.474121>) opened a lock!
[19:55:39] Admin (o, 76561199068832255)(<3586.364258, 7.637123, 2181.251709>) opened a lock!
[19:58:39] Admin (o, 76561199068832255)(<3586.320313, 7.637123, 2183.474121>) opened a lock!
[19:58:41] Admin (o, 76561199068832255)(<3586.320313, 7.637123, 2183.474121>) change passcode of a lock!
[19:58:44] Admin (o, 76561199068832255)(<3586.320313, 7.637123, 2183.474121>) opened a lock!
[10-04-2021][21.01.11] Log file reloaded ( Server Restart )
