[10-21-2021][02.24.35] New Admin Log File Created!
[10-21-2021][06.25.51] Log file reloaded ( Server Restart )
[07:51:59] Admin (o, 76561199068832255) joined the server!
[09:13:04] Admin (o, 76561199068832255) joined the server!
[10-21-2021][10.27.06] Log file reloaded ( Server Restart )
[11:09:49] Admin (o, 76561199068832255) joined the server!
[11:10:46] Admin (o, 76561199068832255) joined the server!
[11:56:48] Admin (o, 76561199068832255) joined the server!
[10-21-2021][14.28.24] Log file reloaded ( Server Restart )
[15:33:56] Admin (o, 76561199068832255) joined the server!
[18:18:29] Admin (o, 76561199068832255)(<8423.798828, 121.399231, 12895.400391>) opened a lock!
[18:22:00] Admin (o, 76561199068832255)(<8426.030273, 125.065704, 12890.287109>) opened a lock!
[18:23:11] Admin (o, 76561199068832255)(<3576.226563, 21.278069, 2182.254639>) opened a lock!
[18:23:14] Admin (o, 76561199068832255)(<3574.355225, 21.346304, 2181.206787>) opened a lock!
[18:23:26] Admin (o, 76561199068832255)(<3574.374023, 21.346273, 2183.188721>) opened a lock!
[18:23:55] Admin (o, 76561199068832255)(<3576.236816, 21.278069, 2177.315674>) opened a lock!
[18:24:03] Admin (o, 76561199068832255)(<3574.317627, 21.346308, 2176.467529>) opened a lock!
[18:24:12] Admin (o, 76561199068832255)(<3575.985596, 21.346205, 2178.977539>) opened a lock!
[18:24:26] Admin (o, 76561199068832255)(<3577.971680, 21.346085, 2175.555908>) opened a lock!
[10-21-2021][18.29.42] Log file reloaded ( Server Restart )
[18:31:03] Admin (o, 76561199068832255) joined the server!
[19:46:04] Admin (o, 76561199068832255) joined the server!
[10-21-2021][22.31.22] Log file reloaded ( Server Restart )
[23:19:50] Admin (Perry The Platapus, 76561199068832255) joined the server!
