[10-24-2021][01.17.47] New Admin Log File Created!
[10-24-2021][03.18.44] Log file reloaded ( Server Restart )
[10-24-2021][05.19.37] Log file reloaded ( Server Restart )
[10-24-2021][07.20.28] Log file reloaded ( Server Restart )
[10-24-2021][09.21.19] Log file reloaded ( Server Restart )
[10-24-2021][11.22.13] Log file reloaded ( Server Restart )
[10-24-2021][13.23.08] Log file reloaded ( Server Restart )
[10-24-2021][15.24.01] Log file reloaded ( Server Restart )
[10-24-2021][17.25.01] Log file reloaded ( Server Restart )
[10-24-2021][19.26.08] Log file reloaded ( Server Restart )
[10-24-2021][21.27.26] Log file reloaded ( Server Restart )
[21:43:06] Admin (Perry The Platapus, 76561199068832255) joined the server!
[21:56:55] Admin (Perry The Platapus, 76561199068832255) joined the server!
[22:12:51] Admin (Perry The Platapus, 76561199068832255) joined the server!
[22:22:28] Admin (Perry The Platapus, 76561199068832255) joined the server!
[23:16:18] Admin (Perry The Platapus, 76561199068832255) joined the server!
[23:32:35] Admin (Perry The Platapus, 76561199068832255) joined the server!
[23:47:17] Admin (Perry The Platapus, 76561199068832255) joined the server!
[23:49:52] Admin (Perry The Platapus, 76561199068832255) joined the server!
[23:55:38] Admin (Perry The Platapus, 76561199068832255) joined the server!
[10-24-2021][23.59.09] Log file reloaded ( Server Restart )
[00:02:21] Admin (Perry The Platapus, 76561199068832255) joined the server!
[00:29:32] Admin (Perry The Platapus, 76561199068832255) joined the server!
[00:48:37] Admin (Perry The Platapus, 76561199068832255)(<8420.615234, 137.645462, 12891.885742>) opened a lock!
[00:48:56] Admin (Perry The Platapus, 76561199068832255)(<8432.648438, 137.643463, 12890.073242>) opened a lock!
[00:49:07] Admin (Perry The Platapus, 76561199068832255)(<8426.368164, 137.643463, 12885.453125>) change passcode of a lock!
[00:49:12] Admin (Perry The Platapus, 76561199068832255)(<8426.368164, 137.643463, 12885.453125>) opened a lock!
