[08-28-2021][01.42.44] New Attach Log File Created!
[06:23:56] Player (Sauce, 76561199194857204)(<7803.882324, 313.654327, 6894.878418>) attached a lock!
[08-28-2021][07.44.50] Log file reloaded ( Server Restart )
[08-28-2021][09.19.39] Log file reloaded ( Server Restart )
[08-28-2021][10.09.36] Log file reloaded ( Server Restart )
[12:09:17] Player (Dr. Mauler, 76561198022416611)(<12887.143555, 68.460823, 15107.827148>) attached a lock!
[12:09:35] Player (Dr. Mauler, 76561198022416611)(<12887.143555, 68.460823, 15107.827148>) attached a lock!
[12:17:27] Player (KingHotDog, 76561199068832255)(<13746.823242, 6.193929, 3729.368164>) attached a lock!
[12:17:37] Player (KingHotDog, 76561199068832255)(<13746.823242, 6.193929, 3729.368164>) attached a lock!
[12:17:49] Player (KingHotDog, 76561199068832255)(<13746.823242, 6.193929, 3729.368164>) attached a lock!
[12:19:02] Player (KingHotDog, 76561199068832255)(<13746.823242, 6.193929, 3729.368164>) attached a lock!
[12:31:06] Player (Dr. Mauler, 76561198022416611)(<12888.250977, 68.105797, 15107.663086>) attached a lock!
[12:31:22] Player (Dr. Mauler, 76561198022416611)(<12888.804688, 68.105797, 15107.329102>) attached a lock!
[12:31:36] Player (Dr. Mauler, 76561198022416611)(<12889.368164, 68.105797, 15106.971680>) attached a lock!
[15:55:00] Player (PussinaBush, 76561198086263481)(<13309.508789, 70.394386, 12122.833008>) attached a lock!
[15:58:42] Player (PussinaBush, 76561198086263481)(<13297.161133, 70.426727, 12121.173828>) attached a lock!
[08-28-2021][16.11.45] Log file reloaded ( Server Restart )
[16:34:20] Player (PussinaBush, 76561198086263481)(<13310.740234, 70.417130, 12142.390625>) attached a lock!
[16:35:40] Player (PussinaBush, 76561198086263481)(<13301.398438, 70.431358, 12140.553711>) attached a lock!
[16:36:13] Player (PussinaBush, 76561198086263481)(<13306.908203, 77.495949, 12138.821289>) attached a lock!
[16:36:44] Player (PussinaBush, 76561198086263481)(<13304.783203, 77.479683, 12129.791992>) attached a lock!
[19:55:25] Player (Kaleb, 76561198892748368)(<11161.032227, 199.577621, 12307.233398>) attached a lock!
[21:16:29] Player (Aaron, 76561199083883076)(<1125.932373, 344.339203, 9971.625000>) attached a lock!
[08-28-2021][22.13.55] Log file reloaded ( Server Restart )
