[09-15-2021][01.31.14] New Attach Log File Created!
[01:36:05] Player (ItsToXiiiic, 76561198138907923)(<12280.031250, 93.727318, 10624.173828>) attached a lock!
[01:41:39] Player (WankyonPCin180p, 76561198086263481)(<13301.398438, 70.431358, 12140.553711>) attached a lock!
[02:22:45] Player (ItsToXiiiic, 76561198138907923)(<12280.497070, 93.727318, 10618.833984>) attached a lock!
[02:46:21] Player (Red, 76561199006391731)(<12244.516602, 21.993599, 14268.470703>) attached a lock!
[09-15-2021][05.33.12] Log file reloaded ( Server Restart )
[09-15-2021][09.35.01] Log file reloaded ( Server Restart )
[09-15-2021][13.36.49] Log file reloaded ( Server Restart )
[09-15-2021][14.35.07] Log file reloaded ( Server Restart )
[14:45:31] Player (WankyonPCin180p, 76561198086263481)(<13301.398438, 70.431358, 12140.553711>) attached a lock!
[17:36:15] Player (Toast a Bear, 76561198420720986)(<10281.203125, 172.109406, 11000.744141>) attached a lock!
[09-15-2021][18.36.49] Log file reloaded ( Server Restart )
[20:43:27] Player (X O X, 76561199142749317)(<5740.141602, 114.653183, 2632.275635>) attached a lock!
[20:43:39] Player (X O X, 76561199142749317)(<5740.141602, 114.653183, 2632.275635>) attached a lock!
[20:43:50] Player (X O X, 76561199142749317)(<5740.141602, 114.653183, 2632.275635>) attached a lock!
[20:44:04] Player (X O X, 76561199142749317)(<5740.141602, 114.653183, 2632.275635>) attached a lock!
[20:44:19] Player (X O X, 76561199142749317)(<5740.141602, 114.653183, 2632.275635>) attached a lock!
[20:54:40] Player (X O X, 76561199142749317)(<5740.141602, 114.653183, 2632.275635>) attached a lock!
[22:15:14] Player (Tomkat, 76561198033204425)(<11447.662109, 221.419205, 7492.741211>) attached a lock!
[09-15-2021][22.39.11] Log file reloaded ( Server Restart )
[23:42:20] Player (Horace P.Mctitties, 76561199116750898)(<4974.209961, 279.276154, 6040.051270>) attached a lock!
[00:52:51] Player (X O X, 76561199142749317)(<5741.290039, 114.652626, 2636.943115>) attached a lock!
