[09-23-2021][00.02.51] New Attach Log File Created!
[00:13:02] Player (Glazed&Confused, 76561198007338243)(<3905.934082, 226.146255, 14174.368164>) attached a lock!
[00:16:53] Player (Mani, 76561198018840173)(<3902.169678, 226.045822, 14167.009766>) attached a lock!
[01:07:12] Player (Survivor, 76561198144999576)(<169.165894, 210.583267, 5627.783691>) attached a lock!
[01:11:22] Player (Survivor, 76561198144999576)(<176.097336, 210.656967, 5640.968750>) attached a lock!
[01:46:42] Player (Tiny, 76561198088740296)(<5721.989746, 474.655945, 15230.267578>) attached a lock!
[02:08:16] Player (Survivor, 76561198144999576)(<176.017624, 210.904846, 5644.315918>) attached a lock!
[02:08:38] Player (Survivor, 76561198144999576)(<176.017624, 210.904846, 5644.315918>) attached a lock!
[02:08:47] Player (Survivor, 76561198144999576)(<176.017624, 210.904846, 5644.315918>) attached a lock!
[02:08:57] Player (Survivor, 76561198144999576)(<176.097336, 210.656967, 5640.968750>) attached a lock!
[09-23-2021][04.05.24] Log file reloaded ( Server Restart )
[05:14:20] Player (rvxvii, 76561198225084544)(<3577.983154, 6.424985, 2165.907959>) attached a lock!
[05:19:04] Player (rvxvii, 76561198225084544)(<3577.983154, 6.424985, 2165.907959>) attached a lock!
[05:19:23] Player (rvxvii, 76561198225084544)(<3577.983154, 6.424985, 2165.907959>) attached a lock!
[05:19:32] Player (rvxvii, 76561198225084544)(<3577.983154, 6.424985, 2165.907959>) attached a lock!
[06:32:00] Player (rvxvii, 76561198225084544)(<3577.983154, 6.424985, 2165.907959>) attached a lock!
[09-23-2021][08.07.31] Log file reloaded ( Server Restart )
[09-23-2021][12.09.24] Log file reloaded ( Server Restart )
[13:15:06] Player (LordOfTheRams, 76561198128005053)(<5713.475586, 474.724091, 15230.427734>) attached a lock!
[13:19:07] Player (LordOfTheRams, 76561198128005053)(<5714.492188, 474.723907, 15227.907227>) attached a lock!
[13:19:18] Player (LordOfTheRams, 76561198128005053)(<5714.634766, 474.723877, 15227.209961>) attached a lock!
[13:59:59] Player (LordOfTheRams, 76561198128005053)(<5710.628906, 474.655945, 15223.474609>) attached a lock!
[09-23-2021][14.18.36] Log file reloaded ( Server Restart )
[15:37:59] Player (Vasili Zajtsev, 76561198439010161)(<4068.686523, 324.736420, 8929.920898>) attached a lock!
[15:41:27] Player (Vasili Zajtsev, 76561198439010161)(<4066.794189, 324.737396, 8928.010742>) attached a lock!
[15:45:19] Player (Vasili Zajtsev, 76561198439010161)(<4066.200195, 324.669830, 8925.810547>) attached a lock!
[09-23-2021][18.20.30] Log file reloaded ( Server Restart )
[21:04:54] Player (Skynyrd, 76561198033204425)(<11473.442383, 221.419083, 7472.841309>) attached a lock!
[21:16:40] Player (HAUNTxURxDREAMS, 76561199166899329)(<3585.254150, 5.999999, 2201.261230>) attached a lock!
[09-23-2021][22.22.45] Log file reloaded ( Server Restart )
[22:32:26] Player (SonJd, 76561198214438271)(<3593.158203, 5.999993, 2186.104248>) attached a lock!
[00:09:07] Player ([NastyBoyz] Taco Man, 76561198264078481)(<6342.958496, 289.338806, 7453.271484>) attached a lock!
[00:13:05] Player (Ringo, 76561198272441468)(<6342.279785, 289.338806, 7457.467285>) attached a lock!
[01:01:06] Player (Barry McCockiner, 76561198858404418)(<12243.041016, 92.875458, 10587.479492>) attached a lock!
[01:59:46] Player (N1cK270, 76561198004053767)(<12280.545898, 93.795441, 10626.021484>) attached a lock!
[02:06:33] Player (Barry McCockiner, 76561198858404418)(<12244.549805, 92.960533, 10606.147461>) attached a lock!
