[09-25-2021][02.42.18] New Attach Log File Created!
[05:04:12] Player (Survivor, 76561198142583157)(<3823.290283, 192.025818, 12990.279297>) attached a lock!
[09-25-2021][06.44.52] Log file reloaded ( Server Restart )
[09-25-2021][10.46.45] Log file reloaded ( Server Restart )
[13:38:42] Player (Aaron, 76561199083883076)(<12237.580078, 92.875458, 10588.390625>) attached a lock!
[09-25-2021][14.48.35] Log file reloaded ( Server Restart )
[16:26:34] Player ([NastBoyz]GlockHoliday, 76561198849113791)(<4549.432617, 233.237289, 4542.541504>) attached a lock!
[17:54:27] Player (SonJd, 76561198214438271)(<3579.112305, 6.424985, 2175.385010>) attached a lock!
[18:06:24] Player (SonJd, 76561198214438271)(<3585.031494, 15.112545, 2176.615479>) attached a lock!
[18:15:15] Player (SonJd, 76561198214438271)(<3592.269043, 18.679281, 2181.543701>) attached a lock!
[18:26:54] Player (Vasili Zajtsev, 76561198439010161)(<4063.339600, 324.541565, 8919.448242>) attached a lock!
[18:30:07] Player ([NastBoyz]GlockHoliday, 76561198849113791)(<4562.141602, 233.237289, 4552.100098>) attached a lock!
[18:37:04] Player (Ringo, 76561198272441468)(<4574.247559, 233.237289, 4537.559082>) attached a lock!
[09-25-2021][18.50.33] Log file reloaded ( Server Restart )
[09-25-2021][22.52.29] Log file reloaded ( Server Restart )
[01:34:55] Player (STIXS, 76561198281115814)(<11474.595703, 229.499252, 7470.188965>) attached a lock!
[02:16:03] Player (Survivor (3), 76561198142583157)(<3818.354004, 195.664230, 13000.315430>) attached a lock!
[02:21:10] Player (Skynyrd, 76561198033204425)(<11472.534180, 229.410141, 7489.047852>) attached a lock!
[02:21:47] Player (Skynyrd, 76561198033204425)(<11470.743164, 229.417755, 7484.036621>) attached a lock!
[02:22:06] Player (Skynyrd, 76561198033204425)(<11469.342773, 229.424316, 7479.530273>) attached a lock!
[02:22:29] Player (Skynyrd, 76561198033204425)(<11467.978516, 229.431107, 7474.770996>) attached a lock!
[02:34:47] Player (clen, 76561199135214219)(<11197.376953, 161.319168, 15326.826172>) attached a lock!
[02:51:39] Player (Skynyrd, 76561198033204425)(<11455.667969, 229.431931, 7475.112793>) attached a lock!
[02:52:02] Player (Skynyrd, 76561198033204425)(<11451.157227, 229.431931, 7476.546875>) attached a lock!
[02:52:37] Player (Skynyrd, 76561198033204425)(<11464.910156, 229.419144, 7489.862793>) attached a lock!
