[09-10-2021][01.51.45] New Attach Log File Created!
[09-10-2021][01.52.44] Log file reloaded ( Server Restart )
[09-10-2021][01.53.43] Log file reloaded ( Server Restart )
[02:36:53] Player (Knee Greaux, 76561198420720986)(<1377.442017, 433.992310, 12899.203125>) attached a lock!
[02:42:38] Player (Knee Greaux, 76561198420720986)(<1383.339722, 434.005859, 12906.359375>) attached a lock!
[03:46:46] Player (Barry McCockiner, 76561198858404418)(<1379.548950, 434.058197, 12898.256836>) attached a lock!
[09-10-2021][05.55.19] Log file reloaded ( Server Restart )
[09-10-2021][09.56.56] Log file reloaded ( Server Restart )
[09-10-2021][13.58.34] Log file reloaded ( Server Restart )
[17:10:07] Player (Mad__Maxx, 76561198058108972)(<12266.317383, 21.993599, 14254.015625>) attached a lock!
[17:22:36] Player (Mad__Maxx, 76561198058108972)(<12282.775391, 21.993599, 14258.368164>) attached a lock!
[17:41:01] Player (Mad__Maxx, 76561198058108972)(<12278.728516, 21.993599, 14249.160156>) attached a lock!
[17:41:28] Player (Mad__Maxx, 76561198058108972)(<12276.460938, 21.993599, 14263.510742>) attached a lock!
[09-10-2021][18.00.10] Log file reloaded ( Server Restart )
[18:06:06] Player (Mad__Maxx, 76561198058108972)(<12275.999023, 21.993599, 14263.583984>) attached a lock!
[18:12:18] Player (Kaleb, 76561198892748368)(<11160.094727, 202.830872, 12306.104492>) attached a lock!
[18:23:47] Player (Com_A, 76561198074577046)(<12111.515625, 27.390089, 14292.231445>) attached a lock!
[19:29:56] Player (SonJd, 76561198214438271)(<3583.334473, 18.611160, 2170.184326>) attached a lock!
[09-10-2021][22.08.54] Log file reloaded ( Server Restart )
[23:59:30] Player (Tomkat, 76561198033204425)(<11446.451172, 229.431931, 7474.976563>) attached a lock!
[00:02:44] Player ({Hentai Heroes} Royer The Destroyer, 76561198045543999)(<12953.397461, 55.693718, 15034.487305>) attached a lock!
[00:18:40] Player ({Hentai Heroes} Royer The Destroyer, 76561198045543999)(<12970.442383, 56.464428, 15036.335938>) attached a lock!
[00:34:43] Player (Tomkat, 76561198033204425)(<11446.451172, 229.431931, 7474.976563>) attached a lock!
[00:40:07] Player (Sauce, 76561199194857204)(<7793.112305, 313.563477, 6909.541016>) attached a lock!
