[09-29-2021][02.14.38] New Attach Log File Created!
[02:29:08] Player (LordofCereal, 76561198120957192)(<7813.401367, 215.168579, 5115.291016>) attached a lock!
[02:30:19] Player (Survivor, 76561198144999576)(<176.991684, 210.363159, 5638.885254>) attached a lock!
[09-29-2021][06.16.26] Log file reloaded ( Server Restart )
[06:23:40] Player (LordofCereal, 76561198120957192)(<7813.257813, 215.168579, 5116.685547>) attached a lock!
[09-29-2021][12.33.16] Log file reloaded ( Server Restart )
[14:55:21] Player (Greeneyedgirl, 76561198322574474)(<5928.190430, 303.564697, 7874.785156>) attached a lock!
[14:55:58] Player (Greeneyedgirl, 76561198322574474)(<5928.190430, 303.564697, 7874.785156>) attached a lock!
[14:56:10] Player (Sarnt_T, 76561199192268635)(<5928.190430, 303.564697, 7874.785156>) attached a lock!
[14:56:21] Player (Sarnt_T, 76561199192268635)(<5928.190430, 303.564697, 7874.785156>) attached a lock!
[15:05:23] Player (Sarnt_T, 76561199192268635)(<5957.226563, 309.136719, 7899.978027>) attached a lock!
[15:06:07] Player (Greeneyedgirl, 76561198322574474)(<5959.303711, 309.136719, 7900.909180>) attached a lock!
[15:06:23] Player (Sarnt_T, 76561199192268635)(<5959.303711, 309.136719, 7900.909180>) attached a lock!
[15:06:28] Player (Sarnt_T, 76561199192268635)(<5959.303711, 309.136719, 7900.909180>) attached a lock!
[09-29-2021][16.35.03] Log file reloaded ( Server Restart )
[17:58:13] Player (aerology, 76561198166930831)(<1985.163208, 258.115540, 7385.375488>) attached a lock!
[18:04:22] Player (aerology, 76561198166930831)(<1982.297974, 259.568878, 7372.859375>) attached a lock!
[19:31:41] Player (Kaleb, 76561198892748368)(<11166.286133, 202.826096, 12301.839844>) attached a lock!
[19:32:01] Player (Kaleb, 76561198892748368)(<11166.038086, 202.826294, 12303.879883>) attached a lock!
[19:32:10] Player (Kaleb, 76561198892748368)(<11166.038086, 202.826294, 12303.879883>) attached a lock!
[09-29-2021][19.33.24] Log file reloaded ( Server Restart )
[20:12:59] Player (Skynyrd, 76561198033204425)(<11454.248047, 221.419174, 7487.890137>) attached a lock!
[20:48:57] Player (SonJd, 76561198214438271)(<3594.468018, 7.412386, 2168.896729>) attached a lock!
[21:12:49] Player (KillSwitch68, 76561198041952552)(<3589.950195, 6.424985, 2181.035156>) attached a lock!
[21:45:12] Player (Skynyrd, 76561198033204425)(<11463.396484, 221.419128, 7484.758301>) attached a lock!
[22:34:33] Player (HAUNTxURxDREAMS, 76561199166899329)(<3578.356445, 6.424985, 2167.843506>) attached a lock!
[22:37:58] Player (HAUNTxURxDREAMS, 76561199166899329)(<3584.346924, 6.424985, 2183.470947>) attached a lock!
[09-29-2021][23.35.37] Log file reloaded ( Server Restart )
[23:53:37] Player (MrsBLazy, 76561199124588882)(<6856.226563, 81.163765, 3498.498779>) attached a lock!
[00:40:15] Player (Skynyrd, 76561198033204425)(<11456.645508, 221.419144, 7478.126465>) attached a lock!
[03:31:14] Player ([N.E.M] PoGo Sticks, 76561199165939621)(<8781.728516, 142.020447, 2914.843262>) attached a lock!
