[09-19-2021][01.27.54] New Attach Log File Created!
[03:01:26] Player (Aaron, 76561199083883076)(<1134.298340, 344.544006, 9974.480469>) attached a lock!
[04:20:14] Player ([NastBoyz]GlockHoliday, 76561198849113791)(<8959.389648, 371.537842, 7420.443848>) attached a lock!
[09-19-2021][05.29.41] Log file reloaded ( Server Restart )
[09-19-2021][09.31.27] Log file reloaded ( Server Restart )
[09-19-2021][13.33.12] Log file reloaded ( Server Restart )
[15:20:44] Player (BewB, 76561198167461937)(<8108.606934, 2.623934, 2897.852051>) attached a lock!
[15:24:53] Player (Aaron, 76561199083883076)(<12237.627930, 92.875458, 10590.447266>) attached a lock!
[15:25:08] Player (Aaron, 76561199083883076)(<12237.627930, 92.875458, 10590.447266>) attached a lock!
[15:25:33] Player (Aaron, 76561199083883076)(<12237.627930, 92.875458, 10590.447266>) attached a lock!
[15:25:59] Player (Aaron, 76561199083883076)(<12237.627930, 92.875458, 10590.447266>) attached a lock!
[15:27:05] Player (Aaron, 76561199083883076)(<12237.650391, 92.875458, 10588.373047>) attached a lock!
[15:27:26] Player (Aaron, 76561199083883076)(<12237.627930, 92.875458, 10590.447266>) attached a lock!
[15:27:49] Player (Aaron, 76561199083883076)(<12237.627930, 92.875458, 10590.447266>) attached a lock!
[15:29:34] Player (Barry McCockiner, 76561198858404418)(<12241.875977, 92.875458, 10583.315430>) attached a lock!
[15:30:06] Player (Barry McCockiner, 76561198858404418)(<12241.875977, 92.875458, 10583.315430>) attached a lock!
[15:30:20] Player (Barry McCockiner, 76561198858404418)(<12240.409180, 92.875458, 10583.889648>) attached a lock!
[15:31:43] Player (Aaron, 76561199083883076)(<12234.785156, 93.342857, 10620.234375>) attached a lock!
[15:34:22] Player (Barry McCockiner, 76561198858404418)(<12241.875977, 92.875458, 10583.315430>) attached a lock!
[15:43:11] Player (Aaron, 76561199083883076)(<12241.161133, 92.875458, 10592.011719>) attached a lock!
[15:53:25] Player (Aaron, 76561199083883076)(<12237.580078, 92.875458, 10588.390625>) attached a lock!
[15:57:19] Player (Aaron, 76561199083883076)(<12238.033203, 92.875458, 10586.456055>) attached a lock!
[15:57:47] Player (Barry McCockiner, 76561198858404418)(<12241.875977, 92.875458, 10583.315430>) attached a lock!
[15:57:48] Player (Aaron, 76561199083883076)(<12237.627930, 92.875458, 10590.447266>) attached a lock!
[15:58:05] Player (Barry McCockiner, 76561198858404418)(<12241.875977, 92.875458, 10583.315430>) attached a lock!
[15:58:20] Player (Barry McCockiner, 76561198858404418)(<12240.409180, 92.875458, 10583.889648>) attached a lock!
[09-19-2021][17.35.05] Log file reloaded ( Server Restart )
[18:26:14] Player (Barry McCockiner, 76561198858404418)(<12240.840820, 92.785049, 10596.301758>) attached a lock!
[21:14:59] Player (Tomkat, 76561198033204425)(<11455.859375, 221.419174, 7492.502441>) attached a lock!
[09-19-2021][21.38.34] Log file reloaded ( Server Restart )
[09-19-2021][21.39.41] Log file reloaded ( Server Restart )
[21:45:33] Player (Tomkat, 76561198033204425)(<11459.830078, 221.419159, 7491.191406>) attached a lock!
[22:14:42] Player (Tomkat, 76561198033204425)(<11447.869141, 221.417358, 7473.855957>) attached a lock!
[22:40:14] Player (Tomkat, 76561198033204425)(<11464.143555, 221.419144, 7490.044922>) attached a lock!
[23:00:24] Player (Aaron, 76561199083883076)(<12255.083008, 92.749054, 10606.701172>) attached a lock!
[23:22:12] Player (Aaron, 76561199083883076)(<12238.760742, 92.845840, 10626.814453>) attached a lock!
[00:20:10] Player ([NastBoyz]GlockHoliday, 76561198849113791)(<8960.083984, 371.439941, 7420.075195>) attached a lock!
