[09-18-2021][01.10.13] New Attach Log File Created!
[01:25:26] Player (Scuffed, 76561198988386422)(<12241.183594, 93.406395, 10621.734375>) attached a lock!
[01:59:36] Player (Mani, 76561198018840173)(<3909.864502, 228.807571, 14166.615234>) attached a lock!
[02:02:04] Player (Daddy, 76561198171687766)(<12269.033203, 93.795303, 10625.107422>) attached a lock!
[03:05:22] Player (SonJd, 76561198214438271)(<3592.120850, 18.679281, 2180.837402>) attached a lock!
[03:07:57] Player (Mani, 76561198018840173)(<3910.282715, 228.807175, 14170.386719>) attached a lock!
[03:20:38] Player (Mani, 76561198018840173)(<3911.871338, 228.880356, 14165.519531>) attached a lock!
[09-18-2021][05.12.05] Log file reloaded ( Server Restart )
[05:54:29] Player (Simo Hayha, 76561198068602230)(<4061.932617, 324.549377, 8903.404297>) attached a lock!
[06:08:03] Player (Simo Hayha, 76561198068602230)(<4064.503662, 324.556427, 8888.994141>) attached a lock!
[07:09:35] Player (Simo Hayha, 76561198068602230)(<4078.249023, 324.556000, 8889.871094>) attached a lock!
[09-18-2021][09.13.51] Log file reloaded ( Server Restart )
[09:22:09] Player (Simo Hayha, 76561198068602230)(<4066.218994, 324.538391, 8925.907227>) attached a lock!
[09:24:38] Player (Simo Hayha, 76561198068602230)(<4065.459473, 324.539276, 8924.110352>) attached a lock!
[09:26:35] Player (Simo Hayha, 76561198068602230)(<4066.797607, 324.712402, 8923.811523>) attached a lock!
[10:30:03] Player (Simo Hayha, 76561198068602230)(<4070.631348, 324.539429, 8923.786133>) attached a lock!
[10:49:50] Player (Simo Hayha, 76561198068602230)(<4078.349854, 324.556000, 8889.832031>) attached a lock!
[11:48:31] Player (Simo Hayha, 76561198068602230)(<4061.199951, 324.556671, 8888.477539>) attached a lock!
[11:53:20] Player (Vasili Zajtsev, 76561198439010161)(<4071.926514, 324.541443, 8923.304688>) attached a lock!
[11:56:16] Player (Vasili Zajtsev, 76561198439010161)(<4064.656738, 324.546997, 8908.320313>) attached a lock!
[12:52:09] Player (Vasili Zajtsev, 76561198439010161)(<4068.835938, 324.539429, 8923.815430>) attached a lock!
[09-18-2021][13.15.43] Log file reloaded ( Server Restart )
[15:31:29] Player (Simo Hayha, 76561198068602230)(<4061.936523, 324.547760, 8906.738281>) attached a lock!
[15:47:36] Player (Simo Hayha, 76561198068602230)(<4056.115723, 324.552521, 8896.976563>) attached a lock!
[16:00:43] Player (Simo Hayha, 76561198068602230)(<4056.142090, 324.551910, 8898.223633>) attached a lock!
[09-18-2021][17.17.31] Log file reloaded ( Server Restart )
[19:48:52] Player (Vasili Zajtsev, 76561198439010161)(<4069.698730, 324.541168, 8920.215820>) attached a lock!
[19:53:16] Player (Vasili Zajtsev, 76561198439010161)(<4068.268066, 324.541473, 8919.582031>) attached a lock!
[19:55:04] Player (Vasili Zajtsev, 76561198439010161)(<4065.861328, 324.541351, 8919.848633>) attached a lock!
[09-18-2021][21.19.07] Log file reloaded ( Server Restart )
[09-18-2021][21.20.53] Log file reloaded ( Server Restart )
[09-18-2021][21.22.02] Log file reloaded ( Server Restart )
[09-18-2021][21.23.43] Log file reloaded ( Server Restart )
[09-18-2021][21.24.52] Log file reloaded ( Server Restart )
[00:03:07] Player (Mani, 76561198018840173)(<3910.282715, 228.807175, 14170.386719>) attached a lock!
[00:32:05] Player (Mani, 76561198018840173)(<3911.861328, 228.880356, 14165.437500>) attached a lock!
[00:39:58] Player (Glazed&Confused, 76561198007338243)(<3909.080811, 226.140671, 14167.955078>) attached a lock!
