[09-26-2021][02.54.38] New Attach Log File Created!
[09-26-2021][03.05.02] Log file reloaded ( Server Restart )
[06:27:51] Player (clen, 76561199135214219)(<11562.754883, 89.243744, 14745.088867>) attached a lock!
[06:37:56] Player (clen, 76561199135214219)(<11562.112305, 89.243744, 14746.111328>) attached a lock!
[06:42:21] Player (Michael, 76561198142583157)(<3829.842529, 195.664230, 12996.139648>) attached a lock!
[06:42:36] Player (Michael, 76561198142583157)(<3829.842529, 195.664230, 12996.139648>) attached a lock!
[06:42:53] Player (Michael, 76561198142583157)(<3829.842529, 195.664230, 12996.139648>) attached a lock!
[06:50:08] Player (Michael, 76561198142583157)(<3829.842529, 195.664230, 12996.139648>) attached a lock!
[09-26-2021][07.06.54] Log file reloaded ( Server Restart )
[09:45:22] Player (Skynyrd, 76561198033204425)(<11472.455078, 229.431061, 7469.332031>) attached a lock!
[09:49:22] Player (Michael, 76561198142583157)(<3829.842529, 195.664230, 12996.139648>) attached a lock!
[10:34:53] Player (Skynyrd, 76561198033204425)(<11456.972656, 229.495483, 7495.176758>) attached a lock!
[09-26-2021][11.08.50] Log file reloaded ( Server Restart )
[09-26-2021][11.10.34] Log file reloaded ( Server Restart )
[11:14:34] Player (Kaleb, 76561198892748368)(<11152.373047, 199.500748, 12300.793945>) attached a lock!
[12:57:07] Player (Aaron, 76561199083883076)(<12239.417969, 92.875458, 10583.829102>) attached a lock!
[12:58:31] Player (Scuffed, 76561198988386422)(<12279.903320, 93.727318, 10619.356445>) attached a lock!
[14:52:20] Player (SonJd, 76561198214438271)(<3576.708252, 21.254383, 2170.997070>) attached a lock!
[09-26-2021][15.12.56] Log file reloaded ( Server Restart )
[15:32:21] Player (SonJd, 76561198214438271)(<3579.802979, 21.277660, 2178.060303>) attached a lock!
[16:03:17] Player (SonJd, 76561198214438271)(<3581.569336, 21.345747, 2176.815674>) attached a lock!
[16:32:34] Player (SonJd, 76561198214438271)(<3577.936523, 21.345844, 2180.184082>) attached a lock!
[17:14:34] Player (Skynyrd, 76561198033204425)(<11473.053711, 229.485870, 7484.680664>) attached a lock!
[17:44:58] Player (SonJd, 76561198214438271)(<3590.715332, 21.266108, 2170.743896>) attached a lock!
[17:49:10] Player (SonJd, 76561198214438271)(<3581.817383, 21.413010, 2170.283691>) attached a lock!
[17:51:04] Player (Scuffed, 76561198988386422)(<12264.265625, 92.757660, 10629.244141>) attached a lock!
[18:29:35] Player (iNSANE, 76561198167062860)(<3576.708252, 21.254383, 2170.997070>) attached a lock!
[18:54:17] Player (iNSANE, 76561198167062860)(<3578.442139, 21.337017, 2172.428955>) attached a lock!
[19:03:04] Player (DarthErrina, 76561199134542915)(<3590.384033, 18.611160, 2181.462402>) attached a lock!
[19:10:24] Player (HAUNTxURxDREAMS, 76561199166899329)(<3582.884766, 21.276339, 2164.923340>) attached a lock!
[09-26-2021][19.15.51] Log file reloaded ( Server Restart )
[19:24:25] Player (iNSANE, 76561198167062860)(<3577.283936, 21.322470, 2172.252930>) attached a lock!
[19:25:25] Player (iNSANE, 76561198167062860)(<3577.283936, 21.322470, 2172.252930>) attached a lock!
[20:21:50] Player (clen, 76561199135214219)(<11566.613281, 89.243744, 14742.456055>) attached a lock!
[20:22:06] Player (clen, 76561199135214219)(<11566.613281, 89.243744, 14742.456055>) attached a lock!
[20:22:25] Player (clen, 76561199135214219)(<11566.613281, 89.243744, 14742.456055>) attached a lock!
[09-26-2021][23.20.23] Log file reloaded ( Server Restart )
[00:48:22] Player (clen, 76561199135214219)(<11561.928711, 89.243744, 14746.346680>) attached a lock!
[01:05:55] Player (clen, 76561199135214219)(<11561.799805, 85.614243, 14746.461914>) attached a lock!
[01:15:55] Player (clen, 76561199135214219)(<11563.043945, 85.614243, 14745.256836>) attached a lock!
[01:49:24] Player ([N.E.M] Warrior, 76561198108184220)(<8783.561523, 142.024384, 2902.917725>) attached a lock!
