[09-08-2021][01.25.23] New Attach Log File Created!
[09-08-2021][05.27.10] Log file reloaded ( Server Restart )
[06:36:36] Player (Goose, 76561199097533731)(<8251.208984, 353.970367, 6991.411133>) attached a lock!
[09-08-2021][09.28.54] Log file reloaded ( Server Restart )
[09-08-2021][13.30.41] Log file reloaded ( Server Restart )
[09-08-2021][17.32.25] Log file reloaded ( Server Restart )
[19:06:57] Player (Mad__Maxx, 76561198058108972)(<12239.540039, 21.993599, 14267.154297>) attached a lock!
[19:13:18] Player (Mad__Maxx, 76561198058108972)(<12240.911133, 21.993599, 14266.064453>) attached a lock!
[19:24:13] Player (Mad__Maxx, 76561198058108972)(<12242.537109, 21.993599, 14266.204102>) attached a lock!
[20:49:35] Player (RaginCajun, 76561198008597711)(<6609.075684, 14.717463, 2315.972168>) attached a lock!
[21:19:43] Player (SonJd, 76561198214438271)(<3583.574219, 5.999991, 2192.767822>) attached a lock!
[21:31:30] Player (DarthErrina, 76561199134542915)(<3592.901611, 7.413506, 2169.100586>) attached a lock!
[09-08-2021][21.34.22] Log file reloaded ( Server Restart )
[09-08-2021][21.35.28] Log file reloaded ( Server Restart )
[09-08-2021][21.36.36] Log file reloaded ( Server Restart )
[21:43:33] Player (DarthErrina, 76561199134542915)(<3584.720703, 6.424985, 2168.841553>) attached a lock!
[22:01:32] Player ([Lost AF] Scrap, 76561199074254903)(<9998.775391, 6.000000, 1891.050171>) attached a lock!
[22:32:08] Player (SonJd, 76561198214438271)(<3607.132813, 6.000000, 2160.759033>) attached a lock!
[22:33:57] Player (SonJd, 76561198214438271)(<3607.132813, 6.000000, 2160.759033>) attached a lock!
[22:56:16] Player (IDONTKNOWYOU, 76561198151743175)(<3591.820313, 18.613161, 2177.361816>) attached a lock!
[23:16:55] Player (Skynyrd, 76561198033204425)(<11458.609375, 229.430878, 7486.478027>) attached a lock!
[23:54:28] Player (Skynyrd, 76561198033204425)(<11458.609375, 229.430878, 7486.478027>) attached a lock!
[00:06:57] Player (Skynyrd, 76561198033204425)(<11457.758789, 221.419144, 7477.785156>) attached a lock!
[00:40:18] Player (Skynyrd, 76561198033204425)(<11453.463867, 221.419174, 7482.102539>) attached a lock!
[00:44:29] Player (Skynyrd, 76561198033204425)(<11462.506836, 221.419144, 7485.149902>) attached a lock!
