[09-12-2021][00.29.58] New Attach Log File Created!
[09-12-2021][00.31.03] Log file reloaded ( Server Restart )
[02:11:04] Player (Vox Goat Noise Maker, 76561199108039741)(<3860.713379, 311.552094, 8947.096680>) attached a lock!
[09-12-2021][04.32.56] Log file reloaded ( Server Restart )
[09-12-2021][08.34.44] Log file reloaded ( Server Restart )
[09:58:57] Player (Goose, 76561199097533731)(<8251.439453, 354.203552, 6981.618164>) attached a lock!
[10:45:31] Player (Kaleb, 76561198892748368)(<11152.373047, 199.500748, 12300.793945>) attached a lock!
[11:06:31] Player (Glazed&Confused, 76561198007338243)(<3910.860352, 226.140671, 14159.022461>) attached a lock!
[09-12-2021][12.36.35] Log file reloaded ( Server Restart )
[13:29:00] Player (Kaleb, 76561198892748368)(<11167.814453, 198.828217, 12299.200195>) attached a lock!
[15:37:00] Player (Mad__Maxx, 76561198058108972)(<12282.809570, 21.993599, 14253.206055>) attached a lock!
[16:08:31] Player (Kaleb, 76561198892748368)(<11161.764648, 202.829590, 12301.541016>) attached a lock!
[16:19:59] Player (SonJd, 76561198214438271)(<3581.161621, 6.000000, 2201.855957>) attached a lock!
[16:21:38] Player (SonJd, 76561198214438271)(<3586.341553, 6.000000, 2194.101807>) attached a lock!
[09-12-2021][16.38.45] Log file reloaded ( Server Restart )
[16:55:09] Player (Knee Greaux, 76561198420720986)(<1385.243164, 433.886841, 12895.008789>) attached a lock!
[09-12-2021][20.41.13] Log file reloaded ( Server Restart )
[20:50:26] Player (Scuffed, 76561198988386422)(<1371.343750, 433.963623, 12898.817383>) attached a lock!
[21:41:23] Player (Mad__Maxx, 76561198058108972)(<12283.161133, 21.993599, 14254.489258>) attached a lock!
[21:41:55] Player (Mad__Maxx, 76561198058108972)(<12282.494141, 21.993599, 14254.822266>) attached a lock!
[21:45:06] Player (Mad__Maxx, 76561198058108972)(<12281.905273, 21.993599, 14255.050781>) attached a lock!
[00:03:31] Player (Tomkat, 76561198033204425)(<11444.690430, 221.419083, 7471.513672>) attached a lock!
[00:21:53] Player (VonPinch, 76561198045458963)(<11453.310547, 221.419159, 7481.407227>) attached a lock!
[00:22:24] Player (VonPinch, 76561198045458963)(<11455.783203, 221.419159, 7487.723145>) attached a lock!
