[09-28-2021][01.43.12] New Attach Log File Created!
[09-28-2021][02.02.18] Log file reloaded ( Server Restart )
[03:22:27] Player ([N.E.M] PoGo Sticks, 76561198365347307)(<8781.343750, 142.042801, 2916.574463>) attached a lock!
[03:46:34] Player (clen, 76561199135214219)(<11561.728516, 70.590340, 14746.498047>) attached a lock!
[09-28-2021][06.05.10] Log file reloaded ( Server Restart )
[09:47:12] Player ([N.E.M] PoGo Sticks, 76561198365347307)(<8777.228516, 141.878632, 2904.220703>) attached a lock!
[09:47:30] Player ([N.E.M] PoGo Sticks, 76561198365347307)(<8776.291992, 141.745880, 2912.349121>) attached a lock!
[09-28-2021][10.07.03] Log file reloaded ( Server Restart )
[12:57:02] Player (bwood, 76561199135214219)(<11563.039063, 81.984840, 14745.270508>) attached a lock!
[13:24:17] Player (bwood, 76561199135214219)(<11563.171875, 105.671242, 14743.601563>) attached a lock!
[09-28-2021][14.09.00] Log file reloaded ( Server Restart )
[14:23:40] Player (Michael, 76561198142583157)(<3829.425781, 195.813309, 12992.451172>) attached a lock!
[14:51:03] Player ([NastBoyz]GlockHoliday, 76561198849113791)(<8115.361816, 447.313538, 7850.094727>) attached a lock!
[09-28-2021][18.10.53] Log file reloaded ( Server Restart )
[21:04:12] Player (Skynyrd, 76561198033204425)(<11456.871094, 229.817093, 7489.948730>) attached a lock!
[21:04:28] Player (Skynyrd, 76561198033204425)(<11456.871094, 229.817093, 7489.948730>) attached a lock!
[21:04:44] Player (Skynyrd, 76561198033204425)(<11456.871094, 229.817093, 7489.948730>) attached a lock!
[21:04:56] Player (Skynyrd, 76561198033204425)(<11456.871094, 229.817093, 7489.948730>) attached a lock!
[22:06:47] Player (Skynyrd, 76561198033204425)(<11456.798828, 229.517487, 7489.971680>) attached a lock!
[09-28-2021][22.12.50] Log file reloaded ( Server Restart )
[23:24:16] Player (bwood, 76561199135214219)(<11563.039063, 81.984840, 14745.270508>) attached a lock!
