[09-13-2021][00.44.51] New Attach Log File Created!
[02:36:25] Player (Vox Goat Noise Maker, 76561199108039741)(<3860.671631, 314.804626, 8953.043945>) attached a lock!
[09-13-2021][04.46.42] Log file reloaded ( Server Restart )
[09-13-2021][08.48.33] Log file reloaded ( Server Restart )
[10:43:57] Player (Vox Goat Noise Maker, 76561199108039741)(<3858.440674, 311.552856, 8950.458008>) attached a lock!
[10:55:29] Player (Vox Goat Noise Maker, 76561199108039741)(<3860.183838, 314.804810, 8946.807617>) attached a lock!
[11:37:38] Player (RGFrosty, 76561198291355812)(<3643.099365, 298.316986, 8072.121582>) attached a lock!
[09-13-2021][12.29.10] Log file reloaded ( Server Restart )
[09-13-2021][12.30.58] Log file reloaded ( Server Restart )
[12:51:55] Player (Mad__Maxx, 76561198058108972)(<12266.924805, 21.993599, 14267.402344>) attached a lock!
[15:31:42] Player (Vasili Zajtsev, 76561198439010161)(<4064.223389, 324.558746, 8884.215820>) attached a lock!
[15:39:39] Player (Simo Hayha, 76561198068602230)(<4068.679443, 324.536407, 8929.958984>) attached a lock!
[15:47:13] Player (Simo Hayha, 76561198068602230)(<4066.711914, 324.537415, 8927.911133>) attached a lock!
[09-13-2021][16.33.06] Log file reloaded ( Server Restart )
[16:42:47] Player (Vasili Zajtsev, 76561198439010161)(<4066.201172, 324.538422, 8925.869141>) attached a lock!
[16:44:46] Player (Simo Hayha, 76561198068602230)(<4064.503662, 324.556427, 8888.994141>) attached a lock!
[17:01:12] Player (Mad__Maxx, 76561198058108972)(<12282.732422, 21.993599, 14252.501953>) attached a lock!
[17:35:12] Player (Vasili Zajtsev, 76561198439010161)(<4066.700684, 324.539398, 8923.843750>) attached a lock!
[17:51:33] Player (Mad__Maxx, 76561198058108972)(<12282.001953, 21.993599, 14251.519531>) attached a lock!
[18:16:46] Player (Vasili Zajtsev, 76561198439010161)(<4078.244385, 324.551361, 8899.333008>) attached a lock!
[09-13-2021][20.34.55] Log file reloaded ( Server Restart )
[22:03:14] Player (Mad__Maxx, 76561198058108972)(<12318.365234, 21.878700, 14293.338867>) attached a lock!
[22:20:41] Player (Survivor, 76561198172475594)(<10251.884766, 32.615837, 2516.741455>) attached a lock!
[23:14:46] Player (Mad__Maxx, 76561198058108972)(<12243.583008, 21.993599, 14269.237305>) attached a lock!
[00:12:35] Player (Xur, 76561198044656142)(<12970.788086, 56.464428, 15038.257813>) attached a lock!
[00:26:18] Player (Xur, 76561198044656142)(<12970.052734, 56.464428, 15038.510742>) attached a lock!
