[09-04-2021][03.15.22] New Attach Log File Created!
[04:44:08] Player (Aaron, 76561199083883076)(<1135.748901, 344.370026, 9979.529297>) attached a lock!
[09-04-2021][07.17.06] Log file reloaded ( Server Restart )
[09-04-2021][11.18.48] Log file reloaded ( Server Restart )
[11:54:16] Player (Goose, 76561199097533731)(<8255.826172, 354.203552, 6981.772949>) attached a lock!
[09-04-2021][15.20.31] Log file reloaded ( Server Restart )
[15:55:33] Player (SonJd, 76561198214438271)(<3584.309326, 6.424985, 2183.561523>) attached a lock!
[09-04-2021][19.22.26] Log file reloaded ( Server Restart )
[20:16:39] Player (SonJd, 76561198214438271)(<3595.710205, 6.598501, 2162.112305>) attached a lock!
[21:07:12] Player (SonJd, 76561198214438271)(<3584.053955, 6.424985, 2179.583252>) attached a lock!
[21:16:30] Player (SonJd, 76561198214438271)(<3578.922363, 6.424985, 2175.913818>) attached a lock!
[21:38:59] Player (SonJd, 76561198214438271)(<3583.334473, 18.611160, 2170.184326>) attached a lock!
[22:06:29] Player (SonJd, 76561198214438271)(<3590.927002, 6.424985, 2174.885010>) attached a lock!
[23:12:05] Player (Goose, 76561199097533731)(<8250.053711, 354.203552, 6986.763672>) attached a lock!
[09-04-2021][23.24.18] Log file reloaded ( Server Restart )
[23:39:54] Player (SonJd, 76561198214438271)(<3583.664063, 9.376292, 2177.427246>) attached a lock!
[23:44:00] Player (Sauce, 76561199194857204)(<7795.870117, 317.755646, 6898.172363>) attached a lock!
[23:44:29] Player (Sauce, 76561199194857204)(<7795.870117, 317.755646, 6898.172363>) attached a lock!
[00:27:40] Player (SonJd, 76561198214438271)(<3590.343994, 18.611160, 2167.448486>) attached a lock!
[00:28:13] Player (SonJd, 76561198214438271)(<3591.652588, 18.679268, 2165.449707>) attached a lock!
[01:04:39] Player (zica, 76561198423892242)(<8836.993164, 192.188538, 12034.970703>) attached a lock!
