[09-17-2021][02.53.06] New Attach Log File Created!
[09-17-2021][04.40.37] Log file reloaded ( Server Restart )
[05:29:35] Player (BawlsInYourJaw, 76561198352329690)(<6554.205078, 404.350128, 5600.662109>) attached a lock!
[06:39:23] Player (Venom, 76561198102280976)(<6736.451172, 356.521057, 6950.173828>) attached a lock!
[09-17-2021][08.42.22] Log file reloaded ( Server Restart )
[11:00:11] Player (KingHotDog, 76561199068832255)(<418.149994, 495.352051, 11580.643555>) attached a lock!
[09-17-2021][12.44.05] Log file reloaded ( Server Restart )
[16:25:14] Player ([NastBoyz]GlockHoliday, 76561198849113791)(<8115.629395, 447.316895, 7849.985352>) attached a lock!
[09-17-2021][16.54.46] Log file reloaded ( Server Restart )
[17:33:50] Player (Scuffed, 76561198988386422)(<12240.671875, 93.343254, 10612.181641>) attached a lock!
[18:11:53] Player (BawlsInYourJaw, 76561198352329690)(<6552.985352, 404.418396, 5602.615234>) attached a lock!
[18:40:55] Player (WankyonPCin180p, 76561198086263481)(<4076.916992, 324.558716, 8884.259766>) attached a lock!
[18:41:56] Player (Vasili Zajtsev, 76561198439010161)(<4076.916992, 324.558716, 8884.259766>) attached a lock!
[18:42:31] Player (Vasili Zajtsev, 76561198439010161)(<4076.916992, 324.558716, 8884.259766>) attached a lock!
[18:43:29] Player (WankyonPCin180p, 76561198086263481)(<4076.916992, 324.558716, 8884.259766>) attached a lock!
[18:44:16] Player (Vasili Zajtsev, 76561198439010161)(<4076.916992, 324.558716, 8884.259766>) attached a lock!
[19:20:54] Player (Vasili Zajtsev, 76561198439010161)(<4068.703857, 324.536407, 8929.971680>) attached a lock!
[19:54:55] Player (Vasili Zajtsev, 76561198439010161)(<4066.821777, 324.537384, 8927.969727>) attached a lock!
[09-17-2021][20.56.44] Log file reloaded ( Server Restart )
[09-17-2021][20.57.51] Log file reloaded ( Server Restart )
[09-17-2021][20.58.58] Log file reloaded ( Server Restart )
[09-17-2021][21.00.18] Log file reloaded ( Server Restart )
[09-17-2021][21.02.05] Log file reloaded ( Server Restart )
[09-17-2021][21.03.53] Log file reloaded ( Server Restart )
[09-17-2021][21.05.46] Log file reloaded ( Server Restart )
[09-17-2021][21.07.24] Log file reloaded ( Server Restart )
[22:22:16] Player (Storm, 76561198033243208)(<11450.381836, 229.499985, 7496.906250>) attached a lock!
[22:26:26] Player (Scuffed, 76561198988386422)(<12243.608398, 93.342354, 10610.846680>) attached a lock!
