[09-05-2021][03.26.02] New Attach Log File Created!
[05:51:25] Player (tal, 76561197977321712)(<6099.708984, 45.906109, 2996.711426>) attached a lock!
[09-05-2021][07.27.46] Log file reloaded ( Server Restart )
[07:37:47] Player (Goose, 76561199097533731)(<8255.607422, 354.203552, 6979.498047>) attached a lock!
[09-05-2021][11.29.45] Log file reloaded ( Server Restart )
[13:23:02] Player (zica, 76561198423892242)(<8829.574219, 191.309845, 12027.621094>) attached a lock!
[15:27:59] Player (KillSwitch68, 76561198041952552)(<3584.512207, 18.672726, 2170.462402>) attached a lock!
[09-05-2021][15.31.29] Log file reloaded ( Server Restart )
[17:40:30] Player (HAUNTxURxDREAMS, 76561199166899329)(<3589.026611, 6.424985, 2169.285400>) attached a lock!
[19:28:40] Player (Goose, 76561199097533731)(<8256.342773, 354.203552, 6985.565918>) attached a lock!
[09-05-2021][19.33.16] Log file reloaded ( Server Restart )
[20:57:34] Player (hitormiss, 76561198167062860)(<3590.343994, 18.611160, 2167.448486>) attached a lock!
[20:58:18] Player (SonJd, 76561198214438271)(<3590.384033, 18.611160, 2181.462402>) attached a lock!
[21:00:47] Player (hitormiss, 76561198167062860)(<3592.089600, 18.693920, 2168.095703>) attached a lock!
[09-05-2021][23.35.01] Log file reloaded ( Server Restart )
[00:19:49] Player (Sauce, 76561199194857204)(<7792.256836, 318.093750, 6895.266602>) attached a lock!
[00:20:11] Player (Sauce, 76561199194857204)(<7792.182129, 321.713593, 6891.608398>) attached a lock!
[00:54:32] Player (Sauce, 76561199194857204)(<7798.167969, 313.654327, 6902.581055>) attached a lock!
[01:31:30] Player (Sauce, 76561199194857204)(<7791.363281, 321.713593, 6892.658691>) attached a lock!
[02:24:54] Player (Sauce, 76561199194857204)(<7795.715820, 317.755646, 6894.902344>) attached a lock!
