[09-24-2021][02.25.08] New Attach Log File Created!
[09-24-2021][02.26.46] Log file reloaded ( Server Restart )
[02:28:39] Player (Barry McCockiner, 76561198858404418)(<12245.701172, 92.860352, 10604.247070>) attached a lock!
[04:13:27] Player (Barry McCockiner, 76561198858404418)(<12244.617188, 92.796860, 10600.125000>) attached a lock!
[09-24-2021][06.28.51] Log file reloaded ( Server Restart )
[09:54:14] Player (Survivor (2), 76561198142583157)(<3787.058594, 190.221222, 12986.680664>) attached a lock!
[09-24-2021][10.30.56] Log file reloaded ( Server Restart )
[14:25:53] Player (Survivor, 76561198144999576)(<176.017624, 210.904846, 5644.315918>) attached a lock!
[14:26:05] Player (Survivor, 76561198144999576)(<176.017624, 210.904846, 5644.315918>) attached a lock!
[14:26:20] Player (Survivor, 76561198144999576)(<177.308228, 210.753342, 5643.718750>) attached a lock!
[14:26:27] Player (Survivor, 76561198144999576)(<177.308228, 210.753342, 5643.718750>) attached a lock!
[09-24-2021][14.33.07] Log file reloaded ( Server Restart )
[16:27:42] Player (Biglazy, 76561198036090868)(<6886.632813, 74.785698, 3426.960693>) attached a lock!
[16:32:34] Player (Ringo, 76561198272441468)(<6343.612793, 289.338806, 7460.177734>) attached a lock!
[16:58:00] Player (Ringo, 76561198272441468)(<4562.971191, 233.237289, 4546.010254>) attached a lock!
[17:09:30] Player ([NastBoyz]GlockHoliday, 76561198849113791)(<4559.573242, 233.237289, 4550.205078>) attached a lock!
[17:20:52] Player (Biglazy, 76561198036090868)(<6889.852539, 74.898674, 3435.315186>) attached a lock!
[09-24-2021][18.35.00] Log file reloaded ( Server Restart )
[20:07:01] Player (HAUNTxURxDREAMS, 76561199166899329)(<3614.563232, 6.000007, 2156.374268>) attached a lock!
[09-24-2021][22.37.07] Log file reloaded ( Server Restart )
[09-24-2021][22.38.54] Log file reloaded ( Server Restart )
[22:45:31] Player (Skynyrd, 76561198033204425)(<11460.337891, 221.419128, 7470.443848>) attached a lock!
