[09-30-2021][03.37.24] New Attach Log File Created!
[04:15:16] Player ([N.E.M] Warrior, 76561198108184220)(<8783.256836, 142.006714, 2903.186768>) attached a lock!
[09-30-2021][07.38.58] Log file reloaded ( Server Restart )
[08:09:46] Player (Clark524, 76561199131805143)(<14827.958008, 68.184616, 13562.379883>) attached a lock!
[09-30-2021][11.40.37] Log file reloaded ( Server Restart )
[12:35:45] Player (Glazed&Confused, 76561198007338243)(<7732.108887, 170.325668, 13146.608398>) attached a lock!
[12:56:12] Player (Glazed&Confused, 76561198007338243)(<8432.648438, 137.643463, 12890.073242>) attached a lock!
[13:12:22] Player (Glazed&Confused, 76561198007338243)(<8421.665039, 120.453537, 12893.927734>) attached a lock!
[13:53:18] Player (Skynyrd, 76561198033204425)(<11450.529297, 221.419174, 7479.129883>) attached a lock!
[13:58:20] Player (Skynyrd, 76561198033204425)(<11456.049805, 221.419144, 7474.577148>) attached a lock!
[09-30-2021][15.42.11] Log file reloaded ( Server Restart )
[16:07:35] Player (DarthErrina, 76561199134542915)(<3584.391357, 6.424985, 2181.210205>) attached a lock!
[19:37:55] Player (Tiny, 76561198088740296)(<11614.653320, 113.348068, 15088.171875>) attached a lock!
[09-30-2021][19.43.52] Log file reloaded ( Server Restart )
[20:38:57] Player (Tiny, 76561198088740296)(<11616.829102, 113.348068, 15086.496094>) attached a lock!
[21:30:23] Player (SonJd, 76561198214438271)(<3585.455322, 18.335875, 2174.096191>) attached a lock!
[21:34:36] Player (SonJd, 76561198214438271)(<3584.431641, 18.193089, 2175.636475>) attached a lock!
[21:43:26] Player (Biglazy, 76561198036090868)(<6856.220215, 81.163765, 3498.430664>) attached a lock!
[21:58:57] Player (SonJd, 76561198214438271)(<3584.391357, 6.424985, 2181.210205>) attached a lock!
[21:59:12] Player (SonJd, 76561198214438271)(<3584.346924, 6.424985, 2183.470947>) attached a lock!
[22:51:30] Player (Glazed&Confused, 76561198007338243)(<8424.230469, 123.707336, 12889.359375>) attached a lock!
[23:17:08] Player (Skynyrd, 76561198033204425)(<11470.447266, 221.419098, 7481.152344>) attached a lock!
[23:22:56] Player ([Brodie] Vito Corleone, 76561199059547240)(<14287.129883, 3.706512, 13285.784180>) attached a lock!
[09-30-2021][23.49.02] Log file reloaded ( Server Restart )
[23:56:07] Player ((Brodie) BostonGeorge, 76561199108133623)(<14281.849609, 3.290000, 13283.823242>) attached a lock!
[23:57:41] Player (Cody, 76561198069939749)(<5391.386230, 246.098679, 11548.626953>) attached a lock!
[00:25:24] Player ((Brodie) BostonGeorge, 76561199108133623)(<14288.144531, 3.706512, 13304.513672>) attached a lock!
[00:57:12] Player (LordOfTheRams, 76561198128005053)(<11620.051758, 110.121780, 15098.966797>) attached a lock!
[01:20:59] Player (LordOfTheRams, 76561198128005053)(<11610.760742, 110.221207, 15088.000977>) attached a lock!
[02:29:57] Player ((Brodie) BostonGeorge, 76561199108133623)(<14310.803711, 3.706512, 13305.254883>) attached a lock!
