[09-27-2021][03.22.34] New Attach Log File Created!
[04:34:19] Player (clen, 76561199135214219)(<11561.799805, 85.614243, 14746.461914>) attached a lock!
[04:42:58] Player (clen, 76561199135214219)(<11562.754883, 89.243744, 14745.088867>) attached a lock!
[06:13:43] Player (clen, 76561199135214219)(<11562.806641, 89.243744, 14740.355469>) attached a lock!
[06:19:19] Player (clen, 76561199135214219)(<11567.834961, 85.614243, 14738.692383>) attached a lock!
[09-27-2021][07.24.34] Log file reloaded ( Server Restart )
[09-27-2021][11.26.31] Log file reloaded ( Server Restart )
[12:29:31] Player (clen, 76561199135214219)(<11561.728516, 70.590340, 14746.498047>) attached a lock!
[09-27-2021][13.27.17] Log file reloaded ( Server Restart )
[14:06:07] Player (clen, 76561199135214219)(<7428.090332, 407.582001, 9105.315430>) attached a lock!
[14:08:34] Player (Michael, 76561198142583157)(<3791.224854, 190.221222, 12992.026367>) attached a lock!
[14:33:31] Player (Skynyrd, 76561198033204425)(<11460.337891, 221.419128, 7470.443848>) attached a lock!
[15:20:41] Player (Tiny, 76561198088740296)(<849.983398, 105.158203, 4012.278809>) attached a lock!
[16:16:07] Player (Vasili Zajtsev, 76561198439010161)(<4063.300049, 324.643341, 8917.443359>) attached a lock!
[09-27-2021][17.29.15] Log file reloaded ( Server Restart )
[18:25:21] Player (Nakayama, 76561199095311860)(<7056.485840, 297.778564, 7709.152344>) attached a lock!
[19:12:17] Player (clen, 76561199135214219)(<11563.043945, 85.614243, 14745.256836>) attached a lock!
[20:08:48] Player (clen, 76561199135214219)(<11561.795898, 81.984840, 14746.440430>) attached a lock!
[20:33:38] Player (clen, 76561199135214219)(<11561.795898, 81.984840, 14746.440430>) attached a lock!
[21:27:01] Player (Nakayama, 76561199095311860)(<7056.485840, 297.778564, 7709.152344>) attached a lock!
[09-27-2021][21.31.41] Log file reloaded ( Server Restart )
[09-27-2021][21.33.27] Log file reloaded ( Server Restart )
[09-27-2021][21.34.38] Log file reloaded ( Server Restart )
[09-27-2021][21.36.23] Log file reloaded ( Server Restart )
[09-27-2021][21.38.17] Log file reloaded ( Server Restart )
