[09-20-2021][01.41.41] New Attach Log File Created!
[09-20-2021][05.43.26] Log file reloaded ( Server Restart )
[09-20-2021][09.45.18] Log file reloaded ( Server Restart )
[09-20-2021][12.20.19] Log file reloaded ( Server Restart )
[15:44:42] Player (Simo Hayha, 76561198068602230)(<4085.607422, 324.402435, 8903.959961>) attached a lock!
[15:45:17] Player (LordOfTheRams, 76561198128005053)(<5452.131836, 204.148560, 13383.418945>) attached a lock!
[15:50:34] Player (Simo Hayha, 76561198068602230)(<4086.280518, 324.427216, 8920.527344>) attached a lock!
[09-20-2021][16.22.13] Log file reloaded ( Server Restart )
[19:50:49] Player (LordOfTheRams, 76561198128005053)(<5444.723633, 204.495316, 13390.667969>) attached a lock!
[19:53:48] Player (LordOfTheRams, 76561198128005053)(<5453.149902, 203.656586, 13377.192383>) attached a lock!
[09-20-2021][20.24.04] Log file reloaded ( Server Restart )
[21:11:42] Player (LordOfTheRams, 76561198128005053)(<5454.223633, 203.760025, 13377.166016>) attached a lock!
[21:26:28] Player (LordOfTheRams, 76561198128005053)(<5717.612305, 474.655945, 15229.473633>) attached a lock!
[21:59:18] Player (LordOfTheRams, 76561198128005053)(<5712.679199, 474.655945, 15228.526367>) attached a lock!
[22:43:04] Player ([NastBoyz]GlockHoliday, 76561198849113791)(<4648.966309, 350.531799, 5040.408203>) attached a lock!
[23:08:32] Player (LordOfTheRams, 76561198128005053)(<5716.386230, 474.724121, 15230.122070>) attached a lock!
[23:09:03] Player (LordOfTheRams, 76561198128005053)(<5717.458984, 474.655945, 15229.517578>) attached a lock!
[23:09:46] Player (LordOfTheRams, 76561198128005053)(<5715.996094, 474.724121, 15230.181641>) attached a lock!
[23:34:15] Player (Glazed&Confused, 76561198007338243)(<3912.590820, 226.140671, 14167.139648>) attached a lock!
[23:48:39] Player (STIXS, 76561198281115814)(<11457.607422, 221.419159, 7486.960449>) attached a lock!
[23:50:36] Player (Skynyrd, 76561198033204425)(<11478.397461, 221.419067, 7481.013672>) attached a lock!
