[09-14-2021][00.37.56] New Attach Log File Created!
[00:50:17] Player (Mani, 76561198018840173)(<3909.459473, 226.683777, 14178.757813>) attached a lock!
[01:21:07] Player (Tomkat, 76561198033204425)(<11457.708008, 229.425232, 7492.934082>) attached a lock!
[02:00:51] Player (Survivor, 76561198172475594)(<10253.698242, 29.215885, 2514.356689>) attached a lock!
[02:21:28] Player (VonPinch, 76561198045458963)(<11586.341797, 203.195709, 7247.631836>) attached a lock!
[02:43:13] Player (X O X, 76561199142749317)(<3914.651611, 226.140671, 14171.584961>) attached a lock!
[03:40:10] Player ([NastBoyz]GlockHoliday, 76561198849113791)(<6051.743652, 237.576904, 11632.995117>) attached a lock!
[09-14-2021][04.40.03] Log file reloaded ( Server Restart )
[09-14-2021][04.41.30] Log file reloaded ( Server Restart )
[09-14-2021][04.42.45] Log file reloaded ( Server Restart )
[05:03:01] Player ({Hentai Heroes} Royer The Destroyer, 76561198045543999)(<9987.720703, 158.607300, 13160.906250>) attached a lock!
[05:04:33] Player (Xur, 76561198044656142)(<9970.849609, 158.625732, 13163.867188>) attached a lock!
[05:29:52] Player (Xur, 76561198044656142)(<9970.637695, 158.693985, 13165.847656>) attached a lock!
[05:33:48] Player ({Hentai Heroes} Royer The Destroyer, 76561198045543999)(<9972.292969, 162.725479, 13163.522461>) attached a lock!
[05:34:07] Player ({Hentai Heroes} Royer The Destroyer, 76561198045543999)(<9972.882813, 158.693726, 13164.041992>) attached a lock!
[07:42:52] Player (PlagueDoctor61, 76561198185051033)(<3799.044678, 171.880844, 3621.966797>) attached a lock!
[09-14-2021][08.44.37] Log file reloaded ( Server Restart )
[09-14-2021][12.46.25] Log file reloaded ( Server Restart )
[09-14-2021][12.47.31] Log file reloaded ( Server Restart )
[13:33:34] Player (Mad__Maxx, 76561198058108972)(<12244.516602, 21.993599, 14268.470703>) attached a lock!
[13:37:45] Player (Mad__Maxx, 76561198058108972)(<12246.967773, 21.993599, 14267.458984>) attached a lock!
[13:54:50] Player (Mad__Maxx, 76561198058108972)(<12246.967773, 21.993599, 14267.458984>) attached a lock!
[14:27:25] Player (X O X, 76561199142749317)(<3911.741455, 228.756943, 14170.833984>) attached a lock!
[09-14-2021][16.49.27] Log file reloaded ( Server Restart )
[09-14-2021][17.25.56] Log file reloaded ( Server Restart )
[19:37:21] Player (SonJd, 76561198214438271)(<3592.270020, 18.679281, 2183.079346>) attached a lock!
[19:37:25] Player (iNSANE, 76561198167062860)(<3590.805420, 18.679281, 2165.725586>) attached a lock!
[20:08:07] Player (Survivor (2), 76561198172475594)(<10254.438477, 36.015831, 2525.763428>) attached a lock!
[20:23:28] Player (Scuffed, 76561198988386422)(<12266.816406, 93.727318, 10618.896484>) attached a lock!
[09-14-2021][21.28.51] Log file reloaded ( Server Restart )
[22:07:46] Player (Xur, 76561198044656142)(<9980.059570, 158.615662, 13167.038086>) attached a lock!
[22:09:18] Player (Xur, 76561198044656142)(<9971.290039, 158.693939, 13165.877930>) attached a lock!
[22:09:45] Player (Xur, 76561198044656142)(<9972.696289, 158.693787, 13164.919922>) attached a lock!
[22:09:57] Player (Xur, 76561198044656142)(<9972.696289, 158.693787, 13164.919922>) attached a lock!
[22:15:14] Player (ItsToXiiiic, 76561198138907923)(<12267.026367, 93.727325, 10624.125977>) attached a lock!
[22:20:34] Player (Tomkat, 76561198033204425)(<11446.083984, 221.417328, 7474.484375>) attached a lock!
[22:22:51] Player (Tomkat, 76561198033204425)(<11446.083984, 221.417328, 7474.484375>) attached a lock!
[22:25:31] Player (Tomkat, 76561198033204425)(<11455.519531, 229.427368, 7493.589844>) attached a lock!
[22:25:52] Player (Tomkat, 76561198033204425)(<11460.005859, 229.423050, 7492.184082>) attached a lock!
[22:58:49] Player (X O X, 76561199142749317)(<3914.376465, 226.208801, 14170.416016>) attached a lock!
[23:00:02] Player (X O X, 76561199142749317)(<3912.638184, 226.140671, 14170.068359>) attached a lock!
[23:04:34] Player (X O X, 76561199142749317)(<3912.168213, 226.208801, 14170.631836>) attached a lock!
[23:14:44] Player ({Hentai Heroes} Royer The Destroyer, 76561198045543999)(<9979.282227, 158.616516, 13166.845703>) attached a lock!
[23:29:26] Player ({Hentai Heroes} Royer The Destroyer, 76561198045543999)(<9979.282227, 158.616516, 13166.845703>) attached a lock!
[23:38:49] Player (Butthustla, 76561198041023219)(<5996.506836, 267.668762, 10318.048828>) attached a lock!
[00:02:59] Player (Storm, 76561198033243208)(<11451.193359, 229.499924, 7496.354492>) attached a lock!
[00:11:04] Player (Survivor, 76561199102464372)(<3856.416504, 314.806091, 8943.419922>) attached a lock!
[00:17:35] Player (WankyonPCin180p, 76561198086263481)(<13301.398438, 70.431358, 12140.553711>) attached a lock!
[00:25:47] Player (Toast a Bear, 76561198420720986)(<12273.273438, 92.849632, 10626.995117>) attached a lock!
[01:13:00] Player (Tomkat, 76561198033204425)(<11453.233398, 229.495483, 7492.102051>) attached a lock!
[01:15:07] Player (Tomkat, 76561198033204425)(<11465.973633, 229.419800, 7487.951172>) attached a lock!
[01:15:27] Player (Tomkat, 76561198033204425)(<11464.504883, 229.426636, 7483.270020>) attached a lock!
[01:15:49] Player (Tomkat, 76561198033204425)(<11463.154297, 229.431931, 7478.665527>) attached a lock!
[01:16:09] Player (Tomkat, 76561198033204425)(<11461.455078, 229.431931, 7473.948242>) attached a lock!
[01:16:31] Player (Tomkat, 76561198033204425)(<11454.324219, 229.431931, 7475.525879>) attached a lock!
[01:16:53] Player (Tomkat, 76561198033204425)(<11444.562500, 229.431931, 7481.314941>) attached a lock!
[01:17:17] Player (ItsToXiiiic, 76561198138907923)(<12266.791016, 93.727318, 10624.430664>) attached a lock!
[01:17:29] Player (Tomkat, 76561198033204425)(<11446.161133, 229.431931, 7486.025391>) attached a lock!
[01:17:50] Player (Tomkat, 76561198033204425)(<11447.666992, 229.431931, 7490.776367>) attached a lock!
[01:18:10] Player (Tomkat, 76561198033204425)(<11449.296875, 229.431931, 7495.300781>) attached a lock!
[01:22:27] Player (ItsToXiiiic, 76561198138907923)(<12266.634766, 93.727325, 10619.683594>) attached a lock!
