[09-16-2021][02.41.19] New Attach Log File Created!
[03:23:18] Player (X O X, 76561199142749317)(<5747.659180, 114.649513, 2651.836182>) attached a lock!
[03:33:14] Player (X O X, 76561199142749317)(<5745.484863, 114.650581, 2643.161865>) attached a lock!
[04:13:51] Player (X O X, 76561199142749317)(<5750.393555, 114.648178, 2649.298584>) attached a lock!
[04:16:45] Player (X O X, 76561199142749317)(<5747.125977, 111.312576, 2642.449219>) attached a lock!
[09-16-2021][06.43.10] Log file reloaded ( Server Restart )
[07:20:01] Player (Chase, 76561198371108590)(<3788.556396, 171.918839, 3626.845947>) attached a lock!
[09:08:27] Player (Chase, 76561198371108590)(<3795.642334, 171.916443, 3627.413330>) attached a lock!
[10:16:51] Player (PlagueDoctor61, 76561198185051033)(<3795.151855, 171.915161, 3620.296631>) attached a lock!
[09-16-2021][10.44.53] Log file reloaded ( Server Restart )
[12:23:23] Player (WankyonPCin180p, 76561198086263481)(<13301.398438, 70.431358, 12140.553711>) attached a lock!
[13:38:22] Player (WankyonPCin180p, 76561198086263481)(<8254.417969, 354.203552, 6979.865723>) attached a lock!
[13:40:07] Player (WankyonPCin180p, 76561198086263481)(<8254.417969, 354.203552, 6979.865723>) attached a lock!
[13:40:20] Player (WankyonPCin180p, 76561198086263481)(<8254.417969, 354.203552, 6979.865723>) attached a lock!
[13:45:45] Player (Cody Lundin, 76561198089207380)(<4078.185059, 324.553680, 8894.616211>) attached a lock!
[14:24:39] Player (Cody Lundin, 76561198089207380)(<4064.708252, 324.549530, 8903.115234>) attached a lock!
[14:28:57] Player (Simo Hayha, 76561198068602230)(<4078.264648, 324.549286, 8903.612305>) attached a lock!
[14:29:17] Player (Simo Hayha, 76561198068602230)(<4078.397217, 324.546936, 8908.422852>) attached a lock!
[09-16-2021][14.46.43] Log file reloaded ( Server Restart )
[09-16-2021][18.48.29] Log file reloaded ( Server Restart )
[19:26:44] Player (Redsky, 76561199086138215)(<3588.502686, 6.424985, 2175.753662>) attached a lock!
[19:39:47] Player (SonJd, 76561198214438271)(<3583.343506, 9.692843, 2177.757080>) attached a lock!
[19:44:49] Player (Kaleb, 76561198892748368)(<11156.404297, 199.585999, 12304.901367>) attached a lock!
[20:00:33] Player (Kaleb, 76561198892748368)(<11156.641602, 202.835815, 12308.578125>) attached a lock!
[20:07:03] Player (Kaleb, 76561198892748368)(<11156.380859, 199.587997, 12305.139648>) attached a lock!
[09-16-2021][22.50.54] Log file reloaded ( Server Restart )
[23:08:25] Player (JuiceyJ, 76561198159090150)(<4273.709961, 248.533524, 4829.214355>) attached a lock!
[23:09:35] Player (JuiceyJ, 76561198159090150)(<4273.709961, 248.533524, 4829.214355>) attached a lock!
[23:14:29] Player (WankyonPCin180p, 76561198086263481)(<13301.398438, 70.431358, 12140.553711>) attached a lock!
[23:37:28] Player (IDONTKNOWYOU, 76561198151743175)(<3578.432617, 9.746118, 2181.037842>) attached a lock!
[23:53:39] Player (BawlsInYourJaw, 76561198352329690)(<6554.205078, 404.350128, 5600.662109>) attached a lock!
[00:47:43] Player (Mad__Maxx, 76561198058108972)(<12271.448242, 21.993599, 14265.558594>) attached a lock!
[00:48:50] Player (Mad__Maxx, 76561198058108972)(<12273.492188, 21.993599, 14248.985352>) attached a lock!
[01:20:44] Player (MrFlintlock, 76561198204374060)(<11202.027344, 43.149170, 14370.742188>) attached a lock!
