[10-19-2021][00.05.24] New Attach Log File Created!
[00:33:23] Player (~COPS~eL MaZi, 76561198046852490)(<6546.628906, 392.609192, 5601.218262>) attached a lock!
[00:38:25] Player (OsageKaczor, 76561198080736158)(<5910.459961, 137.915359, 4847.366699>) attached a lock!
[00:38:30] Player (KaiTheGuy, 76561198018562303)(<5903.573730, 137.915359, 4846.493164>) attached a lock!
[00:38:43] Player (OsageKaczor, 76561198080736158)(<5910.459961, 137.915359, 4847.366699>) attached a lock!
[00:38:51] Player (KaiTheGuy, 76561198018562303)(<5903.573730, 137.915359, 4846.493164>) attached a lock!
[00:38:55] Player (OsageKaczor, 76561198080736158)(<5910.459961, 137.915359, 4847.366699>) attached a lock!
[00:40:21] Player (KaiTheGuy, 76561198018562303)(<5901.977539, 134.776184, 4846.031250>) attached a lock!
[00:40:35] Player (KaiTheGuy, 76561198018562303)(<5901.977539, 134.776184, 4846.031250>) attached a lock!
[00:40:38] Player (OsageKaczor, 76561198080736158)(<5902.648926, 134.776184, 4848.391602>) attached a lock!
[00:40:52] Player (OsageKaczor, 76561198080736158)(<5902.648926, 134.776184, 4848.391602>) attached a lock!
[00:45:08] Player (Amemiya, 76561198319052264)(<5284.781250, 267.752716, 14197.186523>) attached a lock!
[00:45:51] Player (MagraoXD, 76561198307781406)(<3834.985107, 311.466003, 8913.464844>) attached a lock!
[00:53:43] Player (Apollo, 76561198086972939)(<8426.368164, 137.643463, 12885.453125>) attached a lock!
[00:55:22] Player (KaiTheGuy, 76561198018562303)(<5901.977539, 134.776184, 4846.031250>) attached a lock!
[01:11:04] Player (KaiTheGuy, 76561198018562303)(<5910.071777, 134.776184, 4845.297363>) attached a lock!
[01:14:37] Player (OsageKaczor, 76561198080736158)(<5902.549805, 134.776184, 4842.373535>) attached a lock!
[01:20:03] Player (Zack, 76561198046475450)(<6372.607422, 323.979401, 14130.438477>) attached a lock!
[01:20:17] Player (Zack, 76561198046475450)(<6372.607422, 323.979401, 14130.438477>) attached a lock!
[01:30:40] Player (MagraoXD, 76561198307781406)(<3835.473633, 311.468018, 8912.085938>) attached a lock!
[02:03:58] Player (KaiTheGuy, 76561198018562303)(<5905.309570, 137.915359, 4845.383789>) attached a lock!
[02:04:14] Player (KaiTheGuy, 76561198018562303)(<5905.309570, 137.915359, 4845.383789>) attached a lock!
[02:15:13] Player (Amemiya, 76561198319052264)(<5290.902832, 268.681976, 14200.224609>) attached a lock!
[02:29:49] Player (Bad, 76561198212745199)(<8829.855469, 281.273621, 14632.727539>) attached a lock!
[02:30:12] Player (Bad, 76561198212745199)(<8829.855469, 281.273621, 14632.727539>) attached a lock!
[02:30:34] Player (Bad, 76561198212745199)(<8829.855469, 281.273621, 14632.727539>) attached a lock!
[02:30:58] Player (Bad, 76561198212745199)(<8829.855469, 281.273621, 14632.727539>) attached a lock!
[02:31:52] Player (Bad, 76561198212745199)(<8829.855469, 281.273621, 14632.727539>) attached a lock!
[02:32:01] Player (Bad, 76561198212745199)(<8829.855469, 281.273621, 14632.727539>) attached a lock!
[02:33:46] Player (Bad, 76561198212745199)(<8829.855469, 281.273621, 14632.727539>) attached a lock!
[02:33:55] Player (Bad, 76561198212745199)(<8829.855469, 281.273621, 14632.727539>) attached a lock!
[10-19-2021][04.06.40] Log file reloaded ( Server Restart )
[04:18:24] Player (Bad, 76561198212745199)(<8829.855469, 281.273621, 14632.727539>) attached a lock!
[04:18:53] Player (Bad, 76561198212745199)(<8829.855469, 281.273621, 14632.727539>) attached a lock!
[04:44:55] Player (Cody, 76561198069939749)(<10653.920898, 54.197231, 14308.535156>) attached a lock!
[04:45:15] Player (Cody, 76561198069939749)(<10645.330078, 55.321293, 14316.065430>) attached a lock!
[04:45:54] Player (Cody, 76561198069939749)(<10664.097656, 54.247456, 14311.479492>) attached a lock!
[04:57:49] Player (Cody, 76561198069939749)(<10641.259766, 59.640228, 14305.666992>) attached a lock!
[04:58:09] Player (Cody, 76561198069939749)(<10633.286133, 59.640228, 14305.825195>) attached a lock!
[05:35:57] Player (Sauce, 76561199194857204)(<4296.693359, 235.554932, 14156.480469>) attached a lock!
[05:41:55] Player (Bad, 76561198212745199)(<8835.652344, 285.370972, 14627.345703>) attached a lock!
[05:46:15] Player (Sauce, 76561199194857204)(<4303.109863, 239.717422, 14152.787109>) attached a lock!
[05:46:34] Player (Sauce, 76561199194857204)(<4303.109863, 239.717422, 14152.787109>) attached a lock!
[06:09:33] Player (Amemiya, 76561198319052264)(<5292.379883, 268.819733, 14200.379883>) attached a lock!
[06:09:46] Player (Amemiya, 76561198319052264)(<5293.140625, 268.890076, 14200.447266>) attached a lock!
[06:19:31] Player (Sauce, 76561199194857204)(<4301.755859, 239.651962, 14156.170898>) attached a lock!
[10-19-2021][08.07.55] Log file reloaded ( Server Restart )
[10-19-2021][10.09.43] Log file reloaded ( Server Restart )
[10-19-2021][10.10.21] Log file reloaded ( Server Restart )
[11:04:46] Player (BlinDaDo, 76561197999196696)(<191.945267, 319.050507, 7462.300781>) attached a lock!
[13:21:44] Player (BlinDaDo, 76561197999196696)(<233.864304, 312.791656, 7508.195313>) attached a lock!
[10-19-2021][14.11.48] Log file reloaded ( Server Restart )
[15:02:02] Player ([Kry] ZIGGY, 76561199091091979)(<8836.902344, 191.935211, 12027.922852>) attached a lock!
[17:34:50] Player (BlinDaDo, 76561197999196696)(<239.870499, 315.529907, 7509.940918>) attached a lock!
[10-19-2021][18.13.03] Log file reloaded ( Server Restart )
[21:47:10] Player (Bad, 76561198212745199)(<8834.189453, 281.272003, 14621.864258>) attached a lock!
[22:11:39] Player (sCiEnCe, 76561198060968149)(<5296.259766, 269.168457, 14200.693359>) attached a lock!
[10-19-2021][22.14.39] Log file reloaded ( Server Restart )
[22:26:39] Player (BlinDaDo, 76561197999196696)(<240.098877, 312.791656, 7508.815918>) attached a lock!
[22:58:45] Player (Glazed&Confused, 76561198007338243)(<8424.331055, 123.853569, 12889.284180>) attached a lock!
[23:12:55] Player (BlinDaDo, 76561197999196696)(<244.603302, 312.791656, 7510.131836>) attached a lock!
[00:01:02] Player (Sauce, 76561199194857204)(<4304.914063, 239.649292, 14157.289063>) attached a lock!
[00:02:48] Player (Sauce, 76561199194857204)(<4302.766602, 237.306396, 14158.450195>) attached a lock!
[00:05:34] Player (sCiEnCe, 76561198060968149)(<5279.561523, 267.851440, 14201.060547>) attached a lock!
[02:13:44] Player (Storm, 76561198033243208)(<11455.766602, 229.424271, 7496.226074>) attached a lock!
