[10-12-2021][00.43.44] New Attach Log File Created!
[01:04:21] Player (rvxvii, 76561198225084544)(<3589.886963, 21.713020, 2182.963867>) attached a lock!
[01:05:35] Player (rvxvii, 76561198225084544)(<3589.886963, 21.713020, 2182.963867>) attached a lock!
[01:05:43] Player (rvxvii, 76561198225084544)(<3589.886963, 21.713020, 2182.963867>) attached a lock!
[01:35:24] Player (kiaser, 76561198930183577)(<316.747559, 287.512970, 8564.616211>) attached a lock!
[01:43:16] Player (Clark524, 76561199131805143)(<11442.518555, 69.043007, 6591.374023>) attached a lock!
[03:11:41] Player (Cody, 76561198069939749)(<10668.240234, 54.197231, 14312.696289>) attached a lock!
[10-12-2021][04.45.47] Log file reloaded ( Server Restart )
[08:13:30] Player (Duckman, 76561198069533959)(<2781.157471, 25.479652, 1292.546753>) attached a lock!
[10-12-2021][08.47.36] Log file reloaded ( Server Restart )
[10-12-2021][09.49.13] Log file reloaded ( Server Restart )
[11:06:56] Player (Dillon Casto-Hudnall, 76561198213181004)(<6432.639648, 25.985756, 2845.041748>) attached a lock!
[11:07:32] Player (Dillon Casto-Hudnall, 76561198213181004)(<6432.639648, 25.985756, 2845.041748>) attached a lock!
[11:07:39] Player (Dillon Casto-Hudnall, 76561198213181004)(<6432.639648, 25.985756, 2845.041748>) attached a lock!
[11:07:49] Player (Dillon Casto-Hudnall, 76561198213181004)(<6432.639648, 25.985756, 2845.041748>) attached a lock!
[11:08:20] Player (Dillon Casto-Hudnall, 76561198213181004)(<6432.639648, 25.985756, 2845.041748>) attached a lock!
[11:08:37] Player (Dillon Casto-Hudnall, 76561198213181004)(<6432.639648, 25.985756, 2845.041748>) attached a lock!
[11:18:19] Player (MagraoXD, 76561198307781406)(<3840.197266, 316.252625, 8911.521484>) attached a lock!
[12:21:02] Player (Clark524, 76561199131805143)(<14853.180664, 36.086525, 13425.130859>) attached a lock!
[13:31:59] Player (MrsBlazy, 76561199124588882)(<6847.063965, 60.763783, 3496.375000>) attached a lock!
[10-12-2021][13.56.26] Log file reloaded ( Server Restart )
[10-12-2021][13.59.58] Log file reloaded ( Server Restart )
[14:42:40] Player (Michael, 76561198142583157)(<2032.741211, 249.755066, 12158.386719>) attached a lock!
[17:03:33] Player (LordOfTheRams, 76561198128005053)(<11572.179688, 89.243744, 14741.323242>) attached a lock!
[10-12-2021][18.02.19] Log file reloaded ( Server Restart )
[19:19:39] Player (Dillon Casto-Hudnall, 76561198213181004)(<6425.251953, 25.985756, 2846.863281>) attached a lock!
[19:31:58] Player (Dillon Casto-Hudnall, 76561198213181004)(<6426.339844, 25.985756, 2848.236328>) attached a lock!
[10-12-2021][22.05.40] Log file reloaded ( Server Restart )
[22:13:50] Player (pop, 76561199019019500)(<8424.330078, 127.253555, 12889.211914>) attached a lock!
[22:44:05] Player (pop, 76561199019019500)(<8415.445313, 127.253494, 12883.334961>) attached a lock!
[23:46:56] Player (Scuffed, 76561198988386422)(<13285.121094, 68.606819, 12110.024414>) attached a lock!
