[10-17-2021][01.25.29] New Attach Log File Created!
[02:24:13] Player (HAUNTxURxDREAMS, 76561199166899329)(<3577.971680, 21.346085, 2175.555908>) attached a lock!
[02:39:26] Player (SonJd, 76561198214438271)(<3584.431641, 18.193089, 2175.636475>) attached a lock!
[02:41:15] Player (HAUNTxURxDREAMS, 76561199166899329)(<3578.972900, 6.424985, 2175.868408>) attached a lock!
[03:06:31] Player ([N.E.M] Carole Baskins, 76561198365347307)(<14848.181641, 34.732780, 13419.149414>) attached a lock!
[03:18:54] Player ([N.E.M] Carole Baskins, 76561198365347307)(<14843.248047, 33.905704, 13416.027344>) attached a lock!
[10-17-2021][05.26.47] Log file reloaded ( Server Restart )
[10-17-2021][09.28.02] Log file reloaded ( Server Restart )
[10:12:51] Player (Clark524, 76561199131805143)(<12861.786133, 69.414818, 6385.872070>) attached a lock!
[10:17:37] Player (Clark524, 76561199131805143)(<12861.399414, 69.953789, 6386.729004>) attached a lock!
[10:17:47] Player (Clark524, 76561199131805143)(<12861.399414, 69.953789, 6386.729004>) attached a lock!
[10:39:41] Player (Michael, 76561198142583157)(<1960.259155, 255.578979, 11981.339844>) attached a lock!
[11:55:20] Player (Mani, 76561198018840173)(<8420.946289, 137.711578, 12880.485352>) attached a lock!
[10-17-2021][13.33.01] Log file reloaded ( Server Restart )
[15:05:28] Player (Kaleb, 76561198892748368)(<6182.108398, 277.384796, 10419.050781>) attached a lock!
[17:22:25] Player ([N.E.M] Pooter, 76561199165939621)(<14852.219727, 36.270168, 13425.754883>) attached a lock!
[10-17-2021][17.34.40] Log file reloaded ( Server Restart )
[10-17-2021][18.40.22] Log file reloaded ( Server Restart )
[10-17-2021][18.55.55] Log file reloaded ( Server Restart )
[19:55:31] Player (sCiEnCe, 76561198060968149)(<5292.117676, 269.792175, 14207.008789>) attached a lock!
[19:56:39] Player (sCiEnCe, 76561198060968149)(<5292.022949, 269.615601, 14205.813477>) attached a lock!
[20:06:35] Player (weenerwings, 76561198082435847)(<6157.094238, 81.551132, 3390.958740>) attached a lock!
[20:18:25] Player (Nafies, 76561198002764787)(<1023.213135, 339.230072, 9961.402344>) attached a lock!
[20:22:07] Player (MrsBlazy, 76561199124588882)(<6858.386719, 82.062714, 3498.716797>) attached a lock!
[20:41:31] Player (Amemiya, 76561198319052264)(<5289.343750, 269.919159, 14209.963867>) attached a lock!
[20:43:06] Player (Amemiya, 76561198319052264)(<5292.991699, 270.301910, 14210.574219>) attached a lock!
[21:12:30] Player (Medic Man, 76561198075251979)(<9277.201172, 106.040489, 13456.896484>) attached a lock!
[21:23:01] Player (XeonEvolved, 76561198178500313)(<6858.496582, 64.163780, 3493.710205>) attached a lock!
[21:23:22] Player (XeonEvolved, 76561198178500313)(<6858.496582, 64.163780, 3493.710205>) attached a lock!
[21:23:52] Player (XeonEvolved, 76561198178500313)(<6858.246094, 64.163780, 3495.103027>) attached a lock!
[21:37:36] Player (BlinDaDo, 76561197999196696)(<191.945267, 319.050507, 7462.300781>) attached a lock!
[21:37:50] Player (BlinDaDo, 76561197999196696)(<191.945267, 319.050507, 7462.300781>) attached a lock!
[21:38:04] Player (BlinDaDo, 76561197999196696)(<191.945267, 319.050507, 7462.300781>) attached a lock!
[21:38:25] Player (BlinDaDo, 76561197999196696)(<191.945267, 319.050507, 7462.300781>) attached a lock!
[21:39:32] Player (Gingi, 76561198329838423)(<9273.871094, 102.614639, 13444.220703>) attached a lock!
[22:08:12] Player (DirtBappy, 76561198325315451)(<9274.332031, 102.901329, 13460.133789>) attached a lock!
[10-17-2021][22.57.38] Log file reloaded ( Server Restart )
[23:26:15] Player (XeonEvolved, 76561198178500313)(<6852.474121, 64.163780, 3499.972656>) attached a lock!
[23:26:31] Player (XeonEvolved, 76561198178500313)(<6849.698242, 64.163780, 3496.720947>) attached a lock!
[00:34:27] Player (Skynyrd, 76561198033204425)(<11451.950195, 225.419174, 7491.246094>) attached a lock!
[00:38:33] Player (IgrFont, 76561198255135534)(<1261.831787, 281.263885, 8906.653320>) attached a lock!
[00:40:45] Player (~COPS~ Nico, 76561198043476133)(<6522.833008, 386.127625, 5583.178711>) attached a lock!
[02:03:50] Player (~COPS~ Nico, 76561198043476133)(<6526.385742, 386.077667, 5583.633301>) attached a lock!
