[10-10-2021][01.59.26] New Attach Log File Created!
[04:44:13] Player (Cody, 76561198069939749)(<10632.249023, 64.455208, 14310.279297>) attached a lock!
[05:43:35] Player (Cody, 76561198069939749)(<10637.660156, 64.455208, 14305.682617>) attached a lock!
[05:54:32] Player (Cody, 76561198069939749)(<10635.069336, 64.455208, 14307.212891>) attached a lock!
[10-10-2021][06.01.18] Log file reloaded ( Server Restart )
[10-10-2021][10.03.04] Log file reloaded ( Server Restart )
[10:39:37] Player (Skynyrd, 76561198033204425)(<11452.024414, 229.431931, 7475.017578>) attached a lock!
[10:39:55] Player (Skynyrd, 76561198033204425)(<11452.204102, 229.431931, 7475.661621>) attached a lock!
[10:58:24] Player (Michael, 76561198142583157)(<2033.112915, 249.753067, 12157.490234>) attached a lock!
[12:52:19] Player ((Brodie) BostonGeorge, 76561198877259635)(<4568.319824, 233.237289, 4538.008301>) attached a lock!
[12:52:31] Player ((Brodie) BostonGeorge, 76561198877259635)(<4575.616211, 233.237289, 4508.604980>) attached a lock!
[10-10-2021][14.05.39] Log file reloaded ( Server Restart )
[15:42:36] Player (mason634a, 76561198100516787)(<6846.683105, 67.563774, 3483.249756>) attached a lock!
[15:42:53] Player (mason634a, 76561198100516787)(<6846.683105, 67.563774, 3483.249756>) attached a lock!
[17:52:03] Player (LordOfTheRams, 76561198128005053)(<11562.927734, 89.243744, 14734.564453>) attached a lock!
[17:57:58] Player (rvxvii, 76561198225084544)(<3589.886963, 21.713020, 2182.963867>) attached a lock!
[10-10-2021][18.08.03] Log file reloaded ( Server Restart )
[19:11:24] Player (InsaneHades, 76561198040751284)(<13526.333008, 20.482658, 14214.158203>) attached a lock!
[19:17:55] Player (InsaneHades, 76561198040751284)(<13551.290039, 21.600067, 14226.679688>) attached a lock!
[19:18:27] Player (InsaneHades, 76561198040751284)(<13551.290039, 21.600067, 14226.679688>) attached a lock!
[19:19:49] Player (InsaneHades, 76561198040751284)(<13550.236328, 21.600067, 14220.483398>) attached a lock!
[19:32:20] Player (LordOfTheRams, 76561198128005053)(<11566.867188, 89.243744, 14749.416016>) attached a lock!
[20:03:27] Player (Tiny, 76561198088740296)(<11582.427734, 57.966537, 14741.354492>) attached a lock!
[20:25:35] Player (Survivor (2), 76561198162436103)(<11027.635742, 336.196014, 5693.680664>) attached a lock!
[20:26:12] Player (Survivor (2), 76561198162436103)(<11027.635742, 336.196014, 5693.680664>) attached a lock!
[20:26:28] Player (Survivor (2), 76561198162436103)(<11027.635742, 336.196014, 5693.680664>) attached a lock!
[20:27:03] Player (Survivor (2), 76561198162436103)(<11027.635742, 336.196014, 5693.680664>) attached a lock!
[20:27:20] Player (Survivor (2), 76561198162436103)(<11027.635742, 336.196014, 5693.680664>) attached a lock!
[20:27:39] Player (Survivor (2), 76561198162436103)(<11027.635742, 336.196014, 5693.680664>) attached a lock!
[21:30:46] Player (Skynyrd, 76561198033204425)(<11460.274414, 221.419128, 7470.552246>) attached a lock!
[10-10-2021][22.15.35] Log file reloaded ( Server Restart )
[22:51:41] Player (Jarvik, 76561197987891822)(<7792.156738, 313.654327, 6895.130859>) attached a lock!
[23:00:37] Player (InsaneHades, 76561198040751284)(<13554.104492, 21.600067, 14226.873047>) attached a lock!
[23:42:11] Player (HAUNTxURxDREAMS, 76561199166899329)(<3576.662109, 13.644618, 2177.983398>) attached a lock!
[23:58:38] Player (pop, 76561199019019500)(<8415.445313, 127.253494, 12883.334961>) attached a lock!
[23:58:57] Player (pop, 76561199019019500)(<8415.445313, 127.253494, 12883.334961>) attached a lock!
[23:59:20] Player (pop, 76561199019019500)(<8415.445313, 127.253494, 12883.334961>) attached a lock!
[00:29:07] Player (CopperHead, 76561197968816608)(<6844.863281, 81.163765, 3485.326904>) attached a lock!
[00:30:19] Player (CopperHead, 76561197968816608)(<6844.863281, 81.163765, 3485.326904>) attached a lock!
[00:36:19] Player (Skynyrd, 76561198033204425)(<11475.427734, 221.419067, 7468.835938>) attached a lock!
[00:57:02] Player (Gingi, 76561198329838423)(<9052.415039, 126.434196, 12728.220703>) attached a lock!
[01:59:42] Player (Sauce, 76561199194857204)(<8320.746094, 291.997833, 5975.923828>) attached a lock!
