[10-15-2021][01.38.00] New Attach Log File Created!
[03:40:01] Player (T, 76561198126803237)(<5307.378418, 271.359833, 14210.110352>) attached a lock!
[03:41:28] Player (sCiEnCe, 76561198060968149)(<5287.431152, 269.378937, 14206.734375>) attached a lock!
[03:41:36] Player (sCiEnCe, 76561198060968149)(<5287.431152, 269.378937, 14206.734375>) attached a lock!
[03:44:12] Player (sCiEnCe, 76561198060968149)(<5297.000488, 269.986694, 14206.136719>) attached a lock!
[05:14:19] Player (Loki, 76561198011363641)(<9081.041992, 222.616974, 3430.817383>) attached a lock!
[10-15-2021][05.39.31] Log file reloaded ( Server Restart )
[08:58:59] Player (Duckman, 76561198069533959)(<2782.871094, 25.488491, 1286.976807>) attached a lock!
[10-15-2021][09.40.59] Log file reloaded ( Server Restart )
[10-15-2021][13.42.32] Log file reloaded ( Server Restart )
[14:14:24] Player (BulletSponge, 76561198147546501)(<7769.073730, 215.017685, 5148.234375>) attached a lock!
[16:23:40] Player (BulletSponge, 76561198147546501)(<7768.969727, 215.028732, 5148.908691>) attached a lock!
[16:24:14] Player (BulletSponge, 76561198147546501)(<7751.697266, 214.993347, 5146.595703>) attached a lock!
[16:24:28] Player (BulletSponge, 76561198147546501)(<7751.697266, 214.993347, 5146.595703>) attached a lock!
[10-15-2021][17.44.07] Log file reloaded ( Server Restart )
[18:48:59] Player (Duckman, 76561198069533959)(<2730.507324, 7.897400, 1911.661987>) attached a lock!
[20:03:41] Player (Starving Trouble, 76561198033243514)(<6846.027832, 60.831905, 3498.554199>) attached a lock!
[20:04:23] Player (Starving Trouble, 76561198033243514)(<6846.027832, 60.831905, 3498.554199>) attached a lock!
[20:04:49] Player (Starving Trouble, 76561198033243514)(<6846.027832, 60.831905, 3498.554199>) attached a lock!
[20:04:52] Player (iNSANE, 76561198167062860)(<3573.928223, 21.352659, 2171.643799>) attached a lock!
[20:05:04] Player (iNSANE, 76561198167062860)(<3573.928223, 21.352659, 2171.643799>) attached a lock!
[20:05:15] Player (Starving Trouble, 76561198033243514)(<6846.027832, 60.831905, 3498.554199>) attached a lock!
[20:05:52] Player (iNSANE, 76561198167062860)(<3577.499023, 21.346109, 2173.753418>) attached a lock!
[20:10:55] Player (hitch, 76561199174069079)(<3589.721680, 21.346189, 2165.734863>) attached a lock!
[20:21:31] Player (XeonEvolved, 76561198178500313)(<6857.268555, 64.163780, 3492.252686>) attached a lock!
[10-15-2021][21.47.01] Log file reloaded ( Server Restart )
[22:59:02] Player (hitch, 76561199174069079)(<3589.959229, 21.372238, 2169.571533>) attached a lock!
[22:59:37] Player (hitch, 76561199174069079)(<3589.959229, 21.372238, 2169.571533>) attached a lock!
[23:56:14] Player (SonJd, 76561198214438271)(<3587.121826, 18.613161, 2167.296387>) attached a lock!
[23:59:52] Player (SonJd, 76561198214438271)(<3584.427490, 18.611160, 2168.075684>) attached a lock!
[00:02:07] Player (SonJd, 76561198214438271)(<3584.723633, 14.935314, 2176.676270>) attached a lock!
[00:08:09] Player (HAUNTxURxDREAMS, 76561199166899329)(<3585.455322, 18.335875, 2174.096191>) attached a lock!
[00:09:53] Player (HAUNTxURxDREAMS, 76561199166899329)(<3585.188232, 6.000006, 2194.164795>) attached a lock!
[00:11:21] Player (HAUNTxURxDREAMS, 76561199166899329)(<3593.544189, 5.999997, 2186.098877>) attached a lock!
[00:58:41] Player (Sauce, 76561199194857204)(<4296.693359, 235.554932, 14156.480469>) attached a lock!
