[10-01-2021][03.51.05] New Attach Log File Created!
[06:34:46] Player (Sauce, 76561199194857204)(<8347.020508, 292.000000, 5975.141113>) attached a lock!
[10-01-2021][07.52.40] Log file reloaded ( Server Restart )
[10-01-2021][11.54.18] Log file reloaded ( Server Restart )
[10-01-2021][12.33.19] Log file reloaded ( Server Restart )
[10-01-2021][16.35.20] Log file reloaded ( Server Restart )
[18:13:54] Player (Barry McCockiner, 76561198858404418)(<13306.852539, 77.495949, 12138.395508>) attached a lock!
[20:23:09] Player (SonJd, 76561198214438271)(<3576.349121, 21.278069, 2182.129639>) attached a lock!
[10-01-2021][20.37.02] Log file reloaded ( Server Restart )
[21:46:51] Player (LordOfTheRams, 76561198128005053)(<11620.051758, 110.121780, 15098.966797>) attached a lock!
[22:58:40] Player (Skynyrd, 76561198033204425)(<11458.049805, 229.431931, 7482.902344>) attached a lock!
[23:06:46] Player (HAUNTxURxDREAMS, 76561199166899329)(<3576.236816, 21.278069, 2177.315674>) attached a lock!
[23:23:00] Player (LordOfTheRams, 76561198128005053)(<11608.895508, 110.221207, 15088.237305>) attached a lock!
[23:36:51] Player (IDONTKNOWYOU, 76561198151743175)(<3590.149414, 18.611160, 2181.772217>) attached a lock!
[23:41:25] Player (pop, 76561199019019500)(<3098.236816, 301.286804, 8116.213867>) attached a lock!
[23:43:48] Player (pop, 76561199019019500)(<3095.834229, 301.286804, 8110.696289>) attached a lock!
[23:44:05] Player (pop, 76561199019019500)(<3095.834229, 301.286804, 8110.696289>) attached a lock!
[23:44:19] Player (pop, 76561199019019500)(<3095.834229, 301.286804, 8110.696289>) attached a lock!
[23:45:18] Player (pop, 76561199019019500)(<3095.834229, 301.286804, 8110.696289>) attached a lock!
[23:49:12] Player (Skynyrd, 76561198033204425)(<11449.342773, 229.416702, 7473.666992>) attached a lock!
