[10-14-2021][00.16.08] New Attach Log File Created!
[00:21:34] Player (Cody, 76561198069939749)(<10651.853516, 55.321293, 14318.397461>) attached a lock!
[10-14-2021][04.17.41] Log file reloaded ( Server Restart )
[07:57:20] Player (Loki, 76561198011363641)(<9074.170898, 222.593201, 3428.065674>) attached a lock!
[10-14-2021][08.19.12] Log file reloaded ( Server Restart )
[09:02:59] Player (MrsBlazy, 76561199124588882)(<6854.433105, 81.231888, 3497.656250>) attached a lock!
[09:37:24] Player (BulletSponge, 76561198147546501)(<7754.734375, 214.993347, 5147.772461>) attached a lock!
[09:38:26] Player (The Big Ruh, 76561198180008127)(<7754.734375, 214.993347, 5147.772461>) attached a lock!
[09:46:04] Player (The Big Ruh, 76561198180008127)(<7765.803223, 214.993347, 5148.972656>) attached a lock!
[10:29:37] Player (SukMyMcNuggets, 76561198069533959)(<2781.962158, 25.376307, 1290.519409>) attached a lock!
[11:44:29] Player (sCiEnCe, 76561198060968149)(<5287.431152, 269.378937, 14206.734375>) attached a lock!
[11:44:42] Player (sCiEnCe, 76561198060968149)(<5287.431152, 269.378937, 14206.734375>) attached a lock!
[11:45:26] Player (sCiEnCe, 76561198060968149)(<5287.431152, 269.378937, 14206.734375>) attached a lock!
[11:45:49] Player (sCiEnCe, 76561198060968149)(<5287.431152, 269.378937, 14206.734375>) attached a lock!
[11:48:17] Player (sCiEnCe, 76561198060968149)(<5287.431152, 269.378937, 14206.734375>) attached a lock!
[11:48:26] Player (sCiEnCe, 76561198060968149)(<5287.431152, 269.378937, 14206.734375>) attached a lock!
[11:51:06] Player (sCiEnCe, 76561198060968149)(<5307.378418, 271.359833, 14210.110352>) attached a lock!
[11:58:43] Player (rvxvii, 76561198225084544)(<3590.967773, 21.712994, 2183.731445>) attached a lock!
[12:07:36] Player (Skynyrd, 76561198033204425)(<11460.274414, 221.419128, 7470.552246>) attached a lock!
[10-14-2021][12.20.45] Log file reloaded ( Server Restart )
[10-14-2021][14.32.30] Log file reloaded ( Server Restart )
[14:49:13] Player (Skynyrd, 76561198033204425)(<11473.710938, 229.428146, 7471.120605>) attached a lock!
[15:05:18] Player (The Big Ruh, 76561198180008127)(<7767.031250, 214.993347, 5148.838379>) attached a lock!
[18:07:17] Player (XeonEvolved, 76561198178500313)(<6856.274414, 64.163780, 3498.230713>) attached a lock!
[10-14-2021][18.35.03] Log file reloaded ( Server Restart )
[19:08:02] Player (Nafies, 76561198002764787)(<10348.334961, 135.638153, 7410.681641>) attached a lock!
[19:10:26] Player (Nafies, 76561198002764787)(<10346.598633, 135.638153, 7419.735840>) attached a lock!
[19:10:47] Player (Nafies, 76561198002764787)(<10346.598633, 135.638153, 7419.735840>) attached a lock!
[19:11:07] Player (Nafies, 76561198002764787)(<10346.598633, 135.638153, 7419.735840>) attached a lock!
[19:11:58] Player (Skynyrd, 76561198033204425)(<11463.896484, 221.419113, 7472.490723>) attached a lock!
[19:13:45] Player (Skynyrd, 76561198033204425)(<11480.378906, 221.419052, 7470.529785>) attached a lock!
[19:38:01] Player (Skynyrd, 76561198033204425)(<11450.246094, 225.419174, 7488.957031>) attached a lock!
[19:40:18] Player (sCiEnCe, 76561198060968149)(<5302.768555, 270.490692, 14206.542969>) attached a lock!
[21:11:11] Player (CopperHead, 76561197968816608)(<6850.019531, 64.607880, 3497.885010>) attached a lock!
[22:09:02] Player (Skynyrd, 76561198033204425)(<11451.798828, 229.431931, 7474.416016>) attached a lock!
[22:09:19] Player (Skynyrd, 76561198033204425)(<11451.923828, 229.431931, 7475.076172>) attached a lock!
[22:15:59] Player (Skynyrd, 76561198033204425)(<11447.278320, 225.431274, 7474.197266>) attached a lock!
