[10-02-2021][00.40.33] New Attach Log File Created!
[00:53:11] Player (Skynyrd, 76561198033204425)(<11471.699219, 229.431198, 7470.125488>) attached a lock!
[00:54:55] Player (Skynyrd, 76561198033204425)(<11465.357422, 229.417725, 7490.663086>) attached a lock!
[00:55:17] Player (Skynyrd, 76561198033204425)(<11460.375977, 229.422287, 7492.453125>) attached a lock!
[00:56:52] Player (Skynyrd, 76561198033204425)(<11455.503906, 229.427170, 7493.788086>) attached a lock!
[00:57:43] Player (Skynyrd, 76561198033204425)(<11453.009766, 229.431931, 7475.725586>) attached a lock!
[00:58:32] Player (Skynyrd, 76561198033204425)(<11457.835938, 229.431931, 7473.999023>) attached a lock!
[01:51:09] Player (pop, 76561199019019500)(<3095.834229, 301.286804, 8110.696289>) attached a lock!
[02:24:40] Player (Sauce, 76561199194857204)(<8320.746094, 291.997833, 5975.923828>) attached a lock!
[10-02-2021][04.42.09] Log file reloaded ( Server Restart )
[06:27:33] Player (Sauce, 76561199194857204)(<8320.746094, 291.997833, 5975.923828>) attached a lock!
[10-02-2021][08.43.44] Log file reloaded ( Server Restart )
[10:04:40] Player (iNSANE, 76561198167062860)(<3576.184570, 21.278069, 2172.164307>) attached a lock!
[10:05:13] Player (iNSANE, 76561198167062860)(<3576.184570, 21.278069, 2172.164307>) attached a lock!
[10:05:27] Player ([NHMO] Mountain, 76561198211783183)(<12178.464844, 1.975298, 3119.115234>) attached a lock!
[11:54:00] Player (aerology, 76561198166930831)(<1982.509399, 259.568848, 7372.816895>) attached a lock!
[10-02-2021][12.45.20] Log file reloaded ( Server Restart )
[15:12:23] Player (aerology, 76561198166930831)(<1970.743774, 257.633667, 7375.296875>) attached a lock!
[15:48:04] Player (sh1us0, 76561198869806419)(<3834.933105, 311.466003, 8913.643555>) attached a lock!
[10-02-2021][16.46.57] Log file reloaded ( Server Restart )
[19:13:21] Player ([Brodie] Vito Corleone, 76561199059547240)(<14287.129883, 3.706512, 13285.784180>) attached a lock!
[19:19:38] Player ((Brodie) BostonGeorge, 76561199108133623)(<14281.849609, 3.290000, 13283.823242>) attached a lock!
[20:29:31] Player (Skynyrd, 76561198033204425)(<11444.020508, 229.431931, 7479.967285>) attached a lock!
[10-02-2021][20.48.44] Log file reloaded ( Server Restart )
[10-02-2021][20.50.34] Log file reloaded ( Server Restart )
[21:39:59] Player (Skynyrd, 76561198033204425)(<11453.542969, 229.431931, 7476.328613>) attached a lock!
[21:40:22] Player (Skynyrd, 76561198033204425)(<11458.541992, 229.431931, 7474.974121>) attached a lock!
[21:40:44] Player (Skynyrd, 76561198033204425)(<11463.564453, 229.431931, 7473.259766>) attached a lock!
[21:41:06] Player (Skynyrd, 76561198033204425)(<11448.568359, 229.431931, 7495.196289>) attached a lock!
[21:42:20] Player (Skynyrd, 76561198033204425)(<11470.772461, 229.431931, 7470.162598>) attached a lock!
[21:48:22] Player (pop, 76561199019019500)(<3089.928955, 301.286804, 8118.198730>) attached a lock!
[21:50:21] Player ((Brodie) BostonGeorge, 76561199108133623)(<4547.968750, 233.237289, 4541.238281>) attached a lock!
[22:25:42] Player (Cody, 76561198069939749)(<5383.571777, 245.944504, 11554.065430>) attached a lock!
[22:43:11] Player (Skynyrd, 76561198033204425)(<11453.331055, 229.430038, 7493.739746>) attached a lock!
[22:45:49] Player (HAUNTxURxDREAMS, 76561199166899329)(<3585.188232, 6.000006, 2194.164795>) attached a lock!
[22:50:54] Player (Jdown79, 76561198027513858)(<5395.136719, 245.462265, 11557.053711>) attached a lock!
[22:51:02] Player (Jdown79, 76561198027513858)(<5395.136719, 245.462265, 11557.053711>) attached a lock!
[22:51:19] Player (Cody, 76561198069939749)(<5395.136719, 245.462265, 11557.053711>) attached a lock!
[22:51:29] Player (Cody, 76561198069939749)(<5395.136719, 245.462265, 11557.053711>) attached a lock!
[22:51:49] Player (Cody, 76561198069939749)(<5395.136719, 245.462265, 11557.053711>) attached a lock!
[22:56:18] Player (HAUNTxURxDREAMS, 76561199166899329)(<3585.188232, 6.000006, 2194.164795>) attached a lock!
[23:39:52] Player (SonJd, 76561198214438271)(<3574.183105, 21.346323, 2183.129883>) attached a lock!
[23:51:12] Player (pop, 76561199019019500)(<3088.286621, 301.355011, 8113.904785>) attached a lock!
[23:51:34] Player (pop, 76561199019019500)(<3090.434570, 301.286804, 8114.770020>) attached a lock!
[00:12:13] Player (Skynyrd, 76561198033204425)(<11443.211914, 229.431595, 7469.952148>) attached a lock!
[00:47:16] Player (DarthErrina, 76561199134542915)(<3582.537598, 21.277660, 2167.489990>) attached a lock!
[00:47:50] Player (Skynyrd, 76561198033204425)(<11458.147461, 229.425385, 7492.240234>) attached a lock!
[00:48:13] Player (Skynyrd, 76561198033204425)(<11466.661133, 229.417587, 7489.191895>) attached a lock!
[00:48:32] Player (Skynyrd, 76561198033204425)(<11471.458008, 229.412827, 7487.825684>) attached a lock!
