[10-13-2021][02.12.33] New Attach Log File Created!
[03:49:35] Player (pop, 76561199019019500)(<8414.425781, 127.253494, 12885.680664>) attached a lock!
[05:05:47] Player (Cody, 76561198069939749)(<10634.712891, 64.455208, 14310.282227>) attached a lock!
[06:04:12] Player (Duckman, 76561198069533959)(<2781.157471, 25.479652, 1292.546753>) attached a lock!
[10-13-2021][06.14.25] Log file reloaded ( Server Restart )
[06:28:33] Player (Clark524, 76561199131805143)(<14846.912109, 42.362122, 13436.020508>) attached a lock!
[10-13-2021][10.16.22] Log file reloaded ( Server Restart )
[10-13-2021][11.39.20] Log file reloaded ( Server Restart )
[10-13-2021][14.49.32] Log file reloaded ( Server Restart )
[10-13-2021][12.11.07] Log file reloaded ( Server Restart )
[15:39:32] Player (~COPS~ Nico, 76561198043476133)(<12896.073242, 20.769461, 6256.650391>) attached a lock!
[10-13-2021][16.12.46] Log file reloaded ( Server Restart )
[17:03:44] Player (SukMyMcNuggets, 76561198069533959)(<7374.922852, 6.035257, 2849.773193>) attached a lock!
[17:10:09] Player ((Brodie) BostonGeorge, 76561199108133623)(<7927.786133, 123.089531, 12556.576172>) attached a lock!
[18:04:24] Player (MrsBlazy, 76561199124588882)(<6854.908203, 81.231888, 3496.529785>) attached a lock!
[18:54:25] Player (HAUNTxURxDREAMS, 76561199166899329)(<3574.317627, 21.346308, 2176.467529>) attached a lock!
[18:59:16] Player ((Brodie) BostonGeorge, 76561199108133623)(<7922.074707, 118.091507, 12564.036133>) attached a lock!
[19:09:57] Player (~COPS~ Nico, 76561198043476133)(<12897.144531, 20.769463, 6262.812988>) attached a lock!
[19:11:12] Player ([Brodie] Vito Corleone, 76561199059547240)(<7927.825195, 120.589523, 12561.276367>) attached a lock!
[19:12:35] Player (~COPS~ Nico, 76561198043476133)(<12901.155273, 7.532862, 6265.193848>) attached a lock!
[20:03:03] Player (McWallis, 76561198064134776)(<10345.842773, 135.638153, 7413.662598>) attached a lock!
[20:04:23] Player (McWallis, 76561198064134776)(<10344.271484, 135.638153, 7414.812988>) attached a lock!
[20:04:39] Player (McWallis, 76561198064134776)(<10344.271484, 135.638153, 7414.812988>) attached a lock!
[20:05:18] Player (McWallis, 76561198064134776)(<10344.271484, 135.638153, 7414.812988>) attached a lock!
[20:05:26] Player (McWallis, 76561198064134776)(<10344.271484, 135.638153, 7414.812988>) attached a lock!
[20:05:40] Player (Nafies, 76561198002764787)(<10344.271484, 135.638153, 7414.812988>) attached a lock!
[20:05:59] Player (Nafies, 76561198002764787)(<10344.271484, 135.638153, 7414.812988>) attached a lock!
[20:06:16] Player (Nafies, 76561198002764787)(<10344.271484, 135.638153, 7414.812988>) attached a lock!
[20:06:32] Player (Nafies, 76561198002764787)(<10344.271484, 135.638153, 7414.812988>) attached a lock!
[20:06:54] Player (Nafies, 76561198002764787)(<10344.271484, 135.638153, 7414.812988>) attached a lock!
[20:07:04] Player (Nafies, 76561198002764787)(<10344.271484, 135.638153, 7414.812988>) attached a lock!
[20:07:22] Player (Nafies, 76561198002764787)(<10344.271484, 135.638153, 7414.812988>) attached a lock!
[10-13-2021][20.14.35] Log file reloaded ( Server Restart )
[21:17:08] Player (~COPS~ Nico, 76561198043476133)(<12894.438477, 20.686985, 6260.336914>) attached a lock!
[21:53:33] Player (Nafies, 76561198002764787)(<10345.842773, 135.638153, 7413.662598>) attached a lock!
[21:53:59] Player (Nafies, 76561198002764787)(<10345.842773, 135.638153, 7413.662598>) attached a lock!
[21:54:14] Player (Nafies, 76561198002764787)(<10345.842773, 135.638153, 7413.662598>) attached a lock!
[21:54:17] Player (Nafies, 76561198002764787)(<10345.842773, 135.638153, 7413.662598>) attached a lock!
[21:54:26] Player (Nafies, 76561198002764787)(<10345.842773, 135.638153, 7413.662598>) attached a lock!
[22:00:50] Player (~COPS~ Nico, 76561198043476133)(<12902.793945, 20.376226, 6257.436523>) attached a lock!
[23:31:04] Player ((Brodie) BostonGeorge, 76561199108133623)(<7924.102539, 118.090813, 12560.252930>) attached a lock!
