[10-21-2021][02.24.35] New Attach Log File Created!
[02:56:44] Player (Bad, 76561198212745199)(<10727.833984, 71.104401, 14512.842773>) attached a lock!
[04:10:11] Player (Bad, 76561198212745199)(<10727.302734, 84.705009, 14520.083008>) attached a lock!
[10-21-2021][06.25.51] Log file reloaded ( Server Restart )
[07:46:51] Player (Bl0ndeAmbiti0n, 76561198122631918)(<13299.415039, 70.499588, 12140.219727>) attached a lock!
[10-21-2021][10.27.06] Log file reloaded ( Server Restart )
[11:47:06] Player (Timmy, 76561198331009662)(<4961.659180, 324.587738, 5677.708496>) attached a lock!
[11:47:28] Player (Timmy, 76561198331009662)(<4961.659180, 324.587738, 5677.708496>) attached a lock!
[13:05:23] Player (MrsBlazy, 76561199124588882)(<6853.135254, 77.840263, 3489.672852>) attached a lock!
[10-21-2021][14.28.24] Log file reloaded ( Server Restart )
[15:57:14] Player (BulletSponge, 76561198147546501)(<7811.584473, 215.737534, 5130.097168>) attached a lock!
[15:57:30] Player (BulletSponge, 76561198147546501)(<7809.006348, 215.737976, 5130.076172>) attached a lock!
[16:18:57] Player (Survivor (2), 76561197988757546)(<8250.460938, 354.328827, 6986.883789>) attached a lock!
[10-21-2021][18.29.42] Log file reloaded ( Server Restart )
[19:00:48] Player (dEfHi, 76561199101432327)(<10673.952148, 215.080292, 8050.984375>) attached a lock!
[19:00:59] Player (dEfHi, 76561199101432327)(<10673.952148, 215.080292, 8050.984375>) attached a lock!
[19:01:05] Player (dEfHi, 76561199101432327)(<10673.952148, 215.080292, 8050.984375>) attached a lock!
[19:01:20] Player (dEfHi, 76561199101432327)(<10673.952148, 215.080292, 8050.984375>) attached a lock!
[19:01:28] Player (dEfHi, 76561199101432327)(<10673.952148, 215.080292, 8050.984375>) attached a lock!
[19:01:40] Player (dEfHi, 76561199101432327)(<10673.952148, 215.080292, 8050.984375>) attached a lock!
[19:01:47] Player (dEfHi, 76561199101432327)(<10673.952148, 215.080292, 8050.984375>) attached a lock!
[19:02:04] Player (fiddlestix, 76561198038547270)(<10673.952148, 215.080292, 8050.984375>) attached a lock!
[19:02:36] Player (fiddlestix, 76561198038547270)(<10673.952148, 215.080292, 8050.984375>) attached a lock!
[19:03:26] Player (fiddlestix, 76561198038547270)(<10673.952148, 215.080292, 8050.984375>) attached a lock!
[19:03:34] Player (fiddlestix, 76561198038547270)(<10673.952148, 215.080292, 8050.984375>) attached a lock!
[19:03:52] Player (Barry McCockiner, 76561198858404418)(<13306.852539, 77.495949, 12138.395508>) attached a lock!
[19:04:31] Player (Barry McCockiner, 76561198858404418)(<13307.678711, 77.564072, 12136.382813>) attached a lock!
[19:12:05] Player (Bluefalcon, 76561198094714131)(<10740.216797, 88.182083, 14527.846680>) attached a lock!
[19:24:37] Player (Starving Trouble, 76561198033243514)(<6846.027832, 60.831905, 3498.554199>) attached a lock!
[19:25:09] Player (Starving Trouble, 76561198033243514)(<6847.365723, 60.831905, 3497.917969>) attached a lock!
[20:02:45] Player (HAUNTxURxDREAMS, 76561199166899329)(<3585.188232, 6.000006, 2194.164795>) attached a lock!
[20:19:32] Player (HAUNTxURxDREAMS, 76561199166899329)(<3587.105957, 6.000019, 2195.588867>) attached a lock!
[20:28:55] Player (HAUNTxURxDREAMS, 76561199166899329)(<3585.915283, 6.000000, 2185.655762>) attached a lock!
[21:01:44] Player (Bad, 76561198212745199)(<10724.321289, 81.307991, 14518.506836>) attached a lock!
[21:05:57] Player (MrsBlazy, 76561199124588882)(<6853.135254, 67.694435, 3489.602051>) attached a lock!
[21:07:11] Player (Bl0ndeAmbiti0n, 76561198122631918)(<13299.596680, 70.499580, 12139.367188>) attached a lock!
[21:07:20] Player (Bl0ndeAmbiti0n, 76561198122631918)(<13299.596680, 70.499580, 12139.367188>) attached a lock!
[21:16:10] Player (Com_A, 76561198074577046)(<8078.230957, 346.084747, 10464.330078>) attached a lock!
[21:25:35] Player (Com_A, 76561198074577046)(<8078.124023, 345.992157, 10464.470703>) attached a lock!
[22:12:14] Player (Bl0ndeAmbiti0n, 76561198122631918)(<13299.596680, 70.499580, 12139.367188>) attached a lock!
[22:13:08] Player (MrsBlazy, 76561199124588882)(<6857.172852, 77.875893, 3489.599854>) attached a lock!
[10-21-2021][22.31.22] Log file reloaded ( Server Restart )
[00:06:40] Player ([Habeek]Fry, 76561198066519971)(<6592.699707, 93.189285, 3555.813232>) attached a lock!
[01:53:24] Player (Com_A, 76561198074577046)(<8078.467285, 345.905853, 10464.587891>) attached a lock!
[02:14:35] Player (Com_A, 76561198074577046)(<8078.467285, 345.905853, 10464.587891>) attached a lock!
