[10-22-2021][02.32.41] New Attach Log File Created!
[04:13:58] Player (Zack, 76561198046475450)(<6366.458496, 323.020905, 14123.520508>) attached a lock!
[05:54:48] Player (Bad, 76561198212745199)(<10726.331055, 77.905991, 14518.893555>) attached a lock!
[05:55:58] Player (sCiEnCe, 76561198060968149)(<5267.768555, 267.283386, 14206.085938>) attached a lock!
[10-22-2021][06.33.58] Log file reloaded ( Server Restart )
[07:29:47] Player (Survivor, 76561197988757546)(<8255.299805, 353.081512, 7015.284180>) attached a lock!
[10-22-2021][09.47.47] Log file reloaded ( Server Restart )
[10-22-2021][09.49.41] Log file reloaded ( Server Restart )
[10-22-2021][13.51.00] Log file reloaded ( Server Restart )
[17:38:18] Player (Stone, 76561198028728309)(<9377.923828, 231.396439, 14541.584961>) attached a lock!
[10-22-2021][17.50.49] Log file reloaded ( Server Restart )
[18:14:01] Player (Cody, 76561198069939749)(<10653.587891, 64.583839, 14313.212891>) attached a lock!
[18:14:15] Player (Cody, 76561198069939749)(<10653.389648, 64.583839, 14313.877930>) attached a lock!
[18:29:09] Player (Hurf Jones, 76561198007731983)(<8037.468262, 356.023560, 10386.864258>) attached a lock!
[18:59:03] Player (Cody, 76561198069939749)(<10651.853516, 55.321293, 14318.397461>) attached a lock!
[19:02:49] Player (Cody, 76561198069939749)(<10641.812500, 54.222889, 14304.465820>) attached a lock!
[19:11:38] Player (Cody, 76561198069939749)(<10669.143555, 54.197231, 14317.955078>) attached a lock!
[19:17:31] Player (Cody, 76561198069939749)(<10633.969727, 59.640228, 14311.486328>) attached a lock!
[19:28:42] Player (Bad, 76561198212745199)(<10726.276367, 74.506058, 14518.841797>) attached a lock!
[10-22-2021][20.47.44] Log file reloaded ( Server Restart )
[21:17:47] Player (Cody, 76561198069939749)(<10673.033203, 54.197231, 14319.061523>) attached a lock!
[21:30:30] Player (Skynyrd, 76561198033204425)(<11469.780273, 221.419098, 7470.635254>) attached a lock!
[21:55:28] Player (iNSANE, 76561198167062860)(<3582.665039, 6.608393, 2178.192139>) attached a lock!
[22:42:25] Player (trailmix329, 76561198971145301)(<13295.771484, 68.584038, 12096.152344>) attached a lock!
[10-22-2021][23.01.45] Log file reloaded ( Server Restart )
[23:20:34] Player (Cody, 76561198069939749)(<10666.035156, 54.197231, 14322.049805>) attached a lock!
[00:16:11] Player (sCiEnCe, 76561198060968149)(<5302.750000, 269.075409, 14196.454102>) attached a lock!
[00:40:05] Player (sCiEnCe, 76561198060968149)(<5289.108398, 268.162994, 14197.474609>) attached a lock!
[01:12:39] Player (Drillbit, 76561199114223787)(<4892.851563, 307.182556, 5862.968262>) attached a lock!
[02:18:14] Player (Cody, 76561198069939749)(<10665.952148, 54.197231, 14322.028320>) attached a lock!
[02:27:58] Player (Cody, 76561198069939749)(<10665.106445, 54.197231, 14316.729492>) attached a lock!
[02:34:02] Player (Hurf Jones, 76561198007731983)(<8077.347656, 346.035309, 10468.158203>) attached a lock!
[02:34:23] Player (Hurf Jones, 76561198007731983)(<8076.683594, 346.035309, 10468.539063>) attached a lock!
