[10-03-2021][00.55.56] New Attach Log File Created!
[01:02:24] Player (Skynyrd, 76561198033204425)(<11471.000000, 229.409607, 7491.435059>) attached a lock!
[01:51:49] Player (pop, 76561199019019500)(<3097.293945, 301.405151, 8113.455566>) attached a lock!
[01:52:06] Player (pop, 76561199019019500)(<3097.293945, 301.405151, 8113.455566>) attached a lock!
[02:38:09] Player (Cody, 76561198069939749)(<5395.718262, 244.972702, 11563.685547>) attached a lock!
[02:38:39] Player (Cody, 76561198069939749)(<5392.690918, 245.352448, 11559.554688>) attached a lock!
[02:42:07] Player (Cody, 76561198069939749)(<5384.205078, 245.746140, 11555.916016>) attached a lock!
[02:55:03] Player (MagraoXD, 76561198307781406)(<3839.692383, 316.252625, 8909.988281>) attached a lock!
[04:25:02] Player (Sauce, 76561199194857204)(<8341.502930, 291.996948, 5979.796875>) attached a lock!
[04:27:20] Player (Cody, 76561198069939749)(<5391.913574, 245.782776, 11553.411133>) attached a lock!
[10-03-2021][04.57.32] Log file reloaded ( Server Restart )
[05:39:31] Player (Sauce, 76561199194857204)(<8341.566406, 291.996613, 5980.046387>) attached a lock!
[05:46:24] Player (Sauce, 76561199194857204)(<8347.079102, 292.000000, 5975.146484>) attached a lock!
[06:08:29] Player (caleb, 76561199135214219)(<3104.644775, 300.427216, 8115.359375>) attached a lock!
[10-03-2021][08.57.31] Log file reloaded ( Server Restart )
[09:41:46] Player (Skynyrd, 76561198033204425)(<11449.342773, 229.416702, 7473.666992>) attached a lock!
[09:42:19] Player (Skynyrd, 76561198033204425)(<11443.211914, 229.431595, 7469.952148>) attached a lock!
[09:45:25] Player (caleb, 76561199135214219)(<3097.913574, 301.286804, 8124.606934>) attached a lock!
[09:48:16] Player (Skynyrd, 76561198033204425)(<11448.568359, 229.431931, 7495.196289>) attached a lock!
[09:48:44] Player (Skynyrd, 76561198033204425)(<11453.331055, 229.430038, 7493.739746>) attached a lock!
[09:49:11] Player (Skynyrd, 76561198033204425)(<11458.147461, 229.425385, 7492.240234>) attached a lock!
[09:49:40] Player (Skynyrd, 76561198033204425)(<11466.661133, 229.417587, 7489.191895>) attached a lock!
[09:50:10] Player (Skynyrd, 76561198033204425)(<11471.458008, 229.412827, 7487.825684>) attached a lock!
[09:50:37] Player (Skynyrd, 76561198033204425)(<11463.564453, 229.431931, 7473.259766>) attached a lock!
[09:51:05] Player (Skynyrd, 76561198033204425)(<11458.541992, 229.431931, 7474.974121>) attached a lock!
[09:51:33] Player (Skynyrd, 76561198033204425)(<11453.542969, 229.431931, 7476.328613>) attached a lock!
[09:52:02] Player (Skynyrd, 76561198033204425)(<11444.020508, 229.431931, 7479.967285>) attached a lock!
[09:53:46] Player (Skynyrd, 76561198033204425)(<11471.000000, 229.409607, 7491.435059>) attached a lock!
[12:43:04] Player (LordOfTheRams, 76561198128005053)(<11612.336914, 110.221207, 15087.638672>) attached a lock!
[12:55:51] Player (aerology, 76561198166930831)(<1977.269165, 259.932220, 7373.302734>) attached a lock!
[12:56:11] Player (aerology, 76561198166930831)(<1977.269165, 259.932220, 7373.302734>) attached a lock!
[12:56:29] Player (aerology, 76561198166930831)(<1977.290527, 259.568848, 7373.416504>) attached a lock!
[12:56:52] Player (aerology, 76561198166930831)(<1979.723633, 259.568604, 7367.426270>) attached a lock!
[10-03-2021][12.59.08] Log file reloaded ( Server Restart )
[10-03-2021][17.00.55] Log file reloaded ( Server Restart )
[10-03-2021][17.02.32] Log file reloaded ( Server Restart )
[10-03-2021][17.03.43] Log file reloaded ( Server Restart )
[17:53:45] Player (Biglazy, 76561198036090868)(<6855.711426, 81.231888, 3496.629639>) attached a lock!
[20:18:01] Player (Survivor, 76561198067776425)(<78.537712, 272.934540, 6077.062988>) attached a lock!
[20:18:22] Player (Survivor, 76561198067776425)(<78.537712, 272.934540, 6077.062988>) attached a lock!
[20:18:53] Player (Survivor, 76561198067776425)(<78.537712, 272.934540, 6077.062988>) attached a lock!
[10-03-2021][21.05.39] Log file reloaded ( Server Restart )
[10-03-2021][21.06.38] Log file reloaded ( Server Restart )
[10-03-2021][21.07.36] Log file reloaded ( Server Restart )
[21:40:07] Player (aerology, 76561198166930831)(<1985.198120, 258.115540, 7385.358398>) attached a lock!
[22:13:14] Player (SoloSpicy, 76561198093692763)(<3590.144775, 21.278069, 2172.310303>) attached a lock!
[22:17:28] Player (Skynyrd, 76561198033204425)(<11444.912109, 221.419312, 7470.993164>) attached a lock!
[22:18:53] Player (Skynyrd, 76561198033204425)(<11456.645508, 221.419144, 7478.126465>) attached a lock!
[22:20:41] Player (Glazed&Confused, 76561198007338243)(<8427.098633, 137.643463, 12887.923828>) attached a lock!
[22:41:28] Player (Skynyrd, 76561198033204425)(<11446.236328, 221.501694, 7474.370117>) attached a lock!
[10-03-2021][23.44.11] Log file reloaded ( Server Restart )
[10-03-2021][23.51.25] Log file reloaded ( Server Restart )
[10-03-2021][23.56.47] Log file reloaded ( Server Restart )
[00:10:04] Player ([HH]Lim jahey, 76561199193563732)(<13003.369141, 2.903223, 9549.004883>) attached a lock!
[03:37:40] Player (Queefeta Fo'Rizzle McPizzle, 76561197970050184)(<10242.864258, 256.941650, 4806.681641>) attached a lock!
[03:47:03] Player (Sauce, 76561199194857204)(<8324.420898, 291.992432, 5976.277832>) attached a lock!
