[10-05-2021][01.04.09] New Attach Log File Created!
[02:50:19] Player (Kevy, 76561198965497725)(<7427.859375, 407.542236, 9105.877930>) attached a lock!
[03:40:24] Player (caleb, 76561199135214219)(<3220.909180, 311.601227, 7771.343262>) attached a lock!
[04:59:25] Player (Sauce, 76561199194857204)(<8326.686523, 291.991669, 5976.242676>) attached a lock!
[10-05-2021][05.05.49] Log file reloaded ( Server Restart )
[05:36:00] Player (Cody, 76561198069939749)(<5382.735840, 245.918655, 11554.715820>) attached a lock!
[05:36:10] Player (Cody, 76561198069939749)(<5382.735840, 245.918655, 11554.715820>) attached a lock!
[05:36:17] Player (Cody, 76561198069939749)(<5382.735840, 245.918655, 11554.715820>) attached a lock!
[10-05-2021][09.07.26] Log file reloaded ( Server Restart )
[12:58:33] Player (Skynyrd, 76561198033204425)(<11445.848633, 233.417908, 7473.115723>) attached a lock!
[10-05-2021][13.09.03] Log file reloaded ( Server Restart )
[13:38:29] Player (aerology, 76561198166930831)(<1975.825562, 259.894073, 7370.726074>) attached a lock!
[13:39:42] Player (Skynyrd, 76561198033204425)(<11446.152344, 225.418076, 7474.441406>) attached a lock!
[14:50:27] Player (Skynyrd, 76561198033204425)(<11445.742188, 225.419174, 7486.998047>) attached a lock!
[16:42:39] Player (LordOfTheRams, 76561198128005053)(<11571.589844, 89.243744, 14743.309570>) attached a lock!
[17:02:23] Player (FLY-YOU-FOOLS, 76561198952851557)(<2357.527832, 50.311680, 2909.627930>) attached a lock!
[10-05-2021][17.10.48] Log file reloaded ( Server Restart )
[17:28:29] Player (FLY-YOU-FOOLS, 76561198952851557)(<2496.136475, 232.978622, 4687.214844>) attached a lock!
[18:22:03] Player (aerology, 76561198166930831)(<1985.198120, 258.115540, 7385.358398>) attached a lock!
[19:43:14] Player (SonJd, 76561198214438271)(<3576.335938, 21.278069, 2182.101074>) attached a lock!
[19:43:32] Player (SonJd, 76561198214438271)(<3576.335938, 21.278069, 2182.101074>) attached a lock!
[19:43:42] Player (SonJd, 76561198214438271)(<3576.335938, 21.278069, 2182.101074>) attached a lock!
[19:44:46] Player (SonJd, 76561198214438271)(<3576.335938, 21.278069, 2182.101074>) attached a lock!
[19:44:54] Player (SonJd, 76561198214438271)(<3576.335938, 21.278069, 2182.101074>) attached a lock!
[20:16:22] Player ((Brodie) BostonGeorge, 76561198877259635)(<4551.829102, 233.237289, 4544.738281>) attached a lock!
[20:32:24] Player (pop, 76561199019019500)(<3093.233154, 301.286804, 8118.258789>) attached a lock!
[21:03:50] Player (SonJd, 76561198214438271)(<3574.374023, 21.346273, 2183.188721>) attached a lock!
[10-05-2021][21.13.57] Log file reloaded ( Server Restart )
[21:35:07] Player ((Brodie) BostonGeorge, 76561198877259635)(<4560.280273, 233.237289, 4550.990723>) attached a lock!
[22:17:26] Player (SonJd, 76561198214438271)(<3576.335938, 21.278069, 2182.101074>) attached a lock!
[22:21:23] Player (SonJd, 76561198214438271)(<3574.374023, 21.346273, 2183.188721>) attached a lock!
[23:05:56] Player (Skynyrd, 76561198033204425)(<11469.306641, 230.457397, 7469.003418>) attached a lock!
[23:09:30] Player (Skynyrd, 76561198033204425)(<11474.255859, 229.428146, 7470.997559>) attached a lock!
[23:17:02] Player (MagraoXD, 76561198307781406)(<3841.579102, 316.320587, 8917.046875>) attached a lock!
[23:18:55] Player (Skynyrd, 76561198033204425)(<11471.444336, 229.431717, 7469.954102>) attached a lock!
[23:26:47] Player (pop, 76561199019019500)(<3089.928955, 301.286804, 8118.198730>) attached a lock!
[23:31:06] Player (MagraoXD, 76561198307781406)(<3841.579102, 316.320587, 8917.046875>) attached a lock!
[23:31:13] Player (MagraoXD, 76561198307781406)(<3841.579102, 316.320587, 8917.046875>) attached a lock!
[23:50:24] Player (SonJd, 76561198214438271)(<3574.374023, 21.346273, 2183.188721>) attached a lock!
[01:15:53] Player (pop, 76561199019019500)(<3096.545898, 301.286804, 8125.215820>) attached a lock!
