[10-07-2021][00.19.27] New Attach Log File Created!
[00:34:09] Player (Cody, 76561198069939749)(<10669.143555, 54.197231, 14317.955078>) attached a lock!
[02:35:27] Player (kiaser, 76561198930183577)(<273.694092, 287.841980, 8571.225586>) attached a lock!
[03:21:50] Player (Queefeta Fo'Rizzle McPizzle, 76561197970050184)(<1339.738281, 163.134415, 5502.370117>) attached a lock!
[10-07-2021][04.21.15] Log file reloaded ( Server Restart )
[04:41:43] Player (pop, 76561199019019500)(<3092.464111, 301.354828, 8115.222168>) attached a lock!
[10-07-2021][08.22.56] Log file reloaded ( Server Restart )
[10-07-2021][12.24.55] Log file reloaded ( Server Restart )
[13:18:15] Player (kiaser, 76561198930183577)(<317.750000, 287.503204, 8561.343750>) attached a lock!
[15:57:34] Player ([Brodie] Vito Corleone, 76561199059547240)(<4549.693359, 233.237289, 4540.912598>) attached a lock!
[10-07-2021][16.26.41] Log file reloaded ( Server Restart )
[10-07-2021][17.26.08] Log file reloaded ( Server Restart )
[19:20:53] Player (Kevy, 76561198965497725)(<7425.751465, 407.564636, 9104.825195>) attached a lock!
[10-07-2021][21.30.27] Log file reloaded ( Server Restart )
[22:32:25] Player (pop, 76561199019019500)(<3090.434570, 301.286804, 8114.770020>) attached a lock!
[22:53:29] Player (lonewolf in bush, 76561198763745207)(<7430.798828, 427.249908, 9108.509766>) attached a lock!
[23:04:00] Player ((Brodie) BostonGeorge, 76561198877259635)(<4568.104492, 233.237289, 4532.168457>) attached a lock!
[23:30:39] Player (Glazed&Confused, 76561198007338243)(<8419.997070, 134.053467, 12880.301758>) attached a lock!
[23:51:02] Player (kiaser, 76561198930183577)(<318.524017, 287.512970, 8564.059570>) attached a lock!
[23:59:25] Player (Michael Allman, 76561199056625065)(<11962.451172, 54.685818, 9213.378906>) attached a lock!
[00:20:08] Player (Skynyrd, 76561198033204425)(<11473.252930, 229.428253, 7471.018555>) attached a lock!
[00:49:10] Player ((Brodie) BostonGeorge, 76561198877259635)(<4568.697266, 233.237289, 4538.848633>) attached a lock!
