[10-18-2021][02.58.58] New Attach Log File Created!
[03:44:59] Player (sCiEnCe, 76561198060968149)(<5288.637695, 268.498077, 14200.183594>) attached a lock!
[04:10:40] Player (Amemiya, 76561198319052264)(<5289.439453, 268.553650, 14200.128906>) attached a lock!
[04:15:31] Player (Amemiya, 76561198319052264)(<5290.156250, 268.612732, 14200.148438>) attached a lock!
[04:15:42] Player (Amemiya, 76561198319052264)(<5290.902832, 268.681976, 14200.224609>) attached a lock!
[06:14:20] Player (Sauce, 76561199194857204)(<4304.399902, 239.717484, 14156.433594>) attached a lock!
[10-18-2021][07.00.12] Log file reloaded ( Server Restart )
[08:48:44] Player (Zack, 76561198046475450)(<6375.583008, 324.069153, 14130.367188>) attached a lock!
[08:48:56] Player (Zack, 76561198046475450)(<6375.583008, 324.069153, 14130.367188>) attached a lock!
[10-18-2021][10.27.17] Log file reloaded ( Server Restart )
[13:04:54] Player (Storm, 76561199121199012)(<11452.000977, 229.430054, 7495.354492>) attached a lock!
[13:05:06] Player (Storm, 76561199121199012)(<11452.000977, 229.430054, 7495.354492>) attached a lock!
[13:05:17] Player (Storm, 76561199121199012)(<11454.537109, 229.425430, 7496.634277>) attached a lock!
[13:50:05] Player (Daddy, 76561198171687766)(<13286.720703, 70.449783, 12120.825195>) attached a lock!
[10-18-2021][14.28.43] Log file reloaded ( Server Restart )
[15:51:23] Player (IgrFont, 76561198255135534)(<1260.669922, 281.027435, 8905.680664>) attached a lock!
[10-18-2021][16.02.14] Log file reloaded ( Server Restart )
[10-18-2021][20.03.32] Log file reloaded ( Server Restart )
[21:50:54] Player (sCiEnCe, 76561198060968149)(<5311.584473, 271.852997, 14210.709961>) attached a lock!
[21:56:17] Player (sCiEnCe, 76561198060968149)(<5291.672852, 268.745300, 14200.246094>) attached a lock!
[23:08:25] Player (Bluefalcon, 76561198094714131)(<8830.346680, 281.273315, 14620.483398>) attached a lock!
[23:12:02] Player (Bluefalcon, 76561198094714131)(<8835.484375, 285.371094, 14614.208984>) attached a lock!
[23:35:01] Player (~COPS~eL MaZi, 76561198046852490)(<6555.448242, 412.454529, 5602.293945>) attached a lock!
[23:35:22] Player (~COPS~eL MaZi, 76561198046852490)(<6555.448242, 412.454529, 5602.293945>) attached a lock!
[23:54:11] Player (Creepy Joe, 76561198045458963)(<11613.199219, 202.952484, 7270.656738>) attached a lock!
