[10-24-2021][01.17.47] New Attach Log File Created!
[01:45:00] Player (Survivor, 76561198067942127)(<13266.518555, 68.724815, 12081.613281>) attached a lock!
[01:54:12] Player (Scuffed, 76561198988386422)(<13284.596680, 68.674942, 12111.999023>) attached a lock!
[02:40:52] Player (Wraith, 76561198353469233)(<4890.867676, 311.283875, 5870.435059>) attached a lock!
[10-24-2021][03.18.44] Log file reloaded ( Server Restart )
[10-24-2021][05.19.37] Log file reloaded ( Server Restart )
[10-24-2021][07.20.28] Log file reloaded ( Server Restart )
[10-24-2021][09.21.19] Log file reloaded ( Server Restart )
[10:18:54] Player (hitch, 76561199174069079)(<3585.915283, 6.000000, 2185.655762>) attached a lock!
[10:36:23] Player (Fox, 76561198143776043)(<1324.800781, 141.425644, 4106.894531>) attached a lock!
[11:00:23] Player (Jrock, 76561199201737084)(<3576.037598, 24.835747, 2167.651123>) attached a lock!
[11:00:30] Player (Randy Lahey, 76561198439158020)(<1332.293579, 141.425644, 4117.300781>) attached a lock!
[10-24-2021][11.22.13] Log file reloaded ( Server Restart )
[11:43:19] Player ([NHMO] Mountain, 76561198211783183)(<12179.571289, 1.974136, 3118.737061>) attached a lock!
[12:16:35] Player (fiddlestix, 76561198038547270)(<10675.351563, 211.326904, 8050.155762>) attached a lock!
[12:53:11] Player (Fox, 76561198143776043)(<1326.927124, 141.425644, 4108.652832>) attached a lock!
[10-24-2021][13.23.08] Log file reloaded ( Server Restart )
[14:03:00] Player (Randy Lahey, 76561198439158020)(<1326.992310, 141.425644, 4112.238770>) attached a lock!
[14:03:31] Player (Randy Lahey, 76561198439158020)(<1324.984131, 138.173111, 4115.404297>) attached a lock!
[14:24:32] Player (Randy Lahey, 76561198439158020)(<1327.140015, 141.425644, 4112.301758>) attached a lock!
[14:56:15] Player (SonJd, 76561198214438271)(<3585.200195, 24.937521, 2182.064453>) attached a lock!
[15:04:50] Player (SonJd, 76561198214438271)(<3590.368652, 24.877613, 2167.535156>) attached a lock!
[15:08:33] Player (Kaleb, 76561198892748368)(<6182.062012, 277.384796, 10418.549805>) attached a lock!
[10-24-2021][15.24.01] Log file reloaded ( Server Restart )
[15:28:20] Player (fiddlestix, 76561198038547270)(<10670.483398, 211.144043, 8050.634766>) attached a lock!
[15:34:59] Player (SonJd, 76561198214438271)(<3591.304932, 24.945734, 2165.540283>) attached a lock!
[15:37:21] Player (Cagedblade, 76561198028879414)(<9272.598633, 102.901329, 13455.052734>) attached a lock!
[15:40:09] Player (DirtBappy, 76561198325315451)(<9269.252930, 102.518211, 13455.250000>) attached a lock!
[15:40:39] Player (HAUNTxURxDREAMS, 76561199166899329)(<3590.159912, 24.803852, 2172.467529>) attached a lock!
[15:42:07] Player (SonJd, 76561198214438271)(<3590.627197, 24.945734, 2165.532471>) attached a lock!
[15:46:11] Player (SonJd, 76561198214438271)(<3589.992432, 24.945734, 2165.468994>) attached a lock!
[16:20:49] Player (DirtBappy, 76561198325315451)(<9273.184570, 106.040489, 13454.061523>) attached a lock!
[16:30:32] Player (HAUNTxURxDREAMS, 76561199166899329)(<3588.642090, 24.871984, 2174.311523>) attached a lock!
[16:36:51] Player (HAUNTxURxDREAMS, 76561199166899329)(<3589.361328, 24.872000, 2174.342773>) attached a lock!
[10-24-2021][17.25.01] Log file reloaded ( Server Restart )
[17:44:40] Player (DarthErrina, 76561199134542915)(<3575.855957, 24.798967, 2172.560791>) attached a lock!
[17:55:35] Player (fiddlestix, 76561198038547270)(<10676.840820, 215.075409, 8054.096191>) attached a lock!
[19:17:21] Player (iNSANE, 76561198167062860)(<3575.862549, 24.849482, 2177.398193>) attached a lock!
[10-24-2021][19.26.08] Log file reloaded ( Server Restart )
[19:50:17] Player (iNSANE, 76561198167062860)(<3576.915771, 24.917540, 2179.156006>) attached a lock!
[19:50:40] Player (iNSANE, 76561198167062860)(<3574.594482, 24.917681, 2175.438477>) attached a lock!
[19:50:54] Player (iNSANE, 76561198167062860)(<3575.283936, 24.917629, 2175.416748>) attached a lock!
[19:54:48] Player (SonJd, 76561198214438271)(<3587.753418, 24.799580, 2175.451172>) attached a lock!
[20:57:14] Player (DarthErrina, 76561199134542915)(<3574.123047, 24.867165, 2170.980957>) attached a lock!
[21:02:12] Player (SonJd, 76561198214438271)(<3574.143799, 24.798559, 2183.664307>) attached a lock!
[21:04:34] Player (SonJd, 76561198214438271)(<3583.346436, 24.773811, 2182.203369>) attached a lock!
[21:10:31] Player (Fox, 76561198143776043)(<1323.166992, 141.382141, 4107.354004>) attached a lock!
[21:10:40] Player (Fox, 76561198143776043)(<1321.265259, 141.382141, 4108.967285>) attached a lock!
[10-24-2021][21.27.26] Log file reloaded ( Server Restart )
[22:03:36] Player (HAUNTxURxDREAMS, 76561199166899329)(<3590.083740, 24.872015, 2174.337158>) attached a lock!
[22:13:07] Player (Timmy, 76561198331009662)(<4901.932617, 307.182556, 5859.692383>) attached a lock!
[23:32:51] Player (HAUNTxURxDREAMS, 76561199166899329)(<3579.591064, 6.598501, 2158.640869>) attached a lock!
[23:57:32] Player (Wraith, 76561198353469233)(<4896.446289, 311.283875, 5862.346680>) attached a lock!
[10-24-2021][23.59.09] Log file reloaded ( Server Restart )
