[10-16-2021][01.49.29] New Attach Log File Created!
[03:33:09] Player (Cody, 76561198069939749)(<10649.264648, 64.584045, 14313.078125>) attached a lock!
[03:48:02] Player (Amemiya, 76561198319052264)(<5307.012207, 271.468079, 14210.577148>) attached a lock!
[04:35:20] Player (Amemiya, 76561198319052264)(<5306.786621, 271.501984, 14210.931641>) attached a lock!
[04:35:37] Player (Amemiya, 76561198319052264)(<5307.342285, 271.493774, 14210.572266>) attached a lock!
[04:36:06] Player (Amemiya, 76561198319052264)(<5306.944336, 271.399200, 14210.143555>) attached a lock!
[10-16-2021][05.51.02] Log file reloaded ( Server Restart )
[06:27:33] Player ([N.E.M] Carole Baskins, 76561198365347307)(<14848.664063, 37.442646, 13429.986328>) attached a lock!
[06:27:54] Player ([N.E.M] Carole Baskins, 76561198365347307)(<14857.816406, 36.167618, 13427.812500>) attached a lock!
[06:32:15] Player (Sauce, 76561199194857204)(<4305.107910, 239.649139, 14154.591797>) attached a lock!
[06:47:05] Player (Sauce, 76561199194857204)(<4304.826172, 239.649368, 14154.310547>) attached a lock!
[06:57:15] Player (Sauce, 76561199194857204)(<4302.351563, 235.550140, 14161.711914>) attached a lock!
[09:15:36] Player (HAUNTxURxDREAMS, 76561199166899329)(<3585.188232, 6.000006, 2194.164795>) attached a lock!
[10-16-2021][09.52.33] Log file reloaded ( Server Restart )
[10-16-2021][10.51.31] Log file reloaded ( Server Restart )
[10:59:44] Player (o, 76561199068832255)(<13759.981445, 2.961225, 3727.687500>) attached a lock!
[11:01:23] Player (o, 76561199068832255)(<13753.581055, 4.213189, 3723.518799>) attached a lock!
[13:39:47] Player (SonJd, 76561198214438271)(<3588.975098, 18.611160, 2173.357422>) attached a lock!
[10-16-2021][14.53.10] Log file reloaded ( Server Restart )
[10-16-2021][15.07.26] Log file reloaded ( Server Restart )
[15:16:50] Player (HAUNTxURxDREAMS, 76561199166899329)(<3575.985596, 21.346205, 2178.977539>) attached a lock!
[18:18:25] Player (sCiEnCe, 76561198060968149)(<5311.952637, 271.749512, 14210.274414>) attached a lock!
[10-16-2021][19.08.58] Log file reloaded ( Server Restart )
[20:00:36] Player (Cody, 76561198069939749)(<10638.086914, 59.640228, 14310.344727>) attached a lock!
[20:36:11] Player (XeonEvolved, 76561198178500313)(<6943.465820, 38.978977, 3486.012939>) attached a lock!
[23:05:18] Player (~COPS~ Nico, 76561198043476133)(<12894.438477, 20.686985, 6260.336914>) attached a lock!
[10-16-2021][23.12.12] Log file reloaded ( Server Restart )
[23:18:45] Player (~COPS~ Nico, 76561198043476133)(<12925.985352, 7.465446, 6269.930664>) attached a lock!
[23:55:30] Player (Scuffed, 76561198988386422)(<13304.360352, 77.544106, 12127.389648>) attached a lock!
[00:40:21] Player (ItsToXiiiic, 76561198138907923)(<13301.174805, 70.372047, 12131.267578>) attached a lock!
[00:40:51] Player (ItsToXiiiic, 76561198138907923)(<13301.174805, 70.372047, 12131.267578>) attached a lock!
[00:46:33] Player (trailmix329, 76561198971145301)(<13300.370117, 77.472450, 12124.032227>) attached a lock!
[01:22:02] Player (Nafies, 76561198002764787)(<1023.832764, 339.231812, 9968.789063>) attached a lock!
[01:23:06] Player (Nafies, 76561198002764787)(<1036.050781, 339.236053, 9968.345703>) attached a lock!
