[10-06-2021][01.19.13] New Attach Log File Created!
[01:45:11] Player (pop, 76561199019019500)(<3088.339844, 301.355072, 8115.152344>) attached a lock!
[01:59:00] Player ((Brodie) BostonGeorge, 76561198877259635)(<4566.265625, 233.237289, 4543.583984>) attached a lock!
[04:05:05] Player (kiaser, 76561198930183577)(<318.052795, 287.501495, 8560.459961>) attached a lock!
[10-06-2021][05.21.09] Log file reloaded ( Server Restart )
[10-06-2021][12.12.09] Log file reloaded ( Server Restart )
[13:33:34] Player (mason634a, 76561198100516787)(<6846.683105, 67.563774, 3483.249756>) attached a lock!
[13:34:03] Player (mason634a, 76561198100516787)(<6846.683105, 67.563774, 3483.249756>) attached a lock!
[13:34:17] Player (mason634a, 76561198100516787)(<6846.683105, 67.563774, 3483.249756>) attached a lock!
[13:34:36] Player (mason634a, 76561198100516787)(<6846.683105, 67.563774, 3483.249756>) attached a lock!
[13:35:03] Player (mason634a, 76561198100516787)(<6846.683105, 67.563774, 3483.249756>) attached a lock!
[13:35:32] Player (mason634a, 76561198100516787)(<6849.139648, 67.563774, 3480.373047>) attached a lock!
[14:59:10] Player (Skynyrd, 76561198033204425)(<11444.196289, 225.419174, 7481.529785>) attached a lock!
[15:18:03] Player (BillyJoeJimBob, 76561197966771754)(<13267.948242, 97.745018, 13010.956055>) attached a lock!
[10-06-2021][16.14.10] Log file reloaded ( Server Restart )
[16:16:57] Player (IDONTKNOWYOU, 76561198151743175)(<3590.149414, 18.611160, 2181.772217>) attached a lock!
[16:31:11] Player ((Brodie) BostonGeorge, 76561198877259635)(<4575.082520, 233.237289, 4537.595703>) attached a lock!
[16:33:51] Player (kiaser, 76561198930183577)(<226.305191, 291.050537, 8534.593750>) attached a lock!
[16:36:45] Player (kiaser, 76561198930183577)(<226.305191, 291.050537, 8534.593750>) attached a lock!
[16:49:55] Player (Survivor, 76561198138744595)(<7830.249023, 432.212646, 9830.026367>) attached a lock!
[17:21:29] Player (Jarvik, 76561197987891822)(<7803.846680, 313.690735, 6894.794434>) attached a lock!
[10-06-2021][20.16.25] Log file reloaded ( Server Restart )
[20:33:21] Player (MrsBlazy, 76561199124588882)(<6846.892090, 74.363770, 3495.749756>) attached a lock!
[21:02:39] Player ((Brodie) BostonGeorge, 76561198877259635)(<4555.341309, 233.237289, 4548.410645>) attached a lock!
[21:38:35] Player (SonJd, 76561198214438271)(<3584.723633, 14.935314, 2176.676270>) attached a lock!
[23:18:42] Player (Cody, 76561198069939749)(<10673.033203, 54.197231, 14319.061523>) attached a lock!
