[10-08-2021][01.34.33] New Attach Log File Created!
[02:00:55] Player ((Brodie) BostonGeorge, 76561198877259635)(<4586.613770, 233.237289, 4517.768555>) attached a lock!
[02:34:15] Player (Skynyrd, 76561198033204425)(<11470.256836, 229.431931, 7468.390137>) attached a lock!
[03:01:11] Player ([Brodie] Vito Corleone, 76561199059547240)(<4575.616211, 233.237289, 4508.604980>) attached a lock!
[03:29:30] Player ((Brodie) BostonGeorge, 76561198877259635)(<4554.708008, 233.237289, 4531.387695>) attached a lock!
[03:47:04] Player (Amemiya, 76561198319052264)(<5302.645996, 269.608337, 14200.334961>) attached a lock!
[10-08-2021][05.36.19] Log file reloaded ( Server Restart )
[10-08-2021][08.30.40] Log file reloaded ( Server Restart )
[09:08:36] Player (Michael, 76561198142583157)(<2033.666992, 249.751068, 12156.339844>) attached a lock!
[10-08-2021][12.32.22] Log file reloaded ( Server Restart )
[13:34:26] Player (MrsBlazy, 76561199124588882)(<6857.377930, 81.231888, 3496.348389>) attached a lock!
[13:34:50] Player (MrsBlazy, 76561199124588882)(<6857.377930, 81.231888, 3496.348389>) attached a lock!
[13:35:28] Player (MrsBlazy, 76561199124588882)(<6857.377930, 81.231888, 3496.348389>) attached a lock!
[13:36:38] Player (MrsBlazy, 76561199124588882)(<6856.079102, 81.359421, 3499.911377>) attached a lock!
[14:24:47] Player (Biglazy, 76561198036090868)(<6857.377930, 81.231888, 3496.348389>) attached a lock!
[14:25:01] Player (Biglazy, 76561198036090868)(<6857.377930, 81.231888, 3496.348389>) attached a lock!
[15:51:56] Player (kiaser, 76561198930183577)(<1332.545288, 299.755829, 10758.503906>) attached a lock!
[16:26:46] Player (kiaser, 76561198930183577)(<273.694092, 287.841980, 8571.225586>) attached a lock!
[10-08-2021][16.34.05] Log file reloaded ( Server Restart )
[17:33:16] Player (Cody, 76561198069939749)(<10641.812500, 54.222889, 14304.465820>) attached a lock!
[10-08-2021][20.36.07] Log file reloaded ( Server Restart )
[22:04:02] Player (SoloSpicy, 76561198093692763)(<3588.270264, 21.346189, 2172.078613>) attached a lock!
[22:12:41] Player (SonJd, 76561198214438271)(<3574.374023, 21.346273, 2183.188721>) attached a lock!
[22:25:27] Player (Glazed&Confused, 76561198007338243)(<8418.326172, 134.121704, 12879.976563>) attached a lock!
[22:31:29] Player (MrsBlazy, 76561199124588882)(<6857.377930, 81.231888, 3496.348389>) attached a lock!
[22:36:45] Player (SonJd, 76561198214438271)(<3576.226563, 21.278069, 2182.254639>) attached a lock!
[22:47:47] Player (Glazed&Confused, 76561198007338243)(<8427.525391, 137.643463, 12886.557617>) attached a lock!
