[10-09-2021][00.54.27] New Attach Log File Created!
[01:03:13] Player ((Brodie) BostonGeorge, 76561198877259635)(<4583.253418, 233.237289, 4523.037598>) attached a lock!
[01:35:01] Player (aerology, 76561198166930831)(<1977.740112, 259.568848, 7370.926758>) attached a lock!
[01:38:23] Player (aerology, 76561198166930831)(<1975.870117, 259.570862, 7372.283203>) attached a lock!
[02:15:47] Player (SonJd, 76561198214438271)(<3578.972900, 6.424985, 2175.868408>) attached a lock!
[02:19:20] Player (SonJd, 76561198214438271)(<3615.761230, 6.000003, 2172.558838>) attached a lock!
[02:46:34] Player (Scuffed, 76561198988386422)(<13304.169922, 77.475983, 12129.360352>) attached a lock!
[03:22:23] Player ((Brodie) BostonGeorge, 76561198877259635)(<4571.495117, 233.237289, 4511.915039>) attached a lock!
[03:22:59] Player ((Brodie) BostonGeorge, 76561198877259635)(<4571.495117, 233.237289, 4511.915039>) attached a lock!
[03:23:19] Player (Kooter man, 76561199081737809)(<4571.495117, 233.237289, 4511.915039>) attached a lock!
[03:23:32] Player (Kooter man, 76561199081737809)(<4571.495117, 233.237289, 4511.915039>) attached a lock!
[03:23:48] Player ((Brodie) BostonGeorge, 76561198877259635)(<4571.495117, 233.237289, 4511.915039>) attached a lock!
[03:23:55] Player ((Brodie) BostonGeorge, 76561198877259635)(<4571.495117, 233.237289, 4511.915039>) attached a lock!
[03:24:16] Player (Kooter man, 76561199081737809)(<4571.495117, 233.237289, 4511.915039>) attached a lock!
[03:33:46] Player ((Brodie) BostonGeorge, 76561198877259635)(<4571.495117, 233.237289, 4511.915039>) attached a lock!
[03:33:53] Player ((Brodie) BostonGeorge, 76561198877259635)(<4572.972168, 233.305405, 4513.123047>) attached a lock!
[03:34:18] Player ((Brodie) BostonGeorge, 76561198877259635)(<4556.167480, 233.237289, 4529.451660>) attached a lock!
[03:58:57] Player (pop, 76561199019019500)(<8417.072266, 127.253494, 12888.804688>) attached a lock!
[10-09-2021][04.56.41] Log file reloaded ( Server Restart )
[10-09-2021][05.41.43] Log file reloaded ( Server Restart )
[07:44:32] Player (STIXS, 76561198281115814)(<11466.105469, 229.415497, 7491.864258>) attached a lock!
[10-09-2021][09.43.27] Log file reloaded ( Server Restart )
[13:00:44] Player ((Brodie) BostonGeorge, 76561198877259635)(<4560.280273, 233.237289, 4550.990723>) attached a lock!
[13:05:12] Player (HAUNTxURxDREAMS, 76561199166899329)(<3595.442871, 6.598501, 2162.081787>) attached a lock!
[13:21:45] Player (o, 76561199068832255)(<4581.720703, 233.237289, 4516.361328>) attached a lock!
[10-09-2021][13.45.19] Log file reloaded ( Server Restart )
[15:34:35] Player ((Brodie) BostonGeorge, 76561198877259635)(<4547.968750, 233.237289, 4541.238281>) attached a lock!
[16:11:26] Player ((Brodie) BostonGeorge, 76561198877259635)(<4551.829102, 233.237289, 4544.738281>) attached a lock!
[16:11:39] Player ((Brodie) BostonGeorge, 76561198877259635)(<4566.265625, 233.237289, 4543.583984>) attached a lock!
[16:14:08] Player ((Brodie) BostonGeorge, 76561198877259635)(<4555.341309, 233.237289, 4548.410645>) attached a lock!
[17:37:20] Player (Kooter man, 76561199081737809)(<6848.472168, 9.404350, 3174.731689>) attached a lock!
[17:39:42] Player (SonJd, 76561198214438271)(<3587.151123, 6.000011, 2195.503174>) attached a lock!
[10-09-2021][17.47.53] Log file reloaded ( Server Restart )
[18:02:32] Player (SonJd, 76561198214438271)(<3584.427490, 18.611160, 2168.075684>) attached a lock!
[18:36:28] Player (Cody, 76561198069939749)(<10633.969727, 59.640228, 14311.486328>) attached a lock!
[18:42:06] Player (Cody, 76561198069939749)(<10634.527344, 54.197231, 14311.463867>) attached a lock!
[18:57:04] Player (Gingi, 76561198329838423)(<9054.340820, 126.287163, 12725.618164>) attached a lock!
[20:27:11] Player ((Brodie) BostonGeorge, 76561198877259635)(<4561.508301, 233.237289, 4552.186523>) attached a lock!
[20:27:29] Player ((Brodie) BostonGeorge, 76561198877259635)(<4561.508301, 233.237289, 4552.186523>) attached a lock!
[20:27:48] Player ((Brodie) BostonGeorge, 76561198877259635)(<4558.784180, 233.237289, 4553.653809>) attached a lock!
[20:31:01] Player ([Brodie] Vito Corleone, 76561199059547240)(<4568.319824, 233.237289, 4538.008301>) attached a lock!
[21:17:24] Player (Gingi, 76561198329838423)(<9055.196289, 126.286652, 12725.916016>) attached a lock!
[21:29:37] Player (LordOfTheRams, 76561198128005053)(<11566.867188, 89.243744, 14749.416016>) attached a lock!
[10-09-2021][21.54.39] Log file reloaded ( Server Restart )
[22:33:40] Player (MrsBlazy, 76561199124588882)(<6857.377930, 81.231888, 3496.348389>) attached a lock!
[01:21:19] Player (Glazed&Confused, 76561198007338243)(<8418.658203, 134.121674, 12879.311523>) attached a lock!
