[10-04-2021][03.58.35] New Attach Log File Created!
[06:43:07] Player (Deadhead, 76561199145001520)(<4405.577148, 208.060440, 4472.868164>) attached a lock!
[10-04-2021][08.00.11] Log file reloaded ( Server Restart )
[10-04-2021][08.55.33] Log file reloaded ( Server Restart )
[12:54:49] Player (FN, 76561197968480277)(<3035.277344, 84.031441, 2444.864014>) attached a lock!
[10-04-2021][12.57.22] Log file reloaded ( Server Restart )
[10-04-2021][16.59.14] Log file reloaded ( Server Restart )
[18:14:34] Player (Mani, 76561198018840173)(<8434.375000, 130.653473, 12888.404297>) attached a lock!
[19:05:32] Player (LordOfTheRams, 76561198128005053)(<11567.394531, 89.243744, 14750.541016>) attached a lock!
[19:05:47] Player (LordOfTheRams, 76561198128005053)(<11567.296875, 89.715569, 14742.592773>) attached a lock!
[19:17:32] Player (Scuffed, 76561198988386422)(<13311.541016, 70.394386, 12122.518555>) attached a lock!
[19:20:57] Player (LordOfTheRams, 76561198128005053)(<11557.776367, 89.243744, 14743.218750>) attached a lock!
[19:20:57] Player (Tiny, 76561198088740296)(<11557.776367, 89.243744, 14743.218750>) attached a lock!
[19:21:33] Player (LordOfTheRams, 76561198128005053)(<11557.776367, 89.243744, 14743.218750>) attached a lock!
[19:22:15] Player (LordOfTheRams, 76561198128005053)(<11562.927734, 89.243744, 14734.564453>) attached a lock!
[19:22:44] Player (Biglazy, 76561198036090868)(<6851.691406, 81.163765, 3495.370605>) attached a lock!
[19:26:36] Player (Biglazy, 76561198036090868)(<6857.377930, 81.231888, 3496.348389>) attached a lock!
[19:41:25] Player (LordOfTheRams, 76561198128005053)(<11614.653320, 113.348068, 15088.171875>) attached a lock!
[19:48:21] Player (LordOfTheRams, 76561198128005053)(<11564.946289, 89.243744, 14735.990234>) attached a lock!
[19:51:11] Player (LordOfTheRams, 76561198128005053)(<11571.589844, 89.243744, 14743.309570>) attached a lock!
[20:02:33] Player (Tiny, 76561198088740296)(<11608.421875, 58.411625, 14774.421875>) attached a lock!
[20:47:42] Player (SonJd, 76561198214438271)(<3587.055420, 18.611160, 2167.133301>) attached a lock!
[10-04-2021][21.01.11] Log file reloaded ( Server Restart )
[21:43:02] Player (SonJd, 76561198214438271)(<3588.975098, 18.611160, 2173.357422>) attached a lock!
[22:59:23] Player (pop, 76561199019019500)(<3088.908691, 301.355042, 8116.253418>) attached a lock!
[23:45:30] Player (Skynyrd, 76561198033204425)(<11473.441406, 229.441086, 7490.525391>) attached a lock!
[00:40:39] Player (caleb, 76561199135214219)(<3210.230713, 311.607147, 7781.212402>) attached a lock!
