[10-23-2021][03.03.39] New Attach Log File Created!
[03:09:35] Player (Cody, 76561198069939749)(<10645.232422, 54.197231, 14305.455078>) attached a lock!
[03:20:19] Player (Hurf Jones, 76561198007731983)(<8074.128418, 346.110260, 10465.376953>) attached a lock!
[03:20:30] Player (Hurf Jones, 76561198007731983)(<8074.128418, 346.110260, 10465.376953>) attached a lock!
[03:24:28] Player (Hurf Jones, 76561198007731983)(<8074.128418, 346.110260, 10465.376953>) attached a lock!
[03:24:45] Player (Hurf Jones, 76561198007731983)(<8074.128418, 346.110260, 10465.376953>) attached a lock!
[04:13:11] Player (Hurf Jones, 76561198007731983)(<8080.736328, 346.035095, 10468.139648>) attached a lock!
[04:13:19] Player (Hurf Jones, 76561198007731983)(<8080.311523, 346.035095, 10467.541016>) attached a lock!
[04:13:52] Player (Hurf Jones, 76561198007731983)(<8077.208008, 346.094513, 10470.625000>) attached a lock!
[04:50:36] Player (Cody, 76561198069939749)(<10669.310547, 59.804089, 14323.212891>) attached a lock!
[10-23-2021][07.04.55] Log file reloaded ( Server Restart )
[07:37:27] Player ([NHMO] Mountain, 76561198211783183)(<12176.242188, 1.958427, 3120.672119>) attached a lock!
[10:53:59] Player (Zack, 76561198046475450)(<6370.734863, 323.628601, 14127.785156>) attached a lock!
[10-23-2021][11.06.14] Log file reloaded ( Server Restart )
[12:47:34] Player (iNSANE, 76561198167062860)(<3589.320557, 24.799171, 2171.951172>) attached a lock!
[12:51:37] Player (SonJd, 76561198214438271)(<3576.291016, 21.346186, 2180.441895>) attached a lock!
[13:00:42] Player (HAUNTxURxDREAMS, 76561199166899329)(<3581.233887, 24.825977, 2166.996338>) attached a lock!
[13:37:34] Player (iNSANE, 76561198167062860)(<3575.315430, 21.346243, 2170.591064>) attached a lock!
[13:40:25] Player (iNSANE, 76561198167062860)(<3577.336670, 21.346119, 2170.471191>) attached a lock!
[13:50:20] Player (fiddlestix, 76561198038547270)(<10676.840820, 215.075409, 8054.096191>) attached a lock!
[10-23-2021][15.06.59] Log file reloaded ( Server Restart )
[16:10:07] Player (Chino, 76561198336423473)(<9077.361328, 247.840424, 8052.917969>) attached a lock!
[16:11:01] Player (Chino, 76561198336423473)(<9077.361328, 247.840424, 8052.917969>) attached a lock!
[16:45:13] Player (Mani, 76561198018840173)(<8419.017578, 137.643463, 12886.025391>) attached a lock!
[17:14:30] Player (Cody, 76561198069939749)(<10656.120117, 64.583839, 14315.066406>) attached a lock!
[17:18:02] Player (Drillbit, 76561199114223787)(<4890.792480, 307.182556, 5867.101563>) attached a lock!
[17:28:51] Player (Cody, 76561198069939749)(<10664.013672, 64.583427, 14317.266602>) attached a lock!
[17:29:14] Player (Cody, 76561198069939749)(<10666.819336, 64.583221, 14318.388672>) attached a lock!
[17:42:49] Player (Cody, 76561198069939749)(<10653.207031, 64.592529, 14315.066406>) attached a lock!
[17:52:50] Player (jonaRS, 76561198854110163)(<7532.457031, 296.141998, 6687.915039>) attached a lock!
[18:01:58] Player (jonaRS, 76561198854110163)(<7537.028320, 296.679474, 6690.495117>) attached a lock!
[18:19:42] Player (Survivor, 76561197988757546)(<8242.307617, 354.203552, 6981.262695>) attached a lock!
[18:40:14] Player (ErnyMudgett, 76561199017818174)(<9905.881836, 178.246201, 6700.250000>) attached a lock!
[10-23-2021][19.08.58] Log file reloaded ( Server Restart )
[21:02:18] Player (Hurf Jones, 76561198007731983)(<8079.921875, 346.035095, 10467.006836>) attached a lock!
[10-23-2021][21.09.56] Log file reloaded ( Server Restart )
[21:20:00] Player (Drillbit, 76561199114223787)(<4894.877930, 310.932556, 5869.274902>) attached a lock!
[21:24:27] Player (Glazed&Confused, 76561198007338243)(<8435.293945, 137.643463, 12888.142578>) attached a lock!
[10-23-2021][23.16.46] Log file reloaded ( Server Restart )
