[10-20-2021][02.15.58] New Attach Log File Created!
[10-20-2021][06.17.09] Log file reloaded ( Server Restart )
[10-20-2021][10.18.23] Log file reloaded ( Server Restart )
[11:48:42] Player ([Kry] ZIGGY, 76561199091091979)(<10659.380859, 215.127228, 8030.625977>) attached a lock!
[10-20-2021][14.19.42] Log file reloaded ( Server Restart )
[15:24:42] Player ([Kry] ZIGGY, 76561199091091979)(<10658.291992, 211.142365, 8029.724609>) attached a lock!
[10-20-2021][18.21.02] Log file reloaded ( Server Restart )
[19:04:52] Player (XeonEvolved, 76561198178500313)(<6856.116699, 64.163780, 3492.979980>) attached a lock!
[19:14:42] Player (MrsBlazy, 76561199124588882)(<6856.024902, 81.231888, 3496.564941>) attached a lock!
[19:16:15] Player (gryptpypethynne, 76561198034516213)(<1278.229004, 387.019196, 12553.899414>) attached a lock!
[19:17:26] Player (gryptpypethynne, 76561198034516213)(<1272.727783, 387.019196, 12560.390625>) attached a lock!
[19:35:41] Player (MrsBlazy, 76561199124588882)(<6856.557617, 81.231888, 3499.545410>) attached a lock!
[20:04:52] Player (Survivor, 76561197988757546)(<8247.262695, 353.081512, 7018.758789>) attached a lock!
[20:05:04] Player (Survivor, 76561197988757546)(<8247.262695, 353.081512, 7018.758789>) attached a lock!
[20:05:15] Player (Survivor, 76561197988757546)(<8247.262695, 353.081512, 7018.758789>) attached a lock!
[20:05:41] Player (Survivor, 76561197988757546)(<8247.262695, 353.081512, 7018.758789>) attached a lock!
[20:06:56] Player (Survivor, 76561197988757546)(<8247.262695, 353.081512, 7018.758789>) attached a lock!
[20:18:21] Player (MrsBlazy, 76561199124588882)(<6856.657715, 81.231888, 3499.818848>) attached a lock!
[20:43:39] Player (Bad, 76561198212745199)(<10680.325195, 82.797409, 14471.562500>) attached a lock!
[20:50:56] Player (Survivor, 76561197988757546)(<8255.299805, 353.081512, 7015.284180>) attached a lock!
[20:55:00] Player (Survivor, 76561197988757546)(<8247.262695, 353.081512, 7018.758789>) attached a lock!
[21:49:38] Player (Bad, 76561198212745199)(<8830.346680, 281.273315, 14620.483398>) attached a lock!
[10-20-2021][22.23.25] Log file reloaded ( Server Restart )
[22:42:03] Player (Bad, 76561198212745199)(<10680.714844, 69.197357, 14464.321289>) attached a lock!
[02:19:03] Player (BlinDaDo, 76561197999196696)(<239.779572, 315.529907, 7510.727539>) attached a lock!
