[10-11-2021][02.19.42] New Attach Log File Created!
[03:09:24] Player (Sauce, 76561199194857204)(<8341.286133, 291.996521, 5980.081543>) attached a lock!
[03:32:06] Player ((Brodie) BostonGeorge, 76561198877259635)(<5706.622559, 72.297562, 2569.465820>) attached a lock!
[03:32:16] Player ((Brodie) BostonGeorge, 76561198877259635)(<5706.622559, 72.297562, 2569.465820>) attached a lock!
[03:32:24] Player ((Brodie) BostonGeorge, 76561198877259635)(<5706.622559, 72.297562, 2569.465820>) attached a lock!
[03:53:11] Player ((Brodie) BostonGeorge, 76561198877259635)(<5717.457031, 71.799736, 2584.570313>) attached a lock!
[04:09:57] Player ((Brodie) BostonGeorge, 76561198877259635)(<5706.466797, 71.799736, 2584.063477>) attached a lock!
[04:48:14] Player (pop, 76561199019019500)(<8415.445313, 127.253494, 12883.334961>) attached a lock!
[04:48:23] Player (pop, 76561199019019500)(<8415.445313, 127.253494, 12883.334961>) attached a lock!
[05:02:58] Player ((Brodie) BostonGeorge, 76561198877259635)(<5712.769531, 71.799736, 2584.604980>) attached a lock!
[05:03:29] Player ((Brodie) BostonGeorge, 76561198877259635)(<5708.993652, 71.799736, 2577.943604>) attached a lock!
[05:10:49] Player ((Brodie) BostonGeorge, 76561198877259635)(<5673.382324, 71.799736, 2586.892578>) attached a lock!
[05:12:03] Player ((Brodie) BostonGeorge, 76561198877259635)(<5695.422363, 71.799736, 2581.723145>) attached a lock!
[05:12:24] Player (Sauce, 76561199194857204)(<8346.096680, 292.000000, 5970.315430>) attached a lock!
[05:34:58] Player ((Brodie) BostonGeorge, 76561198877259635)(<5708.772461, 71.799736, 2573.177002>) attached a lock!
[10-11-2021][06.21.26] Log file reloaded ( Server Restart )
[08:55:34] Player (Clark524, 76561199131805143)(<14857.816406, 36.167618, 13427.812500>) attached a lock!
[10-11-2021][10.23.12] Log file reloaded ( Server Restart )
[12:37:31] Player (SonJd, 76561198214438271)(<3578.972900, 6.424985, 2175.868408>) attached a lock!
[10-11-2021][14.27.12] Log file reloaded ( Server Restart )
[16:12:47] Player (sCiEnCe, 76561198060968149)(<5291.890137, 269.672699, 14206.780273>) attached a lock!
[16:50:09] Player ((Brodie) BostonGeorge, 76561199108133623)(<8223.192383, 112.802376, 12681.313477>) attached a lock!
[16:53:25] Player ((Brodie) BostonGeorge, 76561199108133623)(<8224.256836, 112.802010, 12681.378906>) attached a lock!
[18:03:04] Player ((Brodie) BostonGeorge, 76561199108133623)(<8226.302734, 112.801300, 12692.755859>) attached a lock!
[10-11-2021][18.29.42] Log file reloaded ( Server Restart )
[19:42:26] Player (SonJd, 76561198214438271)(<3587.121826, 18.613161, 2167.296387>) attached a lock!
[10-11-2021][20.02.17] Log file reloaded ( Server Restart )
[10-11-2021][20.22.40] Log file reloaded ( Server Restart )
[20:30:10] Player (SonJd, 76561198214438271)(<3579.031494, 21.251644, 2174.684814>) attached a lock!
[21:00:54] Player (o, 76561199068832255)(<6486.408691, 356.760712, 8449.589844>) attached a lock!
[21:20:52] Player (Fata, 76561198187866034)(<241.161148, 312.791656, 7502.189453>) attached a lock!
[21:23:44] Player (Gingi, 76561198329838423)(<9274.917969, 106.040489, 13456.580078>) attached a lock!
[22:06:31] Player (SonJd, 76561198214438271)(<3593.544189, 5.999997, 2186.098877>) attached a lock!
[22:36:51] Player (~COPS~ Nico, 76561198043476133)(<12901.155273, 7.532862, 6265.193848>) attached a lock!
[22:54:39] Player (Mani, 76561198018840173)(<8419.173828, 137.643463, 12881.559570>) attached a lock!
[22:54:46] Player (Mani, 76561198018840173)(<8419.173828, 137.643463, 12881.559570>) attached a lock!
[22:55:04] Player (Mani, 76561198018840173)(<8419.173828, 137.643463, 12881.559570>) attached a lock!
[23:25:49] Player (N1cK270, 76561198004053767)(<13303.517578, 77.741203, 12150.754883>) attached a lock!
[23:42:32] Player (Scuffed, 76561198988386422)(<13301.255859, 70.431358, 12140.725586>) attached a lock!
