[09-23-2021][00.02.51] New Raid Log File Created!
[09-23-2021][04.05.24] Log file reloaded ( Server Restart )
[09-23-2021][08.07.31] Log file reloaded ( Server Restart )
[09-23-2021][12.09.24] Log file reloaded ( Server Restart )
[09-23-2021][14.18.36] Log file reloaded ( Server Restart )
[09-23-2021][18.20.30] Log file reloaded ( Server Restart )
[22:12:33] Player (Scuffed, 76561198988386422)(<12280.497070, 93.727318, 10618.833984>) successfully raided lock!
[09-23-2021][22.22.45] Log file reloaded ( Server Restart )
[23:46:18] Player (Barry McCockiner, 76561198858404418)(<12245.178711, 23.205736, 14270.330078>) successfully raided lock!
[00:11:03] Player (Barry McCockiner, 76561198858404418)(<12275.999023, 21.993599, 14263.583984>) successfully raided lock!
[00:15:56] Player (Barry McCockiner, 76561198858404418)(<12279.938477, 21.993599, 14254.106445>) successfully raided lock!
[00:21:14] Player (ItsToXiiiic, 76561198138907923)(<12278.728516, 21.993599, 14249.160156>) successfully raided lock!
[00:21:50] Player (Barry McCockiner, 76561198858404418)(<12256.772461, 21.993599, 14262.709961>) successfully raided lock!
[00:28:32] Player (ItsToXiiiic, 76561198138907923)(<12273.492188, 21.993599, 14248.985352>) successfully raided lock!
[00:28:44] Player (Barry McCockiner, 76561198858404418)(<12267.996094, 21.993599, 14258.598633>) successfully raided lock!
[00:32:01] Player (ItsToXiiiic, 76561198138907923)(<12282.001953, 21.993599, 14251.519531>) successfully raided lock!
[00:33:40] Player (Barry McCockiner, 76561198858404418)(<12266.924805, 21.993599, 14267.402344>) successfully raided lock!
[00:37:42] Player (Barry McCockiner, 76561198858404418)(<12271.448242, 21.993599, 14265.558594>) successfully raided lock!
[00:37:44] Player (N1cK270, 76561198004053767)(<12266.317383, 21.993599, 14254.015625>) successfully raided lock!
[00:42:45] Player (ItsToXiiiic, 76561198138907923)(<12283.161133, 21.993599, 14254.489258>) successfully raided lock!
