[09-17-2021][02.53.06] New Raid Log File Created!
[09-17-2021][04.40.37] Log file reloaded ( Server Restart )
[09-17-2021][08.42.22] Log file reloaded ( Server Restart )
[09-17-2021][12.44.05] Log file reloaded ( Server Restart )
[13:39:51] Player (^DBD^ Maxo, 76561198148661627)(<3648.025391, 298.316986, 8066.851074>) successfully raided lock!
[15:01:13] Player (Barry McCockiner, 76561198858404418)(<8829.574219, 191.309845, 12027.621094>) successfully raided lock!
[15:28:32] Player (^DBD^ Maxo, 76561198148661627)(<3862.307373, 314.872711, 8951.762695>) successfully raided lock!
[15:32:51] Player (^DBD^ Maxo, 76561198148661627)(<3860.183838, 314.804810, 8946.807617>) successfully raided lock!
[09-17-2021][16.54.46] Log file reloaded ( Server Restart )
[09-17-2021][20.56.44] Log file reloaded ( Server Restart )
[09-17-2021][20.57.51] Log file reloaded ( Server Restart )
[09-17-2021][20.58.58] Log file reloaded ( Server Restart )
[09-17-2021][21.00.18] Log file reloaded ( Server Restart )
[09-17-2021][21.02.05] Log file reloaded ( Server Restart )
[09-17-2021][21.03.53] Log file reloaded ( Server Restart )
[09-17-2021][21.05.46] Log file reloaded ( Server Restart )
[09-17-2021][21.07.24] Log file reloaded ( Server Restart )
[22:49:06] Player (SonJd, 76561198214438271)(<3790.736084, 171.918884, 3630.879395>) successfully raided lock!
[23:23:21] Player (SonJd, 76561198214438271)(<3788.556396, 171.918839, 3626.845947>) successfully raided lock!
[23:24:06] Player (SonJd, 76561198214438271)(<3795.642334, 171.916443, 3627.413330>) successfully raided lock!
[23:25:10] Player (SonJd, 76561198214438271)(<3795.151855, 171.915161, 3620.296631>) successfully raided lock!
[00:41:32] Player (rvxvii, 76561198225084544)(<6098.647949, 45.610924, 2998.635254>) successfully raided lock!
[00:41:34] Player (HAUNTxURxDREAMS, 76561199166899329)(<6096.192871, 45.778332, 2994.175781>) successfully raided lock!
