18.10.2021 16:02:14 [CarCover] 'CarCover.json' found, loading existing config
18.10.2021 16:21:15 [CarCover] Player Biglazy (76561198036090868) covered Hatchback_02_Blue at <6947.625000, 39.063095, 3483.002686>
18.10.2021 19:07:54 [CarCover] Player SonJd (76561198214438271) covered Sedan_02_Grey at <3580.218506, 5.971654, 2188.419189>
18.10.2021 19:38:50 [CarCover] Player SonJd (76561198214438271) uncovered Sedan_02_Grey at <3580.218506, 5.971654, 2188.419189>
18.10.2021 19:39:04 [CarCover] Player SonJd (76561198214438271) covered CivilianSedan_Black at <3590.424316, 5.992118, 2190.169434>
18.10.2021 20:03:32 [CarCover] 'CarCover.json' found, loading existing config
18.10.2021 21:53:23 [CarCover] Player sCiEnCe (76561198060968149) covered Truck_01_Covered_Blue at <5293.485840, 267.497223, 14190.772461>
18.10.2021 21:54:15 [CarCover] Player sCiEnCe (76561198060968149) covered Hatchback_02 at <5301.939453, 270.468018, 14206.501953>
18.10.2021 22:20:37 [CarCover] Player sCiEnCe (76561198060968149) uncovered Truck_01_Covered_Blue at <5293.485840, 267.497223, 14190.772461>
18.10.2021 22:22:12 [CarCover] Player sCiEnCe (76561198060968149) uncovered Hatchback_02 at <5301.939453, 270.468018, 14206.501953>
18.10.2021 22:31:21 [CarCover] Player Storm (76561198033243208) covered Hatchback_02 at <11609.369141, 203.039291, 7272.378418>
18.10.2021 22:33:03 [CarCover] Player Amemiya (76561198319052264) covered Truck_01_Covered_Blue at <5298.900879, 268.891174, 14196.487305>
18.10.2021 22:33:48 [CarCover] Player Amemiya (76561198319052264) uncovered Truck_01_Covered_Blue at <5298.900879, 268.891174, 14196.487305>
18.10.2021 22:36:35 [CarCover] Player Amemiya (76561198319052264) covered Truck_01_Covered_Blue at <5298.901367, 268.891266, 14196.487305>
18.10.2021 23:14:23 [CarCover] Player Amemiya (76561198319052264) covered Hatchback_02 at <5301.937012, 270.467957, 14206.501953>
18.10.2021 23:46:01 [CarCover] Player Amemiya (76561198319052264) uncovered Truck_01_Covered_Blue at <5298.901367, 268.891266, 14196.487305>
18.10.2021 23:46:49 [CarCover] Player Amemiya (76561198319052264) covered Truck_01_Covered_Blue at <5315.904785, 270.288269, 14196.936523>
19.10.2021 00:05:24 [CarCover] 'CarCover.json' found, loading existing config
19.10.2021 00:42:16 [CarCover] Player Amemiya (76561198319052264) uncovered Truck_01_Covered_Blue at <5315.904785, 270.288269, 14196.936523>
19.10.2021 00:43:59 [CarCover] Player Amemiya (76561198319052264) covered Truck_01_Covered_Blue at <5272.371582, 266.155151, 14195.023438>
19.10.2021 00:44:27 [CarCover] Player Creepy Joe (76561198045458963) covered Sedan_02_Red at <11613.122070, 202.964218, 7271.057617>
19.10.2021 03:26:18 [CarCover] Player Amemiya (76561198319052264) uncovered Hatchback_02 at <5301.937012, 270.467957, 14206.501953>
19.10.2021 04:06:40 [CarCover] 'CarCover.json' found, loading existing config
19.10.2021 05:19:18 [CarCover] Player Amemiya (76561198319052264) covered Hatchback_02 at <5301.623535, 270.527496, 14207.104492>
19.10.2021 05:24:22 [CarCover] Player Amemiya (76561198319052264) uncovered Truck_01_Covered_Blue at <5272.371582, 266.155151, 14195.023438>
19.10.2021 05:28:22 [CarCover] Player Amemiya (76561198319052264) covered Truck_01_Covered_Blue at <5279.913086, 267.314880, 14196.688477>
19.10.2021 05:31:20 [CarCover] Player Amemiya (76561198319052264) uncovered Hatchback_02 at <5301.623535, 270.527496, 14207.104492>
19.10.2021 06:05:35 [CarCover] Player Amemiya (76561198319052264) covered Hatchback_02 at <5301.623047, 270.528137, 14207.106445>
19.10.2021 08:07:55 [CarCover] 'CarCover.json' found, loading existing config
19.10.2021 09:29:10 [CarCover] Player Amemiya (76561198319052264) uncovered Hatchback_02 at <5301.623047, 270.528137, 14207.106445>
19.10.2021 10:09:43 [CarCover] 'CarCover.json' found, loading existing config
19.10.2021 10:10:21 [CarCover] 'CarCover.json' found, loading existing config
19.10.2021 11:05:42 [CarCover] Player Amemiya (76561198319052264) covered Hatchback_02 at <5301.716797, 270.485718, 14206.773438>
19.10.2021 14:11:48 [CarCover] 'CarCover.json' found, loading existing config
19.10.2021 18:02:16 [CarCover] Player ~COPS~ Nico (76561198043476133) covered CivilianSedan_Black at <6522.605469, 385.928345, 5583.270996>
19.10.2021 18:13:03 [CarCover] 'CarCover.json' found, loading existing config
19.10.2021 22:14:39 [CarCover] 'CarCover.json' found, loading existing config
20.10.2021 02:15:58 [CarCover] 'CarCover.json' found, loading existing config
20.10.2021 02:40:46 [CarCover] Player gryptpypethynne (76561198034516213) covered Hatchback_02_Black at <6606.604004, 459.439423, 15370.192383>
20.10.2021 02:41:36 [CarCover] Player gryptpypethynne (76561198034516213) uncovered Hatchback_02_Black at <6606.604004, 459.439423, 15370.192383>
20.10.2021 06:17:09 [CarCover] 'CarCover.json' found, loading existing config
20.10.2021 10:18:23 [CarCover] 'CarCover.json' found, loading existing config
20.10.2021 14:19:42 [CarCover] 'CarCover.json' found, loading existing config
20.10.2021 18:21:02 [CarCover] 'CarCover.json' found, loading existing config
20.10.2021 20:15:06 [CarCover] Player SonJd (76561198214438271) covered Sedan_02_Grey at <3580.372803, 5.971620, 2188.441162>
20.10.2021 20:39:42 [CarCover] Player gryptpypethynne (76561198034516213) covered OffroadHatchback_White at <2515.926270, 237.649200, 12860.742188>
20.10.2021 20:40:01 [CarCover] Player gryptpypethynne (76561198034516213) uncovered OffroadHatchback_White at <2515.926270, 237.649200, 12860.742188>
20.10.2021 20:40:17 [CarCover] Player gryptpypethynne (76561198034516213) covered OffroadHatchback_White at <2515.926514, 237.651688, 12860.742188>
20.10.2021 20:47:55 [CarCover] Player Relais (76561198041106524) uncovered OffroadHatchback_White at <2515.926514, 237.651688, 12860.742188>
20.10.2021 20:50:18 [CarCover] Player Relais (76561198041106524) covered OffroadHatchback_White at <2515.927490, 237.640320, 12860.743164>
20.10.2021 21:51:44 [CarCover] Player SonJd (76561198214438271) uncovered Sedan_02_Grey at <3580.372803, 5.971620, 2188.441162>
20.10.2021 21:51:58 [CarCover] Player SonJd (76561198214438271) covered Sedan_02_Grey at <3580.372803, 5.971627, 2188.441162>
20.10.2021 21:52:51 [CarCover] Player SonJd (76561198214438271) uncovered CivilianSedan_Black at <3590.424316, 5.992118, 2190.169434>
20.10.2021 21:53:44 [CarCover] Player SonJd (76561198214438271) covered CivilianSedan_Black at <3590.424316, 5.992135, 2190.169434>
20.10.2021 21:57:07 [CarCover] Player SonJd (76561198214438271) uncovered CivilianSedan_Black at <3590.424316, 5.992135, 2190.169434>
20.10.2021 21:57:27 [CarCover] Player SonJd (76561198214438271) covered CivilianSedan_Black at <3590.424316, 5.992140, 2190.169434>
20.10.2021 22:23:26 [CarCover] 'CarCover.json' found, loading existing config
20.10.2021 22:57:38 [CarCover] Player Relais (76561198041106524) uncovered OffroadHatchback_White at <2515.927490, 237.640320, 12860.743164>
20.10.2021 22:58:11 [CarCover] Player Relais (76561198041106524) covered OffroadHatchback_White at <2515.923828, 237.562057, 12860.744141>
20.10.2021 23:25:13 [CarCover] Player Relais (76561198041106524) uncovered OffroadHatchback_White at <2515.923828, 237.562057, 12860.744141>
20.10.2021 23:26:04 [CarCover] Player Relais (76561198041106524) covered OffroadHatchback_White at <2515.921631, 237.649338, 12860.744141>
20.10.2021 23:27:51 [CarCover] Player SonJd (76561198214438271) uncovered Sedan_02_Grey at <3580.372803, 5.971627, 2188.441162>
20.10.2021 23:30:44 [CarCover] Player HAUNTxURxDREAMS (76561199166899329) covered Sedan_02 at <2861.394043, 106.930260, 2308.787109>
20.10.2021 23:31:04 [CarCover] Player HAUNTxURxDREAMS (76561199166899329) uncovered Sedan_02 at <2861.394043, 106.930260, 2308.787109>
20.10.2021 23:31:32 [CarCover] Player HAUNTxURxDREAMS (76561199166899329) covered Sedan_02 at <2861.381104, 106.979691, 2308.790283>
20.10.2021 23:32:09 [CarCover] Player SonJd (76561198214438271) uncovered Sedan_02 at <2861.381104, 106.979691, 2308.790283>
20.10.2021 23:33:02 [CarCover] Player Relais (76561198041106524) uncovered OffroadHatchback_White at <2515.921631, 237.649338, 12860.744141>
20.10.2021 23:38:12 [CarCover] Player SonJd (76561198214438271) covered Sedan_02 at <3606.892822, 5.971624, 2178.022217>
20.10.2021 23:40:42 [CarCover] Player SonJd (76561198214438271) covered Sedan_02_Grey at <3580.373291, 5.971625, 2188.441162>
21.10.2021 00:04:39 [CarCover] Player Relais (76561198041106524) covered OffroadHatchback_White at <1873.382202, 253.983383, 11430.722656>
21.10.2021 00:08:53 [CarCover] Player gryptpypethynne (76561198034516213) uncovered OffroadHatchback_White at <1873.382202, 253.983383, 11430.722656>
21.10.2021 02:24:35 [CarCover] 'CarCover.json' found, loading existing config
21.10.2021 03:27:44 [CarCover] Player Relais (76561198041106524) covered Hatchback_02_Blue at <12302.378906, 34.239719, 9051.289063>
21.10.2021 04:38:12 [CarCover] Player silk (76561198968331763) covered OffroadHatchback_White at <6972.188477, 296.856720, 7724.720703>
21.10.2021 04:44:02 [CarCover] Player Relais (76561198041106524) uncovered OffroadHatchback_White at <6972.188477, 296.856720, 7724.720703>
21.10.2021 05:24:51 [CarCover] Player silk (76561198968331763) covered OffroadHatchback_White at <1246.030762, 400.205170, 12638.869141>
21.10.2021 06:25:51 [CarCover] 'CarCover.json' found, loading existing config
21.10.2021 10:27:07 [CarCover] 'CarCover.json' found, loading existing config
21.10.2021 14:28:24 [CarCover] 'CarCover.json' found, loading existing config
21.10.2021 18:29:42 [CarCover] 'CarCover.json' found, loading existing config
21.10.2021 18:51:18 [CarCover] Player o (76561199068832255) uncovered CivilianSedan_Black at <3590.424316, 5.992140, 2190.169434>
21.10.2021 18:51:41 [CarCover] Player o (76561199068832255) uncovered Sedan_02_Grey at <3580.373291, 5.971625, 2188.441162>
21.10.2021 19:23:34 [CarCover] Player TofuTakeout (76561198006651636) uncovered Hatchback_02_Blue at <12302.378906, 34.239719, 9051.289063>
21.10.2021 19:24:51 [CarCover] Player gryptpypethynne (76561198034516213) uncovered OffroadHatchback_White at <1246.030762, 400.205170, 12638.869141>
21.10.2021 20:48:19 [CarCover] Player gryptpypethynne (76561198034516213) covered OffroadHatchback_White at <1285.129517, 394.708801, 12652.731445>
21.10.2021 22:31:22 [CarCover] 'CarCover.json' found, loading existing config
22.10.2021 01:02:38 [CarCover] Player gryptpypethynne (76561198034516213) uncovered OffroadHatchback_White at <1285.129517, 394.708801, 12652.731445>
22.10.2021 01:49:08 [CarCover] Player gryptpypethynne (76561198034516213) covered OffroadHatchback_White at <6575.527344, 387.850800, 8685.626953>
22.10.2021 02:00:07 [CarCover] Player gryptpypethynne (76561198034516213) uncovered OffroadHatchback_White at <6575.527344, 387.850800, 8685.626953>
22.10.2021 02:15:34 [CarCover] Player gryptpypethynne (76561198034516213) covered OffroadHatchback_White at <1276.639160, 394.873016, 12641.327148>
22.10.2021 02:15:48 [CarCover] Player gryptpypethynne (76561198034516213) uncovered OffroadHatchback_White at <1276.639160, 394.873016, 12641.327148>
22.10.2021 02:16:04 [CarCover] Player gryptpypethynne (76561198034516213) covered OffroadHatchback_White at <1276.651001, 394.870483, 12641.328125>
22.10.2021 02:32:41 [CarCover] 'CarCover.json' found, loading existing config
22.10.2021 06:33:58 [CarCover] 'CarCover.json' found, loading existing config
22.10.2021 09:47:47 [CarCover] 'CarCover.json' found, loading existing config
22.10.2021 09:49:41 [CarCover] 'CarCover.json' found, loading existing config
22.10.2021 13:51:00 [CarCover] 'CarCover.json' found, loading existing config
22.10.2021 14:19:57 [CarCover] Player gryptpypethynne (76561198034516213) uncovered OffroadHatchback_White at <1276.651001, 394.870483, 12641.328125>
22.10.2021 15:44:06 [CarCover] Player gryptpypethynne (76561198034516213) covered OffroadHatchback_White at <12128.338867, 81.903740, 5054.129883>
22.10.2021 17:50:49 [CarCover] 'CarCover.json' found, loading existing config
22.10.2021 20:00:12 [CarCover] Player Starving Trouble (76561198033243514) uncovered Hatchback_02_Blue at <6947.625000, 39.063095, 3483.002686>
22.10.2021 20:00:30 [CarCover] Player Starving Trouble (76561198033243514) covered Hatchback_02_Blue at <6947.625000, 39.063126, 3483.002930>
22.10.2021 20:47:44 [CarCover] 'CarCover.json' found, loading existing config
22.10.2021 23:01:45 [CarCover] 'CarCover.json' found, loading existing config
23.10.2021 01:02:48 [CarCover] Player Creepy Joe (76561198045458963) uncovered Sedan_02_Red at <11613.122070, 202.964218, 7271.057617>
23.10.2021 01:03:08 [CarCover] Player Creepy Joe (76561198045458963) covered Sedan_02_Red at <11613.122070, 202.961670, 7271.057617>
23.10.2021 01:03:41 [CarCover] Player Creepy Joe (76561198045458963) uncovered Hatchback_02 at <11609.369141, 203.039291, 7272.378418>
23.10.2021 01:04:19 [CarCover] Player Creepy Joe (76561198045458963) covered Hatchback_02 at <11609.369141, 203.036728, 7272.378418>
23.10.2021 01:08:59 [CarCover] Player gryptpypethynne (76561198034516213) uncovered OffroadHatchback_White at <12128.338867, 81.903740, 5054.129883>
23.10.2021 01:10:11 [CarCover] Player sCiEnCe (76561198060968149) uncovered Truck_01_Covered_Blue at <5279.913086, 267.314880, 14196.688477>
23.10.2021 01:11:14 [CarCover] Player sCiEnCe (76561198060968149) covered Truck_01_Covered_Blue at <5279.913574, 267.314941, 14196.687500>
23.10.2021 01:34:49 [CarCover] Player gryptpypethynne (76561198034516213) covered OffroadHatchback_White at <116.014526, 402.833160, 12475.537109>
23.10.2021 02:04:10 [CarCover] Player sCiEnCe (76561198060968149) uncovered Hatchback_02 at <5301.716797, 270.485718, 14206.773438>
23.10.2021 02:04:22 [CarCover] Player sCiEnCe (76561198060968149) covered Hatchback_02 at <5301.714844, 270.487244, 14206.773438>
23.10.2021 03:03:39 [CarCover] 'CarCover.json' found, loading existing config
23.10.2021 07:04:55 [CarCover] 'CarCover.json' found, loading existing config
23.10.2021 11:06:14 [CarCover] 'CarCover.json' found, loading existing config
23.10.2021 13:05:50 [CarCover] Player Zack (76561198046475450) covered OffroadHatchback_Blue at <5202.217773, 478.255829, 14967.172852>
23.10.2021 15:06:59 [CarCover] 'CarCover.json' found, loading existing config
23.10.2021 16:02:57 [CarCover] Player SonJd (76561198214438271) uncovered CivilianSedan_Black at <6522.605469, 385.928345, 5583.270996>
23.10.2021 17:38:21 [CarCover] Player SonJd (76561198214438271) uncovered Sedan_02 at <3606.892822, 5.971624, 2178.022217>
23.10.2021 17:38:51 [CarCover] Player HAUNTxURxDREAMS (76561199166899329) covered Sedan_02 at <3609.253906, 5.971610, 2181.313232>
23.10.2021 17:38:55 [CarCover] Player SonJd (76561198214438271) covered Sedan_02 at <3606.892822, 5.971634, 2178.022217>
23.10.2021 17:39:19 [CarCover] Player HAUNTxURxDREAMS (76561199166899329) covered CivilianSedan_Black at <3604.786377, 5.992122, 2170.310059>
23.10.2021 19:08:58 [CarCover] 'CarCover.json' found, loading existing config
23.10.2021 21:09:56 [CarCover] 'CarCover.json' found, loading existing config
23.10.2021 23:16:46 [CarCover] 'CarCover.json' found, loading existing config
24.10.2021 01:17:48 [CarCover] 'CarCover.json' found, loading existing config
24.10.2021 03:18:44 [CarCover] 'CarCover.json' found, loading existing config
24.10.2021 05:19:37 [CarCover] 'CarCover.json' found, loading existing config
24.10.2021 07:20:28 [CarCover] 'CarCover.json' found, loading existing config
24.10.2021 09:21:19 [CarCover] 'CarCover.json' found, loading existing config
24.10.2021 11:22:13 [CarCover] 'CarCover.json' found, loading existing config
24.10.2021 13:23:08 [CarCover] 'CarCover.json' found, loading existing config
24.10.2021 14:38:37 [CarCover] Player HAUNTxURxDREAMS (76561199166899329) uncovered Sedan_02 at <3609.253906, 5.971610, 2181.313232>
24.10.2021 14:38:49 [CarCover] Player HAUNTxURxDREAMS (76561199166899329) covered Sedan_02 at <3609.253906, 5.971605, 2181.313232>
24.10.2021 14:39:05 [CarCover] Player HAUNTxURxDREAMS (76561199166899329) uncovered Sedan_02 at <3606.892822, 5.971634, 2178.022217>
24.10.2021 14:40:22 [CarCover] Player HAUNTxURxDREAMS (76561199166899329) covered Sedan_02 at <3606.892822, 5.971623, 2178.022217>
24.10.2021 15:24:01 [CarCover] 'CarCover.json' found, loading existing config
24.10.2021 17:25:01 [CarCover] 'CarCover.json' found, loading existing config
24.10.2021 18:36:15 [CarCover] Player SonJd (76561198214438271) uncovered Sedan_02 at <3606.892822, 5.971623, 2178.022217>
24.10.2021 18:36:26 [CarCover] Player SonJd (76561198214438271) covered Sedan_02 at <3606.892822, 5.971626, 2178.022217>
24.10.2021 19:26:08 [CarCover] 'CarCover.json' found, loading existing config
24.10.2021 20:33:32 [CarCover] Player HAUNTxURxDREAMS (76561199166899329) uncovered Sedan_02 at <3606.892822, 5.971626, 2178.022217>
24.10.2021 20:35:31 [CarCover] Player HAUNTxURxDREAMS (76561199166899329) covered Sedan_02 at <3606.892822, 5.971622, 2178.022217>
24.10.2021 21:27:26 [CarCover] 'CarCover.json' found, loading existing config
24.10.2021 22:14:30 [CarCover] Player HAUNTxURxDREAMS (76561199166899329) uncovered Sedan_02 at <3606.892822, 5.971622, 2178.022217>
24.10.2021 22:14:55 [CarCover] Player HAUNTxURxDREAMS (76561199166899329) covered Sedan_02 at <3606.892822, 5.971623, 2178.022217>
24.10.2021 23:33:13 [CarCover] Player HAUNTxURxDREAMS (76561199166899329) uncovered Sedan_02 at <3606.892822, 5.971623, 2178.022217>
24.10.2021 23:42:58 [CarCover] Player HAUNTxURxDREAMS (76561199166899329) covered Sedan_02 at <3578.879395, 6.610139, 2157.860840>
24.10.2021 23:43:20 [CarCover] Player HAUNTxURxDREAMS (76561199166899329) uncovered Sedan_02 at <3609.253906, 5.971605, 2181.313232>
24.10.2021 23:45:18 [CarCover] Player HAUNTxURxDREAMS (76561199166899329) uncovered Sedan_02 at <3578.879395, 6.610139, 2157.860840>
24.10.2021 23:50:05 [CarCover] Player HAUNTxURxDREAMS (76561199166899329) covered Sedan_02 at <3588.141357, 6.610129, 2161.877930>
24.10.2021 23:50:23 [CarCover] Player HAUNTxURxDREAMS (76561199166899329) covered Sedan_02 at <3579.757813, 6.610130, 2158.373779>
24.10.2021 23:50:54 [CarCover] Player HAUNTxURxDREAMS (76561199166899329) uncovered CivilianSedan_Black at <3604.786377, 5.992122, 2170.310059>
24.10.2021 23:51:21 [CarCover] Player HAUNTxURxDREAMS (76561199166899329) covered CivilianSedan_Black at <3604.786377, 5.992127, 2170.310059>
24.10.2021 23:59:09 [CarCover] 'CarCover.json' found, loading existing config
25.10.2021 02:30:18 [CarCover] 'CarCover.json' found, loading existing config
25.10.2021 05:01:05 [CarCover] 'CarCover.json' found, loading existing config
25.10.2021 05:24:03 [CarCover] Player sCiEnCe (76561198060968149) uncovered Truck_01_Covered_Blue at <5279.913574, 267.314941, 14196.687500>
25.10.2021 05:24:55 [CarCover] Player sCiEnCe (76561198060968149) covered Truck_01_Covered_Blue at <5279.913574, 267.314697, 14196.687500>
25.10.2021 07:31:52 [CarCover] 'CarCover.json' found, loading existing config
25.10.2021 10:02:40 [CarCover] 'CarCover.json' found, loading existing config
25.10.2021 10:28:25 [CarCover] 'CarCover.json' found, loading existing config
25.10.2021 12:20:13 [CarCover] 'CarCover.json' found, loading existing config
25.10.2021 15:09:49 [CarCover] 'CarCover.json' found, loading existing config
